#
# A fatal error has been detected by the Java Runtime Environment:
#
#  SIGSEGV (0xb) at pc=0x00007f646cdd2793, pid=5849, tid=140067797915392
#
# JRE version: Java(TM) SE Runtime Environment (8.0_40-b26) (build 1.8.0_40-b26)
# Java VM: Java HotSpot(TM) 64-Bit Server VM (25.40-b25 mixed mode linux-amd64 compressed oops)
# Problematic frame:
# C  [libstdc++.so.6+0x93793]  std::basic_ostream<char, std::char_traits<char> >& std::operator<< <char, std::char_traits<char>, std::allocator<char> >(std::basic_ostream<char, std::char_traits<char> >&, std::basic_string<char, std::char_traits<char>, std::allocator<char> > const&)+0x3
#
# Failed to write core dump. Core dumps have been disabled. To enable core dumping, try "ulimit -c unlimited" before starting Java again
#
# If you would like to submit a bug report, please visit:
#   http://bugreport.java.com/bugreport/crash.jsp
# The crash happened outside the Java Virtual Machine in native code.
# See problematic frame for where to report the bug.
#

---------------  T H R E A D  ---------------

Current thread (0x00007f64a444b800):  JavaThread "JavaFX Application Thread" [_thread_in_native, id=5882, stack(0x00007f641346d000,0x00007f641356e000)]

siginfo: si_signo: 11 (SIGSEGV), si_code: 1 (SEGV_MAPERR), si_addr: 0xffffffffffffffee

Registers:
RAX=0x00007f646d040700, RBX=0x00007f6490d58cd0, RCX=0xffffffffffffffff, RDX=0x0000000000000008
RSP=0x00007f641356adb8, RBP=0x00007f641356adf0, RSI=0x0000000000000006, RDI=0x00007f646d040700
R8 =0x00000000ffffffff, R9 =0x00007f641356d700, R10=0x00007f641356ab60, R11=0x00007f646cdd2790
R12=0x0000000000000000, R13=0x00007f6490d58cd0, R14=0x00007f641356ae88, R15=0x00007f64a444b800
RIP=0x00007f646cdd2793, EFLAGS=0x0000000000010206, CSGSFS=0x0000000000000033, ERR=0x0000000000000005
  TRAPNO=0x000000000000000e

Top of Stack: (sp=0x00007f641356adb8)
0x00007f641356adb8:   00007f6412efeeb2 00007f641356ae00
0x00007f641356adc8:   00007f63fc35d470 00007f641356ae88
0x00007f641356add8:   00007f64a444b9f8 00007f63fc35d470
0x00007f641356ade8:   00007f63fc35d470 00007f641356ae58
0x00007f641356adf8:   00007f6493ca4e84 00007f641356ae58
0x00007f641356ae08:   00007f6493ca4947 00007f6493ca4902
0x00007f641356ae18:   00007f641356ae18 00007f6490d58cd0
0x00007f641356ae28:   00007f641356ae88 00007f6490d594f0
0x00007f641356ae38:   0000000000000000 00007f6490d58cd0
0x00007f641356ae48:   0000000000000000 00007f641356ae78
0x00007f641356ae58:   00007f641356aed0 00007f6493c8fccd
0x00007f641356ae68:   0000000000000000 00007f6493c9b7d8
0x00007f641356ae78:   00007f63fc35d470 00000006ec9017a8
0x00007f641356ae88:   00000006ec9017a8 00007f641356ae90
0x00007f641356ae98:   00007f6490d5903d 00007f641356aee0
0x00007f641356aea8:   00007f6490d594f0 0000000000000000
0x00007f641356aeb8:   00007f6490d59058 00007f641356ae78
0x00007f641356aec8:   00007f641356aee0 00007f641356af28
0x00007f641356aed8:   00007f6493c8fccd 00000006ec9017a8
0x00007f641356aee8:   00007f641356aee8 00007f6490b696e8
0x00007f641356aef8:   00007f641356af78 00007f6490b69900
0x00007f641356af08:   0000000000000000 00007f6490b697d8
0x00007f641356af18:   00007f641356aee0 00007f641356af70
0x00007f641356af28:   00007f641356afc0 00007f6493c8fccd
0x00007f641356af38:   0000000000000000 0000000000000000
0x00007f641356af48:   0000000000000000 0000000000000000
0x00007f641356af58:   0000000000000000 00000006ec909b68
0x00007f641356af68:   00000006ec9017a8 00000006ec5211f8
0x00007f641356af78:   00000006ec4bfc10 00007f641356af80
0x00007f641356af88:   00007f6490b7052c 00007f641356afe0
0x00007f641356af98:   00007f6490b72eb0 0000000000000000
0x00007f641356afa8:   00007f6490b70560 00007f641356af70 

Instructions: (pc=0x00007f646cdd2793)
0x00007f646cdd2773:   fc ff 85 c0 0f 95 c0 48 83 c4 08 0f b6 c0 f7 d8
0x00007f646cdd2783:   c3 66 2e 0f 1f 84 00 00 00 00 00 66 90 48 8b 36
0x00007f646cdd2793:   48 8b 56 e8 e9 e4 6d fc ff 0f 1f 40 00 41 54 55
0x00007f646cdd27a3:   48 89 fd 53 48 8b 07 48 8b 40 e8 48 8b 9c 07 f0 

Register to memory mapping:

RAX=0x00007f646d040700: _ZSt4cout+0 in /usr/lib/x86_64-linux-gnu/libstdc++.so.6 at 0x00007f646cd3f000
RBX={method} {0x00007f6490d58cd0} 'closeConnexion' '(J)V' in 'fr/ird/voxelidar/voxelisation/extraction/tls/RxpExtraction'
RCX=0xffffffffffffffff is an unknown value
RDX=0x0000000000000008 is an unknown value
RSP=0x00007f641356adb8 is pointing into the stack for thread: 0x00007f64a444b800
RBP=0x00007f641356adf0 is pointing into the stack for thread: 0x00007f64a444b800
RSI=0x0000000000000006 is an unknown value
RDI=0x00007f646d040700: _ZSt4cout+0 in /usr/lib/x86_64-linux-gnu/libstdc++.so.6 at 0x00007f646cd3f000
R8 =0x00000000ffffffff is an unknown value
R9 =0x00007f641356d700 is pointing into the stack for thread: 0x00007f64a444b800
R10=0x00007f641356ab60 is pointing into the stack for thread: 0x00007f64a444b800
R11=0x00007f646cdd2790: _ZStlsIcSt11char_traitsIcESaIcEERSt13basic_ostreamIT_T0_ES7_RKSbIS4_S5_T1_E+0 in /usr/lib/x86_64-linux-gnu/libstdc++.so.6 at 0x00007f646cd3f000
R12=0x0000000000000000 is an unknown value
R13={method} {0x00007f6490d58cd0} 'closeConnexion' '(J)V' in 'fr/ird/voxelidar/voxelisation/extraction/tls/RxpExtraction'
R14=0x00007f641356ae88 is pointing into the stack for thread: 0x00007f64a444b800
R15=0x00007f64a444b800 is a thread


Stack: [0x00007f641346d000,0x00007f641356e000],  sp=0x00007f641356adb8,  free space=1015k
Native frames: (J=compiled Java code, j=interpreted, Vv=VM code, C=native code)
C  [libstdc++.so.6+0x93793]  std::basic_ostream<char, std::char_traits<char> >& std::operator<< <char, std::char_traits<char>, std::allocator<char> >(std::basic_ostream<char, std::char_traits<char> >&, std::basic_string<char, std::char_traits<char>, std::allocator<char> > const&)+0x3
j  fr.ird.voxelidar.voxelisation.extraction.tls.RxpExtraction.closeConnexion(J)V+0
j  fr.ird.voxelidar.voxelisation.extraction.tls.RxpExtraction.close()V+5
j  fr.ird.voxelidar.FXPrincipal.start(Ljavafx/stage/Stage;)V+56
j  com.sun.javafx.application.LauncherImpl.lambda$launchApplication1$159(Ljava/util/concurrent/atomic/AtomicBoolean;Ljavafx/application/Application;)V+20
j  com.sun.javafx.application.LauncherImpl$$Lambda$58.run()V+8
j  com.sun.javafx.application.PlatformImpl.lambda$runAndWait$172(Ljava/lang/Runnable;Ljava/util/concurrent/CountDownLatch;)V+1
j  com.sun.javafx.application.PlatformImpl$$Lambda$50.run()V+8
j  com.sun.javafx.application.PlatformImpl.lambda$null$170(Ljava/lang/Runnable;)Ljava/lang/Void;+1
j  com.sun.javafx.application.PlatformImpl$$Lambda$53.run()Ljava/lang/Object;+4
v  ~StubRoutines::call_stub
V  [libjvm.so+0x681a56]  JavaCalls::call_helper(JavaValue*, methodHandle*, JavaCallArguments*, Thread*)+0x1056
V  [libjvm.so+0x71980c]  JVM_DoPrivileged+0x27c
j  java.security.AccessController.doPrivileged(Ljava/security/PrivilegedAction;Ljava/security/AccessControlContext;)Ljava/lang/Object;+0
j  com.sun.javafx.application.PlatformImpl.lambda$runLater$171(Ljava/lang/Runnable;Ljava/security/AccessControlContext;)V+7
j  com.sun.javafx.application.PlatformImpl$$Lambda$52.run()V+8
j  com.sun.glass.ui.InvokeLaterDispatcher$Future.run()V+4
v  ~StubRoutines::call_stub
V  [libjvm.so+0x681a56]  JavaCalls::call_helper(JavaValue*, methodHandle*, JavaCallArguments*, Thread*)+0x1056
V  [libjvm.so+0x6c435b]  jni_invoke_nonstatic(JNIEnv_*, JavaValue*, _jobject*, JNICallType, _jmethodID*, JNI_ArgumentPusher*, Thread*)+0x41b
V  [libjvm.so+0x6c871f]  jni_CallVoidMethodV+0x10f
C  [libglass.so+0x1b798]  JNIEnv_::CallVoidMethod(_jobject*, _jmethodID*, ...)+0x98
C  [libglass.so+0x25144]  call_runnable(void*)+0x34
C  [libgdk-x11-2.0.so.0+0x1dcf7]

Java frames: (J=compiled Java code, j=interpreted, Vv=VM code)
j  fr.ird.voxelidar.voxelisation.extraction.tls.RxpExtraction.closeConnexion(J)V+0
j  fr.ird.voxelidar.voxelisation.extraction.tls.RxpExtraction.close()V+5
j  fr.ird.voxelidar.FXPrincipal.start(Ljavafx/stage/Stage;)V+56
j  com.sun.javafx.application.LauncherImpl.lambda$launchApplication1$159(Ljava/util/concurrent/atomic/AtomicBoolean;Ljavafx/application/Application;)V+20
j  com.sun.javafx.application.LauncherImpl$$Lambda$58.run()V+8
j  com.sun.javafx.application.PlatformImpl.lambda$runAndWait$172(Ljava/lang/Runnable;Ljava/util/concurrent/CountDownLatch;)V+1
j  com.sun.javafx.application.PlatformImpl$$Lambda$50.run()V+8
j  com.sun.javafx.application.PlatformImpl.lambda$null$170(Ljava/lang/Runnable;)Ljava/lang/Void;+1
j  com.sun.javafx.application.PlatformImpl$$Lambda$53.run()Ljava/lang/Object;+4
v  ~StubRoutines::call_stub
j  java.security.AccessController.doPrivileged(Ljava/security/PrivilegedAction;Ljava/security/AccessControlContext;)Ljava/lang/Object;+0
j  com.sun.javafx.application.PlatformImpl.lambda$runLater$171(Ljava/lang/Runnable;Ljava/security/AccessControlContext;)V+7
j  com.sun.javafx.application.PlatformImpl$$Lambda$52.run()V+8
j  com.sun.glass.ui.InvokeLaterDispatcher$Future.run()V+4
v  ~StubRoutines::call_stub
j  com.sun.glass.ui.gtk.GtkApplication._runLoop(Ljava/lang/Runnable;Z)V+0
j  com.sun.glass.ui.gtk.GtkApplication.lambda$null$48(Ljava/lang/Runnable;Z)V+7
j  com.sun.glass.ui.gtk.GtkApplication$$Lambda$41.run()V+12
j  java.lang.Thread.run()V+11
v  ~StubRoutines::call_stub

---------------  P R O C E S S  ---------------

Java Threads: ( => current thread )
  0x00007f64a4450000 JavaThread "JavaFX-Launcher" [_thread_blocked, id=5883, stack(0x00007f641326c000,0x00007f641336d000)]
=>0x00007f64a444b800 JavaThread "JavaFX Application Thread" [_thread_in_native, id=5882, stack(0x00007f641346d000,0x00007f641356e000)]
  0x00007f64a4447800 JavaThread "Thread-1" daemon [_thread_blocked, id=5881, stack(0x00007f641356e000,0x00007f641366f000)]
  0x00007f64a4383000 JavaThread "QuantumRenderer-0" daemon [_thread_blocked, id=5878, stack(0x00007f6480442000,0x00007f6480543000)]
  0x00007f64a422e000 JavaThread "Service Thread" daemon [_thread_blocked, id=5876, stack(0x00007f64806d9000,0x00007f64807da000)]
  0x00007f64a4220800 JavaThread "C1 CompilerThread3" daemon [_thread_blocked, id=5875, stack(0x00007f64807da000,0x00007f64808db000)]
  0x00007f64a421e800 JavaThread "C2 CompilerThread2" daemon [_thread_blocked, id=5874, stack(0x00007f64808db000,0x00007f64809dc000)]
  0x00007f64a421c800 JavaThread "C2 CompilerThread1" daemon [_thread_blocked, id=5873, stack(0x00007f64809dc000,0x00007f6480add000)]
  0x00007f64a4219800 JavaThread "C2 CompilerThread0" daemon [_thread_blocked, id=5872, stack(0x00007f6480add000,0x00007f6480bde000)]
  0x00007f643c001000 JavaThread "JDWP Command Reader" daemon [_thread_in_native, id=5870, stack(0x00007f6480bde000,0x00007f6480cdf000)]
  0x00007f64a4217800 JavaThread "JDWP Event Helper Thread" daemon [_thread_blocked, id=5868, stack(0x00007f6480cdf000,0x00007f6480de0000)]
  0x00007f64a4214000 JavaThread "JDWP Transport Listener: dt_socket" daemon [_thread_blocked, id=5866, stack(0x00007f6480de0000,0x00007f6480ee1000)]
  0x00007f64a4208000 JavaThread "Signal Dispatcher" daemon [_thread_blocked, id=5865, stack(0x00007f64810e5000,0x00007f64811e6000)]
  0x00007f64a41d0800 JavaThread "Finalizer" daemon [_thread_blocked, id=5864, stack(0x00007f64811e6000,0x00007f64812e7000)]
  0x00007f64a41ce800 JavaThread "Reference Handler" daemon [_thread_blocked, id=5863, stack(0x00007f64812e7000,0x00007f64813e8000)]
  0x00007f64a400c000 JavaThread "main" [_thread_blocked, id=5853, stack(0x00007f64aa626000,0x00007f64aa727000)]

Other Threads:
  0x00007f64a41c9800 VMThread [stack: 0x00007f64813e8000,0x00007f64814e9000] [id=5862]
  0x00007f64a4230800 WatcherThread [stack: 0x00007f64805d8000,0x00007f64806d9000] [id=5877]

VM state:not at safepoint (normal execution)

VM Mutex/Monitor currently owned by a thread: None

Heap:
 PSYoungGen      total 300544K, used 41288K [0x00000006eab00000, 0x00000006ffa00000, 0x00000007c0000000)
  eden space 258048K, 16% used [0x00000006eab00000,0x00000006ed352090,0x00000006fa700000)
  from space 42496K, 0% used [0x00000006fd080000,0x00000006fd080000,0x00000006ffa00000)
  to   space 42496K, 0% used [0x00000006fa700000,0x00000006fa700000,0x00000006fd080000)
 ParOldGen       total 687104K, used 0K [0x0000000540000000, 0x0000000569f00000, 0x00000006eab00000)
  object space 687104K, 0% used [0x0000000540000000,0x0000000540000000,0x0000000569f00000)
 Metaspace       used 8240K, capacity 8582K, committed 8832K, reserved 1056768K
  class space    used 1006K, capacity 1133K, committed 1152K, reserved 1048576K

Card table byte_map: [0x00007f64924c7000,0x00007f64938c8000] byte_map_base: 0x00007f648fac7000

Marking Bits: (ParMarkBitMap*) 0x00007f64a9b046c0
 Begin Bits: [0x00007f6454000000, 0x00007f645e000000)
 End Bits:   [0x00007f645e000000, 0x00007f6468000000)

Polling page: 0x00007f64aa74d000

CodeCache: size=245760Kb used=2470Kb max_used=2470Kb free=243289Kb
 bounds [0x00007f6493c88000, 0x00007f6493ef8000, 0x00007f64a2c88000]
 total_blobs=1012 nmethods=589 adapters=345
 compilation: enabled

Compilation events (10 events):
Event: 0,612 Thread 0x00007f64a4220800  585       3       java.util.zip.InflaterInputStream::ensureOpen (18 bytes)
Event: 0,612 Thread 0x00007f64a4220800 nmethod 585 0x00007f6493eeaa10 code [0x00007f6493eeaba0, 0x00007f6493eeae08]
Event: 0,617 Thread 0x00007f64a4220800  586       3       java.util.Arrays::copyOf (13 bytes)
Event: 0,617 Thread 0x00007f64a4220800 nmethod 586 0x00007f6493eee8d0 code [0x00007f6493eeea40, 0x00007f6493eeec68]
Event: 0,620 Thread 0x00007f64a4220800  587       3       java.nio.Buffer::position (43 bytes)
Event: 0,620 Thread 0x00007f64a4220800 nmethod 587 0x00007f6493eeed50 code [0x00007f6493eeeee0, 0x00007f6493eef1a8]
Event: 0,620 Thread 0x00007f64a4220800  588       3       java.lang.String::getBytes (27 bytes)
Event: 0,621 Thread 0x00007f64a4220800 nmethod 588 0x00007f6493eef290 code [0x00007f6493eef420, 0x00007f6493eef6b8]
Event: 0,621 Thread 0x00007f64a4220800  589   !   3       java.lang.StringCoding::encode (120 bytes)
Event: 0,625 Thread 0x00007f64a4220800 nmethod 589 0x00007f6493eef810 code [0x00007f6493eefb60, 0x00007f6493ef15f8]

GC Heap History (0 events):
No events

Deoptimization events (2 events):
Event: 0,488 Thread 0x00007f64a444b800 Uncommon trap: reason=unstable_if action=reinterpret pc=0x00007f6493e3f9f8 method=java.lang.String.replace(CC)Ljava/lang/String; @ 2
Event: 0,508 Thread 0x00007f64a444b800 Uncommon trap: reason=unstable_if action=reinterpret pc=0x00007f6493e70db0 method=java.lang.String.indexOf([CII[CIII)I @ 134

Internal exceptions (10 events):
Event: 0,569 Thread 0x00007f64a444b800 Exception <a 'java/lang/ClassNotFoundException': org/apache/log4j/RollingFileAppenderBeanInfo> (0x00000006ec7f4010) thrown at [/HUDSON/workspace/8-2-build-linux-amd64/jdk8u40/3098/hotspot/src/share/vm/classfile/systemDictionary.cpp, line 210]
Event: 0,570 Thread 0x00007f64a444b800 Exception <a 'java/lang/ClassNotFoundException': org/apache/log4j/FileAppenderBeanInfo> (0x00000006ec7fc938) thrown at [/HUDSON/workspace/8-2-build-linux-amd64/jdk8u40/3098/hotspot/src/share/vm/classfile/systemDictionary.cpp, line 210]
Event: 0,570 Thread 0x00007f64a444b800 Exception <a 'java/lang/ClassNotFoundException': org/apache/log4j/WriterAppenderBeanInfo> (0x00000006ec805520) thrown at [/HUDSON/workspace/8-2-build-linux-amd64/jdk8u40/3098/hotspot/src/share/vm/classfile/systemDictionary.cpp, line 210]
Event: 0,571 Thread 0x00007f64a444b800 Exception <a 'java/lang/ClassNotFoundException': org/apache/log4j/AppenderSkeletonBeanInfo> (0x00000006ec80e438) thrown at [/HUDSON/workspace/8-2-build-linux-amd64/jdk8u40/3098/hotspot/src/share/vm/classfile/systemDictionary.cpp, line 210]
Event: 0,571 Thread 0x00007f64a444b800 Exception <a 'java/lang/ClassNotFoundException': org/apache/log4j/AppenderSkeletonCustomizer> (0x00000006ec817ad8) thrown at [/HUDSON/workspace/8-2-build-linux-amd64/jdk8u40/3098/hotspot/src/share/vm/classfile/systemDictionary.cpp, line 210]
Event: 0,574 Thread 0x00007f64a444b800 Exception <a 'java/lang/ClassNotFoundException': org/apache/log4j/WriterAppenderCustomizer> (0x00000006ec835090) thrown at [/HUDSON/workspace/8-2-build-linux-amd64/jdk8u40/3098/hotspot/src/share/vm/classfile/systemDictionary.cpp, line 210]
Event: 0,576 Thread 0x00007f64a444b800 Exception <a 'java/lang/ClassNotFoundException': org/apache/log4j/FileAppenderCustomizer> (0x00000006ec84a2f8) thrown at [/HUDSON/workspace/8-2-build-linux-amd64/jdk8u40/3098/hotspot/src/share/vm/classfile/systemDictionary.cpp, line 210]
Event: 0,578 Thread 0x00007f64a444b800 Exception <a 'java/lang/ClassNotFoundException': org/apache/log4j/RollingFileAppenderCustomizer> (0x00000006ec860740) thrown at [/HUDSON/workspace/8-2-build-linux-amd64/jdk8u40/3098/hotspot/src/share/vm/classfile/systemDictionary.cpp, line 210]
Event: 0,584 Thread 0x00007f64a444b800 Exception <a 'java/lang/ClassNotFoundException': org/apache/log4j/ConsoleAppenderBeanInfo> (0x00000006ec898770) thrown at [/HUDSON/workspace/8-2-build-linux-amd64/jdk8u40/3098/hotspot/src/share/vm/classfile/systemDictionary.cpp, line 210]
Event: 0,584 Thread 0x00007f64a444b800 Exception <a 'java/lang/ClassNotFoundException': org/apache/log4j/ConsoleAppenderCustomizer> (0x00000006ec8a15e8) thrown at [/HUDSON/workspace/8-2-build-linux-amd64/jdk8u40/3098/hotspot/src/share/vm/classfile/systemDictionary.cpp, line 210]

Events (10 events):
Event: 0,639 Thread 0x00007f64a444b800 DEOPT PACKING pc=0x00007f6493e0ef74 sp=0x00007f6413569df0
Event: 0,639 Thread 0x00007f64a444b800 DEOPT UNPACKING pc=0x00007f6493ccf633 sp=0x00007f6413569c30 mode 1
Event: 0,642 Executing VM operation: ChangeBreakpoints
Event: 0,642 Executing VM operation: ChangeBreakpoints done
Event: 0,653 loading class com/sun/javafx/WeakReferenceQueue$1
Event: 0,653 loading class com/sun/javafx/WeakReferenceQueue$1 done
Event: 4,094 Executing VM operation: EnableBiasedLocking
Event: 4,094 Executing VM operation: EnableBiasedLocking done
Event: 9,433 Executing VM operation: GetOrSetLocal
Event: 9,434 Executing VM operation: GetOrSetLocal done


Dynamic libraries:
00400000-00401000 r-xp 00000000 08:03 107611431                          /home/calcul/Téléchargements/jdk1.8.0_40/jre/bin/java
00600000-00601000 rw-p 00000000 08:03 107611431                          /home/calcul/Téléchargements/jdk1.8.0_40/jre/bin/java
00dca000-00deb000 rw-p 00000000 00:00 0                                  [heap]
540000000-569f00000 rw-p 00000000 00:00 0 
569f00000-6eab00000 ---p 00000000 00:00 0 
6eab00000-6ffa00000 rw-p 00000000 00:00 0 
6ffa00000-7c0000000 ---p 00000000 00:00 0 
7c0000000-7c0120000 rw-p 00000000 00:00 0 
7c0120000-800000000 ---p 00000000 00:00 0 
7f63fc000000-7f63fc622000 rw-p 00000000 00:00 0 
7f63fc622000-7f6400000000 ---p 00000000 00:00 0 
7f6400000000-7f6400021000 rw-p 00000000 00:00 0 
7f6400021000-7f6404000000 ---p 00000000 00:00 0 
7f6404000000-7f6404022000 rw-p 00000000 00:00 0 
7f6404022000-7f6408000000 ---p 00000000 00:00 0 
7f6408000000-7f6408021000 rw-p 00000000 00:00 0 
7f6408021000-7f640c000000 ---p 00000000 00:00 0 
7f640c000000-7f640c021000 rw-p 00000000 00:00 0 
7f640c021000-7f6410000000 ---p 00000000 00:00 0 
7f6412eab000-7f6412eaf000 rw-p 00000000 00:00 0 
7f6412eaf000-7f6412fc2000 r-xp 00000000 08:01 131104                     /tmp/RivLibLibraryV2-6123771889378526119.tmp
7f6412fc2000-7f64131c2000 ---p 00113000 08:01 131104                     /tmp/RivLibLibraryV2-6123771889378526119.tmp
7f64131c2000-7f64131cb000 r--p 00113000 08:01 131104                     /tmp/RivLibLibraryV2-6123771889378526119.tmp
7f64131cb000-7f64131cd000 rw-p 0011c000 08:01 131104                     /tmp/RivLibLibraryV2-6123771889378526119.tmp
7f64131cd000-7f64131ce000 rw-p 00000000 00:00 0 
7f64131ce000-7f64131d3000 r--s 00094000 08:03 107611371                  /home/calcul/Téléchargements/jdk1.8.0_40/jre/lib/jsse.jar
7f64131d3000-7f64131ef000 r--s 00393000 08:03 107611383                  /home/calcul/Téléchargements/jdk1.8.0_40/jre/lib/ext/cldrdata.jar
7f64131ef000-7f64131fa000 r--s 00116000 08:03 107611377                  /home/calcul/Téléchargements/jdk1.8.0_40/jre/lib/ext/localedata.jar
7f64131fa000-7f64131fd000 r--s 00022000 08:03 111940158                  /home/calcul/Documents/Julien/VoxeLidar/trunk/VoxeLidarGUIFX/target/release/lib/openjfx-dialogs-1.0.2.jar
7f64131fd000-7f641320f000 r--s 000d8000 08:03 111940181                  /home/calcul/Documents/Julien/VoxeLidar/trunk/VoxeLidarGUIFX/target/release/lib/controlsfx-8.20.8.jar
7f641320f000-7f6413215000 r--s 0004b000 08:03 111940170                  /home/calcul/Documents/Julien/VoxeLidar/trunk/VoxeLidarGUIFX/target/release/lib/jcommon-1.0.23.jar
7f6413215000-7f6413226000 r--s 0016e000 08:03 111940157                  /home/calcul/Documents/Julien/VoxeLidar/trunk/VoxeLidarGUIFX/target/release/lib/jfreechart-1.0.19.jar
7f6413226000-7f6413227000 r--s 0001c000 08:03 111940184                  /home/calcul/Documents/Julien/VoxeLidar/trunk/VoxeLidarGUIFX/target/release/lib/swing-layout-1.0.3.jar
7f6413227000-7f6413236000 r--s 000ab000 08:03 111940179                  /home/calcul/Documents/Julien/VoxeLidar/trunk/VoxeLidarGUIFX/target/release/lib/commons-math-2.0.jar
7f6413236000-7f6413238000 r--s 00045000 08:03 111940163                  /home/calcul/Documents/Julien/VoxeLidar/trunk/VoxeLidarGUIFX/target/release/lib/vecmath-1.3.1.jar
7f6413238000-7f6413241000 r--s 0006f000 08:03 111940162                  /home/calcul/Documents/Julien/VoxeLidar/trunk/VoxeLidarGUIFX/target/release/lib/log4j-1.2.17.jar
7f6413241000-7f6413247000 r--s 00044000 08:03 111940177                  /home/calcul/Documents/Julien/VoxeLidar/trunk/VoxeLidarGUIFX/target/release/lib/jdom2-2.0.5.jar
7f6413247000-7f641325b000 r--s 000d1000 08:03 111940183                  /home/calcul/Documents/Julien/VoxeLidar/trunk/VoxeLidarGUIFX/target/release/lib/guava-r05.jar
7f641325b000-7f641325e000 r--s 00013000 08:03 111940189                  /home/calcul/Documents/Julien/VoxeLidar/trunk/VoxeLidarGUIFX/target/release/lib/commons-io-1.3.2.jar
7f641325e000-7f641326c000 r--s 0007f000 08:03 111940167                  /home/calcul/Documents/Julien/VoxeLidar/trunk/VoxeLidarGUIFX/target/release/lib/commons-collections-3.2.1.jar
7f641326c000-7f641326f000 ---p 00000000 00:00 0 
7f641326f000-7f641336d000 rw-p 00000000 00:00 0                          [stack:5883]
7f641336d000-7f64133ed000 rw-s 12b9d7000 00:05 267                       /dev/dri/card0
7f64133ed000-7f641346d000 rw-s 12b120000 00:05 267                       /dev/dri/card0
7f641346d000-7f6413470000 ---p 00000000 00:00 0 
7f6413470000-7f641356e000 rw-p 00000000 00:00 0                          [stack:5882]
7f641356e000-7f6413571000 ---p 00000000 00:00 0 
7f6413571000-7f641366f000 rw-p 00000000 00:00 0                          [stack:5881]
7f641366f000-7f6413670000 ---p 00000000 00:00 0 
7f6413670000-7f6413e70000 rw-p 00000000 00:00 0                          [stack:5880]
7f6413e70000-7f6413e71000 ---p 00000000 00:00 0 
7f6413e71000-7f6414671000 rw-p 00000000 00:00 0                          [stack:5879]
7f6414671000-7f641467c000 r-xp 00000000 08:01 656478                     /usr/lib/x86_64-linux-gnu/gio/modules/libdconfsettings.so
7f641467c000-7f641487b000 ---p 0000b000 08:01 656478                     /usr/lib/x86_64-linux-gnu/gio/modules/libdconfsettings.so
7f641487b000-7f641487c000 r--p 0000a000 08:01 656478                     /usr/lib/x86_64-linux-gnu/gio/modules/libdconfsettings.so
7f641487c000-7f641487d000 rw-p 0000b000 08:01 656478                     /usr/lib/x86_64-linux-gnu/gio/modules/libdconfsettings.so
7f641487d000-7f6414884000 r-xp 00000000 08:01 270532                     /usr/lib/x86_64-linux-gnu/libogg.so.0.8.1
7f6414884000-7f6414a84000 ---p 00007000 08:01 270532                     /usr/lib/x86_64-linux-gnu/libogg.so.0.8.1
7f6414a84000-7f6414a85000 r--p 00007000 08:01 270532                     /usr/lib/x86_64-linux-gnu/libogg.so.0.8.1
7f6414a85000-7f6414a86000 rw-p 00008000 08:01 270532                     /usr/lib/x86_64-linux-gnu/libogg.so.0.8.1
7f6414a86000-7f6414ab1000 r-xp 00000000 08:01 270763                     /usr/lib/x86_64-linux-gnu/libvorbis.so.0.4.5
7f6414ab1000-7f6414cb1000 ---p 0002b000 08:01 270763                     /usr/lib/x86_64-linux-gnu/libvorbis.so.0.4.5
7f6414cb1000-7f6414cb2000 r--p 0002b000 08:01 270763                     /usr/lib/x86_64-linux-gnu/libvorbis.so.0.4.5
7f6414cb2000-7f6414cb3000 rw-p 0002c000 08:01 270763                     /usr/lib/x86_64-linux-gnu/libvorbis.so.0.4.5
7f6414cb3000-7f6414cbc000 r-xp 00000000 08:01 270454                     /usr/lib/x86_64-linux-gnu/libltdl.so.7.3.0
7f6414cbc000-7f6414ebb000 ---p 00009000 08:01 270454                     /usr/lib/x86_64-linux-gnu/libltdl.so.7.3.0
7f6414ebb000-7f6414ebc000 r--p 00008000 08:01 270454                     /usr/lib/x86_64-linux-gnu/libltdl.so.7.3.0
7f6414ebc000-7f6414ebd000 rw-p 00009000 08:01 270454                     /usr/lib/x86_64-linux-gnu/libltdl.so.7.3.0
7f6414ebd000-7f6414ecf000 r-xp 00000000 08:01 270696                     /usr/lib/x86_64-linux-gnu/libtdb.so.1.2.11
7f6414ecf000-7f64150ce000 ---p 00012000 08:01 270696                     /usr/lib/x86_64-linux-gnu/libtdb.so.1.2.11
7f64150ce000-7f64150cf000 r--p 00011000 08:01 270696                     /usr/lib/x86_64-linux-gnu/libtdb.so.1.2.11
7f64150cf000-7f64150d0000 rw-p 00012000 08:01 270696                     /usr/lib/x86_64-linux-gnu/libtdb.so.1.2.11
7f64150d0000-7f64150d7000 r-xp 00000000 08:01 270767                     /usr/lib/x86_64-linux-gnu/libvorbisfile.so.3.3.4
7f64150d7000-7f64152d6000 ---p 00007000 08:01 270767                     /usr/lib/x86_64-linux-gnu/libvorbisfile.so.3.3.4
7f64152d6000-7f64152d7000 r--p 00006000 08:01 270767                     /usr/lib/x86_64-linux-gnu/libvorbisfile.so.3.3.4
7f64152d7000-7f64152d8000 rw-p 00007000 08:01 270767                     /usr/lib/x86_64-linux-gnu/libvorbisfile.so.3.3.4
7f64152d8000-7f64152e7000 r-xp 00000000 08:01 269997                     /usr/lib/x86_64-linux-gnu/libcanberra.so.0.2.5
7f64152e7000-7f64154e6000 ---p 0000f000 08:01 269997                     /usr/lib/x86_64-linux-gnu/libcanberra.so.0.2.5
7f64154e6000-7f64154e7000 r--p 0000e000 08:01 269997                     /usr/lib/x86_64-linux-gnu/libcanberra.so.0.2.5
7f64154e7000-7f64154e8000 rw-p 0000f000 08:01 269997                     /usr/lib/x86_64-linux-gnu/libcanberra.so.0.2.5
7f64154e8000-7f64154ec000 r-xp 00000000 08:01 269993                     /usr/lib/x86_64-linux-gnu/libcanberra-gtk.so.0.1.9
7f64154ec000-7f64156eb000 ---p 00004000 08:01 269993                     /usr/lib/x86_64-linux-gnu/libcanberra-gtk.so.0.1.9
7f64156eb000-7f64156ec000 r--p 00003000 08:01 269993                     /usr/lib/x86_64-linux-gnu/libcanberra-gtk.so.0.1.9
7f64156ec000-7f64156ed000 rw-p 00004000 08:01 269993                     /usr/lib/x86_64-linux-gnu/libcanberra-gtk.so.0.1.9
7f64156ed000-7f64156f2000 r-xp 00000000 08:01 656734                     /usr/lib/x86_64-linux-gnu/gtk-2.0/modules/libcanberra-gtk-module.so
7f64156f2000-7f64158f1000 ---p 00005000 08:01 656734                     /usr/lib/x86_64-linux-gnu/gtk-2.0/modules/libcanberra-gtk-module.so
7f64158f1000-7f64158f2000 r--p 00004000 08:01 656734                     /usr/lib/x86_64-linux-gnu/gtk-2.0/modules/libcanberra-gtk-module.so
7f64158f2000-7f64158f3000 rw-p 00005000 08:01 656734                     /usr/lib/x86_64-linux-gnu/gtk-2.0/modules/libcanberra-gtk-module.so
7f64158f3000-7f6415922000 r-xp 00000000 08:01 656716                     /usr/lib/x86_64-linux-gnu/gtk-2.0/2.10.0/engines/libmurrine.so
7f6415922000-7f6415b22000 ---p 0002f000 08:01 656716                     /usr/lib/x86_64-linux-gnu/gtk-2.0/2.10.0/engines/libmurrine.so
7f6415b22000-7f6415b23000 r--p 0002f000 08:01 656716                     /usr/lib/x86_64-linux-gnu/gtk-2.0/2.10.0/engines/libmurrine.so
7f6415b23000-7f6415b24000 rw-p 00030000 08:01 656716                     /usr/lib/x86_64-linux-gnu/gtk-2.0/2.10.0/engines/libmurrine.so
7f6415b24000-7f6415b35000 r-xp 00000000 08:01 656737                     /usr/lib/x86_64-linux-gnu/gtk-2.0/modules/liboverlay-scrollbar.so
7f6415b35000-7f6415d34000 ---p 00011000 08:01 656737                     /usr/lib/x86_64-linux-gnu/gtk-2.0/modules/liboverlay-scrollbar.so
7f6415d34000-7f6415d35000 r--p 00010000 08:01 656737                     /usr/lib/x86_64-linux-gnu/gtk-2.0/modules/liboverlay-scrollbar.so
7f6415d35000-7f6415d36000 rw-p 00011000 08:01 656737                     /usr/lib/x86_64-linux-gnu/gtk-2.0/modules/liboverlay-scrollbar.so
7f6415d36000-7f6415d61000 r-xp 00000000 08:03 107611297                  /home/calcul/Téléchargements/jdk1.8.0_40/jre/lib/amd64/libglass.so
7f6415d61000-7f6415f60000 ---p 0002b000 08:03 107611297                  /home/calcul/Téléchargements/jdk1.8.0_40/jre/lib/amd64/libglass.so
7f6415f60000-7f6415f62000 r--p 0002a000 08:03 107611297                  /home/calcul/Téléchargements/jdk1.8.0_40/jre/lib/amd64/libglass.so
7f6415f62000-7f6415f63000 rw-p 0002c000 08:03 107611297                  /home/calcul/Téléchargements/jdk1.8.0_40/jre/lib/amd64/libglass.so
7f6415f63000-7f6415f64000 rw-p 00000000 00:00 0 
7f6415f64000-7f6415f96000 r-xp 00000000 08:01 270722                     /usr/lib/x86_64-linux-gnu/libtxc_dxtn_s2tc.so.0.0.0
7f6415f96000-7f6416195000 ---p 00032000 08:01 270722                     /usr/lib/x86_64-linux-gnu/libtxc_dxtn_s2tc.so.0.0.0
7f6416195000-7f6416196000 r--p 00031000 08:01 270722                     /usr/lib/x86_64-linux-gnu/libtxc_dxtn_s2tc.so.0.0.0
7f6416196000-7f6416197000 rw-p 00032000 08:01 270722                     /usr/lib/x86_64-linux-gnu/libtxc_dxtn_s2tc.so.0.0.0
7f6416197000-7f64176da000 r-xp 00000000 08:01 269745                     /usr/lib/x86_64-linux-gnu/libLLVM-3.3.so.1
7f64176da000-7f64176db000 ---p 01543000 08:01 269745                     /usr/lib/x86_64-linux-gnu/libLLVM-3.3.so.1
7f64176db000-7f64177f0000 r--p 01543000 08:01 269745                     /usr/lib/x86_64-linux-gnu/libLLVM-3.3.so.1
7f64177f0000-7f64177f2000 rw-p 01658000 08:01 269745                     /usr/lib/x86_64-linux-gnu/libLLVM-3.3.so.1
7f64177f2000-7f6417805000 rw-p 00000000 00:00 0 
7f6417805000-7f641780a000 r-xp 00000000 08:01 268846                     /usr/lib/x86_64-linux-gnu/libdrm_nouveau.so.2.0.0
7f641780a000-7f6417a09000 ---p 00005000 08:01 268846                     /usr/lib/x86_64-linux-gnu/libdrm_nouveau.so.2.0.0
7f6417a09000-7f6417a0a000 r--p 00004000 08:01 268846                     /usr/lib/x86_64-linux-gnu/libdrm_nouveau.so.2.0.0
7f6417a0a000-7f6417a0b000 rw-p 00005000 08:01 268846                     /usr/lib/x86_64-linux-gnu/libdrm_nouveau.so.2.0.0
7f6417a0b000-7f6417c29000 r-xp 00000000 08:01 270170                     /usr/lib/x86_64-linux-gnu/libgallium.so.0.0.0
7f6417c29000-7f6417e28000 ---p 0021e000 08:01 270170                     /usr/lib/x86_64-linux-gnu/libgallium.so.0.0.0
7f6417e28000-7f6417e39000 r--p 0021d000 08:01 270170                     /usr/lib/x86_64-linux-gnu/libgallium.so.0.0.0
7f6417e39000-7f6417e3c000 rw-p 0022e000 08:01 270170                     /usr/lib/x86_64-linux-gnu/libgallium.so.0.0.0
7f6417e3c000-7f6418004000 rw-p 00000000 00:00 0 
7f6418004000-7f64183c2000 r-xp 00000000 08:01 270081                     /usr/lib/x86_64-linux-gnu/libdricore9.2.1.so.1.0.0
7f64183c2000-7f64185c1000 ---p 003be000 08:01 270081                     /usr/lib/x86_64-linux-gnu/libdricore9.2.1.so.1.0.0
7f64185c1000-7f64185d1000 r--p 003bd000 08:01 270081                     /usr/lib/x86_64-linux-gnu/libdricore9.2.1.so.1.0.0
7f64185d1000-7f64185d9000 rw-p 003cd000 08:01 270081                     /usr/lib/x86_64-linux-gnu/libdricore9.2.1.so.1.0.0
7f64185d9000-7f64185f1000 rw-p 00000000 00:00 0 
7f64185f1000-7f6418743000 r-xp 00000000 08:01 655813                     /usr/lib/x86_64-linux-gnu/dri/nouveau_dri.so
7f6418743000-7f6418942000 ---p 00152000 08:01 655813                     /usr/lib/x86_64-linux-gnu/dri/nouveau_dri.so
7f6418942000-7f6418945000 r--p 00151000 08:01 655813                     /usr/lib/x86_64-linux-gnu/dri/nouveau_dri.so
7f6418945000-7f6418947000 rw-p 00154000 08:01 655813                     /usr/lib/x86_64-linux-gnu/dri/nouveau_dri.so
7f6418947000-7f6418949000 rw-p 00000000 00:00 0 
7f6418949000-7f641894f000 r-xp 00000000 08:01 270058                     /usr/lib/x86_64-linux-gnu/libdatrie.so.1.2.0
7f641894f000-7f6418b4e000 ---p 00006000 08:01 270058                     /usr/lib/x86_64-linux-gnu/libdatrie.so.1.2.0
7f6418b4e000-7f6418b4f000 r--p 00005000 08:01 270058                     /usr/lib/x86_64-linux-gnu/libdatrie.so.1.2.0
7f6418b4f000-7f6418b50000 rw-p 00006000 08:01 270058                     /usr/lib/x86_64-linux-gnu/libdatrie.so.1.2.0
7f6418b50000-7f6418b55000 r-xp 00000000 08:01 269880                     /usr/lib/x86_64-linux-gnu/libXdmcp.so.6.0.0
7f6418b55000-7f6418d54000 ---p 00005000 08:01 269880                     /usr/lib/x86_64-linux-gnu/libXdmcp.so.6.0.0
7f6418d54000-7f6418d55000 r--p 00004000 08:01 269880                     /usr/lib/x86_64-linux-gnu/libXdmcp.so.6.0.0
7f6418d55000-7f6418d56000 rw-p 00005000 08:01 269880                     /usr/lib/x86_64-linux-gnu/libXdmcp.so.6.0.0
7f6418d56000-7f6418d58000 r-xp 00000000 08:01 269869                     /usr/lib/x86_64-linux-gnu/libXau.so.6.0.0
7f6418d58000-7f6418f58000 ---p 00002000 08:01 269869                     /usr/lib/x86_64-linux-gnu/libXau.so.6.0.0
7f6418f58000-7f6418f59000 r--p 00002000 08:01 269869                     /usr/lib/x86_64-linux-gnu/libXau.so.6.0.0
7f6418f59000-7f6418f5a000 rw-p 00003000 08:01 269869                     /usr/lib/x86_64-linux-gnu/libXau.so.6.0.0
7f6418f5a000-7f6418f72000 r-xp 00000000 08:01 270266                     /usr/lib/x86_64-linux-gnu/libgraphite2.so.3.0.1
7f6418f72000-7f6419171000 ---p 00018000 08:01 270266                     /usr/lib/x86_64-linux-gnu/libgraphite2.so.3.0.1
7f6419171000-7f6419173000 r--p 00017000 08:01 270266                     /usr/lib/x86_64-linux-gnu/libgraphite2.so.3.0.1
7f6419173000-7f6419174000 rw-p 00019000 08:01 270266                     /usr/lib/x86_64-linux-gnu/libgraphite2.so.3.0.1
7f6419174000-7f641917f000 r-xp 00000000 08:01 269859                     /usr/lib/x86_64-linux-gnu/libdrm.so.2.4.0
7f641917f000-7f641937e000 ---p 0000b000 08:01 269859                     /usr/lib/x86_64-linux-gnu/libdrm.so.2.4.0
7f641937e000-7f641937f000 r--p 0000a000 08:01 269859                     /usr/lib/x86_64-linux-gnu/libdrm.so.2.4.0
7f641937f000-7f6419380000 rw-p 0000b000 08:01 269859                     /usr/lib/x86_64-linux-gnu/libdrm.so.2.4.0
7f6419380000-7f6419383000 r-xp 00000000 08:01 270795                     /usr/lib/x86_64-linux-gnu/libxcb-dri2.so.0.0.0
7f6419383000-7f6419583000 ---p 00003000 08:01 270795                     /usr/lib/x86_64-linux-gnu/libxcb-dri2.so.0.0.0
7f6419583000-7f6419584000 r--p 00003000 08:01 270795                     /usr/lib/x86_64-linux-gnu/libxcb-dri2.so.0.0.0
7f6419584000-7f6419585000 rw-p 00004000 08:01 270795                     /usr/lib/x86_64-linux-gnu/libxcb-dri2.so.0.0.0
7f6419585000-7f641959a000 r-xp 00000000 08:01 270797                     /usr/lib/x86_64-linux-gnu/libxcb-glx.so.0.0.0
7f641959a000-7f6419799000 ---p 00015000 08:01 270797                     /usr/lib/x86_64-linux-gnu/libxcb-glx.so.0.0.0
7f6419799000-7f641979b000 r--p 00014000 08:01 270797                     /usr/lib/x86_64-linux-gnu/libxcb-glx.so.0.0.0
7f641979b000-7f641979c000 rw-p 00016000 08:01 270797                     /usr/lib/x86_64-linux-gnu/libxcb-glx.so.0.0.0
7f641979c000-7f641979d000 r-xp 00000000 08:01 269863                     /usr/lib/x86_64-linux-gnu/libX11-xcb.so.1.0.0
7f641979d000-7f641999c000 ---p 00001000 08:01 269863                     /usr/lib/x86_64-linux-gnu/libX11-xcb.so.1.0.0
7f641999c000-7f641999d000 r--p 00000000 08:01 269863                     /usr/lib/x86_64-linux-gnu/libX11-xcb.so.1.0.0
7f641999d000-7f641999e000 rw-p 00001000 08:01 269863                     /usr/lib/x86_64-linux-gnu/libX11-xcb.so.1.0.0
7f641999e000-7f64199bf000 r-xp 00000000 08:01 270224                     /usr/lib/x86_64-linux-gnu/libglapi.so.0.0.0
7f64199bf000-7f6419bbf000 ---p 00021000 08:01 270224                     /usr/lib/x86_64-linux-gnu/libglapi.so.0.0.0
7f6419bbf000-7f6419bc2000 r--p 00021000 08:01 270224                     /usr/lib/x86_64-linux-gnu/libglapi.so.0.0.0
7f6419bc2000-7f6419bc3000 rw-p 00024000 08:01 270224                     /usr/lib/x86_64-linux-gnu/libglapi.so.0.0.0
7f6419bc3000-7f6419bc4000 rw-p 00000000 00:00 0 
7f6419bc4000-7f6419c01000 r-xp 00000000 08:01 2363280                    /lib/x86_64-linux-gnu/libpcre.so.3.13.1
7f6419c01000-7f6419e01000 ---p 0003d000 08:01 2363280                    /lib/x86_64-linux-gnu/libpcre.so.3.13.1
7f6419e01000-7f6419e02000 r--p 0003d000 08:01 2363280                    /lib/x86_64-linux-gnu/libpcre.so.3.13.1
7f6419e02000-7f6419e03000 rw-p 0003e000 08:01 2363280                    /lib/x86_64-linux-gnu/libpcre.so.3.13.1
7f6419e03000-7f6419e0a000 r-xp 00000000 08:01 270117                     /usr/lib/x86_64-linux-gnu/libffi.so.6.0.1
7f6419e0a000-7f641a009000 ---p 00007000 08:01 270117                     /usr/lib/x86_64-linux-gnu/libffi.so.6.0.1
7f641a009000-7f641a00a000 r--p 00006000 08:01 270117                     /usr/lib/x86_64-linux-gnu/libffi.so.6.0.1
7f641a00a000-7f641a00b000 rw-p 00007000 08:01 270117                     /usr/lib/x86_64-linux-gnu/libffi.so.6.0.1
7f641a00b000-7f641a032000 r-xp 00000000 08:01 2363202                    /lib/x86_64-linux-gnu/libexpat.so.1.6.0
7f641a032000-7f641a232000 ---p 00027000 08:01 2363202                    /lib/x86_64-linux-gnu/libexpat.so.1.6.0
7f641a232000-7f641a234000 r--p 00027000 08:01 2363202                    /lib/x86_64-linux-gnu/libexpat.so.1.6.0
7f641a234000-7f641a235000 rw-p 00029000 08:01 2363202                    /lib/x86_64-linux-gnu/libexpat.so.1.6.0
7f641a235000-7f641a23d000 r-xp 00000000 08:01 270706                     /usr/lib/x86_64-linux-gnu/libthai.so.0.2.0
7f641a23d000-7f641a43c000 ---p 00008000 08:01 270706                     /usr/lib/x86_64-linux-gnu/libthai.so.0.2.0
7f641a43c000-7f641a43d000 r--p 00007000 08:01 270706                     /usr/lib/x86_64-linux-gnu/libthai.so.0.2.0
7f641a43d000-7f641a43e000 rw-p 00008000 08:01 270706                     /usr/lib/x86_64-linux-gnu/libthai.so.0.2.0
7f641a43e000-7f641a45b000 r-xp 00000000 08:01 270821                     /usr/lib/x86_64-linux-gnu/libxcb.so.1.1.0
7f641a45b000-7f641a65a000 ---p 0001d000 08:01 270821                     /usr/lib/x86_64-linux-gnu/libxcb.so.1.1.0
7f641a65a000-7f641a65b000 r--p 0001c000 08:01 270821                     /usr/lib/x86_64-linux-gnu/libxcb.so.1.1.0
7f641a65b000-7f641a65c000 rw-p 0001d000 08:01 270821                     /usr/lib/x86_64-linux-gnu/libxcb.so.1.1.0
7f641a65c000-7f641a664000 r-xp 00000000 08:01 270809                     /usr/lib/x86_64-linux-gnu/libxcb-render.so.0.0.0
7f641a664000-7f641a863000 ---p 00008000 08:01 270809                     /usr/lib/x86_64-linux-gnu/libxcb-render.so.0.0.0
7f641a863000-7f641a864000 r--p 00007000 08:01 270809                     /usr/lib/x86_64-linux-gnu/libxcb-render.so.0.0.0
7f641a864000-7f641a865000 rw-p 00008000 08:01 270809                     /usr/lib/x86_64-linux-gnu/libxcb-render.so.0.0.0
7f641a865000-7f641a867000 r-xp 00000000 08:01 270813                     /usr/lib/x86_64-linux-gnu/libxcb-shm.so.0.0.0
7f641a867000-7f641aa66000 ---p 00002000 08:01 270813                     /usr/lib/x86_64-linux-gnu/libxcb-shm.so.0.0.0
7f641aa66000-7f641aa67000 r--p 00001000 08:01 270813                     /usr/lib/x86_64-linux-gnu/libxcb-shm.so.0.0.0
7f641aa67000-7f641aa68000 rw-p 00002000 08:01 270813                     /usr/lib/x86_64-linux-gnu/libxcb-shm.so.0.0.0
7f641aa68000-7f641aa8d000 r-xp 00000000 08:01 2363292                    /lib/x86_64-linux-gnu/libpng12.so.0.49.0
7f641aa8d000-7f641ac8c000 ---p 00025000 08:01 2363292                    /lib/x86_64-linux-gnu/libpng12.so.0.49.0
7f641ac8c000-7f641ac8d000 r--p 00024000 08:01 2363292                    /lib/x86_64-linux-gnu/libpng12.so.0.49.0
7f641ac8d000-7f641ac8e000 rw-p 00025000 08:01 2363292                    /lib/x86_64-linux-gnu/libpng12.so.0.49.0
7f641ac8e000-7f641ad2f000 r-xp 00000000 08:01 268866                     /usr/lib/x86_64-linux-gnu/libpixman-1.so.0.30.2
7f641ad2f000-7f641af2f000 ---p 000a1000 08:01 268866                     /usr/lib/x86_64-linux-gnu/libpixman-1.so.0.30.2
7f641af2f000-7f641af36000 r--p 000a1000 08:01 268866                     /usr/lib/x86_64-linux-gnu/libpixman-1.so.0.30.2
7f641af36000-7f641af37000 rw-p 000a8000 08:01 268866                     /usr/lib/x86_64-linux-gnu/libpixman-1.so.0.30.2
7f641af37000-7f641af87000 r-xp 00000000 08:01 270374                     /usr/lib/x86_64-linux-gnu/libharfbuzz.so.0.919.0
7f641af87000-7f641b187000 ---p 00050000 08:01 270374                     /usr/lib/x86_64-linux-gnu/libharfbuzz.so.0.919.0
7f641b187000-7f641b188000 r--p 00050000 08:01 270374                     /usr/lib/x86_64-linux-gnu/libharfbuzz.so.0.919.0
7f641b188000-7f641b189000 rw-p 00051000 08:01 270374                     /usr/lib/x86_64-linux-gnu/libharfbuzz.so.0.919.0
7f641b189000-7f641b19f000 r-xp 00000000 08:01 2363303                    /lib/x86_64-linux-gnu/libresolv-2.17.so
7f641b19f000-7f641b39f000 ---p 00016000 08:01 2363303                    /lib/x86_64-linux-gnu/libresolv-2.17.so
7f641b39f000-7f641b3a0000 r--p 00016000 08:01 2363303                    /lib/x86_64-linux-gnu/libresolv-2.17.so
7f641b3a0000-7f641b3a1000 rw-p 00017000 08:01 2363303                    /lib/x86_64-linux-gnu/libresolv-2.17.so
7f641b3a1000-7f641b3a3000 rw-p 00000000 00:00 0 
7f641b3a3000-7f641b3c2000 r-xp 00000000 08:01 2363307                    /lib/x86_64-linux-gnu/libselinux.so.1
7f641b3c2000-7f641b5c2000 ---p 0001f000 08:01 2363307                    /lib/x86_64-linux-gnu/libselinux.so.1
7f641b5c2000-7f641b5c3000 r--p 0001f000 08:01 2363307                    /lib/x86_64-linux-gnu/libselinux.so.1
7f641b5c3000-7f641b5c4000 rw-p 00020000 08:01 2363307                    /lib/x86_64-linux-gnu/libselinux.so.1
7f641b5c4000-7f641b5c5000 rw-p 00000000 00:00 0 
7f641b5c5000-7f641b5dd000 r-xp 00000000 08:01 2363340                    /lib/x86_64-linux-gnu/libz.so.1.2.8
7f641b5dd000-7f641b7dc000 ---p 00018000 08:01 2363340                    /lib/x86_64-linux-gnu/libz.so.1.2.8
7f641b7dc000-7f641b7dd000 r--p 00017000 08:01 2363340                    /lib/x86_64-linux-gnu/libz.so.1.2.8
7f641b7dd000-7f641b7de000 rw-p 00018000 08:01 2363340                    /lib/x86_64-linux-gnu/libz.so.1.2.8
7f641b7de000-7f641b7ef000 r-xp 00000000 08:01 269882                     /usr/lib/x86_64-linux-gnu/libXext.so.6.4.0
7f641b7ef000-7f641b9ee000 ---p 00011000 08:01 269882                     /usr/lib/x86_64-linux-gnu/libXext.so.6.4.0
7f641b9ee000-7f641b9ef000 r--p 00010000 08:01 269882                     /usr/lib/x86_64-linux-gnu/libXext.so.6.4.0
7f641b9ef000-7f641b9f0000 rw-p 00011000 08:01 269882                     /usr/lib/x86_64-linux-gnu/libXext.so.6.4.0
7f641b9f0000-7f641b9f2000 r-xp 00000000 08:01 269878                     /usr/lib/x86_64-linux-gnu/libXdamage.so.1.1.0
7f641b9f2000-7f641bbf1000 ---p 00002000 08:01 269878                     /usr/lib/x86_64-linux-gnu/libXdamage.so.1.1.0
7f641bbf1000-7f641bbf2000 r--p 00001000 08:01 269878                     /usr/lib/x86_64-linux-gnu/libXdamage.so.1.1.0
7f641bbf2000-7f641bbf3000 rw-p 00002000 08:01 269878                     /usr/lib/x86_64-linux-gnu/libXdamage.so.1.1.0
7f641bbf3000-7f641bbf5000 r-xp 00000000 08:01 269874                     /usr/lib/x86_64-linux-gnu/libXcomposite.so.1.0.0
7f641bbf5000-7f641bdf4000 ---p 00002000 08:01 269874                     /usr/lib/x86_64-linux-gnu/libXcomposite.so.1.0.0
7f641bdf4000-7f641bdf5000 r--p 00001000 08:01 269874                     /usr/lib/x86_64-linux-gnu/libXcomposite.so.1.0.0
7f641bdf5000-7f641bdf6000 rw-p 00002000 08:01 269874                     /usr/lib/x86_64-linux-gnu/libXcomposite.so.1.0.0
7f641bdf6000-7f641bdff000 r-xp 00000000 08:01 269876                     /usr/lib/x86_64-linux-gnu/libXcursor.so.1.0.2
7f641bdff000-7f641bffe000 ---p 00009000 08:01 269876                     /usr/lib/x86_64-linux-gnu/libXcursor.so.1.0.2
7f641bffe000-7f641bfff000 r--p 00008000 08:01 269876                     /usr/lib/x86_64-linux-gnu/libXcursor.so.1.0.2
7f641bfff000-7f641c000000 rw-p 00009000 08:01 269876                     /usr/lib/x86_64-linux-gnu/libXcursor.so.1.0.2
7f641c000000-7f641c021000 rw-p 00000000 00:00 0 
7f641c021000-7f6420000000 ---p 00000000 00:00 0 
7f6420000000-7f6420217000 rw-p 00000000 00:00 0 
7f6420217000-7f6424000000 ---p 00000000 00:00 0 
7f6424000000-7f64241de000 rw-p 00000000 00:00 0 
7f64241de000-7f6428000000 ---p 00000000 00:00 0 
7f6428000000-7f6428021000 rw-p 00000000 00:00 0 
7f6428021000-7f642c000000 ---p 00000000 00:00 0 
7f642c000000-7f642c280000 rw-p 00000000 00:00 0 
7f642c280000-7f6430000000 ---p 00000000 00:00 0 
7f6430000000-7f643017d000 rw-p 00000000 00:00 0 
7f643017d000-7f6434000000 ---p 00000000 00:00 0 
7f6434000000-7f6434021000 rw-p 00000000 00:00 0 
7f6434021000-7f6438000000 ---p 00000000 00:00 0 
7f6438000000-7f643821f000 rw-p 00000000 00:00 0 
7f643821f000-7f643c000000 ---p 00000000 00:00 0 
7f643c000000-7f643c021000 rw-p 00000000 00:00 0 
7f643c021000-7f6440000000 ---p 00000000 00:00 0 
7f6440000000-7f6440021000 rw-p 00000000 00:00 0 
7f6440021000-7f6444000000 ---p 00000000 00:00 0 
7f6444000000-7f6444021000 rw-p 00000000 00:00 0 
7f6444021000-7f6448000000 ---p 00000000 00:00 0 
7f6448000000-7f6448021000 rw-p 00000000 00:00 0 
7f6448021000-7f644c000000 ---p 00000000 00:00 0 
7f644c000000-7f644c021000 rw-p 00000000 00:00 0 
7f644c021000-7f6450000000 ---p 00000000 00:00 0 
7f6450000000-7f6450021000 rw-p 00000000 00:00 0 
7f6450021000-7f6454000000 ---p 00000000 00:00 0 
7f6454000000-7f6468000000 rw-p 00000000 00:00 0 
7f6468000000-7f6468021000 rw-p 00000000 00:00 0 
7f6468021000-7f646c000000 ---p 00000000 00:00 0 
7f646c000000-7f646c001000 r--s 00006000 08:03 111940190                  /home/calcul/Documents/Julien/VoxeLidar/trunk/VoxeLidarGUIFX/target/release/lib/sax-2.0.1.jar
7f646c001000-7f646c025000 r--s 00306000 08:03 111940196                  /home/calcul/Documents/Julien/VoxeLidar/trunk/VoxeLidarGUIFX/target/release/lib/jogl-all-2.3.0.jar
7f646c025000-7f646c07c000 r--p 00000000 08:01 1325739                    /usr/share/glib-2.0/schemas/gschemas.compiled
7f646c07c000-7f646c0fc000 rw-s 11dcea000 00:05 267                       /dev/dri/card0
7f646c0fc000-7f646c105000 r-xp 00000000 08:01 269902                     /usr/lib/x86_64-linux-gnu/libXrandr.so.2.2.0
7f646c105000-7f646c304000 ---p 00009000 08:01 269902                     /usr/lib/x86_64-linux-gnu/libXrandr.so.2.2.0
7f646c304000-7f646c305000 r--p 00008000 08:01 269902                     /usr/lib/x86_64-linux-gnu/libXrandr.so.2.2.0
7f646c305000-7f646c306000 rw-p 00009000 08:01 269902                     /usr/lib/x86_64-linux-gnu/libXrandr.so.2.2.0
7f646c306000-7f646c315000 r-xp 00000000 08:01 269890                     /usr/lib/x86_64-linux-gnu/libXi.so.6.1.0
7f646c315000-7f646c514000 ---p 0000f000 08:01 269890                     /usr/lib/x86_64-linux-gnu/libXi.so.6.1.0
7f646c514000-7f646c515000 r--p 0000e000 08:01 269890                     /usr/lib/x86_64-linux-gnu/libXi.so.6.1.0
7f646c515000-7f646c516000 rw-p 0000f000 08:01 269890                     /usr/lib/x86_64-linux-gnu/libXi.so.6.1.0
7f646c516000-7f646c518000 r-xp 00000000 08:01 269892                     /usr/lib/x86_64-linux-gnu/libXinerama.so.1.0.0
7f646c518000-7f646c717000 ---p 00002000 08:01 269892                     /usr/lib/x86_64-linux-gnu/libXinerama.so.1.0.0
7f646c717000-7f646c718000 r--p 00001000 08:01 269892                     /usr/lib/x86_64-linux-gnu/libXinerama.so.1.0.0
7f646c718000-7f646c719000 rw-p 00002000 08:01 269892                     /usr/lib/x86_64-linux-gnu/libXinerama.so.1.0.0
7f646c719000-7f646c722000 r-xp 00000000 08:01 269904                     /usr/lib/x86_64-linux-gnu/libXrender.so.1.3.0
7f646c722000-7f646c921000 ---p 00009000 08:01 269904                     /usr/lib/x86_64-linux-gnu/libXrender.so.1.3.0
7f646c921000-7f646c922000 r--p 00008000 08:01 269904                     /usr/lib/x86_64-linux-gnu/libXrender.so.1.3.0
7f646c922000-7f646c923000 rw-p 00009000 08:01 269904                     /usr/lib/x86_64-linux-gnu/libXrender.so.1.3.0
7f646c923000-7f646c928000 r-xp 00000000 08:01 269884                     /usr/lib/x86_64-linux-gnu/libXfixes.so.3.1.0
7f646c928000-7f646cb27000 ---p 00005000 08:01 269884                     /usr/lib/x86_64-linux-gnu/libXfixes.so.3.1.0
7f646cb27000-7f646cb28000 r--p 00004000 08:01 269884                     /usr/lib/x86_64-linux-gnu/libXfixes.so.3.1.0
7f646cb28000-7f646cb29000 rw-p 00005000 08:01 269884                     /usr/lib/x86_64-linux-gnu/libXfixes.so.3.1.0
7f646cb29000-7f646cb3e000 r-xp 00000000 08:01 2359301                    /lib/x86_64-linux-gnu/libgcc_s.so.1
7f646cb3e000-7f646cd3d000 ---p 00015000 08:01 2359301                    /lib/x86_64-linux-gnu/libgcc_s.so.1
7f646cd3d000-7f646cd3e000 r--p 00014000 08:01 2359301                    /lib/x86_64-linux-gnu/libgcc_s.so.1
7f646cd3e000-7f646cd3f000 rw-p 00015000 08:01 2359301                    /lib/x86_64-linux-gnu/libgcc_s.so.1
7f646cd3f000-7f646ce25000 r-xp 00000000 08:01 266401                     /usr/lib/x86_64-linux-gnu/libstdc++.so.6.0.18
7f646ce25000-7f646d024000 ---p 000e6000 08:01 266401                     /usr/lib/x86_64-linux-gnu/libstdc++.so.6.0.18
7f646d024000-7f646d02c000 r--p 000e5000 08:01 266401                     /usr/lib/x86_64-linux-gnu/libstdc++.so.6.0.18
7f646d02c000-7f646d02e000 rw-p 000ed000 08:01 266401                     /usr/lib/x86_64-linux-gnu/libstdc++.so.6.0.18
7f646d02e000-7f646d043000 rw-p 00000000 00:00 0 
7f646d043000-7f646d09d000 r-xp 00000000 08:01 656915                     /usr/lib/x86_64-linux-gnu/mesa/libGL.so.1.2.0
7f646d09d000-7f646d29d000 ---p 0005a000 08:01 656915                     /usr/lib/x86_64-linux-gnu/mesa/libGL.so.1.2.0
7f646d29d000-7f646d29f000 r--p 0005a000 08:01 656915                     /usr/lib/x86_64-linux-gnu/mesa/libGL.so.1.2.0
7f646d29f000-7f646d2a0000 rw-p 0005c000 08:01 656915                     /usr/lib/x86_64-linux-gnu/mesa/libGL.so.1.2.0
7f646d2a0000-7f646d2a1000 rw-p 00000000 00:00 0 
7f646d2a1000-7f646d2a5000 r-xp 00000000 08:01 269914                     /usr/lib/x86_64-linux-gnu/libXxf86vm.so.1.0.0
7f646d2a5000-7f646d4a5000 ---p 00004000 08:01 269914                     /usr/lib/x86_64-linux-gnu/libXxf86vm.so.1.0.0
7f646d4a5000-7f646d4a6000 r--p 00004000 08:01 269914                     /usr/lib/x86_64-linux-gnu/libXxf86vm.so.1.0.0
7f646d4a6000-7f646d4a7000 rw-p 00005000 08:01 269914                     /usr/lib/x86_64-linux-gnu/libXxf86vm.so.1.0.0
7f646d4a7000-7f646d5d7000 r-xp 00000000 08:01 269865                     /usr/lib/x86_64-linux-gnu/libX11.so.6.3.0
7f646d5d7000-7f646d7d7000 ---p 00130000 08:01 269865                     /usr/lib/x86_64-linux-gnu/libX11.so.6.3.0
7f646d7d7000-7f646d7d8000 r--p 00130000 08:01 269865                     /usr/lib/x86_64-linux-gnu/libX11.so.6.3.0
7f646d7d8000-7f646d7dc000 rw-p 00131000 08:01 269865                     /usr/lib/x86_64-linux-gnu/libX11.so.6.3.0
7f646d7dc000-7f646d7e1000 r-xp 00000000 08:01 269908                     /usr/lib/x86_64-linux-gnu/libXtst.so.6.1.0
7f646d7e1000-7f646d9e0000 ---p 00005000 08:01 269908                     /usr/lib/x86_64-linux-gnu/libXtst.so.6.1.0
7f646d9e0000-7f646d9e1000 r--p 00004000 08:01 269908                     /usr/lib/x86_64-linux-gnu/libXtst.so.6.1.0
7f646d9e1000-7f646d9e2000 rw-p 00005000 08:01 269908                     /usr/lib/x86_64-linux-gnu/libXtst.so.6.1.0
7f646d9e2000-7f646dae0000 r-xp 00000000 08:01 2363127                    /lib/x86_64-linux-gnu/libglib-2.0.so.0.3800.1
7f646dae0000-7f646dce0000 ---p 000fe000 08:01 2363127                    /lib/x86_64-linux-gnu/libglib-2.0.so.0.3800.1
7f646dce0000-7f646dce1000 r--p 000fe000 08:01 2363127                    /lib/x86_64-linux-gnu/libglib-2.0.so.0.3800.1
7f646dce1000-7f646dce2000 rw-p 000ff000 08:01 2363127                    /lib/x86_64-linux-gnu/libglib-2.0.so.0.3800.1
7f646dce2000-7f646dce3000 rw-p 00000000 00:00 0 
7f646dce3000-7f646dce4000 r-xp 00000000 08:01 266608                     /usr/lib/x86_64-linux-gnu/libgthread-2.0.so.0.3800.1
7f646dce4000-7f646dee3000 ---p 00001000 08:01 266608                     /usr/lib/x86_64-linux-gnu/libgthread-2.0.so.0.3800.1
7f646dee3000-7f646dee4000 r--p 00000000 08:01 266608                     /usr/lib/x86_64-linux-gnu/libgthread-2.0.so.0.3800.1
7f646dee4000-7f646dee5000 rw-p 00001000 08:01 266608                     /usr/lib/x86_64-linux-gnu/libgthread-2.0.so.0.3800.1
7f646dee5000-7f646dee8000 r-xp 00000000 08:01 266609                     /usr/lib/x86_64-linux-gnu/libgmodule-2.0.so.0.3800.1
7f646dee8000-7f646e0e7000 ---p 00003000 08:01 266609                     /usr/lib/x86_64-linux-gnu/libgmodule-2.0.so.0.3800.1
7f646e0e7000-7f646e0e8000 r--p 00002000 08:01 266609                     /usr/lib/x86_64-linux-gnu/libgmodule-2.0.so.0.3800.1
7f646e0e8000-7f646e0e9000 rw-p 00003000 08:01 266609                     /usr/lib/x86_64-linux-gnu/libgmodule-2.0.so.0.3800.1
7f646e0e9000-7f646e138000 r-xp 00000000 08:01 262548                     /usr/lib/x86_64-linux-gnu/libgobject-2.0.so.0.3800.1
7f646e138000-7f646e338000 ---p 0004f000 08:01 262548                     /usr/lib/x86_64-linux-gnu/libgobject-2.0.so.0.3800.1
7f646e338000-7f646e339000 r--p 0004f000 08:01 262548                     /usr/lib/x86_64-linux-gnu/libgobject-2.0.so.0.3800.1
7f646e339000-7f646e33a000 rw-p 00050000 08:01 262548                     /usr/lib/x86_64-linux-gnu/libgobject-2.0.so.0.3800.1
7f646e33a000-7f646e373000 r-xp 00000000 08:01 270131                     /usr/lib/x86_64-linux-gnu/libfontconfig.so.1.7.0
7f646e373000-7f646e573000 ---p 00039000 08:01 270131                     /usr/lib/x86_64-linux-gnu/libfontconfig.so.1.7.0
7f646e573000-7f646e575000 r--p 00039000 08:01 270131                     /usr/lib/x86_64-linux-gnu/libfontconfig.so.1.7.0
7f646e575000-7f646e576000 rw-p 0003b000 08:01 270131                     /usr/lib/x86_64-linux-gnu/libfontconfig.so.1.7.0
7f646e576000-7f646e612000 r-xp 00000000 08:01 262656                     /usr/lib/x86_64-linux-gnu/libfreetype.so.6.10.1
7f646e612000-7f646e812000 ---p 0009c000 08:01 262656                     /usr/lib/x86_64-linux-gnu/libfreetype.so.6.10.1
7f646e812000-7f646e817000 r--p 0009c000 08:01 262656                     /usr/lib/x86_64-linux-gnu/libfreetype.so.6.10.1
7f646e817000-7f646e818000 rw-p 000a1000 08:01 262656                     /usr/lib/x86_64-linux-gnu/libfreetype.so.6.10.1
7f646e818000-7f646e862000 r-xp 00000000 08:01 270548                     /usr/lib/x86_64-linux-gnu/libpango-1.0.so.0.3200.5
7f646e862000-7f646ea61000 ---p 0004a000 08:01 270548                     /usr/lib/x86_64-linux-gnu/libpango-1.0.so.0.3200.5
7f646ea61000-7f646ea63000 r--p 00049000 08:01 270548                     /usr/lib/x86_64-linux-gnu/libpango-1.0.so.0.3200.5
7f646ea63000-7f646ea64000 rw-p 0004b000 08:01 270548                     /usr/lib/x86_64-linux-gnu/libpango-1.0.so.0.3200.5
7f646ea64000-7f646eb68000 r-xp 00000000 08:01 269989                     /usr/lib/x86_64-linux-gnu/libcairo.so.2.11200.16
7f646eb68000-7f646ed67000 ---p 00104000 08:01 269989                     /usr/lib/x86_64-linux-gnu/libcairo.so.2.11200.16
7f646ed67000-7f646ed6a000 r--p 00103000 08:01 269989                     /usr/lib/x86_64-linux-gnu/libcairo.so.2.11200.16
7f646ed6a000-7f646ed6b000 rw-p 00106000 08:01 269989                     /usr/lib/x86_64-linux-gnu/libcairo.so.2.11200.16
7f646ed6b000-7f646ed6d000 rw-p 00000000 00:00 0 
7f646ed6d000-7f646ed78000 r-xp 00000000 08:01 270550                     /usr/lib/x86_64-linux-gnu/libpangocairo-1.0.so.0.3200.5
7f646ed78000-7f646ef78000 ---p 0000b000 08:01 270550                     /usr/lib/x86_64-linux-gnu/libpangocairo-1.0.so.0.3200.5
7f646ef78000-7f646ef79000 r--p 0000b000 08:01 270550                     /usr/lib/x86_64-linux-gnu/libpangocairo-1.0.so.0.3200.5
7f646ef79000-7f646ef7a000 rw-p 0000c000 08:01 270550                     /usr/lib/x86_64-linux-gnu/libpangocairo-1.0.so.0.3200.5
7f646ef7a000-7f646ef99000 r-xp 00000000 08:01 270198                     /usr/lib/x86_64-linux-gnu/libgdk_pixbuf-2.0.so.0.2800.1
7f646ef99000-7f646f198000 ---p 0001f000 08:01 270198                     /usr/lib/x86_64-linux-gnu/libgdk_pixbuf-2.0.so.0.2800.1
7f646f198000-7f646f199000 r--p 0001e000 08:01 270198                     /usr/lib/x86_64-linux-gnu/libgdk_pixbuf-2.0.so.0.2800.1
7f646f199000-7f646f19a000 rw-p 0001f000 08:01 270198                     /usr/lib/x86_64-linux-gnu/libgdk_pixbuf-2.0.so.0.2800.1
7f646f19a000-7f646f1ae000 r-xp 00000000 08:01 270552                     /usr/lib/x86_64-linux-gnu/libpangoft2-1.0.so.0.3200.5
7f646f1ae000-7f646f3ad000 ---p 00014000 08:01 270552                     /usr/lib/x86_64-linux-gnu/libpangoft2-1.0.so.0.3200.5
7f646f3ad000-7f646f3ae000 r--p 00013000 08:01 270552                     /usr/lib/x86_64-linux-gnu/libpangoft2-1.0.so.0.3200.5
7f646f3ae000-7f646f3af000 rw-p 00014000 08:01 270552                     /usr/lib/x86_64-linux-gnu/libpangoft2-1.0.so.0.3200.5
7f646f3af000-7f646f50b000 r-xp 00000000 08:01 262529                     /usr/lib/x86_64-linux-gnu/libgio-2.0.so.0.3800.1
7f646f50b000-7f646f70a000 ---p 0015c000 08:01 262529                     /usr/lib/x86_64-linux-gnu/libgio-2.0.so.0.3800.1
7f646f70a000-7f646f70e000 r--p 0015b000 08:01 262529                     /usr/lib/x86_64-linux-gnu/libgio-2.0.so.0.3800.1
7f646f70e000-7f646f710000 rw-p 0015f000 08:01 262529                     /usr/lib/x86_64-linux-gnu/libgio-2.0.so.0.3800.1
7f646f710000-7f646f712000 rw-p 00000000 00:00 0 
7f646f712000-7f646f7bf000 r-xp 00000000 08:01 270196                     /usr/lib/x86_64-linux-gnu/libgdk-x11-2.0.so.0.2400.20
7f646f7bf000-7f646f9be000 ---p 000ad000 08:01 270196                     /usr/lib/x86_64-linux-gnu/libgdk-x11-2.0.so.0.2400.20
7f646f9be000-7f646f9c2000 r--p 000ac000 08:01 270196                     /usr/lib/x86_64-linux-gnu/libgdk-x11-2.0.so.0.2400.20
7f646f9c2000-7f646f9c4000 rw-p 000b0000 08:01 270196                     /usr/lib/x86_64-linux-gnu/libgdk-x11-2.0.so.0.2400.20
7f646f9c4000-7f646fdf3000 r-xp 00000000 08:01 270356                     /usr/lib/x86_64-linux-gnu/libgtk-x11-2.0.so.0.2400.20
7f646fdf3000-7f646fff2000 ---p 0042f000 08:01 270356                     /usr/lib/x86_64-linux-gnu/libgtk-x11-2.0.so.0.2400.20
7f646fff2000-7f646fff9000 r--p 0042e000 08:01 270356                     /usr/lib/x86_64-linux-gnu/libgtk-x11-2.0.so.0.2400.20
7f646fff9000-7f646fffd000 rw-p 00435000 08:01 270356                     /usr/lib/x86_64-linux-gnu/libgtk-x11-2.0.so.0.2400.20
7f646fffd000-7f6470000000 rw-p 00000000 00:00 0 
7f6470000000-7f6470021000 rw-p 00000000 00:00 0 
7f6470021000-7f6474000000 ---p 00000000 00:00 0 
7f6474000000-7f6474021000 rw-p 00000000 00:00 0 
7f6474021000-7f6478000000 ---p 00000000 00:00 0 
7f6478000000-7f6478021000 rw-p 00000000 00:00 0 
7f6478021000-7f647c000000 ---p 00000000 00:00 0 
7f647c000000-7f647c021000 rw-p 00000000 00:00 0 
7f647c021000-7f6480000000 ---p 00000000 00:00 0 
7f6480000000-7f6480001000 r--s 00003000 08:03 111940193                  /home/calcul/Documents/Julien/VoxeLidar/trunk/VoxeLidarGUIFX/target/release/lib/opencsv-2.0.jar
7f6480001000-7f6480008000 r--s 0005e000 08:03 111940192                  /home/calcul/Documents/Julien/VoxeLidar/trunk/VoxeLidarGUIFX/target/release/lib/commons-lang3-3.3.2.jar
7f6480008000-7f648000b000 r--s 00008000 08:03 111940197                  /home/calcul/Documents/Julien/VoxeLidar/trunk/VoxeLidarGUIFX/target/release/lib/exp4j-0.4.0.ALPHA-3.jar
7f648000b000-7f648000c000 r--s 00031000 08:03 111940161                  /home/calcul/Documents/Julien/VoxeLidar/trunk/VoxeLidarGUIFX/target/release/lib/jogl-all-2.3.0-natives-windows-i586.jar
7f648000c000-7f648000e000 r--s 00038000 08:03 111940160                  /home/calcul/Documents/Julien/VoxeLidar/trunk/VoxeLidarGUIFX/target/release/lib/jogl-all-2.3.0-natives-windows-amd64.jar
7f648000e000-7f6480010000 r--s 00024000 08:03 111940176                  /home/calcul/Documents/Julien/VoxeLidar/trunk/VoxeLidarGUIFX/target/release/lib/jogl-all-2.3.0-natives-solaris-i586.jar
7f6480010000-7f6480011000 r--s 00032000 08:03 111940191                  /home/calcul/Documents/Julien/VoxeLidar/trunk/VoxeLidarGUIFX/target/release/lib/jogl-all-2.3.0-natives-solaris-amd64.jar
7f6480011000-7f6480013000 r--s 00031000 08:03 111940171                  /home/calcul/Documents/Julien/VoxeLidar/trunk/VoxeLidarGUIFX/target/release/lib/jogl-all-2.3.0-natives-linux-i586.jar
7f6480013000-7f6480032000 r-xp 00000000 08:01 269949                     /usr/lib/x86_64-linux-gnu/libatk-1.0.so.0.21009.1
7f6480032000-7f6480232000 ---p 0001f000 08:01 269949                     /usr/lib/x86_64-linux-gnu/libatk-1.0.so.0.21009.1
7f6480232000-7f6480234000 r--p 0001f000 08:01 269949                     /usr/lib/x86_64-linux-gnu/libatk-1.0.so.0.21009.1
7f6480234000-7f6480235000 rw-p 00021000 08:01 269949                     /usr/lib/x86_64-linux-gnu/libatk-1.0.so.0.21009.1
7f6480235000-7f6480241000 r-xp 00000000 08:03 107611340                  /home/calcul/Téléchargements/jdk1.8.0_40/jre/lib/amd64/libprism_es2.so
7f6480241000-7f6480440000 ---p 0000c000 08:03 107611340                  /home/calcul/Téléchargements/jdk1.8.0_40/jre/lib/amd64/libprism_es2.so
7f6480440000-7f6480441000 r--p 0000b000 08:03 107611340                  /home/calcul/Téléchargements/jdk1.8.0_40/jre/lib/amd64/libprism_es2.so
7f6480441000-7f6480442000 rw-p 0000c000 08:03 107611340                  /home/calcul/Téléchargements/jdk1.8.0_40/jre/lib/amd64/libprism_es2.so
7f6480442000-7f6480445000 ---p 00000000 00:00 0 
7f6480445000-7f6480543000 rw-p 00000000 00:00 0                          [stack:5878]
7f6480543000-7f64805d8000 r--s 010fa000 08:03 107611382                  /home/calcul/Téléchargements/jdk1.8.0_40/jre/lib/ext/jfxrt.jar
7f64805d8000-7f64805d9000 ---p 00000000 00:00 0 
7f64805d9000-7f64806d9000 rw-p 00000000 00:00 0                          [stack:5877]
7f64806d9000-7f64806dc000 ---p 00000000 00:00 0 
7f64806dc000-7f64807da000 rw-p 00000000 00:00 0                          [stack:5876]
7f64807da000-7f64807dd000 ---p 00000000 00:00 0 
7f64807dd000-7f64808db000 rw-p 00000000 00:00 0                          [stack:5875]
7f64808db000-7f64808de000 ---p 00000000 00:00 0 
7f64808de000-7f64809dc000 rw-p 00000000 00:00 0                          [stack:5874]
7f64809dc000-7f64809df000 ---p 00000000 00:00 0 
7f64809df000-7f6480add000 rw-p 00000000 00:00 0                          [stack:5873]
7f6480add000-7f6480ae0000 ---p 00000000 00:00 0 
7f6480ae0000-7f6480bde000 rw-p 00000000 00:00 0                          [stack:5872]
7f6480bde000-7f6480be1000 ---p 00000000 00:00 0 
7f6480be1000-7f6480cdf000 rw-p 00000000 00:00 0                          [stack:5870]
7f6480cdf000-7f6480ce2000 ---p 00000000 00:00 0 
7f6480ce2000-7f6480de0000 rw-p 00000000 00:00 0                          [stack:5868]
7f6480de0000-7f6480de3000 ---p 00000000 00:00 0 
7f6480de3000-7f6480ee1000 rw-p 00000000 00:00 0                          [stack:5866]
7f6480ee1000-7f6480ee5000 r-xp 00000000 08:03 107611290                  /home/calcul/Téléchargements/jdk1.8.0_40/jre/lib/amd64/libdt_socket.so
7f6480ee5000-7f64810e4000 ---p 00004000 08:03 107611290                  /home/calcul/Téléchargements/jdk1.8.0_40/jre/lib/amd64/libdt_socket.so
7f64810e4000-7f64810e5000 rw-p 00003000 08:03 107611290                  /home/calcul/Téléchargements/jdk1.8.0_40/jre/lib/amd64/libdt_socket.so
7f64810e5000-7f64810e8000 ---p 00000000 00:00 0 
7f64810e8000-7f64811e6000 rw-p 00000000 00:00 0                          [stack:5865]
7f64811e6000-7f64811e9000 ---p 00000000 00:00 0 
7f64811e9000-7f64812e7000 rw-p 00000000 00:00 0                          [stack:5864]
7f64812e7000-7f64812ea000 ---p 00000000 00:00 0 
7f64812ea000-7f64813e8000 rw-p 00000000 00:00 0                          [stack:5863]
7f64813e8000-7f64813e9000 ---p 00000000 00:00 0 
7f64813e9000-7f6484000000 rw-p 00000000 00:00 0                          [stack:5862]
7f6484000000-7f6484021000 rw-p 00000000 00:00 0 
7f6484021000-7f6488000000 ---p 00000000 00:00 0 
7f6488000000-7f6488021000 rw-p 00000000 00:00 0 
7f6488021000-7f648c000000 ---p 00000000 00:00 0 
7f648c000000-7f648c021000 rw-p 00000000 00:00 0 
7f648c021000-7f6490000000 ---p 00000000 00:00 0 
7f6490000000-7f6490002000 r--s 00025000 08:03 111940159                  /home/calcul/Documents/Julien/VoxeLidar/trunk/VoxeLidarGUIFX/target/release/lib/jogl-all-2.3.0-natives-linux-armv6hf.jar
7f6490002000-7f649001c000 r--p 00000000 08:01 2103031                    /usr/share/locale-langpack/fr/LC_MESSAGES/glib20.mo
7f649001c000-7f6490047000 r--p 00000000 08:01 2103067                    /usr/share/locale-langpack/fr/LC_MESSAGES/gtk20-properties.mo
7f6490047000-7f649006d000 r--p 00000000 08:01 2102789                    /usr/share/locale-langpack/fr/LC_MESSAGES/libc.mo
7f649006d000-7f64904c0000 rw-p 00000000 00:00 0 
7f64904c0000-7f6490698000 r--s 03d09000 08:03 107611368                  /home/calcul/Téléchargements/jdk1.8.0_40/jre/lib/rt.jar
7f6490698000-7f6490ee9000 rw-p 00000000 00:00 0 
7f6490ee9000-7f6490f69000 ---p 00000000 00:00 0 
7f6490f69000-7f6490f6a000 ---p 00000000 00:00 0 
7f6490f6a000-7f649106a000 rw-p 00000000 00:00 0                          [stack:5861]
7f649106a000-7f649106b000 ---p 00000000 00:00 0 
7f649106b000-7f649116b000 rw-p 00000000 00:00 0                          [stack:5860]
7f649116b000-7f649116c000 ---p 00000000 00:00 0 
7f649116c000-7f649126c000 rw-p 00000000 00:00 0                          [stack:5859]
7f649126c000-7f649126d000 ---p 00000000 00:00 0 
7f649126d000-7f649136d000 rw-p 00000000 00:00 0                          [stack:5858]
7f649136d000-7f649136e000 ---p 00000000 00:00 0 
7f649136e000-7f649146e000 rw-p 00000000 00:00 0                          [stack:5857]
7f649146e000-7f649146f000 ---p 00000000 00:00 0 
7f649146f000-7f649156f000 rw-p 00000000 00:00 0                          [stack:5856]
7f649156f000-7f6491570000 ---p 00000000 00:00 0 
7f6491570000-7f6491670000 rw-p 00000000 00:00 0                          [stack:5855]
7f6491670000-7f6491671000 ---p 00000000 00:00 0 
7f6491671000-7f64918c1000 rw-p 00000000 00:00 0                          [stack:5854]
7f64918c1000-7f64924c7000 ---p 00000000 00:00 0 
7f64924c7000-7f6492617000 rw-p 00000000 00:00 0 
7f6492617000-7f649321c000 ---p 00000000 00:00 0 
7f649321c000-7f64932c4000 rw-p 00000000 00:00 0 
7f64932c4000-7f64938c7000 ---p 00000000 00:00 0 
7f64938c7000-7f64938d2000 rw-p 00000000 00:00 0 
7f64938d2000-7f6493c88000 ---p 00000000 00:00 0 
7f6493c88000-7f6493ef8000 rwxp 00000000 00:00 0 
7f6493ef8000-7f64a2c88000 ---p 00000000 00:00 0 
7f64a2c88000-7f64a2ca2000 r-xp 00000000 08:03 107611318                  /home/calcul/Téléchargements/jdk1.8.0_40/jre/lib/amd64/libzip.so
7f64a2ca2000-7f64a2ea2000 ---p 0001a000 08:03 107611318                  /home/calcul/Téléchargements/jdk1.8.0_40/jre/lib/amd64/libzip.so
7f64a2ea2000-7f64a2ea3000 rw-p 0001a000 08:03 107611318                  /home/calcul/Téléchargements/jdk1.8.0_40/jre/lib/amd64/libzip.so
7f64a2ea3000-7f64a2eaf000 r-xp 00000000 08:01 2363258                    /lib/x86_64-linux-gnu/libnss_files-2.17.so
7f64a2eaf000-7f64a30ae000 ---p 0000c000 08:01 2363258                    /lib/x86_64-linux-gnu/libnss_files-2.17.so
7f64a30ae000-7f64a30af000 r--p 0000b000 08:01 2363258                    /lib/x86_64-linux-gnu/libnss_files-2.17.so
7f64a30af000-7f64a30b0000 rw-p 0000c000 08:01 2363258                    /lib/x86_64-linux-gnu/libnss_files-2.17.so
7f64a30b0000-7f64a30bb000 r-xp 00000000 08:01 2363262                    /lib/x86_64-linux-gnu/libnss_nis-2.17.so
7f64a30bb000-7f64a32ba000 ---p 0000b000 08:01 2363262                    /lib/x86_64-linux-gnu/libnss_nis-2.17.so
7f64a32ba000-7f64a32bb000 r--p 0000a000 08:01 2363262                    /lib/x86_64-linux-gnu/libnss_nis-2.17.so
7f64a32bb000-7f64a32bc000 rw-p 0000b000 08:01 2363262                    /lib/x86_64-linux-gnu/libnss_nis-2.17.so
7f64a32bc000-7f64a32d3000 r-xp 00000000 08:01 2363252                    /lib/x86_64-linux-gnu/libnsl-2.17.so
7f64a32d3000-7f64a34d2000 ---p 00017000 08:01 2363252                    /lib/x86_64-linux-gnu/libnsl-2.17.so
7f64a34d2000-7f64a34d3000 r--p 00016000 08:01 2363252                    /lib/x86_64-linux-gnu/libnsl-2.17.so
7f64a34d3000-7f64a34d4000 rw-p 00017000 08:01 2363252                    /lib/x86_64-linux-gnu/libnsl-2.17.so
7f64a34d4000-7f64a34d6000 rw-p 00000000 00:00 0 
7f64a34d6000-7f64a34de000 r-xp 00000000 08:01 2363254                    /lib/x86_64-linux-gnu/libnss_compat-2.17.so
7f64a34de000-7f64a36dd000 ---p 00008000 08:01 2363254                    /lib/x86_64-linux-gnu/libnss_compat-2.17.so
7f64a36dd000-7f64a36de000 r--p 00007000 08:01 2363254                    /lib/x86_64-linux-gnu/libnss_compat-2.17.so
7f64a36de000-7f64a36df000 rw-p 00008000 08:01 2363254                    /lib/x86_64-linux-gnu/libnss_compat-2.17.so
7f64a36df000-7f64a3dc6000 r--p 00000000 08:01 268937                     /usr/lib/locale/locale-archive
7f64a3dc6000-7f64a3dff000 r-xp 00000000 08:03 107611307                  /home/calcul/Téléchargements/jdk1.8.0_40/jre/lib/amd64/libjdwp.so
7f64a3dff000-7f64a3ffe000 ---p 00039000 08:03 107611307                  /home/calcul/Téléchargements/jdk1.8.0_40/jre/lib/amd64/libjdwp.so
7f64a3ffe000-7f64a4000000 rw-p 00038000 08:03 107611307                  /home/calcul/Téléchargements/jdk1.8.0_40/jre/lib/amd64/libjdwp.so
7f64a4000000-7f64a45ca000 rw-p 00000000 00:00 0 
7f64a45ca000-7f64a8000000 ---p 00000000 00:00 0 
7f64a8000000-7f64a8001000 r--s 0006d000 08:03 111940169                  /home/calcul/Documents/Julien/VoxeLidar/trunk/VoxeLidarGUIFX/target/release/lib/jogl-all-2.3.0-natives-macosx-universal.jar
7f64a8001000-7f64a8002000 r--s 00025000 08:03 111940168                  /home/calcul/Documents/Julien/VoxeLidar/trunk/VoxeLidarGUIFX/target/release/lib/jogl-all-2.3.0-natives-linux-armv6.jar
7f64a8002000-7f64a8003000 r--s 00033000 08:03 111940188                  /home/calcul/Documents/Julien/VoxeLidar/trunk/VoxeLidarGUIFX/target/release/lib/jogl-all-2.3.0-natives-linux-amd64.jar
7f64a8003000-7f64a8004000 r--s 0000e000 08:03 111940185                  /home/calcul/Documents/Julien/VoxeLidar/trunk/VoxeLidarGUIFX/target/release/lib/jogl-all-2.3.0-natives-android-armv6.jar
7f64a8004000-7f64a8005000 r--s 0000f000 08:03 111940187                  /home/calcul/Documents/Julien/VoxeLidar/trunk/VoxeLidarGUIFX/target/release/lib/jogl-all-2.3.0-natives-android-aarch64.jar
7f64a8005000-7f64a8006000 r--s 00000000 08:03 111940156                  /home/calcul/Documents/Julien/VoxeLidar/trunk/VoxeLidarGUIFX/target/release/lib/jogl-all-main-2.3.0.jar
7f64a8006000-7f64a8007000 r--s 00001000 08:03 111940186                  /home/calcul/Documents/Julien/VoxeLidar/trunk/VoxeLidarGUIFX/target/release/lib/gluegen-rt-2.3.0-natives-windows-i586.jar
7f64a8007000-7f64a8008000 r--s 00001000 08:03 111940180                  /home/calcul/Documents/Julien/VoxeLidar/trunk/VoxeLidarGUIFX/target/release/lib/gluegen-rt-2.3.0-natives-windows-amd64.jar
7f64a8008000-7f64a8009000 r--s 00000000 08:03 111940166                  /home/calcul/Documents/Julien/VoxeLidar/trunk/VoxeLidarGUIFX/target/release/lib/gluegen-rt-2.3.0-natives-solaris-i586.jar
7f64a8009000-7f64a800a000 r--s 00001000 08:03 111940174                  /home/calcul/Documents/Julien/VoxeLidar/trunk/VoxeLidarGUIFX/target/release/lib/gluegen-rt-2.3.0-natives-solaris-amd64.jar
7f64a800a000-7f64a800b000 r--s 00001000 08:03 111940182                  /home/calcul/Documents/Julien/VoxeLidar/trunk/VoxeLidarGUIFX/target/release/lib/gluegen-rt-2.3.0-natives-macosx-universal.jar
7f64a800b000-7f64a800d000 r--s 00000000 08:03 111940172                  /home/calcul/Documents/Julien/VoxeLidar/trunk/VoxeLidarGUIFX/target/release/lib/gluegen-rt-2.3.0-natives-linux-i586.jar
7f64a800d000-7f64a800e000 r--s 00000000 08:03 111940165                  /home/calcul/Documents/Julien/VoxeLidar/trunk/VoxeLidarGUIFX/target/release/lib/gluegen-rt-2.3.0-natives-linux-armv6hf.jar
7f64a800e000-7f64a801d000 r--p 00000000 08:01 2103070                    /usr/share/locale-langpack/fr/LC_MESSAGES/gtk20.mo
7f64a801d000-7f64a801f000 r-xp 00000000 08:03 107611300                  /home/calcul/Téléchargements/jdk1.8.0_40/jre/lib/amd64/libnpt.so
7f64a801f000-7f64a821f000 ---p 00002000 08:03 107611300                  /home/calcul/Téléchargements/jdk1.8.0_40/jre/lib/amd64/libnpt.so
7f64a821f000-7f64a8220000 rw-p 00002000 08:03 107611300                  /home/calcul/Téléchargements/jdk1.8.0_40/jre/lib/amd64/libnpt.so
7f64a8220000-7f64a824a000 r-xp 00000000 08:03 107611296                  /home/calcul/Téléchargements/jdk1.8.0_40/jre/lib/amd64/libjava.so
7f64a824a000-7f64a844a000 ---p 0002a000 08:03 107611296                  /home/calcul/Téléchargements/jdk1.8.0_40/jre/lib/amd64/libjava.so
7f64a844a000-7f64a844c000 rw-p 0002a000 08:03 107611296                  /home/calcul/Téléchargements/jdk1.8.0_40/jre/lib/amd64/libjava.so
7f64a844c000-7f64a8459000 r-xp 00000000 08:03 107611312                  /home/calcul/Téléchargements/jdk1.8.0_40/jre/lib/amd64/libverify.so
7f64a8459000-7f64a8659000 ---p 0000d000 08:03 107611312                  /home/calcul/Téléchargements/jdk1.8.0_40/jre/lib/amd64/libverify.so
7f64a8659000-7f64a865b000 rw-p 0000d000 08:03 107611312                  /home/calcul/Téléchargements/jdk1.8.0_40/jre/lib/amd64/libverify.so
7f64a865b000-7f64a8662000 r-xp 00000000 08:01 2363305                    /lib/x86_64-linux-gnu/librt-2.17.so
7f64a8662000-7f64a8861000 ---p 00007000 08:01 2363305                    /lib/x86_64-linux-gnu/librt-2.17.so
7f64a8861000-7f64a8862000 r--p 00006000 08:01 2363305                    /lib/x86_64-linux-gnu/librt-2.17.so
7f64a8862000-7f64a8863000 rw-p 00007000 08:01 2363305                    /lib/x86_64-linux-gnu/librt-2.17.so
7f64a8863000-7f64a8966000 r-xp 00000000 08:01 2363233                    /lib/x86_64-linux-gnu/libm-2.17.so
7f64a8966000-7f64a8b65000 ---p 00103000 08:01 2363233                    /lib/x86_64-linux-gnu/libm-2.17.so
7f64a8b65000-7f64a8b66000 r--p 00102000 08:01 2363233                    /lib/x86_64-linux-gnu/libm-2.17.so
7f64a8b66000-7f64a8b67000 rw-p 00103000 08:01 2363233                    /lib/x86_64-linux-gnu/libm-2.17.so
7f64a8b67000-7f64a9815000 r-xp 00000000 08:03 107611334                  /home/calcul/Téléchargements/jdk1.8.0_40/jre/lib/amd64/server/libjvm.so
7f64a9815000-7f64a9a14000 ---p 00cae000 08:03 107611334                  /home/calcul/Téléchargements/jdk1.8.0_40/jre/lib/amd64/server/libjvm.so
7f64a9a14000-7f64a9aeb000 rw-p 00cad000 08:03 107611334                  /home/calcul/Téléchargements/jdk1.8.0_40/jre/lib/amd64/server/libjvm.so
7f64a9aeb000-7f64a9b2f000 rw-p 00000000 00:00 0 
7f64a9b2f000-7f64a9cec000 r-xp 00000000 08:01 2363182                    /lib/x86_64-linux-gnu/libc-2.17.so
7f64a9cec000-7f64a9eec000 ---p 001bd000 08:01 2363182                    /lib/x86_64-linux-gnu/libc-2.17.so
7f64a9eec000-7f64a9ef0000 r--p 001bd000 08:01 2363182                    /lib/x86_64-linux-gnu/libc-2.17.so
7f64a9ef0000-7f64a9ef2000 rw-p 001c1000 08:01 2363182                    /lib/x86_64-linux-gnu/libc-2.17.so
7f64a9ef2000-7f64a9ef7000 rw-p 00000000 00:00 0 
7f64a9ef7000-7f64a9efa000 r-xp 00000000 08:01 2363197                    /lib/x86_64-linux-gnu/libdl-2.17.so
7f64a9efa000-7f64aa0f9000 ---p 00003000 08:01 2363197                    /lib/x86_64-linux-gnu/libdl-2.17.so
7f64aa0f9000-7f64aa0fa000 r--p 00002000 08:01 2363197                    /lib/x86_64-linux-gnu/libdl-2.17.so
7f64aa0fa000-7f64aa0fb000 rw-p 00003000 08:01 2363197                    /lib/x86_64-linux-gnu/libdl-2.17.so
7f64aa0fb000-7f64aa110000 r-xp 00000000 08:03 107611306                  /home/calcul/Téléchargements/jdk1.8.0_40/jre/lib/amd64/jli/libjli.so
7f64aa110000-7f64aa310000 ---p 00015000 08:03 107611306                  /home/calcul/Téléchargements/jdk1.8.0_40/jre/lib/amd64/jli/libjli.so
7f64aa310000-7f64aa311000 rw-p 00015000 08:03 107611306                  /home/calcul/Téléchargements/jdk1.8.0_40/jre/lib/amd64/jli/libjli.so
7f64aa311000-7f64aa328000 r-xp 00000000 08:01 2363297                    /lib/x86_64-linux-gnu/libpthread-2.17.so
7f64aa328000-7f64aa528000 ---p 00017000 08:01 2363297                    /lib/x86_64-linux-gnu/libpthread-2.17.so
7f64aa528000-7f64aa529000 r--p 00017000 08:01 2363297                    /lib/x86_64-linux-gnu/libpthread-2.17.so
7f64aa529000-7f64aa52a000 rw-p 00018000 08:01 2363297                    /lib/x86_64-linux-gnu/libpthread-2.17.so
7f64aa52a000-7f64aa52e000 rw-p 00000000 00:00 0 
7f64aa52e000-7f64aa551000 r-xp 00000000 08:01 2363158                    /lib/x86_64-linux-gnu/ld-2.17.so
7f64aa551000-7f64aa552000 r--s 00000000 08:03 111940175                  /home/calcul/Documents/Julien/VoxeLidar/trunk/VoxeLidarGUIFX/target/release/lib/gluegen-rt-2.3.0-natives-linux-armv6.jar
7f64aa552000-7f64aa554000 r--s 00000000 08:03 111940195                  /home/calcul/Documents/Julien/VoxeLidar/trunk/VoxeLidarGUIFX/target/release/lib/gluegen-rt-2.3.0-natives-linux-amd64.jar
7f64aa554000-7f64aa555000 r--s 00001000 08:03 111940194                  /home/calcul/Documents/Julien/VoxeLidar/trunk/VoxeLidarGUIFX/target/release/lib/gluegen-rt-2.3.0-natives-android-armv6.jar
7f64aa555000-7f64aa556000 r--s 00000000 08:03 111940178                  /home/calcul/Documents/Julien/VoxeLidar/trunk/VoxeLidarGUIFX/target/release/lib/gluegen-rt-2.3.0-natives-android-aarch64.jar
7f64aa556000-7f64aa55c000 r--s 0004a000 08:03 111940173                  /home/calcul/Documents/Julien/VoxeLidar/trunk/VoxeLidarGUIFX/target/release/lib/gluegen-rt-2.3.0.jar
7f64aa55c000-7f64aa55d000 r--s 00000000 08:03 111940164                  /home/calcul/Documents/Julien/VoxeLidar/trunk/VoxeLidarGUIFX/target/release/lib/gluegen-rt-main-2.3.0.jar
7f64aa55d000-7f64aa55e000 rw-s 12b320000 00:05 267                       /dev/dri/card0
7f64aa55e000-7f64aa626000 rw-p 00000000 00:00 0 
7f64aa626000-7f64aa629000 ---p 00000000 00:00 0 
7f64aa629000-7f64aa72b000 rw-p 00000000 00:00 0                          [stack:5853]
7f64aa72b000-7f64aa732000 r--p 00000000 08:03 68424776                   /home/calcul/.config/dconf/user
7f64aa732000-7f64aa733000 r--s 00000000 00:14 100207                     /run/user/1000/dconf/user
7f64aa733000-7f64aa73a000 r--s 00000000 08:01 656385                     /usr/lib/x86_64-linux-gnu/gconv/gconv-modules.cache
7f64aa73a000-7f64aa73b000 rw-s 11deea000 00:05 267                       /dev/dri/card0
7f64aa73b000-7f64aa744000 r--s 008f4000 08:03 111937691                  /home/calcul/Documents/Julien/VoxeLidar/trunk/VoxeLidarGUIFX/target/release/VoxeLidarGUIFX-1.0-r42cac8de.jar
7f64aa744000-7f64aa74c000 rw-s 00000000 08:01 397778                     /tmp/hsperfdata_calcul/5849
7f64aa74c000-7f64aa74d000 rw-p 00000000 00:00 0 
7f64aa74d000-7f64aa74e000 r--p 00000000 00:00 0 
7f64aa74e000-7f64aa750000 rw-p 00000000 00:00 0 
7f64aa750000-7f64aa751000 r--p 00022000 08:01 2363158                    /lib/x86_64-linux-gnu/ld-2.17.so
7f64aa751000-7f64aa753000 rw-p 00023000 08:01 2363158                    /lib/x86_64-linux-gnu/ld-2.17.so
7fff15860000-7fff15881000 rw-p 00000000 00:00 0                          [stack]
7fff15989000-7fff1598b000 r-xp 00000000 00:00 0                          [vdso]
ffffffffff600000-ffffffffff601000 r-xp 00000000 00:00 0                  [vsyscall]

VM Arguments:
jvm_args: -Xdebug -Xmx10g -Xrunjdwp:transport=dt_socket,server=n,address=58366 
java_command: /home/calcul/Documents/Julien/VoxeLidar/trunk/VoxeLidarGUIFX/target/release/VoxeLidarGUIFX-1.0-r42cac8de.jar
java_class_path (initial): /home/calcul/Documents/Julien/VoxeLidar/trunk/VoxeLidarGUIFX/target/release/VoxeLidarGUIFX-1.0-r42cac8de.jar
Launcher Type: SUN_STANDARD

Environment Variables:
JAVA_HOME=/home/calcul/Téléchargements/jdk1.8.0_40
PATH=JAVA_HOME/bin:/usr/lib/lightdm/lightdm:/usr/local/sbin:/usr/local/bin:/usr/sbin:/usr/bin:/sbin:/bin:/usr/games:/usr/local/games
LD_LIBRARY_PATH=/home/calcul/Téléchargements/jdk1.8.0_40/jre/lib/amd64:/home/calcul/Téléchargements/jdk1.8.0_40/jre/lib/i386:
SHELL=/bin/bash
DISPLAY=:0.0

Signal Handlers:
SIGSEGV: [libjvm.so+0xaad2e0], sa_mask[0]=11111111011111111101111111111110, sa_flags=SA_RESTART|SA_SIGINFO
SIGBUS: [libjvm.so+0xaad2e0], sa_mask[0]=11111111011111111101111111111110, sa_flags=SA_RESTART|SA_SIGINFO
SIGFPE: [libjvm.so+0x90b550], sa_mask[0]=11111111011111111101111111111110, sa_flags=SA_RESTART|SA_SIGINFO
SIGPIPE: SIG_IGN, sa_mask[0]=00000000000010000000000000000000, sa_flags=SA_RESTART
SIGXFSZ: [libjvm.so+0x90b550], sa_mask[0]=11111111011111111101111111111110, sa_flags=SA_RESTART|SA_SIGINFO
SIGILL: [libjvm.so+0x90b550], sa_mask[0]=11111111011111111101111111111110, sa_flags=SA_RESTART|SA_SIGINFO
SIGUSR1: SIG_DFL, sa_mask[0]=00000000000000000000000000000000, sa_flags=none
SIGUSR2: [libjvm.so+0x90cb90], sa_mask[0]=00100000000000000000000000000000, sa_flags=SA_RESTART|SA_SIGINFO
SIGHUP: [libjvm.so+0x90dee0], sa_mask[0]=11111111011111111101111111111110, sa_flags=SA_RESTART|SA_SIGINFO
SIGINT: SIG_IGN, sa_mask[0]=00000000000000000000000000000000, sa_flags=none
SIGTERM: [libjvm.so+0x90dee0], sa_mask[0]=11111111011111111101111111111110, sa_flags=SA_RESTART|SA_SIGINFO
SIGQUIT: [libjvm.so+0x90dee0], sa_mask[0]=11111111011111111101111111111110, sa_flags=SA_RESTART|SA_SIGINFO


---------------  S Y S T E M  ---------------

OS:DISTRIB_ID=Ubuntu
DISTRIB_RELEASE=13.10
DISTRIB_CODENAME=saucy
DISTRIB_DESCRIPTION="Ubuntu 13.10"

uname:Linux 3.11.0-26-generic #45-Ubuntu SMP Tue Jul 15 04:02:06 UTC 2014 x86_64
libc:glibc 2.17 NPTL 2.17 
rlimit: STACK 8192k, CORE 0k, NPROC 514862, NOFILE 4096, AS infinity
load average:0,65 0,49 0,53

/proc/meminfo:
MemTotal:       65922644 kB
MemFree:        61600848 kB
Buffers:          150352 kB
Cached:          1171732 kB
SwapCached:            0 kB
Active:          2946632 kB
Inactive:         743180 kB
Active(anon):    2369072 kB
Inactive(anon):    15708 kB
Active(file):     577560 kB
Inactive(file):   727472 kB
Unevictable:         564 kB
Mlocked:             564 kB
SwapTotal:      31250428 kB
SwapFree:       31250428 kB
Dirty:              3844 kB
Writeback:             0 kB
AnonPages:       2368424 kB
Mapped:           249076 kB
Shmem:             17052 kB
Slab:             134296 kB
SReclaimable:      78000 kB
SUnreclaim:        56296 kB
KernelStack:        5864 kB
PageTables:        39196 kB
NFS_Unstable:          0 kB
Bounce:                0 kB
WritebackTmp:          0 kB
CommitLimit:    64211748 kB
Committed_AS:    8240876 kB
VmallocTotal:   34359738367 kB
VmallocUsed:      445508 kB
VmallocChunk:   34325126192 kB
HardwareCorrupted:     0 kB
AnonHugePages:         0 kB
HugePages_Total:       0
HugePages_Free:        0
HugePages_Rsvd:        0
HugePages_Surp:        0
Hugepagesize:       2048 kB
DirectMap4k:      109172 kB
DirectMap2M:     5076992 kB
DirectMap1G:    61865984 kB


CPU:total 8 (4 cores per cpu, 1 threads per core) family 6 model 62 stepping 4, cmov, cx8, fxsr, mmx, sse, sse2, sse3, ssse3, sse4.1, sse4.2, popcnt, avx, aes, clmul, erms, tsc, tscinvbit

/proc/cpuinfo:
processor	: 0
vendor_id	: GenuineIntel
cpu family	: 6
model		: 62
model name	: Intel(R) Xeon(R) CPU E5-2609 v2 @ 2.50GHz
stepping	: 4
microcode	: 0x416
cpu MHz		: 2500.000
cache size	: 10240 KB
physical id	: 0
siblings	: 4
core id		: 0
cpu cores	: 4
apicid		: 0
initial apicid	: 0
fpu		: yes
fpu_exception	: yes
cpuid level	: 13
wp		: yes
flags		: fpu vme de pse tsc msr pae mce cx8 apic sep mtrr pge mca cmov pat pse36 clflush dts acpi mmx fxsr sse sse2 ss ht tm pbe syscall nx pdpe1gb rdtscp lm constant_tsc arch_perfmon pebs bts rep_good nopl xtopology nonstop_tsc aperfmperf eagerfpu pni pclmulqdq dtes64 monitor ds_cpl vmx smx est tm2 ssse3 cx16 xtpr pdcm pcid dca sse4_1 sse4_2 x2apic popcnt tsc_deadline_timer aes xsave avx f16c rdrand lahf_lm arat epb xsaveopt pln pts dtherm tpr_shadow vnmi flexpriority ept vpid fsgsbase smep erms
bogomips	: 4988.12
clflush size	: 64
cache_alignment	: 64
address sizes	: 46 bits physical, 48 bits virtual
power management:

processor	: 1
vendor_id	: GenuineIntel
cpu family	: 6
model		: 62
model name	: Intel(R) Xeon(R) CPU E5-2609 v2 @ 2.50GHz
stepping	: 4
microcode	: 0x416
cpu MHz		: 1200.000
cache size	: 10240 KB
physical id	: 0
siblings	: 4
core id		: 1
cpu cores	: 4
apicid		: 2
initial apicid	: 2
fpu		: yes
fpu_exception	: yes
cpuid level	: 13
wp		: yes
flags		: fpu vme de pse tsc msr pae mce cx8 apic sep mtrr pge mca cmov pat pse36 clflush dts acpi mmx fxsr sse sse2 ss ht tm pbe syscall nx pdpe1gb rdtscp lm constant_tsc arch_perfmon pebs bts rep_good nopl xtopology nonstop_tsc aperfmperf eagerfpu pni pclmulqdq dtes64 monitor ds_cpl vmx smx est tm2 ssse3 cx16 xtpr pdcm pcid dca sse4_1 sse4_2 x2apic popcnt tsc_deadline_timer aes xsave avx f16c rdrand lahf_lm arat epb xsaveopt pln pts dtherm tpr_shadow vnmi flexpriority ept vpid fsgsbase smep erms
bogomips	: 4988.12
clflush size	: 64
cache_alignment	: 64
address sizes	: 46 bits physical, 48 bits virtual
power management:

processor	: 2
vendor_id	: GenuineIntel
cpu family	: 6
model		: 62
model name	: Intel(R) Xeon(R) CPU E5-2609 v2 @ 2.50GHz
stepping	: 4
microcode	: 0x416
cpu MHz		: 1200.000
cache size	: 10240 KB
physical id	: 0
siblings	: 4
core id		: 2
cpu cores	: 4
apicid		: 4
initial apicid	: 4
fpu		: yes
fpu_exception	: yes
cpuid level	: 13
wp		: yes
flags		: fpu vme de pse tsc msr pae mce cx8 apic sep mtrr pge mca cmov pat pse36 clflush dts acpi mmx fxsr sse sse2 ss ht tm pbe syscall nx pdpe1gb rdtscp lm constant_tsc arch_perfmon pebs bts rep_good nopl xtopology nonstop_tsc aperfmperf eagerfpu pni pclmulqdq dtes64 monitor ds_cpl vmx smx est tm2 ssse3 cx16 xtpr pdcm pcid dca sse4_1 sse4_2 x2apic popcnt tsc_deadline_timer aes xsave avx f16c rdrand lahf_lm arat epb xsaveopt pln pts dtherm tpr_shadow vnmi flexpriority ept vpid fsgsbase smep erms
bogomips	: 4988.12
clflush size	: 64
cache_alignment	: 64
address sizes	: 46 bits physical, 48 bits virtual
power management:

processor	: 3
vendor_id	: GenuineIntel
cpu family	: 6
model		: 62
model name	: Intel(R) Xeon(R) CPU E5-2609 v2 @ 2.50GHz
stepping	: 4
microcode	: 0x416
cpu MHz		: 1200.000
cache size	: 10240 KB
physical id	: 0
siblings	: 4
core id		: 3
cpu cores	: 4
apicid		: 6
initial apicid	: 6
fpu		: yes
fpu_exception	: yes
cpuid level	: 13
wp		: yes
flags		: fpu vme de pse tsc msr pae mce cx8 apic sep mtrr pge mca cmov pat pse36 clflush dts acpi mmx fxsr sse sse2 ss ht tm pbe syscall nx pdpe1gb rdtscp lm constant_tsc arch_perfmon pebs bts rep_good nopl xtopology nonstop_tsc aperfmperf eagerfpu pni pclmulqdq dtes64 monitor ds_cpl vmx smx est tm2 ssse3 cx16 xtpr pdcm pcid dca sse4_1 sse4_2 x2apic popcnt tsc_deadline_timer aes xsave avx f16c rdrand lahf_lm arat epb xsaveopt pln pts dtherm tpr_shadow vnmi flexpriority ept vpid fsgsbase smep erms
bogomips	: 4988.12
clflush size	: 64
cache_alignment	: 64
address sizes	: 46 bits physical, 48 bits virtual
power management:

processor	: 4
vendor_id	: GenuineIntel
cpu family	: 6
model		: 62
model name	: Intel(R) Xeon(R) CPU E5-2609 v2 @ 2.50GHz
stepping	: 4
microcode	: 0x416
cpu MHz		: 1200.000
cache size	: 10240 KB
physical id	: 1
siblings	: 4
core id		: 0
cpu cores	: 4
apicid		: 32
initial apicid	: 32
fpu		: yes
fpu_exception	: yes
cpuid level	: 13
wp		: yes
flags		: fpu vme de pse tsc msr pae mce cx8 apic sep mtrr pge mca cmov pat pse36 clflush dts acpi mmx fxsr sse sse2 ss ht tm pbe syscall nx pdpe1gb rdtscp lm constant_tsc arch_perfmon pebs bts rep_good nopl xtopology nonstop_tsc aperfmperf eagerfpu pni pclmulqdq dtes64 monitor ds_cpl vmx smx est tm2 ssse3 cx16 xtpr pdcm pcid dca sse4_1 sse4_2 x2apic popcnt tsc_deadline_timer aes xsave avx f16c rdrand lahf_lm arat epb xsaveopt pln pts dtherm tpr_shadow vnmi flexpriority ept vpid fsgsbase smep erms
bogomips	: 4989.71
clflush size	: 64
cache_alignment	: 64
address sizes	: 46 bits physical, 48 bits virtual
power management:

processor	: 5
vendor_id	: GenuineIntel
cpu family	: 6
model		: 62
model name	: Intel(R) Xeon(R) CPU E5-2609 v2 @ 2.50GHz
stepping	: 4
microcode	: 0x416
cpu MHz		: 1200.000
cache size	: 10240 KB
physical id	: 1
siblings	: 4
core id		: 1
cpu cores	: 4
apicid		: 34
initial apicid	: 34
fpu		: yes
fpu_exception	: yes
cpuid level	: 13
wp		: yes
flags		: fpu vme de pse tsc msr pae mce cx8 apic sep mtrr pge mca cmov pat pse36 clflush dts acpi mmx fxsr sse sse2 ss ht tm pbe syscall nx pdpe1gb rdtscp lm constant_tsc arch_perfmon pebs bts rep_good nopl xtopology nonstop_tsc aperfmperf eagerfpu pni pclmulqdq dtes64 monitor ds_cpl vmx smx est tm2 ssse3 cx16 xtpr pdcm pcid dca sse4_1 sse4_2 x2apic popcnt tsc_deadline_timer aes xsave avx f16c rdrand lahf_lm arat epb xsaveopt pln pts dtherm tpr_shadow vnmi flexpriority ept vpid fsgsbase smep erms
bogomips	: 4989.71
clflush size	: 64
cache_alignment	: 64
address sizes	: 46 bits physical, 48 bits virtual
power management:

processor	: 6
vendor_id	: GenuineIntel
cpu family	: 6
model		: 62
model name	: Intel(R) Xeon(R) CPU E5-2609 v2 @ 2.50GHz
stepping	: 4
microcode	: 0x416
cpu MHz		: 1200.000
cache size	: 10240 KB
physical id	: 1
siblings	: 4
core id		: 2
cpu cores	: 4
apicid		: 36
initial apicid	: 36
fpu		: yes
fpu_exception	: yes
cpuid level	: 13
wp		: yes
flags		: fpu vme de pse tsc msr pae mce cx8 apic sep mtrr pge mca cmov pat pse36 clflush dts acpi mmx fxsr sse sse2 ss ht tm pbe syscall nx pdpe1gb rdtscp lm constant_tsc arch_perfmon pebs bts rep_good nopl xtopology nonstop_tsc aperfmperf eagerfpu pni pclmulqdq dtes64 monitor ds_cpl vmx smx est tm2 ssse3 cx16 xtpr pdcm pcid dca sse4_1 sse4_2 x2apic popcnt tsc_deadline_timer aes xsave avx f16c rdrand lahf_lm arat epb xsaveopt pln pts dtherm tpr_shadow vnmi flexpriority ept vpid fsgsbase smep erms
bogomips	: 4989.71
clflush size	: 64
cache_alignment	: 64
address sizes	: 46 bits physical, 48 bits virtual
power management:

processor	: 7
vendor_id	: GenuineIntel
cpu family	: 6
model		: 62
model name	: Intel(R) Xeon(R) CPU E5-2609 v2 @ 2.50GHz
stepping	: 4
microcode	: 0x416
cpu MHz		: 1200.000
cache size	: 10240 KB
physical id	: 1
siblings	: 4
core id		: 3
cpu cores	: 4
apicid		: 38
initial apicid	: 38
fpu		: yes
fpu_exception	: yes
cpuid level	: 13
wp		: yes
flags		: fpu vme de pse tsc msr pae mce cx8 apic sep mtrr pge mca cmov pat pse36 clflush dts acpi mmx fxsr sse sse2 ss ht tm pbe syscall nx pdpe1gb rdtscp lm constant_tsc arch_perfmon pebs bts rep_good nopl xtopology nonstop_tsc aperfmperf eagerfpu pni pclmulqdq dtes64 monitor ds_cpl vmx smx est tm2 ssse3 cx16 xtpr pdcm pcid dca sse4_1 sse4_2 x2apic popcnt tsc_deadline_timer aes xsave avx f16c rdrand lahf_lm arat epb xsaveopt pln pts dtherm tpr_shadow vnmi flexpriority ept vpid fsgsbase smep erms
bogomips	: 4989.71
clflush size	: 64
cache_alignment	: 64
address sizes	: 46 bits physical, 48 bits virtual
power management:



Memory: 4k page, physical 65922644k(61600848k free), swap 31250428k(31250428k free)

vm_info: Java HotSpot(TM) 64-Bit Server VM (25.40-b25) for linux-amd64 JRE (1.8.0_40-b26), built on Mar  7 2015 15:08:31 by "java_re" with gcc 4.3.0 20080428 (Red Hat 4.3.0-8)

time: Fri Apr 24 19:30:21 2015
elapsed time: 10 seconds (0d 0h 0m 10s)

