#
# A fatal error has been detected by the Java Runtime Environment:
#
#  SIGSEGV (0xb) at pc=0x00007f36d0e62793, pid=7194, tid=139873250940672
#
# JRE version: Java(TM) SE Runtime Environment (8.0_40-b26) (build 1.8.0_40-b26)
# Java VM: Java HotSpot(TM) 64-Bit Server VM (25.40-b25 mixed mode linux-amd64 compressed oops)
# Problematic frame:
# C  [libstdc++.so.6+0x93793]  std::basic_ostream<char, std::char_traits<char> >& std::operator<< <char, std::char_traits<char>, std::allocator<char> >(std::basic_ostream<char, std::char_traits<char> >&, std::basic_string<char, std::char_traits<char>, std::allocator<char> > const&)+0x3
#
# Failed to write core dump. Core dumps have been disabled. To enable core dumping, try "ulimit -c unlimited" before starting Java again
#
# If you would like to submit a bug report, please visit:
#   http://bugreport.java.com/bugreport/crash.jsp
# The crash happened outside the Java Virtual Machine in native code.
# See problematic frame for where to report the bug.
#

---------------  T H R E A D  ---------------

Current thread (0x00007f375843b800):  JavaThread "JavaFX Application Thread" [_thread_in_native, id=7227, stack(0x00007f36c75f9000,0x00007f36c76fa000)]

siginfo: si_signo: 11 (SIGSEGV), si_code: 1 (SEGV_MAPERR), si_addr: 0xffffffffffffffee

Registers:
RAX=0x00007f36d10d0700, RBX=0x00007f3744e90ce0, RCX=0xffffffffffffffff, RDX=0x0000000000000008
RSP=0x00007f36c76f6e38, RBP=0x00007f36c76f6e70, RSI=0x0000000000000006, RDI=0x00007f36d10d0700
R8 =0x00000000ffffffff, R9 =0x00007f36c76f9700, R10=0x00007f36c76f6be0, R11=0x00007f36d0e62790
R12=0x0000000000000000, R13=0x00007f3744e90ce0, R14=0x00007f36c76f6f08, R15=0x00007f375843b800
RIP=0x00007f36d0e62793, EFLAGS=0x0000000000010202, CSGSFS=0x0000000000000033, ERR=0x0000000000000005
  TRAPNO=0x000000000000000e

Top of Stack: (sp=0x00007f36c76f6e38)
0x00007f36c76f6e38:   00007f36c70fced0 00007f36c76f6e80
0x00007f36c76f6e48:   00007f36b0319db0 00007f36c76f6f08
0x00007f36c76f6e58:   00007f375843b9f8 00007f36b0319db0
0x00007f36c76f6e68:   00007f36b0319db0 00007f36c76f6ed8
0x00007f36c76f6e78:   00007f3747cdbe84 00007f36c76f6ed8
0x00007f36c76f6e88:   00007f3747cdb947 00007f3747cdb902
0x00007f36c76f6e98:   00007f36c76f6e98 00007f3744e90ce0
0x00007f36c76f6ea8:   00007f36c76f6f08 00007f3744e914f0
0x00007f36c76f6eb8:   0000000000000000 00007f3744e90ce0
0x00007f36c76f6ec8:   0000000000000000 00007f36c76f6ef8
0x00007f36c76f6ed8:   00007f36c76f6f50 00007f3747cc6ccd
0x00007f36c76f6ee8:   0000000000000000 00007f3747cd27d8
0x00007f36c76f6ef8:   00007f36b0319db0 00000006ec901928
0x00007f36c76f6f08:   00000006ec901928 00007f36c76f6f10
0x00007f36c76f6f18:   00007f3744e9104d 00007f36c76f6f60
0x00007f36c76f6f28:   00007f3744e914f0 0000000000000000
0x00007f36c76f6f38:   00007f3744e91070 00007f36c76f6ef8
0x00007f36c76f6f48:   00007f36c76f6f60 00007f36c76f6fa8
0x00007f36c76f6f58:   00007f3747cc6ccd 00000006ec901928
0x00007f36c76f6f68:   00007f36c76f6f68 00007f3744ca16e8
0x00007f36c76f6f78:   00007f36c76f6ff8 00007f3744ca1900
0x00007f36c76f6f88:   0000000000000000 00007f3744ca17d8
0x00007f36c76f6f98:   00007f36c76f6f60 00007f36c76f6ff0
0x00007f36c76f6fa8:   00007f36c76f7040 00007f3747cc6ccd
0x00007f36c76f6fb8:   0000000000000000 0000000000000000
0x00007f36c76f6fc8:   0000000000000000 0000000000000000
0x00007f36c76f6fd8:   0000000000000000 00000006ec909ce8
0x00007f36c76f6fe8:   00000006ec901928 00000006ec521218
0x00007f36c76f6ff8:   00000006ec4bfc10 00007f36c76f7000
0x00007f36c76f7008:   00007f3744ca852c 00007f36c76f7060
0x00007f36c76f7018:   00007f3744caaeb0 0000000000000000
0x00007f36c76f7028:   00007f3744ca8560 00007f36c76f6ff0 

Instructions: (pc=0x00007f36d0e62793)
0x00007f36d0e62773:   fc ff 85 c0 0f 95 c0 48 83 c4 08 0f b6 c0 f7 d8
0x00007f36d0e62783:   c3 66 2e 0f 1f 84 00 00 00 00 00 66 90 48 8b 36
0x00007f36d0e62793:   48 8b 56 e8 e9 e4 6d fc ff 0f 1f 40 00 41 54 55
0x00007f36d0e627a3:   48 89 fd 53 48 8b 07 48 8b 40 e8 48 8b 9c 07 f0 

Register to memory mapping:

RAX=0x00007f36d10d0700: _ZSt4cout+0 in /usr/lib/x86_64-linux-gnu/libstdc++.so.6 at 0x00007f36d0dcf000
RBX={method} {0x00007f3744e90ce0} 'closeConnexion' '(J)V' in 'fr/ird/voxelidar/voxelisation/extraction/tls/RxpExtraction'
RCX=0xffffffffffffffff is an unknown value
RDX=0x0000000000000008 is an unknown value
RSP=0x00007f36c76f6e38 is pointing into the stack for thread: 0x00007f375843b800
RBP=0x00007f36c76f6e70 is pointing into the stack for thread: 0x00007f375843b800
RSI=0x0000000000000006 is an unknown value
RDI=0x00007f36d10d0700: _ZSt4cout+0 in /usr/lib/x86_64-linux-gnu/libstdc++.so.6 at 0x00007f36d0dcf000
R8 =0x00000000ffffffff is an unknown value
R9 =0x00007f36c76f9700 is pointing into the stack for thread: 0x00007f375843b800
R10=0x00007f36c76f6be0 is pointing into the stack for thread: 0x00007f375843b800
R11=0x00007f36d0e62790: _ZStlsIcSt11char_traitsIcESaIcEERSt13basic_ostreamIT_T0_ES7_RKSbIS4_S5_T1_E+0 in /usr/lib/x86_64-linux-gnu/libstdc++.so.6 at 0x00007f36d0dcf000
R12=0x0000000000000000 is an unknown value
R13={method} {0x00007f3744e90ce0} 'closeConnexion' '(J)V' in 'fr/ird/voxelidar/voxelisation/extraction/tls/RxpExtraction'
R14=0x00007f36c76f6f08 is pointing into the stack for thread: 0x00007f375843b800
R15=0x00007f375843b800 is a thread


Stack: [0x00007f36c75f9000,0x00007f36c76fa000],  sp=0x00007f36c76f6e38,  free space=1015k
Native frames: (J=compiled Java code, j=interpreted, Vv=VM code, C=native code)
C  [libstdc++.so.6+0x93793]  std::basic_ostream<char, std::char_traits<char> >& std::operator<< <char, std::char_traits<char>, std::allocator<char> >(std::basic_ostream<char, std::char_traits<char> >&, std::basic_string<char, std::char_traits<char>, std::allocator<char> > const&)+0x3
j  fr.ird.voxelidar.voxelisation.extraction.tls.RxpExtraction.closeConnexion(J)V+0
j  fr.ird.voxelidar.voxelisation.extraction.tls.RxpExtraction.close()V+5
j  fr.ird.voxelidar.FXPrincipal.start(Ljavafx/stage/Stage;)V+56
j  com.sun.javafx.application.LauncherImpl.lambda$launchApplication1$159(Ljava/util/concurrent/atomic/AtomicBoolean;Ljavafx/application/Application;)V+20
j  com.sun.javafx.application.LauncherImpl$$Lambda$58.run()V+8
j  com.sun.javafx.application.PlatformImpl.lambda$runAndWait$172(Ljava/lang/Runnable;Ljava/util/concurrent/CountDownLatch;)V+1
j  com.sun.javafx.application.PlatformImpl$$Lambda$51.run()V+8
j  com.sun.javafx.application.PlatformImpl.lambda$null$170(Ljava/lang/Runnable;)Ljava/lang/Void;+1
j  com.sun.javafx.application.PlatformImpl$$Lambda$53.run()Ljava/lang/Object;+4
v  ~StubRoutines::call_stub
V  [libjvm.so+0x681a56]  JavaCalls::call_helper(JavaValue*, methodHandle*, JavaCallArguments*, Thread*)+0x1056
V  [libjvm.so+0x71980c]  JVM_DoPrivileged+0x27c
j  java.security.AccessController.doPrivileged(Ljava/security/PrivilegedAction;Ljava/security/AccessControlContext;)Ljava/lang/Object;+0
j  com.sun.javafx.application.PlatformImpl.lambda$runLater$171(Ljava/lang/Runnable;Ljava/security/AccessControlContext;)V+7
j  com.sun.javafx.application.PlatformImpl$$Lambda$52.run()V+8
j  com.sun.glass.ui.InvokeLaterDispatcher$Future.run()V+4
v  ~StubRoutines::call_stub
V  [libjvm.so+0x681a56]  JavaCalls::call_helper(JavaValue*, methodHandle*, JavaCallArguments*, Thread*)+0x1056
V  [libjvm.so+0x6c435b]  jni_invoke_nonstatic(JNIEnv_*, JavaValue*, _jobject*, JNICallType, _jmethodID*, JNI_ArgumentPusher*, Thread*)+0x41b
V  [libjvm.so+0x6c871f]  jni_CallVoidMethodV+0x10f
C  [libglass.so+0x1b798]  JNIEnv_::CallVoidMethod(_jobject*, _jmethodID*, ...)+0x98
C  [libglass.so+0x25144]  call_runnable(void*)+0x34
C  [libgdk-x11-2.0.so.0+0x1dcf7]

Java frames: (J=compiled Java code, j=interpreted, Vv=VM code)
j  fr.ird.voxelidar.voxelisation.extraction.tls.RxpExtraction.closeConnexion(J)V+0
j  fr.ird.voxelidar.voxelisation.extraction.tls.RxpExtraction.close()V+5
j  fr.ird.voxelidar.FXPrincipal.start(Ljavafx/stage/Stage;)V+56
j  com.sun.javafx.application.LauncherImpl.lambda$launchApplication1$159(Ljava/util/concurrent/atomic/AtomicBoolean;Ljavafx/application/Application;)V+20
j  com.sun.javafx.application.LauncherImpl$$Lambda$58.run()V+8
j  com.sun.javafx.application.PlatformImpl.lambda$runAndWait$172(Ljava/lang/Runnable;Ljava/util/concurrent/CountDownLatch;)V+1
j  com.sun.javafx.application.PlatformImpl$$Lambda$51.run()V+8
j  com.sun.javafx.application.PlatformImpl.lambda$null$170(Ljava/lang/Runnable;)Ljava/lang/Void;+1
j  com.sun.javafx.application.PlatformImpl$$Lambda$53.run()Ljava/lang/Object;+4
v  ~StubRoutines::call_stub
j  java.security.AccessController.doPrivileged(Ljava/security/PrivilegedAction;Ljava/security/AccessControlContext;)Ljava/lang/Object;+0
j  com.sun.javafx.application.PlatformImpl.lambda$runLater$171(Ljava/lang/Runnable;Ljava/security/AccessControlContext;)V+7
j  com.sun.javafx.application.PlatformImpl$$Lambda$52.run()V+8
j  com.sun.glass.ui.InvokeLaterDispatcher$Future.run()V+4
v  ~StubRoutines::call_stub
j  com.sun.glass.ui.gtk.GtkApplication._runLoop(Ljava/lang/Runnable;Z)V+0
j  com.sun.glass.ui.gtk.GtkApplication.lambda$null$48(Ljava/lang/Runnable;Z)V+7
j  com.sun.glass.ui.gtk.GtkApplication$$Lambda$41.run()V+12
j  java.lang.Thread.run()V+11
v  ~StubRoutines::call_stub

---------------  P R O C E S S  ---------------

Java Threads: ( => current thread )
  0x00007f3758440800 JavaThread "JavaFX-Launcher" [_thread_blocked, id=7228, stack(0x00007f36c7478000,0x00007f36c7579000)]
=>0x00007f375843b800 JavaThread "JavaFX Application Thread" [_thread_in_native, id=7227, stack(0x00007f36c75f9000,0x00007f36c76fa000)]
  0x00007f3758437800 JavaThread "Thread-1" daemon [_thread_blocked, id=7226, stack(0x00007f36c76fa000,0x00007f36c77fb000)]
  0x00007f3758371800 JavaThread "QuantumRenderer-0" daemon [_thread_blocked, id=7223, stack(0x00007f3724644000,0x00007f3724745000)]
  0x00007f3758224000 JavaThread "Service Thread" daemon [_thread_blocked, id=7221, stack(0x00007f37248db000,0x00007f37249dc000)]
  0x00007f375821e800 JavaThread "C1 CompilerThread3" daemon [_thread_blocked, id=7220, stack(0x00007f37249dc000,0x00007f3724add000)]
  0x00007f375821c000 JavaThread "C2 CompilerThread2" daemon [_thread_blocked, id=7219, stack(0x00007f3724add000,0x00007f3724bde000)]
  0x00007f375821a800 JavaThread "C2 CompilerThread1" daemon [_thread_blocked, id=7218, stack(0x00007f3724bde000,0x00007f3724cdf000)]
  0x00007f3758217800 JavaThread "C2 CompilerThread0" daemon [_thread_blocked, id=7217, stack(0x00007f3724cdf000,0x00007f3724de0000)]
  0x00007f36f4001000 JavaThread "JDWP Command Reader" daemon [_thread_in_native, id=7215, stack(0x00007f3724de0000,0x00007f3724ee1000)]
  0x00007f3758215000 JavaThread "JDWP Event Helper Thread" daemon [_thread_blocked, id=7214, stack(0x00007f3724ee1000,0x00007f3724fe2000)]
  0x00007f3758212000 JavaThread "JDWP Transport Listener: dt_socket" daemon [_thread_blocked, id=7211, stack(0x00007f3724fe2000,0x00007f37250e3000)]
  0x00007f3758205800 JavaThread "Signal Dispatcher" daemon [_thread_blocked, id=7210, stack(0x00007f37252e7000,0x00007f37253e8000)]
  0x00007f37581d0800 JavaThread "Finalizer" daemon [_thread_blocked, id=7209, stack(0x00007f37253e8000,0x00007f37254e9000)]
  0x00007f37581ce800 JavaThread "Reference Handler" daemon [_thread_blocked, id=7208, stack(0x00007f37254e9000,0x00007f37255ea000)]
  0x00007f375800c000 JavaThread "main" [_thread_blocked, id=7198, stack(0x00007f375e824000,0x00007f375e925000)]

Other Threads:
  0x00007f37581c9800 VMThread [stack: 0x00007f37255ea000,0x00007f37256eb000] [id=7207]
  0x00007f3758226800 WatcherThread [stack: 0x00007f37247da000,0x00007f37248db000] [id=7222]

VM state:not at safepoint (normal execution)

VM Mutex/Monitor currently owned by a thread: None

Heap:
 PSYoungGen      total 300544K, used 41288K [0x00000006eab00000, 0x00000006ffa00000, 0x00000007c0000000)
  eden space 258048K, 16% used [0x00000006eab00000,0x00000006ed352090,0x00000006fa700000)
  from space 42496K, 0% used [0x00000006fd080000,0x00000006fd080000,0x00000006ffa00000)
  to   space 42496K, 0% used [0x00000006fa700000,0x00000006fa700000,0x00000006fd080000)
 ParOldGen       total 687104K, used 0K [0x0000000540000000, 0x0000000569f00000, 0x00000006eab00000)
  object space 687104K, 0% used [0x0000000540000000,0x0000000540000000,0x0000000569f00000)
 Metaspace       used 8257K, capacity 8582K, committed 8832K, reserved 1056768K
  class space    used 1006K, capacity 1133K, committed 1152K, reserved 1048576K

Card table byte_map: [0x00007f37464fe000,0x00007f37478ff000] byte_map_base: 0x00007f3743afe000

Marking Bits: (ParMarkBitMap*) 0x00007f375dd026c0
 Begin Bits: [0x00007f370c000000, 0x00007f3716000000)
 End Bits:   [0x00007f3716000000, 0x00007f3720000000)

Polling page: 0x00007f375e94b000

CodeCache: size=245760Kb used=2499Kb max_used=2509Kb free=243260Kb
 bounds [0x00007f3747cbf000, 0x00007f3747f3f000, 0x00007f3756cbf000]
 total_blobs=1034 nmethods=611 adapters=345
 compilation: enabled

Compilation events (10 events):
Event: 0,625 Thread 0x00007f375821e800  607   !   3       java.util.zip.InflaterInputStream::read (138 bytes)
Event: 0,626 Thread 0x00007f375821e800 nmethod 607 0x00007f3747f2d650 code [0x00007f3747f2d900, 0x00007f3747f2ea48]
Event: 0,626 Thread 0x00007f375821e800  608       3       java.util.zip.InflaterInputStream::ensureOpen (18 bytes)
Event: 0,626 Thread 0x00007f375821e800 nmethod 608 0x00007f3747f2f410 code [0x00007f3747f2f5a0, 0x00007f3747f2f808]
Event: 0,634 Thread 0x00007f375821c000  609       4       java.lang.String::getChars (62 bytes)
Event: 0,634 Thread 0x00007f375821e800  611       3       java.lang.String::getBytes (27 bytes)
Event: 0,635 Thread 0x00007f375821e800 nmethod 611 0x00007f3747f2fad0 code [0x00007f3747f2fc60, 0x00007f3747f2fef8]
Event: 0,635 Thread 0x00007f375821e800  610       3       java.nio.Buffer::position (43 bytes)
Event: 0,635 Thread 0x00007f375821e800 nmethod 610 0x00007f3747f30050 code [0x00007f3747f301e0, 0x00007f3747f304a8]
Event: 0,636 Thread 0x00007f375821c000 nmethod 609 0x00007f3747f333d0 code [0x00007f3747f33540, 0x00007f3747f33798]

GC Heap History (0 events):
No events

Deoptimization events (2 events):
Event: 0,502 Thread 0x00007f375843b800 Uncommon trap: reason=unstable_if action=reinterpret pc=0x00007f3747e7b7f8 method=java.lang.String.replace(CC)Ljava/lang/String; @ 2
Event: 0,523 Thread 0x00007f375843b800 Uncommon trap: reason=unstable_if action=reinterpret pc=0x00007f3747eaa6b0 method=java.lang.String.indexOf([CII[CIII)I @ 134

Internal exceptions (10 events):
Event: 0,586 Thread 0x00007f375843b800 Exception <a 'java/lang/ClassNotFoundException': org/apache/log4j/RollingFileAppenderBeanInfo> (0x00000006ec7f4080) thrown at [/HUDSON/workspace/8-2-build-linux-amd64/jdk8u40/3098/hotspot/src/share/vm/classfile/systemDictionary.cpp, line 210]
Event: 0,586 Thread 0x00007f375843b800 Exception <a 'java/lang/ClassNotFoundException': org/apache/log4j/FileAppenderBeanInfo> (0x00000006ec7fc9a8) thrown at [/HUDSON/workspace/8-2-build-linux-amd64/jdk8u40/3098/hotspot/src/share/vm/classfile/systemDictionary.cpp, line 210]
Event: 0,587 Thread 0x00007f375843b800 Exception <a 'java/lang/ClassNotFoundException': org/apache/log4j/WriterAppenderBeanInfo> (0x00000006ec805590) thrown at [/HUDSON/workspace/8-2-build-linux-amd64/jdk8u40/3098/hotspot/src/share/vm/classfile/systemDictionary.cpp, line 210]
Event: 0,587 Thread 0x00007f375843b800 Exception <a 'java/lang/ClassNotFoundException': org/apache/log4j/AppenderSkeletonBeanInfo> (0x00000006ec80e4a8) thrown at [/HUDSON/workspace/8-2-build-linux-amd64/jdk8u40/3098/hotspot/src/share/vm/classfile/systemDictionary.cpp, line 210]
Event: 0,588 Thread 0x00007f375843b800 Exception <a 'java/lang/ClassNotFoundException': org/apache/log4j/AppenderSkeletonCustomizer> (0x00000006ec817b48) thrown at [/HUDSON/workspace/8-2-build-linux-amd64/jdk8u40/3098/hotspot/src/share/vm/classfile/systemDictionary.cpp, line 210]
Event: 0,590 Thread 0x00007f375843b800 Exception <a 'java/lang/ClassNotFoundException': org/apache/log4j/WriterAppenderCustomizer> (0x00000006ec835100) thrown at [/HUDSON/workspace/8-2-build-linux-amd64/jdk8u40/3098/hotspot/src/share/vm/classfile/systemDictionary.cpp, line 210]
Event: 0,592 Thread 0x00007f375843b800 Exception <a 'java/lang/ClassNotFoundException': org/apache/log4j/FileAppenderCustomizer> (0x00000006ec84a368) thrown at [/HUDSON/workspace/8-2-build-linux-amd64/jdk8u40/3098/hotspot/src/share/vm/classfile/systemDictionary.cpp, line 210]
Event: 0,594 Thread 0x00007f375843b800 Exception <a 'java/lang/ClassNotFoundException': org/apache/log4j/RollingFileAppenderCustomizer> (0x00000006ec8607b0) thrown at [/HUDSON/workspace/8-2-build-linux-amd64/jdk8u40/3098/hotspot/src/share/vm/classfile/systemDictionary.cpp, line 210]
Event: 0,600 Thread 0x00007f375843b800 Exception <a 'java/lang/ClassNotFoundException': org/apache/log4j/ConsoleAppenderBeanInfo> (0x00000006ec8987e0) thrown at [/HUDSON/workspace/8-2-build-linux-amd64/jdk8u40/3098/hotspot/src/share/vm/classfile/systemDictionary.cpp, line 210]
Event: 0,600 Thread 0x00007f375843b800 Exception <a 'java/lang/ClassNotFoundException': org/apache/log4j/ConsoleAppenderCustomizer> (0x00000006ec8a1658) thrown at [/HUDSON/workspace/8-2-build-linux-amd64/jdk8u40/3098/hotspot/src/share/vm/classfile/systemDictionary.cpp, line 210]

Events (10 events):
Event: 0,650 Thread 0x00007f375843b800 DEOPT PACKING pc=0x00007f3747e46f34 sp=0x00007f36c76f5e70
Event: 0,650 Thread 0x00007f375843b800 DEOPT UNPACKING pc=0x00007f3747d06633 sp=0x00007f36c76f5cb0 mode 1
Event: 0,654 Executing VM operation: ChangeBreakpoints
Event: 0,654 Executing VM operation: ChangeBreakpoints done
Event: 0,671 loading class com/sun/javafx/WeakReferenceQueue$1
Event: 0,671 loading class com/sun/javafx/WeakReferenceQueue$1 done
Event: 4,093 Executing VM operation: EnableBiasedLocking
Event: 4,093 Executing VM operation: EnableBiasedLocking done
Event: 4,949 Executing VM operation: GetOrSetLocal
Event: 4,950 Executing VM operation: GetOrSetLocal done


Dynamic libraries:
00400000-00401000 r-xp 00000000 08:03 107611431                          /home/calcul/Téléchargements/jdk1.8.0_40/jre/bin/java
00600000-00601000 rw-p 00000000 08:03 107611431                          /home/calcul/Téléchargements/jdk1.8.0_40/jre/bin/java
014cc000-014ed000 rw-p 00000000 00:00 0                                  [heap]
540000000-569f00000 rw-p 00000000 00:00 0 
569f00000-6eab00000 ---p 00000000 00:00 0 
6eab00000-6ffa00000 rw-p 00000000 00:00 0 
6ffa00000-7c0000000 ---p 00000000 00:00 0 
7c0000000-7c0120000 rw-p 00000000 00:00 0 
7c0120000-800000000 ---p 00000000 00:00 0 
7f36b0000000-7f36b05e2000 rw-p 00000000 00:00 0 
7f36b05e2000-7f36b4000000 ---p 00000000 00:00 0 
7f36b4000000-7f36b4021000 rw-p 00000000 00:00 0 
7f36b4021000-7f36b8000000 ---p 00000000 00:00 0 
7f36b8000000-7f36b8022000 rw-p 00000000 00:00 0 
7f36b8022000-7f36bc000000 ---p 00000000 00:00 0 
7f36bc000000-7f36bc021000 rw-p 00000000 00:00 0 
7f36bc021000-7f36c0000000 ---p 00000000 00:00 0 
7f36c0000000-7f36c0021000 rw-p 00000000 00:00 0 
7f36c0021000-7f36c4000000 ---p 00000000 00:00 0 
7f36c70a9000-7f36c70ad000 rw-p 00000000 00:00 0 
7f36c70ad000-7f36c71c0000 r-xp 00000000 08:01 131109                     /tmp/RivLibLibraryV2-3315394225456037419.tmp
7f36c71c0000-7f36c73c0000 ---p 00113000 08:01 131109                     /tmp/RivLibLibraryV2-3315394225456037419.tmp
7f36c73c0000-7f36c73c9000 r--p 00113000 08:01 131109                     /tmp/RivLibLibraryV2-3315394225456037419.tmp
7f36c73c9000-7f36c73cb000 rw-p 0011c000 08:01 131109                     /tmp/RivLibLibraryV2-3315394225456037419.tmp
7f36c73cb000-7f36c73cc000 rw-p 00000000 00:00 0 
7f36c73cc000-7f36c73d1000 r--s 00094000 08:03 107611371                  /home/calcul/Téléchargements/jdk1.8.0_40/jre/lib/jsse.jar
7f36c73d1000-7f36c73ed000 r--s 00393000 08:03 107611383                  /home/calcul/Téléchargements/jdk1.8.0_40/jre/lib/ext/cldrdata.jar
7f36c73ed000-7f36c73f8000 r--s 00116000 08:03 107611377                  /home/calcul/Téléchargements/jdk1.8.0_40/jre/lib/ext/localedata.jar
7f36c73f8000-7f36c73fb000 r--s 00022000 08:03 111940158                  /home/calcul/Documents/Julien/VoxeLidar/trunk/VoxeLidarGUIFX/target/release/lib/openjfx-dialogs-1.0.2.jar
7f36c73fb000-7f36c740d000 r--s 000d8000 08:03 111940181                  /home/calcul/Documents/Julien/VoxeLidar/trunk/VoxeLidarGUIFX/target/release/lib/controlsfx-8.20.8.jar
7f36c740d000-7f36c7413000 r--s 0004b000 08:03 111940170                  /home/calcul/Documents/Julien/VoxeLidar/trunk/VoxeLidarGUIFX/target/release/lib/jcommon-1.0.23.jar
7f36c7413000-7f36c7424000 r--s 0016e000 08:03 111940157                  /home/calcul/Documents/Julien/VoxeLidar/trunk/VoxeLidarGUIFX/target/release/lib/jfreechart-1.0.19.jar
7f36c7424000-7f36c7425000 r--s 0001c000 08:03 111940184                  /home/calcul/Documents/Julien/VoxeLidar/trunk/VoxeLidarGUIFX/target/release/lib/swing-layout-1.0.3.jar
7f36c7425000-7f36c7434000 r--s 000ab000 08:03 111940179                  /home/calcul/Documents/Julien/VoxeLidar/trunk/VoxeLidarGUIFX/target/release/lib/commons-math-2.0.jar
7f36c7434000-7f36c7436000 r--s 00045000 08:03 111940163                  /home/calcul/Documents/Julien/VoxeLidar/trunk/VoxeLidarGUIFX/target/release/lib/vecmath-1.3.1.jar
7f36c7436000-7f36c743f000 r--s 0006f000 08:03 111940162                  /home/calcul/Documents/Julien/VoxeLidar/trunk/VoxeLidarGUIFX/target/release/lib/log4j-1.2.17.jar
7f36c743f000-7f36c7440000 r--s 00006000 08:03 111940190                  /home/calcul/Documents/Julien/VoxeLidar/trunk/VoxeLidarGUIFX/target/release/lib/sax-2.0.1.jar
7f36c7440000-7f36c7446000 r--s 00044000 08:03 111940177                  /home/calcul/Documents/Julien/VoxeLidar/trunk/VoxeLidarGUIFX/target/release/lib/jdom2-2.0.5.jar
7f36c7446000-7f36c745a000 r--s 000d1000 08:03 111940183                  /home/calcul/Documents/Julien/VoxeLidar/trunk/VoxeLidarGUIFX/target/release/lib/guava-r05.jar
7f36c745a000-7f36c745b000 r--s 00003000 08:03 111940193                  /home/calcul/Documents/Julien/VoxeLidar/trunk/VoxeLidarGUIFX/target/release/lib/opencsv-2.0.jar
7f36c745b000-7f36c745e000 r--s 00013000 08:03 111940189                  /home/calcul/Documents/Julien/VoxeLidar/trunk/VoxeLidarGUIFX/target/release/lib/commons-io-1.3.2.jar
7f36c745e000-7f36c7465000 r--s 0005e000 08:03 111940192                  /home/calcul/Documents/Julien/VoxeLidar/trunk/VoxeLidarGUIFX/target/release/lib/commons-lang3-3.3.2.jar
7f36c7465000-7f36c7473000 r--s 0007f000 08:03 111940167                  /home/calcul/Documents/Julien/VoxeLidar/trunk/VoxeLidarGUIFX/target/release/lib/commons-collections-3.2.1.jar
7f36c7473000-7f36c7476000 r--s 00008000 08:03 111940197                  /home/calcul/Documents/Julien/VoxeLidar/trunk/VoxeLidarGUIFX/target/release/lib/exp4j-0.4.0.ALPHA-3.jar
7f36c7476000-7f36c7478000 r--s 00038000 08:03 111940160                  /home/calcul/Documents/Julien/VoxeLidar/trunk/VoxeLidarGUIFX/target/release/lib/jogl-all-2.3.0-natives-windows-amd64.jar
7f36c7478000-7f36c747b000 ---p 00000000 00:00 0 
7f36c747b000-7f36c7579000 rw-p 00000000 00:00 0                          [stack:7228]
7f36c7579000-7f36c75f9000 rw-s 130f38000 00:05 267                       /dev/dri/card0
7f36c75f9000-7f36c75fc000 ---p 00000000 00:00 0 
7f36c75fc000-7f36c76fa000 rw-p 00000000 00:00 0                          [stack:7227]
7f36c76fa000-7f36c76fd000 ---p 00000000 00:00 0 
7f36c76fd000-7f36c77fb000 rw-p 00000000 00:00 0                          [stack:7226]
7f36c77fb000-7f36c77fc000 ---p 00000000 00:00 0 
7f36c77fc000-7f36c7ffc000 rw-p 00000000 00:00 0                          [stack:7225]
7f36c7ffc000-7f36c7ffd000 ---p 00000000 00:00 0 
7f36c7ffd000-7f36c87fd000 rw-p 00000000 00:00 0                          [stack:7224]
7f36c87fd000-7f36c8808000 r-xp 00000000 08:01 656478                     /usr/lib/x86_64-linux-gnu/gio/modules/libdconfsettings.so
7f36c8808000-7f36c8a07000 ---p 0000b000 08:01 656478                     /usr/lib/x86_64-linux-gnu/gio/modules/libdconfsettings.so
7f36c8a07000-7f36c8a08000 r--p 0000a000 08:01 656478                     /usr/lib/x86_64-linux-gnu/gio/modules/libdconfsettings.so
7f36c8a08000-7f36c8a09000 rw-p 0000b000 08:01 656478                     /usr/lib/x86_64-linux-gnu/gio/modules/libdconfsettings.so
7f36c8a09000-7f36c8a10000 r-xp 00000000 08:01 270532                     /usr/lib/x86_64-linux-gnu/libogg.so.0.8.1
7f36c8a10000-7f36c8c10000 ---p 00007000 08:01 270532                     /usr/lib/x86_64-linux-gnu/libogg.so.0.8.1
7f36c8c10000-7f36c8c11000 r--p 00007000 08:01 270532                     /usr/lib/x86_64-linux-gnu/libogg.so.0.8.1
7f36c8c11000-7f36c8c12000 rw-p 00008000 08:01 270532                     /usr/lib/x86_64-linux-gnu/libogg.so.0.8.1
7f36c8c12000-7f36c8c3d000 r-xp 00000000 08:01 270763                     /usr/lib/x86_64-linux-gnu/libvorbis.so.0.4.5
7f36c8c3d000-7f36c8e3d000 ---p 0002b000 08:01 270763                     /usr/lib/x86_64-linux-gnu/libvorbis.so.0.4.5
7f36c8e3d000-7f36c8e3e000 r--p 0002b000 08:01 270763                     /usr/lib/x86_64-linux-gnu/libvorbis.so.0.4.5
7f36c8e3e000-7f36c8e3f000 rw-p 0002c000 08:01 270763                     /usr/lib/x86_64-linux-gnu/libvorbis.so.0.4.5
7f36c8e3f000-7f36c8e48000 r-xp 00000000 08:01 270454                     /usr/lib/x86_64-linux-gnu/libltdl.so.7.3.0
7f36c8e48000-7f36c9047000 ---p 00009000 08:01 270454                     /usr/lib/x86_64-linux-gnu/libltdl.so.7.3.0
7f36c9047000-7f36c9048000 r--p 00008000 08:01 270454                     /usr/lib/x86_64-linux-gnu/libltdl.so.7.3.0
7f36c9048000-7f36c9049000 rw-p 00009000 08:01 270454                     /usr/lib/x86_64-linux-gnu/libltdl.so.7.3.0
7f36c9049000-7f36c905b000 r-xp 00000000 08:01 270696                     /usr/lib/x86_64-linux-gnu/libtdb.so.1.2.11
7f36c905b000-7f36c925a000 ---p 00012000 08:01 270696                     /usr/lib/x86_64-linux-gnu/libtdb.so.1.2.11
7f36c925a000-7f36c925b000 r--p 00011000 08:01 270696                     /usr/lib/x86_64-linux-gnu/libtdb.so.1.2.11
7f36c925b000-7f36c925c000 rw-p 00012000 08:01 270696                     /usr/lib/x86_64-linux-gnu/libtdb.so.1.2.11
7f36c925c000-7f36c9263000 r-xp 00000000 08:01 270767                     /usr/lib/x86_64-linux-gnu/libvorbisfile.so.3.3.4
7f36c9263000-7f36c9462000 ---p 00007000 08:01 270767                     /usr/lib/x86_64-linux-gnu/libvorbisfile.so.3.3.4
7f36c9462000-7f36c9463000 r--p 00006000 08:01 270767                     /usr/lib/x86_64-linux-gnu/libvorbisfile.so.3.3.4
7f36c9463000-7f36c9464000 rw-p 00007000 08:01 270767                     /usr/lib/x86_64-linux-gnu/libvorbisfile.so.3.3.4
7f36c9464000-7f36c9473000 r-xp 00000000 08:01 269997                     /usr/lib/x86_64-linux-gnu/libcanberra.so.0.2.5
7f36c9473000-7f36c9672000 ---p 0000f000 08:01 269997                     /usr/lib/x86_64-linux-gnu/libcanberra.so.0.2.5
7f36c9672000-7f36c9673000 r--p 0000e000 08:01 269997                     /usr/lib/x86_64-linux-gnu/libcanberra.so.0.2.5
7f36c9673000-7f36c9674000 rw-p 0000f000 08:01 269997                     /usr/lib/x86_64-linux-gnu/libcanberra.so.0.2.5
7f36c9674000-7f36c9678000 r-xp 00000000 08:01 269993                     /usr/lib/x86_64-linux-gnu/libcanberra-gtk.so.0.1.9
7f36c9678000-7f36c9877000 ---p 00004000 08:01 269993                     /usr/lib/x86_64-linux-gnu/libcanberra-gtk.so.0.1.9
7f36c9877000-7f36c9878000 r--p 00003000 08:01 269993                     /usr/lib/x86_64-linux-gnu/libcanberra-gtk.so.0.1.9
7f36c9878000-7f36c9879000 rw-p 00004000 08:01 269993                     /usr/lib/x86_64-linux-gnu/libcanberra-gtk.so.0.1.9
7f36c9879000-7f36c987e000 r-xp 00000000 08:01 656734                     /usr/lib/x86_64-linux-gnu/gtk-2.0/modules/libcanberra-gtk-module.so
7f36c987e000-7f36c9a7d000 ---p 00005000 08:01 656734                     /usr/lib/x86_64-linux-gnu/gtk-2.0/modules/libcanberra-gtk-module.so
7f36c9a7d000-7f36c9a7e000 r--p 00004000 08:01 656734                     /usr/lib/x86_64-linux-gnu/gtk-2.0/modules/libcanberra-gtk-module.so
7f36c9a7e000-7f36c9a7f000 rw-p 00005000 08:01 656734                     /usr/lib/x86_64-linux-gnu/gtk-2.0/modules/libcanberra-gtk-module.so
7f36c9a7f000-7f36c9aae000 r-xp 00000000 08:01 656716                     /usr/lib/x86_64-linux-gnu/gtk-2.0/2.10.0/engines/libmurrine.so
7f36c9aae000-7f36c9cae000 ---p 0002f000 08:01 656716                     /usr/lib/x86_64-linux-gnu/gtk-2.0/2.10.0/engines/libmurrine.so
7f36c9cae000-7f36c9caf000 r--p 0002f000 08:01 656716                     /usr/lib/x86_64-linux-gnu/gtk-2.0/2.10.0/engines/libmurrine.so
7f36c9caf000-7f36c9cb0000 rw-p 00030000 08:01 656716                     /usr/lib/x86_64-linux-gnu/gtk-2.0/2.10.0/engines/libmurrine.so
7f36c9cb0000-7f36c9cc1000 r-xp 00000000 08:01 656737                     /usr/lib/x86_64-linux-gnu/gtk-2.0/modules/liboverlay-scrollbar.so
7f36c9cc1000-7f36c9ec0000 ---p 00011000 08:01 656737                     /usr/lib/x86_64-linux-gnu/gtk-2.0/modules/liboverlay-scrollbar.so
7f36c9ec0000-7f36c9ec1000 r--p 00010000 08:01 656737                     /usr/lib/x86_64-linux-gnu/gtk-2.0/modules/liboverlay-scrollbar.so
7f36c9ec1000-7f36c9ec2000 rw-p 00011000 08:01 656737                     /usr/lib/x86_64-linux-gnu/gtk-2.0/modules/liboverlay-scrollbar.so
7f36c9ec2000-7f36c9eed000 r-xp 00000000 08:03 107611297                  /home/calcul/Téléchargements/jdk1.8.0_40/jre/lib/amd64/libglass.so
7f36c9eed000-7f36ca0ec000 ---p 0002b000 08:03 107611297                  /home/calcul/Téléchargements/jdk1.8.0_40/jre/lib/amd64/libglass.so
7f36ca0ec000-7f36ca0ee000 r--p 0002a000 08:03 107611297                  /home/calcul/Téléchargements/jdk1.8.0_40/jre/lib/amd64/libglass.so
7f36ca0ee000-7f36ca0ef000 rw-p 0002c000 08:03 107611297                  /home/calcul/Téléchargements/jdk1.8.0_40/jre/lib/amd64/libglass.so
7f36ca0ef000-7f36ca0f0000 rw-p 00000000 00:00 0 
7f36ca0f0000-7f36ca122000 r-xp 00000000 08:01 270722                     /usr/lib/x86_64-linux-gnu/libtxc_dxtn_s2tc.so.0.0.0
7f36ca122000-7f36ca321000 ---p 00032000 08:01 270722                     /usr/lib/x86_64-linux-gnu/libtxc_dxtn_s2tc.so.0.0.0
7f36ca321000-7f36ca322000 r--p 00031000 08:01 270722                     /usr/lib/x86_64-linux-gnu/libtxc_dxtn_s2tc.so.0.0.0
7f36ca322000-7f36ca323000 rw-p 00032000 08:01 270722                     /usr/lib/x86_64-linux-gnu/libtxc_dxtn_s2tc.so.0.0.0
7f36ca323000-7f36cb866000 r-xp 00000000 08:01 269745                     /usr/lib/x86_64-linux-gnu/libLLVM-3.3.so.1
7f36cb866000-7f36cb867000 ---p 01543000 08:01 269745                     /usr/lib/x86_64-linux-gnu/libLLVM-3.3.so.1
7f36cb867000-7f36cb97c000 r--p 01543000 08:01 269745                     /usr/lib/x86_64-linux-gnu/libLLVM-3.3.so.1
7f36cb97c000-7f36cb97e000 rw-p 01658000 08:01 269745                     /usr/lib/x86_64-linux-gnu/libLLVM-3.3.so.1
7f36cb97e000-7f36cb991000 rw-p 00000000 00:00 0 
7f36cb991000-7f36cb996000 r-xp 00000000 08:01 268846                     /usr/lib/x86_64-linux-gnu/libdrm_nouveau.so.2.0.0
7f36cb996000-7f36cbb95000 ---p 00005000 08:01 268846                     /usr/lib/x86_64-linux-gnu/libdrm_nouveau.so.2.0.0
7f36cbb95000-7f36cbb96000 r--p 00004000 08:01 268846                     /usr/lib/x86_64-linux-gnu/libdrm_nouveau.so.2.0.0
7f36cbb96000-7f36cbb97000 rw-p 00005000 08:01 268846                     /usr/lib/x86_64-linux-gnu/libdrm_nouveau.so.2.0.0
7f36cbb97000-7f36cbdb5000 r-xp 00000000 08:01 270170                     /usr/lib/x86_64-linux-gnu/libgallium.so.0.0.0
7f36cbdb5000-7f36cbfb4000 ---p 0021e000 08:01 270170                     /usr/lib/x86_64-linux-gnu/libgallium.so.0.0.0
7f36cbfb4000-7f36cbfc5000 r--p 0021d000 08:01 270170                     /usr/lib/x86_64-linux-gnu/libgallium.so.0.0.0
7f36cbfc5000-7f36cbfc8000 rw-p 0022e000 08:01 270170                     /usr/lib/x86_64-linux-gnu/libgallium.so.0.0.0
7f36cbfc8000-7f36cc190000 rw-p 00000000 00:00 0 
7f36cc190000-7f36cc54e000 r-xp 00000000 08:01 270081                     /usr/lib/x86_64-linux-gnu/libdricore9.2.1.so.1.0.0
7f36cc54e000-7f36cc74d000 ---p 003be000 08:01 270081                     /usr/lib/x86_64-linux-gnu/libdricore9.2.1.so.1.0.0
7f36cc74d000-7f36cc75d000 r--p 003bd000 08:01 270081                     /usr/lib/x86_64-linux-gnu/libdricore9.2.1.so.1.0.0
7f36cc75d000-7f36cc765000 rw-p 003cd000 08:01 270081                     /usr/lib/x86_64-linux-gnu/libdricore9.2.1.so.1.0.0
7f36cc765000-7f36cc77d000 rw-p 00000000 00:00 0 
7f36cc77d000-7f36cc8cf000 r-xp 00000000 08:01 655813                     /usr/lib/x86_64-linux-gnu/dri/nouveau_dri.so
7f36cc8cf000-7f36ccace000 ---p 00152000 08:01 655813                     /usr/lib/x86_64-linux-gnu/dri/nouveau_dri.so
7f36ccace000-7f36ccad1000 r--p 00151000 08:01 655813                     /usr/lib/x86_64-linux-gnu/dri/nouveau_dri.so
7f36ccad1000-7f36ccad3000 rw-p 00154000 08:01 655813                     /usr/lib/x86_64-linux-gnu/dri/nouveau_dri.so
7f36ccad3000-7f36ccad5000 rw-p 00000000 00:00 0 
7f36ccad5000-7f36ccadb000 r-xp 00000000 08:01 270058                     /usr/lib/x86_64-linux-gnu/libdatrie.so.1.2.0
7f36ccadb000-7f36cccda000 ---p 00006000 08:01 270058                     /usr/lib/x86_64-linux-gnu/libdatrie.so.1.2.0
7f36cccda000-7f36cccdb000 r--p 00005000 08:01 270058                     /usr/lib/x86_64-linux-gnu/libdatrie.so.1.2.0
7f36cccdb000-7f36cccdc000 rw-p 00006000 08:01 270058                     /usr/lib/x86_64-linux-gnu/libdatrie.so.1.2.0
7f36cccdc000-7f36ccce1000 r-xp 00000000 08:01 269880                     /usr/lib/x86_64-linux-gnu/libXdmcp.so.6.0.0
7f36ccce1000-7f36ccee0000 ---p 00005000 08:01 269880                     /usr/lib/x86_64-linux-gnu/libXdmcp.so.6.0.0
7f36ccee0000-7f36ccee1000 r--p 00004000 08:01 269880                     /usr/lib/x86_64-linux-gnu/libXdmcp.so.6.0.0
7f36ccee1000-7f36ccee2000 rw-p 00005000 08:01 269880                     /usr/lib/x86_64-linux-gnu/libXdmcp.so.6.0.0
7f36ccee2000-7f36ccee4000 r-xp 00000000 08:01 269869                     /usr/lib/x86_64-linux-gnu/libXau.so.6.0.0
7f36ccee4000-7f36cd0e4000 ---p 00002000 08:01 269869                     /usr/lib/x86_64-linux-gnu/libXau.so.6.0.0
7f36cd0e4000-7f36cd0e5000 r--p 00002000 08:01 269869                     /usr/lib/x86_64-linux-gnu/libXau.so.6.0.0
7f36cd0e5000-7f36cd0e6000 rw-p 00003000 08:01 269869                     /usr/lib/x86_64-linux-gnu/libXau.so.6.0.0
7f36cd0e6000-7f36cd0fe000 r-xp 00000000 08:01 270266                     /usr/lib/x86_64-linux-gnu/libgraphite2.so.3.0.1
7f36cd0fe000-7f36cd2fd000 ---p 00018000 08:01 270266                     /usr/lib/x86_64-linux-gnu/libgraphite2.so.3.0.1
7f36cd2fd000-7f36cd2ff000 r--p 00017000 08:01 270266                     /usr/lib/x86_64-linux-gnu/libgraphite2.so.3.0.1
7f36cd2ff000-7f36cd300000 rw-p 00019000 08:01 270266                     /usr/lib/x86_64-linux-gnu/libgraphite2.so.3.0.1
7f36cd300000-7f36cd30b000 r-xp 00000000 08:01 269859                     /usr/lib/x86_64-linux-gnu/libdrm.so.2.4.0
7f36cd30b000-7f36cd50a000 ---p 0000b000 08:01 269859                     /usr/lib/x86_64-linux-gnu/libdrm.so.2.4.0
7f36cd50a000-7f36cd50b000 r--p 0000a000 08:01 269859                     /usr/lib/x86_64-linux-gnu/libdrm.so.2.4.0
7f36cd50b000-7f36cd50c000 rw-p 0000b000 08:01 269859                     /usr/lib/x86_64-linux-gnu/libdrm.so.2.4.0
7f36cd50c000-7f36cd50f000 r-xp 00000000 08:01 270795                     /usr/lib/x86_64-linux-gnu/libxcb-dri2.so.0.0.0
7f36cd50f000-7f36cd70f000 ---p 00003000 08:01 270795                     /usr/lib/x86_64-linux-gnu/libxcb-dri2.so.0.0.0
7f36cd70f000-7f36cd710000 r--p 00003000 08:01 270795                     /usr/lib/x86_64-linux-gnu/libxcb-dri2.so.0.0.0
7f36cd710000-7f36cd711000 rw-p 00004000 08:01 270795                     /usr/lib/x86_64-linux-gnu/libxcb-dri2.so.0.0.0
7f36cd711000-7f36cd726000 r-xp 00000000 08:01 270797                     /usr/lib/x86_64-linux-gnu/libxcb-glx.so.0.0.0
7f36cd726000-7f36cd925000 ---p 00015000 08:01 270797                     /usr/lib/x86_64-linux-gnu/libxcb-glx.so.0.0.0
7f36cd925000-7f36cd927000 r--p 00014000 08:01 270797                     /usr/lib/x86_64-linux-gnu/libxcb-glx.so.0.0.0
7f36cd927000-7f36cd928000 rw-p 00016000 08:01 270797                     /usr/lib/x86_64-linux-gnu/libxcb-glx.so.0.0.0
7f36cd928000-7f36cd929000 r-xp 00000000 08:01 269863                     /usr/lib/x86_64-linux-gnu/libX11-xcb.so.1.0.0
7f36cd929000-7f36cdb28000 ---p 00001000 08:01 269863                     /usr/lib/x86_64-linux-gnu/libX11-xcb.so.1.0.0
7f36cdb28000-7f36cdb29000 r--p 00000000 08:01 269863                     /usr/lib/x86_64-linux-gnu/libX11-xcb.so.1.0.0
7f36cdb29000-7f36cdb2a000 rw-p 00001000 08:01 269863                     /usr/lib/x86_64-linux-gnu/libX11-xcb.so.1.0.0
7f36cdb2a000-7f36cdb4b000 r-xp 00000000 08:01 270224                     /usr/lib/x86_64-linux-gnu/libglapi.so.0.0.0
7f36cdb4b000-7f36cdd4b000 ---p 00021000 08:01 270224                     /usr/lib/x86_64-linux-gnu/libglapi.so.0.0.0
7f36cdd4b000-7f36cdd4e000 r--p 00021000 08:01 270224                     /usr/lib/x86_64-linux-gnu/libglapi.so.0.0.0
7f36cdd4e000-7f36cdd4f000 rw-p 00024000 08:01 270224                     /usr/lib/x86_64-linux-gnu/libglapi.so.0.0.0
7f36cdd4f000-7f36cdd50000 rw-p 00000000 00:00 0 
7f36cdd50000-7f36cdd8d000 r-xp 00000000 08:01 2363280                    /lib/x86_64-linux-gnu/libpcre.so.3.13.1
7f36cdd8d000-7f36cdf8d000 ---p 0003d000 08:01 2363280                    /lib/x86_64-linux-gnu/libpcre.so.3.13.1
7f36cdf8d000-7f36cdf8e000 r--p 0003d000 08:01 2363280                    /lib/x86_64-linux-gnu/libpcre.so.3.13.1
7f36cdf8e000-7f36cdf8f000 rw-p 0003e000 08:01 2363280                    /lib/x86_64-linux-gnu/libpcre.so.3.13.1
7f36cdf8f000-7f36cdf96000 r-xp 00000000 08:01 270117                     /usr/lib/x86_64-linux-gnu/libffi.so.6.0.1
7f36cdf96000-7f36ce195000 ---p 00007000 08:01 270117                     /usr/lib/x86_64-linux-gnu/libffi.so.6.0.1
7f36ce195000-7f36ce196000 r--p 00006000 08:01 270117                     /usr/lib/x86_64-linux-gnu/libffi.so.6.0.1
7f36ce196000-7f36ce197000 rw-p 00007000 08:01 270117                     /usr/lib/x86_64-linux-gnu/libffi.so.6.0.1
7f36ce197000-7f36ce1be000 r-xp 00000000 08:01 2363202                    /lib/x86_64-linux-gnu/libexpat.so.1.6.0
7f36ce1be000-7f36ce3be000 ---p 00027000 08:01 2363202                    /lib/x86_64-linux-gnu/libexpat.so.1.6.0
7f36ce3be000-7f36ce3c0000 r--p 00027000 08:01 2363202                    /lib/x86_64-linux-gnu/libexpat.so.1.6.0
7f36ce3c0000-7f36ce3c1000 rw-p 00029000 08:01 2363202                    /lib/x86_64-linux-gnu/libexpat.so.1.6.0
7f36ce3c1000-7f36ce3c9000 r-xp 00000000 08:01 270706                     /usr/lib/x86_64-linux-gnu/libthai.so.0.2.0
7f36ce3c9000-7f36ce5c8000 ---p 00008000 08:01 270706                     /usr/lib/x86_64-linux-gnu/libthai.so.0.2.0
7f36ce5c8000-7f36ce5c9000 r--p 00007000 08:01 270706                     /usr/lib/x86_64-linux-gnu/libthai.so.0.2.0
7f36ce5c9000-7f36ce5ca000 rw-p 00008000 08:01 270706                     /usr/lib/x86_64-linux-gnu/libthai.so.0.2.0
7f36ce5ca000-7f36ce5e7000 r-xp 00000000 08:01 270821                     /usr/lib/x86_64-linux-gnu/libxcb.so.1.1.0
7f36ce5e7000-7f36ce7e6000 ---p 0001d000 08:01 270821                     /usr/lib/x86_64-linux-gnu/libxcb.so.1.1.0
7f36ce7e6000-7f36ce7e7000 r--p 0001c000 08:01 270821                     /usr/lib/x86_64-linux-gnu/libxcb.so.1.1.0
7f36ce7e7000-7f36ce7e8000 rw-p 0001d000 08:01 270821                     /usr/lib/x86_64-linux-gnu/libxcb.so.1.1.0
7f36ce7e8000-7f36ce7f0000 r-xp 00000000 08:01 270809                     /usr/lib/x86_64-linux-gnu/libxcb-render.so.0.0.0
7f36ce7f0000-7f36ce9ef000 ---p 00008000 08:01 270809                     /usr/lib/x86_64-linux-gnu/libxcb-render.so.0.0.0
7f36ce9ef000-7f36ce9f0000 r--p 00007000 08:01 270809                     /usr/lib/x86_64-linux-gnu/libxcb-render.so.0.0.0
7f36ce9f0000-7f36ce9f1000 rw-p 00008000 08:01 270809                     /usr/lib/x86_64-linux-gnu/libxcb-render.so.0.0.0
7f36ce9f1000-7f36ce9f3000 r-xp 00000000 08:01 270813                     /usr/lib/x86_64-linux-gnu/libxcb-shm.so.0.0.0
7f36ce9f3000-7f36cebf2000 ---p 00002000 08:01 270813                     /usr/lib/x86_64-linux-gnu/libxcb-shm.so.0.0.0
7f36cebf2000-7f36cebf3000 r--p 00001000 08:01 270813                     /usr/lib/x86_64-linux-gnu/libxcb-shm.so.0.0.0
7f36cebf3000-7f36cebf4000 rw-p 00002000 08:01 270813                     /usr/lib/x86_64-linux-gnu/libxcb-shm.so.0.0.0
7f36cebf4000-7f36cec19000 r-xp 00000000 08:01 2363292                    /lib/x86_64-linux-gnu/libpng12.so.0.49.0
7f36cec19000-7f36cee18000 ---p 00025000 08:01 2363292                    /lib/x86_64-linux-gnu/libpng12.so.0.49.0
7f36cee18000-7f36cee19000 r--p 00024000 08:01 2363292                    /lib/x86_64-linux-gnu/libpng12.so.0.49.0
7f36cee19000-7f36cee1a000 rw-p 00025000 08:01 2363292                    /lib/x86_64-linux-gnu/libpng12.so.0.49.0
7f36cee1a000-7f36ceebb000 r-xp 00000000 08:01 268866                     /usr/lib/x86_64-linux-gnu/libpixman-1.so.0.30.2
7f36ceebb000-7f36cf0bb000 ---p 000a1000 08:01 268866                     /usr/lib/x86_64-linux-gnu/libpixman-1.so.0.30.2
7f36cf0bb000-7f36cf0c2000 r--p 000a1000 08:01 268866                     /usr/lib/x86_64-linux-gnu/libpixman-1.so.0.30.2
7f36cf0c2000-7f36cf0c3000 rw-p 000a8000 08:01 268866                     /usr/lib/x86_64-linux-gnu/libpixman-1.so.0.30.2
7f36cf0c3000-7f36cf113000 r-xp 00000000 08:01 270374                     /usr/lib/x86_64-linux-gnu/libharfbuzz.so.0.919.0
7f36cf113000-7f36cf313000 ---p 00050000 08:01 270374                     /usr/lib/x86_64-linux-gnu/libharfbuzz.so.0.919.0
7f36cf313000-7f36cf314000 r--p 00050000 08:01 270374                     /usr/lib/x86_64-linux-gnu/libharfbuzz.so.0.919.0
7f36cf314000-7f36cf315000 rw-p 00051000 08:01 270374                     /usr/lib/x86_64-linux-gnu/libharfbuzz.so.0.919.0
7f36cf315000-7f36cf32b000 r-xp 00000000 08:01 2363303                    /lib/x86_64-linux-gnu/libresolv-2.17.so
7f36cf32b000-7f36cf52b000 ---p 00016000 08:01 2363303                    /lib/x86_64-linux-gnu/libresolv-2.17.so
7f36cf52b000-7f36cf52c000 r--p 00016000 08:01 2363303                    /lib/x86_64-linux-gnu/libresolv-2.17.so
7f36cf52c000-7f36cf52d000 rw-p 00017000 08:01 2363303                    /lib/x86_64-linux-gnu/libresolv-2.17.so
7f36cf52d000-7f36cf52f000 rw-p 00000000 00:00 0 
7f36cf52f000-7f36cf54e000 r-xp 00000000 08:01 2363307                    /lib/x86_64-linux-gnu/libselinux.so.1
7f36cf54e000-7f36cf74e000 ---p 0001f000 08:01 2363307                    /lib/x86_64-linux-gnu/libselinux.so.1
7f36cf74e000-7f36cf74f000 r--p 0001f000 08:01 2363307                    /lib/x86_64-linux-gnu/libselinux.so.1
7f36cf74f000-7f36cf750000 rw-p 00020000 08:01 2363307                    /lib/x86_64-linux-gnu/libselinux.so.1
7f36cf750000-7f36cf751000 rw-p 00000000 00:00 0 
7f36cf751000-7f36cf769000 r-xp 00000000 08:01 2363340                    /lib/x86_64-linux-gnu/libz.so.1.2.8
7f36cf769000-7f36cf968000 ---p 00018000 08:01 2363340                    /lib/x86_64-linux-gnu/libz.so.1.2.8
7f36cf968000-7f36cf969000 r--p 00017000 08:01 2363340                    /lib/x86_64-linux-gnu/libz.so.1.2.8
7f36cf969000-7f36cf96a000 rw-p 00018000 08:01 2363340                    /lib/x86_64-linux-gnu/libz.so.1.2.8
7f36cf96a000-7f36cf97b000 r-xp 00000000 08:01 269882                     /usr/lib/x86_64-linux-gnu/libXext.so.6.4.0
7f36cf97b000-7f36cfb7a000 ---p 00011000 08:01 269882                     /usr/lib/x86_64-linux-gnu/libXext.so.6.4.0
7f36cfb7a000-7f36cfb7b000 r--p 00010000 08:01 269882                     /usr/lib/x86_64-linux-gnu/libXext.so.6.4.0
7f36cfb7b000-7f36cfb7c000 rw-p 00011000 08:01 269882                     /usr/lib/x86_64-linux-gnu/libXext.so.6.4.0
7f36cfb7c000-7f36cfb7e000 r-xp 00000000 08:01 269878                     /usr/lib/x86_64-linux-gnu/libXdamage.so.1.1.0
7f36cfb7e000-7f36cfd7d000 ---p 00002000 08:01 269878                     /usr/lib/x86_64-linux-gnu/libXdamage.so.1.1.0
7f36cfd7d000-7f36cfd7e000 r--p 00001000 08:01 269878                     /usr/lib/x86_64-linux-gnu/libXdamage.so.1.1.0
7f36cfd7e000-7f36cfd7f000 rw-p 00002000 08:01 269878                     /usr/lib/x86_64-linux-gnu/libXdamage.so.1.1.0
7f36cfd7f000-7f36cfd81000 r-xp 00000000 08:01 269874                     /usr/lib/x86_64-linux-gnu/libXcomposite.so.1.0.0
7f36cfd81000-7f36cff80000 ---p 00002000 08:01 269874                     /usr/lib/x86_64-linux-gnu/libXcomposite.so.1.0.0
7f36cff80000-7f36cff81000 r--p 00001000 08:01 269874                     /usr/lib/x86_64-linux-gnu/libXcomposite.so.1.0.0
7f36cff81000-7f36cff82000 rw-p 00002000 08:01 269874                     /usr/lib/x86_64-linux-gnu/libXcomposite.so.1.0.0
7f36cff82000-7f36cff8b000 r-xp 00000000 08:01 269876                     /usr/lib/x86_64-linux-gnu/libXcursor.so.1.0.2
7f36cff8b000-7f36d018a000 ---p 00009000 08:01 269876                     /usr/lib/x86_64-linux-gnu/libXcursor.so.1.0.2
7f36d018a000-7f36d018b000 r--p 00008000 08:01 269876                     /usr/lib/x86_64-linux-gnu/libXcursor.so.1.0.2
7f36d018b000-7f36d018c000 rw-p 00009000 08:01 269876                     /usr/lib/x86_64-linux-gnu/libXcursor.so.1.0.2
7f36d018c000-7f36d0195000 r-xp 00000000 08:01 269902                     /usr/lib/x86_64-linux-gnu/libXrandr.so.2.2.0
7f36d0195000-7f36d0394000 ---p 00009000 08:01 269902                     /usr/lib/x86_64-linux-gnu/libXrandr.so.2.2.0
7f36d0394000-7f36d0395000 r--p 00008000 08:01 269902                     /usr/lib/x86_64-linux-gnu/libXrandr.so.2.2.0
7f36d0395000-7f36d0396000 rw-p 00009000 08:01 269902                     /usr/lib/x86_64-linux-gnu/libXrandr.so.2.2.0
7f36d0396000-7f36d03a5000 r-xp 00000000 08:01 269890                     /usr/lib/x86_64-linux-gnu/libXi.so.6.1.0
7f36d03a5000-7f36d05a4000 ---p 0000f000 08:01 269890                     /usr/lib/x86_64-linux-gnu/libXi.so.6.1.0
7f36d05a4000-7f36d05a5000 r--p 0000e000 08:01 269890                     /usr/lib/x86_64-linux-gnu/libXi.so.6.1.0
7f36d05a5000-7f36d05a6000 rw-p 0000f000 08:01 269890                     /usr/lib/x86_64-linux-gnu/libXi.so.6.1.0
7f36d05a6000-7f36d05a8000 r-xp 00000000 08:01 269892                     /usr/lib/x86_64-linux-gnu/libXinerama.so.1.0.0
7f36d05a8000-7f36d07a7000 ---p 00002000 08:01 269892                     /usr/lib/x86_64-linux-gnu/libXinerama.so.1.0.0
7f36d07a7000-7f36d07a8000 r--p 00001000 08:01 269892                     /usr/lib/x86_64-linux-gnu/libXinerama.so.1.0.0
7f36d07a8000-7f36d07a9000 rw-p 00002000 08:01 269892                     /usr/lib/x86_64-linux-gnu/libXinerama.so.1.0.0
7f36d07a9000-7f36d07b2000 r-xp 00000000 08:01 269904                     /usr/lib/x86_64-linux-gnu/libXrender.so.1.3.0
7f36d07b2000-7f36d09b1000 ---p 00009000 08:01 269904                     /usr/lib/x86_64-linux-gnu/libXrender.so.1.3.0
7f36d09b1000-7f36d09b2000 r--p 00008000 08:01 269904                     /usr/lib/x86_64-linux-gnu/libXrender.so.1.3.0
7f36d09b2000-7f36d09b3000 rw-p 00009000 08:01 269904                     /usr/lib/x86_64-linux-gnu/libXrender.so.1.3.0
7f36d09b3000-7f36d09b8000 r-xp 00000000 08:01 269884                     /usr/lib/x86_64-linux-gnu/libXfixes.so.3.1.0
7f36d09b8000-7f36d0bb7000 ---p 00005000 08:01 269884                     /usr/lib/x86_64-linux-gnu/libXfixes.so.3.1.0
7f36d0bb7000-7f36d0bb8000 r--p 00004000 08:01 269884                     /usr/lib/x86_64-linux-gnu/libXfixes.so.3.1.0
7f36d0bb8000-7f36d0bb9000 rw-p 00005000 08:01 269884                     /usr/lib/x86_64-linux-gnu/libXfixes.so.3.1.0
7f36d0bb9000-7f36d0bce000 r-xp 00000000 08:01 2359301                    /lib/x86_64-linux-gnu/libgcc_s.so.1
7f36d0bce000-7f36d0dcd000 ---p 00015000 08:01 2359301                    /lib/x86_64-linux-gnu/libgcc_s.so.1
7f36d0dcd000-7f36d0dce000 r--p 00014000 08:01 2359301                    /lib/x86_64-linux-gnu/libgcc_s.so.1
7f36d0dce000-7f36d0dcf000 rw-p 00015000 08:01 2359301                    /lib/x86_64-linux-gnu/libgcc_s.so.1
7f36d0dcf000-7f36d0eb5000 r-xp 00000000 08:01 266401                     /usr/lib/x86_64-linux-gnu/libstdc++.so.6.0.18
7f36d0eb5000-7f36d10b4000 ---p 000e6000 08:01 266401                     /usr/lib/x86_64-linux-gnu/libstdc++.so.6.0.18
7f36d10b4000-7f36d10bc000 r--p 000e5000 08:01 266401                     /usr/lib/x86_64-linux-gnu/libstdc++.so.6.0.18
7f36d10bc000-7f36d10be000 rw-p 000ed000 08:01 266401                     /usr/lib/x86_64-linux-gnu/libstdc++.so.6.0.18
7f36d10be000-7f36d10d3000 rw-p 00000000 00:00 0 
7f36d10d3000-7f36d112d000 r-xp 00000000 08:01 656915                     /usr/lib/x86_64-linux-gnu/mesa/libGL.so.1.2.0
7f36d112d000-7f36d132d000 ---p 0005a000 08:01 656915                     /usr/lib/x86_64-linux-gnu/mesa/libGL.so.1.2.0
7f36d132d000-7f36d132f000 r--p 0005a000 08:01 656915                     /usr/lib/x86_64-linux-gnu/mesa/libGL.so.1.2.0
7f36d132f000-7f36d1330000 rw-p 0005c000 08:01 656915                     /usr/lib/x86_64-linux-gnu/mesa/libGL.so.1.2.0
7f36d1330000-7f36d1331000 rw-p 00000000 00:00 0 
7f36d1331000-7f36d1335000 r-xp 00000000 08:01 269914                     /usr/lib/x86_64-linux-gnu/libXxf86vm.so.1.0.0
7f36d1335000-7f36d1535000 ---p 00004000 08:01 269914                     /usr/lib/x86_64-linux-gnu/libXxf86vm.so.1.0.0
7f36d1535000-7f36d1536000 r--p 00004000 08:01 269914                     /usr/lib/x86_64-linux-gnu/libXxf86vm.so.1.0.0
7f36d1536000-7f36d1537000 rw-p 00005000 08:01 269914                     /usr/lib/x86_64-linux-gnu/libXxf86vm.so.1.0.0
7f36d1537000-7f36d1667000 r-xp 00000000 08:01 269865                     /usr/lib/x86_64-linux-gnu/libX11.so.6.3.0
7f36d1667000-7f36d1867000 ---p 00130000 08:01 269865                     /usr/lib/x86_64-linux-gnu/libX11.so.6.3.0
7f36d1867000-7f36d1868000 r--p 00130000 08:01 269865                     /usr/lib/x86_64-linux-gnu/libX11.so.6.3.0
7f36d1868000-7f36d186c000 rw-p 00131000 08:01 269865                     /usr/lib/x86_64-linux-gnu/libX11.so.6.3.0
7f36d186c000-7f36d1871000 r-xp 00000000 08:01 269908                     /usr/lib/x86_64-linux-gnu/libXtst.so.6.1.0
7f36d1871000-7f36d1a70000 ---p 00005000 08:01 269908                     /usr/lib/x86_64-linux-gnu/libXtst.so.6.1.0
7f36d1a70000-7f36d1a71000 r--p 00004000 08:01 269908                     /usr/lib/x86_64-linux-gnu/libXtst.so.6.1.0
7f36d1a71000-7f36d1a72000 rw-p 00005000 08:01 269908                     /usr/lib/x86_64-linux-gnu/libXtst.so.6.1.0
7f36d1a72000-7f36d1b70000 r-xp 00000000 08:01 2363127                    /lib/x86_64-linux-gnu/libglib-2.0.so.0.3800.1
7f36d1b70000-7f36d1d70000 ---p 000fe000 08:01 2363127                    /lib/x86_64-linux-gnu/libglib-2.0.so.0.3800.1
7f36d1d70000-7f36d1d71000 r--p 000fe000 08:01 2363127                    /lib/x86_64-linux-gnu/libglib-2.0.so.0.3800.1
7f36d1d71000-7f36d1d72000 rw-p 000ff000 08:01 2363127                    /lib/x86_64-linux-gnu/libglib-2.0.so.0.3800.1
7f36d1d72000-7f36d1d73000 rw-p 00000000 00:00 0 
7f36d1d73000-7f36d1d74000 r-xp 00000000 08:01 266608                     /usr/lib/x86_64-linux-gnu/libgthread-2.0.so.0.3800.1
7f36d1d74000-7f36d1f73000 ---p 00001000 08:01 266608                     /usr/lib/x86_64-linux-gnu/libgthread-2.0.so.0.3800.1
7f36d1f73000-7f36d1f74000 r--p 00000000 08:01 266608                     /usr/lib/x86_64-linux-gnu/libgthread-2.0.so.0.3800.1
7f36d1f74000-7f36d1f75000 rw-p 00001000 08:01 266608                     /usr/lib/x86_64-linux-gnu/libgthread-2.0.so.0.3800.1
7f36d1f75000-7f36d1f78000 r-xp 00000000 08:01 266609                     /usr/lib/x86_64-linux-gnu/libgmodule-2.0.so.0.3800.1
7f36d1f78000-7f36d2177000 ---p 00003000 08:01 266609                     /usr/lib/x86_64-linux-gnu/libgmodule-2.0.so.0.3800.1
7f36d2177000-7f36d2178000 r--p 00002000 08:01 266609                     /usr/lib/x86_64-linux-gnu/libgmodule-2.0.so.0.3800.1
7f36d2178000-7f36d2179000 rw-p 00003000 08:01 266609                     /usr/lib/x86_64-linux-gnu/libgmodule-2.0.so.0.3800.1
7f36d2179000-7f36d21c8000 r-xp 00000000 08:01 262548                     /usr/lib/x86_64-linux-gnu/libgobject-2.0.so.0.3800.1
7f36d21c8000-7f36d23c8000 ---p 0004f000 08:01 262548                     /usr/lib/x86_64-linux-gnu/libgobject-2.0.so.0.3800.1
7f36d23c8000-7f36d23c9000 r--p 0004f000 08:01 262548                     /usr/lib/x86_64-linux-gnu/libgobject-2.0.so.0.3800.1
7f36d23c9000-7f36d23ca000 rw-p 00050000 08:01 262548                     /usr/lib/x86_64-linux-gnu/libgobject-2.0.so.0.3800.1
7f36d23ca000-7f36d2403000 r-xp 00000000 08:01 270131                     /usr/lib/x86_64-linux-gnu/libfontconfig.so.1.7.0
7f36d2403000-7f36d2603000 ---p 00039000 08:01 270131                     /usr/lib/x86_64-linux-gnu/libfontconfig.so.1.7.0
7f36d2603000-7f36d2605000 r--p 00039000 08:01 270131                     /usr/lib/x86_64-linux-gnu/libfontconfig.so.1.7.0
7f36d2605000-7f36d2606000 rw-p 0003b000 08:01 270131                     /usr/lib/x86_64-linux-gnu/libfontconfig.so.1.7.0
7f36d2606000-7f36d26a2000 r-xp 00000000 08:01 262656                     /usr/lib/x86_64-linux-gnu/libfreetype.so.6.10.1
7f36d26a2000-7f36d28a2000 ---p 0009c000 08:01 262656                     /usr/lib/x86_64-linux-gnu/libfreetype.so.6.10.1
7f36d28a2000-7f36d28a7000 r--p 0009c000 08:01 262656                     /usr/lib/x86_64-linux-gnu/libfreetype.so.6.10.1
7f36d28a7000-7f36d28a8000 rw-p 000a1000 08:01 262656                     /usr/lib/x86_64-linux-gnu/libfreetype.so.6.10.1
7f36d28a8000-7f36d28f2000 r-xp 00000000 08:01 270548                     /usr/lib/x86_64-linux-gnu/libpango-1.0.so.0.3200.5
7f36d28f2000-7f36d2af1000 ---p 0004a000 08:01 270548                     /usr/lib/x86_64-linux-gnu/libpango-1.0.so.0.3200.5
7f36d2af1000-7f36d2af3000 r--p 00049000 08:01 270548                     /usr/lib/x86_64-linux-gnu/libpango-1.0.so.0.3200.5
7f36d2af3000-7f36d2af4000 rw-p 0004b000 08:01 270548                     /usr/lib/x86_64-linux-gnu/libpango-1.0.so.0.3200.5
7f36d2af4000-7f36d2bf8000 r-xp 00000000 08:01 269989                     /usr/lib/x86_64-linux-gnu/libcairo.so.2.11200.16
7f36d2bf8000-7f36d2df7000 ---p 00104000 08:01 269989                     /usr/lib/x86_64-linux-gnu/libcairo.so.2.11200.16
7f36d2df7000-7f36d2dfa000 r--p 00103000 08:01 269989                     /usr/lib/x86_64-linux-gnu/libcairo.so.2.11200.16
7f36d2dfa000-7f36d2dfb000 rw-p 00106000 08:01 269989                     /usr/lib/x86_64-linux-gnu/libcairo.so.2.11200.16
7f36d2dfb000-7f36d2dfd000 rw-p 00000000 00:00 0 
7f36d2dfd000-7f36d2e08000 r-xp 00000000 08:01 270550                     /usr/lib/x86_64-linux-gnu/libpangocairo-1.0.so.0.3200.5
7f36d2e08000-7f36d3008000 ---p 0000b000 08:01 270550                     /usr/lib/x86_64-linux-gnu/libpangocairo-1.0.so.0.3200.5
7f36d3008000-7f36d3009000 r--p 0000b000 08:01 270550                     /usr/lib/x86_64-linux-gnu/libpangocairo-1.0.so.0.3200.5
7f36d3009000-7f36d300a000 rw-p 0000c000 08:01 270550                     /usr/lib/x86_64-linux-gnu/libpangocairo-1.0.so.0.3200.5
7f36d300a000-7f36d3029000 r-xp 00000000 08:01 270198                     /usr/lib/x86_64-linux-gnu/libgdk_pixbuf-2.0.so.0.2800.1
7f36d3029000-7f36d3228000 ---p 0001f000 08:01 270198                     /usr/lib/x86_64-linux-gnu/libgdk_pixbuf-2.0.so.0.2800.1
7f36d3228000-7f36d3229000 r--p 0001e000 08:01 270198                     /usr/lib/x86_64-linux-gnu/libgdk_pixbuf-2.0.so.0.2800.1
7f36d3229000-7f36d322a000 rw-p 0001f000 08:01 270198                     /usr/lib/x86_64-linux-gnu/libgdk_pixbuf-2.0.so.0.2800.1
7f36d322a000-7f36d323e000 r-xp 00000000 08:01 270552                     /usr/lib/x86_64-linux-gnu/libpangoft2-1.0.so.0.3200.5
7f36d323e000-7f36d343d000 ---p 00014000 08:01 270552                     /usr/lib/x86_64-linux-gnu/libpangoft2-1.0.so.0.3200.5
7f36d343d000-7f36d343e000 r--p 00013000 08:01 270552                     /usr/lib/x86_64-linux-gnu/libpangoft2-1.0.so.0.3200.5
7f36d343e000-7f36d343f000 rw-p 00014000 08:01 270552                     /usr/lib/x86_64-linux-gnu/libpangoft2-1.0.so.0.3200.5
7f36d343f000-7f36d359b000 r-xp 00000000 08:01 262529                     /usr/lib/x86_64-linux-gnu/libgio-2.0.so.0.3800.1
7f36d359b000-7f36d379a000 ---p 0015c000 08:01 262529                     /usr/lib/x86_64-linux-gnu/libgio-2.0.so.0.3800.1
7f36d379a000-7f36d379e000 r--p 0015b000 08:01 262529                     /usr/lib/x86_64-linux-gnu/libgio-2.0.so.0.3800.1
7f36d379e000-7f36d37a0000 rw-p 0015f000 08:01 262529                     /usr/lib/x86_64-linux-gnu/libgio-2.0.so.0.3800.1
7f36d37a0000-7f36d37a2000 rw-p 00000000 00:00 0 
7f36d37a2000-7f36d37c1000 r-xp 00000000 08:01 269949                     /usr/lib/x86_64-linux-gnu/libatk-1.0.so.0.21009.1
7f36d37c1000-7f36d39c1000 ---p 0001f000 08:01 269949                     /usr/lib/x86_64-linux-gnu/libatk-1.0.so.0.21009.1
7f36d39c1000-7f36d39c3000 r--p 0001f000 08:01 269949                     /usr/lib/x86_64-linux-gnu/libatk-1.0.so.0.21009.1
7f36d39c3000-7f36d39c4000 rw-p 00021000 08:01 269949                     /usr/lib/x86_64-linux-gnu/libatk-1.0.so.0.21009.1
7f36d39c4000-7f36d3df3000 r-xp 00000000 08:01 270356                     /usr/lib/x86_64-linux-gnu/libgtk-x11-2.0.so.0.2400.20
7f36d3df3000-7f36d3ff2000 ---p 0042f000 08:01 270356                     /usr/lib/x86_64-linux-gnu/libgtk-x11-2.0.so.0.2400.20
7f36d3ff2000-7f36d3ff9000 r--p 0042e000 08:01 270356                     /usr/lib/x86_64-linux-gnu/libgtk-x11-2.0.so.0.2400.20
7f36d3ff9000-7f36d3ffd000 rw-p 00435000 08:01 270356                     /usr/lib/x86_64-linux-gnu/libgtk-x11-2.0.so.0.2400.20
7f36d3ffd000-7f36d4000000 rw-p 00000000 00:00 0 
7f36d4000000-7f36d4021000 rw-p 00000000 00:00 0 
7f36d4021000-7f36d8000000 ---p 00000000 00:00 0 
7f36d8000000-7f36d8217000 rw-p 00000000 00:00 0 
7f36d8217000-7f36dc000000 ---p 00000000 00:00 0 
7f36dc000000-7f36dc208000 rw-p 00000000 00:00 0 
7f36dc208000-7f36e0000000 ---p 00000000 00:00 0 
7f36e0000000-7f36e0021000 rw-p 00000000 00:00 0 
7f36e0021000-7f36e4000000 ---p 00000000 00:00 0 
7f36e4000000-7f36e41e4000 rw-p 00000000 00:00 0 
7f36e41e4000-7f36e8000000 ---p 00000000 00:00 0 
7f36e8000000-7f36e827c000 rw-p 00000000 00:00 0 
7f36e827c000-7f36ec000000 ---p 00000000 00:00 0 
7f36ec000000-7f36ec021000 rw-p 00000000 00:00 0 
7f36ec021000-7f36f0000000 ---p 00000000 00:00 0 
7f36f0000000-7f36f01e3000 rw-p 00000000 00:00 0 
7f36f01e3000-7f36f4000000 ---p 00000000 00:00 0 
7f36f4000000-7f36f4021000 rw-p 00000000 00:00 0 
7f36f4021000-7f36f8000000 ---p 00000000 00:00 0 
7f36f8000000-7f36f8021000 rw-p 00000000 00:00 0 
7f36f8021000-7f36fc000000 ---p 00000000 00:00 0 
7f36fc000000-7f36fc021000 rw-p 00000000 00:00 0 
7f36fc021000-7f3700000000 ---p 00000000 00:00 0 
7f3700000000-7f3700021000 rw-p 00000000 00:00 0 
7f3700021000-7f3704000000 ---p 00000000 00:00 0 
7f3704000000-7f3704021000 rw-p 00000000 00:00 0 
7f3704021000-7f3708000000 ---p 00000000 00:00 0 
7f3708000000-7f3708021000 rw-p 00000000 00:00 0 
7f3708021000-7f370c000000 ---p 00000000 00:00 0 
7f370c000000-7f3720000000 rw-p 00000000 00:00 0 
7f3720000000-7f3720021000 rw-p 00000000 00:00 0 
7f3720021000-7f3724000000 ---p 00000000 00:00 0 
7f3724000000-7f3724001000 r--s 00031000 08:03 111940161                  /home/calcul/Documents/Julien/VoxeLidar/trunk/VoxeLidarGUIFX/target/release/lib/jogl-all-2.3.0-natives-windows-i586.jar
7f3724001000-7f3724003000 r--s 00024000 08:03 111940176                  /home/calcul/Documents/Julien/VoxeLidar/trunk/VoxeLidarGUIFX/target/release/lib/jogl-all-2.3.0-natives-solaris-i586.jar
7f3724003000-7f3724004000 r--s 00032000 08:03 111940191                  /home/calcul/Documents/Julien/VoxeLidar/trunk/VoxeLidarGUIFX/target/release/lib/jogl-all-2.3.0-natives-solaris-amd64.jar
7f3724004000-7f3724005000 r--s 0006d000 08:03 111940169                  /home/calcul/Documents/Julien/VoxeLidar/trunk/VoxeLidarGUIFX/target/release/lib/jogl-all-2.3.0-natives-macosx-universal.jar
7f3724005000-7f3724007000 r--s 00031000 08:03 111940171                  /home/calcul/Documents/Julien/VoxeLidar/trunk/VoxeLidarGUIFX/target/release/lib/jogl-all-2.3.0-natives-linux-i586.jar
7f3724007000-7f3724009000 r--s 00025000 08:03 111940159                  /home/calcul/Documents/Julien/VoxeLidar/trunk/VoxeLidarGUIFX/target/release/lib/jogl-all-2.3.0-natives-linux-armv6hf.jar
7f3724009000-7f372400a000 r--s 00025000 08:03 111940168                  /home/calcul/Documents/Julien/VoxeLidar/trunk/VoxeLidarGUIFX/target/release/lib/jogl-all-2.3.0-natives-linux-armv6.jar
7f372400a000-7f372402e000 r--s 00306000 08:03 111940196                  /home/calcul/Documents/Julien/VoxeLidar/trunk/VoxeLidarGUIFX/target/release/lib/jogl-all-2.3.0.jar
7f372402e000-7f37240ae000 rw-s 13171b000 00:05 267                       /dev/dri/card0
7f37240ae000-7f3724105000 r--p 00000000 08:01 1325739                    /usr/share/glib-2.0/schemas/gschemas.compiled
7f3724105000-7f3724185000 rw-s 130d37000 00:05 267                       /dev/dri/card0
7f3724185000-7f3724232000 r-xp 00000000 08:01 270196                     /usr/lib/x86_64-linux-gnu/libgdk-x11-2.0.so.0.2400.20
7f3724232000-7f3724431000 ---p 000ad000 08:01 270196                     /usr/lib/x86_64-linux-gnu/libgdk-x11-2.0.so.0.2400.20
7f3724431000-7f3724435000 r--p 000ac000 08:01 270196                     /usr/lib/x86_64-linux-gnu/libgdk-x11-2.0.so.0.2400.20
7f3724435000-7f3724437000 rw-p 000b0000 08:01 270196                     /usr/lib/x86_64-linux-gnu/libgdk-x11-2.0.so.0.2400.20
7f3724437000-7f3724443000 r-xp 00000000 08:03 107611340                  /home/calcul/Téléchargements/jdk1.8.0_40/jre/lib/amd64/libprism_es2.so
7f3724443000-7f3724642000 ---p 0000c000 08:03 107611340                  /home/calcul/Téléchargements/jdk1.8.0_40/jre/lib/amd64/libprism_es2.so
7f3724642000-7f3724643000 r--p 0000b000 08:03 107611340                  /home/calcul/Téléchargements/jdk1.8.0_40/jre/lib/amd64/libprism_es2.so
7f3724643000-7f3724644000 rw-p 0000c000 08:03 107611340                  /home/calcul/Téléchargements/jdk1.8.0_40/jre/lib/amd64/libprism_es2.so
7f3724644000-7f3724647000 ---p 00000000 00:00 0 
7f3724647000-7f3724745000 rw-p 00000000 00:00 0                          [stack:7223]
7f3724745000-7f37247da000 r--s 010fa000 08:03 107611382                  /home/calcul/Téléchargements/jdk1.8.0_40/jre/lib/ext/jfxrt.jar
7f37247da000-7f37247db000 ---p 00000000 00:00 0 
7f37247db000-7f37248db000 rw-p 00000000 00:00 0                          [stack:7222]
7f37248db000-7f37248de000 ---p 00000000 00:00 0 
7f37248de000-7f37249dc000 rw-p 00000000 00:00 0                          [stack:7221]
7f37249dc000-7f37249df000 ---p 00000000 00:00 0 
7f37249df000-7f3724add000 rw-p 00000000 00:00 0                          [stack:7220]
7f3724add000-7f3724ae0000 ---p 00000000 00:00 0 
7f3724ae0000-7f3724bde000 rw-p 00000000 00:00 0                          [stack:7219]
7f3724bde000-7f3724be1000 ---p 00000000 00:00 0 
7f3724be1000-7f3724cdf000 rw-p 00000000 00:00 0                          [stack:7218]
7f3724cdf000-7f3724ce2000 ---p 00000000 00:00 0 
7f3724ce2000-7f3724de0000 rw-p 00000000 00:00 0                          [stack:7217]
7f3724de0000-7f3724de3000 ---p 00000000 00:00 0 
7f3724de3000-7f3724ee1000 rw-p 00000000 00:00 0                          [stack:7215]
7f3724ee1000-7f3724ee4000 ---p 00000000 00:00 0 
7f3724ee4000-7f3724fe2000 rw-p 00000000 00:00 0                          [stack:7214]
7f3724fe2000-7f3724fe5000 ---p 00000000 00:00 0 
7f3724fe5000-7f37250e3000 rw-p 00000000 00:00 0                          [stack:7211]
7f37250e3000-7f37250e7000 r-xp 00000000 08:03 107611290                  /home/calcul/Téléchargements/jdk1.8.0_40/jre/lib/amd64/libdt_socket.so
7f37250e7000-7f37252e6000 ---p 00004000 08:03 107611290                  /home/calcul/Téléchargements/jdk1.8.0_40/jre/lib/amd64/libdt_socket.so
7f37252e6000-7f37252e7000 rw-p 00003000 08:03 107611290                  /home/calcul/Téléchargements/jdk1.8.0_40/jre/lib/amd64/libdt_socket.so
7f37252e7000-7f37252ea000 ---p 00000000 00:00 0 
7f37252ea000-7f37253e8000 rw-p 00000000 00:00 0                          [stack:7210]
7f37253e8000-7f37253eb000 ---p 00000000 00:00 0 
7f37253eb000-7f37254e9000 rw-p 00000000 00:00 0                          [stack:7209]
7f37254e9000-7f37254ec000 ---p 00000000 00:00 0 
7f37254ec000-7f37255ea000 rw-p 00000000 00:00 0                          [stack:7208]
7f37255ea000-7f37255eb000 ---p 00000000 00:00 0 
7f37255eb000-7f3728000000 rw-p 00000000 00:00 0                          [stack:7207]
7f3728000000-7f3728021000 rw-p 00000000 00:00 0 
7f3728021000-7f372c000000 ---p 00000000 00:00 0 
7f372c000000-7f372c021000 rw-p 00000000 00:00 0 
7f372c021000-7f3730000000 ---p 00000000 00:00 0 
7f3730000000-7f3730021000 rw-p 00000000 00:00 0 
7f3730021000-7f3734000000 ---p 00000000 00:00 0 
7f3734000000-7f3734021000 rw-p 00000000 00:00 0 
7f3734021000-7f3738000000 ---p 00000000 00:00 0 
7f3738000000-7f3738021000 rw-p 00000000 00:00 0 
7f3738021000-7f373c000000 ---p 00000000 00:00 0 
7f373c000000-7f373c021000 rw-p 00000000 00:00 0 
7f373c021000-7f3740000000 ---p 00000000 00:00 0 
7f3740000000-7f3740021000 rw-p 00000000 00:00 0 
7f3740021000-7f3744000000 ---p 00000000 00:00 0 
7f3744000000-7f3744001000 r--s 00033000 08:03 111940188                  /home/calcul/Documents/Julien/VoxeLidar/trunk/VoxeLidarGUIFX/target/release/lib/jogl-all-2.3.0-natives-linux-amd64.jar
7f3744001000-7f3744002000 r--s 0000e000 08:03 111940185                  /home/calcul/Documents/Julien/VoxeLidar/trunk/VoxeLidarGUIFX/target/release/lib/jogl-all-2.3.0-natives-android-armv6.jar
7f3744002000-7f3744003000 r--s 0000f000 08:03 111940187                  /home/calcul/Documents/Julien/VoxeLidar/trunk/VoxeLidarGUIFX/target/release/lib/jogl-all-2.3.0-natives-android-aarch64.jar
7f3744003000-7f3744004000 r--s 00000000 08:03 111940156                  /home/calcul/Documents/Julien/VoxeLidar/trunk/VoxeLidarGUIFX/target/release/lib/jogl-all-main-2.3.0.jar
7f3744004000-7f3744005000 r--s 00001000 08:03 111940186                  /home/calcul/Documents/Julien/VoxeLidar/trunk/VoxeLidarGUIFX/target/release/lib/gluegen-rt-2.3.0-natives-windows-i586.jar
7f3744005000-7f3744006000 r--s 00001000 08:03 111940180                  /home/calcul/Documents/Julien/VoxeLidar/trunk/VoxeLidarGUIFX/target/release/lib/gluegen-rt-2.3.0-natives-windows-amd64.jar
7f3744006000-7f3744007000 r--s 00000000 08:03 111940166                  /home/calcul/Documents/Julien/VoxeLidar/trunk/VoxeLidarGUIFX/target/release/lib/gluegen-rt-2.3.0-natives-solaris-i586.jar
7f3744007000-7f3744008000 r--s 00001000 08:03 111940174                  /home/calcul/Documents/Julien/VoxeLidar/trunk/VoxeLidarGUIFX/target/release/lib/gluegen-rt-2.3.0-natives-solaris-amd64.jar
7f3744008000-7f3744009000 r--s 00001000 08:03 111940182                  /home/calcul/Documents/Julien/VoxeLidar/trunk/VoxeLidarGUIFX/target/release/lib/gluegen-rt-2.3.0-natives-macosx-universal.jar
7f3744009000-7f3744023000 r--p 00000000 08:01 2103031                    /usr/share/locale-langpack/fr/LC_MESSAGES/glib20.mo
7f3744023000-7f374404e000 r--p 00000000 08:01 2103067                    /usr/share/locale-langpack/fr/LC_MESSAGES/gtk20-properties.mo
7f374404e000-7f3744074000 r--p 00000000 08:01 2102789                    /usr/share/locale-langpack/fr/LC_MESSAGES/libc.mo
7f3744074000-7f37446c9000 rw-p 00000000 00:00 0 
7f37446c9000-7f37448a1000 r--s 03d09000 08:03 107611368                  /home/calcul/Téléchargements/jdk1.8.0_40/jre/lib/rt.jar
7f37448a1000-7f3745021000 rw-p 00000000 00:00 0 
7f3745021000-7f37450a1000 ---p 00000000 00:00 0 
7f37450a1000-7f37450a2000 ---p 00000000 00:00 0 
7f37450a2000-7f37451a2000 rw-p 00000000 00:00 0                          [stack:7206]
7f37451a2000-7f37451a3000 ---p 00000000 00:00 0 
7f37451a3000-7f37452a3000 rw-p 00000000 00:00 0                          [stack:7205]
7f37452a3000-7f37452a4000 ---p 00000000 00:00 0 
7f37452a4000-7f37453a4000 rw-p 00000000 00:00 0                          [stack:7204]
7f37453a4000-7f37453a5000 ---p 00000000 00:00 0 
7f37453a5000-7f37454a5000 rw-p 00000000 00:00 0                          [stack:7203]
7f37454a5000-7f37454a6000 ---p 00000000 00:00 0 
7f37454a6000-7f37455a6000 rw-p 00000000 00:00 0                          [stack:7202]
7f37455a6000-7f37455a7000 ---p 00000000 00:00 0 
7f37455a7000-7f37456a7000 rw-p 00000000 00:00 0                          [stack:7201]
7f37456a7000-7f37456a8000 ---p 00000000 00:00 0 
7f37456a8000-7f37458f8000 rw-p 00000000 00:00 0                          [stack:7200]
7f37458f8000-7f37464fe000 ---p 00000000 00:00 0 
7f37464fe000-7f374664e000 rw-p 00000000 00:00 0 
7f374664e000-7f3747253000 ---p 00000000 00:00 0 
7f3747253000-7f37472fb000 rw-p 00000000 00:00 0 
7f37472fb000-7f37478fe000 ---p 00000000 00:00 0 
7f37478fe000-7f3747909000 rw-p 00000000 00:00 0 
7f3747909000-7f3747cbf000 ---p 00000000 00:00 0 
7f3747cbf000-7f3747f3f000 rwxp 00000000 00:00 0 
7f3747f3f000-7f3756cbf000 ---p 00000000 00:00 0 
7f3756cbf000-7f3756cd9000 r-xp 00000000 08:03 107611318                  /home/calcul/Téléchargements/jdk1.8.0_40/jre/lib/amd64/libzip.so
7f3756cd9000-7f3756ed9000 ---p 0001a000 08:03 107611318                  /home/calcul/Téléchargements/jdk1.8.0_40/jre/lib/amd64/libzip.so
7f3756ed9000-7f3756eda000 rw-p 0001a000 08:03 107611318                  /home/calcul/Téléchargements/jdk1.8.0_40/jre/lib/amd64/libzip.so
7f3756eda000-7f3756ee6000 r-xp 00000000 08:01 2363258                    /lib/x86_64-linux-gnu/libnss_files-2.17.so
7f3756ee6000-7f37570e5000 ---p 0000c000 08:01 2363258                    /lib/x86_64-linux-gnu/libnss_files-2.17.so
7f37570e5000-7f37570e6000 r--p 0000b000 08:01 2363258                    /lib/x86_64-linux-gnu/libnss_files-2.17.so
7f37570e6000-7f37570e7000 rw-p 0000c000 08:01 2363258                    /lib/x86_64-linux-gnu/libnss_files-2.17.so
7f37570e7000-7f37570f2000 r-xp 00000000 08:01 2363262                    /lib/x86_64-linux-gnu/libnss_nis-2.17.so
7f37570f2000-7f37572f1000 ---p 0000b000 08:01 2363262                    /lib/x86_64-linux-gnu/libnss_nis-2.17.so
7f37572f1000-7f37572f2000 r--p 0000a000 08:01 2363262                    /lib/x86_64-linux-gnu/libnss_nis-2.17.so
7f37572f2000-7f37572f3000 rw-p 0000b000 08:01 2363262                    /lib/x86_64-linux-gnu/libnss_nis-2.17.so
7f37572f3000-7f375730a000 r-xp 00000000 08:01 2363252                    /lib/x86_64-linux-gnu/libnsl-2.17.so
7f375730a000-7f3757509000 ---p 00017000 08:01 2363252                    /lib/x86_64-linux-gnu/libnsl-2.17.so
7f3757509000-7f375750a000 r--p 00016000 08:01 2363252                    /lib/x86_64-linux-gnu/libnsl-2.17.so
7f375750a000-7f375750b000 rw-p 00017000 08:01 2363252                    /lib/x86_64-linux-gnu/libnsl-2.17.so
7f375750b000-7f375750d000 rw-p 00000000 00:00 0 
7f375750d000-7f3757515000 r-xp 00000000 08:01 2363254                    /lib/x86_64-linux-gnu/libnss_compat-2.17.so
7f3757515000-7f3757714000 ---p 00008000 08:01 2363254                    /lib/x86_64-linux-gnu/libnss_compat-2.17.so
7f3757714000-7f3757715000 r--p 00007000 08:01 2363254                    /lib/x86_64-linux-gnu/libnss_compat-2.17.so
7f3757715000-7f3757716000 rw-p 00008000 08:01 2363254                    /lib/x86_64-linux-gnu/libnss_compat-2.17.so
7f3757716000-7f3757dfd000 r--p 00000000 08:01 268937                     /usr/lib/locale/locale-archive
7f3757dfd000-7f3757dff000 r-xp 00000000 08:03 107611300                  /home/calcul/Téléchargements/jdk1.8.0_40/jre/lib/amd64/libnpt.so
7f3757dff000-7f3757fff000 ---p 00002000 08:03 107611300                  /home/calcul/Téléchargements/jdk1.8.0_40/jre/lib/amd64/libnpt.so
7f3757fff000-7f3758000000 rw-p 00002000 08:03 107611300                  /home/calcul/Téléchargements/jdk1.8.0_40/jre/lib/amd64/libnpt.so
7f3758000000-7f37585b8000 rw-p 00000000 00:00 0 
7f37585b8000-7f375c000000 ---p 00000000 00:00 0 
7f375c000000-7f375c002000 r--s 00000000 08:03 111940172                  /home/calcul/Documents/Julien/VoxeLidar/trunk/VoxeLidarGUIFX/target/release/lib/gluegen-rt-2.3.0-natives-linux-i586.jar
7f375c002000-7f375c003000 r--s 00000000 08:03 111940165                  /home/calcul/Documents/Julien/VoxeLidar/trunk/VoxeLidarGUIFX/target/release/lib/gluegen-rt-2.3.0-natives-linux-armv6hf.jar
7f375c003000-7f375c012000 r--p 00000000 08:01 2103070                    /usr/share/locale-langpack/fr/LC_MESSAGES/gtk20.mo
7f375c012000-7f375c0e3000 rw-p 00000000 00:00 0 
7f375c0e3000-7f375c0e4000 ---p 00000000 00:00 0 
7f375c0e4000-7f375c1e4000 rw-p 00000000 00:00 0                          [stack:7199]
7f375c1e4000-7f375c21d000 r-xp 00000000 08:03 107611307                  /home/calcul/Téléchargements/jdk1.8.0_40/jre/lib/amd64/libjdwp.so
7f375c21d000-7f375c41c000 ---p 00039000 08:03 107611307                  /home/calcul/Téléchargements/jdk1.8.0_40/jre/lib/amd64/libjdwp.so
7f375c41c000-7f375c41e000 rw-p 00038000 08:03 107611307                  /home/calcul/Téléchargements/jdk1.8.0_40/jre/lib/amd64/libjdwp.so
7f375c41e000-7f375c448000 r-xp 00000000 08:03 107611296                  /home/calcul/Téléchargements/jdk1.8.0_40/jre/lib/amd64/libjava.so
7f375c448000-7f375c648000 ---p 0002a000 08:03 107611296                  /home/calcul/Téléchargements/jdk1.8.0_40/jre/lib/amd64/libjava.so
7f375c648000-7f375c64a000 rw-p 0002a000 08:03 107611296                  /home/calcul/Téléchargements/jdk1.8.0_40/jre/lib/amd64/libjava.so
7f375c64a000-7f375c657000 r-xp 00000000 08:03 107611312                  /home/calcul/Téléchargements/jdk1.8.0_40/jre/lib/amd64/libverify.so
7f375c657000-7f375c857000 ---p 0000d000 08:03 107611312                  /home/calcul/Téléchargements/jdk1.8.0_40/jre/lib/amd64/libverify.so
7f375c857000-7f375c859000 rw-p 0000d000 08:03 107611312                  /home/calcul/Téléchargements/jdk1.8.0_40/jre/lib/amd64/libverify.so
7f375c859000-7f375c860000 r-xp 00000000 08:01 2363305                    /lib/x86_64-linux-gnu/librt-2.17.so
7f375c860000-7f375ca5f000 ---p 00007000 08:01 2363305                    /lib/x86_64-linux-gnu/librt-2.17.so
7f375ca5f000-7f375ca60000 r--p 00006000 08:01 2363305                    /lib/x86_64-linux-gnu/librt-2.17.so
7f375ca60000-7f375ca61000 rw-p 00007000 08:01 2363305                    /lib/x86_64-linux-gnu/librt-2.17.so
7f375ca61000-7f375cb64000 r-xp 00000000 08:01 2363233                    /lib/x86_64-linux-gnu/libm-2.17.so
7f375cb64000-7f375cd63000 ---p 00103000 08:01 2363233                    /lib/x86_64-linux-gnu/libm-2.17.so
7f375cd63000-7f375cd64000 r--p 00102000 08:01 2363233                    /lib/x86_64-linux-gnu/libm-2.17.so
7f375cd64000-7f375cd65000 rw-p 00103000 08:01 2363233                    /lib/x86_64-linux-gnu/libm-2.17.so
7f375cd65000-7f375da13000 r-xp 00000000 08:03 107611334                  /home/calcul/Téléchargements/jdk1.8.0_40/jre/lib/amd64/server/libjvm.so
7f375da13000-7f375dc12000 ---p 00cae000 08:03 107611334                  /home/calcul/Téléchargements/jdk1.8.0_40/jre/lib/amd64/server/libjvm.so
7f375dc12000-7f375dce9000 rw-p 00cad000 08:03 107611334                  /home/calcul/Téléchargements/jdk1.8.0_40/jre/lib/amd64/server/libjvm.so
7f375dce9000-7f375dd2d000 rw-p 00000000 00:00 0 
7f375dd2d000-7f375deea000 r-xp 00000000 08:01 2363182                    /lib/x86_64-linux-gnu/libc-2.17.so
7f375deea000-7f375e0ea000 ---p 001bd000 08:01 2363182                    /lib/x86_64-linux-gnu/libc-2.17.so
7f375e0ea000-7f375e0ee000 r--p 001bd000 08:01 2363182                    /lib/x86_64-linux-gnu/libc-2.17.so
7f375e0ee000-7f375e0f0000 rw-p 001c1000 08:01 2363182                    /lib/x86_64-linux-gnu/libc-2.17.so
7f375e0f0000-7f375e0f5000 rw-p 00000000 00:00 0 
7f375e0f5000-7f375e0f8000 r-xp 00000000 08:01 2363197                    /lib/x86_64-linux-gnu/libdl-2.17.so
7f375e0f8000-7f375e2f7000 ---p 00003000 08:01 2363197                    /lib/x86_64-linux-gnu/libdl-2.17.so
7f375e2f7000-7f375e2f8000 r--p 00002000 08:01 2363197                    /lib/x86_64-linux-gnu/libdl-2.17.so
7f375e2f8000-7f375e2f9000 rw-p 00003000 08:01 2363197                    /lib/x86_64-linux-gnu/libdl-2.17.so
7f375e2f9000-7f375e30e000 r-xp 00000000 08:03 107611306                  /home/calcul/Téléchargements/jdk1.8.0_40/jre/lib/amd64/jli/libjli.so
7f375e30e000-7f375e50e000 ---p 00015000 08:03 107611306                  /home/calcul/Téléchargements/jdk1.8.0_40/jre/lib/amd64/jli/libjli.so
7f375e50e000-7f375e50f000 rw-p 00015000 08:03 107611306                  /home/calcul/Téléchargements/jdk1.8.0_40/jre/lib/amd64/jli/libjli.so
7f375e50f000-7f375e526000 r-xp 00000000 08:01 2363297                    /lib/x86_64-linux-gnu/libpthread-2.17.so
7f375e526000-7f375e726000 ---p 00017000 08:01 2363297                    /lib/x86_64-linux-gnu/libpthread-2.17.so
7f375e726000-7f375e727000 r--p 00017000 08:01 2363297                    /lib/x86_64-linux-gnu/libpthread-2.17.so
7f375e727000-7f375e728000 rw-p 00018000 08:01 2363297                    /lib/x86_64-linux-gnu/libpthread-2.17.so
7f375e728000-7f375e72c000 rw-p 00000000 00:00 0 
7f375e72c000-7f375e74f000 r-xp 00000000 08:01 2363158                    /lib/x86_64-linux-gnu/ld-2.17.so
7f375e74f000-7f375e750000 r--s 00000000 08:03 111940175                  /home/calcul/Documents/Julien/VoxeLidar/trunk/VoxeLidarGUIFX/target/release/lib/gluegen-rt-2.3.0-natives-linux-armv6.jar
7f375e750000-7f375e752000 r--s 00000000 08:03 111940195                  /home/calcul/Documents/Julien/VoxeLidar/trunk/VoxeLidarGUIFX/target/release/lib/gluegen-rt-2.3.0-natives-linux-amd64.jar
7f375e752000-7f375e753000 r--s 00001000 08:03 111940194                  /home/calcul/Documents/Julien/VoxeLidar/trunk/VoxeLidarGUIFX/target/release/lib/gluegen-rt-2.3.0-natives-android-armv6.jar
7f375e753000-7f375e754000 r--s 00000000 08:03 111940178                  /home/calcul/Documents/Julien/VoxeLidar/trunk/VoxeLidarGUIFX/target/release/lib/gluegen-rt-2.3.0-natives-android-aarch64.jar
7f375e754000-7f375e75a000 r--s 0004a000 08:03 111940173                  /home/calcul/Documents/Julien/VoxeLidar/trunk/VoxeLidarGUIFX/target/release/lib/gluegen-rt-2.3.0.jar
7f375e75a000-7f375e75b000 r--s 00000000 08:03 111940164                  /home/calcul/Documents/Julien/VoxeLidar/trunk/VoxeLidarGUIFX/target/release/lib/gluegen-rt-main-2.3.0.jar
7f375e75b000-7f375e75c000 rw-s 13191b000 00:05 267                       /dev/dri/card0
7f375e75c000-7f375e824000 rw-p 00000000 00:00 0 
7f375e824000-7f375e827000 ---p 00000000 00:00 0 
7f375e827000-7f375e929000 rw-p 00000000 00:00 0                          [stack:7198]
7f375e929000-7f375e930000 r--p 00000000 08:03 68424775                   /home/calcul/.config/dconf/user
7f375e930000-7f375e931000 r--s 00000000 00:14 135755                     /run/user/1000/dconf/user
7f375e931000-7f375e938000 r--s 00000000 08:01 656385                     /usr/lib/x86_64-linux-gnu/gconv/gconv-modules.cache
7f375e938000-7f375e939000 rw-s 130f37000 00:05 267                       /dev/dri/card0
7f375e939000-7f375e942000 r--s 008f4000 08:03 111937691                  /home/calcul/Documents/Julien/VoxeLidar/trunk/VoxeLidarGUIFX/target/release/VoxeLidarGUIFX-1.0-r42cac8de.jar
7f375e942000-7f375e94a000 rw-s 00000000 08:01 397778                     /tmp/hsperfdata_calcul/7194
7f375e94a000-7f375e94b000 rw-p 00000000 00:00 0 
7f375e94b000-7f375e94c000 r--p 00000000 00:00 0 
7f375e94c000-7f375e94e000 rw-p 00000000 00:00 0 
7f375e94e000-7f375e94f000 r--p 00022000 08:01 2363158                    /lib/x86_64-linux-gnu/ld-2.17.so
7f375e94f000-7f375e951000 rw-p 00023000 08:01 2363158                    /lib/x86_64-linux-gnu/ld-2.17.so
7fffdb2c8000-7fffdb2e9000 rw-p 00000000 00:00 0                          [stack]
7fffdb355000-7fffdb357000 r-xp 00000000 00:00 0                          [vdso]
ffffffffff600000-ffffffffff601000 r-xp 00000000 00:00 0                  [vsyscall]

VM Arguments:
jvm_args: -Xdebug -Xmx10g -Xrunjdwp:transport=dt_socket,server=n,address=55977 
java_command: /home/calcul/Documents/Julien/VoxeLidar/trunk/VoxeLidarGUIFX/target/release/VoxeLidarGUIFX-1.0-r42cac8de.jar
java_class_path (initial): /home/calcul/Documents/Julien/VoxeLidar/trunk/VoxeLidarGUIFX/target/release/VoxeLidarGUIFX-1.0-r42cac8de.jar
Launcher Type: SUN_STANDARD

Environment Variables:
JAVA_HOME=/home/calcul/Téléchargements/jdk1.8.0_40
PATH=JAVA_HOME/bin:/usr/lib/lightdm/lightdm:/usr/local/sbin:/usr/local/bin:/usr/sbin:/usr/bin:/sbin:/bin:/usr/games:/usr/local/games
LD_LIBRARY_PATH=/home/calcul/Téléchargements/jdk1.8.0_40/jre/lib/amd64:/home/calcul/Téléchargements/jdk1.8.0_40/jre/lib/i386:
SHELL=/bin/bash
DISPLAY=:0.0

Signal Handlers:
SIGSEGV: [libjvm.so+0xaad2e0], sa_mask[0]=11111111011111111101111111111110, sa_flags=SA_RESTART|SA_SIGINFO
SIGBUS: [libjvm.so+0xaad2e0], sa_mask[0]=11111111011111111101111111111110, sa_flags=SA_RESTART|SA_SIGINFO
SIGFPE: [libjvm.so+0x90b550], sa_mask[0]=11111111011111111101111111111110, sa_flags=SA_RESTART|SA_SIGINFO
SIGPIPE: SIG_IGN, sa_mask[0]=00000000000010000000000000000000, sa_flags=SA_RESTART
SIGXFSZ: [libjvm.so+0x90b550], sa_mask[0]=11111111011111111101111111111110, sa_flags=SA_RESTART|SA_SIGINFO
SIGILL: [libjvm.so+0x90b550], sa_mask[0]=11111111011111111101111111111110, sa_flags=SA_RESTART|SA_SIGINFO
SIGUSR1: SIG_DFL, sa_mask[0]=00000000000000000000000000000000, sa_flags=none
SIGUSR2: [libjvm.so+0x90cb90], sa_mask[0]=00100000000000000000000000000000, sa_flags=SA_RESTART|SA_SIGINFO
SIGHUP: [libjvm.so+0x90dee0], sa_mask[0]=11111111011111111101111111111110, sa_flags=SA_RESTART|SA_SIGINFO
SIGINT: SIG_IGN, sa_mask[0]=00000000000000000000000000000000, sa_flags=none
SIGTERM: [libjvm.so+0x90dee0], sa_mask[0]=11111111011111111101111111111110, sa_flags=SA_RESTART|SA_SIGINFO
SIGQUIT: [libjvm.so+0x90dee0], sa_mask[0]=11111111011111111101111111111110, sa_flags=SA_RESTART|SA_SIGINFO


---------------  S Y S T E M  ---------------

OS:DISTRIB_ID=Ubuntu
DISTRIB_RELEASE=13.10
DISTRIB_CODENAME=saucy
DISTRIB_DESCRIPTION="Ubuntu 13.10"

uname:Linux 3.11.0-26-generic #45-Ubuntu SMP Tue Jul 15 04:02:06 UTC 2014 x86_64
libc:glibc 2.17 NPTL 2.17 
rlimit: STACK 8192k, CORE 0k, NPROC 514862, NOFILE 4096, AS infinity
load average:0,68 0,45 0,44

/proc/meminfo:
MemTotal:       65922644 kB
MemFree:        61084132 kB
Buffers:          155976 kB
Cached:          1246008 kB
SwapCached:            0 kB
Active:          3391348 kB
Inactive:         807428 kB
Active(anon):    2798136 kB
Inactive(anon):    51356 kB
Active(file):     593212 kB
Inactive(file):   756072 kB
Unevictable:         564 kB
Mlocked:             564 kB
SwapTotal:      31250428 kB
SwapFree:       31250428 kB
Dirty:              4412 kB
Writeback:             0 kB
AnonPages:       2797420 kB
Mapped:           293348 kB
Shmem:             52704 kB
Slab:             137596 kB
SReclaimable:      80224 kB
SUnreclaim:        57372 kB
KernelStack:        6080 kB
PageTables:        42268 kB
NFS_Unstable:          0 kB
Bounce:                0 kB
WritebackTmp:          0 kB
CommitLimit:    64211748 kB
Committed_AS:    8784020 kB
VmallocTotal:   34359738367 kB
VmallocUsed:      445508 kB
VmallocChunk:   34325183696 kB
HardwareCorrupted:     0 kB
AnonHugePages:         0 kB
HugePages_Total:       0
HugePages_Free:        0
HugePages_Rsvd:        0
HugePages_Surp:        0
Hugepagesize:       2048 kB
DirectMap4k:      109172 kB
DirectMap2M:     5076992 kB
DirectMap1G:    61865984 kB


CPU:total 8 (4 cores per cpu, 1 threads per core) family 6 model 62 stepping 4, cmov, cx8, fxsr, mmx, sse, sse2, sse3, ssse3, sse4.1, sse4.2, popcnt, avx, aes, clmul, erms, tsc, tscinvbit

/proc/cpuinfo:
processor	: 0
vendor_id	: GenuineIntel
cpu family	: 6
model		: 62
model name	: Intel(R) Xeon(R) CPU E5-2609 v2 @ 2.50GHz
stepping	: 4
microcode	: 0x416
cpu MHz		: 1200.000
cache size	: 10240 KB
physical id	: 0
siblings	: 4
core id		: 0
cpu cores	: 4
apicid		: 0
initial apicid	: 0
fpu		: yes
fpu_exception	: yes
cpuid level	: 13
wp		: yes
flags		: fpu vme de pse tsc msr pae mce cx8 apic sep mtrr pge mca cmov pat pse36 clflush dts acpi mmx fxsr sse sse2 ss ht tm pbe syscall nx pdpe1gb rdtscp lm constant_tsc arch_perfmon pebs bts rep_good nopl xtopology nonstop_tsc aperfmperf eagerfpu pni pclmulqdq dtes64 monitor ds_cpl vmx smx est tm2 ssse3 cx16 xtpr pdcm pcid dca sse4_1 sse4_2 x2apic popcnt tsc_deadline_timer aes xsave avx f16c rdrand lahf_lm arat epb xsaveopt pln pts dtherm tpr_shadow vnmi flexpriority ept vpid fsgsbase smep erms
bogomips	: 4988.12
clflush size	: 64
cache_alignment	: 64
address sizes	: 46 bits physical, 48 bits virtual
power management:

processor	: 1
vendor_id	: GenuineIntel
cpu family	: 6
model		: 62
model name	: Intel(R) Xeon(R) CPU E5-2609 v2 @ 2.50GHz
stepping	: 4
microcode	: 0x416
cpu MHz		: 1200.000
cache size	: 10240 KB
physical id	: 0
siblings	: 4
core id		: 1
cpu cores	: 4
apicid		: 2
initial apicid	: 2
fpu		: yes
fpu_exception	: yes
cpuid level	: 13
wp		: yes
flags		: fpu vme de pse tsc msr pae mce cx8 apic sep mtrr pge mca cmov pat pse36 clflush dts acpi mmx fxsr sse sse2 ss ht tm pbe syscall nx pdpe1gb rdtscp lm constant_tsc arch_perfmon pebs bts rep_good nopl xtopology nonstop_tsc aperfmperf eagerfpu pni pclmulqdq dtes64 monitor ds_cpl vmx smx est tm2 ssse3 cx16 xtpr pdcm pcid dca sse4_1 sse4_2 x2apic popcnt tsc_deadline_timer aes xsave avx f16c rdrand lahf_lm arat epb xsaveopt pln pts dtherm tpr_shadow vnmi flexpriority ept vpid fsgsbase smep erms
bogomips	: 4988.12
clflush size	: 64
cache_alignment	: 64
address sizes	: 46 bits physical, 48 bits virtual
power management:

processor	: 2
vendor_id	: GenuineIntel
cpu family	: 6
model		: 62
model name	: Intel(R) Xeon(R) CPU E5-2609 v2 @ 2.50GHz
stepping	: 4
microcode	: 0x416
cpu MHz		: 2500.000
cache size	: 10240 KB
physical id	: 0
siblings	: 4
core id		: 2
cpu cores	: 4
apicid		: 4
initial apicid	: 4
fpu		: yes
fpu_exception	: yes
cpuid level	: 13
wp		: yes
flags		: fpu vme de pse tsc msr pae mce cx8 apic sep mtrr pge mca cmov pat pse36 clflush dts acpi mmx fxsr sse sse2 ss ht tm pbe syscall nx pdpe1gb rdtscp lm constant_tsc arch_perfmon pebs bts rep_good nopl xtopology nonstop_tsc aperfmperf eagerfpu pni pclmulqdq dtes64 monitor ds_cpl vmx smx est tm2 ssse3 cx16 xtpr pdcm pcid dca sse4_1 sse4_2 x2apic popcnt tsc_deadline_timer aes xsave avx f16c rdrand lahf_lm arat epb xsaveopt pln pts dtherm tpr_shadow vnmi flexpriority ept vpid fsgsbase smep erms
bogomips	: 4988.12
clflush size	: 64
cache_alignment	: 64
address sizes	: 46 bits physical, 48 bits virtual
power management:

processor	: 3
vendor_id	: GenuineIntel
cpu family	: 6
model		: 62
model name	: Intel(R) Xeon(R) CPU E5-2609 v2 @ 2.50GHz
stepping	: 4
microcode	: 0x416
cpu MHz		: 1200.000
cache size	: 10240 KB
physical id	: 0
siblings	: 4
core id		: 3
cpu cores	: 4
apicid		: 6
initial apicid	: 6
fpu		: yes
fpu_exception	: yes
cpuid level	: 13
wp		: yes
flags		: fpu vme de pse tsc msr pae mce cx8 apic sep mtrr pge mca cmov pat pse36 clflush dts acpi mmx fxsr sse sse2 ss ht tm pbe syscall nx pdpe1gb rdtscp lm constant_tsc arch_perfmon pebs bts rep_good nopl xtopology nonstop_tsc aperfmperf eagerfpu pni pclmulqdq dtes64 monitor ds_cpl vmx smx est tm2 ssse3 cx16 xtpr pdcm pcid dca sse4_1 sse4_2 x2apic popcnt tsc_deadline_timer aes xsave avx f16c rdrand lahf_lm arat epb xsaveopt pln pts dtherm tpr_shadow vnmi flexpriority ept vpid fsgsbase smep erms
bogomips	: 4988.12
clflush size	: 64
cache_alignment	: 64
address sizes	: 46 bits physical, 48 bits virtual
power management:

processor	: 4
vendor_id	: GenuineIntel
cpu family	: 6
model		: 62
model name	: Intel(R) Xeon(R) CPU E5-2609 v2 @ 2.50GHz
stepping	: 4
microcode	: 0x416
cpu MHz		: 1200.000
cache size	: 10240 KB
physical id	: 1
siblings	: 4
core id		: 0
cpu cores	: 4
apicid		: 32
initial apicid	: 32
fpu		: yes
fpu_exception	: yes
cpuid level	: 13
wp		: yes
flags		: fpu vme de pse tsc msr pae mce cx8 apic sep mtrr pge mca cmov pat pse36 clflush dts acpi mmx fxsr sse sse2 ss ht tm pbe syscall nx pdpe1gb rdtscp lm constant_tsc arch_perfmon pebs bts rep_good nopl xtopology nonstop_tsc aperfmperf eagerfpu pni pclmulqdq dtes64 monitor ds_cpl vmx smx est tm2 ssse3 cx16 xtpr pdcm pcid dca sse4_1 sse4_2 x2apic popcnt tsc_deadline_timer aes xsave avx f16c rdrand lahf_lm arat epb xsaveopt pln pts dtherm tpr_shadow vnmi flexpriority ept vpid fsgsbase smep erms
bogomips	: 4989.71
clflush size	: 64
cache_alignment	: 64
address sizes	: 46 bits physical, 48 bits virtual
power management:

processor	: 5
vendor_id	: GenuineIntel
cpu family	: 6
model		: 62
model name	: Intel(R) Xeon(R) CPU E5-2609 v2 @ 2.50GHz
stepping	: 4
microcode	: 0x416
cpu MHz		: 1200.000
cache size	: 10240 KB
physical id	: 1
siblings	: 4
core id		: 1
cpu cores	: 4
apicid		: 34
initial apicid	: 34
fpu		: yes
fpu_exception	: yes
cpuid level	: 13
wp		: yes
flags		: fpu vme de pse tsc msr pae mce cx8 apic sep mtrr pge mca cmov pat pse36 clflush dts acpi mmx fxsr sse sse2 ss ht tm pbe syscall nx pdpe1gb rdtscp lm constant_tsc arch_perfmon pebs bts rep_good nopl xtopology nonstop_tsc aperfmperf eagerfpu pni pclmulqdq dtes64 monitor ds_cpl vmx smx est tm2 ssse3 cx16 xtpr pdcm pcid dca sse4_1 sse4_2 x2apic popcnt tsc_deadline_timer aes xsave avx f16c rdrand lahf_lm arat epb xsaveopt pln pts dtherm tpr_shadow vnmi flexpriority ept vpid fsgsbase smep erms
bogomips	: 4989.71
clflush size	: 64
cache_alignment	: 64
address sizes	: 46 bits physical, 48 bits virtual
power management:

processor	: 6
vendor_id	: GenuineIntel
cpu family	: 6
model		: 62
model name	: Intel(R) Xeon(R) CPU E5-2609 v2 @ 2.50GHz
stepping	: 4
microcode	: 0x416
cpu MHz		: 1200.000
cache size	: 10240 KB
physical id	: 1
siblings	: 4
core id		: 2
cpu cores	: 4
apicid		: 36
initial apicid	: 36
fpu		: yes
fpu_exception	: yes
cpuid level	: 13
wp		: yes
flags		: fpu vme de pse tsc msr pae mce cx8 apic sep mtrr pge mca cmov pat pse36 clflush dts acpi mmx fxsr sse sse2 ss ht tm pbe syscall nx pdpe1gb rdtscp lm constant_tsc arch_perfmon pebs bts rep_good nopl xtopology nonstop_tsc aperfmperf eagerfpu pni pclmulqdq dtes64 monitor ds_cpl vmx smx est tm2 ssse3 cx16 xtpr pdcm pcid dca sse4_1 sse4_2 x2apic popcnt tsc_deadline_timer aes xsave avx f16c rdrand lahf_lm arat epb xsaveopt pln pts dtherm tpr_shadow vnmi flexpriority ept vpid fsgsbase smep erms
bogomips	: 4989.71
clflush size	: 64
cache_alignment	: 64
address sizes	: 46 bits physical, 48 bits virtual
power management:

processor	: 7
vendor_id	: GenuineIntel
cpu family	: 6
model		: 62
model name	: Intel(R) Xeon(R) CPU E5-2609 v2 @ 2.50GHz
stepping	: 4
microcode	: 0x416
cpu MHz		: 1200.000
cache size	: 10240 KB
physical id	: 1
siblings	: 4
core id		: 3
cpu cores	: 4
apicid		: 38
initial apicid	: 38
fpu		: yes
fpu_exception	: yes
cpuid level	: 13
wp		: yes
flags		: fpu vme de pse tsc msr pae mce cx8 apic sep mtrr pge mca cmov pat pse36 clflush dts acpi mmx fxsr sse sse2 ss ht tm pbe syscall nx pdpe1gb rdtscp lm constant_tsc arch_perfmon pebs bts rep_good nopl xtopology nonstop_tsc aperfmperf eagerfpu pni pclmulqdq dtes64 monitor ds_cpl vmx smx est tm2 ssse3 cx16 xtpr pdcm pcid dca sse4_1 sse4_2 x2apic popcnt tsc_deadline_timer aes xsave avx f16c rdrand lahf_lm arat epb xsaveopt pln pts dtherm tpr_shadow vnmi flexpriority ept vpid fsgsbase smep erms
bogomips	: 4989.71
clflush size	: 64
cache_alignment	: 64
address sizes	: 46 bits physical, 48 bits virtual
power management:



Memory: 4k page, physical 65922644k(61084132k free), swap 31250428k(31250428k free)

vm_info: Java HotSpot(TM) 64-Bit Server VM (25.40-b25) for linux-amd64 JRE (1.8.0_40-b26), built on Mar  7 2015 15:08:31 by "java_re" with gcc 4.3.0 20080428 (Red Hat 4.3.0-8)

time: Fri Apr 24 19:53:25 2015
elapsed time: 6 seconds (0d 0h 0m 6s)

