#
# A fatal error has been detected by the Java Runtime Environment:
#
#  SIGSEGV (0xb) at pc=0x00007f23ed29491c, pid=18583, tid=139734498346752
#
# JRE version: Java(TM) SE Runtime Environment (8.0_40-b26) (build 1.8.0_40-b26)
# Java VM: Java HotSpot(TM) 64-Bit Server VM (25.40-b25 mixed mode linux-amd64 )
# Problematic frame:
# C  [libc.so.6+0x8391c]  cfree+0x1c
#
# Failed to write core dump. Core dumps have been disabled. To enable core dumping, try "ulimit -c unlimited" before starting Java again
#
# If you would like to submit a bug report, please visit:
#   http://bugreport.java.com/bugreport/crash.jsp
# The crash happened outside the Java Virtual Machine in native code.
# See problematic frame for where to report the bug.
#

---------------  T H R E A D  ---------------

Current thread (0x00007f23e443b800):  JavaThread "JavaFX Application Thread" [_thread_in_native, id=18616, stack(0x00007f1679130000,0x00007f1679231000)]

siginfo: si_signo: 11 (SIGSEGV), si_code: 1 (SEGV_MAPERR), si_addr: 0xfffffffffffffff9

Registers:
RAX=0x0000000000000000, RBX=0x00007f16643665a0, RCX=0x000000000001a140, RDX=0x00000000000b0006
RSP=0x00007f167922e0a8, RBP=0x00007f167922e130, RSI=0x00007f1678be8d80, RDI=0x0000000000000001
R8 =0x0000000000000000, R9 =0x000000000000000b, R10=0x00007f167922de50, R11=0x00007f1686a62260
R12=0x00007f167922ee80, R13=0x00007f23e92d8678, R14=0x00007f167922e1d8, R15=0x00007f23e443b800
RIP=0x00007f23ed29491c, EFLAGS=0x0000000000010202, CSGSFS=0x0000000000000033, ERR=0x0000000000000005
  TRAPNO=0x000000000000000e

Top of Stack: (sp=0x00007f167922e0a8)
0x00007f167922e0a8:   00007f1678bd891b 00007f167922e1c0
0x00007f167922e0b8:   00007f1664334790 00007f167922e1d8
0x00007f167922e0c8:   00007f23e443b9f8 0000000100088678
0x00007f167922e0d8:   000336d600000005 0000000200000685
0x00007f167922e0e8:   00007f16643665a0 00007f1664334790
0x00007f167922e0f8:   00007f1664334790 00007f166431eee0
0x00007f167922e108:   00007f167922e0d4 00007f164653414c
0x00007f167922e118:   4aa95bfadb7c9300 00007f23e92d8678
0x00007f167922e128:   00007f167922ee80 00007f167922e1a0
0x00007f167922e138:   00007f23d501ce64 00007f167922e1a0
0x00007f167922e148:   00007f23d501c919 00007f23e443b800
0x00007f167922e158:   00007f23d501c8e2 00007f167922e160
0x00007f167922e168:   00007f23e92d8678 00007f167922e1d8
0x00007f167922e178:   00007f23e92d8a68 0000000000000000
0x00007f167922e188:   00007f23e92d8678 0000000000000000
0x00007f167922e198:   00007f167922e1c0 00007f167922e220
0x00007f167922e1a8:   00007f23d50076f0 0000000000000000
0x00007f167922e1b8:   00007f23d50137b6 00007f1fad3456b8
0x00007f167922e1c8:   00007f1664334790 00007f23d50137b7
0x00007f167922e1d8:   00007f1fad345500 00007f167922e1e0
0x00007f167922e1e8:   00007f23e8fd7625 00007f167922e278
0x00007f167922e1f8:   00007f23e8fd7a28 0000000000000000
0x00007f167922e208:   00007f23e8fd7708 00007f167922e1c0
0x00007f167922e218:   00007f167922e270 00007f167922e2c0
0x00007f167922e228:   00007f23d5007ca4 0000000000000000
0x00007f167922e238:   0000000000000000 0000000000000000
0x00007f167922e248:   0000000000000000 0000000000000000
0x00007f167922e258:   00007f1664334790 0000000000000000
0x00007f167922e268:   00007f1fad345500 00007f1fac4cc470
0x00007f167922e278:   00007f1fac45f688 00007f167922e280
0x00007f167922e288:   00007f23e8fde52c 00007f167922e2e0
0x00007f167922e298:   00007f23e8fe16e0 0000000000000000 

Instructions: (pc=0x00007f23ed29491c)
0x00007f23ed2948fc:   00 00 00 00 48 8b 05 e1 d5 33 00 48 8b 00 48 85
0x00007f23ed29490c:   c0 0f 85 bf 00 00 00 48 85 ff 0f 84 b4 00 00 00
0x00007f23ed29491c:   48 8b 47 f8 48 8d 77 f0 a8 02 75 28 a8 04 48 8d
0x00007f23ed29492c:   3d 0f de 33 00 74 0c 48 89 f0 48 25 00 00 00 fc 

Register to memory mapping:

RAX=0x0000000000000000 is an unknown value
RBX=0x00007f16643665a0 is an unknown value
RCX=0x000000000001a140 is an unknown value
RDX=0x00000000000b0006 is an unknown value
RSP=0x00007f167922e0a8 is pointing into the stack for thread: 0x00007f23e443b800
RBP=0x00007f167922e130 is pointing into the stack for thread: 0x00007f23e443b800
RSI=0x00007f1678be8d80: <offset 0x1dd80> in /tmp/LasZipLibrary-4347715643925308487.tmp at 0x00007f1678bcb000
RDI=0x0000000000000001 is an unknown value
R8 =0x0000000000000000 is an unknown value
R9 =0x000000000000000b is an unknown value
R10=0x00007f167922de50 is pointing into the stack for thread: 0x00007f23e443b800
R11=0x00007f1686a62260: _ZdlPv+0 in /usr/lib/x86_64-linux-gnu/libstdc++.so.6 at 0x00007f1686a05000
R12=0x00007f167922ee80 is pointing into the stack for thread: 0x00007f23e443b800
R13={method} {0x00007f23e92d8678} 'open' '(JLjava/lang/String;)I' in 'fr/ird/voxelidar/voxelisation/extraction/LazExtraction'
R14=0x00007f167922e1d8 is pointing into the stack for thread: 0x00007f23e443b800
R15=0x00007f23e443b800 is a thread


Stack: [0x00007f1679130000,0x00007f1679231000],  sp=0x00007f167922e0a8,  free space=1016k
Native frames: (J=compiled Java code, j=interpreted, Vv=VM code, C=native code)
C  [libc.so.6+0x8391c]  cfree+0x1c
j  fr.ird.voxelidar.voxelisation.extraction.LazExtraction.open(JLjava/lang/String;)I+0
j  fr.ird.voxelidar.FXPrincipal.start(Ljavafx/stage/Stage;)V+21
j  com.sun.javafx.application.LauncherImpl.lambda$launchApplication1$159(Ljava/util/concurrent/atomic/AtomicBoolean;Ljavafx/application/Application;)V+20
j  com.sun.javafx.application.LauncherImpl$$Lambda$58.run()V+8
j  com.sun.javafx.application.PlatformImpl.lambda$runAndWait$172(Ljava/lang/Runnable;Ljava/util/concurrent/CountDownLatch;)V+1
j  com.sun.javafx.application.PlatformImpl$$Lambda$50.run()V+8
j  com.sun.javafx.application.PlatformImpl.lambda$null$170(Ljava/lang/Runnable;)Ljava/lang/Void;+1
j  com.sun.javafx.application.PlatformImpl$$Lambda$53.run()Ljava/lang/Object;+4
v  ~StubRoutines::call_stub
V  [libjvm.so+0x681a56]  JavaCalls::call_helper(JavaValue*, methodHandle*, JavaCallArguments*, Thread*)+0x1056
V  [libjvm.so+0x71980c]  JVM_DoPrivileged+0x27c
j  java.security.AccessController.doPrivileged(Ljava/security/PrivilegedAction;Ljava/security/AccessControlContext;)Ljava/lang/Object;+0
j  com.sun.javafx.application.PlatformImpl.lambda$runLater$171(Ljava/lang/Runnable;Ljava/security/AccessControlContext;)V+7
j  com.sun.javafx.application.PlatformImpl$$Lambda$52.run()V+8
j  com.sun.glass.ui.InvokeLaterDispatcher$Future.run()V+4
v  ~StubRoutines::call_stub
V  [libjvm.so+0x681a56]  JavaCalls::call_helper(JavaValue*, methodHandle*, JavaCallArguments*, Thread*)+0x1056
V  [libjvm.so+0x6c435b]  jni_invoke_nonstatic(JNIEnv_*, JavaValue*, _jobject*, JNICallType, _jmethodID*, JNI_ArgumentPusher*, Thread*)+0x41b
V  [libjvm.so+0x6c871f]  jni_CallVoidMethodV+0x10f
C  [libglass.so+0x1b798]  JNIEnv_::CallVoidMethod(_jobject*, _jmethodID*, ...)+0x98
C  [libglass.so+0x25144]  call_runnable(void*)+0x34
C  [libgdk-x11-2.0.so.0+0x1dcf7]

Java frames: (J=compiled Java code, j=interpreted, Vv=VM code)
j  fr.ird.voxelidar.voxelisation.extraction.LazExtraction.open(JLjava/lang/String;)I+0
j  fr.ird.voxelidar.FXPrincipal.start(Ljavafx/stage/Stage;)V+21
j  com.sun.javafx.application.LauncherImpl.lambda$launchApplication1$159(Ljava/util/concurrent/atomic/AtomicBoolean;Ljavafx/application/Application;)V+20
j  com.sun.javafx.application.LauncherImpl$$Lambda$58.run()V+8
j  com.sun.javafx.application.PlatformImpl.lambda$runAndWait$172(Ljava/lang/Runnable;Ljava/util/concurrent/CountDownLatch;)V+1
j  com.sun.javafx.application.PlatformImpl$$Lambda$50.run()V+8
j  com.sun.javafx.application.PlatformImpl.lambda$null$170(Ljava/lang/Runnable;)Ljava/lang/Void;+1
j  com.sun.javafx.application.PlatformImpl$$Lambda$53.run()Ljava/lang/Object;+4
v  ~StubRoutines::call_stub
j  java.security.AccessController.doPrivileged(Ljava/security/PrivilegedAction;Ljava/security/AccessControlContext;)Ljava/lang/Object;+0
j  com.sun.javafx.application.PlatformImpl.lambda$runLater$171(Ljava/lang/Runnable;Ljava/security/AccessControlContext;)V+7
j  com.sun.javafx.application.PlatformImpl$$Lambda$52.run()V+8
j  com.sun.glass.ui.InvokeLaterDispatcher$Future.run()V+4
v  ~StubRoutines::call_stub
j  com.sun.glass.ui.gtk.GtkApplication._runLoop(Ljava/lang/Runnable;Z)V+0
j  com.sun.glass.ui.gtk.GtkApplication.lambda$null$48(Ljava/lang/Runnable;Z)V+7
j  com.sun.glass.ui.gtk.GtkApplication$$Lambda$41.run()V+12
j  java.lang.Thread.run()V+11
v  ~StubRoutines::call_stub

---------------  P R O C E S S  ---------------

Java Threads: ( => current thread )
  0x00007f23e4440000 JavaThread "JavaFX-Launcher" [_thread_blocked, id=18617, stack(0x00007f167902f000,0x00007f1679130000)]
=>0x00007f23e443b800 JavaThread "JavaFX Application Thread" [_thread_in_native, id=18616, stack(0x00007f1679130000,0x00007f1679231000)]
  0x00007f23e4437800 JavaThread "Thread-1" daemon [_thread_blocked, id=18615, stack(0x00007f16840ff000,0x00007f1684200000)]
  0x00007f23e4372000 JavaThread "QuantumRenderer-0" daemon [_thread_blocked, id=18612, stack(0x00007f1748730000,0x00007f1748831000)]
  0x00007f23e422d800 JavaThread "Service Thread" daemon [_thread_blocked, id=18610, stack(0x00007f1748932000,0x00007f1748a33000)]
  0x00007f23e4220000 JavaThread "C1 CompilerThread3" daemon [_thread_blocked, id=18609, stack(0x00007f1748a33000,0x00007f1748b34000)]
  0x00007f23e421e000 JavaThread "C2 CompilerThread2" daemon [_thread_blocked, id=18608, stack(0x00007f1748b34000,0x00007f1748c35000)]
  0x00007f23e421c000 JavaThread "C2 CompilerThread1" daemon [_thread_blocked, id=18607, stack(0x00007f1748c35000,0x00007f1748d36000)]
  0x00007f23e4219800 JavaThread "C2 CompilerThread0" daemon [_thread_blocked, id=18606, stack(0x00007f1748d36000,0x00007f1748e37000)]
  0x00007f16ac001000 JavaThread "JDWP Command Reader" daemon [_thread_in_native, id=18604, stack(0x00007f1748e37000,0x00007f1748f38000)]
  0x00007f23e4217000 JavaThread "JDWP Event Helper Thread" daemon [_thread_blocked, id=18602, stack(0x00007f1748f38000,0x00007f1749039000)]
  0x00007f23e4213800 JavaThread "JDWP Transport Listener: dt_socket" daemon [_thread_blocked, id=18600, stack(0x00007f1749039000,0x00007f174913a000)]
  0x00007f23e4207800 JavaThread "Signal Dispatcher" daemon [_thread_blocked, id=18599, stack(0x00007f174933e000,0x00007f174943f000)]
  0x00007f23e41d0800 JavaThread "Finalizer" daemon [_thread_blocked, id=18598, stack(0x00007f174943f000,0x00007f1749540000)]
  0x00007f23e41ce800 JavaThread "Reference Handler" daemon [_thread_blocked, id=18597, stack(0x00007f1749540000,0x00007f1749641000)]
  0x00007f23e400c000 JavaThread "main" [_thread_blocked, id=18587, stack(0x00007f23edd08000,0x00007f23ede09000)]

Other Threads:
  0x00007f23e41c9000 VMThread [stack: 0x00007f1749641000,0x00007f1749742000] [id=18596]
  0x00007f23e4230800 WatcherThread [stack: 0x00007f1748831000,0x00007f1748932000] [id=18611]

VM state:not at safepoint (normal execution)

VM Mutex/Monitor currently owned by a thread: None

Heap:
 PSYoungGen      total 300544K, used 51610K [0x00007f1faa580000, 0x00007f1fbf480000, 0x00007f23d5000000)
  eden space 258048K, 20% used [0x00007f1faa580000,0x00007f1fad7e6910,0x00007f1fba180000)
  from space 42496K, 0% used [0x00007f1fbcb00000,0x00007f1fbcb00000,0x00007f1fbf480000)
  to   space 42496K, 0% used [0x00007f1fba180000,0x00007f1fba180000,0x00007f1fbcb00000)
 ParOldGen       total 687104K, used 0K [0x00007f1755000000, 0x00007f177ef00000, 0x00007f1faa580000)
  object space 687104K, 0% used [0x00007f1755000000,0x00007f1755000000,0x00007f177ef00000)
 Metaspace       used 8269K, capacity 8849K, committed 8960K, reserved 10240K

Card table byte_map: [0x00007f174ebff000,0x00007f1755000000] byte_map_base: 0x00007ed7c3157000

Marking Bits: (ParMarkBitMap*) 0x00007f23ed1e66c0
 Begin Bits: [0x00007f16c4000000, 0x00007f16f6000000)
 End Bits:   [0x00007f16f6000000, 0x00007f1728000000)

Polling page: 0x00007f23ede2f000

CodeCache: size=245760Kb used=2441Kb max_used=2441Kb free=243318Kb
 bounds [0x00007f23d5000000, 0x00007f23d5270000, 0x00007f23e4000000]
 total_blobs=1002 nmethods=581 adapters=343
 compilation: enabled

Compilation events (10 events):
Event: 0,650 Thread 0x00007f23e4220000  577   !   3       java.lang.StringCoding::encode (120 bytes)
Event: 0,652 Thread 0x00007f23e4220000 nmethod 577 0x00007f23d5260b10 code [0x00007f23d5260e60, 0x00007f23d5262898]
Event: 0,655 Thread 0x00007f23e4220000  578       3       java.nio.Buffer::position (43 bytes)
Event: 0,656 Thread 0x00007f23e4220000 nmethod 578 0x00007f23d525b3d0 code [0x00007f23d525b560, 0x00007f23d525b828]
Event: 0,656 Thread 0x00007f23e4220000  579       3       java.lang.ThreadLocal::get (38 bytes)
Event: 0,656 Thread 0x00007f23e4220000 nmethod 579 0x00007f23d525d850 code [0x00007f23d525d9e0, 0x00007f23d525dd88]
Event: 0,656 Thread 0x00007f23e4220000  580       3       java.lang.ThreadLocal$ThreadLocalMap::access$000 (6 bytes)
Event: 0,656 Thread 0x00007f23e4220000 nmethod 580 0x00007f23d525d490 code [0x00007f23d525d600, 0x00007f23d525d788]
Event: 0,656 Thread 0x00007f23e4220000  581       3       java.lang.ThreadLocal$ThreadLocalMap::getEntry (42 bytes)
Event: 0,656 Thread 0x00007f23e4220000 nmethod 581 0x00007f23d525ce90 code [0x00007f23d525d000, 0x00007f23d525d328]

GC Heap History (0 events):
No events

Deoptimization events (2 events):
Event: 0,527 Thread 0x00007f23e443b800 Uncommon trap: reason=unstable_if action=reinterpret pc=0x00007f23d51bb4a4 method=java.lang.String.replace(CC)Ljava/lang/String; @ 2
Event: 0,548 Thread 0x00007f23e443b800 Uncommon trap: reason=unstable_if action=reinterpret pc=0x00007f23d51e6430 method=java.lang.String.indexOf([CII[CIII)I @ 134

Internal exceptions (10 events):
Event: 0,614 Thread 0x00007f23e443b800 Exception <a 'java/lang/ClassNotFoundException': org/apache/log4j/RollingFileAppenderBeanInfo> (0x00007f1fac7ee320) thrown at [/HUDSON/workspace/8-2-build-linux-amd64/jdk8u40/3098/hotspot/src/share/vm/classfile/systemDictionary.cpp, line 210]
Event: 0,614 Thread 0x00007f23e443b800 Exception <a 'java/lang/ClassNotFoundException': org/apache/log4j/FileAppenderBeanInfo> (0x00007f1fac7f80a0) thrown at [/HUDSON/workspace/8-2-build-linux-amd64/jdk8u40/3098/hotspot/src/share/vm/classfile/systemDictionary.cpp, line 210]
Event: 0,615 Thread 0x00007f23e443b800 Exception <a 'java/lang/ClassNotFoundException': org/apache/log4j/WriterAppenderBeanInfo> (0x00007f1fac8020f0) thrown at [/HUDSON/workspace/8-2-build-linux-amd64/jdk8u40/3098/hotspot/src/share/vm/classfile/systemDictionary.cpp, line 210]
Event: 0,615 Thread 0x00007f23e443b800 Exception <a 'java/lang/ClassNotFoundException': org/apache/log4j/AppenderSkeletonBeanInfo> (0x00007f1fac80c480) thrown at [/HUDSON/workspace/8-2-build-linux-amd64/jdk8u40/3098/hotspot/src/share/vm/classfile/systemDictionary.cpp, line 210]
Event: 0,616 Thread 0x00007f23e443b800 Exception <a 'java/lang/ClassNotFoundException': org/apache/log4j/AppenderSkeletonCustomizer> (0x00007f1fac816fa0) thrown at [/HUDSON/workspace/8-2-build-linux-amd64/jdk8u40/3098/hotspot/src/share/vm/classfile/systemDictionary.cpp, line 210]
Event: 0,618 Thread 0x00007f23e443b800 Exception <a 'java/lang/ClassNotFoundException': org/apache/log4j/WriterAppenderCustomizer> (0x00007f1fac83b188) thrown at [/HUDSON/workspace/8-2-build-linux-amd64/jdk8u40/3098/hotspot/src/share/vm/classfile/systemDictionary.cpp, line 210]
Event: 0,620 Thread 0x00007f23e443b800 Exception <a 'java/lang/ClassNotFoundException': org/apache/log4j/FileAppenderCustomizer> (0x00007f1fac855968) thrown at [/HUDSON/workspace/8-2-build-linux-amd64/jdk8u40/3098/hotspot/src/share/vm/classfile/systemDictionary.cpp, line 210]
Event: 0,622 Thread 0x00007f23e443b800 Exception <a 'java/lang/ClassNotFoundException': org/apache/log4j/RollingFileAppenderCustomizer> (0x00007f1fac871d78) thrown at [/HUDSON/workspace/8-2-build-linux-amd64/jdk8u40/3098/hotspot/src/share/vm/classfile/systemDictionary.cpp, line 210]
Event: 0,628 Thread 0x00007f23e443b800 Exception <a 'java/lang/ClassNotFoundException': org/apache/log4j/ConsoleAppenderBeanInfo> (0x00007f1fac8b2ec8) thrown at [/HUDSON/workspace/8-2-build-linux-amd64/jdk8u40/3098/hotspot/src/share/vm/classfile/systemDictionary.cpp, line 210]
Event: 0,629 Thread 0x00007f23e443b800 Exception <a 'java/lang/ClassNotFoundException': org/apache/log4j/ConsoleAppenderCustomizer> (0x00007f1fac8bd190) thrown at [/HUDSON/workspace/8-2-build-linux-amd64/jdk8u40/3098/hotspot/src/share/vm/classfile/systemDictionary.cpp, line 210]

Events (10 events):
Event: 0,650 loading class java/io/DeleteOnExitHook$1
Event: 0,650 loading class java/io/DeleteOnExitHook$1 done
Event: 0,654 loading class java/text/DontCareFieldPosition
Event: 0,654 loading class java/text/DontCareFieldPosition done
Event: 0,654 loading class java/text/DontCareFieldPosition$1
Event: 0,654 loading class java/text/Format$FieldDelegate
Event: 0,654 loading class java/text/Format$FieldDelegate done
Event: 0,654 loading class java/text/DontCareFieldPosition$1 done
Event: 0,655 loading class java/io/FileOutputStream$1
Event: 0,655 loading class java/io/FileOutputStream$1 done


Dynamic libraries:
00400000-00401000 r-xp 00000000 08:03 107611431                          /home/calcul/Téléchargements/jdk1.8.0_40/jre/bin/java
00600000-00601000 rw-p 00000000 08:03 107611431                          /home/calcul/Téléchargements/jdk1.8.0_40/jre/bin/java
01e49000-01e6a000 rw-p 00000000 00:00 0                                  [heap]
7f1664000000-7f1664616000 rw-p 00000000 00:00 0 
7f1664616000-7f1668000000 ---p 00000000 00:00 0 
7f1668000000-7f1668021000 rw-p 00000000 00:00 0 
7f1668021000-7f166c000000 ---p 00000000 00:00 0 
7f166c000000-7f166c022000 rw-p 00000000 00:00 0 
7f166c022000-7f1670000000 ---p 00000000 00:00 0 
7f1670000000-7f1670021000 rw-p 00000000 00:00 0 
7f1670021000-7f1674000000 ---p 00000000 00:00 0 
7f1674000000-7f1674021000 rw-p 00000000 00:00 0 
7f1674021000-7f1678000000 ---p 00000000 00:00 0 
7f1678bca000-7f1678bcb000 rw-p 00000000 00:00 0 
7f1678bcb000-7f1678bee000 r-xp 00000000 08:01 131128                     /tmp/LasZipLibrary-4347715643925308487.tmp
7f1678bee000-7f1678dee000 ---p 00023000 08:01 131128                     /tmp/LasZipLibrary-4347715643925308487.tmp
7f1678dee000-7f1678df0000 r--p 00023000 08:01 131128                     /tmp/LasZipLibrary-4347715643925308487.tmp
7f1678df0000-7f1678df1000 rw-p 00025000 08:01 131128                     /tmp/LasZipLibrary-4347715643925308487.tmp
7f1678df1000-7f1678df6000 r--s 00094000 08:03 107611371                  /home/calcul/Téléchargements/jdk1.8.0_40/jre/lib/jsse.jar
7f1678df6000-7f1678e12000 r--s 00393000 08:03 107611383                  /home/calcul/Téléchargements/jdk1.8.0_40/jre/lib/ext/cldrdata.jar
7f1678e12000-7f1678e1d000 r--s 00116000 08:03 107611377                  /home/calcul/Téléchargements/jdk1.8.0_40/jre/lib/ext/localedata.jar
7f1678e1d000-7f1678edd000 rw-p 00000000 00:00 0 
7f1678edd000-7f167901d000 ---p 00000000 00:00 0 
7f167901d000-7f167902f000 r--s 000d8000 08:03 110627261                  /home/calcul/Documents/Julien/VoxeLidar/trunk/VoxeLidarGUIFX/target/lib/controlsfx-8.20.8.jar
7f167902f000-7f1679032000 ---p 00000000 00:00 0 
7f1679032000-7f1679130000 rw-p 00000000 00:00 0                          [stack:18617]
7f1679130000-7f1679133000 ---p 00000000 00:00 0 
7f1679133000-7f1679231000 rw-p 00000000 00:00 0                          [stack:18616]
7f1679231000-7f1679232000 ---p 00000000 00:00 0 
7f1679232000-7f1679a32000 rw-p 00000000 00:00 0                          [stack:18614]
7f1679a32000-7f1679a33000 ---p 00000000 00:00 0 
7f1679a33000-7f167a233000 rw-p 00000000 00:00 0                          [stack:18613]
7f167a233000-7f167a23e000 r-xp 00000000 08:01 656478                     /usr/lib/x86_64-linux-gnu/gio/modules/libdconfsettings.so
7f167a23e000-7f167a43d000 ---p 0000b000 08:01 656478                     /usr/lib/x86_64-linux-gnu/gio/modules/libdconfsettings.so
7f167a43d000-7f167a43e000 r--p 0000a000 08:01 656478                     /usr/lib/x86_64-linux-gnu/gio/modules/libdconfsettings.so
7f167a43e000-7f167a43f000 rw-p 0000b000 08:01 656478                     /usr/lib/x86_64-linux-gnu/gio/modules/libdconfsettings.so
7f167a43f000-7f167a446000 r-xp 00000000 08:01 270532                     /usr/lib/x86_64-linux-gnu/libogg.so.0.8.1
7f167a446000-7f167a646000 ---p 00007000 08:01 270532                     /usr/lib/x86_64-linux-gnu/libogg.so.0.8.1
7f167a646000-7f167a647000 r--p 00007000 08:01 270532                     /usr/lib/x86_64-linux-gnu/libogg.so.0.8.1
7f167a647000-7f167a648000 rw-p 00008000 08:01 270532                     /usr/lib/x86_64-linux-gnu/libogg.so.0.8.1
7f167a648000-7f167a673000 r-xp 00000000 08:01 270763                     /usr/lib/x86_64-linux-gnu/libvorbis.so.0.4.5
7f167a673000-7f167a873000 ---p 0002b000 08:01 270763                     /usr/lib/x86_64-linux-gnu/libvorbis.so.0.4.5
7f167a873000-7f167a874000 r--p 0002b000 08:01 270763                     /usr/lib/x86_64-linux-gnu/libvorbis.so.0.4.5
7f167a874000-7f167a875000 rw-p 0002c000 08:01 270763                     /usr/lib/x86_64-linux-gnu/libvorbis.so.0.4.5
7f167a875000-7f167a87e000 r-xp 00000000 08:01 270454                     /usr/lib/x86_64-linux-gnu/libltdl.so.7.3.0
7f167a87e000-7f167aa7d000 ---p 00009000 08:01 270454                     /usr/lib/x86_64-linux-gnu/libltdl.so.7.3.0
7f167aa7d000-7f167aa7e000 r--p 00008000 08:01 270454                     /usr/lib/x86_64-linux-gnu/libltdl.so.7.3.0
7f167aa7e000-7f167aa7f000 rw-p 00009000 08:01 270454                     /usr/lib/x86_64-linux-gnu/libltdl.so.7.3.0
7f167aa7f000-7f167aa91000 r-xp 00000000 08:01 270696                     /usr/lib/x86_64-linux-gnu/libtdb.so.1.2.11
7f167aa91000-7f167ac90000 ---p 00012000 08:01 270696                     /usr/lib/x86_64-linux-gnu/libtdb.so.1.2.11
7f167ac90000-7f167ac91000 r--p 00011000 08:01 270696                     /usr/lib/x86_64-linux-gnu/libtdb.so.1.2.11
7f167ac91000-7f167ac92000 rw-p 00012000 08:01 270696                     /usr/lib/x86_64-linux-gnu/libtdb.so.1.2.11
7f167ac92000-7f167ac99000 r-xp 00000000 08:01 270767                     /usr/lib/x86_64-linux-gnu/libvorbisfile.so.3.3.4
7f167ac99000-7f167ae98000 ---p 00007000 08:01 270767                     /usr/lib/x86_64-linux-gnu/libvorbisfile.so.3.3.4
7f167ae98000-7f167ae99000 r--p 00006000 08:01 270767                     /usr/lib/x86_64-linux-gnu/libvorbisfile.so.3.3.4
7f167ae99000-7f167ae9a000 rw-p 00007000 08:01 270767                     /usr/lib/x86_64-linux-gnu/libvorbisfile.so.3.3.4
7f167ae9a000-7f167aea9000 r-xp 00000000 08:01 269997                     /usr/lib/x86_64-linux-gnu/libcanberra.so.0.2.5
7f167aea9000-7f167b0a8000 ---p 0000f000 08:01 269997                     /usr/lib/x86_64-linux-gnu/libcanberra.so.0.2.5
7f167b0a8000-7f167b0a9000 r--p 0000e000 08:01 269997                     /usr/lib/x86_64-linux-gnu/libcanberra.so.0.2.5
7f167b0a9000-7f167b0aa000 rw-p 0000f000 08:01 269997                     /usr/lib/x86_64-linux-gnu/libcanberra.so.0.2.5
7f167b0aa000-7f167b0ae000 r-xp 00000000 08:01 269993                     /usr/lib/x86_64-linux-gnu/libcanberra-gtk.so.0.1.9
7f167b0ae000-7f167b2ad000 ---p 00004000 08:01 269993                     /usr/lib/x86_64-linux-gnu/libcanberra-gtk.so.0.1.9
7f167b2ad000-7f167b2ae000 r--p 00003000 08:01 269993                     /usr/lib/x86_64-linux-gnu/libcanberra-gtk.so.0.1.9
7f167b2ae000-7f167b2af000 rw-p 00004000 08:01 269993                     /usr/lib/x86_64-linux-gnu/libcanberra-gtk.so.0.1.9
7f167b2af000-7f167b2b4000 r-xp 00000000 08:01 656734                     /usr/lib/x86_64-linux-gnu/gtk-2.0/modules/libcanberra-gtk-module.so
7f167b2b4000-7f167b4b3000 ---p 00005000 08:01 656734                     /usr/lib/x86_64-linux-gnu/gtk-2.0/modules/libcanberra-gtk-module.so
7f167b4b3000-7f167b4b4000 r--p 00004000 08:01 656734                     /usr/lib/x86_64-linux-gnu/gtk-2.0/modules/libcanberra-gtk-module.so
7f167b4b4000-7f167b4b5000 rw-p 00005000 08:01 656734                     /usr/lib/x86_64-linux-gnu/gtk-2.0/modules/libcanberra-gtk-module.so
7f167b4b5000-7f167b4e4000 r-xp 00000000 08:01 656716                     /usr/lib/x86_64-linux-gnu/gtk-2.0/2.10.0/engines/libmurrine.so
7f167b4e4000-7f167b6e4000 ---p 0002f000 08:01 656716                     /usr/lib/x86_64-linux-gnu/gtk-2.0/2.10.0/engines/libmurrine.so
7f167b6e4000-7f167b6e5000 r--p 0002f000 08:01 656716                     /usr/lib/x86_64-linux-gnu/gtk-2.0/2.10.0/engines/libmurrine.so
7f167b6e5000-7f167b6e6000 rw-p 00030000 08:01 656716                     /usr/lib/x86_64-linux-gnu/gtk-2.0/2.10.0/engines/libmurrine.so
7f167b6e6000-7f167b6f7000 r-xp 00000000 08:01 656737                     /usr/lib/x86_64-linux-gnu/gtk-2.0/modules/liboverlay-scrollbar.so
7f167b6f7000-7f167b8f6000 ---p 00011000 08:01 656737                     /usr/lib/x86_64-linux-gnu/gtk-2.0/modules/liboverlay-scrollbar.so
7f167b8f6000-7f167b8f7000 r--p 00010000 08:01 656737                     /usr/lib/x86_64-linux-gnu/gtk-2.0/modules/liboverlay-scrollbar.so
7f167b8f7000-7f167b8f8000 rw-p 00011000 08:01 656737                     /usr/lib/x86_64-linux-gnu/gtk-2.0/modules/liboverlay-scrollbar.so
7f167b8f8000-7f167b923000 r-xp 00000000 08:03 107611297                  /home/calcul/Téléchargements/jdk1.8.0_40/jre/lib/amd64/libglass.so
7f167b923000-7f167bb22000 ---p 0002b000 08:03 107611297                  /home/calcul/Téléchargements/jdk1.8.0_40/jre/lib/amd64/libglass.so
7f167bb22000-7f167bb24000 r--p 0002a000 08:03 107611297                  /home/calcul/Téléchargements/jdk1.8.0_40/jre/lib/amd64/libglass.so
7f167bb24000-7f167bb25000 rw-p 0002c000 08:03 107611297                  /home/calcul/Téléchargements/jdk1.8.0_40/jre/lib/amd64/libglass.so
7f167bb25000-7f167bb26000 rw-p 00000000 00:00 0 
7f167bb26000-7f167bb58000 r-xp 00000000 08:01 270722                     /usr/lib/x86_64-linux-gnu/libtxc_dxtn_s2tc.so.0.0.0
7f167bb58000-7f167bd57000 ---p 00032000 08:01 270722                     /usr/lib/x86_64-linux-gnu/libtxc_dxtn_s2tc.so.0.0.0
7f167bd57000-7f167bd58000 r--p 00031000 08:01 270722                     /usr/lib/x86_64-linux-gnu/libtxc_dxtn_s2tc.so.0.0.0
7f167bd58000-7f167bd59000 rw-p 00032000 08:01 270722                     /usr/lib/x86_64-linux-gnu/libtxc_dxtn_s2tc.so.0.0.0
7f167bd59000-7f167d29c000 r-xp 00000000 08:01 269745                     /usr/lib/x86_64-linux-gnu/libLLVM-3.3.so.1
7f167d29c000-7f167d29d000 ---p 01543000 08:01 269745                     /usr/lib/x86_64-linux-gnu/libLLVM-3.3.so.1
7f167d29d000-7f167d3b2000 r--p 01543000 08:01 269745                     /usr/lib/x86_64-linux-gnu/libLLVM-3.3.so.1
7f167d3b2000-7f167d3b4000 rw-p 01658000 08:01 269745                     /usr/lib/x86_64-linux-gnu/libLLVM-3.3.so.1
7f167d3b4000-7f167d3c7000 rw-p 00000000 00:00 0 
7f167d3c7000-7f167d3cc000 r-xp 00000000 08:01 268846                     /usr/lib/x86_64-linux-gnu/libdrm_nouveau.so.2.0.0
7f167d3cc000-7f167d5cb000 ---p 00005000 08:01 268846                     /usr/lib/x86_64-linux-gnu/libdrm_nouveau.so.2.0.0
7f167d5cb000-7f167d5cc000 r--p 00004000 08:01 268846                     /usr/lib/x86_64-linux-gnu/libdrm_nouveau.so.2.0.0
7f167d5cc000-7f167d5cd000 rw-p 00005000 08:01 268846                     /usr/lib/x86_64-linux-gnu/libdrm_nouveau.so.2.0.0
7f167d5cd000-7f167d7eb000 r-xp 00000000 08:01 270170                     /usr/lib/x86_64-linux-gnu/libgallium.so.0.0.0
7f167d7eb000-7f167d9ea000 ---p 0021e000 08:01 270170                     /usr/lib/x86_64-linux-gnu/libgallium.so.0.0.0
7f167d9ea000-7f167d9fb000 r--p 0021d000 08:01 270170                     /usr/lib/x86_64-linux-gnu/libgallium.so.0.0.0
7f167d9fb000-7f167d9fe000 rw-p 0022e000 08:01 270170                     /usr/lib/x86_64-linux-gnu/libgallium.so.0.0.0
7f167d9fe000-7f167dbc6000 rw-p 00000000 00:00 0 
7f167dbc6000-7f167df84000 r-xp 00000000 08:01 270081                     /usr/lib/x86_64-linux-gnu/libdricore9.2.1.so.1.0.0
7f167df84000-7f167e183000 ---p 003be000 08:01 270081                     /usr/lib/x86_64-linux-gnu/libdricore9.2.1.so.1.0.0
7f167e183000-7f167e193000 r--p 003bd000 08:01 270081                     /usr/lib/x86_64-linux-gnu/libdricore9.2.1.so.1.0.0
7f167e193000-7f167e19b000 rw-p 003cd000 08:01 270081                     /usr/lib/x86_64-linux-gnu/libdricore9.2.1.so.1.0.0
7f167e19b000-7f167e1b3000 rw-p 00000000 00:00 0 
7f167e1b3000-7f167e305000 r-xp 00000000 08:01 655813                     /usr/lib/x86_64-linux-gnu/dri/nouveau_dri.so
7f167e305000-7f167e504000 ---p 00152000 08:01 655813                     /usr/lib/x86_64-linux-gnu/dri/nouveau_dri.so
7f167e504000-7f167e507000 r--p 00151000 08:01 655813                     /usr/lib/x86_64-linux-gnu/dri/nouveau_dri.so
7f167e507000-7f167e509000 rw-p 00154000 08:01 655813                     /usr/lib/x86_64-linux-gnu/dri/nouveau_dri.so
7f167e509000-7f167e50b000 rw-p 00000000 00:00 0 
7f167e50b000-7f167e511000 r-xp 00000000 08:01 270058                     /usr/lib/x86_64-linux-gnu/libdatrie.so.1.2.0
7f167e511000-7f167e710000 ---p 00006000 08:01 270058                     /usr/lib/x86_64-linux-gnu/libdatrie.so.1.2.0
7f167e710000-7f167e711000 r--p 00005000 08:01 270058                     /usr/lib/x86_64-linux-gnu/libdatrie.so.1.2.0
7f167e711000-7f167e712000 rw-p 00006000 08:01 270058                     /usr/lib/x86_64-linux-gnu/libdatrie.so.1.2.0
7f167e712000-7f167e717000 r-xp 00000000 08:01 269880                     /usr/lib/x86_64-linux-gnu/libXdmcp.so.6.0.0
7f167e717000-7f167e916000 ---p 00005000 08:01 269880                     /usr/lib/x86_64-linux-gnu/libXdmcp.so.6.0.0
7f167e916000-7f167e917000 r--p 00004000 08:01 269880                     /usr/lib/x86_64-linux-gnu/libXdmcp.so.6.0.0
7f167e917000-7f167e918000 rw-p 00005000 08:01 269880                     /usr/lib/x86_64-linux-gnu/libXdmcp.so.6.0.0
7f167e918000-7f167e91a000 r-xp 00000000 08:01 269869                     /usr/lib/x86_64-linux-gnu/libXau.so.6.0.0
7f167e91a000-7f167eb1a000 ---p 00002000 08:01 269869                     /usr/lib/x86_64-linux-gnu/libXau.so.6.0.0
7f167eb1a000-7f167eb1b000 r--p 00002000 08:01 269869                     /usr/lib/x86_64-linux-gnu/libXau.so.6.0.0
7f167eb1b000-7f167eb1c000 rw-p 00003000 08:01 269869                     /usr/lib/x86_64-linux-gnu/libXau.so.6.0.0
7f167eb1c000-7f167eb34000 r-xp 00000000 08:01 270266                     /usr/lib/x86_64-linux-gnu/libgraphite2.so.3.0.1
7f167eb34000-7f167ed33000 ---p 00018000 08:01 270266                     /usr/lib/x86_64-linux-gnu/libgraphite2.so.3.0.1
7f167ed33000-7f167ed35000 r--p 00017000 08:01 270266                     /usr/lib/x86_64-linux-gnu/libgraphite2.so.3.0.1
7f167ed35000-7f167ed36000 rw-p 00019000 08:01 270266                     /usr/lib/x86_64-linux-gnu/libgraphite2.so.3.0.1
7f167ed36000-7f167ed41000 r-xp 00000000 08:01 269859                     /usr/lib/x86_64-linux-gnu/libdrm.so.2.4.0
7f167ed41000-7f167ef40000 ---p 0000b000 08:01 269859                     /usr/lib/x86_64-linux-gnu/libdrm.so.2.4.0
7f167ef40000-7f167ef41000 r--p 0000a000 08:01 269859                     /usr/lib/x86_64-linux-gnu/libdrm.so.2.4.0
7f167ef41000-7f167ef42000 rw-p 0000b000 08:01 269859                     /usr/lib/x86_64-linux-gnu/libdrm.so.2.4.0
7f167ef42000-7f167ef45000 r-xp 00000000 08:01 270795                     /usr/lib/x86_64-linux-gnu/libxcb-dri2.so.0.0.0
7f167ef45000-7f167f145000 ---p 00003000 08:01 270795                     /usr/lib/x86_64-linux-gnu/libxcb-dri2.so.0.0.0
7f167f145000-7f167f146000 r--p 00003000 08:01 270795                     /usr/lib/x86_64-linux-gnu/libxcb-dri2.so.0.0.0
7f167f146000-7f167f147000 rw-p 00004000 08:01 270795                     /usr/lib/x86_64-linux-gnu/libxcb-dri2.so.0.0.0
7f167f147000-7f167f15c000 r-xp 00000000 08:01 270797                     /usr/lib/x86_64-linux-gnu/libxcb-glx.so.0.0.0
7f167f15c000-7f167f35b000 ---p 00015000 08:01 270797                     /usr/lib/x86_64-linux-gnu/libxcb-glx.so.0.0.0
7f167f35b000-7f167f35d000 r--p 00014000 08:01 270797                     /usr/lib/x86_64-linux-gnu/libxcb-glx.so.0.0.0
7f167f35d000-7f167f35e000 rw-p 00016000 08:01 270797                     /usr/lib/x86_64-linux-gnu/libxcb-glx.so.0.0.0
7f167f35e000-7f167f35f000 r-xp 00000000 08:01 269863                     /usr/lib/x86_64-linux-gnu/libX11-xcb.so.1.0.0
7f167f35f000-7f167f55e000 ---p 00001000 08:01 269863                     /usr/lib/x86_64-linux-gnu/libX11-xcb.so.1.0.0
7f167f55e000-7f167f55f000 r--p 00000000 08:01 269863                     /usr/lib/x86_64-linux-gnu/libX11-xcb.so.1.0.0
7f167f55f000-7f167f560000 rw-p 00001000 08:01 269863                     /usr/lib/x86_64-linux-gnu/libX11-xcb.so.1.0.0
7f167f560000-7f167f581000 r-xp 00000000 08:01 270224                     /usr/lib/x86_64-linux-gnu/libglapi.so.0.0.0
7f167f581000-7f167f781000 ---p 00021000 08:01 270224                     /usr/lib/x86_64-linux-gnu/libglapi.so.0.0.0
7f167f781000-7f167f784000 r--p 00021000 08:01 270224                     /usr/lib/x86_64-linux-gnu/libglapi.so.0.0.0
7f167f784000-7f167f785000 rw-p 00024000 08:01 270224                     /usr/lib/x86_64-linux-gnu/libglapi.so.0.0.0
7f167f785000-7f167f786000 rw-p 00000000 00:00 0 
7f167f786000-7f167f7c3000 r-xp 00000000 08:01 2363280                    /lib/x86_64-linux-gnu/libpcre.so.3.13.1
7f167f7c3000-7f167f9c3000 ---p 0003d000 08:01 2363280                    /lib/x86_64-linux-gnu/libpcre.so.3.13.1
7f167f9c3000-7f167f9c4000 r--p 0003d000 08:01 2363280                    /lib/x86_64-linux-gnu/libpcre.so.3.13.1
7f167f9c4000-7f167f9c5000 rw-p 0003e000 08:01 2363280                    /lib/x86_64-linux-gnu/libpcre.so.3.13.1
7f167f9c5000-7f167f9cc000 r-xp 00000000 08:01 270117                     /usr/lib/x86_64-linux-gnu/libffi.so.6.0.1
7f167f9cc000-7f167fbcb000 ---p 00007000 08:01 270117                     /usr/lib/x86_64-linux-gnu/libffi.so.6.0.1
7f167fbcb000-7f167fbcc000 r--p 00006000 08:01 270117                     /usr/lib/x86_64-linux-gnu/libffi.so.6.0.1
7f167fbcc000-7f167fbcd000 rw-p 00007000 08:01 270117                     /usr/lib/x86_64-linux-gnu/libffi.so.6.0.1
7f167fbcd000-7f167fbf4000 r-xp 00000000 08:01 2363202                    /lib/x86_64-linux-gnu/libexpat.so.1.6.0
7f167fbf4000-7f167fdf4000 ---p 00027000 08:01 2363202                    /lib/x86_64-linux-gnu/libexpat.so.1.6.0
7f167fdf4000-7f167fdf6000 r--p 00027000 08:01 2363202                    /lib/x86_64-linux-gnu/libexpat.so.1.6.0
7f167fdf6000-7f167fdf7000 rw-p 00029000 08:01 2363202                    /lib/x86_64-linux-gnu/libexpat.so.1.6.0
7f167fdf7000-7f167fdff000 r-xp 00000000 08:01 270706                     /usr/lib/x86_64-linux-gnu/libthai.so.0.2.0
7f167fdff000-7f167fffe000 ---p 00008000 08:01 270706                     /usr/lib/x86_64-linux-gnu/libthai.so.0.2.0
7f167fffe000-7f167ffff000 r--p 00007000 08:01 270706                     /usr/lib/x86_64-linux-gnu/libthai.so.0.2.0
7f167ffff000-7f1680000000 rw-p 00008000 08:01 270706                     /usr/lib/x86_64-linux-gnu/libthai.so.0.2.0
7f1680000000-7f1680217000 rw-p 00000000 00:00 0 
7f1680217000-7f1684000000 ---p 00000000 00:00 0 
7f1684000000-7f1684004000 rw-p 00000000 00:00 0 
7f1684004000-7f1684007000 r--s 00022000 08:03 110625119                  /home/calcul/Documents/Julien/VoxeLidar/trunk/VoxeLidarGUIFX/target/lib/openjfx-dialogs-1.0.2.jar
7f1684007000-7f168400d000 r--s 0004b000 08:03 110625169                  /home/calcul/Documents/Julien/VoxeLidar/trunk/VoxeLidarGUIFX/target/lib/jcommon-1.0.23.jar
7f168400d000-7f168401e000 r--s 0016e000 08:03 110625118                  /home/calcul/Documents/Julien/VoxeLidar/trunk/VoxeLidarGUIFX/target/lib/jfreechart-1.0.19.jar
7f168401e000-7f1684063000 r--s 0068d000 08:03 110625170                  /home/calcul/Documents/Julien/VoxeLidar/trunk/VoxeLidarGUIFX/target/lib/gdx-tools-1.1.0.jar
7f1684063000-7f1684064000 r--s 0001c000 08:03 110627264                  /home/calcul/Documents/Julien/VoxeLidar/trunk/VoxeLidarGUIFX/target/lib/swing-layout-1.0.3.jar
7f1684064000-7f1684073000 r--s 000ab000 08:03 110627259                  /home/calcul/Documents/Julien/VoxeLidar/trunk/VoxeLidarGUIFX/target/lib/commons-math-2.0.jar
7f1684073000-7f1684075000 r--s 00045000 08:03 110625126                  /home/calcul/Documents/Julien/VoxeLidar/trunk/VoxeLidarGUIFX/target/lib/vecmath-1.3.1.jar
7f1684075000-7f168407e000 r--s 0006f000 08:03 110625124                  /home/calcul/Documents/Julien/VoxeLidar/trunk/VoxeLidarGUIFX/target/lib/log4j-1.2.17.jar
7f168407e000-7f168407f000 r--s 00006000 08:03 110627270                  /home/calcul/Documents/Julien/VoxeLidar/trunk/VoxeLidarGUIFX/target/lib/sax-2.0.1.jar
7f168407f000-7f16840ff000 rw-s 5e9bee000 00:05 12468                     /dev/dri/card0
7f16840ff000-7f1684102000 ---p 00000000 00:00 0 
7f1684102000-7f1684200000 rw-p 00000000 00:00 0                          [stack:18615]
7f1684200000-7f168421d000 r-xp 00000000 08:01 270821                     /usr/lib/x86_64-linux-gnu/libxcb.so.1.1.0
7f168421d000-7f168441c000 ---p 0001d000 08:01 270821                     /usr/lib/x86_64-linux-gnu/libxcb.so.1.1.0
7f168441c000-7f168441d000 r--p 0001c000 08:01 270821                     /usr/lib/x86_64-linux-gnu/libxcb.so.1.1.0
7f168441d000-7f168441e000 rw-p 0001d000 08:01 270821                     /usr/lib/x86_64-linux-gnu/libxcb.so.1.1.0
7f168441e000-7f1684426000 r-xp 00000000 08:01 270809                     /usr/lib/x86_64-linux-gnu/libxcb-render.so.0.0.0
7f1684426000-7f1684625000 ---p 00008000 08:01 270809                     /usr/lib/x86_64-linux-gnu/libxcb-render.so.0.0.0
7f1684625000-7f1684626000 r--p 00007000 08:01 270809                     /usr/lib/x86_64-linux-gnu/libxcb-render.so.0.0.0
7f1684626000-7f1684627000 rw-p 00008000 08:01 270809                     /usr/lib/x86_64-linux-gnu/libxcb-render.so.0.0.0
7f1684627000-7f1684629000 r-xp 00000000 08:01 270813                     /usr/lib/x86_64-linux-gnu/libxcb-shm.so.0.0.0
7f1684629000-7f1684828000 ---p 00002000 08:01 270813                     /usr/lib/x86_64-linux-gnu/libxcb-shm.so.0.0.0
7f1684828000-7f1684829000 r--p 00001000 08:01 270813                     /usr/lib/x86_64-linux-gnu/libxcb-shm.so.0.0.0
7f1684829000-7f168482a000 rw-p 00002000 08:01 270813                     /usr/lib/x86_64-linux-gnu/libxcb-shm.so.0.0.0
7f168482a000-7f168484f000 r-xp 00000000 08:01 2363292                    /lib/x86_64-linux-gnu/libpng12.so.0.49.0
7f168484f000-7f1684a4e000 ---p 00025000 08:01 2363292                    /lib/x86_64-linux-gnu/libpng12.so.0.49.0
7f1684a4e000-7f1684a4f000 r--p 00024000 08:01 2363292                    /lib/x86_64-linux-gnu/libpng12.so.0.49.0
7f1684a4f000-7f1684a50000 rw-p 00025000 08:01 2363292                    /lib/x86_64-linux-gnu/libpng12.so.0.49.0
7f1684a50000-7f1684af1000 r-xp 00000000 08:01 268866                     /usr/lib/x86_64-linux-gnu/libpixman-1.so.0.30.2
7f1684af1000-7f1684cf1000 ---p 000a1000 08:01 268866                     /usr/lib/x86_64-linux-gnu/libpixman-1.so.0.30.2
7f1684cf1000-7f1684cf8000 r--p 000a1000 08:01 268866                     /usr/lib/x86_64-linux-gnu/libpixman-1.so.0.30.2
7f1684cf8000-7f1684cf9000 rw-p 000a8000 08:01 268866                     /usr/lib/x86_64-linux-gnu/libpixman-1.so.0.30.2
7f1684cf9000-7f1684d49000 r-xp 00000000 08:01 270374                     /usr/lib/x86_64-linux-gnu/libharfbuzz.so.0.919.0
7f1684d49000-7f1684f49000 ---p 00050000 08:01 270374                     /usr/lib/x86_64-linux-gnu/libharfbuzz.so.0.919.0
7f1684f49000-7f1684f4a000 r--p 00050000 08:01 270374                     /usr/lib/x86_64-linux-gnu/libharfbuzz.so.0.919.0
7f1684f4a000-7f1684f4b000 rw-p 00051000 08:01 270374                     /usr/lib/x86_64-linux-gnu/libharfbuzz.so.0.919.0
7f1684f4b000-7f1684f61000 r-xp 00000000 08:01 2363303                    /lib/x86_64-linux-gnu/libresolv-2.17.so
7f1684f61000-7f1685161000 ---p 00016000 08:01 2363303                    /lib/x86_64-linux-gnu/libresolv-2.17.so
7f1685161000-7f1685162000 r--p 00016000 08:01 2363303                    /lib/x86_64-linux-gnu/libresolv-2.17.so
7f1685162000-7f1685163000 rw-p 00017000 08:01 2363303                    /lib/x86_64-linux-gnu/libresolv-2.17.so
7f1685163000-7f1685165000 rw-p 00000000 00:00 0 
7f1685165000-7f1685184000 r-xp 00000000 08:01 2363307                    /lib/x86_64-linux-gnu/libselinux.so.1
7f1685184000-7f1685384000 ---p 0001f000 08:01 2363307                    /lib/x86_64-linux-gnu/libselinux.so.1
7f1685384000-7f1685385000 r--p 0001f000 08:01 2363307                    /lib/x86_64-linux-gnu/libselinux.so.1
7f1685385000-7f1685386000 rw-p 00020000 08:01 2363307                    /lib/x86_64-linux-gnu/libselinux.so.1
7f1685386000-7f1685387000 rw-p 00000000 00:00 0 
7f1685387000-7f168539f000 r-xp 00000000 08:01 2363340                    /lib/x86_64-linux-gnu/libz.so.1.2.8
7f168539f000-7f168559e000 ---p 00018000 08:01 2363340                    /lib/x86_64-linux-gnu/libz.so.1.2.8
7f168559e000-7f168559f000 r--p 00017000 08:01 2363340                    /lib/x86_64-linux-gnu/libz.so.1.2.8
7f168559f000-7f16855a0000 rw-p 00018000 08:01 2363340                    /lib/x86_64-linux-gnu/libz.so.1.2.8
7f16855a0000-7f16855b1000 r-xp 00000000 08:01 269882                     /usr/lib/x86_64-linux-gnu/libXext.so.6.4.0
7f16855b1000-7f16857b0000 ---p 00011000 08:01 269882                     /usr/lib/x86_64-linux-gnu/libXext.so.6.4.0
7f16857b0000-7f16857b1000 r--p 00010000 08:01 269882                     /usr/lib/x86_64-linux-gnu/libXext.so.6.4.0
7f16857b1000-7f16857b2000 rw-p 00011000 08:01 269882                     /usr/lib/x86_64-linux-gnu/libXext.so.6.4.0
7f16857b2000-7f16857b4000 r-xp 00000000 08:01 269878                     /usr/lib/x86_64-linux-gnu/libXdamage.so.1.1.0
7f16857b4000-7f16859b3000 ---p 00002000 08:01 269878                     /usr/lib/x86_64-linux-gnu/libXdamage.so.1.1.0
7f16859b3000-7f16859b4000 r--p 00001000 08:01 269878                     /usr/lib/x86_64-linux-gnu/libXdamage.so.1.1.0
7f16859b4000-7f16859b5000 rw-p 00002000 08:01 269878                     /usr/lib/x86_64-linux-gnu/libXdamage.so.1.1.0
7f16859b5000-7f16859b7000 r-xp 00000000 08:01 269874                     /usr/lib/x86_64-linux-gnu/libXcomposite.so.1.0.0
7f16859b7000-7f1685bb6000 ---p 00002000 08:01 269874                     /usr/lib/x86_64-linux-gnu/libXcomposite.so.1.0.0
7f1685bb6000-7f1685bb7000 r--p 00001000 08:01 269874                     /usr/lib/x86_64-linux-gnu/libXcomposite.so.1.0.0
7f1685bb7000-7f1685bb8000 rw-p 00002000 08:01 269874                     /usr/lib/x86_64-linux-gnu/libXcomposite.so.1.0.0
7f1685bb8000-7f1685bc1000 r-xp 00000000 08:01 269876                     /usr/lib/x86_64-linux-gnu/libXcursor.so.1.0.2
7f1685bc1000-7f1685dc0000 ---p 00009000 08:01 269876                     /usr/lib/x86_64-linux-gnu/libXcursor.so.1.0.2
7f1685dc0000-7f1685dc1000 r--p 00008000 08:01 269876                     /usr/lib/x86_64-linux-gnu/libXcursor.so.1.0.2
7f1685dc1000-7f1685dc2000 rw-p 00009000 08:01 269876                     /usr/lib/x86_64-linux-gnu/libXcursor.so.1.0.2
7f1685dc2000-7f1685dcb000 r-xp 00000000 08:01 269902                     /usr/lib/x86_64-linux-gnu/libXrandr.so.2.2.0
7f1685dcb000-7f1685fca000 ---p 00009000 08:01 269902                     /usr/lib/x86_64-linux-gnu/libXrandr.so.2.2.0
7f1685fca000-7f1685fcb000 r--p 00008000 08:01 269902                     /usr/lib/x86_64-linux-gnu/libXrandr.so.2.2.0
7f1685fcb000-7f1685fcc000 rw-p 00009000 08:01 269902                     /usr/lib/x86_64-linux-gnu/libXrandr.so.2.2.0
7f1685fcc000-7f1685fdb000 r-xp 00000000 08:01 269890                     /usr/lib/x86_64-linux-gnu/libXi.so.6.1.0
7f1685fdb000-7f16861da000 ---p 0000f000 08:01 269890                     /usr/lib/x86_64-linux-gnu/libXi.so.6.1.0
7f16861da000-7f16861db000 r--p 0000e000 08:01 269890                     /usr/lib/x86_64-linux-gnu/libXi.so.6.1.0
7f16861db000-7f16861dc000 rw-p 0000f000 08:01 269890                     /usr/lib/x86_64-linux-gnu/libXi.so.6.1.0
7f16861dc000-7f16861de000 r-xp 00000000 08:01 269892                     /usr/lib/x86_64-linux-gnu/libXinerama.so.1.0.0
7f16861de000-7f16863dd000 ---p 00002000 08:01 269892                     /usr/lib/x86_64-linux-gnu/libXinerama.so.1.0.0
7f16863dd000-7f16863de000 r--p 00001000 08:01 269892                     /usr/lib/x86_64-linux-gnu/libXinerama.so.1.0.0
7f16863de000-7f16863df000 rw-p 00002000 08:01 269892                     /usr/lib/x86_64-linux-gnu/libXinerama.so.1.0.0
7f16863df000-7f16863e8000 r-xp 00000000 08:01 269904                     /usr/lib/x86_64-linux-gnu/libXrender.so.1.3.0
7f16863e8000-7f16865e7000 ---p 00009000 08:01 269904                     /usr/lib/x86_64-linux-gnu/libXrender.so.1.3.0
7f16865e7000-7f16865e8000 r--p 00008000 08:01 269904                     /usr/lib/x86_64-linux-gnu/libXrender.so.1.3.0
7f16865e8000-7f16865e9000 rw-p 00009000 08:01 269904                     /usr/lib/x86_64-linux-gnu/libXrender.so.1.3.0
7f16865e9000-7f16865ee000 r-xp 00000000 08:01 269884                     /usr/lib/x86_64-linux-gnu/libXfixes.so.3.1.0
7f16865ee000-7f16867ed000 ---p 00005000 08:01 269884                     /usr/lib/x86_64-linux-gnu/libXfixes.so.3.1.0
7f16867ed000-7f16867ee000 r--p 00004000 08:01 269884                     /usr/lib/x86_64-linux-gnu/libXfixes.so.3.1.0
7f16867ee000-7f16867ef000 rw-p 00005000 08:01 269884                     /usr/lib/x86_64-linux-gnu/libXfixes.so.3.1.0
7f16867ef000-7f1686804000 r-xp 00000000 08:01 2359301                    /lib/x86_64-linux-gnu/libgcc_s.so.1
7f1686804000-7f1686a03000 ---p 00015000 08:01 2359301                    /lib/x86_64-linux-gnu/libgcc_s.so.1
7f1686a03000-7f1686a04000 r--p 00014000 08:01 2359301                    /lib/x86_64-linux-gnu/libgcc_s.so.1
7f1686a04000-7f1686a05000 rw-p 00015000 08:01 2359301                    /lib/x86_64-linux-gnu/libgcc_s.so.1
7f1686a05000-7f1686aeb000 r-xp 00000000 08:01 266401                     /usr/lib/x86_64-linux-gnu/libstdc++.so.6.0.18
7f1686aeb000-7f1686cea000 ---p 000e6000 08:01 266401                     /usr/lib/x86_64-linux-gnu/libstdc++.so.6.0.18
7f1686cea000-7f1686cf2000 r--p 000e5000 08:01 266401                     /usr/lib/x86_64-linux-gnu/libstdc++.so.6.0.18
7f1686cf2000-7f1686cf4000 rw-p 000ed000 08:01 266401                     /usr/lib/x86_64-linux-gnu/libstdc++.so.6.0.18
7f1686cf4000-7f1686d09000 rw-p 00000000 00:00 0 
7f1686d09000-7f1686d63000 r-xp 00000000 08:01 656915                     /usr/lib/x86_64-linux-gnu/mesa/libGL.so.1.2.0
7f1686d63000-7f1686f63000 ---p 0005a000 08:01 656915                     /usr/lib/x86_64-linux-gnu/mesa/libGL.so.1.2.0
7f1686f63000-7f1686f65000 r--p 0005a000 08:01 656915                     /usr/lib/x86_64-linux-gnu/mesa/libGL.so.1.2.0
7f1686f65000-7f1686f66000 rw-p 0005c000 08:01 656915                     /usr/lib/x86_64-linux-gnu/mesa/libGL.so.1.2.0
7f1686f66000-7f1686f67000 rw-p 00000000 00:00 0 
7f1686f67000-7f1686f6b000 r-xp 00000000 08:01 269914                     /usr/lib/x86_64-linux-gnu/libXxf86vm.so.1.0.0
7f1686f6b000-7f168716b000 ---p 00004000 08:01 269914                     /usr/lib/x86_64-linux-gnu/libXxf86vm.so.1.0.0
7f168716b000-7f168716c000 r--p 00004000 08:01 269914                     /usr/lib/x86_64-linux-gnu/libXxf86vm.so.1.0.0
7f168716c000-7f168716d000 rw-p 00005000 08:01 269914                     /usr/lib/x86_64-linux-gnu/libXxf86vm.so.1.0.0
7f168716d000-7f168729d000 r-xp 00000000 08:01 269865                     /usr/lib/x86_64-linux-gnu/libX11.so.6.3.0
7f168729d000-7f168749d000 ---p 00130000 08:01 269865                     /usr/lib/x86_64-linux-gnu/libX11.so.6.3.0
7f168749d000-7f168749e000 r--p 00130000 08:01 269865                     /usr/lib/x86_64-linux-gnu/libX11.so.6.3.0
7f168749e000-7f16874a2000 rw-p 00131000 08:01 269865                     /usr/lib/x86_64-linux-gnu/libX11.so.6.3.0
7f16874a2000-7f16874a7000 r-xp 00000000 08:01 269908                     /usr/lib/x86_64-linux-gnu/libXtst.so.6.1.0
7f16874a7000-7f16876a6000 ---p 00005000 08:01 269908                     /usr/lib/x86_64-linux-gnu/libXtst.so.6.1.0
7f16876a6000-7f16876a7000 r--p 00004000 08:01 269908                     /usr/lib/x86_64-linux-gnu/libXtst.so.6.1.0
7f16876a7000-7f16876a8000 rw-p 00005000 08:01 269908                     /usr/lib/x86_64-linux-gnu/libXtst.so.6.1.0
7f16876a8000-7f16877a6000 r-xp 00000000 08:01 2363127                    /lib/x86_64-linux-gnu/libglib-2.0.so.0.3800.1
7f16877a6000-7f16879a6000 ---p 000fe000 08:01 2363127                    /lib/x86_64-linux-gnu/libglib-2.0.so.0.3800.1
7f16879a6000-7f16879a7000 r--p 000fe000 08:01 2363127                    /lib/x86_64-linux-gnu/libglib-2.0.so.0.3800.1
7f16879a7000-7f16879a8000 rw-p 000ff000 08:01 2363127                    /lib/x86_64-linux-gnu/libglib-2.0.so.0.3800.1
7f16879a8000-7f16879a9000 rw-p 00000000 00:00 0 
7f16879a9000-7f16879aa000 r-xp 00000000 08:01 266608                     /usr/lib/x86_64-linux-gnu/libgthread-2.0.so.0.3800.1
7f16879aa000-7f1687ba9000 ---p 00001000 08:01 266608                     /usr/lib/x86_64-linux-gnu/libgthread-2.0.so.0.3800.1
7f1687ba9000-7f1687baa000 r--p 00000000 08:01 266608                     /usr/lib/x86_64-linux-gnu/libgthread-2.0.so.0.3800.1
7f1687baa000-7f1687bab000 rw-p 00001000 08:01 266608                     /usr/lib/x86_64-linux-gnu/libgthread-2.0.so.0.3800.1
7f1687bab000-7f1687bae000 r-xp 00000000 08:01 266609                     /usr/lib/x86_64-linux-gnu/libgmodule-2.0.so.0.3800.1
7f1687bae000-7f1687dad000 ---p 00003000 08:01 266609                     /usr/lib/x86_64-linux-gnu/libgmodule-2.0.so.0.3800.1
7f1687dad000-7f1687dae000 r--p 00002000 08:01 266609                     /usr/lib/x86_64-linux-gnu/libgmodule-2.0.so.0.3800.1
7f1687dae000-7f1687daf000 rw-p 00003000 08:01 266609                     /usr/lib/x86_64-linux-gnu/libgmodule-2.0.so.0.3800.1
7f1687daf000-7f1687dfe000 r-xp 00000000 08:01 262548                     /usr/lib/x86_64-linux-gnu/libgobject-2.0.so.0.3800.1
7f1687dfe000-7f1687ffe000 ---p 0004f000 08:01 262548                     /usr/lib/x86_64-linux-gnu/libgobject-2.0.so.0.3800.1
7f1687ffe000-7f1687fff000 r--p 0004f000 08:01 262548                     /usr/lib/x86_64-linux-gnu/libgobject-2.0.so.0.3800.1
7f1687fff000-7f1688000000 rw-p 00050000 08:01 262548                     /usr/lib/x86_64-linux-gnu/libgobject-2.0.so.0.3800.1
7f1688000000-7f1688021000 rw-p 00000000 00:00 0 
7f1688021000-7f168c000000 ---p 00000000 00:00 0 
7f168c000000-7f168c021000 rw-p 00000000 00:00 0 
7f168c021000-7f1690000000 ---p 00000000 00:00 0 
7f1690000000-7f1690190000 rw-p 00000000 00:00 0 
7f1690190000-7f1694000000 ---p 00000000 00:00 0 
7f1694000000-7f169424d000 rw-p 00000000 00:00 0 
7f169424d000-7f1698000000 ---p 00000000 00:00 0 
7f1698000000-7f1698221000 rw-p 00000000 00:00 0 
7f1698221000-7f169c000000 ---p 00000000 00:00 0 
7f169c000000-7f169c243000 rw-p 00000000 00:00 0 
7f169c243000-7f16a0000000 ---p 00000000 00:00 0 
7f16a0000000-7f16a0021000 rw-p 00000000 00:00 0 
7f16a0021000-7f16a4000000 ---p 00000000 00:00 0 
7f16a4000000-7f16a4021000 rw-p 00000000 00:00 0 
7f16a4021000-7f16a8000000 ---p 00000000 00:00 0 
7f16a8000000-7f16a8021000 rw-p 00000000 00:00 0 
7f16a8021000-7f16ac000000 ---p 00000000 00:00 0 
7f16ac000000-7f16ac021000 rw-p 00000000 00:00 0 
7f16ac021000-7f16b0000000 ---p 00000000 00:00 0 
7f16b0000000-7f16b0021000 rw-p 00000000 00:00 0 
7f16b0021000-7f16b4000000 ---p 00000000 00:00 0 
7f16b4000000-7f16b4021000 rw-p 00000000 00:00 0 
7f16b4021000-7f16b8000000 ---p 00000000 00:00 0 
7f16b8000000-7f16b8021000 rw-p 00000000 00:00 0 
7f16b8021000-7f16bc000000 ---p 00000000 00:00 0 
7f16bc000000-7f16bc006000 r--s 00044000 08:03 110627257                  /home/calcul/Documents/Julien/VoxeLidar/trunk/VoxeLidarGUIFX/target/lib/jdom2-2.0.5.jar
7f16bc006000-7f16bc01a000 r--s 000d1000 08:03 110627263                  /home/calcul/Documents/Julien/VoxeLidar/trunk/VoxeLidarGUIFX/target/lib/guava-r05.jar
7f16bc01a000-7f16bc01b000 r--s 00003000 08:03 110627273                  /home/calcul/Documents/Julien/VoxeLidar/trunk/VoxeLidarGUIFX/target/lib/opencsv-2.0.jar
7f16bc01b000-7f16bc01e000 r--s 00013000 08:03 110627269                  /home/calcul/Documents/Julien/VoxeLidar/trunk/VoxeLidarGUIFX/target/lib/commons-io-1.3.2.jar
7f16bc01e000-7f16bc025000 r--s 0005e000 08:03 110627272                  /home/calcul/Documents/Julien/VoxeLidar/trunk/VoxeLidarGUIFX/target/lib/commons-lang3-3.3.2.jar
7f16bc025000-7f16bc033000 r--s 0007f000 08:03 110625166                  /home/calcul/Documents/Julien/VoxeLidar/trunk/VoxeLidarGUIFX/target/lib/commons-collections-3.2.1.jar
7f16bc033000-7f16bc036000 r--s 00008000 08:03 110627281                  /home/calcul/Documents/Julien/VoxeLidar/trunk/VoxeLidarGUIFX/target/lib/exp4j-0.4.0.ALPHA-3.jar
7f16bc036000-7f16bc037000 r--s 00031000 08:03 110625122                  /home/calcul/Documents/Julien/VoxeLidar/trunk/VoxeLidarGUIFX/target/lib/jogl-all-2.3.0-natives-windows-i586.jar
7f16bc037000-7f16bc039000 r--s 00038000 08:03 110625121                  /home/calcul/Documents/Julien/VoxeLidar/trunk/VoxeLidarGUIFX/target/lib/jogl-all-2.3.0-natives-windows-amd64.jar
7f16bc039000-7f16bc03b000 r--s 00024000 08:03 110627256                  /home/calcul/Documents/Julien/VoxeLidar/trunk/VoxeLidarGUIFX/target/lib/jogl-all-2.3.0-natives-solaris-i586.jar
7f16bc03b000-7f16bc03c000 r--s 00032000 08:03 110627271                  /home/calcul/Documents/Julien/VoxeLidar/trunk/VoxeLidarGUIFX/target/lib/jogl-all-2.3.0-natives-solaris-amd64.jar
7f16bc03c000-7f16bc03d000 r--s 0006d000 08:03 110625168                  /home/calcul/Documents/Julien/VoxeLidar/trunk/VoxeLidarGUIFX/target/lib/jogl-all-2.3.0-natives-macosx-universal.jar
7f16bc03d000-7f16bc03f000 r--s 00031000 08:03 110625171                  /home/calcul/Documents/Julien/VoxeLidar/trunk/VoxeLidarGUIFX/target/lib/jogl-all-2.3.0-natives-linux-i586.jar
7f16bc03f000-7f16bc041000 r--s 00025000 08:03 110625120                  /home/calcul/Documents/Julien/VoxeLidar/trunk/VoxeLidarGUIFX/target/lib/jogl-all-2.3.0-natives-linux-armv6hf.jar
7f16bc041000-7f16bc042000 r--s 00025000 08:03 110625167                  /home/calcul/Documents/Julien/VoxeLidar/trunk/VoxeLidarGUIFX/target/lib/jogl-all-2.3.0-natives-linux-armv6.jar
7f16bc042000-7f16bc043000 r--s 00033000 08:03 110627268                  /home/calcul/Documents/Julien/VoxeLidar/trunk/VoxeLidarGUIFX/target/lib/jogl-all-2.3.0-natives-linux-amd64.jar
7f16bc043000-7f16bc044000 r--s 0000e000 08:03 110627265                  /home/calcul/Documents/Julien/VoxeLidar/trunk/VoxeLidarGUIFX/target/lib/jogl-all-2.3.0-natives-android-armv6.jar
7f16bc044000-7f16bc045000 r--s 0000f000 08:03 110627267                  /home/calcul/Documents/Julien/VoxeLidar/trunk/VoxeLidarGUIFX/target/lib/jogl-all-2.3.0-natives-android-aarch64.jar
7f16bc045000-7f16bc069000 r--s 00306000 08:03 110627280                  /home/calcul/Documents/Julien/VoxeLidar/trunk/VoxeLidarGUIFX/target/lib/jogl-all-2.3.0.jar
7f16bc069000-7f16bc06a000 r--s 00000000 08:03 110625117                  /home/calcul/Documents/Julien/VoxeLidar/trunk/VoxeLidarGUIFX/target/lib/jogl-all-main-2.3.0.jar
7f16bc06a000-7f16bc0ea000 rw-s 49ed24000 00:05 12468                     /dev/dri/card0
7f16bc0ea000-7f16bc141000 r--p 00000000 08:01 1325739                    /usr/share/glib-2.0/schemas/gschemas.compiled
7f16bc141000-7f16bc16c000 r--p 00000000 08:01 2103067                    /usr/share/locale-langpack/fr/LC_MESSAGES/gtk20-properties.mo
7f16bc16c000-7f16bc1ec000 rw-s 49e6b3000 00:05 12468                     /dev/dri/card0
7f16bc1ec000-7f16bc225000 r-xp 00000000 08:01 270131                     /usr/lib/x86_64-linux-gnu/libfontconfig.so.1.7.0
7f16bc225000-7f16bc425000 ---p 00039000 08:01 270131                     /usr/lib/x86_64-linux-gnu/libfontconfig.so.1.7.0
7f16bc425000-7f16bc427000 r--p 00039000 08:01 270131                     /usr/lib/x86_64-linux-gnu/libfontconfig.so.1.7.0
7f16bc427000-7f16bc428000 rw-p 0003b000 08:01 270131                     /usr/lib/x86_64-linux-gnu/libfontconfig.so.1.7.0
7f16bc428000-7f16bc4c4000 r-xp 00000000 08:01 262656                     /usr/lib/x86_64-linux-gnu/libfreetype.so.6.10.1
7f16bc4c4000-7f16bc6c4000 ---p 0009c000 08:01 262656                     /usr/lib/x86_64-linux-gnu/libfreetype.so.6.10.1
7f16bc6c4000-7f16bc6c9000 r--p 0009c000 08:01 262656                     /usr/lib/x86_64-linux-gnu/libfreetype.so.6.10.1
7f16bc6c9000-7f16bc6ca000 rw-p 000a1000 08:01 262656                     /usr/lib/x86_64-linux-gnu/libfreetype.so.6.10.1
7f16bc6ca000-7f16bc714000 r-xp 00000000 08:01 270548                     /usr/lib/x86_64-linux-gnu/libpango-1.0.so.0.3200.5
7f16bc714000-7f16bc913000 ---p 0004a000 08:01 270548                     /usr/lib/x86_64-linux-gnu/libpango-1.0.so.0.3200.5
7f16bc913000-7f16bc915000 r--p 00049000 08:01 270548                     /usr/lib/x86_64-linux-gnu/libpango-1.0.so.0.3200.5
7f16bc915000-7f16bc916000 rw-p 0004b000 08:01 270548                     /usr/lib/x86_64-linux-gnu/libpango-1.0.so.0.3200.5
7f16bc916000-7f16bca1a000 r-xp 00000000 08:01 269989                     /usr/lib/x86_64-linux-gnu/libcairo.so.2.11200.16
7f16bca1a000-7f16bcc19000 ---p 00104000 08:01 269989                     /usr/lib/x86_64-linux-gnu/libcairo.so.2.11200.16
7f16bcc19000-7f16bcc1c000 r--p 00103000 08:01 269989                     /usr/lib/x86_64-linux-gnu/libcairo.so.2.11200.16
7f16bcc1c000-7f16bcc1d000 rw-p 00106000 08:01 269989                     /usr/lib/x86_64-linux-gnu/libcairo.so.2.11200.16
7f16bcc1d000-7f16bcc1f000 rw-p 00000000 00:00 0 
7f16bcc1f000-7f16bcc2a000 r-xp 00000000 08:01 270550                     /usr/lib/x86_64-linux-gnu/libpangocairo-1.0.so.0.3200.5
7f16bcc2a000-7f16bce2a000 ---p 0000b000 08:01 270550                     /usr/lib/x86_64-linux-gnu/libpangocairo-1.0.so.0.3200.5
7f16bce2a000-7f16bce2b000 r--p 0000b000 08:01 270550                     /usr/lib/x86_64-linux-gnu/libpangocairo-1.0.so.0.3200.5
7f16bce2b000-7f16bce2c000 rw-p 0000c000 08:01 270550                     /usr/lib/x86_64-linux-gnu/libpangocairo-1.0.so.0.3200.5
7f16bce2c000-7f16bce4b000 r-xp 00000000 08:01 270198                     /usr/lib/x86_64-linux-gnu/libgdk_pixbuf-2.0.so.0.2800.1
7f16bce4b000-7f16bd04a000 ---p 0001f000 08:01 270198                     /usr/lib/x86_64-linux-gnu/libgdk_pixbuf-2.0.so.0.2800.1
7f16bd04a000-7f16bd04b000 r--p 0001e000 08:01 270198                     /usr/lib/x86_64-linux-gnu/libgdk_pixbuf-2.0.so.0.2800.1
7f16bd04b000-7f16bd04c000 rw-p 0001f000 08:01 270198                     /usr/lib/x86_64-linux-gnu/libgdk_pixbuf-2.0.so.0.2800.1
7f16bd04c000-7f16bd060000 r-xp 00000000 08:01 270552                     /usr/lib/x86_64-linux-gnu/libpangoft2-1.0.so.0.3200.5
7f16bd060000-7f16bd25f000 ---p 00014000 08:01 270552                     /usr/lib/x86_64-linux-gnu/libpangoft2-1.0.so.0.3200.5
7f16bd25f000-7f16bd260000 r--p 00013000 08:01 270552                     /usr/lib/x86_64-linux-gnu/libpangoft2-1.0.so.0.3200.5
7f16bd260000-7f16bd261000 rw-p 00014000 08:01 270552                     /usr/lib/x86_64-linux-gnu/libpangoft2-1.0.so.0.3200.5
7f16bd261000-7f16bd3bd000 r-xp 00000000 08:01 262529                     /usr/lib/x86_64-linux-gnu/libgio-2.0.so.0.3800.1
7f16bd3bd000-7f16bd5bc000 ---p 0015c000 08:01 262529                     /usr/lib/x86_64-linux-gnu/libgio-2.0.so.0.3800.1
7f16bd5bc000-7f16bd5c0000 r--p 0015b000 08:01 262529                     /usr/lib/x86_64-linux-gnu/libgio-2.0.so.0.3800.1
7f16bd5c0000-7f16bd5c2000 rw-p 0015f000 08:01 262529                     /usr/lib/x86_64-linux-gnu/libgio-2.0.so.0.3800.1
7f16bd5c2000-7f16bd5c4000 rw-p 00000000 00:00 0 
7f16bd5c4000-7f16bd9f3000 r-xp 00000000 08:01 270356                     /usr/lib/x86_64-linux-gnu/libgtk-x11-2.0.so.0.2400.20
7f16bd9f3000-7f16bdbf2000 ---p 0042f000 08:01 270356                     /usr/lib/x86_64-linux-gnu/libgtk-x11-2.0.so.0.2400.20
7f16bdbf2000-7f16bdbf9000 r--p 0042e000 08:01 270356                     /usr/lib/x86_64-linux-gnu/libgtk-x11-2.0.so.0.2400.20
7f16bdbf9000-7f16bdbfd000 rw-p 00435000 08:01 270356                     /usr/lib/x86_64-linux-gnu/libgtk-x11-2.0.so.0.2400.20
7f16bdbfd000-7f1728000000 rw-p 00000000 00:00 0 
7f1728000000-7f1728021000 rw-p 00000000 00:00 0 
7f1728021000-7f172c000000 ---p 00000000 00:00 0 
7f172c000000-7f172c021000 rw-p 00000000 00:00 0 
7f172c021000-7f1730000000 ---p 00000000 00:00 0 
7f1730000000-7f1730021000 rw-p 00000000 00:00 0 
7f1730021000-7f1734000000 ---p 00000000 00:00 0 
7f1734000000-7f1734021000 rw-p 00000000 00:00 0 
7f1734021000-7f1738000000 ---p 00000000 00:00 0 
7f1738000000-7f1738021000 rw-p 00000000 00:00 0 
7f1738021000-7f173c000000 ---p 00000000 00:00 0 
7f173c000000-7f173c021000 rw-p 00000000 00:00 0 
7f173c021000-7f1740000000 ---p 00000000 00:00 0 
7f1740000000-7f1740021000 rw-p 00000000 00:00 0 
7f1740021000-7f1744000000 ---p 00000000 00:00 0 
7f1744000000-7f1744021000 rw-p 00000000 00:00 0 
7f1744021000-7f1748000000 ---p 00000000 00:00 0 
7f1748000000-7f1748006000 r--s 0004a000 08:03 110625173                  /home/calcul/Documents/Julien/VoxeLidar/trunk/VoxeLidarGUIFX/target/lib/gluegen-rt-2.3.0.jar
7f1748006000-7f174802c000 r--p 00000000 08:01 2102789                    /usr/share/locale-langpack/fr/LC_MESSAGES/libc.mo
7f174802c000-7f174804b000 r-xp 00000000 08:01 269949                     /usr/lib/x86_64-linux-gnu/libatk-1.0.so.0.21009.1
7f174804b000-7f174824b000 ---p 0001f000 08:01 269949                     /usr/lib/x86_64-linux-gnu/libatk-1.0.so.0.21009.1
7f174824b000-7f174824d000 r--p 0001f000 08:01 269949                     /usr/lib/x86_64-linux-gnu/libatk-1.0.so.0.21009.1
7f174824d000-7f174824e000 rw-p 00021000 08:01 269949                     /usr/lib/x86_64-linux-gnu/libatk-1.0.so.0.21009.1
7f174824e000-7f17482fb000 r-xp 00000000 08:01 270196                     /usr/lib/x86_64-linux-gnu/libgdk-x11-2.0.so.0.2400.20
7f17482fb000-7f17484fa000 ---p 000ad000 08:01 270196                     /usr/lib/x86_64-linux-gnu/libgdk-x11-2.0.so.0.2400.20
7f17484fa000-7f17484fe000 r--p 000ac000 08:01 270196                     /usr/lib/x86_64-linux-gnu/libgdk-x11-2.0.so.0.2400.20
7f17484fe000-7f1748500000 rw-p 000b0000 08:01 270196                     /usr/lib/x86_64-linux-gnu/libgdk-x11-2.0.so.0.2400.20
7f1748500000-7f1748501000 r--s 00001000 08:03 110627266                  /home/calcul/Documents/Julien/VoxeLidar/trunk/VoxeLidarGUIFX/target/lib/gluegen-rt-2.3.0-natives-windows-i586.jar
7f1748501000-7f1748502000 r--s 00001000 08:03 110627260                  /home/calcul/Documents/Julien/VoxeLidar/trunk/VoxeLidarGUIFX/target/lib/gluegen-rt-2.3.0-natives-windows-amd64.jar
7f1748502000-7f1748509000 r--p 00000000 08:03 68423843                   /home/calcul/.config/dconf/user
7f1748509000-7f1748523000 r--p 00000000 08:01 2103031                    /usr/share/locale-langpack/fr/LC_MESSAGES/glib20.mo
7f1748523000-7f174852f000 r-xp 00000000 08:03 107611340                  /home/calcul/Téléchargements/jdk1.8.0_40/jre/lib/amd64/libprism_es2.so
7f174852f000-7f174872e000 ---p 0000c000 08:03 107611340                  /home/calcul/Téléchargements/jdk1.8.0_40/jre/lib/amd64/libprism_es2.so
7f174872e000-7f174872f000 r--p 0000b000 08:03 107611340                  /home/calcul/Téléchargements/jdk1.8.0_40/jre/lib/amd64/libprism_es2.so
7f174872f000-7f1748730000 rw-p 0000c000 08:03 107611340                  /home/calcul/Téléchargements/jdk1.8.0_40/jre/lib/amd64/libprism_es2.so
7f1748730000-7f1748733000 ---p 00000000 00:00 0 
7f1748733000-7f1748831000 rw-p 00000000 00:00 0                          [stack:18612]
7f1748831000-7f1748832000 ---p 00000000 00:00 0 
7f1748832000-7f1748932000 rw-p 00000000 00:00 0                          [stack:18611]
7f1748932000-7f1748935000 ---p 00000000 00:00 0 
7f1748935000-7f1748a33000 rw-p 00000000 00:00 0                          [stack:18610]
7f1748a33000-7f1748a36000 ---p 00000000 00:00 0 
7f1748a36000-7f1748b34000 rw-p 00000000 00:00 0                          [stack:18609]
7f1748b34000-7f1748b37000 ---p 00000000 00:00 0 
7f1748b37000-7f1748c35000 rw-p 00000000 00:00 0                          [stack:18608]
7f1748c35000-7f1748c38000 ---p 00000000 00:00 0 
7f1748c38000-7f1748d36000 rw-p 00000000 00:00 0                          [stack:18607]
7f1748d36000-7f1748d39000 ---p 00000000 00:00 0 
7f1748d39000-7f1748e37000 rw-p 00000000 00:00 0                          [stack:18606]
7f1748e37000-7f1748e3a000 ---p 00000000 00:00 0 
7f1748e3a000-7f1748f38000 rw-p 00000000 00:00 0                          [stack:18604]
7f1748f38000-7f1748f3b000 ---p 00000000 00:00 0 
7f1748f3b000-7f1749039000 rw-p 00000000 00:00 0                          [stack:18602]
7f1749039000-7f174903c000 ---p 00000000 00:00 0 
7f174903c000-7f174913a000 rw-p 00000000 00:00 0                          [stack:18600]
7f174913a000-7f174913e000 r-xp 00000000 08:03 107611290                  /home/calcul/Téléchargements/jdk1.8.0_40/jre/lib/amd64/libdt_socket.so
7f174913e000-7f174933d000 ---p 00004000 08:03 107611290                  /home/calcul/Téléchargements/jdk1.8.0_40/jre/lib/amd64/libdt_socket.so
7f174933d000-7f174933e000 rw-p 00003000 08:03 107611290                  /home/calcul/Téléchargements/jdk1.8.0_40/jre/lib/amd64/libdt_socket.so
7f174933e000-7f1749341000 ---p 00000000 00:00 0 
7f1749341000-7f174943f000 rw-p 00000000 00:00 0                          [stack:18599]
7f174943f000-7f1749442000 ---p 00000000 00:00 0 
7f1749442000-7f1749540000 rw-p 00000000 00:00 0                          [stack:18598]
7f1749540000-7f1749543000 ---p 00000000 00:00 0 
7f1749543000-7f1749641000 rw-p 00000000 00:00 0                          [stack:18597]
7f1749641000-7f1749642000 ---p 00000000 00:00 0 
7f1749642000-7f174aaa4000 rw-p 00000000 00:00 0                          [stack:18596]
7f174aaa4000-7f174ebff000 ---p 00000000 00:00 0 
7f174ebff000-7f174ed4f000 rw-p 00000000 00:00 0 
7f174ed4f000-7f1752ea9000 ---p 00000000 00:00 0 
7f1752ea9000-7f1752f52000 rw-p 00000000 00:00 0 
7f1752f52000-7f1754fff000 ---p 00000000 00:00 0 
7f1754fff000-7f177ef00000 rw-p 00000000 00:00 0 
7f177ef00000-7f1faa580000 ---p 00000000 00:00 0 
7f1faa580000-7f1fbf480000 rw-p 00000000 00:00 0 
7f1fbf480000-7f23d5000000 ---p 00000000 00:00 0 
7f23d5000000-7f23d5270000 rwxp 00000000 00:00 0 
7f23d5270000-7f23e4000000 ---p 00000000 00:00 0 
7f23e4000000-7f23e45b9000 rw-p 00000000 00:00 0 
7f23e45b9000-7f23e8000000 ---p 00000000 00:00 0 
7f23e8000000-7f23e8001000 r--s 00000000 08:03 110625165                  /home/calcul/Documents/Julien/VoxeLidar/trunk/VoxeLidarGUIFX/target/lib/gluegen-rt-2.3.0-natives-solaris-i586.jar
7f23e8001000-7f23e8002000 r--s 00001000 08:03 110625174                  /home/calcul/Documents/Julien/VoxeLidar/trunk/VoxeLidarGUIFX/target/lib/gluegen-rt-2.3.0-natives-solaris-amd64.jar
7f23e8002000-7f23e8003000 r--s 00001000 08:03 110627262                  /home/calcul/Documents/Julien/VoxeLidar/trunk/VoxeLidarGUIFX/target/lib/gluegen-rt-2.3.0-natives-macosx-universal.jar
7f23e8003000-7f23e8012000 r--p 00000000 08:01 2103070                    /usr/share/locale-langpack/fr/LC_MESSAGES/gtk20.mo
7f23e8012000-7f23e80a7000 r--s 010fa000 08:03 107611382                  /home/calcul/Téléchargements/jdk1.8.0_40/jre/lib/ext/jfxrt.jar
7f23e80a7000-7f23e89ff000 rw-p 00000000 00:00 0 
7f23e89ff000-7f23e8bd7000 r--s 03d09000 08:03 107611368                  /home/calcul/Téléchargements/jdk1.8.0_40/jre/lib/rt.jar
7f23e8bd7000-7f23e97bf000 rw-p 00000000 00:00 0 
7f23e97bf000-7f23e97c0000 ---p 00000000 00:00 0 
7f23e97c0000-7f23e98c0000 rw-p 00000000 00:00 0                          [stack:18595]
7f23e98c0000-7f23e98c1000 ---p 00000000 00:00 0 
7f23e98c1000-7f23e99c1000 rw-p 00000000 00:00 0                          [stack:18594]
7f23e99c1000-7f23e99c2000 ---p 00000000 00:00 0 
7f23e99c2000-7f23e9ac2000 rw-p 00000000 00:00 0                          [stack:18593]
7f23e9ac2000-7f23e9ac3000 ---p 00000000 00:00 0 
7f23e9ac3000-7f23e9bc3000 rw-p 00000000 00:00 0                          [stack:18592]
7f23e9bc3000-7f23e9bc4000 ---p 00000000 00:00 0 
7f23e9bc4000-7f23e9cc4000 rw-p 00000000 00:00 0                          [stack:18591]
7f23e9cc4000-7f23e9cc5000 ---p 00000000 00:00 0 
7f23e9cc5000-7f23e9dc5000 rw-p 00000000 00:00 0                          [stack:18590]
7f23e9dc5000-7f23e9dc6000 ---p 00000000 00:00 0 
7f23e9dc6000-7f23e9ec6000 rw-p 00000000 00:00 0                          [stack:18589]
7f23e9ec6000-7f23e9ec7000 ---p 00000000 00:00 0 
7f23e9ec7000-7f23e9fd1000 rw-p 00000000 00:00 0                          [stack:18588]
7f23e9fd1000-7f23ea387000 ---p 00000000 00:00 0 
7f23ea387000-7f23ea3a1000 r-xp 00000000 08:03 107611318                  /home/calcul/Téléchargements/jdk1.8.0_40/jre/lib/amd64/libzip.so
7f23ea3a1000-7f23ea5a1000 ---p 0001a000 08:03 107611318                  /home/calcul/Téléchargements/jdk1.8.0_40/jre/lib/amd64/libzip.so
7f23ea5a1000-7f23ea5a2000 rw-p 0001a000 08:03 107611318                  /home/calcul/Téléchargements/jdk1.8.0_40/jre/lib/amd64/libzip.so
7f23ea5a2000-7f23ea5ae000 r-xp 00000000 08:01 2363258                    /lib/x86_64-linux-gnu/libnss_files-2.17.so
7f23ea5ae000-7f23ea7ad000 ---p 0000c000 08:01 2363258                    /lib/x86_64-linux-gnu/libnss_files-2.17.so
7f23ea7ad000-7f23ea7ae000 r--p 0000b000 08:01 2363258                    /lib/x86_64-linux-gnu/libnss_files-2.17.so
7f23ea7ae000-7f23ea7af000 rw-p 0000c000 08:01 2363258                    /lib/x86_64-linux-gnu/libnss_files-2.17.so
7f23ea7af000-7f23ea7ba000 r-xp 00000000 08:01 2363262                    /lib/x86_64-linux-gnu/libnss_nis-2.17.so
7f23ea7ba000-7f23ea9b9000 ---p 0000b000 08:01 2363262                    /lib/x86_64-linux-gnu/libnss_nis-2.17.so
7f23ea9b9000-7f23ea9ba000 r--p 0000a000 08:01 2363262                    /lib/x86_64-linux-gnu/libnss_nis-2.17.so
7f23ea9ba000-7f23ea9bb000 rw-p 0000b000 08:01 2363262                    /lib/x86_64-linux-gnu/libnss_nis-2.17.so
7f23ea9bb000-7f23ea9d2000 r-xp 00000000 08:01 2363252                    /lib/x86_64-linux-gnu/libnsl-2.17.so
7f23ea9d2000-7f23eabd1000 ---p 00017000 08:01 2363252                    /lib/x86_64-linux-gnu/libnsl-2.17.so
7f23eabd1000-7f23eabd2000 r--p 00016000 08:01 2363252                    /lib/x86_64-linux-gnu/libnsl-2.17.so
7f23eabd2000-7f23eabd3000 rw-p 00017000 08:01 2363252                    /lib/x86_64-linux-gnu/libnsl-2.17.so
7f23eabd3000-7f23eabd5000 rw-p 00000000 00:00 0 
7f23eabd5000-7f23eabdd000 r-xp 00000000 08:01 2363254                    /lib/x86_64-linux-gnu/libnss_compat-2.17.so
7f23eabdd000-7f23eaddc000 ---p 00008000 08:01 2363254                    /lib/x86_64-linux-gnu/libnss_compat-2.17.so
7f23eaddc000-7f23eaddd000 r--p 00007000 08:01 2363254                    /lib/x86_64-linux-gnu/libnss_compat-2.17.so
7f23eaddd000-7f23eadde000 rw-p 00008000 08:01 2363254                    /lib/x86_64-linux-gnu/libnss_compat-2.17.so
7f23eadde000-7f23eb4c5000 r--p 00000000 08:01 268937                     /usr/lib/locale/locale-archive
7f23eb4c5000-7f23eb4c7000 r-xp 00000000 08:03 107611300                  /home/calcul/Téléchargements/jdk1.8.0_40/jre/lib/amd64/libnpt.so
7f23eb4c7000-7f23eb6c7000 ---p 00002000 08:03 107611300                  /home/calcul/Téléchargements/jdk1.8.0_40/jre/lib/amd64/libnpt.so
7f23eb6c7000-7f23eb6c8000 rw-p 00002000 08:03 107611300                  /home/calcul/Téléchargements/jdk1.8.0_40/jre/lib/amd64/libnpt.so
7f23eb6c8000-7f23eb701000 r-xp 00000000 08:03 107611307                  /home/calcul/Téléchargements/jdk1.8.0_40/jre/lib/amd64/libjdwp.so
7f23eb701000-7f23eb900000 ---p 00039000 08:03 107611307                  /home/calcul/Téléchargements/jdk1.8.0_40/jre/lib/amd64/libjdwp.so
7f23eb900000-7f23eb902000 rw-p 00038000 08:03 107611307                  /home/calcul/Téléchargements/jdk1.8.0_40/jre/lib/amd64/libjdwp.so
7f23eb902000-7f23eb92c000 r-xp 00000000 08:03 107611296                  /home/calcul/Téléchargements/jdk1.8.0_40/jre/lib/amd64/libjava.so
7f23eb92c000-7f23ebb2c000 ---p 0002a000 08:03 107611296                  /home/calcul/Téléchargements/jdk1.8.0_40/jre/lib/amd64/libjava.so
7f23ebb2c000-7f23ebb2e000 rw-p 0002a000 08:03 107611296                  /home/calcul/Téléchargements/jdk1.8.0_40/jre/lib/amd64/libjava.so
7f23ebb2e000-7f23ebb3b000 r-xp 00000000 08:03 107611312                  /home/calcul/Téléchargements/jdk1.8.0_40/jre/lib/amd64/libverify.so
7f23ebb3b000-7f23ebd3b000 ---p 0000d000 08:03 107611312                  /home/calcul/Téléchargements/jdk1.8.0_40/jre/lib/amd64/libverify.so
7f23ebd3b000-7f23ebd3d000 rw-p 0000d000 08:03 107611312                  /home/calcul/Téléchargements/jdk1.8.0_40/jre/lib/amd64/libverify.so
7f23ebd3d000-7f23ebd44000 r-xp 00000000 08:01 2363305                    /lib/x86_64-linux-gnu/librt-2.17.so
7f23ebd44000-7f23ebf43000 ---p 00007000 08:01 2363305                    /lib/x86_64-linux-gnu/librt-2.17.so
7f23ebf43000-7f23ebf44000 r--p 00006000 08:01 2363305                    /lib/x86_64-linux-gnu/librt-2.17.so
7f23ebf44000-7f23ebf45000 rw-p 00007000 08:01 2363305                    /lib/x86_64-linux-gnu/librt-2.17.so
7f23ebf45000-7f23ec048000 r-xp 00000000 08:01 2363233                    /lib/x86_64-linux-gnu/libm-2.17.so
7f23ec048000-7f23ec247000 ---p 00103000 08:01 2363233                    /lib/x86_64-linux-gnu/libm-2.17.so
7f23ec247000-7f23ec248000 r--p 00102000 08:01 2363233                    /lib/x86_64-linux-gnu/libm-2.17.so
7f23ec248000-7f23ec249000 rw-p 00103000 08:01 2363233                    /lib/x86_64-linux-gnu/libm-2.17.so
7f23ec249000-7f23ecef7000 r-xp 00000000 08:03 107611334                  /home/calcul/Téléchargements/jdk1.8.0_40/jre/lib/amd64/server/libjvm.so
7f23ecef7000-7f23ed0f6000 ---p 00cae000 08:03 107611334                  /home/calcul/Téléchargements/jdk1.8.0_40/jre/lib/amd64/server/libjvm.so
7f23ed0f6000-7f23ed1cd000 rw-p 00cad000 08:03 107611334                  /home/calcul/Téléchargements/jdk1.8.0_40/jre/lib/amd64/server/libjvm.so
7f23ed1cd000-7f23ed211000 rw-p 00000000 00:00 0 
7f23ed211000-7f23ed3ce000 r-xp 00000000 08:01 2363182                    /lib/x86_64-linux-gnu/libc-2.17.so
7f23ed3ce000-7f23ed5ce000 ---p 001bd000 08:01 2363182                    /lib/x86_64-linux-gnu/libc-2.17.so
7f23ed5ce000-7f23ed5d2000 r--p 001bd000 08:01 2363182                    /lib/x86_64-linux-gnu/libc-2.17.so
7f23ed5d2000-7f23ed5d4000 rw-p 001c1000 08:01 2363182                    /lib/x86_64-linux-gnu/libc-2.17.so
7f23ed5d4000-7f23ed5d9000 rw-p 00000000 00:00 0 
7f23ed5d9000-7f23ed5dc000 r-xp 00000000 08:01 2363197                    /lib/x86_64-linux-gnu/libdl-2.17.so
7f23ed5dc000-7f23ed7db000 ---p 00003000 08:01 2363197                    /lib/x86_64-linux-gnu/libdl-2.17.so
7f23ed7db000-7f23ed7dc000 r--p 00002000 08:01 2363197                    /lib/x86_64-linux-gnu/libdl-2.17.so
7f23ed7dc000-7f23ed7dd000 rw-p 00003000 08:01 2363197                    /lib/x86_64-linux-gnu/libdl-2.17.so
7f23ed7dd000-7f23ed7f2000 r-xp 00000000 08:03 107611306                  /home/calcul/Téléchargements/jdk1.8.0_40/jre/lib/amd64/jli/libjli.so
7f23ed7f2000-7f23ed9f2000 ---p 00015000 08:03 107611306                  /home/calcul/Téléchargements/jdk1.8.0_40/jre/lib/amd64/jli/libjli.so
7f23ed9f2000-7f23ed9f3000 rw-p 00015000 08:03 107611306                  /home/calcul/Téléchargements/jdk1.8.0_40/jre/lib/amd64/jli/libjli.so
7f23ed9f3000-7f23eda0a000 r-xp 00000000 08:01 2363297                    /lib/x86_64-linux-gnu/libpthread-2.17.so
7f23eda0a000-7f23edc0a000 ---p 00017000 08:01 2363297                    /lib/x86_64-linux-gnu/libpthread-2.17.so
7f23edc0a000-7f23edc0b000 r--p 00017000 08:01 2363297                    /lib/x86_64-linux-gnu/libpthread-2.17.so
7f23edc0b000-7f23edc0c000 rw-p 00018000 08:01 2363297                    /lib/x86_64-linux-gnu/libpthread-2.17.so
7f23edc0c000-7f23edc10000 rw-p 00000000 00:00 0 
7f23edc10000-7f23edc33000 r-xp 00000000 08:01 2363158                    /lib/x86_64-linux-gnu/ld-2.17.so
7f23edc33000-7f23edc35000 r--s 00000000 08:03 110625172                  /home/calcul/Documents/Julien/VoxeLidar/trunk/VoxeLidarGUIFX/target/lib/gluegen-rt-2.3.0-natives-linux-i586.jar
7f23edc35000-7f23edc36000 r--s 00000000 08:03 110625163                  /home/calcul/Documents/Julien/VoxeLidar/trunk/VoxeLidarGUIFX/target/lib/gluegen-rt-2.3.0-natives-linux-armv6hf.jar
7f23edc36000-7f23edc37000 r--s 00000000 08:03 110625175                  /home/calcul/Documents/Julien/VoxeLidar/trunk/VoxeLidarGUIFX/target/lib/gluegen-rt-2.3.0-natives-linux-armv6.jar
7f23edc37000-7f23edd08000 rw-p 00000000 00:00 0 
7f23edd08000-7f23edd0b000 ---p 00000000 00:00 0 
7f23edd0b000-7f23ede0d000 rw-p 00000000 00:00 0                          [stack:18587]
7f23ede0d000-7f23ede0f000 r--s 00000000 08:03 110627279                  /home/calcul/Documents/Julien/VoxeLidar/trunk/VoxeLidarGUIFX/target/lib/gluegen-rt-2.3.0-natives-linux-amd64.jar
7f23ede0f000-7f23ede10000 r--s 00001000 08:03 110627274                  /home/calcul/Documents/Julien/VoxeLidar/trunk/VoxeLidarGUIFX/target/lib/gluegen-rt-2.3.0-natives-android-armv6.jar
7f23ede10000-7f23ede11000 r--s 00000000 08:03 110627258                  /home/calcul/Documents/Julien/VoxeLidar/trunk/VoxeLidarGUIFX/target/lib/gluegen-rt-2.3.0-natives-android-aarch64.jar
7f23ede11000-7f23ede12000 r--s 00000000 08:03 110625127                  /home/calcul/Documents/Julien/VoxeLidar/trunk/VoxeLidarGUIFX/target/lib/gluegen-rt-main-2.3.0.jar
7f23ede12000-7f23ede13000 rw-s 49ef24000 00:05 12468                     /dev/dri/card0
7f23ede13000-7f23ede14000 r--s 00000000 00:14 7111285                    /run/user/1000/dconf/user
7f23ede14000-7f23ede1b000 r--s 00000000 08:01 656385                     /usr/lib/x86_64-linux-gnu/gconv/gconv-modules.cache
7f23ede1b000-7f23ede1c000 rw-s 49e8b3000 00:05 12468                     /dev/dri/card0
7f23ede1c000-7f23ede26000 r--s 001b8000 08:03 110495266                  /home/calcul/Documents/Julien/VoxeLidar/trunk/VoxeLidarGUIFX/target/VoxeLidarGUIFX-1.0.jar
7f23ede26000-7f23ede2e000 rw-s 00000000 08:01 397755                     /tmp/hsperfdata_calcul/18583
7f23ede2e000-7f23ede2f000 rw-p 00000000 00:00 0 
7f23ede2f000-7f23ede30000 r--p 00000000 00:00 0 
7f23ede30000-7f23ede32000 rw-p 00000000 00:00 0 
7f23ede32000-7f23ede33000 r--p 00022000 08:01 2363158                    /lib/x86_64-linux-gnu/ld-2.17.so
7f23ede33000-7f23ede35000 rw-p 00023000 08:01 2363158                    /lib/x86_64-linux-gnu/ld-2.17.so
7fff18f47000-7fff18f68000 rw-p 00000000 00:00 0                          [stack]
7fff18ffe000-7fff19000000 r-xp 00000000 00:00 0                          [vdso]
ffffffffff600000-ffffffffff601000 r-xp 00000000 00:00 0                  [vsyscall]

VM Arguments:
jvm_args: -Xdebug -Xmx50g -Xrunjdwp:transport=dt_socket,server=n,address=32919 
java_command: /home/calcul/Documents/Julien/VoxeLidar/trunk/VoxeLidarGUIFX/target/VoxeLidarGUIFX-1.0.jar
java_class_path (initial): /home/calcul/Documents/Julien/VoxeLidar/trunk/VoxeLidarGUIFX/target/VoxeLidarGUIFX-1.0.jar
Launcher Type: SUN_STANDARD

Environment Variables:
JAVA_HOME=/home/calcul/Téléchargements/jdk1.8.0_40
PATH=JAVA_HOME/bin:/usr/lib/lightdm/lightdm:/usr/local/sbin:/usr/local/bin:/usr/sbin:/usr/bin:/sbin:/bin:/usr/games:/usr/local/games
LD_LIBRARY_PATH=/home/calcul/Téléchargements/jdk1.8.0_40/jre/lib/amd64:/home/calcul/Téléchargements/jdk1.8.0_40/jre/lib/i386:
SHELL=/bin/bash
DISPLAY=:0.0

Signal Handlers:
SIGSEGV: [libjvm.so+0xaad2e0], sa_mask[0]=11111111011111111101111111111110, sa_flags=SA_RESTART|SA_SIGINFO
SIGBUS: [libjvm.so+0xaad2e0], sa_mask[0]=11111111011111111101111111111110, sa_flags=SA_RESTART|SA_SIGINFO
SIGFPE: [libjvm.so+0x90b550], sa_mask[0]=11111111011111111101111111111110, sa_flags=SA_RESTART|SA_SIGINFO
SIGPIPE: SIG_IGN, sa_mask[0]=00000000000010000000000000000000, sa_flags=SA_RESTART
SIGXFSZ: [libjvm.so+0x90b550], sa_mask[0]=11111111011111111101111111111110, sa_flags=SA_RESTART|SA_SIGINFO
SIGILL: [libjvm.so+0x90b550], sa_mask[0]=11111111011111111101111111111110, sa_flags=SA_RESTART|SA_SIGINFO
SIGUSR1: SIG_DFL, sa_mask[0]=00000000000000000000000000000000, sa_flags=none
SIGUSR2: [libjvm.so+0x90cb90], sa_mask[0]=00100000000000000000000000000000, sa_flags=SA_RESTART|SA_SIGINFO
SIGHUP: [libjvm.so+0x90dee0], sa_mask[0]=11111111011111111101111111111110, sa_flags=SA_RESTART|SA_SIGINFO
SIGINT: SIG_IGN, sa_mask[0]=00000000000000000000000000000000, sa_flags=none
SIGTERM: [libjvm.so+0x90dee0], sa_mask[0]=11111111011111111101111111111110, sa_flags=SA_RESTART|SA_SIGINFO
SIGQUIT: [libjvm.so+0x90dee0], sa_mask[0]=11111111011111111101111111111110, sa_flags=SA_RESTART|SA_SIGINFO


---------------  S Y S T E M  ---------------

OS:DISTRIB_ID=Ubuntu
DISTRIB_RELEASE=13.10
DISTRIB_CODENAME=saucy
DISTRIB_DESCRIPTION="Ubuntu 13.10"

uname:Linux 3.11.0-26-generic #45-Ubuntu SMP Tue Jul 15 04:02:06 UTC 2014 x86_64
libc:glibc 2.17 NPTL 2.17 
rlimit: STACK 8192k, CORE 0k, NPROC 514862, NOFILE 4096, AS infinity
load average:1,52 0,92 1,14

/proc/meminfo:
MemTotal:       65922644 kB
MemFree:        36070780 kB
Buffers:         8962556 kB
Cached:         15820008 kB
SwapCached:           12 kB
Active:          9950484 kB
Inactive:       18781960 kB
Active(anon):    2233260 kB
Inactive(anon):  1752800 kB
Active(file):    7717224 kB
Inactive(file): 17029160 kB
Unevictable:        1276 kB
Mlocked:            1276 kB
SwapTotal:      31250428 kB
SwapFree:       31249492 kB
Dirty:              2332 kB
Writeback:             0 kB
AnonPages:       3951208 kB
Mapped:           244616 kB
Shmem:             36036 kB
Slab:             593024 kB
SReclaimable:     502300 kB
SUnreclaim:        90724 kB
KernelStack:        7112 kB
PageTables:        55644 kB
NFS_Unstable:          0 kB
Bounce:                0 kB
WritebackTmp:          0 kB
CommitLimit:    64211748 kB
Committed_AS:   13065320 kB
VmallocTotal:   34359738367 kB
VmallocUsed:      445508 kB
VmallocChunk:   34325084696 kB
HardwareCorrupted:     0 kB
AnonHugePages:         0 kB
HugePages_Total:       0
HugePages_Free:        0
HugePages_Rsvd:        0
HugePages_Surp:        0
Hugepagesize:       2048 kB
DirectMap4k:      113268 kB
DirectMap2M:     5072896 kB
DirectMap1G:    61865984 kB


CPU:total 8 (4 cores per cpu, 1 threads per core) family 6 model 62 stepping 4, cmov, cx8, fxsr, mmx, sse, sse2, sse3, ssse3, sse4.1, sse4.2, popcnt, avx, aes, clmul, erms, tsc, tscinvbit

/proc/cpuinfo:
processor	: 0
vendor_id	: GenuineIntel
cpu family	: 6
model		: 62
model name	: Intel(R) Xeon(R) CPU E5-2609 v2 @ 2.50GHz
stepping	: 4
microcode	: 0x416
cpu MHz		: 1200.000
cache size	: 10240 KB
physical id	: 0
siblings	: 4
core id		: 0
cpu cores	: 4
apicid		: 0
initial apicid	: 0
fpu		: yes
fpu_exception	: yes
cpuid level	: 13
wp		: yes
flags		: fpu vme de pse tsc msr pae mce cx8 apic sep mtrr pge mca cmov pat pse36 clflush dts acpi mmx fxsr sse sse2 ss ht tm pbe syscall nx pdpe1gb rdtscp lm constant_tsc arch_perfmon pebs bts rep_good nopl xtopology nonstop_tsc aperfmperf eagerfpu pni pclmulqdq dtes64 monitor ds_cpl vmx smx est tm2 ssse3 cx16 xtpr pdcm pcid dca sse4_1 sse4_2 x2apic popcnt tsc_deadline_timer aes xsave avx f16c rdrand lahf_lm arat epb xsaveopt pln pts dtherm tpr_shadow vnmi flexpriority ept vpid fsgsbase smep erms
bogomips	: 4987.69
clflush size	: 64
cache_alignment	: 64
address sizes	: 46 bits physical, 48 bits virtual
power management:

processor	: 1
vendor_id	: GenuineIntel
cpu family	: 6
model		: 62
model name	: Intel(R) Xeon(R) CPU E5-2609 v2 @ 2.50GHz
stepping	: 4
microcode	: 0x416
cpu MHz		: 2500.000
cache size	: 10240 KB
physical id	: 0
siblings	: 4
core id		: 1
cpu cores	: 4
apicid		: 2
initial apicid	: 2
fpu		: yes
fpu_exception	: yes
cpuid level	: 13
wp		: yes
flags		: fpu vme de pse tsc msr pae mce cx8 apic sep mtrr pge mca cmov pat pse36 clflush dts acpi mmx fxsr sse sse2 ss ht tm pbe syscall nx pdpe1gb rdtscp lm constant_tsc arch_perfmon pebs bts rep_good nopl xtopology nonstop_tsc aperfmperf eagerfpu pni pclmulqdq dtes64 monitor ds_cpl vmx smx est tm2 ssse3 cx16 xtpr pdcm pcid dca sse4_1 sse4_2 x2apic popcnt tsc_deadline_timer aes xsave avx f16c rdrand lahf_lm arat epb xsaveopt pln pts dtherm tpr_shadow vnmi flexpriority ept vpid fsgsbase smep erms
bogomips	: 4987.69
clflush size	: 64
cache_alignment	: 64
address sizes	: 46 bits physical, 48 bits virtual
power management:

processor	: 2
vendor_id	: GenuineIntel
cpu family	: 6
model		: 62
model name	: Intel(R) Xeon(R) CPU E5-2609 v2 @ 2.50GHz
stepping	: 4
microcode	: 0x416
cpu MHz		: 1400.000
cache size	: 10240 KB
physical id	: 0
siblings	: 4
core id		: 2
cpu cores	: 4
apicid		: 4
initial apicid	: 4
fpu		: yes
fpu_exception	: yes
cpuid level	: 13
wp		: yes
flags		: fpu vme de pse tsc msr pae mce cx8 apic sep mtrr pge mca cmov pat pse36 clflush dts acpi mmx fxsr sse sse2 ss ht tm pbe syscall nx pdpe1gb rdtscp lm constant_tsc arch_perfmon pebs bts rep_good nopl xtopology nonstop_tsc aperfmperf eagerfpu pni pclmulqdq dtes64 monitor ds_cpl vmx smx est tm2 ssse3 cx16 xtpr pdcm pcid dca sse4_1 sse4_2 x2apic popcnt tsc_deadline_timer aes xsave avx f16c rdrand lahf_lm arat epb xsaveopt pln pts dtherm tpr_shadow vnmi flexpriority ept vpid fsgsbase smep erms
bogomips	: 4987.69
clflush size	: 64
cache_alignment	: 64
address sizes	: 46 bits physical, 48 bits virtual
power management:

processor	: 3
vendor_id	: GenuineIntel
cpu family	: 6
model		: 62
model name	: Intel(R) Xeon(R) CPU E5-2609 v2 @ 2.50GHz
stepping	: 4
microcode	: 0x416
cpu MHz		: 1200.000
cache size	: 10240 KB
physical id	: 0
siblings	: 4
core id		: 3
cpu cores	: 4
apicid		: 6
initial apicid	: 6
fpu		: yes
fpu_exception	: yes
cpuid level	: 13
wp		: yes
flags		: fpu vme de pse tsc msr pae mce cx8 apic sep mtrr pge mca cmov pat pse36 clflush dts acpi mmx fxsr sse sse2 ss ht tm pbe syscall nx pdpe1gb rdtscp lm constant_tsc arch_perfmon pebs bts rep_good nopl xtopology nonstop_tsc aperfmperf eagerfpu pni pclmulqdq dtes64 monitor ds_cpl vmx smx est tm2 ssse3 cx16 xtpr pdcm pcid dca sse4_1 sse4_2 x2apic popcnt tsc_deadline_timer aes xsave avx f16c rdrand lahf_lm arat epb xsaveopt pln pts dtherm tpr_shadow vnmi flexpriority ept vpid fsgsbase smep erms
bogomips	: 4987.69
clflush size	: 64
cache_alignment	: 64
address sizes	: 46 bits physical, 48 bits virtual
power management:

processor	: 4
vendor_id	: GenuineIntel
cpu family	: 6
model		: 62
model name	: Intel(R) Xeon(R) CPU E5-2609 v2 @ 2.50GHz
stepping	: 4
microcode	: 0x416
cpu MHz		: 1200.000
cache size	: 10240 KB
physical id	: 1
siblings	: 4
core id		: 0
cpu cores	: 4
apicid		: 32
initial apicid	: 32
fpu		: yes
fpu_exception	: yes
cpuid level	: 13
wp		: yes
flags		: fpu vme de pse tsc msr pae mce cx8 apic sep mtrr pge mca cmov pat pse36 clflush dts acpi mmx fxsr sse sse2 ss ht tm pbe syscall nx pdpe1gb rdtscp lm constant_tsc arch_perfmon pebs bts rep_good nopl xtopology nonstop_tsc aperfmperf eagerfpu pni pclmulqdq dtes64 monitor ds_cpl vmx smx est tm2 ssse3 cx16 xtpr pdcm pcid dca sse4_1 sse4_2 x2apic popcnt tsc_deadline_timer aes xsave avx f16c rdrand lahf_lm arat epb xsaveopt pln pts dtherm tpr_shadow vnmi flexpriority ept vpid fsgsbase smep erms
bogomips	: 4989.30
clflush size	: 64
cache_alignment	: 64
address sizes	: 46 bits physical, 48 bits virtual
power management:

processor	: 5
vendor_id	: GenuineIntel
cpu family	: 6
model		: 62
model name	: Intel(R) Xeon(R) CPU E5-2609 v2 @ 2.50GHz
stepping	: 4
microcode	: 0x416
cpu MHz		: 1200.000
cache size	: 10240 KB
physical id	: 1
siblings	: 4
core id		: 1
cpu cores	: 4
apicid		: 34
initial apicid	: 34
fpu		: yes
fpu_exception	: yes
cpuid level	: 13
wp		: yes
flags		: fpu vme de pse tsc msr pae mce cx8 apic sep mtrr pge mca cmov pat pse36 clflush dts acpi mmx fxsr sse sse2 ss ht tm pbe syscall nx pdpe1gb rdtscp lm constant_tsc arch_perfmon pebs bts rep_good nopl xtopology nonstop_tsc aperfmperf eagerfpu pni pclmulqdq dtes64 monitor ds_cpl vmx smx est tm2 ssse3 cx16 xtpr pdcm pcid dca sse4_1 sse4_2 x2apic popcnt tsc_deadline_timer aes xsave avx f16c rdrand lahf_lm arat epb xsaveopt pln pts dtherm tpr_shadow vnmi flexpriority ept vpid fsgsbase smep erms
bogomips	: 4989.30
clflush size	: 64
cache_alignment	: 64
address sizes	: 46 bits physical, 48 bits virtual
power management:

processor	: 6
vendor_id	: GenuineIntel
cpu family	: 6
model		: 62
model name	: Intel(R) Xeon(R) CPU E5-2609 v2 @ 2.50GHz
stepping	: 4
microcode	: 0x416
cpu MHz		: 1200.000
cache size	: 10240 KB
physical id	: 1
siblings	: 4
core id		: 2
cpu cores	: 4
apicid		: 36
initial apicid	: 36
fpu		: yes
fpu_exception	: yes
cpuid level	: 13
wp		: yes
flags		: fpu vme de pse tsc msr pae mce cx8 apic sep mtrr pge mca cmov pat pse36 clflush dts acpi mmx fxsr sse sse2 ss ht tm pbe syscall nx pdpe1gb rdtscp lm constant_tsc arch_perfmon pebs bts rep_good nopl xtopology nonstop_tsc aperfmperf eagerfpu pni pclmulqdq dtes64 monitor ds_cpl vmx smx est tm2 ssse3 cx16 xtpr pdcm pcid dca sse4_1 sse4_2 x2apic popcnt tsc_deadline_timer aes xsave avx f16c rdrand lahf_lm arat epb xsaveopt pln pts dtherm tpr_shadow vnmi flexpriority ept vpid fsgsbase smep erms
bogomips	: 4989.30
clflush size	: 64
cache_alignment	: 64
address sizes	: 46 bits physical, 48 bits virtual
power management:

processor	: 7
vendor_id	: GenuineIntel
cpu family	: 6
model		: 62
model name	: Intel(R) Xeon(R) CPU E5-2609 v2 @ 2.50GHz
stepping	: 4
microcode	: 0x416
cpu MHz		: 1200.000
cache size	: 10240 KB
physical id	: 1
siblings	: 4
core id		: 3
cpu cores	: 4
apicid		: 38
initial apicid	: 38
fpu		: yes
fpu_exception	: yes
cpuid level	: 13
wp		: yes
flags		: fpu vme de pse tsc msr pae mce cx8 apic sep mtrr pge mca cmov pat pse36 clflush dts acpi mmx fxsr sse sse2 ss ht tm pbe syscall nx pdpe1gb rdtscp lm constant_tsc arch_perfmon pebs bts rep_good nopl xtopology nonstop_tsc aperfmperf eagerfpu pni pclmulqdq dtes64 monitor ds_cpl vmx smx est tm2 ssse3 cx16 xtpr pdcm pcid dca sse4_1 sse4_2 x2apic popcnt tsc_deadline_timer aes xsave avx f16c rdrand lahf_lm arat epb xsaveopt pln pts dtherm tpr_shadow vnmi flexpriority ept vpid fsgsbase smep erms
bogomips	: 4989.30
clflush size	: 64
cache_alignment	: 64
address sizes	: 46 bits physical, 48 bits virtual
power management:



Memory: 4k page, physical 65922644k(36070780k free), swap 31250428k(31249492k free)

vm_info: Java HotSpot(TM) 64-Bit Server VM (25.40-b25) for linux-amd64 JRE (1.8.0_40-b26), built on Mar  7 2015 15:08:31 by "java_re" with gcc 4.3.0 20080428 (Red Hat 4.3.0-8)

time: Thu Apr  9 09:47:00 2015
elapsed time: 0 seconds (0d 0h 0m 0s)

