#
# A fatal error has been detected by the Java Runtime Environment:
#
#  SIGSEGV (0xb) at pc=0x00007fdd0e29891c, pid=19064, tid=140532612388608
#
# JRE version: Java(TM) SE Runtime Environment (8.0_40-b26) (build 1.8.0_40-b26)
# Java VM: Java HotSpot(TM) 64-Bit Server VM (25.40-b25 mixed mode linux-amd64 )
# Problematic frame:
# C  [libc.so.6+0x8391c]  cfree+0x1c
#
# Failed to write core dump. Core dumps have been disabled. To enable core dumping, try "ulimit -c unlimited" before starting Java again
#
# If you would like to submit a bug report, please visit:
#   http://bugreport.java.com/bugreport/crash.jsp
# The crash happened outside the Java Virtual Machine in native code.
# See problematic frame for where to report the bug.
#

---------------  T H R E A D  ---------------

Current thread (0x00007fdd08453800):  JavaThread "JavaFX Application Thread" [_thread_in_native, id=19097, stack(0x00007fd04c60d000,0x00007fd04c70e000)]

siginfo: si_signo: 11 (SIGSEGV), si_code: 1 (SEGV_MAPERR), si_addr: 0xfffffffffffffff9

Registers:
RAX=0x0000000000000000, RBX=0x00007fcf843864a0, RCX=0xffffffffffffffff, RDX=0x00000000000b0006
RSP=0x00007fd04c70ad28, RBP=0x00007fd04c70adb0, RSI=0x00007fdd0e5d89f0, RDI=0x0000000000000001
R8 =0x00000000ffffffff, R9 =0x00007fd04c70d700, R10=0x00007fd04c70aad0, R11=0x00007fd05de22260
R12=0x00007fd04c70bb00, R13=0x00007fd06cb56678, R14=0x00007fd04c70ae58, R15=0x00007fdd08453800
RIP=0x00007fdd0e29891c, EFLAGS=0x0000000000010202, CSGSFS=0x0000000000000033, ERR=0x0000000000000005
  TRAPNO=0x000000000000000e

Top of Stack: (sp=0x00007fd04c70ad28)
0x00007fd04c70ad28:   00007fd047de7acb 00007fd04c70ae40
0x00007fd04c70ad38:   00007fcf84354690 00007fd04c70ae58
0x00007fd04c70ad48:   00007fdd084539f8 0000000100086678
0x00007fd04c70ad58:   000336d600000005 0000000200000685
0x00007fd04c70ad68:   00007fcf843864a0 00007fcf84354690
0x00007fd04c70ad78:   00007fcf84354690 00007fcf84341d10
0x00007fd04c70ad88:   00007fd04c70ad54 00007fd04653414c
0x00007fd04c70ad98:   65fbf86f0457fd00 00007fd06cb56678
0x00007fd04c70ada8:   00007fd04c70bb00 00007fd04c70ae20
0x00007fd04c70adb8:   00007fdcf8301e64 00007fd04c70ae20
0x00007fd04c70adc8:   00007fdcf8301919 00007fdd08453800
0x00007fd04c70add8:   00007fdcf83018e2 00007fd04c70ade0
0x00007fd04c70ade8:   00007fd06cb56678 00007fd04c70ae58
0x00007fd04c70adf8:   00007fd06cb56a68 0000000000000000
0x00007fd04c70ae08:   00007fd06cb56678 0000000000000000
0x00007fd04c70ae18:   00007fd04c70ae40 00007fd04c70aea0
0x00007fd04c70ae28:   00007fdcf82ec6f0 0000000000000000
0x00007fd04c70ae38:   00007fdcf82f87b6 00007fd8d01455b0
0x00007fd04c70ae48:   00007fcf84354690 00007fdcf82f87b7
0x00007fd04c70ae58:   00007fd8d01453f8 00007fd04c70ae60
0x00007fd04c70ae68:   00007fd06c865625 00007fd04c70aef8
0x00007fd04c70ae78:   00007fd06c865a28 0000000000000000
0x00007fd04c70ae88:   00007fd06c865708 00007fd04c70ae40
0x00007fd04c70ae98:   00007fd04c70aef0 00007fd04c70af40
0x00007fd04c70aea8:   00007fdcf82ecca4 0000000000000000
0x00007fd04c70aeb8:   0000000000000000 0000000000000000
0x00007fd04c70aec8:   0000000000000000 0000000000000000
0x00007fd04c70aed8:   00007fcf84354690 0000000000000000
0x00007fd04c70aee8:   00007fd8d01453f8 00007fd8cf2cc470
0x00007fd04c70aef8:   00007fd8cf25f688 00007fd04c70af00
0x00007fd04c70af08:   00007fd06c86c52c 00007fd04c70af60
0x00007fd04c70af18:   00007fd06c86f6e0 0000000000000000 

Instructions: (pc=0x00007fdd0e29891c)
0x00007fdd0e2988fc:   00 00 00 00 48 8b 05 e1 d5 33 00 48 8b 00 48 85
0x00007fdd0e29890c:   c0 0f 85 bf 00 00 00 48 85 ff 0f 84 b4 00 00 00
0x00007fdd0e29891c:   48 8b 47 f8 48 8d 77 f0 a8 02 75 28 a8 04 48 8d
0x00007fdd0e29892c:   3d 0f de 33 00 74 0c 48 89 f0 48 25 00 00 00 fc 

Register to memory mapping:

RAX=0x0000000000000000 is an unknown value
RBX=0x00007fcf843864a0 is an unknown value
RCX=0xffffffffffffffff is an unknown value
RDX=0x00000000000b0006 is an unknown value
RSP=0x00007fd04c70ad28 is pointing into the stack for thread: 0x00007fdd08453800
RBP=0x00007fd04c70adb0 is pointing into the stack for thread: 0x00007fdd08453800
RSI=0x00007fdd0e5d89f0: <offset 0x3c39f0> in /lib/x86_64-linux-gnu/libc.so.6 at 0x00007fdd0e215000
RDI=0x0000000000000001 is an unknown value
R8 =0x00000000ffffffff is an unknown value
R9 =0x00007fd04c70d700 is pointing into the stack for thread: 0x00007fdd08453800
R10=0x00007fd04c70aad0 is pointing into the stack for thread: 0x00007fdd08453800
R11=0x00007fd05de22260: _ZdlPv+0 in /usr/lib/x86_64-linux-gnu/libstdc++.so.6 at 0x00007fd05ddc5000
R12=0x00007fd04c70bb00 is pointing into the stack for thread: 0x00007fdd08453800
R13={method} {0x00007fd06cb56678} 'open' '(JLjava/lang/String;)I' in 'fr/ird/voxelidar/voxelisation/extraction/LazExtraction'
R14=0x00007fd04c70ae58 is pointing into the stack for thread: 0x00007fdd08453800
R15=0x00007fdd08453800 is a thread


Stack: [0x00007fd04c60d000,0x00007fd04c70e000],  sp=0x00007fd04c70ad28,  free space=1015k
Native frames: (J=compiled Java code, j=interpreted, Vv=VM code, C=native code)
C  [libc.so.6+0x8391c]  cfree+0x1c
j  fr.ird.voxelidar.voxelisation.extraction.LazExtraction.open(JLjava/lang/String;)I+0
j  fr.ird.voxelidar.FXPrincipal.start(Ljavafx/stage/Stage;)V+21
j  com.sun.javafx.application.LauncherImpl.lambda$launchApplication1$159(Ljava/util/concurrent/atomic/AtomicBoolean;Ljavafx/application/Application;)V+20
j  com.sun.javafx.application.LauncherImpl$$Lambda$58.run()V+8
j  com.sun.javafx.application.PlatformImpl.lambda$runAndWait$172(Ljava/lang/Runnable;Ljava/util/concurrent/CountDownLatch;)V+1
j  com.sun.javafx.application.PlatformImpl$$Lambda$51.run()V+8
j  com.sun.javafx.application.PlatformImpl.lambda$null$170(Ljava/lang/Runnable;)Ljava/lang/Void;+1
j  com.sun.javafx.application.PlatformImpl$$Lambda$53.run()Ljava/lang/Object;+4
v  ~StubRoutines::call_stub
V  [libjvm.so+0x681a56]  JavaCalls::call_helper(JavaValue*, methodHandle*, JavaCallArguments*, Thread*)+0x1056
V  [libjvm.so+0x71980c]  JVM_DoPrivileged+0x27c
j  java.security.AccessController.doPrivileged(Ljava/security/PrivilegedAction;Ljava/security/AccessControlContext;)Ljava/lang/Object;+0
j  com.sun.javafx.application.PlatformImpl.lambda$runLater$171(Ljava/lang/Runnable;Ljava/security/AccessControlContext;)V+7
j  com.sun.javafx.application.PlatformImpl$$Lambda$52.run()V+8
j  com.sun.glass.ui.InvokeLaterDispatcher$Future.run()V+4
v  ~StubRoutines::call_stub
V  [libjvm.so+0x681a56]  JavaCalls::call_helper(JavaValue*, methodHandle*, JavaCallArguments*, Thread*)+0x1056
V  [libjvm.so+0x6c435b]  jni_invoke_nonstatic(JNIEnv_*, JavaValue*, _jobject*, JNICallType, _jmethodID*, JNI_ArgumentPusher*, Thread*)+0x41b
V  [libjvm.so+0x6c871f]  jni_CallVoidMethodV+0x10f
C  [libglass.so+0x1b798]  JNIEnv_::CallVoidMethod(_jobject*, _jmethodID*, ...)+0x98
C  [libglass.so+0x25144]  call_runnable(void*)+0x34
C  [libgdk-x11-2.0.so.0+0x1dcf7]

Java frames: (J=compiled Java code, j=interpreted, Vv=VM code)
j  fr.ird.voxelidar.voxelisation.extraction.LazExtraction.open(JLjava/lang/String;)I+0
j  fr.ird.voxelidar.FXPrincipal.start(Ljavafx/stage/Stage;)V+21
j  com.sun.javafx.application.LauncherImpl.lambda$launchApplication1$159(Ljava/util/concurrent/atomic/AtomicBoolean;Ljavafx/application/Application;)V+20
j  com.sun.javafx.application.LauncherImpl$$Lambda$58.run()V+8
j  com.sun.javafx.application.PlatformImpl.lambda$runAndWait$172(Ljava/lang/Runnable;Ljava/util/concurrent/CountDownLatch;)V+1
j  com.sun.javafx.application.PlatformImpl$$Lambda$51.run()V+8
j  com.sun.javafx.application.PlatformImpl.lambda$null$170(Ljava/lang/Runnable;)Ljava/lang/Void;+1
j  com.sun.javafx.application.PlatformImpl$$Lambda$53.run()Ljava/lang/Object;+4
v  ~StubRoutines::call_stub
j  java.security.AccessController.doPrivileged(Ljava/security/PrivilegedAction;Ljava/security/AccessControlContext;)Ljava/lang/Object;+0
j  com.sun.javafx.application.PlatformImpl.lambda$runLater$171(Ljava/lang/Runnable;Ljava/security/AccessControlContext;)V+7
j  com.sun.javafx.application.PlatformImpl$$Lambda$52.run()V+8
j  com.sun.glass.ui.InvokeLaterDispatcher$Future.run()V+4
v  ~StubRoutines::call_stub
j  com.sun.glass.ui.gtk.GtkApplication._runLoop(Ljava/lang/Runnable;Z)V+0
j  com.sun.glass.ui.gtk.GtkApplication.lambda$null$48(Ljava/lang/Runnable;Z)V+7
j  com.sun.glass.ui.gtk.GtkApplication$$Lambda$41.run()V+12
j  java.lang.Thread.run()V+11
v  ~StubRoutines::call_stub

---------------  P R O C E S S  ---------------

Java Threads: ( => current thread )
  0x00007fdd08458000 JavaThread "JavaFX-Launcher" [_thread_blocked, id=19098, stack(0x00007fd04c48c000,0x00007fd04c58d000)]
=>0x00007fdd08453800 JavaThread "JavaFX Application Thread" [_thread_in_native, id=19097, stack(0x00007fd04c60d000,0x00007fd04c70e000)]
  0x00007fdd0844f800 JavaThread "Thread-1" daemon [_thread_blocked, id=19096, stack(0x00007fd064008000,0x00007fd064109000)]
  0x00007fdd0838a000 JavaThread "QuantumRenderer-0" daemon [_thread_blocked, id=19093, stack(0x00007fd065640000,0x00007fd065741000)]
  0x00007fdd0823d800 JavaThread "Service Thread" daemon [_thread_blocked, id=19091, stack(0x00007fd0658d7000,0x00007fd0659d8000)]
  0x00007fdd08220000 JavaThread "C1 CompilerThread3" daemon [_thread_blocked, id=19090, stack(0x00007fd0659d8000,0x00007fd065ad9000)]
  0x00007fdd0821e000 JavaThread "C2 CompilerThread2" daemon [_thread_blocked, id=19089, stack(0x00007fd065ad9000,0x00007fd065bda000)]
  0x00007fdd0821c000 JavaThread "C2 CompilerThread1" daemon [_thread_blocked, id=19088, stack(0x00007fd065bda000,0x00007fd065cdb000)]
  0x00007fdd08219800 JavaThread "C2 CompilerThread0" daemon [_thread_blocked, id=19087, stack(0x00007fd065cdb000,0x00007fd065ddc000)]
  0x00007fcfb0001000 JavaThread "JDWP Command Reader" daemon [_thread_in_native, id=19085, stack(0x00007fd065ddc000,0x00007fd065edd000)]
  0x00007fdd08217000 JavaThread "JDWP Event Helper Thread" daemon [_thread_blocked, id=19083, stack(0x00007fd065edd000,0x00007fd065fde000)]
  0x00007fdd08213800 JavaThread "JDWP Transport Listener: dt_socket" daemon [_thread_blocked, id=19081, stack(0x00007fd065fde000,0x00007fd0660df000)]
  0x00007fdd08207800 JavaThread "Signal Dispatcher" daemon [_thread_blocked, id=19080, stack(0x00007fd0662e3000,0x00007fd0663e4000)]
  0x00007fdd081d0800 JavaThread "Finalizer" daemon [_thread_blocked, id=19079, stack(0x00007fd0663e4000,0x00007fd0664e5000)]
  0x00007fdd081ce800 JavaThread "Reference Handler" daemon [_thread_blocked, id=19078, stack(0x00007fd0664e5000,0x00007fd0665e6000)]
  0x00007fdd0800c000 JavaThread "main" [_thread_blocked, id=19068, stack(0x00007fdd0ed0c000,0x00007fdd0ee0d000)]

Other Threads:
  0x00007fdd081c9000 VMThread [stack: 0x00007fd0665e6000,0x00007fd0666e7000] [id=19077]
  0x00007fdd08240800 WatcherThread [stack: 0x00007fd0657d6000,0x00007fd0658d7000] [id=19092]

VM state:not at safepoint (normal execution)

VM Mutex/Monitor currently owned by a thread: None

Heap:
 PSYoungGen      total 300544K, used 51610K [0x00007fd8cd380000, 0x00007fd8e2280000, 0x00007fdcf7e00000)
  eden space 258048K, 20% used [0x00007fd8cd380000,0x00007fd8d05e6910,0x00007fd8dcf80000)
  from space 42496K, 0% used [0x00007fd8df900000,0x00007fd8df900000,0x00007fd8e2280000)
  to   space 42496K, 0% used [0x00007fd8dcf80000,0x00007fd8dcf80000,0x00007fd8df900000)
 ParOldGen       total 687104K, used 0K [0x00007fd077e00000, 0x00007fd0a1d00000, 0x00007fd8cd380000)
  object space 687104K, 0% used [0x00007fd077e00000,0x00007fd077e00000,0x00007fd0a1d00000)
 Metaspace       used 8276K, capacity 8849K, committed 8960K, reserved 10240K

Card table byte_map: [0x00007fd0719ff000,0x00007fd077e00000] byte_map_base: 0x00007f9089640000

Marking Bits: (ParMarkBitMap*) 0x00007fdd0e1ea6c0
 Begin Bits: [0x00007fcfcc000000, 0x00007fcffe000000)
 End Bits:   [0x00007fcffe000000, 0x00007fd030000000)

Polling page: 0x00007fdd0ee33000

CodeCache: size=245760Kb used=2433Kb max_used=2433Kb free=243326Kb
 bounds [0x00007fdcf82e5000, 0x00007fdcf8555000, 0x00007fdd072e5000]
 total_blobs=1015 nmethods=594 adapters=343
 compilation: enabled

Compilation events (10 events):
Event: 0,657 Thread 0x00007fdd08220000  590       3       java.lang.String::getBytes (27 bytes)
Event: 0,658 Thread 0x00007fdd08220000 nmethod 590 0x00007fdcf853ec10 code [0x00007fdcf853eda0, 0x00007fdcf853f038]
Event: 0,658 Thread 0x00007fdd08220000  592       3       java.lang.ThreadLocal::get (38 bytes)
Event: 0,658 Thread 0x00007fdd08220000 nmethod 592 0x00007fdcf8541d10 code [0x00007fdcf8541ea0, 0x00007fdcf8542248]
Event: 0,658 Thread 0x00007fdd08220000  591   !   3       java.lang.StringCoding::encode (120 bytes)
Event: 0,661 Thread 0x00007fdd08220000 nmethod 591 0x00007fdcf8542690 code [0x00007fdcf85429e0, 0x00007fdcf8544418]
Event: 0,663 Thread 0x00007fdd08220000  593       3       java.nio.Buffer::position (43 bytes)
Event: 0,663 Thread 0x00007fdd08220000 nmethod 593 0x00007fdcf8545410 code [0x00007fdcf85455a0, 0x00007fdcf8545868]
Event: 0,663 Thread 0x00007fdd08220000  594       3       java.lang.ThreadLocal$ThreadLocalMap::getEntry (42 bytes)
Event: 0,663 Thread 0x00007fdd08220000 nmethod 594 0x00007fdcf8545950 code [0x00007fdcf8545ac0, 0x00007fdcf8545de8]

GC Heap History (0 events):
No events

Deoptimization events (2 events):
Event: 0,535 Thread 0x00007fdd08453800 Uncommon trap: reason=unstable_if action=reinterpret pc=0x00007fdcf84a3c24 method=java.lang.String.replace(CC)Ljava/lang/String; @ 2
Event: 0,557 Thread 0x00007fdd08453800 Uncommon trap: reason=unstable_if action=reinterpret pc=0x00007fdcf84cd430 method=java.lang.String.indexOf([CII[CIII)I @ 134

Internal exceptions (10 events):
Event: 0,621 Thread 0x00007fdd08453800 Exception <a 'java/lang/ClassNotFoundException': org/apache/log4j/RollingFileAppenderBeanInfo> (0x00007fd8cf5ee320) thrown at [/HUDSON/workspace/8-2-build-linux-amd64/jdk8u40/3098/hotspot/src/share/vm/classfile/systemDictionary.cpp, line 210]
Event: 0,621 Thread 0x00007fdd08453800 Exception <a 'java/lang/ClassNotFoundException': org/apache/log4j/FileAppenderBeanInfo> (0x00007fd8cf5f80a0) thrown at [/HUDSON/workspace/8-2-build-linux-amd64/jdk8u40/3098/hotspot/src/share/vm/classfile/systemDictionary.cpp, line 210]
Event: 0,622 Thread 0x00007fdd08453800 Exception <a 'java/lang/ClassNotFoundException': org/apache/log4j/WriterAppenderBeanInfo> (0x00007fd8cf6020f0) thrown at [/HUDSON/workspace/8-2-build-linux-amd64/jdk8u40/3098/hotspot/src/share/vm/classfile/systemDictionary.cpp, line 210]
Event: 0,622 Thread 0x00007fdd08453800 Exception <a 'java/lang/ClassNotFoundException': org/apache/log4j/AppenderSkeletonBeanInfo> (0x00007fd8cf60c480) thrown at [/HUDSON/workspace/8-2-build-linux-amd64/jdk8u40/3098/hotspot/src/share/vm/classfile/systemDictionary.cpp, line 210]
Event: 0,623 Thread 0x00007fdd08453800 Exception <a 'java/lang/ClassNotFoundException': org/apache/log4j/AppenderSkeletonCustomizer> (0x00007fd8cf616fa0) thrown at [/HUDSON/workspace/8-2-build-linux-amd64/jdk8u40/3098/hotspot/src/share/vm/classfile/systemDictionary.cpp, line 210]
Event: 0,625 Thread 0x00007fdd08453800 Exception <a 'java/lang/ClassNotFoundException': org/apache/log4j/WriterAppenderCustomizer> (0x00007fd8cf63b188) thrown at [/HUDSON/workspace/8-2-build-linux-amd64/jdk8u40/3098/hotspot/src/share/vm/classfile/systemDictionary.cpp, line 210]
Event: 0,627 Thread 0x00007fdd08453800 Exception <a 'java/lang/ClassNotFoundException': org/apache/log4j/FileAppenderCustomizer> (0x00007fd8cf655968) thrown at [/HUDSON/workspace/8-2-build-linux-amd64/jdk8u40/3098/hotspot/src/share/vm/classfile/systemDictionary.cpp, line 210]
Event: 0,629 Thread 0x00007fdd08453800 Exception <a 'java/lang/ClassNotFoundException': org/apache/log4j/RollingFileAppenderCustomizer> (0x00007fd8cf671d78) thrown at [/HUDSON/workspace/8-2-build-linux-amd64/jdk8u40/3098/hotspot/src/share/vm/classfile/systemDictionary.cpp, line 210]
Event: 0,635 Thread 0x00007fdd08453800 Exception <a 'java/lang/ClassNotFoundException': org/apache/log4j/ConsoleAppenderBeanInfo> (0x00007fd8cf6b2ee8) thrown at [/HUDSON/workspace/8-2-build-linux-amd64/jdk8u40/3098/hotspot/src/share/vm/classfile/systemDictionary.cpp, line 210]
Event: 0,636 Thread 0x00007fdd08453800 Exception <a 'java/lang/ClassNotFoundException': org/apache/log4j/ConsoleAppenderCustomizer> (0x00007fd8cf6bd1b0) thrown at [/HUDSON/workspace/8-2-build-linux-amd64/jdk8u40/3098/hotspot/src/share/vm/classfile/systemDictionary.cpp, line 210]

Events (10 events):
Event: 0,657 loading class java/io/DeleteOnExitHook$1
Event: 0,658 loading class java/io/DeleteOnExitHook$1 done
Event: 0,661 loading class java/text/DontCareFieldPosition
Event: 0,661 loading class java/text/DontCareFieldPosition done
Event: 0,661 loading class java/text/DontCareFieldPosition$1
Event: 0,661 loading class java/text/Format$FieldDelegate
Event: 0,661 loading class java/text/Format$FieldDelegate done
Event: 0,661 loading class java/text/DontCareFieldPosition$1 done
Event: 0,662 loading class java/io/FileOutputStream$1
Event: 0,662 loading class java/io/FileOutputStream$1 done


Dynamic libraries:
00400000-00401000 r-xp 00000000 08:03 107611431                          /home/calcul/Téléchargements/jdk1.8.0_40/jre/bin/java
00600000-00601000 rw-p 00000000 08:03 107611431                          /home/calcul/Téléchargements/jdk1.8.0_40/jre/bin/java
01e15000-01e36000 rw-p 00000000 00:00 0                                  [heap]
7fcf78000000-7fcf78021000 rw-p 00000000 00:00 0 
7fcf78021000-7fcf7c000000 ---p 00000000 00:00 0 
7fcf80000000-7fcf80021000 rw-p 00000000 00:00 0 
7fcf80021000-7fcf84000000 ---p 00000000 00:00 0 
7fcf84000000-7fcf84635000 rw-p 00000000 00:00 0 
7fcf84635000-7fcf88000000 ---p 00000000 00:00 0 
7fcf88000000-7fcf88021000 rw-p 00000000 00:00 0 
7fcf88021000-7fcf8c000000 ---p 00000000 00:00 0 
7fcf8c000000-7fcf8c022000 rw-p 00000000 00:00 0 
7fcf8c022000-7fcf90000000 ---p 00000000 00:00 0 
7fcf90000000-7fcf90021000 rw-p 00000000 00:00 0 
7fcf90021000-7fcf94000000 ---p 00000000 00:00 0 
7fcf94000000-7fcf94217000 rw-p 00000000 00:00 0 
7fcf94217000-7fcf98000000 ---p 00000000 00:00 0 
7fcf98000000-7fcf98204000 rw-p 00000000 00:00 0 
7fcf98204000-7fcf9c000000 ---p 00000000 00:00 0 
7fcf9c000000-7fcf9c021000 rw-p 00000000 00:00 0 
7fcf9c021000-7fcfa0000000 ---p 00000000 00:00 0 
7fcfa0000000-7fcfa02b6000 rw-p 00000000 00:00 0 
7fcfa02b6000-7fcfa4000000 ---p 00000000 00:00 0 
7fcfa4000000-7fcfa41c0000 rw-p 00000000 00:00 0 
7fcfa41c0000-7fcfa8000000 ---p 00000000 00:00 0 
7fcfa8000000-7fcfa8021000 rw-p 00000000 00:00 0 
7fcfa8021000-7fcfac000000 ---p 00000000 00:00 0 
7fcfac000000-7fcfac1cb000 rw-p 00000000 00:00 0 
7fcfac1cb000-7fcfb0000000 ---p 00000000 00:00 0 
7fcfb0000000-7fcfb0021000 rw-p 00000000 00:00 0 
7fcfb0021000-7fcfb4000000 ---p 00000000 00:00 0 
7fcfb4000000-7fcfb4021000 rw-p 00000000 00:00 0 
7fcfb4021000-7fcfb8000000 ---p 00000000 00:00 0 
7fcfb8000000-7fcfb8021000 rw-p 00000000 00:00 0 
7fcfb8021000-7fcfbc000000 ---p 00000000 00:00 0 
7fcfbc000000-7fcfbc021000 rw-p 00000000 00:00 0 
7fcfbc021000-7fcfc0000000 ---p 00000000 00:00 0 
7fcfc0000000-7fcfc0021000 rw-p 00000000 00:00 0 
7fcfc0021000-7fcfc4000000 ---p 00000000 00:00 0 
7fcfc5c00000-7fd030000000 rw-p 00000000 00:00 0 
7fd030000000-7fd030021000 rw-p 00000000 00:00 0 
7fd030021000-7fd034000000 ---p 00000000 00:00 0 
7fd034000000-7fd034021000 rw-p 00000000 00:00 0 
7fd034021000-7fd038000000 ---p 00000000 00:00 0 
7fd038000000-7fd038021000 rw-p 00000000 00:00 0 
7fd038021000-7fd03c000000 ---p 00000000 00:00 0 
7fd040000000-7fd040021000 rw-p 00000000 00:00 0 
7fd040021000-7fd044000000 ---p 00000000 00:00 0 
7fd047dda000-7fd047dfe000 r-xp 00000000 08:01 131142                     /tmp/LasZipLibrary-5925700472940198533.tmp
7fd047dfe000-7fd047ffd000 ---p 00024000 08:01 131142                     /tmp/LasZipLibrary-5925700472940198533.tmp
7fd047ffd000-7fd047fff000 r--p 00023000 08:01 131142                     /tmp/LasZipLibrary-5925700472940198533.tmp
7fd047fff000-7fd048000000 rw-p 00025000 08:01 131142                     /tmp/LasZipLibrary-5925700472940198533.tmp
7fd048000000-7fd048021000 rw-p 00000000 00:00 0 
7fd048021000-7fd04c000000 ---p 00000000 00:00 0 
7fd04c1f4000-7fd04c1f9000 r--s 00094000 08:03 107611371                  /home/calcul/Téléchargements/jdk1.8.0_40/jre/lib/jsse.jar
7fd04c1f9000-7fd04c215000 r--s 00393000 08:03 107611383                  /home/calcul/Téléchargements/jdk1.8.0_40/jre/lib/ext/cldrdata.jar
7fd04c215000-7fd04c2d5000 rw-p 00000000 00:00 0 
7fd04c2d5000-7fd04c415000 ---p 00000000 00:00 0 
7fd04c415000-7fd04c427000 r--s 000d8000 08:03 110627261                  /home/calcul/Documents/Julien/VoxeLidar/trunk/VoxeLidarGUIFX/target/lib/controlsfx-8.20.8.jar
7fd04c427000-7fd04c438000 r--s 0016e000 08:03 110625118                  /home/calcul/Documents/Julien/VoxeLidar/trunk/VoxeLidarGUIFX/target/lib/jfreechart-1.0.19.jar
7fd04c438000-7fd04c47d000 r--s 0068d000 08:03 110625170                  /home/calcul/Documents/Julien/VoxeLidar/trunk/VoxeLidarGUIFX/target/lib/gdx-tools-1.1.0.jar
7fd04c47d000-7fd04c48c000 r--s 000ab000 08:03 110627259                  /home/calcul/Documents/Julien/VoxeLidar/trunk/VoxeLidarGUIFX/target/lib/commons-math-2.0.jar
7fd04c48c000-7fd04c48f000 ---p 00000000 00:00 0 
7fd04c48f000-7fd04c58d000 rw-p 00000000 00:00 0                          [stack:19098]
7fd04c58d000-7fd04c60d000 rw-s 324c74000 00:05 12468                     /dev/dri/card0
7fd04c60d000-7fd04c610000 ---p 00000000 00:00 0 
7fd04c610000-7fd04c70e000 rw-p 00000000 00:00 0                          [stack:19097]
7fd04c70e000-7fd04c70f000 ---p 00000000 00:00 0 
7fd04c70f000-7fd04cf0f000 rw-p 00000000 00:00 0                          [stack:19095]
7fd04cf0f000-7fd04cf10000 ---p 00000000 00:00 0 
7fd04cf10000-7fd04d710000 rw-p 00000000 00:00 0                          [stack:19094]
7fd04d710000-7fd04d71b000 r-xp 00000000 08:01 656478                     /usr/lib/x86_64-linux-gnu/gio/modules/libdconfsettings.so
7fd04d71b000-7fd04d91a000 ---p 0000b000 08:01 656478                     /usr/lib/x86_64-linux-gnu/gio/modules/libdconfsettings.so
7fd04d91a000-7fd04d91b000 r--p 0000a000 08:01 656478                     /usr/lib/x86_64-linux-gnu/gio/modules/libdconfsettings.so
7fd04d91b000-7fd04d91c000 rw-p 0000b000 08:01 656478                     /usr/lib/x86_64-linux-gnu/gio/modules/libdconfsettings.so
7fd04d91c000-7fd04d923000 r-xp 00000000 08:01 270532                     /usr/lib/x86_64-linux-gnu/libogg.so.0.8.1
7fd04d923000-7fd04db23000 ---p 00007000 08:01 270532                     /usr/lib/x86_64-linux-gnu/libogg.so.0.8.1
7fd04db23000-7fd04db24000 r--p 00007000 08:01 270532                     /usr/lib/x86_64-linux-gnu/libogg.so.0.8.1
7fd04db24000-7fd04db25000 rw-p 00008000 08:01 270532                     /usr/lib/x86_64-linux-gnu/libogg.so.0.8.1
7fd04db25000-7fd04db50000 r-xp 00000000 08:01 270763                     /usr/lib/x86_64-linux-gnu/libvorbis.so.0.4.5
7fd04db50000-7fd04dd50000 ---p 0002b000 08:01 270763                     /usr/lib/x86_64-linux-gnu/libvorbis.so.0.4.5
7fd04dd50000-7fd04dd51000 r--p 0002b000 08:01 270763                     /usr/lib/x86_64-linux-gnu/libvorbis.so.0.4.5
7fd04dd51000-7fd04dd52000 rw-p 0002c000 08:01 270763                     /usr/lib/x86_64-linux-gnu/libvorbis.so.0.4.5
7fd04dd52000-7fd04dd5b000 r-xp 00000000 08:01 270454                     /usr/lib/x86_64-linux-gnu/libltdl.so.7.3.0
7fd04dd5b000-7fd04df5a000 ---p 00009000 08:01 270454                     /usr/lib/x86_64-linux-gnu/libltdl.so.7.3.0
7fd04df5a000-7fd04df5b000 r--p 00008000 08:01 270454                     /usr/lib/x86_64-linux-gnu/libltdl.so.7.3.0
7fd04df5b000-7fd04df5c000 rw-p 00009000 08:01 270454                     /usr/lib/x86_64-linux-gnu/libltdl.so.7.3.0
7fd04df5c000-7fd04df6e000 r-xp 00000000 08:01 270696                     /usr/lib/x86_64-linux-gnu/libtdb.so.1.2.11
7fd04df6e000-7fd04e16d000 ---p 00012000 08:01 270696                     /usr/lib/x86_64-linux-gnu/libtdb.so.1.2.11
7fd04e16d000-7fd04e16e000 r--p 00011000 08:01 270696                     /usr/lib/x86_64-linux-gnu/libtdb.so.1.2.11
7fd04e16e000-7fd04e16f000 rw-p 00012000 08:01 270696                     /usr/lib/x86_64-linux-gnu/libtdb.so.1.2.11
7fd04e16f000-7fd04e176000 r-xp 00000000 08:01 270767                     /usr/lib/x86_64-linux-gnu/libvorbisfile.so.3.3.4
7fd04e176000-7fd04e375000 ---p 00007000 08:01 270767                     /usr/lib/x86_64-linux-gnu/libvorbisfile.so.3.3.4
7fd04e375000-7fd04e376000 r--p 00006000 08:01 270767                     /usr/lib/x86_64-linux-gnu/libvorbisfile.so.3.3.4
7fd04e376000-7fd04e377000 rw-p 00007000 08:01 270767                     /usr/lib/x86_64-linux-gnu/libvorbisfile.so.3.3.4
7fd04e377000-7fd04e386000 r-xp 00000000 08:01 269997                     /usr/lib/x86_64-linux-gnu/libcanberra.so.0.2.5
7fd04e386000-7fd04e585000 ---p 0000f000 08:01 269997                     /usr/lib/x86_64-linux-gnu/libcanberra.so.0.2.5
7fd04e585000-7fd04e586000 r--p 0000e000 08:01 269997                     /usr/lib/x86_64-linux-gnu/libcanberra.so.0.2.5
7fd04e586000-7fd04e587000 rw-p 0000f000 08:01 269997                     /usr/lib/x86_64-linux-gnu/libcanberra.so.0.2.5
7fd04e587000-7fd04e58b000 r-xp 00000000 08:01 269993                     /usr/lib/x86_64-linux-gnu/libcanberra-gtk.so.0.1.9
7fd04e58b000-7fd04e78a000 ---p 00004000 08:01 269993                     /usr/lib/x86_64-linux-gnu/libcanberra-gtk.so.0.1.9
7fd04e78a000-7fd04e78b000 r--p 00003000 08:01 269993                     /usr/lib/x86_64-linux-gnu/libcanberra-gtk.so.0.1.9
7fd04e78b000-7fd04e78c000 rw-p 00004000 08:01 269993                     /usr/lib/x86_64-linux-gnu/libcanberra-gtk.so.0.1.9
7fd04e78c000-7fd04e791000 r-xp 00000000 08:01 656734                     /usr/lib/x86_64-linux-gnu/gtk-2.0/modules/libcanberra-gtk-module.so
7fd04e791000-7fd04e990000 ---p 00005000 08:01 656734                     /usr/lib/x86_64-linux-gnu/gtk-2.0/modules/libcanberra-gtk-module.so
7fd04e990000-7fd04e991000 r--p 00004000 08:01 656734                     /usr/lib/x86_64-linux-gnu/gtk-2.0/modules/libcanberra-gtk-module.so
7fd04e991000-7fd04e992000 rw-p 00005000 08:01 656734                     /usr/lib/x86_64-linux-gnu/gtk-2.0/modules/libcanberra-gtk-module.so
7fd04e992000-7fd04fed5000 r-xp 00000000 08:01 269745                     /usr/lib/x86_64-linux-gnu/libLLVM-3.3.so.1
7fd04fed5000-7fd04fed6000 ---p 01543000 08:01 269745                     /usr/lib/x86_64-linux-gnu/libLLVM-3.3.so.1
7fd04fed6000-7fd04ffeb000 r--p 01543000 08:01 269745                     /usr/lib/x86_64-linux-gnu/libLLVM-3.3.so.1
7fd04ffeb000-7fd04ffed000 rw-p 01658000 08:01 269745                     /usr/lib/x86_64-linux-gnu/libLLVM-3.3.so.1
7fd04ffed000-7fd050000000 rw-p 00000000 00:00 0 
7fd050000000-7fd050021000 rw-p 00000000 00:00 0 
7fd050021000-7fd054000000 ---p 00000000 00:00 0 
7fd054000000-7fd054002000 rw-p 00000000 00:00 0 
7fd054002000-7fd05400d000 r--s 00116000 08:03 107611377                  /home/calcul/Téléchargements/jdk1.8.0_40/jre/lib/ext/localedata.jar
7fd05400d000-7fd054016000 r--s 0006f000 08:03 110625124                  /home/calcul/Documents/Julien/VoxeLidar/trunk/VoxeLidarGUIFX/target/lib/log4j-1.2.17.jar
7fd054016000-7fd05402a000 r--s 000d1000 08:03 110627263                  /home/calcul/Documents/Julien/VoxeLidar/trunk/VoxeLidarGUIFX/target/lib/guava-r05.jar
7fd05402a000-7fd054059000 r-xp 00000000 08:01 656716                     /usr/lib/x86_64-linux-gnu/gtk-2.0/2.10.0/engines/libmurrine.so
7fd054059000-7fd054259000 ---p 0002f000 08:01 656716                     /usr/lib/x86_64-linux-gnu/gtk-2.0/2.10.0/engines/libmurrine.so
7fd054259000-7fd05425a000 r--p 0002f000 08:01 656716                     /usr/lib/x86_64-linux-gnu/gtk-2.0/2.10.0/engines/libmurrine.so
7fd05425a000-7fd05425b000 rw-p 00030000 08:01 656716                     /usr/lib/x86_64-linux-gnu/gtk-2.0/2.10.0/engines/libmurrine.so
7fd05425b000-7fd05426c000 r-xp 00000000 08:01 656737                     /usr/lib/x86_64-linux-gnu/gtk-2.0/modules/liboverlay-scrollbar.so
7fd05426c000-7fd05446b000 ---p 00011000 08:01 656737                     /usr/lib/x86_64-linux-gnu/gtk-2.0/modules/liboverlay-scrollbar.so
7fd05446b000-7fd05446c000 r--p 00010000 08:01 656737                     /usr/lib/x86_64-linux-gnu/gtk-2.0/modules/liboverlay-scrollbar.so
7fd05446c000-7fd05446d000 rw-p 00011000 08:01 656737                     /usr/lib/x86_64-linux-gnu/gtk-2.0/modules/liboverlay-scrollbar.so
7fd05446d000-7fd054498000 r-xp 00000000 08:03 107611297                  /home/calcul/Téléchargements/jdk1.8.0_40/jre/lib/amd64/libglass.so
7fd054498000-7fd054697000 ---p 0002b000 08:03 107611297                  /home/calcul/Téléchargements/jdk1.8.0_40/jre/lib/amd64/libglass.so
7fd054697000-7fd054699000 r--p 0002a000 08:03 107611297                  /home/calcul/Téléchargements/jdk1.8.0_40/jre/lib/amd64/libglass.so
7fd054699000-7fd05469a000 rw-p 0002c000 08:03 107611297                  /home/calcul/Téléchargements/jdk1.8.0_40/jre/lib/amd64/libglass.so
7fd05469a000-7fd05469b000 rw-p 00000000 00:00 0 
7fd05469b000-7fd0546cd000 r-xp 00000000 08:01 270722                     /usr/lib/x86_64-linux-gnu/libtxc_dxtn_s2tc.so.0.0.0
7fd0546cd000-7fd0548cc000 ---p 00032000 08:01 270722                     /usr/lib/x86_64-linux-gnu/libtxc_dxtn_s2tc.so.0.0.0
7fd0548cc000-7fd0548cd000 r--p 00031000 08:01 270722                     /usr/lib/x86_64-linux-gnu/libtxc_dxtn_s2tc.so.0.0.0
7fd0548cd000-7fd0548ce000 rw-p 00032000 08:01 270722                     /usr/lib/x86_64-linux-gnu/libtxc_dxtn_s2tc.so.0.0.0
7fd0548ce000-7fd0548d3000 r-xp 00000000 08:01 268846                     /usr/lib/x86_64-linux-gnu/libdrm_nouveau.so.2.0.0
7fd0548d3000-7fd054ad2000 ---p 00005000 08:01 268846                     /usr/lib/x86_64-linux-gnu/libdrm_nouveau.so.2.0.0
7fd054ad2000-7fd054ad3000 r--p 00004000 08:01 268846                     /usr/lib/x86_64-linux-gnu/libdrm_nouveau.so.2.0.0
7fd054ad3000-7fd054ad4000 rw-p 00005000 08:01 268846                     /usr/lib/x86_64-linux-gnu/libdrm_nouveau.so.2.0.0
7fd054ad4000-7fd054cf2000 r-xp 00000000 08:01 270170                     /usr/lib/x86_64-linux-gnu/libgallium.so.0.0.0
7fd054cf2000-7fd054ef1000 ---p 0021e000 08:01 270170                     /usr/lib/x86_64-linux-gnu/libgallium.so.0.0.0
7fd054ef1000-7fd054f02000 r--p 0021d000 08:01 270170                     /usr/lib/x86_64-linux-gnu/libgallium.so.0.0.0
7fd054f02000-7fd054f05000 rw-p 0022e000 08:01 270170                     /usr/lib/x86_64-linux-gnu/libgallium.so.0.0.0
7fd054f05000-7fd0550cd000 rw-p 00000000 00:00 0 
7fd0550cd000-7fd05548b000 r-xp 00000000 08:01 270081                     /usr/lib/x86_64-linux-gnu/libdricore9.2.1.so.1.0.0
7fd05548b000-7fd05568a000 ---p 003be000 08:01 270081                     /usr/lib/x86_64-linux-gnu/libdricore9.2.1.so.1.0.0
7fd05568a000-7fd05569a000 r--p 003bd000 08:01 270081                     /usr/lib/x86_64-linux-gnu/libdricore9.2.1.so.1.0.0
7fd05569a000-7fd0556a2000 rw-p 003cd000 08:01 270081                     /usr/lib/x86_64-linux-gnu/libdricore9.2.1.so.1.0.0
7fd0556a2000-7fd0556ba000 rw-p 00000000 00:00 0 
7fd0556ba000-7fd05580c000 r-xp 00000000 08:01 655813                     /usr/lib/x86_64-linux-gnu/dri/nouveau_dri.so
7fd05580c000-7fd055a0b000 ---p 00152000 08:01 655813                     /usr/lib/x86_64-linux-gnu/dri/nouveau_dri.so
7fd055a0b000-7fd055a0e000 r--p 00151000 08:01 655813                     /usr/lib/x86_64-linux-gnu/dri/nouveau_dri.so
7fd055a0e000-7fd055a10000 rw-p 00154000 08:01 655813                     /usr/lib/x86_64-linux-gnu/dri/nouveau_dri.so
7fd055a10000-7fd055a12000 rw-p 00000000 00:00 0 
7fd055a12000-7fd055a18000 r-xp 00000000 08:01 270058                     /usr/lib/x86_64-linux-gnu/libdatrie.so.1.2.0
7fd055a18000-7fd055c17000 ---p 00006000 08:01 270058                     /usr/lib/x86_64-linux-gnu/libdatrie.so.1.2.0
7fd055c17000-7fd055c18000 r--p 00005000 08:01 270058                     /usr/lib/x86_64-linux-gnu/libdatrie.so.1.2.0
7fd055c18000-7fd055c19000 rw-p 00006000 08:01 270058                     /usr/lib/x86_64-linux-gnu/libdatrie.so.1.2.0
7fd055c19000-7fd055c1e000 r-xp 00000000 08:01 269880                     /usr/lib/x86_64-linux-gnu/libXdmcp.so.6.0.0
7fd055c1e000-7fd055e1d000 ---p 00005000 08:01 269880                     /usr/lib/x86_64-linux-gnu/libXdmcp.so.6.0.0
7fd055e1d000-7fd055e1e000 r--p 00004000 08:01 269880                     /usr/lib/x86_64-linux-gnu/libXdmcp.so.6.0.0
7fd055e1e000-7fd055e1f000 rw-p 00005000 08:01 269880                     /usr/lib/x86_64-linux-gnu/libXdmcp.so.6.0.0
7fd055e1f000-7fd055e21000 r-xp 00000000 08:01 269869                     /usr/lib/x86_64-linux-gnu/libXau.so.6.0.0
7fd055e21000-7fd056021000 ---p 00002000 08:01 269869                     /usr/lib/x86_64-linux-gnu/libXau.so.6.0.0
7fd056021000-7fd056022000 r--p 00002000 08:01 269869                     /usr/lib/x86_64-linux-gnu/libXau.so.6.0.0
7fd056022000-7fd056023000 rw-p 00003000 08:01 269869                     /usr/lib/x86_64-linux-gnu/libXau.so.6.0.0
7fd056023000-7fd05603b000 r-xp 00000000 08:01 270266                     /usr/lib/x86_64-linux-gnu/libgraphite2.so.3.0.1
7fd05603b000-7fd05623a000 ---p 00018000 08:01 270266                     /usr/lib/x86_64-linux-gnu/libgraphite2.so.3.0.1
7fd05623a000-7fd05623c000 r--p 00017000 08:01 270266                     /usr/lib/x86_64-linux-gnu/libgraphite2.so.3.0.1
7fd05623c000-7fd05623d000 rw-p 00019000 08:01 270266                     /usr/lib/x86_64-linux-gnu/libgraphite2.so.3.0.1
7fd05623d000-7fd056248000 r-xp 00000000 08:01 269859                     /usr/lib/x86_64-linux-gnu/libdrm.so.2.4.0
7fd056248000-7fd056447000 ---p 0000b000 08:01 269859                     /usr/lib/x86_64-linux-gnu/libdrm.so.2.4.0
7fd056447000-7fd056448000 r--p 0000a000 08:01 269859                     /usr/lib/x86_64-linux-gnu/libdrm.so.2.4.0
7fd056448000-7fd056449000 rw-p 0000b000 08:01 269859                     /usr/lib/x86_64-linux-gnu/libdrm.so.2.4.0
7fd056449000-7fd05644c000 r-xp 00000000 08:01 270795                     /usr/lib/x86_64-linux-gnu/libxcb-dri2.so.0.0.0
7fd05644c000-7fd05664c000 ---p 00003000 08:01 270795                     /usr/lib/x86_64-linux-gnu/libxcb-dri2.so.0.0.0
7fd05664c000-7fd05664d000 r--p 00003000 08:01 270795                     /usr/lib/x86_64-linux-gnu/libxcb-dri2.so.0.0.0
7fd05664d000-7fd05664e000 rw-p 00004000 08:01 270795                     /usr/lib/x86_64-linux-gnu/libxcb-dri2.so.0.0.0
7fd05664e000-7fd056663000 r-xp 00000000 08:01 270797                     /usr/lib/x86_64-linux-gnu/libxcb-glx.so.0.0.0
7fd056663000-7fd056862000 ---p 00015000 08:01 270797                     /usr/lib/x86_64-linux-gnu/libxcb-glx.so.0.0.0
7fd056862000-7fd056864000 r--p 00014000 08:01 270797                     /usr/lib/x86_64-linux-gnu/libxcb-glx.so.0.0.0
7fd056864000-7fd056865000 rw-p 00016000 08:01 270797                     /usr/lib/x86_64-linux-gnu/libxcb-glx.so.0.0.0
7fd056865000-7fd056866000 r-xp 00000000 08:01 269863                     /usr/lib/x86_64-linux-gnu/libX11-xcb.so.1.0.0
7fd056866000-7fd056a65000 ---p 00001000 08:01 269863                     /usr/lib/x86_64-linux-gnu/libX11-xcb.so.1.0.0
7fd056a65000-7fd056a66000 r--p 00000000 08:01 269863                     /usr/lib/x86_64-linux-gnu/libX11-xcb.so.1.0.0
7fd056a66000-7fd056a67000 rw-p 00001000 08:01 269863                     /usr/lib/x86_64-linux-gnu/libX11-xcb.so.1.0.0
7fd056a67000-7fd056a88000 r-xp 00000000 08:01 270224                     /usr/lib/x86_64-linux-gnu/libglapi.so.0.0.0
7fd056a88000-7fd056c88000 ---p 00021000 08:01 270224                     /usr/lib/x86_64-linux-gnu/libglapi.so.0.0.0
7fd056c88000-7fd056c8b000 r--p 00021000 08:01 270224                     /usr/lib/x86_64-linux-gnu/libglapi.so.0.0.0
7fd056c8b000-7fd056c8c000 rw-p 00024000 08:01 270224                     /usr/lib/x86_64-linux-gnu/libglapi.so.0.0.0
7fd056c8c000-7fd056c8d000 rw-p 00000000 00:00 0 
7fd056c8d000-7fd056cca000 r-xp 00000000 08:01 2363280                    /lib/x86_64-linux-gnu/libpcre.so.3.13.1
7fd056cca000-7fd056eca000 ---p 0003d000 08:01 2363280                    /lib/x86_64-linux-gnu/libpcre.so.3.13.1
7fd056eca000-7fd056ecb000 r--p 0003d000 08:01 2363280                    /lib/x86_64-linux-gnu/libpcre.so.3.13.1
7fd056ecb000-7fd056ecc000 rw-p 0003e000 08:01 2363280                    /lib/x86_64-linux-gnu/libpcre.so.3.13.1
7fd056ecc000-7fd056ed3000 r-xp 00000000 08:01 270117                     /usr/lib/x86_64-linux-gnu/libffi.so.6.0.1
7fd056ed3000-7fd0570d2000 ---p 00007000 08:01 270117                     /usr/lib/x86_64-linux-gnu/libffi.so.6.0.1
7fd0570d2000-7fd0570d3000 r--p 00006000 08:01 270117                     /usr/lib/x86_64-linux-gnu/libffi.so.6.0.1
7fd0570d3000-7fd0570d4000 rw-p 00007000 08:01 270117                     /usr/lib/x86_64-linux-gnu/libffi.so.6.0.1
7fd0570d4000-7fd0570fb000 r-xp 00000000 08:01 2363202                    /lib/x86_64-linux-gnu/libexpat.so.1.6.0
7fd0570fb000-7fd0572fb000 ---p 00027000 08:01 2363202                    /lib/x86_64-linux-gnu/libexpat.so.1.6.0
7fd0572fb000-7fd0572fd000 r--p 00027000 08:01 2363202                    /lib/x86_64-linux-gnu/libexpat.so.1.6.0
7fd0572fd000-7fd0572fe000 rw-p 00029000 08:01 2363202                    /lib/x86_64-linux-gnu/libexpat.so.1.6.0
7fd0572fe000-7fd057306000 r-xp 00000000 08:01 270706                     /usr/lib/x86_64-linux-gnu/libthai.so.0.2.0
7fd057306000-7fd057505000 ---p 00008000 08:01 270706                     /usr/lib/x86_64-linux-gnu/libthai.so.0.2.0
7fd057505000-7fd057506000 r--p 00007000 08:01 270706                     /usr/lib/x86_64-linux-gnu/libthai.so.0.2.0
7fd057506000-7fd057507000 rw-p 00008000 08:01 270706                     /usr/lib/x86_64-linux-gnu/libthai.so.0.2.0
7fd057507000-7fd057524000 r-xp 00000000 08:01 270821                     /usr/lib/x86_64-linux-gnu/libxcb.so.1.1.0
7fd057524000-7fd057723000 ---p 0001d000 08:01 270821                     /usr/lib/x86_64-linux-gnu/libxcb.so.1.1.0
7fd057723000-7fd057724000 r--p 0001c000 08:01 270821                     /usr/lib/x86_64-linux-gnu/libxcb.so.1.1.0
7fd057724000-7fd057725000 rw-p 0001d000 08:01 270821                     /usr/lib/x86_64-linux-gnu/libxcb.so.1.1.0
7fd057725000-7fd05772d000 r-xp 00000000 08:01 270809                     /usr/lib/x86_64-linux-gnu/libxcb-render.so.0.0.0
7fd05772d000-7fd05792c000 ---p 00008000 08:01 270809                     /usr/lib/x86_64-linux-gnu/libxcb-render.so.0.0.0
7fd05792c000-7fd05792d000 r--p 00007000 08:01 270809                     /usr/lib/x86_64-linux-gnu/libxcb-render.so.0.0.0
7fd05792d000-7fd05792e000 rw-p 00008000 08:01 270809                     /usr/lib/x86_64-linux-gnu/libxcb-render.so.0.0.0
7fd05792e000-7fd057930000 r-xp 00000000 08:01 270813                     /usr/lib/x86_64-linux-gnu/libxcb-shm.so.0.0.0
7fd057930000-7fd057b2f000 ---p 00002000 08:01 270813                     /usr/lib/x86_64-linux-gnu/libxcb-shm.so.0.0.0
7fd057b2f000-7fd057b30000 r--p 00001000 08:01 270813                     /usr/lib/x86_64-linux-gnu/libxcb-shm.so.0.0.0
7fd057b30000-7fd057b31000 rw-p 00002000 08:01 270813                     /usr/lib/x86_64-linux-gnu/libxcb-shm.so.0.0.0
7fd057b31000-7fd057b56000 r-xp 00000000 08:01 2363292                    /lib/x86_64-linux-gnu/libpng12.so.0.49.0
7fd057b56000-7fd057d55000 ---p 00025000 08:01 2363292                    /lib/x86_64-linux-gnu/libpng12.so.0.49.0
7fd057d55000-7fd057d56000 r--p 00024000 08:01 2363292                    /lib/x86_64-linux-gnu/libpng12.so.0.49.0
7fd057d56000-7fd057d57000 rw-p 00025000 08:01 2363292                    /lib/x86_64-linux-gnu/libpng12.so.0.49.0
7fd057d57000-7fd057df8000 r-xp 00000000 08:01 268866                     /usr/lib/x86_64-linux-gnu/libpixman-1.so.0.30.2
7fd057df8000-7fd057ff8000 ---p 000a1000 08:01 268866                     /usr/lib/x86_64-linux-gnu/libpixman-1.so.0.30.2
7fd057ff8000-7fd057fff000 r--p 000a1000 08:01 268866                     /usr/lib/x86_64-linux-gnu/libpixman-1.so.0.30.2
7fd057fff000-7fd058000000 rw-p 000a8000 08:01 268866                     /usr/lib/x86_64-linux-gnu/libpixman-1.so.0.30.2
7fd058000000-7fd058021000 rw-p 00000000 00:00 0 
7fd058021000-7fd05c000000 ---p 00000000 00:00 0 
7fd05c000000-7fd05c001000 rw-p 00000000 00:00 0 
7fd05c001000-7fd05c007000 r--s 0004b000 08:03 110625169                  /home/calcul/Documents/Julien/VoxeLidar/trunk/VoxeLidarGUIFX/target/lib/jcommon-1.0.23.jar
7fd05c007000-7fd05c015000 r--s 0007f000 08:03 110625166                  /home/calcul/Documents/Julien/VoxeLidar/trunk/VoxeLidarGUIFX/target/lib/commons-collections-3.2.1.jar
7fd05c015000-7fd05c039000 r--s 00306000 08:03 110627280                  /home/calcul/Documents/Julien/VoxeLidar/trunk/VoxeLidarGUIFX/target/lib/jogl-all-2.3.0.jar
7fd05c039000-7fd05c0b9000 rw-s 3243bd000 00:05 12468                     /dev/dri/card0
7fd05c0b9000-7fd05c109000 r-xp 00000000 08:01 270374                     /usr/lib/x86_64-linux-gnu/libharfbuzz.so.0.919.0
7fd05c109000-7fd05c309000 ---p 00050000 08:01 270374                     /usr/lib/x86_64-linux-gnu/libharfbuzz.so.0.919.0
7fd05c309000-7fd05c30a000 r--p 00050000 08:01 270374                     /usr/lib/x86_64-linux-gnu/libharfbuzz.so.0.919.0
7fd05c30a000-7fd05c30b000 rw-p 00051000 08:01 270374                     /usr/lib/x86_64-linux-gnu/libharfbuzz.so.0.919.0
7fd05c30b000-7fd05c321000 r-xp 00000000 08:01 2363303                    /lib/x86_64-linux-gnu/libresolv-2.17.so
7fd05c321000-7fd05c521000 ---p 00016000 08:01 2363303                    /lib/x86_64-linux-gnu/libresolv-2.17.so
7fd05c521000-7fd05c522000 r--p 00016000 08:01 2363303                    /lib/x86_64-linux-gnu/libresolv-2.17.so
7fd05c522000-7fd05c523000 rw-p 00017000 08:01 2363303                    /lib/x86_64-linux-gnu/libresolv-2.17.so
7fd05c523000-7fd05c525000 rw-p 00000000 00:00 0 
7fd05c525000-7fd05c544000 r-xp 00000000 08:01 2363307                    /lib/x86_64-linux-gnu/libselinux.so.1
7fd05c544000-7fd05c744000 ---p 0001f000 08:01 2363307                    /lib/x86_64-linux-gnu/libselinux.so.1
7fd05c744000-7fd05c745000 r--p 0001f000 08:01 2363307                    /lib/x86_64-linux-gnu/libselinux.so.1
7fd05c745000-7fd05c746000 rw-p 00020000 08:01 2363307                    /lib/x86_64-linux-gnu/libselinux.so.1
7fd05c746000-7fd05c747000 rw-p 00000000 00:00 0 
7fd05c747000-7fd05c75f000 r-xp 00000000 08:01 2363340                    /lib/x86_64-linux-gnu/libz.so.1.2.8
7fd05c75f000-7fd05c95e000 ---p 00018000 08:01 2363340                    /lib/x86_64-linux-gnu/libz.so.1.2.8
7fd05c95e000-7fd05c95f000 r--p 00017000 08:01 2363340                    /lib/x86_64-linux-gnu/libz.so.1.2.8
7fd05c95f000-7fd05c960000 rw-p 00018000 08:01 2363340                    /lib/x86_64-linux-gnu/libz.so.1.2.8
7fd05c960000-7fd05c971000 r-xp 00000000 08:01 269882                     /usr/lib/x86_64-linux-gnu/libXext.so.6.4.0
7fd05c971000-7fd05cb70000 ---p 00011000 08:01 269882                     /usr/lib/x86_64-linux-gnu/libXext.so.6.4.0
7fd05cb70000-7fd05cb71000 r--p 00010000 08:01 269882                     /usr/lib/x86_64-linux-gnu/libXext.so.6.4.0
7fd05cb71000-7fd05cb72000 rw-p 00011000 08:01 269882                     /usr/lib/x86_64-linux-gnu/libXext.so.6.4.0
7fd05cb72000-7fd05cb74000 r-xp 00000000 08:01 269878                     /usr/lib/x86_64-linux-gnu/libXdamage.so.1.1.0
7fd05cb74000-7fd05cd73000 ---p 00002000 08:01 269878                     /usr/lib/x86_64-linux-gnu/libXdamage.so.1.1.0
7fd05cd73000-7fd05cd74000 r--p 00001000 08:01 269878                     /usr/lib/x86_64-linux-gnu/libXdamage.so.1.1.0
7fd05cd74000-7fd05cd75000 rw-p 00002000 08:01 269878                     /usr/lib/x86_64-linux-gnu/libXdamage.so.1.1.0
7fd05cd75000-7fd05cd77000 r-xp 00000000 08:01 269874                     /usr/lib/x86_64-linux-gnu/libXcomposite.so.1.0.0
7fd05cd77000-7fd05cf76000 ---p 00002000 08:01 269874                     /usr/lib/x86_64-linux-gnu/libXcomposite.so.1.0.0
7fd05cf76000-7fd05cf77000 r--p 00001000 08:01 269874                     /usr/lib/x86_64-linux-gnu/libXcomposite.so.1.0.0
7fd05cf77000-7fd05cf78000 rw-p 00002000 08:01 269874                     /usr/lib/x86_64-linux-gnu/libXcomposite.so.1.0.0
7fd05cf78000-7fd05cf81000 r-xp 00000000 08:01 269876                     /usr/lib/x86_64-linux-gnu/libXcursor.so.1.0.2
7fd05cf81000-7fd05d180000 ---p 00009000 08:01 269876                     /usr/lib/x86_64-linux-gnu/libXcursor.so.1.0.2
7fd05d180000-7fd05d181000 r--p 00008000 08:01 269876                     /usr/lib/x86_64-linux-gnu/libXcursor.so.1.0.2
7fd05d181000-7fd05d182000 rw-p 00009000 08:01 269876                     /usr/lib/x86_64-linux-gnu/libXcursor.so.1.0.2
7fd05d182000-7fd05d18b000 r-xp 00000000 08:01 269902                     /usr/lib/x86_64-linux-gnu/libXrandr.so.2.2.0
7fd05d18b000-7fd05d38a000 ---p 00009000 08:01 269902                     /usr/lib/x86_64-linux-gnu/libXrandr.so.2.2.0
7fd05d38a000-7fd05d38b000 r--p 00008000 08:01 269902                     /usr/lib/x86_64-linux-gnu/libXrandr.so.2.2.0
7fd05d38b000-7fd05d38c000 rw-p 00009000 08:01 269902                     /usr/lib/x86_64-linux-gnu/libXrandr.so.2.2.0
7fd05d38c000-7fd05d39b000 r-xp 00000000 08:01 269890                     /usr/lib/x86_64-linux-gnu/libXi.so.6.1.0
7fd05d39b000-7fd05d59a000 ---p 0000f000 08:01 269890                     /usr/lib/x86_64-linux-gnu/libXi.so.6.1.0
7fd05d59a000-7fd05d59b000 r--p 0000e000 08:01 269890                     /usr/lib/x86_64-linux-gnu/libXi.so.6.1.0
7fd05d59b000-7fd05d59c000 rw-p 0000f000 08:01 269890                     /usr/lib/x86_64-linux-gnu/libXi.so.6.1.0
7fd05d59c000-7fd05d59e000 r-xp 00000000 08:01 269892                     /usr/lib/x86_64-linux-gnu/libXinerama.so.1.0.0
7fd05d59e000-7fd05d79d000 ---p 00002000 08:01 269892                     /usr/lib/x86_64-linux-gnu/libXinerama.so.1.0.0
7fd05d79d000-7fd05d79e000 r--p 00001000 08:01 269892                     /usr/lib/x86_64-linux-gnu/libXinerama.so.1.0.0
7fd05d79e000-7fd05d79f000 rw-p 00002000 08:01 269892                     /usr/lib/x86_64-linux-gnu/libXinerama.so.1.0.0
7fd05d79f000-7fd05d7a8000 r-xp 00000000 08:01 269904                     /usr/lib/x86_64-linux-gnu/libXrender.so.1.3.0
7fd05d7a8000-7fd05d9a7000 ---p 00009000 08:01 269904                     /usr/lib/x86_64-linux-gnu/libXrender.so.1.3.0
7fd05d9a7000-7fd05d9a8000 r--p 00008000 08:01 269904                     /usr/lib/x86_64-linux-gnu/libXrender.so.1.3.0
7fd05d9a8000-7fd05d9a9000 rw-p 00009000 08:01 269904                     /usr/lib/x86_64-linux-gnu/libXrender.so.1.3.0
7fd05d9a9000-7fd05d9ae000 r-xp 00000000 08:01 269884                     /usr/lib/x86_64-linux-gnu/libXfixes.so.3.1.0
7fd05d9ae000-7fd05dbad000 ---p 00005000 08:01 269884                     /usr/lib/x86_64-linux-gnu/libXfixes.so.3.1.0
7fd05dbad000-7fd05dbae000 r--p 00004000 08:01 269884                     /usr/lib/x86_64-linux-gnu/libXfixes.so.3.1.0
7fd05dbae000-7fd05dbaf000 rw-p 00005000 08:01 269884                     /usr/lib/x86_64-linux-gnu/libXfixes.so.3.1.0
7fd05dbaf000-7fd05dbc4000 r-xp 00000000 08:01 2359301                    /lib/x86_64-linux-gnu/libgcc_s.so.1
7fd05dbc4000-7fd05ddc3000 ---p 00015000 08:01 2359301                    /lib/x86_64-linux-gnu/libgcc_s.so.1
7fd05ddc3000-7fd05ddc4000 r--p 00014000 08:01 2359301                    /lib/x86_64-linux-gnu/libgcc_s.so.1
7fd05ddc4000-7fd05ddc5000 rw-p 00015000 08:01 2359301                    /lib/x86_64-linux-gnu/libgcc_s.so.1
7fd05ddc5000-7fd05deab000 r-xp 00000000 08:01 266401                     /usr/lib/x86_64-linux-gnu/libstdc++.so.6.0.18
7fd05deab000-7fd05e0aa000 ---p 000e6000 08:01 266401                     /usr/lib/x86_64-linux-gnu/libstdc++.so.6.0.18
7fd05e0aa000-7fd05e0b2000 r--p 000e5000 08:01 266401                     /usr/lib/x86_64-linux-gnu/libstdc++.so.6.0.18
7fd05e0b2000-7fd05e0b4000 rw-p 000ed000 08:01 266401                     /usr/lib/x86_64-linux-gnu/libstdc++.so.6.0.18
7fd05e0b4000-7fd05e0c9000 rw-p 00000000 00:00 0 
7fd05e0c9000-7fd05e123000 r-xp 00000000 08:01 656915                     /usr/lib/x86_64-linux-gnu/mesa/libGL.so.1.2.0
7fd05e123000-7fd05e323000 ---p 0005a000 08:01 656915                     /usr/lib/x86_64-linux-gnu/mesa/libGL.so.1.2.0
7fd05e323000-7fd05e325000 r--p 0005a000 08:01 656915                     /usr/lib/x86_64-linux-gnu/mesa/libGL.so.1.2.0
7fd05e325000-7fd05e326000 rw-p 0005c000 08:01 656915                     /usr/lib/x86_64-linux-gnu/mesa/libGL.so.1.2.0
7fd05e326000-7fd05e327000 rw-p 00000000 00:00 0 
7fd05e327000-7fd05e32b000 r-xp 00000000 08:01 269914                     /usr/lib/x86_64-linux-gnu/libXxf86vm.so.1.0.0
7fd05e32b000-7fd05e52b000 ---p 00004000 08:01 269914                     /usr/lib/x86_64-linux-gnu/libXxf86vm.so.1.0.0
7fd05e52b000-7fd05e52c000 r--p 00004000 08:01 269914                     /usr/lib/x86_64-linux-gnu/libXxf86vm.so.1.0.0
7fd05e52c000-7fd05e52d000 rw-p 00005000 08:01 269914                     /usr/lib/x86_64-linux-gnu/libXxf86vm.so.1.0.0
7fd05e52d000-7fd05e65d000 r-xp 00000000 08:01 269865                     /usr/lib/x86_64-linux-gnu/libX11.so.6.3.0
7fd05e65d000-7fd05e85d000 ---p 00130000 08:01 269865                     /usr/lib/x86_64-linux-gnu/libX11.so.6.3.0
7fd05e85d000-7fd05e85e000 r--p 00130000 08:01 269865                     /usr/lib/x86_64-linux-gnu/libX11.so.6.3.0
7fd05e85e000-7fd05e862000 rw-p 00131000 08:01 269865                     /usr/lib/x86_64-linux-gnu/libX11.so.6.3.0
7fd05e862000-7fd05e867000 r-xp 00000000 08:01 269908                     /usr/lib/x86_64-linux-gnu/libXtst.so.6.1.0
7fd05e867000-7fd05ea66000 ---p 00005000 08:01 269908                     /usr/lib/x86_64-linux-gnu/libXtst.so.6.1.0
7fd05ea66000-7fd05ea67000 r--p 00004000 08:01 269908                     /usr/lib/x86_64-linux-gnu/libXtst.so.6.1.0
7fd05ea67000-7fd05ea68000 rw-p 00005000 08:01 269908                     /usr/lib/x86_64-linux-gnu/libXtst.so.6.1.0
7fd05ea68000-7fd05eb66000 r-xp 00000000 08:01 2363127                    /lib/x86_64-linux-gnu/libglib-2.0.so.0.3800.1
7fd05eb66000-7fd05ed66000 ---p 000fe000 08:01 2363127                    /lib/x86_64-linux-gnu/libglib-2.0.so.0.3800.1
7fd05ed66000-7fd05ed67000 r--p 000fe000 08:01 2363127                    /lib/x86_64-linux-gnu/libglib-2.0.so.0.3800.1
7fd05ed67000-7fd05ed68000 rw-p 000ff000 08:01 2363127                    /lib/x86_64-linux-gnu/libglib-2.0.so.0.3800.1
7fd05ed68000-7fd05ed69000 rw-p 00000000 00:00 0 
7fd05ed69000-7fd05ed6a000 r-xp 00000000 08:01 266608                     /usr/lib/x86_64-linux-gnu/libgthread-2.0.so.0.3800.1
7fd05ed6a000-7fd05ef69000 ---p 00001000 08:01 266608                     /usr/lib/x86_64-linux-gnu/libgthread-2.0.so.0.3800.1
7fd05ef69000-7fd05ef6a000 r--p 00000000 08:01 266608                     /usr/lib/x86_64-linux-gnu/libgthread-2.0.so.0.3800.1
7fd05ef6a000-7fd05ef6b000 rw-p 00001000 08:01 266608                     /usr/lib/x86_64-linux-gnu/libgthread-2.0.so.0.3800.1
7fd05ef6b000-7fd05ef6e000 r-xp 00000000 08:01 266609                     /usr/lib/x86_64-linux-gnu/libgmodule-2.0.so.0.3800.1
7fd05ef6e000-7fd05f16d000 ---p 00003000 08:01 266609                     /usr/lib/x86_64-linux-gnu/libgmodule-2.0.so.0.3800.1
7fd05f16d000-7fd05f16e000 r--p 00002000 08:01 266609                     /usr/lib/x86_64-linux-gnu/libgmodule-2.0.so.0.3800.1
7fd05f16e000-7fd05f16f000 rw-p 00003000 08:01 266609                     /usr/lib/x86_64-linux-gnu/libgmodule-2.0.so.0.3800.1
7fd05f16f000-7fd05f1be000 r-xp 00000000 08:01 262548                     /usr/lib/x86_64-linux-gnu/libgobject-2.0.so.0.3800.1
7fd05f1be000-7fd05f3be000 ---p 0004f000 08:01 262548                     /usr/lib/x86_64-linux-gnu/libgobject-2.0.so.0.3800.1
7fd05f3be000-7fd05f3bf000 r--p 0004f000 08:01 262548                     /usr/lib/x86_64-linux-gnu/libgobject-2.0.so.0.3800.1
7fd05f3bf000-7fd05f3c0000 rw-p 00050000 08:01 262548                     /usr/lib/x86_64-linux-gnu/libgobject-2.0.so.0.3800.1
7fd05f3c0000-7fd05f3f9000 r-xp 00000000 08:01 270131                     /usr/lib/x86_64-linux-gnu/libfontconfig.so.1.7.0
7fd05f3f9000-7fd05f5f9000 ---p 00039000 08:01 270131                     /usr/lib/x86_64-linux-gnu/libfontconfig.so.1.7.0
7fd05f5f9000-7fd05f5fb000 r--p 00039000 08:01 270131                     /usr/lib/x86_64-linux-gnu/libfontconfig.so.1.7.0
7fd05f5fb000-7fd05f5fc000 rw-p 0003b000 08:01 270131                     /usr/lib/x86_64-linux-gnu/libfontconfig.so.1.7.0
7fd05f5fc000-7fd05f698000 r-xp 00000000 08:01 262656                     /usr/lib/x86_64-linux-gnu/libfreetype.so.6.10.1
7fd05f698000-7fd05f898000 ---p 0009c000 08:01 262656                     /usr/lib/x86_64-linux-gnu/libfreetype.so.6.10.1
7fd05f898000-7fd05f89d000 r--p 0009c000 08:01 262656                     /usr/lib/x86_64-linux-gnu/libfreetype.so.6.10.1
7fd05f89d000-7fd05f89e000 rw-p 000a1000 08:01 262656                     /usr/lib/x86_64-linux-gnu/libfreetype.so.6.10.1
7fd05f89e000-7fd05f8e8000 r-xp 00000000 08:01 270548                     /usr/lib/x86_64-linux-gnu/libpango-1.0.so.0.3200.5
7fd05f8e8000-7fd05fae7000 ---p 0004a000 08:01 270548                     /usr/lib/x86_64-linux-gnu/libpango-1.0.so.0.3200.5
7fd05fae7000-7fd05fae9000 r--p 00049000 08:01 270548                     /usr/lib/x86_64-linux-gnu/libpango-1.0.so.0.3200.5
7fd05fae9000-7fd05faea000 rw-p 0004b000 08:01 270548                     /usr/lib/x86_64-linux-gnu/libpango-1.0.so.0.3200.5
7fd05faea000-7fd05fbee000 r-xp 00000000 08:01 269989                     /usr/lib/x86_64-linux-gnu/libcairo.so.2.11200.16
7fd05fbee000-7fd05fded000 ---p 00104000 08:01 269989                     /usr/lib/x86_64-linux-gnu/libcairo.so.2.11200.16
7fd05fded000-7fd05fdf0000 r--p 00103000 08:01 269989                     /usr/lib/x86_64-linux-gnu/libcairo.so.2.11200.16
7fd05fdf0000-7fd05fdf1000 rw-p 00106000 08:01 269989                     /usr/lib/x86_64-linux-gnu/libcairo.so.2.11200.16
7fd05fdf1000-7fd05fdf3000 rw-p 00000000 00:00 0 
7fd05fdf3000-7fd05fdfe000 r-xp 00000000 08:01 270550                     /usr/lib/x86_64-linux-gnu/libpangocairo-1.0.so.0.3200.5
7fd05fdfe000-7fd05fffe000 ---p 0000b000 08:01 270550                     /usr/lib/x86_64-linux-gnu/libpangocairo-1.0.so.0.3200.5
7fd05fffe000-7fd05ffff000 r--p 0000b000 08:01 270550                     /usr/lib/x86_64-linux-gnu/libpangocairo-1.0.so.0.3200.5
7fd05ffff000-7fd060000000 rw-p 0000c000 08:01 270550                     /usr/lib/x86_64-linux-gnu/libpangocairo-1.0.so.0.3200.5
7fd060000000-7fd060021000 rw-p 00000000 00:00 0 
7fd060021000-7fd064000000 ---p 00000000 00:00 0 
7fd064000000-7fd064002000 rw-p 00000000 00:00 0 
7fd064002000-7fd064005000 r--s 00022000 08:03 110625119                  /home/calcul/Documents/Julien/VoxeLidar/trunk/VoxeLidarGUIFX/target/lib/openjfx-dialogs-1.0.2.jar
7fd064005000-7fd064006000 r--s 0001c000 08:03 110627264                  /home/calcul/Documents/Julien/VoxeLidar/trunk/VoxeLidarGUIFX/target/lib/swing-layout-1.0.3.jar
7fd064006000-7fd064008000 r--s 00045000 08:03 110625126                  /home/calcul/Documents/Julien/VoxeLidar/trunk/VoxeLidarGUIFX/target/lib/vecmath-1.3.1.jar
7fd064008000-7fd06400b000 ---p 00000000 00:00 0 
7fd06400b000-7fd064109000 rw-p 00000000 00:00 0                          [stack:19096]
7fd064109000-7fd064160000 r--p 00000000 08:01 1325739                    /usr/share/glib-2.0/schemas/gschemas.compiled
7fd064160000-7fd06418b000 r--p 00000000 08:01 2103067                    /usr/share/locale-langpack/fr/LC_MESSAGES/gtk20-properties.mo
7fd06418b000-7fd0641aa000 r-xp 00000000 08:01 270198                     /usr/lib/x86_64-linux-gnu/libgdk_pixbuf-2.0.so.0.2800.1
7fd0641aa000-7fd0643a9000 ---p 0001f000 08:01 270198                     /usr/lib/x86_64-linux-gnu/libgdk_pixbuf-2.0.so.0.2800.1
7fd0643a9000-7fd0643aa000 r--p 0001e000 08:01 270198                     /usr/lib/x86_64-linux-gnu/libgdk_pixbuf-2.0.so.0.2800.1
7fd0643aa000-7fd0643ab000 rw-p 0001f000 08:01 270198                     /usr/lib/x86_64-linux-gnu/libgdk_pixbuf-2.0.so.0.2800.1
7fd0643ab000-7fd0643bf000 r-xp 00000000 08:01 270552                     /usr/lib/x86_64-linux-gnu/libpangoft2-1.0.so.0.3200.5
7fd0643bf000-7fd0645be000 ---p 00014000 08:01 270552                     /usr/lib/x86_64-linux-gnu/libpangoft2-1.0.so.0.3200.5
7fd0645be000-7fd0645bf000 r--p 00013000 08:01 270552                     /usr/lib/x86_64-linux-gnu/libpangoft2-1.0.so.0.3200.5
7fd0645bf000-7fd0645c0000 rw-p 00014000 08:01 270552                     /usr/lib/x86_64-linux-gnu/libpangoft2-1.0.so.0.3200.5
7fd0645c0000-7fd06471c000 r-xp 00000000 08:01 262529                     /usr/lib/x86_64-linux-gnu/libgio-2.0.so.0.3800.1
7fd06471c000-7fd06491b000 ---p 0015c000 08:01 262529                     /usr/lib/x86_64-linux-gnu/libgio-2.0.so.0.3800.1
7fd06491b000-7fd06491f000 r--p 0015b000 08:01 262529                     /usr/lib/x86_64-linux-gnu/libgio-2.0.so.0.3800.1
7fd06491f000-7fd064921000 rw-p 0015f000 08:01 262529                     /usr/lib/x86_64-linux-gnu/libgio-2.0.so.0.3800.1
7fd064921000-7fd064923000 rw-p 00000000 00:00 0 
7fd064923000-7fd064942000 r-xp 00000000 08:01 269949                     /usr/lib/x86_64-linux-gnu/libatk-1.0.so.0.21009.1
7fd064942000-7fd064b42000 ---p 0001f000 08:01 269949                     /usr/lib/x86_64-linux-gnu/libatk-1.0.so.0.21009.1
7fd064b42000-7fd064b44000 r--p 0001f000 08:01 269949                     /usr/lib/x86_64-linux-gnu/libatk-1.0.so.0.21009.1
7fd064b44000-7fd064b45000 rw-p 00021000 08:01 269949                     /usr/lib/x86_64-linux-gnu/libatk-1.0.so.0.21009.1
7fd064b45000-7fd064bf2000 r-xp 00000000 08:01 270196                     /usr/lib/x86_64-linux-gnu/libgdk-x11-2.0.so.0.2400.20
7fd064bf2000-7fd064df1000 ---p 000ad000 08:01 270196                     /usr/lib/x86_64-linux-gnu/libgdk-x11-2.0.so.0.2400.20
7fd064df1000-7fd064df5000 r--p 000ac000 08:01 270196                     /usr/lib/x86_64-linux-gnu/libgdk-x11-2.0.so.0.2400.20
7fd064df5000-7fd064df7000 rw-p 000b0000 08:01 270196                     /usr/lib/x86_64-linux-gnu/libgdk-x11-2.0.so.0.2400.20
7fd064df7000-7fd065226000 r-xp 00000000 08:01 270356                     /usr/lib/x86_64-linux-gnu/libgtk-x11-2.0.so.0.2400.20
7fd065226000-7fd065425000 ---p 0042f000 08:01 270356                     /usr/lib/x86_64-linux-gnu/libgtk-x11-2.0.so.0.2400.20
7fd065425000-7fd06542c000 r--p 0042e000 08:01 270356                     /usr/lib/x86_64-linux-gnu/libgtk-x11-2.0.so.0.2400.20
7fd06542c000-7fd065430000 rw-p 00435000 08:01 270356                     /usr/lib/x86_64-linux-gnu/libgtk-x11-2.0.so.0.2400.20
7fd065430000-7fd065433000 rw-p 00000000 00:00 0 
7fd065433000-7fd06543f000 r-xp 00000000 08:03 107611340                  /home/calcul/Téléchargements/jdk1.8.0_40/jre/lib/amd64/libprism_es2.so
7fd06543f000-7fd06563e000 ---p 0000c000 08:03 107611340                  /home/calcul/Téléchargements/jdk1.8.0_40/jre/lib/amd64/libprism_es2.so
7fd06563e000-7fd06563f000 r--p 0000b000 08:03 107611340                  /home/calcul/Téléchargements/jdk1.8.0_40/jre/lib/amd64/libprism_es2.so
7fd06563f000-7fd065640000 rw-p 0000c000 08:03 107611340                  /home/calcul/Téléchargements/jdk1.8.0_40/jre/lib/amd64/libprism_es2.so
7fd065640000-7fd065643000 ---p 00000000 00:00 0 
7fd065643000-7fd065741000 rw-p 00000000 00:00 0                          [stack:19093]
7fd065741000-7fd0657d6000 r--s 010fa000 08:03 107611382                  /home/calcul/Téléchargements/jdk1.8.0_40/jre/lib/ext/jfxrt.jar
7fd0657d6000-7fd0657d7000 ---p 00000000 00:00 0 
7fd0657d7000-7fd0658d7000 rw-p 00000000 00:00 0                          [stack:19092]
7fd0658d7000-7fd0658da000 ---p 00000000 00:00 0 
7fd0658da000-7fd0659d8000 rw-p 00000000 00:00 0                          [stack:19091]
7fd0659d8000-7fd0659db000 ---p 00000000 00:00 0 
7fd0659db000-7fd065ad9000 rw-p 00000000 00:00 0                          [stack:19090]
7fd065ad9000-7fd065adc000 ---p 00000000 00:00 0 
7fd065adc000-7fd065bda000 rw-p 00000000 00:00 0                          [stack:19089]
7fd065bda000-7fd065bdd000 ---p 00000000 00:00 0 
7fd065bdd000-7fd065cdb000 rw-p 00000000 00:00 0                          [stack:19088]
7fd065cdb000-7fd065cde000 ---p 00000000 00:00 0 
7fd065cde000-7fd065ddc000 rw-p 00000000 00:00 0                          [stack:19087]
7fd065ddc000-7fd065ddf000 ---p 00000000 00:00 0 
7fd065ddf000-7fd065edd000 rw-p 00000000 00:00 0                          [stack:19085]
7fd065edd000-7fd065ee0000 ---p 00000000 00:00 0 
7fd065ee0000-7fd065fde000 rw-p 00000000 00:00 0                          [stack:19083]
7fd065fde000-7fd065fe1000 ---p 00000000 00:00 0 
7fd065fe1000-7fd0660df000 rw-p 00000000 00:00 0                          [stack:19081]
7fd0660df000-7fd0660e3000 r-xp 00000000 08:03 107611290                  /home/calcul/Téléchargements/jdk1.8.0_40/jre/lib/amd64/libdt_socket.so
7fd0660e3000-7fd0662e2000 ---p 00004000 08:03 107611290                  /home/calcul/Téléchargements/jdk1.8.0_40/jre/lib/amd64/libdt_socket.so
7fd0662e2000-7fd0662e3000 rw-p 00003000 08:03 107611290                  /home/calcul/Téléchargements/jdk1.8.0_40/jre/lib/amd64/libdt_socket.so
7fd0662e3000-7fd0662e6000 ---p 00000000 00:00 0 
7fd0662e6000-7fd0663e4000 rw-p 00000000 00:00 0                          [stack:19080]
7fd0663e4000-7fd0663e7000 ---p 00000000 00:00 0 
7fd0663e7000-7fd0664e5000 rw-p 00000000 00:00 0                          [stack:19079]
7fd0664e5000-7fd0664e8000 ---p 00000000 00:00 0 
7fd0664e8000-7fd0665e6000 rw-p 00000000 00:00 0                          [stack:19078]
7fd0665e6000-7fd0665e7000 ---p 00000000 00:00 0 
7fd0665e7000-7fd068000000 rw-p 00000000 00:00 0                          [stack:19077]
7fd068000000-7fd068021000 rw-p 00000000 00:00 0 
7fd068021000-7fd06c000000 ---p 00000000 00:00 0 
7fd06c000000-7fd06c001000 r--s 00006000 08:03 110627270                  /home/calcul/Documents/Julien/VoxeLidar/trunk/VoxeLidarGUIFX/target/lib/sax-2.0.1.jar
7fd06c001000-7fd06c007000 r--s 00044000 08:03 110627257                  /home/calcul/Documents/Julien/VoxeLidar/trunk/VoxeLidarGUIFX/target/lib/jdom2-2.0.5.jar
7fd06c007000-7fd06c008000 r--s 00003000 08:03 110627273                  /home/calcul/Documents/Julien/VoxeLidar/trunk/VoxeLidarGUIFX/target/lib/opencsv-2.0.jar
7fd06c008000-7fd06c00b000 r--s 00013000 08:03 110627269                  /home/calcul/Documents/Julien/VoxeLidar/trunk/VoxeLidarGUIFX/target/lib/commons-io-1.3.2.jar
7fd06c00b000-7fd06c08b000 rw-s 323a4c000 00:05 12468                     /dev/dri/card0
7fd06c08b000-7fd06c28d000 rw-p 00000000 00:00 0 
7fd06c28d000-7fd06c465000 r--s 03d09000 08:03 107611368                  /home/calcul/Téléchargements/jdk1.8.0_40/jre/lib/rt.jar
7fd06c465000-7fd06d04d000 rw-p 00000000 00:00 0 
7fd06d04d000-7fd06d04e000 ---p 00000000 00:00 0 
7fd06d04e000-7fd06d14e000 rw-p 00000000 00:00 0                          [stack:19076]
7fd06d14e000-7fd06d14f000 ---p 00000000 00:00 0 
7fd06d14f000-7fd06d24f000 rw-p 00000000 00:00 0                          [stack:19075]
7fd06d24f000-7fd06d250000 ---p 00000000 00:00 0 
7fd06d250000-7fd06d350000 rw-p 00000000 00:00 0                          [stack:19074]
7fd06d350000-7fd06d351000 ---p 00000000 00:00 0 
7fd06d351000-7fd06d451000 rw-p 00000000 00:00 0                          [stack:19073]
7fd06d451000-7fd06d452000 ---p 00000000 00:00 0 
7fd06d452000-7fd06d552000 rw-p 00000000 00:00 0                          [stack:19072]
7fd06d552000-7fd06d553000 ---p 00000000 00:00 0 
7fd06d553000-7fd06d653000 rw-p 00000000 00:00 0                          [stack:19071]
7fd06d653000-7fd06d654000 ---p 00000000 00:00 0 
7fd06d654000-7fd06d8a4000 rw-p 00000000 00:00 0                          [stack:19070]
7fd06d8a4000-7fd0719ff000 ---p 00000000 00:00 0 
7fd0719ff000-7fd071b4f000 rw-p 00000000 00:00 0 
7fd071b4f000-7fd075ca9000 ---p 00000000 00:00 0 
7fd075ca9000-7fd075d52000 rw-p 00000000 00:00 0 
7fd075d52000-7fd077dff000 ---p 00000000 00:00 0 
7fd077dff000-7fd0a1d00000 rw-p 00000000 00:00 0 
7fd0a1d00000-7fd8cd380000 ---p 00000000 00:00 0 
7fd8cd380000-7fd8e2280000 rw-p 00000000 00:00 0 
7fd8e2280000-7fdcf7e00000 ---p 00000000 00:00 0 
7fdcf7e00000-7fdcf7e07000 r--s 0005e000 08:03 110627272                  /home/calcul/Documents/Julien/VoxeLidar/trunk/VoxeLidarGUIFX/target/lib/commons-lang3-3.3.2.jar
7fdcf7e07000-7fdcf7e0a000 r--s 00008000 08:03 110627281                  /home/calcul/Documents/Julien/VoxeLidar/trunk/VoxeLidarGUIFX/target/lib/exp4j-0.4.0.ALPHA-3.jar
7fdcf7e0a000-7fdcf7e0b000 r--s 00031000 08:03 110625122                  /home/calcul/Documents/Julien/VoxeLidar/trunk/VoxeLidarGUIFX/target/lib/jogl-all-2.3.0-natives-windows-i586.jar
7fdcf7e0b000-7fdcf7e0d000 r--s 00038000 08:03 110625121                  /home/calcul/Documents/Julien/VoxeLidar/trunk/VoxeLidarGUIFX/target/lib/jogl-all-2.3.0-natives-windows-amd64.jar
7fdcf7e0d000-7fdcf7e0f000 r--s 00024000 08:03 110627256                  /home/calcul/Documents/Julien/VoxeLidar/trunk/VoxeLidarGUIFX/target/lib/jogl-all-2.3.0-natives-solaris-i586.jar
7fdcf7e0f000-7fdcf7e10000 r--s 00032000 08:03 110627271                  /home/calcul/Documents/Julien/VoxeLidar/trunk/VoxeLidarGUIFX/target/lib/jogl-all-2.3.0-natives-solaris-amd64.jar
7fdcf7e10000-7fdcf7e11000 r--s 0006d000 08:03 110625168                  /home/calcul/Documents/Julien/VoxeLidar/trunk/VoxeLidarGUIFX/target/lib/jogl-all-2.3.0-natives-macosx-universal.jar
7fdcf7e11000-7fdcf7e13000 r--s 00031000 08:03 110625171                  /home/calcul/Documents/Julien/VoxeLidar/trunk/VoxeLidarGUIFX/target/lib/jogl-all-2.3.0-natives-linux-i586.jar
7fdcf7e13000-7fdcf7e15000 r--s 00025000 08:03 110625120                  /home/calcul/Documents/Julien/VoxeLidar/trunk/VoxeLidarGUIFX/target/lib/jogl-all-2.3.0-natives-linux-armv6hf.jar
7fdcf7e15000-7fdcf7e16000 r--s 00025000 08:03 110625167                  /home/calcul/Documents/Julien/VoxeLidar/trunk/VoxeLidarGUIFX/target/lib/jogl-all-2.3.0-natives-linux-armv6.jar
7fdcf7e16000-7fdcf7e17000 r--s 00033000 08:03 110627268                  /home/calcul/Documents/Julien/VoxeLidar/trunk/VoxeLidarGUIFX/target/lib/jogl-all-2.3.0-natives-linux-amd64.jar
7fdcf7e17000-7fdcf7e18000 r--s 0000e000 08:03 110627265                  /home/calcul/Documents/Julien/VoxeLidar/trunk/VoxeLidarGUIFX/target/lib/jogl-all-2.3.0-natives-android-armv6.jar
7fdcf7e18000-7fdcf7e19000 r--s 0000f000 08:03 110627267                  /home/calcul/Documents/Julien/VoxeLidar/trunk/VoxeLidarGUIFX/target/lib/jogl-all-2.3.0-natives-android-aarch64.jar
7fdcf7e19000-7fdcf7e1a000 r--s 00000000 08:03 110625117                  /home/calcul/Documents/Julien/VoxeLidar/trunk/VoxeLidarGUIFX/target/lib/jogl-all-main-2.3.0.jar
7fdcf7e1a000-7fdcf7e1b000 r--s 00001000 08:03 110627266                  /home/calcul/Documents/Julien/VoxeLidar/trunk/VoxeLidarGUIFX/target/lib/gluegen-rt-2.3.0-natives-windows-i586.jar
7fdcf7e1b000-7fdcf7e1c000 r--s 00001000 08:03 110627260                  /home/calcul/Documents/Julien/VoxeLidar/trunk/VoxeLidarGUIFX/target/lib/gluegen-rt-2.3.0-natives-windows-amd64.jar
7fdcf7e1c000-7fdcf7e1d000 r--s 00000000 08:03 110625165                  /home/calcul/Documents/Julien/VoxeLidar/trunk/VoxeLidarGUIFX/target/lib/gluegen-rt-2.3.0-natives-solaris-i586.jar
7fdcf7e1d000-7fdcf7e1e000 r--s 00001000 08:03 110625174                  /home/calcul/Documents/Julien/VoxeLidar/trunk/VoxeLidarGUIFX/target/lib/gluegen-rt-2.3.0-natives-solaris-amd64.jar
7fdcf7e1e000-7fdcf7e24000 r--s 0004a000 08:03 110625173                  /home/calcul/Documents/Julien/VoxeLidar/trunk/VoxeLidarGUIFX/target/lib/gluegen-rt-2.3.0.jar
7fdcf7e24000-7fdcf7e25000 ---p 00000000 00:00 0 
7fdcf7e25000-7fdcf7f2f000 rw-p 00000000 00:00 0                          [stack:19069]
7fdcf7f2f000-7fdcf82e5000 ---p 00000000 00:00 0 
7fdcf82e5000-7fdcf8555000 rwxp 00000000 00:00 0 
7fdcf8555000-7fdd072e5000 ---p 00000000 00:00 0 
7fdd072e5000-7fdd072ff000 r-xp 00000000 08:03 107611318                  /home/calcul/Téléchargements/jdk1.8.0_40/jre/lib/amd64/libzip.so
7fdd072ff000-7fdd074ff000 ---p 0001a000 08:03 107611318                  /home/calcul/Téléchargements/jdk1.8.0_40/jre/lib/amd64/libzip.so
7fdd074ff000-7fdd07500000 rw-p 0001a000 08:03 107611318                  /home/calcul/Téléchargements/jdk1.8.0_40/jre/lib/amd64/libzip.so
7fdd07500000-7fdd0750c000 r-xp 00000000 08:01 2363258                    /lib/x86_64-linux-gnu/libnss_files-2.17.so
7fdd0750c000-7fdd0770b000 ---p 0000c000 08:01 2363258                    /lib/x86_64-linux-gnu/libnss_files-2.17.so
7fdd0770b000-7fdd0770c000 r--p 0000b000 08:01 2363258                    /lib/x86_64-linux-gnu/libnss_files-2.17.so
7fdd0770c000-7fdd0770d000 rw-p 0000c000 08:01 2363258                    /lib/x86_64-linux-gnu/libnss_files-2.17.so
7fdd0770d000-7fdd07718000 r-xp 00000000 08:01 2363262                    /lib/x86_64-linux-gnu/libnss_nis-2.17.so
7fdd07718000-7fdd07917000 ---p 0000b000 08:01 2363262                    /lib/x86_64-linux-gnu/libnss_nis-2.17.so
7fdd07917000-7fdd07918000 r--p 0000a000 08:01 2363262                    /lib/x86_64-linux-gnu/libnss_nis-2.17.so
7fdd07918000-7fdd07919000 rw-p 0000b000 08:01 2363262                    /lib/x86_64-linux-gnu/libnss_nis-2.17.so
7fdd07919000-7fdd08000000 r--p 00000000 08:01 268937                     /usr/lib/locale/locale-archive
7fdd08000000-7fdd085d1000 rw-p 00000000 00:00 0 
7fdd085d1000-7fdd0c000000 ---p 00000000 00:00 0 
7fdd0c000000-7fdd0c001000 r--s 00001000 08:03 110627262                  /home/calcul/Documents/Julien/VoxeLidar/trunk/VoxeLidarGUIFX/target/lib/gluegen-rt-2.3.0-natives-macosx-universal.jar
7fdd0c001000-7fdd0c008000 r--p 00000000 08:03 68423843                   /home/calcul/.config/dconf/user
7fdd0c008000-7fdd0c022000 r--p 00000000 08:01 2103031                    /usr/share/locale-langpack/fr/LC_MESSAGES/glib20.mo
7fdd0c022000-7fdd0c031000 r--p 00000000 08:01 2103070                    /usr/share/locale-langpack/fr/LC_MESSAGES/gtk20.mo
7fdd0c031000-7fdd0c057000 r--p 00000000 08:01 2102789                    /usr/share/locale-langpack/fr/LC_MESSAGES/libc.mo
7fdd0c057000-7fdd0c0a6000 rw-p 00000000 00:00 0 
7fdd0c0a6000-7fdd0c0bd000 r-xp 00000000 08:01 2363252                    /lib/x86_64-linux-gnu/libnsl-2.17.so
7fdd0c0bd000-7fdd0c2bc000 ---p 00017000 08:01 2363252                    /lib/x86_64-linux-gnu/libnsl-2.17.so
7fdd0c2bc000-7fdd0c2bd000 r--p 00016000 08:01 2363252                    /lib/x86_64-linux-gnu/libnsl-2.17.so
7fdd0c2bd000-7fdd0c2be000 rw-p 00017000 08:01 2363252                    /lib/x86_64-linux-gnu/libnsl-2.17.so
7fdd0c2be000-7fdd0c2c0000 rw-p 00000000 00:00 0 
7fdd0c2c0000-7fdd0c2c8000 r-xp 00000000 08:01 2363254                    /lib/x86_64-linux-gnu/libnss_compat-2.17.so
7fdd0c2c8000-7fdd0c4c7000 ---p 00008000 08:01 2363254                    /lib/x86_64-linux-gnu/libnss_compat-2.17.so
7fdd0c4c7000-7fdd0c4c8000 r--p 00007000 08:01 2363254                    /lib/x86_64-linux-gnu/libnss_compat-2.17.so
7fdd0c4c8000-7fdd0c4c9000 rw-p 00008000 08:01 2363254                    /lib/x86_64-linux-gnu/libnss_compat-2.17.so
7fdd0c4c9000-7fdd0c4cb000 r-xp 00000000 08:03 107611300                  /home/calcul/Téléchargements/jdk1.8.0_40/jre/lib/amd64/libnpt.so
7fdd0c4cb000-7fdd0c6cb000 ---p 00002000 08:03 107611300                  /home/calcul/Téléchargements/jdk1.8.0_40/jre/lib/amd64/libnpt.so
7fdd0c6cb000-7fdd0c6cc000 rw-p 00002000 08:03 107611300                  /home/calcul/Téléchargements/jdk1.8.0_40/jre/lib/amd64/libnpt.so
7fdd0c6cc000-7fdd0c705000 r-xp 00000000 08:03 107611307                  /home/calcul/Téléchargements/jdk1.8.0_40/jre/lib/amd64/libjdwp.so
7fdd0c705000-7fdd0c904000 ---p 00039000 08:03 107611307                  /home/calcul/Téléchargements/jdk1.8.0_40/jre/lib/amd64/libjdwp.so
7fdd0c904000-7fdd0c906000 rw-p 00038000 08:03 107611307                  /home/calcul/Téléchargements/jdk1.8.0_40/jre/lib/amd64/libjdwp.so
7fdd0c906000-7fdd0c930000 r-xp 00000000 08:03 107611296                  /home/calcul/Téléchargements/jdk1.8.0_40/jre/lib/amd64/libjava.so
7fdd0c930000-7fdd0cb30000 ---p 0002a000 08:03 107611296                  /home/calcul/Téléchargements/jdk1.8.0_40/jre/lib/amd64/libjava.so
7fdd0cb30000-7fdd0cb32000 rw-p 0002a000 08:03 107611296                  /home/calcul/Téléchargements/jdk1.8.0_40/jre/lib/amd64/libjava.so
7fdd0cb32000-7fdd0cb3f000 r-xp 00000000 08:03 107611312                  /home/calcul/Téléchargements/jdk1.8.0_40/jre/lib/amd64/libverify.so
7fdd0cb3f000-7fdd0cd3f000 ---p 0000d000 08:03 107611312                  /home/calcul/Téléchargements/jdk1.8.0_40/jre/lib/amd64/libverify.so
7fdd0cd3f000-7fdd0cd41000 rw-p 0000d000 08:03 107611312                  /home/calcul/Téléchargements/jdk1.8.0_40/jre/lib/amd64/libverify.so
7fdd0cd41000-7fdd0cd48000 r-xp 00000000 08:01 2363305                    /lib/x86_64-linux-gnu/librt-2.17.so
7fdd0cd48000-7fdd0cf47000 ---p 00007000 08:01 2363305                    /lib/x86_64-linux-gnu/librt-2.17.so
7fdd0cf47000-7fdd0cf48000 r--p 00006000 08:01 2363305                    /lib/x86_64-linux-gnu/librt-2.17.so
7fdd0cf48000-7fdd0cf49000 rw-p 00007000 08:01 2363305                    /lib/x86_64-linux-gnu/librt-2.17.so
7fdd0cf49000-7fdd0d04c000 r-xp 00000000 08:01 2363233                    /lib/x86_64-linux-gnu/libm-2.17.so
7fdd0d04c000-7fdd0d24b000 ---p 00103000 08:01 2363233                    /lib/x86_64-linux-gnu/libm-2.17.so
7fdd0d24b000-7fdd0d24c000 r--p 00102000 08:01 2363233                    /lib/x86_64-linux-gnu/libm-2.17.so
7fdd0d24c000-7fdd0d24d000 rw-p 00103000 08:01 2363233                    /lib/x86_64-linux-gnu/libm-2.17.so
7fdd0d24d000-7fdd0defb000 r-xp 00000000 08:03 107611334                  /home/calcul/Téléchargements/jdk1.8.0_40/jre/lib/amd64/server/libjvm.so
7fdd0defb000-7fdd0e0fa000 ---p 00cae000 08:03 107611334                  /home/calcul/Téléchargements/jdk1.8.0_40/jre/lib/amd64/server/libjvm.so
7fdd0e0fa000-7fdd0e1d1000 rw-p 00cad000 08:03 107611334                  /home/calcul/Téléchargements/jdk1.8.0_40/jre/lib/amd64/server/libjvm.so
7fdd0e1d1000-7fdd0e215000 rw-p 00000000 00:00 0 
7fdd0e215000-7fdd0e3d2000 r-xp 00000000 08:01 2363182                    /lib/x86_64-linux-gnu/libc-2.17.so
7fdd0e3d2000-7fdd0e5d2000 ---p 001bd000 08:01 2363182                    /lib/x86_64-linux-gnu/libc-2.17.so
7fdd0e5d2000-7fdd0e5d6000 r--p 001bd000 08:01 2363182                    /lib/x86_64-linux-gnu/libc-2.17.so
7fdd0e5d6000-7fdd0e5d8000 rw-p 001c1000 08:01 2363182                    /lib/x86_64-linux-gnu/libc-2.17.so
7fdd0e5d8000-7fdd0e5dd000 rw-p 00000000 00:00 0 
7fdd0e5dd000-7fdd0e5e0000 r-xp 00000000 08:01 2363197                    /lib/x86_64-linux-gnu/libdl-2.17.so
7fdd0e5e0000-7fdd0e7df000 ---p 00003000 08:01 2363197                    /lib/x86_64-linux-gnu/libdl-2.17.so
7fdd0e7df000-7fdd0e7e0000 r--p 00002000 08:01 2363197                    /lib/x86_64-linux-gnu/libdl-2.17.so
7fdd0e7e0000-7fdd0e7e1000 rw-p 00003000 08:01 2363197                    /lib/x86_64-linux-gnu/libdl-2.17.so
7fdd0e7e1000-7fdd0e7f6000 r-xp 00000000 08:03 107611306                  /home/calcul/Téléchargements/jdk1.8.0_40/jre/lib/amd64/jli/libjli.so
7fdd0e7f6000-7fdd0e9f6000 ---p 00015000 08:03 107611306                  /home/calcul/Téléchargements/jdk1.8.0_40/jre/lib/amd64/jli/libjli.so
7fdd0e9f6000-7fdd0e9f7000 rw-p 00015000 08:03 107611306                  /home/calcul/Téléchargements/jdk1.8.0_40/jre/lib/amd64/jli/libjli.so
7fdd0e9f7000-7fdd0ea0e000 r-xp 00000000 08:01 2363297                    /lib/x86_64-linux-gnu/libpthread-2.17.so
7fdd0ea0e000-7fdd0ec0e000 ---p 00017000 08:01 2363297                    /lib/x86_64-linux-gnu/libpthread-2.17.so
7fdd0ec0e000-7fdd0ec0f000 r--p 00017000 08:01 2363297                    /lib/x86_64-linux-gnu/libpthread-2.17.so
7fdd0ec0f000-7fdd0ec10000 rw-p 00018000 08:01 2363297                    /lib/x86_64-linux-gnu/libpthread-2.17.so
7fdd0ec10000-7fdd0ec14000 rw-p 00000000 00:00 0 
7fdd0ec14000-7fdd0ec37000 r-xp 00000000 08:01 2363158                    /lib/x86_64-linux-gnu/ld-2.17.so
7fdd0ec37000-7fdd0ec39000 r--s 00000000 08:03 110625172                  /home/calcul/Documents/Julien/VoxeLidar/trunk/VoxeLidarGUIFX/target/lib/gluegen-rt-2.3.0-natives-linux-i586.jar
7fdd0ec39000-7fdd0ec3a000 r--s 00000000 08:03 110625163                  /home/calcul/Documents/Julien/VoxeLidar/trunk/VoxeLidarGUIFX/target/lib/gluegen-rt-2.3.0-natives-linux-armv6hf.jar
7fdd0ec3a000-7fdd0ec3b000 r--s 00000000 08:03 110625175                  /home/calcul/Documents/Julien/VoxeLidar/trunk/VoxeLidarGUIFX/target/lib/gluegen-rt-2.3.0-natives-linux-armv6.jar
7fdd0ec3b000-7fdd0ed0c000 rw-p 00000000 00:00 0 
7fdd0ed0c000-7fdd0ed0f000 ---p 00000000 00:00 0 
7fdd0ed0f000-7fdd0ee11000 rw-p 00000000 00:00 0                          [stack:19068]
7fdd0ee11000-7fdd0ee13000 r--s 00000000 08:03 110627279                  /home/calcul/Documents/Julien/VoxeLidar/trunk/VoxeLidarGUIFX/target/lib/gluegen-rt-2.3.0-natives-linux-amd64.jar
7fdd0ee13000-7fdd0ee14000 r--s 00001000 08:03 110627274                  /home/calcul/Documents/Julien/VoxeLidar/trunk/VoxeLidarGUIFX/target/lib/gluegen-rt-2.3.0-natives-android-armv6.jar
7fdd0ee14000-7fdd0ee15000 r--s 00000000 08:03 110627258                  /home/calcul/Documents/Julien/VoxeLidar/trunk/VoxeLidarGUIFX/target/lib/gluegen-rt-2.3.0-natives-android-aarch64.jar
7fdd0ee15000-7fdd0ee16000 r--s 00000000 08:03 110625127                  /home/calcul/Documents/Julien/VoxeLidar/trunk/VoxeLidarGUIFX/target/lib/gluegen-rt-main-2.3.0.jar
7fdd0ee16000-7fdd0ee17000 rw-s 3245bd000 00:05 12468                     /dev/dri/card0
7fdd0ee17000-7fdd0ee18000 r--s 00000000 00:14 7111285                    /run/user/1000/dconf/user
7fdd0ee18000-7fdd0ee1f000 r--s 00000000 08:01 656385                     /usr/lib/x86_64-linux-gnu/gconv/gconv-modules.cache
7fdd0ee1f000-7fdd0ee20000 rw-s 323c4c000 00:05 12468                     /dev/dri/card0
7fdd0ee20000-7fdd0ee2a000 r--s 001b8000 08:03 110495266                  /home/calcul/Documents/Julien/VoxeLidar/trunk/VoxeLidarGUIFX/target/VoxeLidarGUIFX-1.0.jar
7fdd0ee2a000-7fdd0ee32000 rw-s 00000000 08:01 397755                     /tmp/hsperfdata_calcul/19064
7fdd0ee32000-7fdd0ee33000 rw-p 00000000 00:00 0 
7fdd0ee33000-7fdd0ee34000 r--p 00000000 00:00 0 
7fdd0ee34000-7fdd0ee36000 rw-p 00000000 00:00 0 
7fdd0ee36000-7fdd0ee37000 r--p 00022000 08:01 2363158                    /lib/x86_64-linux-gnu/ld-2.17.so
7fdd0ee37000-7fdd0ee39000 rw-p 00023000 08:01 2363158                    /lib/x86_64-linux-gnu/ld-2.17.so
7fff892c0000-7fff892e1000 rw-p 00000000 00:00 0                          [stack]
7fff893fe000-7fff89400000 r-xp 00000000 00:00 0                          [vdso]
ffffffffff600000-ffffffffff601000 r-xp 00000000 00:00 0                  [vsyscall]

VM Arguments:
jvm_args: -Xdebug -Xmx50g -Xrunjdwp:transport=dt_socket,server=n,address=47349 
java_command: /home/calcul/Documents/Julien/VoxeLidar/trunk/VoxeLidarGUIFX/target/VoxeLidarGUIFX-1.0.jar
java_class_path (initial): /home/calcul/Documents/Julien/VoxeLidar/trunk/VoxeLidarGUIFX/target/VoxeLidarGUIFX-1.0.jar
Launcher Type: SUN_STANDARD

Environment Variables:
JAVA_HOME=/home/calcul/Téléchargements/jdk1.8.0_40
PATH=JAVA_HOME/bin:/usr/lib/lightdm/lightdm:/usr/local/sbin:/usr/local/bin:/usr/sbin:/usr/bin:/sbin:/bin:/usr/games:/usr/local/games
LD_LIBRARY_PATH=/home/calcul/Téléchargements/jdk1.8.0_40/jre/lib/amd64:/home/calcul/Téléchargements/jdk1.8.0_40/jre/lib/i386:
SHELL=/bin/bash
DISPLAY=:0.0

Signal Handlers:
SIGSEGV: [libjvm.so+0xaad2e0], sa_mask[0]=11111111011111111101111111111110, sa_flags=SA_RESTART|SA_SIGINFO
SIGBUS: [libjvm.so+0xaad2e0], sa_mask[0]=11111111011111111101111111111110, sa_flags=SA_RESTART|SA_SIGINFO
SIGFPE: [libjvm.so+0x90b550], sa_mask[0]=11111111011111111101111111111110, sa_flags=SA_RESTART|SA_SIGINFO
SIGPIPE: SIG_IGN, sa_mask[0]=00000000000010000000000000000000, sa_flags=SA_RESTART
SIGXFSZ: [libjvm.so+0x90b550], sa_mask[0]=11111111011111111101111111111110, sa_flags=SA_RESTART|SA_SIGINFO
SIGILL: [libjvm.so+0x90b550], sa_mask[0]=11111111011111111101111111111110, sa_flags=SA_RESTART|SA_SIGINFO
SIGUSR1: SIG_DFL, sa_mask[0]=00000000000000000000000000000000, sa_flags=none
SIGUSR2: [libjvm.so+0x90cb90], sa_mask[0]=00100000000000000000000000000000, sa_flags=SA_RESTART|SA_SIGINFO
SIGHUP: [libjvm.so+0x90dee0], sa_mask[0]=11111111011111111101111111111110, sa_flags=SA_RESTART|SA_SIGINFO
SIGINT: SIG_IGN, sa_mask[0]=00000000000000000000000000000000, sa_flags=none
SIGTERM: [libjvm.so+0x90dee0], sa_mask[0]=11111111011111111101111111111110, sa_flags=SA_RESTART|SA_SIGINFO
SIGQUIT: [libjvm.so+0x90dee0], sa_mask[0]=11111111011111111101111111111110, sa_flags=SA_RESTART|SA_SIGINFO


---------------  S Y S T E M  ---------------

OS:DISTRIB_ID=Ubuntu
DISTRIB_RELEASE=13.10
DISTRIB_CODENAME=saucy
DISTRIB_DESCRIPTION="Ubuntu 13.10"

uname:Linux 3.11.0-26-generic #45-Ubuntu SMP Tue Jul 15 04:02:06 UTC 2014 x86_64
libc:glibc 2.17 NPTL 2.17 
rlimit: STACK 8192k, CORE 0k, NPROC 514862, NOFILE 4096, AS infinity
load average:0,83 0,75 0,92

/proc/meminfo:
MemTotal:       65922644 kB
MemFree:        36048500 kB
Buffers:         8964620 kB
Cached:         15831776 kB
SwapCached:           12 kB
Active:          9964512 kB
Inactive:       18789940 kB
Active(anon):    2241548 kB
Inactive(anon):  1755456 kB
Active(file):    7722964 kB
Inactive(file): 17034484 kB
Unevictable:        1276 kB
Mlocked:            1276 kB
SwapTotal:      31250428 kB
SwapFree:       31249492 kB
Dirty:              2892 kB
Writeback:             0 kB
AnonPages:       3959896 kB
Mapped:           248132 kB
Shmem:             38804 kB
Slab:             592588 kB
SReclaimable:     502296 kB
SUnreclaim:        90292 kB
KernelStack:        7208 kB
PageTables:        56248 kB
NFS_Unstable:          0 kB
Bounce:                0 kB
WritebackTmp:          0 kB
CommitLimit:    64211748 kB
Committed_AS:   13074284 kB
VmallocTotal:   34359738367 kB
VmallocUsed:      445508 kB
VmallocChunk:   34325151848 kB
HardwareCorrupted:     0 kB
AnonHugePages:         0 kB
HugePages_Total:       0
HugePages_Free:        0
HugePages_Rsvd:        0
HugePages_Surp:        0
Hugepagesize:       2048 kB
DirectMap4k:      113268 kB
DirectMap2M:     5072896 kB
DirectMap1G:    61865984 kB


CPU:total 8 (4 cores per cpu, 1 threads per core) family 6 model 62 stepping 4, cmov, cx8, fxsr, mmx, sse, sse2, sse3, ssse3, sse4.1, sse4.2, popcnt, avx, aes, clmul, erms, tsc, tscinvbit

/proc/cpuinfo:
processor	: 0
vendor_id	: GenuineIntel
cpu family	: 6
model		: 62
model name	: Intel(R) Xeon(R) CPU E5-2609 v2 @ 2.50GHz
stepping	: 4
microcode	: 0x416
cpu MHz		: 1200.000
cache size	: 10240 KB
physical id	: 0
siblings	: 4
core id		: 0
cpu cores	: 4
apicid		: 0
initial apicid	: 0
fpu		: yes
fpu_exception	: yes
cpuid level	: 13
wp		: yes
flags		: fpu vme de pse tsc msr pae mce cx8 apic sep mtrr pge mca cmov pat pse36 clflush dts acpi mmx fxsr sse sse2 ss ht tm pbe syscall nx pdpe1gb rdtscp lm constant_tsc arch_perfmon pebs bts rep_good nopl xtopology nonstop_tsc aperfmperf eagerfpu pni pclmulqdq dtes64 monitor ds_cpl vmx smx est tm2 ssse3 cx16 xtpr pdcm pcid dca sse4_1 sse4_2 x2apic popcnt tsc_deadline_timer aes xsave avx f16c rdrand lahf_lm arat epb xsaveopt pln pts dtherm tpr_shadow vnmi flexpriority ept vpid fsgsbase smep erms
bogomips	: 4987.69
clflush size	: 64
cache_alignment	: 64
address sizes	: 46 bits physical, 48 bits virtual
power management:

processor	: 1
vendor_id	: GenuineIntel
cpu family	: 6
model		: 62
model name	: Intel(R) Xeon(R) CPU E5-2609 v2 @ 2.50GHz
stepping	: 4
microcode	: 0x416
cpu MHz		: 2500.000
cache size	: 10240 KB
physical id	: 0
siblings	: 4
core id		: 1
cpu cores	: 4
apicid		: 2
initial apicid	: 2
fpu		: yes
fpu_exception	: yes
cpuid level	: 13
wp		: yes
flags		: fpu vme de pse tsc msr pae mce cx8 apic sep mtrr pge mca cmov pat pse36 clflush dts acpi mmx fxsr sse sse2 ss ht tm pbe syscall nx pdpe1gb rdtscp lm constant_tsc arch_perfmon pebs bts rep_good nopl xtopology nonstop_tsc aperfmperf eagerfpu pni pclmulqdq dtes64 monitor ds_cpl vmx smx est tm2 ssse3 cx16 xtpr pdcm pcid dca sse4_1 sse4_2 x2apic popcnt tsc_deadline_timer aes xsave avx f16c rdrand lahf_lm arat epb xsaveopt pln pts dtherm tpr_shadow vnmi flexpriority ept vpid fsgsbase smep erms
bogomips	: 4987.69
clflush size	: 64
cache_alignment	: 64
address sizes	: 46 bits physical, 48 bits virtual
power management:

processor	: 2
vendor_id	: GenuineIntel
cpu family	: 6
model		: 62
model name	: Intel(R) Xeon(R) CPU E5-2609 v2 @ 2.50GHz
stepping	: 4
microcode	: 0x416
cpu MHz		: 1200.000
cache size	: 10240 KB
physical id	: 0
siblings	: 4
core id		: 2
cpu cores	: 4
apicid		: 4
initial apicid	: 4
fpu		: yes
fpu_exception	: yes
cpuid level	: 13
wp		: yes
flags		: fpu vme de pse tsc msr pae mce cx8 apic sep mtrr pge mca cmov pat pse36 clflush dts acpi mmx fxsr sse sse2 ss ht tm pbe syscall nx pdpe1gb rdtscp lm constant_tsc arch_perfmon pebs bts rep_good nopl xtopology nonstop_tsc aperfmperf eagerfpu pni pclmulqdq dtes64 monitor ds_cpl vmx smx est tm2 ssse3 cx16 xtpr pdcm pcid dca sse4_1 sse4_2 x2apic popcnt tsc_deadline_timer aes xsave avx f16c rdrand lahf_lm arat epb xsaveopt pln pts dtherm tpr_shadow vnmi flexpriority ept vpid fsgsbase smep erms
bogomips	: 4987.69
clflush size	: 64
cache_alignment	: 64
address sizes	: 46 bits physical, 48 bits virtual
power management:

processor	: 3
vendor_id	: GenuineIntel
cpu family	: 6
model		: 62
model name	: Intel(R) Xeon(R) CPU E5-2609 v2 @ 2.50GHz
stepping	: 4
microcode	: 0x416
cpu MHz		: 2500.000
cache size	: 10240 KB
physical id	: 0
siblings	: 4
core id		: 3
cpu cores	: 4
apicid		: 6
initial apicid	: 6
fpu		: yes
fpu_exception	: yes
cpuid level	: 13
wp		: yes
flags		: fpu vme de pse tsc msr pae mce cx8 apic sep mtrr pge mca cmov pat pse36 clflush dts acpi mmx fxsr sse sse2 ss ht tm pbe syscall nx pdpe1gb rdtscp lm constant_tsc arch_perfmon pebs bts rep_good nopl xtopology nonstop_tsc aperfmperf eagerfpu pni pclmulqdq dtes64 monitor ds_cpl vmx smx est tm2 ssse3 cx16 xtpr pdcm pcid dca sse4_1 sse4_2 x2apic popcnt tsc_deadline_timer aes xsave avx f16c rdrand lahf_lm arat epb xsaveopt pln pts dtherm tpr_shadow vnmi flexpriority ept vpid fsgsbase smep erms
bogomips	: 4987.69
clflush size	: 64
cache_alignment	: 64
address sizes	: 46 bits physical, 48 bits virtual
power management:

processor	: 4
vendor_id	: GenuineIntel
cpu family	: 6
model		: 62
model name	: Intel(R) Xeon(R) CPU E5-2609 v2 @ 2.50GHz
stepping	: 4
microcode	: 0x416
cpu MHz		: 1200.000
cache size	: 10240 KB
physical id	: 1
siblings	: 4
core id		: 0
cpu cores	: 4
apicid		: 32
initial apicid	: 32
fpu		: yes
fpu_exception	: yes
cpuid level	: 13
wp		: yes
flags		: fpu vme de pse tsc msr pae mce cx8 apic sep mtrr pge mca cmov pat pse36 clflush dts acpi mmx fxsr sse sse2 ss ht tm pbe syscall nx pdpe1gb rdtscp lm constant_tsc arch_perfmon pebs bts rep_good nopl xtopology nonstop_tsc aperfmperf eagerfpu pni pclmulqdq dtes64 monitor ds_cpl vmx smx est tm2 ssse3 cx16 xtpr pdcm pcid dca sse4_1 sse4_2 x2apic popcnt tsc_deadline_timer aes xsave avx f16c rdrand lahf_lm arat epb xsaveopt pln pts dtherm tpr_shadow vnmi flexpriority ept vpid fsgsbase smep erms
bogomips	: 4989.30
clflush size	: 64
cache_alignment	: 64
address sizes	: 46 bits physical, 48 bits virtual
power management:

processor	: 5
vendor_id	: GenuineIntel
cpu family	: 6
model		: 62
model name	: Intel(R) Xeon(R) CPU E5-2609 v2 @ 2.50GHz
stepping	: 4
microcode	: 0x416
cpu MHz		: 1200.000
cache size	: 10240 KB
physical id	: 1
siblings	: 4
core id		: 1
cpu cores	: 4
apicid		: 34
initial apicid	: 34
fpu		: yes
fpu_exception	: yes
cpuid level	: 13
wp		: yes
flags		: fpu vme de pse tsc msr pae mce cx8 apic sep mtrr pge mca cmov pat pse36 clflush dts acpi mmx fxsr sse sse2 ss ht tm pbe syscall nx pdpe1gb rdtscp lm constant_tsc arch_perfmon pebs bts rep_good nopl xtopology nonstop_tsc aperfmperf eagerfpu pni pclmulqdq dtes64 monitor ds_cpl vmx smx est tm2 ssse3 cx16 xtpr pdcm pcid dca sse4_1 sse4_2 x2apic popcnt tsc_deadline_timer aes xsave avx f16c rdrand lahf_lm arat epb xsaveopt pln pts dtherm tpr_shadow vnmi flexpriority ept vpid fsgsbase smep erms
bogomips	: 4989.30
clflush size	: 64
cache_alignment	: 64
address sizes	: 46 bits physical, 48 bits virtual
power management:

processor	: 6
vendor_id	: GenuineIntel
cpu family	: 6
model		: 62
model name	: Intel(R) Xeon(R) CPU E5-2609 v2 @ 2.50GHz
stepping	: 4
microcode	: 0x416
cpu MHz		: 1200.000
cache size	: 10240 KB
physical id	: 1
siblings	: 4
core id		: 2
cpu cores	: 4
apicid		: 36
initial apicid	: 36
fpu		: yes
fpu_exception	: yes
cpuid level	: 13
wp		: yes
flags		: fpu vme de pse tsc msr pae mce cx8 apic sep mtrr pge mca cmov pat pse36 clflush dts acpi mmx fxsr sse sse2 ss ht tm pbe syscall nx pdpe1gb rdtscp lm constant_tsc arch_perfmon pebs bts rep_good nopl xtopology nonstop_tsc aperfmperf eagerfpu pni pclmulqdq dtes64 monitor ds_cpl vmx smx est tm2 ssse3 cx16 xtpr pdcm pcid dca sse4_1 sse4_2 x2apic popcnt tsc_deadline_timer aes xsave avx f16c rdrand lahf_lm arat epb xsaveopt pln pts dtherm tpr_shadow vnmi flexpriority ept vpid fsgsbase smep erms
bogomips	: 4989.30
clflush size	: 64
cache_alignment	: 64
address sizes	: 46 bits physical, 48 bits virtual
power management:

processor	: 7
vendor_id	: GenuineIntel
cpu family	: 6
model		: 62
model name	: Intel(R) Xeon(R) CPU E5-2609 v2 @ 2.50GHz
stepping	: 4
microcode	: 0x416
cpu MHz		: 1200.000
cache size	: 10240 KB
physical id	: 1
siblings	: 4
core id		: 3
cpu cores	: 4
apicid		: 38
initial apicid	: 38
fpu		: yes
fpu_exception	: yes
cpuid level	: 13
wp		: yes
flags		: fpu vme de pse tsc msr pae mce cx8 apic sep mtrr pge mca cmov pat pse36 clflush dts acpi mmx fxsr sse sse2 ss ht tm pbe syscall nx pdpe1gb rdtscp lm constant_tsc arch_perfmon pebs bts rep_good nopl xtopology nonstop_tsc aperfmperf eagerfpu pni pclmulqdq dtes64 monitor ds_cpl vmx smx est tm2 ssse3 cx16 xtpr pdcm pcid dca sse4_1 sse4_2 x2apic popcnt tsc_deadline_timer aes xsave avx f16c rdrand lahf_lm arat epb xsaveopt pln pts dtherm tpr_shadow vnmi flexpriority ept vpid fsgsbase smep erms
bogomips	: 4989.30
clflush size	: 64
cache_alignment	: 64
address sizes	: 46 bits physical, 48 bits virtual
power management:



Memory: 4k page, physical 65922644k(36048128k free), swap 31250428k(31249492k free)

vm_info: Java HotSpot(TM) 64-Bit Server VM (25.40-b25) for linux-amd64 JRE (1.8.0_40-b26), built on Mar  7 2015 15:08:31 by "java_re" with gcc 4.3.0 20080428 (Red Hat 4.3.0-8)

time: Thu Apr  9 09:57:16 2015
elapsed time: 0 seconds (0d 0h 0m 0s)

