#
# A fatal error has been detected by the Java Runtime Environment:
#
#  SIGSEGV (0xb) at pc=0x00007f1b8f96406f, pid=20855, tid=139755360061184
#
# JRE version: Java(TM) SE Runtime Environment (8.0_40-b26) (build 1.8.0_40-b26)
# Java VM: Java HotSpot(TM) 64-Bit Server VM (25.40-b25 mixed mode linux-amd64 compressed oops)
# Problematic frame:
# C  [ld-linux-x86-64.so.2+0x706f]
#
# Failed to write core dump. Core dumps have been disabled. To enable core dumping, try "ulimit -c unlimited" before starting Java again
#
# If you would like to submit a bug report, please visit:
#   http://bugreport.java.com/bugreport/crash.jsp
#

---------------  T H R E A D  ---------------

Current thread (0x00007f1b881c9800):  VMThread [stack: 0x00007f1b54878000,0x00007f1b54979000] [id=20868]

siginfo: si_signo: 11 (SIGSEGV), si_code: 2 (SEGV_ACCERR), si_addr: 0x00007f1b300321a8

Registers:
RAX=0x00007f1b300321a0, RBX=0x0000000000000003, RCX=0x000000000ffffee4, RDX=0x00007f1b30032330
RSP=0x00007f1b54976e00, RBP=0x00007f1b54976f60, RSI=0x00007f1b30032000, RDI=0x000000006fffffff
R8 =0x0000000070000021, R9 =0x000000006ffffdff, R10=0x00007f1b2c0015d0, R11=0x000000006ffffeff
R12=0x00007f1b2c001590, R13=0x00007f1b54977030, R14=0x0000000000000002, R15=0x00007f1b30043c10
RIP=0x00007f1b8f96406f, EFLAGS=0x0000000000010206, CSGSFS=0x0000000000000033, ERR=0x0000000000000007
  TRAPNO=0x000000000000000e

Top of Stack: (sp=0x00007f1b54976e00)
0x00007f1b54976e00:   00007f1b0417f908 0000000000000000
0x00007f1b54976e10:   0000000000000000 00007f1b8ee48450
0x00007f1b54976e20:   00007f1b0c8f5a70 00007f1b8ef258c0
0x00007f1b54976e30:   00007f1b8ef258c0 00007f1b8ef258c0
0x00007f1b54976e40:   00007f1b30043c10 00007f1b30043ba8
0x00007f1b54976e50:   00007f1b54976e00 00007f1b2c000af0
0x00007f1b54976e60:   00007f1abc0b9eb0 00007f1b8fb81240
0x00007f1b54976e70:   0000003500030190 0000000000011c10
0x00007f1b54976e80:   00007f1b54976fe8 00000fe36a92edad
0x00007f1b54976e90:   0000000000000007 00007f1b54976d68
0x00007f1b54976ea0:   0000000000000801 00000000000a209f
0x00007f1b54976eb0:   0000000000000001 000003e8000081a4
0x00007f1b54976ec0:   00000000000003e8 0000000000000000
0x00007f1b54976ed0:   0000000000012608 0000000000001000
0x00007f1b54976ee0:   0000000000000098 0000000055154ef4
0x00007f1b54976ef0:   00000000327859c9 0000000055154ef4
0x00007f1b54976f00:   000000002f9becdb 0000000055154ef4
0x00007f1b54976f10:   000000002f9becdb 0000000000000000
0x00007f1b54976f20:   0000000000000000 0000000000000000
0x00007f1b54976f30:   0000000000000061 00007f1abc0b9eb0
0x00007f1b54976f40:   0000000000000000 0000000090000001
0x00007f1b54976f50:   00007f1b8fb80060 0000000000000035
0x00007f1b54976f60:   0000000000000000 00007f1b8f965945
0x00007f1b54976f70:   00007f1b90000001 00007f1b54976fe0
0x00007f1b54976f80:   0000000000000000 0000000000000000
0x00007f1b54976f90:   00007f1b0c8f3e70 00007f1b00000000
0x00007f1b54976fa0:   0000000200000000 0000000010000000
0x00007f1b54976fb0:   00007f1bffffffff 00007f1b00000000
0x00007f1b54976fc0:   ffffffdc00000000 00007f1b8efdaa5e
0x00007f1b54976fd0:   ffffffffffffff00 00007f1b2c000af0
0x00007f1b54976fe0:   00007fff68feea00 0000000000000340
0x00007f1b54976ff0:   00010102464c457f 0000000000000000 

Instructions: (pc=0x00007f1b8f96406f)
0x00007f1b8f96404f:   49 89 54 c4 40 48 83 c2 10 48 8b 02 48 85 c0 75
0x00007f1b8f96405f:   ca 48 85 f6 74 79 49 8b 44 24 60 48 85 c0 74 04
0x00007f1b8f96406f:   48 01 70 08 49 8b 44 24 58 48 85 c0 74 04 48 01
0x00007f1b8f96407f:   70 08 49 8b 44 24 68 48 85 c0 74 04 48 01 70 08 

Register to memory mapping:

RAX=0x00007f1b300321a0 is an unknown value
RBX=0x0000000000000003 is an unknown value
RCX=0x000000000ffffee4 is an unknown value
RDX=0x00007f1b30032330 is an unknown value
RSP=0x00007f1b54976e00 is an unknown value
RBP=0x00007f1b54976f60 is an unknown value
RSI=0x00007f1b30032000 is an unknown value
RDI=0x000000006fffffff is an unknown value
R8 =0x0000000070000021 is an unknown value
R9 =0x000000006ffffdff is an unknown value
R10=0x00007f1b2c0015d0 is an unknown value
R11=0x000000006ffffeff is an unknown value
R12=0x00007f1b2c001590 is an unknown value
R13=0x00007f1b54977030 is an unknown value
R14=0x0000000000000002 is an unknown value
R15=0x00007f1b30043c10 is an unknown value


Stack: [0x00007f1b54878000,0x00007f1b54979000],  sp=0x00007f1b54976e00,  free space=1019k
Native frames: (J=compiled Java code, j=interpreted, Vv=VM code, C=native code)
C  [ld-linux-x86-64.so.2+0x706f]

VM_Operation (0x00007f1ae9fa4520): LinuxDllLoad, mode: safepoint, requested by thread 0x00007f1ac8095000


---------------  P R O C E S S  ---------------

Java Threads: ( => current thread )
  0x00007f1abc083800 JavaThread "process reaper" daemon [_thread_blocked, id=20928, stack(0x00007f1af802e000,0x00007f1af8067000)]
  0x00007f1ac8095000 JavaThread "SwingWorker-pool-2-thread-1" daemon [_thread_blocked, id=20924, stack(0x00007f1ae9ea9000,0x00007f1ae9faa000)]
  0x00007f1ac8013000 JavaThread "TimerQueue" daemon [_thread_blocked, id=20922, stack(0x00007f1ae8ffe000,0x00007f1ae90ff000)]
  0x00007f1ac8005800 JavaThread "org.netbeans.modules.debugger.jpda.visual AWT Access Loop" daemon [_thread_blocked, id=20895, stack(0x00007f1ae9ba8000,0x00007f1ae9ca9000)]
  0x00007f1ad4138800 JavaThread "AWT-EventQueue-0" [_thread_blocked, id=20893, stack(0x00007f1aea1aa000,0x00007f1aea2ab000)]
  0x00007f1ad4137000 JavaThread "AWT-Shutdown" [_thread_blocked, id=20892, stack(0x00007f1aea2ab000,0x00007f1aea3ac000)]
  0x00007f1ad4105000 JavaThread "AWT-XAWT" daemon [_thread_in_native, id=20891, stack(0x00007f1aea3ac000,0x00007f1aea4ad000)]
  0x00007f1ad40eb000 JavaThread "Java2D Disposer" daemon [_thread_blocked, id=20890, stack(0x00007f1aea4ad000,0x00007f1aea5ae000)]
  0x00007f1b8846d000 JavaThread "JavaFX-Launcher" [_thread_blocked, id=20889, stack(0x00007f1aeaf52000,0x00007f1aeb053000)]
  0x00007f1b88468000 JavaThread "JavaFX Application Thread" [_thread_in_native, id=20888, stack(0x00007f1aeb053000,0x00007f1aeb154000)]
  0x00007f1b88464000 JavaThread "Thread-1" daemon [_thread_blocked, id=20887, stack(0x00007f1aeb154000,0x00007f1aeb255000)]
  0x00007f1b8839a000 JavaThread "QuantumRenderer-0" daemon [_thread_blocked, id=20884, stack(0x00007f1b30126000,0x00007f1b30227000)]
  0x00007f1b8822e000 JavaThread "Service Thread" daemon [_thread_blocked, id=20882, stack(0x00007f1b303fb000,0x00007f1b304fc000)]
  0x00007f1b88220800 JavaThread "C1 CompilerThread3" daemon [_thread_blocked, id=20881, stack(0x00007f1b304fc000,0x00007f1b305fd000)]
  0x00007f1b8821e000 JavaThread "C2 CompilerThread2" daemon [_thread_in_native, id=20880, stack(0x00007f1b305fd000,0x00007f1b306fe000)]
  0x00007f1b8821c800 JavaThread "C2 CompilerThread1" daemon [_thread_blocked, id=20879, stack(0x00007f1b306fe000,0x00007f1b307ff000)]
  0x00007f1b88219800 JavaThread "C2 CompilerThread0" daemon [_thread_blocked, id=20878, stack(0x00007f1b307ff000,0x00007f1b30900000)]
  0x00007f1b20001000 JavaThread "JDWP Command Reader" daemon [_thread_in_native, id=20876, stack(0x00007f1b5406e000,0x00007f1b5416f000)]
  0x00007f1b88217800 JavaThread "JDWP Event Helper Thread" daemon [_thread_blocked, id=20874, stack(0x00007f1b5416f000,0x00007f1b54270000)]
  0x00007f1b88214000 JavaThread "JDWP Transport Listener: dt_socket" daemon [_thread_blocked, id=20872, stack(0x00007f1b54270000,0x00007f1b54371000)]
  0x00007f1b88207800 JavaThread "Signal Dispatcher" daemon [_thread_blocked, id=20871, stack(0x00007f1b54575000,0x00007f1b54676000)]
  0x00007f1b881d0800 JavaThread "Finalizer" daemon [_thread_blocked, id=20870, stack(0x00007f1b54676000,0x00007f1b54777000)]
  0x00007f1b881ce800 JavaThread "Reference Handler" daemon [_thread_blocked, id=20869, stack(0x00007f1b54777000,0x00007f1b54878000)]
  0x00007f1b8800c000 JavaThread "main" [_thread_blocked, id=20859, stack(0x00007f1b8fa57000,0x00007f1b8fb58000)]

Other Threads:
=>0x00007f1b881c9800 VMThread [stack: 0x00007f1b54878000,0x00007f1b54979000] [id=20868]
  0x00007f1b88230800 WatcherThread [stack: 0x00007f1b302fa000,0x00007f1b303fb000] [id=20883]

VM state:at safepoint (normal execution)

VM Mutex/Monitor currently owned by a thread:  ([mutex/lock_event])
[0x00007f1b88008690] Threads_lock - owner thread: 0x00007f1b881c9800

Heap:
 PSYoungGen      total 575488K, used 33085K [0x0000000670b00000, 0x0000000698700000, 0x00000007c0000000)
  eden space 512000K, 6% used [0x0000000670b00000,0x0000000672b4f740,0x000000068ff00000)
  from space 63488K, 0% used [0x0000000694100000,0x0000000694100000,0x0000000697f00000)
  to   space 67584K, 0% used [0x000000068ff00000,0x000000068ff00000,0x0000000694100000)
 ParOldGen       total 373760K, used 56273K [0x00000003d2000000, 0x00000003e8d00000, 0x0000000670b00000)
  object space 373760K, 15% used [0x00000003d2000000,0x00000003d56f4560,0x00000003e8d00000)
 Metaspace       used 21431K, capacity 21832K, committed 22192K, reserved 1069056K
  class space    used 2570K, capacity 2712K, committed 2816K, reserved 1048576K

Card table byte_map: [0x00007f1b76ccf000,0x00007f1b78c40000] byte_map_base: 0x00007f1b74e3f000

Marking Bits: (ParMarkBitMap*) 0x00007f1b8ef336c0
 Begin Bits: [0x00007f1b30900000, 0x00007f1b40480000)
 End Bits:   [0x00007f1b40480000, 0x00007f1b50000000)

Polling page: 0x00007f1b8fb7c000

CodeCache: size=245760Kb used=10063Kb max_used=10724Kb free=235696Kb
 bounds [0x00007f1b79000000, 0x00007f1b79a90000, 0x00007f1b88000000]
 total_blobs=3691 nmethods=2997 adapters=613
 compilation: enabled

Compilation events (10 events):
Event: 13,118 Thread 0x00007f1b88219800 nmethod 3303 0x00007f1b79743710 code [0x00007f1b797439a0, 0x00007f1b79746410]
Event: 13,119 Thread 0x00007f1b88219800 3329       4       java.util.jar.JarFile$JarEntryIterator::nextElement (5 bytes)
Event: 13,125 Thread 0x00007f1b8821e000 nmethod 3304 0x00007f1b79325410 code [0x00007f1b79325640, 0x00007f1b79325ec8]
Event: 13,125 Thread 0x00007f1b8821e000 3330       4       java.util.zip.ZipFile$ZipEntryIterator::nextElement (5 bytes)
Event: 13,128 Thread 0x00007f1b88220800 3342       3       sun.misc.URLClassPath$JarLoader$2::getManifest (11 bytes)
Event: 13,128 Thread 0x00007f1b88220800 nmethod 3342 0x00007f1b796fead0 code [0x00007f1b796fec40, 0x00007f1b796fee88]
Event: 13,133 Thread 0x00007f1b88220800 3343       3       java.util.HashMap::getNode (148 bytes)
Event: 13,134 Thread 0x00007f1b88220800 nmethod 3343 0x00007f1b796f9890 code [0x00007f1b796f9a60, 0x00007f1b796fa428]
Event: 13,136 Thread 0x00007f1b8821c800 nmethod 3288 0x00007f1b79365cd0 code [0x00007f1b793660e0, 0x00007f1b79368b08]
Event: 13,136 Thread 0x00007f1b8821c800 3339       4       com.jogamp.common.util.IOUtil::slashify (84 bytes)

GC Heap History (10 events):
Event: 11,812 GC heap before
{Heap before GC invocations=3 (full 0):
 PSYoungGen      total 300544K, used 264856K [0x0000000670b00000, 0x0000000685a00000, 0x00000007c0000000)
  eden space 258048K, 100% used [0x0000000670b00000,0x0000000680700000,0x0000000680700000)
  from space 42496K, 16% used [0x0000000683080000,0x0000000683726070,0x0000000685a00000)
  to   space 42496K, 0% used [0x0000000680700000,0x0000000680700000,0x0000000683080000)
 ParOldGen       total 687104K, used 32K [0x00000003d2000000, 0x00000003fbf00000, 0x0000000670b00000)
  object space 687104K, 0% used [0x00000003d2000000,0x00000003d2008000,0x00000003fbf00000)
 Metaspace       used 20166K, capacity 20576K, committed 20864K, reserved 1067008K
  class space    used 2440K, capacity 2576K, committed 2688K, reserved 1048576K
Event: 11,828 GC heap after
Heap after GC invocations=3 (full 0):
 PSYoungGen      total 300544K, used 22312K [0x0000000670b00000, 0x0000000685a00000, 0x00000007c0000000)
  eden space 258048K, 0% used [0x0000000670b00000,0x0000000670b00000,0x0000000680700000)
  from space 42496K, 52% used [0x0000000680700000,0x0000000681cca000,0x0000000683080000)
  to   space 42496K, 0% used [0x0000000683080000,0x0000000683080000,0x0000000685a00000)
 ParOldGen       total 687104K, used 40K [0x00000003d2000000, 0x00000003fbf00000, 0x0000000670b00000)
  object space 687104K, 0% used [0x00000003d2000000,0x00000003d200a000,0x00000003fbf00000)
 Metaspace       used 20166K, capacity 20576K, committed 20864K, reserved 1067008K
  class space    used 2440K, capacity 2576K, committed 2688K, reserved 1048576K
}
Event: 12,093 GC heap before
{Heap before GC invocations=4 (full 0):
 PSYoungGen      total 300544K, used 280360K [0x0000000670b00000, 0x0000000685a00000, 0x00000007c0000000)
  eden space 258048K, 100% used [0x0000000670b00000,0x0000000680700000,0x0000000680700000)
  from space 42496K, 52% used [0x0000000680700000,0x0000000681cca000,0x0000000683080000)
  to   space 42496K, 0% used [0x0000000683080000,0x0000000683080000,0x0000000685a00000)
 ParOldGen       total 687104K, used 40K [0x00000003d2000000, 0x00000003fbf00000, 0x0000000670b00000)
  object space 687104K, 0% used [0x00000003d2000000,0x00000003d200a000,0x00000003fbf00000)
 Metaspace       used 20189K, capacity 20640K, committed 20864K, reserved 1067008K
  class space    used 2440K, capacity 2576K, committed 2688K, reserved 1048576K
Event: 12,129 GC heap after
Heap after GC invocations=4 (full 0):
 PSYoungGen      total 300544K, used 38641K [0x0000000670b00000, 0x0000000695600000, 0x00000007c0000000)
  eden space 258048K, 0% used [0x0000000670b00000,0x0000000670b00000,0x0000000680700000)
  from space 42496K, 90% used [0x0000000683080000,0x000000068563c558,0x0000000685a00000)
  to   space 42496K, 0% used [0x0000000680700000,0x0000000680700000,0x0000000683080000)
 ParOldGen       total 687104K, used 48K [0x00000003d2000000, 0x00000003fbf00000, 0x0000000670b00000)
  object space 687104K, 0% used [0x00000003d2000000,0x00000003d200c000,0x00000003fbf00000)
 Metaspace       used 20189K, capacity 20640K, committed 20864K, reserved 1067008K
  class space    used 2440K, capacity 2576K, committed 2688K, reserved 1048576K
}
Event: 12,401 GC heap before
{Heap before GC invocations=5 (full 0):
 PSYoungGen      total 300544K, used 296689K [0x0000000670b00000, 0x0000000695600000, 0x00000007c0000000)
  eden space 258048K, 100% used [0x0000000670b00000,0x0000000680700000,0x0000000680700000)
  from space 42496K, 90% used [0x0000000683080000,0x000000068563c558,0x0000000685a00000)
  to   space 42496K, 0% used [0x0000000680700000,0x0000000680700000,0x0000000683080000)
 ParOldGen       total 687104K, used 48K [0x00000003d2000000, 0x00000003fbf00000, 0x0000000670b00000)
  object space 687104K, 0% used [0x00000003d2000000,0x00000003d200c000,0x00000003fbf00000)
 Metaspace       used 20197K, capacity 20640K, committed 20864K, reserved 1067008K
  class space    used 2440K, capacity 2576K, committed 2688K, reserved 1048576K
Event: 12,440 GC heap after
Heap after GC invocations=5 (full 0):
 PSYoungGen      total 300544K, used 42476K [0x0000000670b00000, 0x0000000697f00000, 0x00000007c0000000)
  eden space 258048K, 0% used [0x0000000670b00000,0x0000000670b00000,0x0000000680700000)
  from space 42496K, 99% used [0x0000000680700000,0x000000068307b008,0x0000000683080000)
  to   space 63488K, 0% used [0x0000000694100000,0x0000000694100000,0x0000000697f00000)
 ParOldGen       total 687104K, used 12880K [0x00000003d2000000, 0x00000003fbf00000, 0x0000000670b00000)
  object space 687104K, 1% used [0x00000003d2000000,0x00000003d2c94000,0x00000003fbf00000)
 Metaspace       used 20197K, capacity 20640K, committed 20864K, reserved 1067008K
  class space    used 2440K, capacity 2576K, committed 2688K, reserved 1048576K
}
Event: 12,636 GC heap before
{Heap before GC invocations=6 (full 0):
 PSYoungGen      total 300544K, used 61250K [0x0000000670b00000, 0x0000000697f00000, 0x00000007c0000000)
  eden space 258048K, 7% used [0x0000000670b00000,0x0000000671d557f8,0x0000000680700000)
  from space 42496K, 99% used [0x0000000680700000,0x000000068307b008,0x0000000683080000)
  to   space 63488K, 0% used [0x0000000694100000,0x0000000694100000,0x0000000697f00000)
 ParOldGen       total 687104K, used 12880K [0x00000003d2000000, 0x00000003fbf00000, 0x0000000670b00000)
  object space 687104K, 1% used [0x00000003d2000000,0x00000003d2c94000,0x00000003fbf00000)
 Metaspace       used 20668K, capacity 21056K, committed 21296K, reserved 1069056K
  class space    used 2476K, capacity 2608K, committed 2688K, reserved 1048576K
Event: 12,663 GC heap after
Heap after GC invocations=6 (full 0):
 PSYoungGen      total 575488K, used 43769K [0x0000000670b00000, 0x0000000698700000, 0x00000007c0000000)
  eden space 512000K, 0% used [0x0000000670b00000,0x0000000670b00000,0x000000068ff00000)
  from space 63488K, 68% used [0x0000000694100000,0x0000000696bbe718,0x0000000697f00000)
  to   space 67584K, 0% used [0x000000068ff00000,0x000000068ff00000,0x0000000694100000)
 ParOldGen       total 687104K, used 12888K [0x00000003d2000000, 0x00000003fbf00000, 0x0000000670b00000)
  object space 687104K, 1% used [0x00000003d2000000,0x00000003d2c96000,0x00000003fbf00000)
 Metaspace       used 20668K, capacity 21056K, committed 21296K, reserved 1069056K
  class space    used 2476K, capacity 2608K, committed 2688K, reserved 1048576K
}
Event: 12,663 GC heap before
{Heap before GC invocations=7 (full 1):
 PSYoungGen      total 575488K, used 43769K [0x0000000670b00000, 0x0000000698700000, 0x00000007c0000000)
  eden space 512000K, 0% used [0x0000000670b00000,0x0000000670b00000,0x000000068ff00000)
  from space 63488K, 68% used [0x0000000694100000,0x0000000696bbe718,0x0000000697f00000)
  to   space 67584K, 0% used [0x000000068ff00000,0x000000068ff00000,0x0000000694100000)
 ParOldGen       total 687104K, used 12888K [0x00000003d2000000, 0x00000003fbf00000, 0x0000000670b00000)
  object space 687104K, 1% used [0x00000003d2000000,0x00000003d2c96000,0x00000003fbf00000)
 Metaspace       used 20668K, capacity 21056K, committed 21296K, reserved 1069056K
  class space    used 2476K, capacity 2608K, committed 2688K, reserved 1048576K
Event: 12,890 GC heap after
Heap after GC invocations=7 (full 1):
 PSYoungGen      total 575488K, used 0K [0x0000000670b00000, 0x0000000698700000, 0x00000007c0000000)
  eden space 512000K, 0% used [0x0000000670b00000,0x0000000670b00000,0x000000068ff00000)
  from space 63488K, 0% used [0x0000000694100000,0x0000000694100000,0x0000000697f00000)
  to   space 67584K, 0% used [0x000000068ff00000,0x000000068ff00000,0x0000000694100000)
 ParOldGen       total 373760K, used 56273K [0x00000003d2000000, 0x00000003e8d00000, 0x0000000670b00000)
  object space 373760K, 15% used [0x00000003d2000000,0x00000003d56f4560,0x00000003e8d00000)
 Metaspace       used 20668K, capacity 21056K, committed 21296K, reserved 1069056K
  class space    used 2476K, capacity 2608K, committed 2688K, reserved 1048576K
}

Deoptimization events (10 events):
Event: 12,914 Thread 0x00007f1ac8095000 Uncommon trap: reason=unstable_if action=reinterpret pc=0x00007f1b7946e638 method=java.lang.String.substring(I)Ljava/lang/String; @ 35
Event: 12,922 Thread 0x00007f1ac8095000 Uncommon trap: reason=unstable_if action=reinterpret pc=0x00007f1b792b6bf4 method=java.lang.String.replace(CC)Ljava/lang/String; @ 26
Event: 12,924 Thread 0x00007f1abc083800 Uncommon trap: reason=class_check action=maybe_recompile pc=0x00007f1b793a1e34 method=java.util.concurrent.locks.AbstractQueuedSynchronizer.release(I)Z @ 2
Event: 12,925 Thread 0x00007f1abc083800 Uncommon trap: reason=class_check action=maybe_recompile pc=0x00007f1b793a1e34 method=java.util.concurrent.locks.AbstractQueuedSynchronizer.release(I)Z @ 2
Event: 12,929 Thread 0x00007f1abc083800 Uncommon trap: reason=class_check action=maybe_recompile pc=0x00007f1b793a1e34 method=java.util.concurrent.locks.AbstractQueuedSynchronizer.release(I)Z @ 2
Event: 12,936 Thread 0x00007f1ac8095000 Uncommon trap: reason=unstable_if action=reinterpret pc=0x00007f1b792c73a4 method=java.util.HashMap.getNode(ILjava/lang/Object;)Ljava/util/HashMap$Node; @ 62
Event: 12,936 Thread 0x00007f1ac8095000 Uncommon trap: reason=unstable_if action=reinterpret pc=0x00007f1b792b5748 method=java.util.HashMap.putVal(ILjava/lang/Object;Ljava/lang/Object;ZZ)Ljava/lang/Object; @ 94
Event: 13,057 Thread 0x00007f1ac8095000 Uncommon trap: reason=class_check action=maybe_recompile pc=0x00007f1b79183828 method=java.util.regex.Pattern$Curly.match(Ljava/util/regex/Matcher;ILjava/lang/CharSequence;)Z @ 19
Event: 13,057 Thread 0x00007f1ac8095000 Uncommon trap: reason=unstable_if action=reinterpret pc=0x00007f1b79183874 method=java.util.regex.Pattern$Curly.match(Ljava/util/regex/Matcher;ILjava/lang/CharSequence;)Z @ 9
Event: 13,058 Thread 0x00007f1ac8095000 Uncommon trap: reason=unstable_if action=reinterpret pc=0x00007f1b792bc73c method=java.util.HashMap.getNode(ILjava/lang/Object;)Ljava/util/HashMap$Node; @ 62

Internal exceptions (10 events):
Event: 0,925 Thread 0x00007f1b88468000 Implicit null exception at 0x00007f1b7927642f to 0x00007f1b7927649d
Event: 2,426 Thread 0x00007f1ad4138800 Implicit null exception at 0x00007f1b794ef830 to 0x00007f1b794effc9
Event: 2,449 Thread 0x00007f1ad4138800 Implicit null exception at 0x00007f1b79555c10 to 0x00007f1b79555c6c
Event: 2,622 Thread 0x00007f1ad4138800 Exception <a 'java/lang/UnsupportedOperationException': > (0x0000000671740d90) thrown at [/HUDSON/workspace/8-2-build-linux-amd64/jdk8u40/3098/hotspot/src/share/vm/prims/jni.cpp, line 735]
Event: 4,547 Thread 0x00007f1ad4138800 Exception <a 'java/lang/UnsupportedOperationException': > (0x000000067eba1d68) thrown at [/HUDSON/workspace/8-2-build-linux-amd64/jdk8u40/3098/hotspot/src/share/vm/prims/jni.cpp, line 735]
Event: 9,586 Thread 0x00007f1ad4138800 Implicit null exception at 0x00007f1b794295f5 to 0x00007f1b7942afb5
Event: 9,625 Thread 0x00007f1ad4138800 Implicit null exception at 0x00007f1b7985bc5c to 0x00007f1b7985d22d
Event: 12,608 Thread 0x00007f1ac8095000 Implicit null exception at 0x00007f1b792e2c8f to 0x00007f1b792e33e5
Event: 12,932 Thread 0x00007f1abc087000 Exception <a 'java/io/FileNotFoundException'> (0x0000000671792028) thrown at [/HUDSON/workspace/8-2-build-linux-amd64/jdk8u40/3098/hotspot/src/share/vm/prims/jni.cpp, line 709]
Event: 12,935 Thread 0x00007f1ac8095000 Exception <a 'java/io/FileNotFoundException'> (0x0000000670da7648) thrown at [/HUDSON/workspace/8-2-build-linux-amd64/jdk8u40/3098/hotspot/src/share/vm/prims/jni.cpp, line 709]

Events (10 events):
Event: 13,139 Thread 0x00007f1ac8095000 DEOPT UNPACKING pc=0x00007f1b79047633 sp=0x00007f1ae9fa3620 mode 1
Event: 13,140 loading class jogamp/nativewindow/NWJNILibLoader$1
Event: 13,140 loading class jogamp/nativewindow/NWJNILibLoader$1 done
Event: 13,140 Thread 0x00007f1ac8095000 DEOPT PACKING pc=0x00007f1b791eefb1 sp=0x00007f1ae9fa4df0
Event: 13,140 Thread 0x00007f1ac8095000 DEOPT UNPACKING pc=0x00007f1b79047633 sp=0x00007f1ae9fa4b60 mode 1
Event: 13,140 Thread 0x00007f1ac8095000 DEOPT PACKING pc=0x00007f1b79177594 sp=0x00007f1ae9fa4e70
Event: 13,140 Thread 0x00007f1ac8095000 DEOPT UNPACKING pc=0x00007f1b79047633 sp=0x00007f1ae9fa4cb0 mode 1
Event: 13,140 Thread 0x00007f1ac8095000 DEOPT PACKING pc=0x00007f1b79177334 sp=0x00007f1ae9fa5000
Event: 13,140 Thread 0x00007f1ac8095000 DEOPT UNPACKING pc=0x00007f1b79047633 sp=0x00007f1ae9fa4e40 mode 1
Event: 13,140 Executing VM operation: LinuxDllLoad


Dynamic libraries:
00400000-00401000 r-xp 00000000 08:03 107611431                          /home/calcul/Téléchargements/jdk1.8.0_40/jre/bin/java
00600000-00601000 rw-p 00000000 08:03 107611431                          /home/calcul/Téléchargements/jdk1.8.0_40/jre/bin/java
0219f000-021c0000 rw-p 00000000 00:00 0                                  [heap]
3d2000000-3e8d00000 rw-p 00000000 00:00 0 
3e8d00000-670b00000 ---p 00000000 00:00 0 
670b00000-698700000 rw-p 00000000 00:00 0 
698700000-7c0000000 ---p 00000000 00:00 0 
7c0000000-7c02c0000 rw-p 00000000 00:00 0 
7c02c0000-800000000 ---p 00000000 00:00 0 
7f1aac000000-7f1aac021000 rw-p 00000000 00:00 0 
7f1aac021000-7f1ab0000000 ---p 00000000 00:00 0 
7f1ab4000000-7f1ab4021000 rw-p 00000000 00:00 0 
7f1ab4021000-7f1ab8000000 ---p 00000000 00:00 0 
7f1ab8000000-7f1ab8021000 rw-p 00000000 00:00 0 
7f1ab8021000-7f1abc000000 ---p 00000000 00:00 0 
7f1abc000000-7f1abc0be000 rw-p 00000000 00:00 0 
7f1abc0be000-7f1ac0000000 ---p 00000000 00:00 0 
7f1ac0000000-7f1ac0021000 rw-p 00000000 00:00 0 
7f1ac0021000-7f1ac4000000 ---p 00000000 00:00 0 
7f1ac4000000-7f1ac4021000 rw-p 00000000 00:00 0 
7f1ac4021000-7f1ac8000000 ---p 00000000 00:00 0 
7f1ac8000000-7f1ac80c3000 rw-p 00000000 00:00 0 
7f1ac80c3000-7f1acc000000 ---p 00000000 00:00 0 
7f1acc000000-7f1acc021000 rw-p 00000000 00:00 0 
7f1acc021000-7f1ad0000000 ---p 00000000 00:00 0 
7f1ad0000000-7f1ad0026000 rw-p 00000000 00:00 0 
7f1ad0026000-7f1ad4000000 ---p 00000000 00:00 0 
7f1ad4000000-7f1ad44bb000 rw-p 00000000 00:00 0 
7f1ad44bb000-7f1ad8000000 ---p 00000000 00:00 0 
7f1ad8000000-7f1ad8021000 rw-p 00000000 00:00 0 
7f1ad8021000-7f1adc000000 ---p 00000000 00:00 0 
7f1adc000000-7f1adc022000 rw-p 00000000 00:00 0 
7f1adc022000-7f1ae0000000 ---p 00000000 00:00 0 
7f1ae0000000-7f1ae0021000 rw-p 00000000 00:00 0 
7f1ae0021000-7f1ae4000000 ---p 00000000 00:00 0 
7f1ae4000000-7f1ae4021000 rw-p 00000000 00:00 0 
7f1ae4021000-7f1ae8000000 ---p 00000000 00:00 0 
7f1ae83c6000-7f1ae83c7000 r-xp 00000000 08:03 107611308                  /home/calcul/Téléchargements/jdk1.8.0_40/jre/lib/amd64/libjawt.so
7f1ae83c7000-7f1ae85c6000 ---p 00001000 08:03 107611308                  /home/calcul/Téléchargements/jdk1.8.0_40/jre/lib/amd64/libjawt.so
7f1ae85c6000-7f1ae85c7000 rw-p 00000000 08:03 107611308                  /home/calcul/Téléchargements/jdk1.8.0_40/jre/lib/amd64/libjawt.so
7f1ae85c7000-7f1ae87c7000 rw-p 00000000 00:00 0 
7f1ae87c7000-7f1ae87cb000 rw-s 00000000 00:04 10878997                   /SYSV00000000 (deleted)
7f1ae8893000-7f1ae8895000 r-xp 00000000 08:01 663710                     /tmp/jogamp_0000/file_cache/jln8159611054852911048/jln4641202443682299052/libgluegen-rt.so
7f1ae8895000-7f1ae8a94000 ---p 00002000 08:01 663710                     /tmp/jogamp_0000/file_cache/jln8159611054852911048/jln4641202443682299052/libgluegen-rt.so
7f1ae8a94000-7f1ae8a95000 rw-p 00001000 08:01 663710                     /tmp/jogamp_0000/file_cache/jln8159611054852911048/jln4641202443682299052/libgluegen-rt.so
7f1ae8a95000-7f1ae8b81000 rw-p 00000000 00:00 0 
7f1ae8b81000-7f1ae8c95000 ---p 00000000 00:00 0 
7f1ae8c95000-7f1ae8cbf000 r-xp 00000000 08:03 107611319                  /home/calcul/Téléchargements/jdk1.8.0_40/jre/lib/amd64/libdcpr.so
7f1ae8cbf000-7f1ae8ebf000 ---p 0002a000 08:03 107611319                  /home/calcul/Téléchargements/jdk1.8.0_40/jre/lib/amd64/libdcpr.so
7f1ae8ebf000-7f1ae8ec2000 rw-p 0002a000 08:03 107611319                  /home/calcul/Téléchargements/jdk1.8.0_40/jre/lib/amd64/libdcpr.so
7f1ae8ec2000-7f1ae8ec3000 r--s 00000000 08:01 527938                     /var/cache/fontconfig/c05880de57d1f5e948fdfacc138775d9-le64.cache-4
7f1ae8ec3000-7f1ae8ece000 r--s 00000000 08:01 527931                     /var/cache/fontconfig/945677eb7aeaf62f1d50efc3fb3ec7d8-le64.cache-4
7f1ae8ece000-7f1ae8ed0000 r--s 00000000 08:01 527933                     /var/cache/fontconfig/99e8ed0e538f840c565b6ed5dad60d56-le64.cache-4
7f1ae8ed0000-7f1ae8ed9000 r--s 00000000 08:01 532349                     /var/cache/fontconfig/a6d8cf8e4ec09cdbc8633c31745a07dd-le64.cache-4
7f1ae8ed9000-7f1ae8edf000 r--s 00000000 08:01 527917                     /var/cache/fontconfig/2cd17615ca594fa2959ae173292e504c-le64.cache-4
7f1ae8edf000-7f1ae8ee0000 r--s 00000000 08:01 527948                     /var/cache/fontconfig/e7071f4a29fa870f4323321c154eba04-le64.cache-4
7f1ae8ee0000-7f1ae8ee1000 r--s 00000000 08:01 527914                     /var/cache/fontconfig/0d8c3b2ac0904cb8a57a757ad11a4a08-le64.cache-4
7f1ae8ee1000-7f1ae8ee8000 r--s 00000000 08:01 527935                     /var/cache/fontconfig/a755afe4a08bf5b97852ceb7400b47bc-le64.cache-4
7f1ae8ee8000-7f1ae8eec000 r--s 00000000 08:01 527926                     /var/cache/fontconfig/6d41288fd70b0be22e8c3a91e032eec0-le64.cache-4
7f1ae8eec000-7f1ae8f00000 r--s 00000000 08:01 527912                     /var/cache/fontconfig/04aabc0a78ac019cf9454389977116d2-le64.cache-4
7f1ae8f00000-7f1ae8f04000 r--s 00000000 08:01 527920                     /var/cache/fontconfig/385c0604a188198f04d133e54aba7fe7-le64.cache-4
7f1ae8f04000-7f1ae8f06000 r--s 00000000 08:01 527928                     /var/cache/fontconfig/767a8244fc0220cfb567a839d0392e0b-le64.cache-4
7f1ae8f06000-7f1ae8f41000 r--s 00000000 08:01 527940                     /var/cache/fontconfig/365b55f210c0a22e9a19e35191240f32-le64.cache-4
7f1ae8f41000-7f1ae8f48000 r--s 00000000 08:01 527918                     /var/cache/fontconfig/3047814df9a2f067bd2d96a2b9c36e5a-le64.cache-4
7f1ae8f48000-7f1ae8f4e000 r--s 00000000 08:01 527936                     /var/cache/fontconfig/b47c4e1ecd0709278f4910c18777a504-le64.cache-4
7f1ae8f4e000-7f1ae8f57000 r--s 00000000 08:01 532348                     /var/cache/fontconfig/52f7bdb7ce746bfd7eaa1985bd9cfa93-le64.cache-4
7f1ae8f57000-7f1ae8f6a000 r--s 00000000 08:01 527942                     /var/cache/fontconfig/d52a8644073d54c13679302ca1180695-le64.cache-4
7f1ae8f6a000-7f1ae8f73000 r--s 00000000 08:01 529341                     /var/cache/fontconfig/3f7329c5293ffd510edef78f73874cfd-le64.cache-4
7f1ae8f73000-7f1ae8f91000 r--s 00000000 08:01 524339                     /var/cache/fontconfig/467c019e582ee353435ea5c21d137ef6-le64.cache-4
7f1ae8ffe000-7f1ae9001000 ---p 00000000 00:00 0 
7f1ae9001000-7f1ae90ff000 rw-p 00000000 00:00 0                          [stack:20922]
7f1ae90ff000-7f1ae9102000 ---p 00000000 00:00 0 
7f1ae9102000-7f1ae9400000 rw-p 00000000 00:00 0 
7f1ae9400000-7f1ae9403000 ---p 00000000 00:00 0 
7f1ae9403000-7f1ae9501000 rw-p 00000000 00:00 0 
7f1ae9501000-7f1ae956a000 r-xp 00000000 08:03 107611326                  /home/calcul/Téléchargements/jdk1.8.0_40/jre/lib/amd64/libt2k.so
7f1ae956a000-7f1ae9769000 ---p 00069000 08:03 107611326                  /home/calcul/Téléchargements/jdk1.8.0_40/jre/lib/amd64/libt2k.so
7f1ae9769000-7f1ae9770000 rw-p 00068000 08:03 107611326                  /home/calcul/Téléchargements/jdk1.8.0_40/jre/lib/amd64/libt2k.so
7f1ae9770000-7f1ae9780000 rw-p 00000000 00:00 0 
7f1ae9780000-7f1ae9791000 r-xp 00000000 08:03 107611350                  /home/calcul/Téléchargements/jdk1.8.0_40/jre/lib/amd64/libnio.so
7f1ae9791000-7f1ae9990000 ---p 00011000 08:03 107611350                  /home/calcul/Téléchargements/jdk1.8.0_40/jre/lib/amd64/libnio.so
7f1ae9990000-7f1ae9991000 rw-p 00010000 08:03 107611350                  /home/calcul/Téléchargements/jdk1.8.0_40/jre/lib/amd64/libnio.so
7f1ae9991000-7f1ae99a7000 r-xp 00000000 08:03 107611323                  /home/calcul/Téléchargements/jdk1.8.0_40/jre/lib/amd64/libnet.so
7f1ae99a7000-7f1ae9ba7000 ---p 00016000 08:03 107611323                  /home/calcul/Téléchargements/jdk1.8.0_40/jre/lib/amd64/libnet.so
7f1ae9ba7000-7f1ae9ba8000 rw-p 00016000 08:03 107611323                  /home/calcul/Téléchargements/jdk1.8.0_40/jre/lib/amd64/libnet.so
7f1ae9ba8000-7f1ae9bab000 ---p 00000000 00:00 0 
7f1ae9bab000-7f1ae9ea9000 rw-p 00000000 00:00 0                          [stack:20895]
7f1ae9ea9000-7f1ae9eac000 ---p 00000000 00:00 0 
7f1ae9eac000-7f1aea1aa000 rw-p 00000000 00:00 0                          [stack:20924]
7f1aea1aa000-7f1aea1ad000 ---p 00000000 00:00 0 
7f1aea1ad000-7f1aea2ab000 rw-p 00000000 00:00 0                          [stack:20893]
7f1aea2ab000-7f1aea2ae000 ---p 00000000 00:00 0 
7f1aea2ae000-7f1aea3ac000 rw-p 00000000 00:00 0                          [stack:20892]
7f1aea3ac000-7f1aea3af000 ---p 00000000 00:00 0 
7f1aea3af000-7f1aea4ad000 rw-p 00000000 00:00 0                          [stack:20891]
7f1aea4ad000-7f1aea4b0000 ---p 00000000 00:00 0 
7f1aea4b0000-7f1aea7ae000 rw-p 00000000 00:00 0                          [stack:20890]
7f1aea7ae000-7f1aea813000 r-xp 00000000 08:03 107611327                  /home/calcul/Téléchargements/jdk1.8.0_40/jre/lib/amd64/libfontmanager.so
7f1aea813000-7f1aeaa12000 ---p 00065000 08:03 107611327                  /home/calcul/Téléchargements/jdk1.8.0_40/jre/lib/amd64/libfontmanager.so
7f1aeaa12000-7f1aeaa16000 rw-p 00064000 08:03 107611327                  /home/calcul/Téléchargements/jdk1.8.0_40/jre/lib/amd64/libfontmanager.so
7f1aeaa16000-7f1aeaa27000 rw-p 00000000 00:00 0 
7f1aeaa27000-7f1aeaa7b000 r-xp 00000000 08:03 107611337                  /home/calcul/Téléchargements/jdk1.8.0_40/jre/lib/amd64/libawt_xawt.so
7f1aeaa7b000-7f1aeac7b000 ---p 00054000 08:03 107611337                  /home/calcul/Téléchargements/jdk1.8.0_40/jre/lib/amd64/libawt_xawt.so
7f1aeac7b000-7f1aeac7f000 rw-p 00054000 08:03 107611337                  /home/calcul/Téléchargements/jdk1.8.0_40/jre/lib/amd64/libawt_xawt.so
7f1aeac7f000-7f1aeac80000 rw-p 00000000 00:00 0 
7f1aeac80000-7f1aead22000 r-xp 00000000 08:03 107611344                  /home/calcul/Téléchargements/jdk1.8.0_40/jre/lib/amd64/libawt.so
7f1aead22000-7f1aeaf22000 ---p 000a2000 08:03 107611344                  /home/calcul/Téléchargements/jdk1.8.0_40/jre/lib/amd64/libawt.so
7f1aeaf22000-7f1aeaf2e000 rw-p 000a2000 08:03 107611344                  /home/calcul/Téléchargements/jdk1.8.0_40/jre/lib/amd64/libawt.so
7f1aeaf2e000-7f1aeaf52000 rw-p 00000000 00:00 0 
7f1aeaf52000-7f1aeaf55000 ---p 00000000 00:00 0 
7f1aeaf55000-7f1aeb053000 rw-p 00000000 00:00 0                          [stack:20889]
7f1aeb053000-7f1aeb056000 ---p 00000000 00:00 0 
7f1aeb056000-7f1aeb154000 rw-p 00000000 00:00 0                          [stack:20888]
7f1aeb154000-7f1aeb157000 ---p 00000000 00:00 0 
7f1aeb157000-7f1aeb255000 rw-p 00000000 00:00 0                          [stack:20887]
7f1aeb255000-7f1aeb256000 ---p 00000000 00:00 0 
7f1aeb256000-7f1aeba56000 rw-p 00000000 00:00 0                          [stack:20886]
7f1aeba56000-7f1aeba57000 ---p 00000000 00:00 0 
7f1aeba57000-7f1aec257000 rw-p 00000000 00:00 0                          [stack:20885]
7f1aec257000-7f1aec262000 r-xp 00000000 08:01 656478                     /usr/lib/x86_64-linux-gnu/gio/modules/libdconfsettings.so
7f1aec262000-7f1aec461000 ---p 0000b000 08:01 656478                     /usr/lib/x86_64-linux-gnu/gio/modules/libdconfsettings.so
7f1aec461000-7f1aec462000 r--p 0000a000 08:01 656478                     /usr/lib/x86_64-linux-gnu/gio/modules/libdconfsettings.so
7f1aec462000-7f1aec463000 rw-p 0000b000 08:01 656478                     /usr/lib/x86_64-linux-gnu/gio/modules/libdconfsettings.so
7f1aec463000-7f1aec46a000 r-xp 00000000 08:01 270532                     /usr/lib/x86_64-linux-gnu/libogg.so.0.8.1
7f1aec46a000-7f1aec66a000 ---p 00007000 08:01 270532                     /usr/lib/x86_64-linux-gnu/libogg.so.0.8.1
7f1aec66a000-7f1aec66b000 r--p 00007000 08:01 270532                     /usr/lib/x86_64-linux-gnu/libogg.so.0.8.1
7f1aec66b000-7f1aec66c000 rw-p 00008000 08:01 270532                     /usr/lib/x86_64-linux-gnu/libogg.so.0.8.1
7f1aec66c000-7f1aec697000 r-xp 00000000 08:01 270763                     /usr/lib/x86_64-linux-gnu/libvorbis.so.0.4.5
7f1aec697000-7f1aec897000 ---p 0002b000 08:01 270763                     /usr/lib/x86_64-linux-gnu/libvorbis.so.0.4.5
7f1aec897000-7f1aec898000 r--p 0002b000 08:01 270763                     /usr/lib/x86_64-linux-gnu/libvorbis.so.0.4.5
7f1aec898000-7f1aec899000 rw-p 0002c000 08:01 270763                     /usr/lib/x86_64-linux-gnu/libvorbis.so.0.4.5
7f1aec899000-7f1aec8a2000 r-xp 00000000 08:01 270454                     /usr/lib/x86_64-linux-gnu/libltdl.so.7.3.0
7f1aec8a2000-7f1aecaa1000 ---p 00009000 08:01 270454                     /usr/lib/x86_64-linux-gnu/libltdl.so.7.3.0
7f1aecaa1000-7f1aecaa2000 r--p 00008000 08:01 270454                     /usr/lib/x86_64-linux-gnu/libltdl.so.7.3.0
7f1aecaa2000-7f1aecaa3000 rw-p 00009000 08:01 270454                     /usr/lib/x86_64-linux-gnu/libltdl.so.7.3.0
7f1aecaa3000-7f1aecab5000 r-xp 00000000 08:01 270696                     /usr/lib/x86_64-linux-gnu/libtdb.so.1.2.11
7f1aecab5000-7f1aeccb4000 ---p 00012000 08:01 270696                     /usr/lib/x86_64-linux-gnu/libtdb.so.1.2.11
7f1aeccb4000-7f1aeccb5000 r--p 00011000 08:01 270696                     /usr/lib/x86_64-linux-gnu/libtdb.so.1.2.11
7f1aeccb5000-7f1aeccb6000 rw-p 00012000 08:01 270696                     /usr/lib/x86_64-linux-gnu/libtdb.so.1.2.11
7f1aeccb6000-7f1aeccbd000 r-xp 00000000 08:01 270767                     /usr/lib/x86_64-linux-gnu/libvorbisfile.so.3.3.4
7f1aeccbd000-7f1aecebc000 ---p 00007000 08:01 270767                     /usr/lib/x86_64-linux-gnu/libvorbisfile.so.3.3.4
7f1aecebc000-7f1aecebd000 r--p 00006000 08:01 270767                     /usr/lib/x86_64-linux-gnu/libvorbisfile.so.3.3.4
7f1aecebd000-7f1aecebe000 rw-p 00007000 08:01 270767                     /usr/lib/x86_64-linux-gnu/libvorbisfile.so.3.3.4
7f1aecebe000-7f1aececd000 r-xp 00000000 08:01 269997                     /usr/lib/x86_64-linux-gnu/libcanberra.so.0.2.5
7f1aececd000-7f1aed0cc000 ---p 0000f000 08:01 269997                     /usr/lib/x86_64-linux-gnu/libcanberra.so.0.2.5
7f1aed0cc000-7f1aed0cd000 r--p 0000e000 08:01 269997                     /usr/lib/x86_64-linux-gnu/libcanberra.so.0.2.5
7f1aed0cd000-7f1aed0ce000 rw-p 0000f000 08:01 269997                     /usr/lib/x86_64-linux-gnu/libcanberra.so.0.2.5
7f1aed0ce000-7f1aed0d2000 r-xp 00000000 08:01 269993                     /usr/lib/x86_64-linux-gnu/libcanberra-gtk.so.0.1.9
7f1aed0d2000-7f1aed2d1000 ---p 00004000 08:01 269993                     /usr/lib/x86_64-linux-gnu/libcanberra-gtk.so.0.1.9
7f1aed2d1000-7f1aed2d2000 r--p 00003000 08:01 269993                     /usr/lib/x86_64-linux-gnu/libcanberra-gtk.so.0.1.9
7f1aed2d2000-7f1aed2d3000 rw-p 00004000 08:01 269993                     /usr/lib/x86_64-linux-gnu/libcanberra-gtk.so.0.1.9
7f1aed2d3000-7f1aed2d8000 r-xp 00000000 08:01 656734                     /usr/lib/x86_64-linux-gnu/gtk-2.0/modules/libcanberra-gtk-module.so
7f1aed2d8000-7f1aed4d7000 ---p 00005000 08:01 656734                     /usr/lib/x86_64-linux-gnu/gtk-2.0/modules/libcanberra-gtk-module.so
7f1aed4d7000-7f1aed4d8000 r--p 00004000 08:01 656734                     /usr/lib/x86_64-linux-gnu/gtk-2.0/modules/libcanberra-gtk-module.so
7f1aed4d8000-7f1aed4d9000 rw-p 00005000 08:01 656734                     /usr/lib/x86_64-linux-gnu/gtk-2.0/modules/libcanberra-gtk-module.so
7f1aed4d9000-7f1aed508000 r-xp 00000000 08:01 656716                     /usr/lib/x86_64-linux-gnu/gtk-2.0/2.10.0/engines/libmurrine.so
7f1aed508000-7f1aed708000 ---p 0002f000 08:01 656716                     /usr/lib/x86_64-linux-gnu/gtk-2.0/2.10.0/engines/libmurrine.so
7f1aed708000-7f1aed709000 r--p 0002f000 08:01 656716                     /usr/lib/x86_64-linux-gnu/gtk-2.0/2.10.0/engines/libmurrine.so
7f1aed709000-7f1aed70a000 rw-p 00030000 08:01 656716                     /usr/lib/x86_64-linux-gnu/gtk-2.0/2.10.0/engines/libmurrine.so
7f1aed70a000-7f1aed71b000 r-xp 00000000 08:01 656737                     /usr/lib/x86_64-linux-gnu/gtk-2.0/modules/liboverlay-scrollbar.so
7f1aed71b000-7f1aed91a000 ---p 00011000 08:01 656737                     /usr/lib/x86_64-linux-gnu/gtk-2.0/modules/liboverlay-scrollbar.so
7f1aed91a000-7f1aed91b000 r--p 00010000 08:01 656737                     /usr/lib/x86_64-linux-gnu/gtk-2.0/modules/liboverlay-scrollbar.so
7f1aed91b000-7f1aed91c000 rw-p 00011000 08:01 656737                     /usr/lib/x86_64-linux-gnu/gtk-2.0/modules/liboverlay-scrollbar.so
7f1aed91c000-7f1aed947000 r-xp 00000000 08:03 107611297                  /home/calcul/Téléchargements/jdk1.8.0_40/jre/lib/amd64/libglass.so
7f1aed947000-7f1aedb46000 ---p 0002b000 08:03 107611297                  /home/calcul/Téléchargements/jdk1.8.0_40/jre/lib/amd64/libglass.so
7f1aedb46000-7f1aedb48000 r--p 0002a000 08:03 107611297                  /home/calcul/Téléchargements/jdk1.8.0_40/jre/lib/amd64/libglass.so
7f1aedb48000-7f1aedb49000 rw-p 0002c000 08:03 107611297                  /home/calcul/Téléchargements/jdk1.8.0_40/jre/lib/amd64/libglass.so
7f1aedb49000-7f1aedb4a000 rw-p 00000000 00:00 0 
7f1aedb4a000-7f1aedb7c000 r-xp 00000000 08:01 270722                     /usr/lib/x86_64-linux-gnu/libtxc_dxtn_s2tc.so.0.0.0
7f1aedb7c000-7f1aedd7b000 ---p 00032000 08:01 270722                     /usr/lib/x86_64-linux-gnu/libtxc_dxtn_s2tc.so.0.0.0
7f1aedd7b000-7f1aedd7c000 r--p 00031000 08:01 270722                     /usr/lib/x86_64-linux-gnu/libtxc_dxtn_s2tc.so.0.0.0
7f1aedd7c000-7f1aedd7d000 rw-p 00032000 08:01 270722                     /usr/lib/x86_64-linux-gnu/libtxc_dxtn_s2tc.so.0.0.0
7f1aedd7d000-7f1aef2c0000 r-xp 00000000 08:01 269745                     /usr/lib/x86_64-linux-gnu/libLLVM-3.3.so.1
7f1aef2c0000-7f1aef2c1000 ---p 01543000 08:01 269745                     /usr/lib/x86_64-linux-gnu/libLLVM-3.3.so.1
7f1aef2c1000-7f1aef3d6000 r--p 01543000 08:01 269745                     /usr/lib/x86_64-linux-gnu/libLLVM-3.3.so.1
7f1aef3d6000-7f1aef3d8000 rw-p 01658000 08:01 269745                     /usr/lib/x86_64-linux-gnu/libLLVM-3.3.so.1
7f1aef3d8000-7f1aef3eb000 rw-p 00000000 00:00 0 
7f1aef3eb000-7f1aef3f0000 r-xp 00000000 08:01 268846                     /usr/lib/x86_64-linux-gnu/libdrm_nouveau.so.2.0.0
7f1aef3f0000-7f1aef5ef000 ---p 00005000 08:01 268846                     /usr/lib/x86_64-linux-gnu/libdrm_nouveau.so.2.0.0
7f1aef5ef000-7f1aef5f0000 r--p 00004000 08:01 268846                     /usr/lib/x86_64-linux-gnu/libdrm_nouveau.so.2.0.0
7f1aef5f0000-7f1aef5f1000 rw-p 00005000 08:01 268846                     /usr/lib/x86_64-linux-gnu/libdrm_nouveau.so.2.0.0
7f1aef5f1000-7f1aef80f000 r-xp 00000000 08:01 270170                     /usr/lib/x86_64-linux-gnu/libgallium.so.0.0.0
7f1aef80f000-7f1aefa0e000 ---p 0021e000 08:01 270170                     /usr/lib/x86_64-linux-gnu/libgallium.so.0.0.0
7f1aefa0e000-7f1aefa1f000 r--p 0021d000 08:01 270170                     /usr/lib/x86_64-linux-gnu/libgallium.so.0.0.0
7f1aefa1f000-7f1aefa22000 rw-p 0022e000 08:01 270170                     /usr/lib/x86_64-linux-gnu/libgallium.so.0.0.0
7f1aefa22000-7f1aefbea000 rw-p 00000000 00:00 0 
7f1aefbea000-7f1aeffa8000 r-xp 00000000 08:01 270081                     /usr/lib/x86_64-linux-gnu/libdricore9.2.1.so.1.0.0
7f1aeffa8000-7f1af01a7000 ---p 003be000 08:01 270081                     /usr/lib/x86_64-linux-gnu/libdricore9.2.1.so.1.0.0
7f1af01a7000-7f1af01b7000 r--p 003bd000 08:01 270081                     /usr/lib/x86_64-linux-gnu/libdricore9.2.1.so.1.0.0
7f1af01b7000-7f1af01bf000 rw-p 003cd000 08:01 270081                     /usr/lib/x86_64-linux-gnu/libdricore9.2.1.so.1.0.0
7f1af01bf000-7f1af01d7000 rw-p 00000000 00:00 0 
7f1af01d7000-7f1af0329000 r-xp 00000000 08:01 655813                     /usr/lib/x86_64-linux-gnu/dri/nouveau_dri.so
7f1af0329000-7f1af0528000 ---p 00152000 08:01 655813                     /usr/lib/x86_64-linux-gnu/dri/nouveau_dri.so
7f1af0528000-7f1af052b000 r--p 00151000 08:01 655813                     /usr/lib/x86_64-linux-gnu/dri/nouveau_dri.so
7f1af052b000-7f1af052d000 rw-p 00154000 08:01 655813                     /usr/lib/x86_64-linux-gnu/dri/nouveau_dri.so
7f1af052d000-7f1af052f000 rw-p 00000000 00:00 0 
7f1af052f000-7f1af0535000 r-xp 00000000 08:01 270058                     /usr/lib/x86_64-linux-gnu/libdatrie.so.1.2.0
7f1af0535000-7f1af0734000 ---p 00006000 08:01 270058                     /usr/lib/x86_64-linux-gnu/libdatrie.so.1.2.0
7f1af0734000-7f1af0735000 r--p 00005000 08:01 270058                     /usr/lib/x86_64-linux-gnu/libdatrie.so.1.2.0
7f1af0735000-7f1af0736000 rw-p 00006000 08:01 270058                     /usr/lib/x86_64-linux-gnu/libdatrie.so.1.2.0
7f1af0736000-7f1af073b000 r-xp 00000000 08:01 269880                     /usr/lib/x86_64-linux-gnu/libXdmcp.so.6.0.0
7f1af073b000-7f1af093a000 ---p 00005000 08:01 269880                     /usr/lib/x86_64-linux-gnu/libXdmcp.so.6.0.0
7f1af093a000-7f1af093b000 r--p 00004000 08:01 269880                     /usr/lib/x86_64-linux-gnu/libXdmcp.so.6.0.0
7f1af093b000-7f1af093c000 rw-p 00005000 08:01 269880                     /usr/lib/x86_64-linux-gnu/libXdmcp.so.6.0.0
7f1af093c000-7f1af093e000 r-xp 00000000 08:01 269869                     /usr/lib/x86_64-linux-gnu/libXau.so.6.0.0
7f1af093e000-7f1af0b3e000 ---p 00002000 08:01 269869                     /usr/lib/x86_64-linux-gnu/libXau.so.6.0.0
7f1af0b3e000-7f1af0b3f000 r--p 00002000 08:01 269869                     /usr/lib/x86_64-linux-gnu/libXau.so.6.0.0
7f1af0b3f000-7f1af0b40000 rw-p 00003000 08:01 269869                     /usr/lib/x86_64-linux-gnu/libXau.so.6.0.0
7f1af0b40000-7f1af0b58000 r-xp 00000000 08:01 270266                     /usr/lib/x86_64-linux-gnu/libgraphite2.so.3.0.1
7f1af0b58000-7f1af0d57000 ---p 00018000 08:01 270266                     /usr/lib/x86_64-linux-gnu/libgraphite2.so.3.0.1
7f1af0d57000-7f1af0d59000 r--p 00017000 08:01 270266                     /usr/lib/x86_64-linux-gnu/libgraphite2.so.3.0.1
7f1af0d59000-7f1af0d5a000 rw-p 00019000 08:01 270266                     /usr/lib/x86_64-linux-gnu/libgraphite2.so.3.0.1
7f1af0d5a000-7f1af0d65000 r-xp 00000000 08:01 269859                     /usr/lib/x86_64-linux-gnu/libdrm.so.2.4.0
7f1af0d65000-7f1af0f64000 ---p 0000b000 08:01 269859                     /usr/lib/x86_64-linux-gnu/libdrm.so.2.4.0
7f1af0f64000-7f1af0f65000 r--p 0000a000 08:01 269859                     /usr/lib/x86_64-linux-gnu/libdrm.so.2.4.0
7f1af0f65000-7f1af0f66000 rw-p 0000b000 08:01 269859                     /usr/lib/x86_64-linux-gnu/libdrm.so.2.4.0
7f1af0f66000-7f1af0f69000 r-xp 00000000 08:01 270795                     /usr/lib/x86_64-linux-gnu/libxcb-dri2.so.0.0.0
7f1af0f69000-7f1af1169000 ---p 00003000 08:01 270795                     /usr/lib/x86_64-linux-gnu/libxcb-dri2.so.0.0.0
7f1af1169000-7f1af116a000 r--p 00003000 08:01 270795                     /usr/lib/x86_64-linux-gnu/libxcb-dri2.so.0.0.0
7f1af116a000-7f1af116b000 rw-p 00004000 08:01 270795                     /usr/lib/x86_64-linux-gnu/libxcb-dri2.so.0.0.0
7f1af116b000-7f1af1180000 r-xp 00000000 08:01 270797                     /usr/lib/x86_64-linux-gnu/libxcb-glx.so.0.0.0
7f1af1180000-7f1af137f000 ---p 00015000 08:01 270797                     /usr/lib/x86_64-linux-gnu/libxcb-glx.so.0.0.0
7f1af137f000-7f1af1381000 r--p 00014000 08:01 270797                     /usr/lib/x86_64-linux-gnu/libxcb-glx.so.0.0.0
7f1af1381000-7f1af1382000 rw-p 00016000 08:01 270797                     /usr/lib/x86_64-linux-gnu/libxcb-glx.so.0.0.0
7f1af1382000-7f1af1383000 r-xp 00000000 08:01 269863                     /usr/lib/x86_64-linux-gnu/libX11-xcb.so.1.0.0
7f1af1383000-7f1af1582000 ---p 00001000 08:01 269863                     /usr/lib/x86_64-linux-gnu/libX11-xcb.so.1.0.0
7f1af1582000-7f1af1583000 r--p 00000000 08:01 269863                     /usr/lib/x86_64-linux-gnu/libX11-xcb.so.1.0.0
7f1af1583000-7f1af1584000 rw-p 00001000 08:01 269863                     /usr/lib/x86_64-linux-gnu/libX11-xcb.so.1.0.0
7f1af1584000-7f1af15a5000 r-xp 00000000 08:01 270224                     /usr/lib/x86_64-linux-gnu/libglapi.so.0.0.0
7f1af15a5000-7f1af17a5000 ---p 00021000 08:01 270224                     /usr/lib/x86_64-linux-gnu/libglapi.so.0.0.0
7f1af17a5000-7f1af17a8000 r--p 00021000 08:01 270224                     /usr/lib/x86_64-linux-gnu/libglapi.so.0.0.0
7f1af17a8000-7f1af17a9000 rw-p 00024000 08:01 270224                     /usr/lib/x86_64-linux-gnu/libglapi.so.0.0.0
7f1af17a9000-7f1af17aa000 rw-p 00000000 00:00 0 
7f1af17aa000-7f1af17e7000 r-xp 00000000 08:01 2363280                    /lib/x86_64-linux-gnu/libpcre.so.3.13.1
7f1af17e7000-7f1af19e7000 ---p 0003d000 08:01 2363280                    /lib/x86_64-linux-gnu/libpcre.so.3.13.1
7f1af19e7000-7f1af19e8000 r--p 0003d000 08:01 2363280                    /lib/x86_64-linux-gnu/libpcre.so.3.13.1
7f1af19e8000-7f1af19e9000 rw-p 0003e000 08:01 2363280                    /lib/x86_64-linux-gnu/libpcre.so.3.13.1
7f1af19e9000-7f1af19f0000 r-xp 00000000 08:01 270117                     /usr/lib/x86_64-linux-gnu/libffi.so.6.0.1
7f1af19f0000-7f1af1bef000 ---p 00007000 08:01 270117                     /usr/lib/x86_64-linux-gnu/libffi.so.6.0.1
7f1af1bef000-7f1af1bf0000 r--p 00006000 08:01 270117                     /usr/lib/x86_64-linux-gnu/libffi.so.6.0.1
7f1af1bf0000-7f1af1bf1000 rw-p 00007000 08:01 270117                     /usr/lib/x86_64-linux-gnu/libffi.so.6.0.1
7f1af1bf1000-7f1af1c18000 r-xp 00000000 08:01 2363202                    /lib/x86_64-linux-gnu/libexpat.so.1.6.0
7f1af1c18000-7f1af1e18000 ---p 00027000 08:01 2363202                    /lib/x86_64-linux-gnu/libexpat.so.1.6.0
7f1af1e18000-7f1af1e1a000 r--p 00027000 08:01 2363202                    /lib/x86_64-linux-gnu/libexpat.so.1.6.0
7f1af1e1a000-7f1af1e1b000 rw-p 00029000 08:01 2363202                    /lib/x86_64-linux-gnu/libexpat.so.1.6.0
7f1af1e1b000-7f1af1e23000 r-xp 00000000 08:01 270706                     /usr/lib/x86_64-linux-gnu/libthai.so.0.2.0
7f1af1e23000-7f1af2022000 ---p 00008000 08:01 270706                     /usr/lib/x86_64-linux-gnu/libthai.so.0.2.0
7f1af2022000-7f1af2023000 r--p 00007000 08:01 270706                     /usr/lib/x86_64-linux-gnu/libthai.so.0.2.0
7f1af2023000-7f1af2024000 rw-p 00008000 08:01 270706                     /usr/lib/x86_64-linux-gnu/libthai.so.0.2.0
7f1af2024000-7f1af2041000 r-xp 00000000 08:01 270821                     /usr/lib/x86_64-linux-gnu/libxcb.so.1.1.0
7f1af2041000-7f1af2240000 ---p 0001d000 08:01 270821                     /usr/lib/x86_64-linux-gnu/libxcb.so.1.1.0
7f1af2240000-7f1af2241000 r--p 0001c000 08:01 270821                     /usr/lib/x86_64-linux-gnu/libxcb.so.1.1.0
7f1af2241000-7f1af2242000 rw-p 0001d000 08:01 270821                     /usr/lib/x86_64-linux-gnu/libxcb.so.1.1.0
7f1af2242000-7f1af224a000 r-xp 00000000 08:01 270809                     /usr/lib/x86_64-linux-gnu/libxcb-render.so.0.0.0
7f1af224a000-7f1af2449000 ---p 00008000 08:01 270809                     /usr/lib/x86_64-linux-gnu/libxcb-render.so.0.0.0
7f1af2449000-7f1af244a000 r--p 00007000 08:01 270809                     /usr/lib/x86_64-linux-gnu/libxcb-render.so.0.0.0
7f1af244a000-7f1af244b000 rw-p 00008000 08:01 270809                     /usr/lib/x86_64-linux-gnu/libxcb-render.so.0.0.0
7f1af244b000-7f1af244d000 r-xp 00000000 08:01 270813                     /usr/lib/x86_64-linux-gnu/libxcb-shm.so.0.0.0
7f1af244d000-7f1af264c000 ---p 00002000 08:01 270813                     /usr/lib/x86_64-linux-gnu/libxcb-shm.so.0.0.0
7f1af264c000-7f1af264d000 r--p 00001000 08:01 270813                     /usr/lib/x86_64-linux-gnu/libxcb-shm.so.0.0.0
7f1af264d000-7f1af264e000 rw-p 00002000 08:01 270813                     /usr/lib/x86_64-linux-gnu/libxcb-shm.so.0.0.0
7f1af264e000-7f1af2673000 r-xp 00000000 08:01 2363292                    /lib/x86_64-linux-gnu/libpng12.so.0.49.0
7f1af2673000-7f1af2872000 ---p 00025000 08:01 2363292                    /lib/x86_64-linux-gnu/libpng12.so.0.49.0
7f1af2872000-7f1af2873000 r--p 00024000 08:01 2363292                    /lib/x86_64-linux-gnu/libpng12.so.0.49.0
7f1af2873000-7f1af2874000 rw-p 00025000 08:01 2363292                    /lib/x86_64-linux-gnu/libpng12.so.0.49.0
7f1af2874000-7f1af2915000 r-xp 00000000 08:01 268866                     /usr/lib/x86_64-linux-gnu/libpixman-1.so.0.30.2
7f1af2915000-7f1af2b15000 ---p 000a1000 08:01 268866                     /usr/lib/x86_64-linux-gnu/libpixman-1.so.0.30.2
7f1af2b15000-7f1af2b1c000 r--p 000a1000 08:01 268866                     /usr/lib/x86_64-linux-gnu/libpixman-1.so.0.30.2
7f1af2b1c000-7f1af2b1d000 rw-p 000a8000 08:01 268866                     /usr/lib/x86_64-linux-gnu/libpixman-1.so.0.30.2
7f1af2b1d000-7f1af2b6d000 r-xp 00000000 08:01 270374                     /usr/lib/x86_64-linux-gnu/libharfbuzz.so.0.919.0
7f1af2b6d000-7f1af2d6d000 ---p 00050000 08:01 270374                     /usr/lib/x86_64-linux-gnu/libharfbuzz.so.0.919.0
7f1af2d6d000-7f1af2d6e000 r--p 00050000 08:01 270374                     /usr/lib/x86_64-linux-gnu/libharfbuzz.so.0.919.0
7f1af2d6e000-7f1af2d6f000 rw-p 00051000 08:01 270374                     /usr/lib/x86_64-linux-gnu/libharfbuzz.so.0.919.0
7f1af2d6f000-7f1af2d85000 r-xp 00000000 08:01 2363303                    /lib/x86_64-linux-gnu/libresolv-2.17.so
7f1af2d85000-7f1af2f85000 ---p 00016000 08:01 2363303                    /lib/x86_64-linux-gnu/libresolv-2.17.so
7f1af2f85000-7f1af2f86000 r--p 00016000 08:01 2363303                    /lib/x86_64-linux-gnu/libresolv-2.17.so
7f1af2f86000-7f1af2f87000 rw-p 00017000 08:01 2363303                    /lib/x86_64-linux-gnu/libresolv-2.17.so
7f1af2f87000-7f1af2f89000 rw-p 00000000 00:00 0 
7f1af2f89000-7f1af2fa8000 r-xp 00000000 08:01 2363307                    /lib/x86_64-linux-gnu/libselinux.so.1
7f1af2fa8000-7f1af31a8000 ---p 0001f000 08:01 2363307                    /lib/x86_64-linux-gnu/libselinux.so.1
7f1af31a8000-7f1af31a9000 r--p 0001f000 08:01 2363307                    /lib/x86_64-linux-gnu/libselinux.so.1
7f1af31a9000-7f1af31aa000 rw-p 00020000 08:01 2363307                    /lib/x86_64-linux-gnu/libselinux.so.1
7f1af31aa000-7f1af31ab000 rw-p 00000000 00:00 0 
7f1af31ab000-7f1af31c3000 r-xp 00000000 08:01 2363340                    /lib/x86_64-linux-gnu/libz.so.1.2.8
7f1af31c3000-7f1af33c2000 ---p 00018000 08:01 2363340                    /lib/x86_64-linux-gnu/libz.so.1.2.8
7f1af33c2000-7f1af33c3000 r--p 00017000 08:01 2363340                    /lib/x86_64-linux-gnu/libz.so.1.2.8
7f1af33c3000-7f1af33c4000 rw-p 00018000 08:01 2363340                    /lib/x86_64-linux-gnu/libz.so.1.2.8
7f1af33c4000-7f1af33d5000 r-xp 00000000 08:01 269882                     /usr/lib/x86_64-linux-gnu/libXext.so.6.4.0
7f1af33d5000-7f1af35d4000 ---p 00011000 08:01 269882                     /usr/lib/x86_64-linux-gnu/libXext.so.6.4.0
7f1af35d4000-7f1af35d5000 r--p 00010000 08:01 269882                     /usr/lib/x86_64-linux-gnu/libXext.so.6.4.0
7f1af35d5000-7f1af35d6000 rw-p 00011000 08:01 269882                     /usr/lib/x86_64-linux-gnu/libXext.so.6.4.0
7f1af35d6000-7f1af35d8000 r-xp 00000000 08:01 269878                     /usr/lib/x86_64-linux-gnu/libXdamage.so.1.1.0
7f1af35d8000-7f1af37d7000 ---p 00002000 08:01 269878                     /usr/lib/x86_64-linux-gnu/libXdamage.so.1.1.0
7f1af37d7000-7f1af37d8000 r--p 00001000 08:01 269878                     /usr/lib/x86_64-linux-gnu/libXdamage.so.1.1.0
7f1af37d8000-7f1af37d9000 rw-p 00002000 08:01 269878                     /usr/lib/x86_64-linux-gnu/libXdamage.so.1.1.0
7f1af37d9000-7f1af37db000 r-xp 00000000 08:01 269874                     /usr/lib/x86_64-linux-gnu/libXcomposite.so.1.0.0
7f1af37db000-7f1af39da000 ---p 00002000 08:01 269874                     /usr/lib/x86_64-linux-gnu/libXcomposite.so.1.0.0
7f1af39da000-7f1af39db000 r--p 00001000 08:01 269874                     /usr/lib/x86_64-linux-gnu/libXcomposite.so.1.0.0
7f1af39db000-7f1af39dc000 rw-p 00002000 08:01 269874                     /usr/lib/x86_64-linux-gnu/libXcomposite.so.1.0.0
7f1af39dc000-7f1af39e5000 r-xp 00000000 08:01 269876                     /usr/lib/x86_64-linux-gnu/libXcursor.so.1.0.2
7f1af39e5000-7f1af3be4000 ---p 00009000 08:01 269876                     /usr/lib/x86_64-linux-gnu/libXcursor.so.1.0.2
7f1af3be4000-7f1af3be5000 r--p 00008000 08:01 269876                     /usr/lib/x86_64-linux-gnu/libXcursor.so.1.0.2
7f1af3be5000-7f1af3be6000 rw-p 00009000 08:01 269876                     /usr/lib/x86_64-linux-gnu/libXcursor.so.1.0.2
7f1af3be6000-7f1af3bef000 r-xp 00000000 08:01 269902                     /usr/lib/x86_64-linux-gnu/libXrandr.so.2.2.0
7f1af3bef000-7f1af3dee000 ---p 00009000 08:01 269902                     /usr/lib/x86_64-linux-gnu/libXrandr.so.2.2.0
7f1af3dee000-7f1af3def000 r--p 00008000 08:01 269902                     /usr/lib/x86_64-linux-gnu/libXrandr.so.2.2.0
7f1af3def000-7f1af3df0000 rw-p 00009000 08:01 269902                     /usr/lib/x86_64-linux-gnu/libXrandr.so.2.2.0
7f1af3df0000-7f1af3dff000 r-xp 00000000 08:01 269890                     /usr/lib/x86_64-linux-gnu/libXi.so.6.1.0
7f1af3dff000-7f1af3ffe000 ---p 0000f000 08:01 269890                     /usr/lib/x86_64-linux-gnu/libXi.so.6.1.0
7f1af3ffe000-7f1af3fff000 r--p 0000e000 08:01 269890                     /usr/lib/x86_64-linux-gnu/libXi.so.6.1.0
7f1af3fff000-7f1af4000000 rw-p 0000f000 08:01 269890                     /usr/lib/x86_64-linux-gnu/libXi.so.6.1.0
7f1af4000000-7f1af4219000 rw-p 00000000 00:00 0 
7f1af4219000-7f1af8000000 ---p 00000000 00:00 0 
7f1af8000000-7f1af8001000 r--s 00000000 08:01 527916                     /var/cache/fontconfig/1ac9eb803944fde146138c791f5cc56a-le64.cache-4
7f1af8001000-7f1af8004000 r--s 00000000 08:01 527930                     /var/cache/fontconfig/8801497958630a81b71ace7c5f9b32a8-le64.cache-4
7f1af8004000-7f1af8010000 r--s 00000000 08:01 527338                     /var/cache/fontconfig/d589a48862398ed80a3d6066f4f56f4c-le64.cache-4
7f1af802e000-7f1af8031000 ---p 00000000 00:00 0 
7f1af8031000-7f1af8067000 rw-p 00000000 00:00 0                          [stack:20928]
7f1af8067000-7f1af80e7000 rw-s 15ca46000 00:05 11592                     /dev/dri/card0
7f1af80e7000-7f1af80e9000 r-xp 00000000 08:01 269892                     /usr/lib/x86_64-linux-gnu/libXinerama.so.1.0.0
7f1af80e9000-7f1af82e8000 ---p 00002000 08:01 269892                     /usr/lib/x86_64-linux-gnu/libXinerama.so.1.0.0
7f1af82e8000-7f1af82e9000 r--p 00001000 08:01 269892                     /usr/lib/x86_64-linux-gnu/libXinerama.so.1.0.0
7f1af82e9000-7f1af82ea000 rw-p 00002000 08:01 269892                     /usr/lib/x86_64-linux-gnu/libXinerama.so.1.0.0
7f1af82ea000-7f1af82f3000 r-xp 00000000 08:01 269904                     /usr/lib/x86_64-linux-gnu/libXrender.so.1.3.0
7f1af82f3000-7f1af84f2000 ---p 00009000 08:01 269904                     /usr/lib/x86_64-linux-gnu/libXrender.so.1.3.0
7f1af84f2000-7f1af84f3000 r--p 00008000 08:01 269904                     /usr/lib/x86_64-linux-gnu/libXrender.so.1.3.0
7f1af84f3000-7f1af84f4000 rw-p 00009000 08:01 269904                     /usr/lib/x86_64-linux-gnu/libXrender.so.1.3.0
7f1af84f4000-7f1af84f9000 r-xp 00000000 08:01 269884                     /usr/lib/x86_64-linux-gnu/libXfixes.so.3.1.0
7f1af84f9000-7f1af86f8000 ---p 00005000 08:01 269884                     /usr/lib/x86_64-linux-gnu/libXfixes.so.3.1.0
7f1af86f8000-7f1af86f9000 r--p 00004000 08:01 269884                     /usr/lib/x86_64-linux-gnu/libXfixes.so.3.1.0
7f1af86f9000-7f1af86fa000 rw-p 00005000 08:01 269884                     /usr/lib/x86_64-linux-gnu/libXfixes.so.3.1.0
7f1af86fa000-7f1af870f000 r-xp 00000000 08:01 2359301                    /lib/x86_64-linux-gnu/libgcc_s.so.1
7f1af870f000-7f1af890e000 ---p 00015000 08:01 2359301                    /lib/x86_64-linux-gnu/libgcc_s.so.1
7f1af890e000-7f1af890f000 r--p 00014000 08:01 2359301                    /lib/x86_64-linux-gnu/libgcc_s.so.1
7f1af890f000-7f1af8910000 rw-p 00015000 08:01 2359301                    /lib/x86_64-linux-gnu/libgcc_s.so.1
7f1af8910000-7f1af89f6000 r-xp 00000000 08:01 266401                     /usr/lib/x86_64-linux-gnu/libstdc++.so.6.0.18
7f1af89f6000-7f1af8bf5000 ---p 000e6000 08:01 266401                     /usr/lib/x86_64-linux-gnu/libstdc++.so.6.0.18
7f1af8bf5000-7f1af8bfd000 r--p 000e5000 08:01 266401                     /usr/lib/x86_64-linux-gnu/libstdc++.so.6.0.18
7f1af8bfd000-7f1af8bff000 rw-p 000ed000 08:01 266401                     /usr/lib/x86_64-linux-gnu/libstdc++.so.6.0.18
7f1af8bff000-7f1af8c14000 rw-p 00000000 00:00 0 
7f1af8c14000-7f1af8c6e000 r-xp 00000000 08:01 656915                     /usr/lib/x86_64-linux-gnu/mesa/libGL.so.1.2.0
7f1af8c6e000-7f1af8e6e000 ---p 0005a000 08:01 656915                     /usr/lib/x86_64-linux-gnu/mesa/libGL.so.1.2.0
7f1af8e6e000-7f1af8e70000 r--p 0005a000 08:01 656915                     /usr/lib/x86_64-linux-gnu/mesa/libGL.so.1.2.0
7f1af8e70000-7f1af8e71000 rw-p 0005c000 08:01 656915                     /usr/lib/x86_64-linux-gnu/mesa/libGL.so.1.2.0
7f1af8e71000-7f1af8e72000 rw-p 00000000 00:00 0 
7f1af8e72000-7f1af8e76000 r-xp 00000000 08:01 269914                     /usr/lib/x86_64-linux-gnu/libXxf86vm.so.1.0.0
7f1af8e76000-7f1af9076000 ---p 00004000 08:01 269914                     /usr/lib/x86_64-linux-gnu/libXxf86vm.so.1.0.0
7f1af9076000-7f1af9077000 r--p 00004000 08:01 269914                     /usr/lib/x86_64-linux-gnu/libXxf86vm.so.1.0.0
7f1af9077000-7f1af9078000 rw-p 00005000 08:01 269914                     /usr/lib/x86_64-linux-gnu/libXxf86vm.so.1.0.0
7f1af9078000-7f1af91a8000 r-xp 00000000 08:01 269865                     /usr/lib/x86_64-linux-gnu/libX11.so.6.3.0
7f1af91a8000-7f1af93a8000 ---p 00130000 08:01 269865                     /usr/lib/x86_64-linux-gnu/libX11.so.6.3.0
7f1af93a8000-7f1af93a9000 r--p 00130000 08:01 269865                     /usr/lib/x86_64-linux-gnu/libX11.so.6.3.0
7f1af93a9000-7f1af93ad000 rw-p 00131000 08:01 269865                     /usr/lib/x86_64-linux-gnu/libX11.so.6.3.0
7f1af93ad000-7f1af93b2000 r-xp 00000000 08:01 269908                     /usr/lib/x86_64-linux-gnu/libXtst.so.6.1.0
7f1af93b2000-7f1af95b1000 ---p 00005000 08:01 269908                     /usr/lib/x86_64-linux-gnu/libXtst.so.6.1.0
7f1af95b1000-7f1af95b2000 r--p 00004000 08:01 269908                     /usr/lib/x86_64-linux-gnu/libXtst.so.6.1.0
7f1af95b2000-7f1af95b3000 rw-p 00005000 08:01 269908                     /usr/lib/x86_64-linux-gnu/libXtst.so.6.1.0
7f1af95b3000-7f1af96b1000 r-xp 00000000 08:01 2363127                    /lib/x86_64-linux-gnu/libglib-2.0.so.0.3800.1
7f1af96b1000-7f1af98b1000 ---p 000fe000 08:01 2363127                    /lib/x86_64-linux-gnu/libglib-2.0.so.0.3800.1
7f1af98b1000-7f1af98b2000 r--p 000fe000 08:01 2363127                    /lib/x86_64-linux-gnu/libglib-2.0.so.0.3800.1
7f1af98b2000-7f1af98b3000 rw-p 000ff000 08:01 2363127                    /lib/x86_64-linux-gnu/libglib-2.0.so.0.3800.1
7f1af98b3000-7f1af98b4000 rw-p 00000000 00:00 0 
7f1af98b4000-7f1af98b5000 r-xp 00000000 08:01 266608                     /usr/lib/x86_64-linux-gnu/libgthread-2.0.so.0.3800.1
7f1af98b5000-7f1af9ab4000 ---p 00001000 08:01 266608                     /usr/lib/x86_64-linux-gnu/libgthread-2.0.so.0.3800.1
7f1af9ab4000-7f1af9ab5000 r--p 00000000 08:01 266608                     /usr/lib/x86_64-linux-gnu/libgthread-2.0.so.0.3800.1
7f1af9ab5000-7f1af9ab6000 rw-p 00001000 08:01 266608                     /usr/lib/x86_64-linux-gnu/libgthread-2.0.so.0.3800.1
7f1af9ab6000-7f1af9ab9000 r-xp 00000000 08:01 266609                     /usr/lib/x86_64-linux-gnu/libgmodule-2.0.so.0.3800.1
7f1af9ab9000-7f1af9cb8000 ---p 00003000 08:01 266609                     /usr/lib/x86_64-linux-gnu/libgmodule-2.0.so.0.3800.1
7f1af9cb8000-7f1af9cb9000 r--p 00002000 08:01 266609                     /usr/lib/x86_64-linux-gnu/libgmodule-2.0.so.0.3800.1
7f1af9cb9000-7f1af9cba000 rw-p 00003000 08:01 266609                     /usr/lib/x86_64-linux-gnu/libgmodule-2.0.so.0.3800.1
7f1af9cba000-7f1af9d09000 r-xp 00000000 08:01 262548                     /usr/lib/x86_64-linux-gnu/libgobject-2.0.so.0.3800.1
7f1af9d09000-7f1af9f09000 ---p 0004f000 08:01 262548                     /usr/lib/x86_64-linux-gnu/libgobject-2.0.so.0.3800.1
7f1af9f09000-7f1af9f0a000 r--p 0004f000 08:01 262548                     /usr/lib/x86_64-linux-gnu/libgobject-2.0.so.0.3800.1
7f1af9f0a000-7f1af9f0b000 rw-p 00050000 08:01 262548                     /usr/lib/x86_64-linux-gnu/libgobject-2.0.so.0.3800.1
7f1af9f0b000-7f1af9f44000 r-xp 00000000 08:01 270131                     /usr/lib/x86_64-linux-gnu/libfontconfig.so.1.7.0
7f1af9f44000-7f1afa144000 ---p 00039000 08:01 270131                     /usr/lib/x86_64-linux-gnu/libfontconfig.so.1.7.0
7f1afa144000-7f1afa146000 r--p 00039000 08:01 270131                     /usr/lib/x86_64-linux-gnu/libfontconfig.so.1.7.0
7f1afa146000-7f1afa147000 rw-p 0003b000 08:01 270131                     /usr/lib/x86_64-linux-gnu/libfontconfig.so.1.7.0
7f1afa147000-7f1afa1e3000 r-xp 00000000 08:01 262656                     /usr/lib/x86_64-linux-gnu/libfreetype.so.6.10.1
7f1afa1e3000-7f1afa3e3000 ---p 0009c000 08:01 262656                     /usr/lib/x86_64-linux-gnu/libfreetype.so.6.10.1
7f1afa3e3000-7f1afa3e8000 r--p 0009c000 08:01 262656                     /usr/lib/x86_64-linux-gnu/libfreetype.so.6.10.1
7f1afa3e8000-7f1afa3e9000 rw-p 000a1000 08:01 262656                     /usr/lib/x86_64-linux-gnu/libfreetype.so.6.10.1
7f1afa3e9000-7f1afa433000 r-xp 00000000 08:01 270548                     /usr/lib/x86_64-linux-gnu/libpango-1.0.so.0.3200.5
7f1afa433000-7f1afa632000 ---p 0004a000 08:01 270548                     /usr/lib/x86_64-linux-gnu/libpango-1.0.so.0.3200.5
7f1afa632000-7f1afa634000 r--p 00049000 08:01 270548                     /usr/lib/x86_64-linux-gnu/libpango-1.0.so.0.3200.5
7f1afa634000-7f1afa635000 rw-p 0004b000 08:01 270548                     /usr/lib/x86_64-linux-gnu/libpango-1.0.so.0.3200.5
7f1afa635000-7f1afa739000 r-xp 00000000 08:01 269989                     /usr/lib/x86_64-linux-gnu/libcairo.so.2.11200.16
7f1afa739000-7f1afa938000 ---p 00104000 08:01 269989                     /usr/lib/x86_64-linux-gnu/libcairo.so.2.11200.16
7f1afa938000-7f1afa93b000 r--p 00103000 08:01 269989                     /usr/lib/x86_64-linux-gnu/libcairo.so.2.11200.16
7f1afa93b000-7f1afa93c000 rw-p 00106000 08:01 269989                     /usr/lib/x86_64-linux-gnu/libcairo.so.2.11200.16
7f1afa93c000-7f1afa93e000 rw-p 00000000 00:00 0 
7f1afa93e000-7f1afa949000 r-xp 00000000 08:01 270550                     /usr/lib/x86_64-linux-gnu/libpangocairo-1.0.so.0.3200.5
7f1afa949000-7f1afab49000 ---p 0000b000 08:01 270550                     /usr/lib/x86_64-linux-gnu/libpangocairo-1.0.so.0.3200.5
7f1afab49000-7f1afab4a000 r--p 0000b000 08:01 270550                     /usr/lib/x86_64-linux-gnu/libpangocairo-1.0.so.0.3200.5
7f1afab4a000-7f1afab4b000 rw-p 0000c000 08:01 270550                     /usr/lib/x86_64-linux-gnu/libpangocairo-1.0.so.0.3200.5
7f1afab4b000-7f1afab6a000 r-xp 00000000 08:01 270198                     /usr/lib/x86_64-linux-gnu/libgdk_pixbuf-2.0.so.0.2800.1
7f1afab6a000-7f1afad69000 ---p 0001f000 08:01 270198                     /usr/lib/x86_64-linux-gnu/libgdk_pixbuf-2.0.so.0.2800.1
7f1afad69000-7f1afad6a000 r--p 0001e000 08:01 270198                     /usr/lib/x86_64-linux-gnu/libgdk_pixbuf-2.0.so.0.2800.1
7f1afad6a000-7f1afad6b000 rw-p 0001f000 08:01 270198                     /usr/lib/x86_64-linux-gnu/libgdk_pixbuf-2.0.so.0.2800.1
7f1afad6b000-7f1afad7f000 r-xp 00000000 08:01 270552                     /usr/lib/x86_64-linux-gnu/libpangoft2-1.0.so.0.3200.5
7f1afad7f000-7f1afaf7e000 ---p 00014000 08:01 270552                     /usr/lib/x86_64-linux-gnu/libpangoft2-1.0.so.0.3200.5
7f1afaf7e000-7f1afaf7f000 r--p 00013000 08:01 270552                     /usr/lib/x86_64-linux-gnu/libpangoft2-1.0.so.0.3200.5
7f1afaf7f000-7f1afaf80000 rw-p 00014000 08:01 270552                     /usr/lib/x86_64-linux-gnu/libpangoft2-1.0.so.0.3200.5
7f1afaf80000-7f1afb0dc000 r-xp 00000000 08:01 262529                     /usr/lib/x86_64-linux-gnu/libgio-2.0.so.0.3800.1
7f1afb0dc000-7f1afb2db000 ---p 0015c000 08:01 262529                     /usr/lib/x86_64-linux-gnu/libgio-2.0.so.0.3800.1
7f1afb2db000-7f1afb2df000 r--p 0015b000 08:01 262529                     /usr/lib/x86_64-linux-gnu/libgio-2.0.so.0.3800.1
7f1afb2df000-7f1afb2e1000 rw-p 0015f000 08:01 262529                     /usr/lib/x86_64-linux-gnu/libgio-2.0.so.0.3800.1
7f1afb2e1000-7f1afb2e3000 rw-p 00000000 00:00 0 
7f1afb2e3000-7f1afb302000 r-xp 00000000 08:01 269949                     /usr/lib/x86_64-linux-gnu/libatk-1.0.so.0.21009.1
7f1afb302000-7f1afb502000 ---p 0001f000 08:01 269949                     /usr/lib/x86_64-linux-gnu/libatk-1.0.so.0.21009.1
7f1afb502000-7f1afb504000 r--p 0001f000 08:01 269949                     /usr/lib/x86_64-linux-gnu/libatk-1.0.so.0.21009.1
7f1afb504000-7f1afb505000 rw-p 00021000 08:01 269949                     /usr/lib/x86_64-linux-gnu/libatk-1.0.so.0.21009.1
7f1afb505000-7f1afb5b2000 r-xp 00000000 08:01 270196                     /usr/lib/x86_64-linux-gnu/libgdk-x11-2.0.so.0.2400.20
7f1afb5b2000-7f1afb7b1000 ---p 000ad000 08:01 270196                     /usr/lib/x86_64-linux-gnu/libgdk-x11-2.0.so.0.2400.20
7f1afb7b1000-7f1afb7b5000 r--p 000ac000 08:01 270196                     /usr/lib/x86_64-linux-gnu/libgdk-x11-2.0.so.0.2400.20
7f1afb7b5000-7f1afb7b7000 rw-p 000b0000 08:01 270196                     /usr/lib/x86_64-linux-gnu/libgdk-x11-2.0.so.0.2400.20
7f1afb7b7000-7f1afbbe6000 r-xp 00000000 08:01 270356                     /usr/lib/x86_64-linux-gnu/libgtk-x11-2.0.so.0.2400.20
7f1afbbe6000-7f1afbde5000 ---p 0042f000 08:01 270356                     /usr/lib/x86_64-linux-gnu/libgtk-x11-2.0.so.0.2400.20
7f1afbde5000-7f1afbdec000 r--p 0042e000 08:01 270356                     /usr/lib/x86_64-linux-gnu/libgtk-x11-2.0.so.0.2400.20
7f1afbdec000-7f1afbdf0000 rw-p 00435000 08:01 270356                     /usr/lib/x86_64-linux-gnu/libgtk-x11-2.0.so.0.2400.20
7f1afbdf0000-7f1afbdf3000 rw-p 00000000 00:00 0 
7f1afbdf3000-7f1afbdff000 r-xp 00000000 08:03 107611340                  /home/calcul/Téléchargements/jdk1.8.0_40/jre/lib/amd64/libprism_es2.so
7f1afbdff000-7f1afbffe000 ---p 0000c000 08:03 107611340                  /home/calcul/Téléchargements/jdk1.8.0_40/jre/lib/amd64/libprism_es2.so
7f1afbffe000-7f1afbfff000 r--p 0000b000 08:03 107611340                  /home/calcul/Téléchargements/jdk1.8.0_40/jre/lib/amd64/libprism_es2.so
7f1afbfff000-7f1afc000000 rw-p 0000c000 08:03 107611340                  /home/calcul/Téléchargements/jdk1.8.0_40/jre/lib/amd64/libprism_es2.so
7f1afc000000-7f1afc021000 rw-p 00000000 00:00 0 
7f1afc021000-7f1b00000000 ---p 00000000 00:00 0 
7f1b00000000-7f1b00021000 rw-p 00000000 00:00 0 
7f1b00021000-7f1b04000000 ---p 00000000 00:00 0 
7f1b04000000-7f1b04786000 rw-p 00000000 00:00 0 
7f1b04786000-7f1b08000000 ---p 00000000 00:00 0 
7f1b08000000-7f1b0869c000 rw-p 00000000 00:00 0 
7f1b0869c000-7f1b0c000000 ---p 00000000 00:00 0 
7f1b0c000000-7f1b0cbf9000 rw-p 00000000 00:00 0 
7f1b0cbf9000-7f1b10000000 ---p 00000000 00:00 0 
7f1b10000000-7f1b10826000 rw-p 00000000 00:00 0 
7f1b10826000-7f1b14000000 ---p 00000000 00:00 0 
7f1b14000000-7f1b14047000 rw-p 00000000 00:00 0 
7f1b14047000-7f1b18000000 ---p 00000000 00:00 0 
7f1b18000000-7f1b18021000 rw-p 00000000 00:00 0 
7f1b18021000-7f1b1c000000 ---p 00000000 00:00 0 
7f1b1c000000-7f1b1c021000 rw-p 00000000 00:00 0 
7f1b1c021000-7f1b20000000 ---p 00000000 00:00 0 
7f1b20000000-7f1b20059000 rw-p 00000000 00:00 0 
7f1b20059000-7f1b24000000 ---p 00000000 00:00 0 
7f1b24000000-7f1b24021000 rw-p 00000000 00:00 0 
7f1b24021000-7f1b28000000 ---p 00000000 00:00 0 
7f1b28000000-7f1b28021000 rw-p 00000000 00:00 0 
7f1b28021000-7f1b2c000000 ---p 00000000 00:00 0 
7f1b2c000000-7f1b2c021000 rw-p 00000000 00:00 0 
7f1b2c021000-7f1b30000000 ---p 00000000 00:00 0 
7f1b30000000-7f1b30001000 r--s 00000000 08:01 527945                     /var/cache/fontconfig/dc05db6664285cc2f12bf69c139ae4c3-le64.cache-4
7f1b30001000-7f1b3000f000 r--s 00000000 08:01 524442                     /var/cache/fontconfig/e13b20fdb08344e0e664864cc2ede53d-le64.cache-4
7f1b30032000-7f1b30034000 r-xp 00000000 08:01 663711                     /tmp/jogamp_0000/file_cache/jln8159611054852911048/jln4641202443682299052/libnativewindow_awt.so
7f1b30034000-7f1b30043000 ---p 00002000 08:01 663711                     /tmp/jogamp_0000/file_cache/jln8159611054852911048/jln4641202443682299052/libnativewindow_awt.so
7f1b30043000-7f1b30044000 rw-p 00011000 08:01 663711                     /tmp/jogamp_0000/file_cache/jln8159611054852911048/jln4641202443682299052/libnativewindow_awt.so
7f1b30044000-7f1b3004f000 r--s 00116000 08:03 107611377                  /home/calcul/Téléchargements/jdk1.8.0_40/jre/lib/ext/localedata.jar
7f1b3004f000-7f1b300cf000 rw-s 15c18f000 00:05 11592                     /dev/dri/card0
7f1b300cf000-7f1b30126000 r--p 00000000 08:01 1325739                    /usr/share/glib-2.0/schemas/gschemas.compiled
7f1b30126000-7f1b30129000 ---p 00000000 00:00 0 
7f1b30129000-7f1b30227000 rw-p 00000000 00:00 0                          [stack:20884]
7f1b30227000-7f1b302fa000 r--s 0117a000 08:03 113246469                  /home/calcul/NetBeansProjects/VoxeLidarGUIFX/target/VoxeLidarGUIFX-1.0.jar
7f1b302fa000-7f1b302fb000 ---p 00000000 00:00 0 
7f1b302fb000-7f1b303fb000 rw-p 00000000 00:00 0                          [stack:20883]
7f1b303fb000-7f1b303fe000 ---p 00000000 00:00 0 
7f1b303fe000-7f1b304fc000 rw-p 00000000 00:00 0                          [stack:20882]
7f1b304fc000-7f1b304ff000 ---p 00000000 00:00 0 
7f1b304ff000-7f1b305fd000 rw-p 00000000 00:00 0                          [stack:20881]
7f1b305fd000-7f1b30600000 ---p 00000000 00:00 0 
7f1b30600000-7f1b306fe000 rw-p 00000000 00:00 0                          [stack:20880]
7f1b306fe000-7f1b30701000 ---p 00000000 00:00 0 
7f1b30701000-7f1b307ff000 rw-p 00000000 00:00 0                          [stack:20879]
7f1b307ff000-7f1b30802000 ---p 00000000 00:00 0 
7f1b30802000-7f1b50000000 rw-p 00000000 00:00 0                          [stack:20878]
7f1b50000000-7f1b50021000 rw-p 00000000 00:00 0 
7f1b50021000-7f1b54000000 ---p 00000000 00:00 0 
7f1b54002000-7f1b54004000 rw-p 00000000 00:00 0 
7f1b54004000-7f1b54005000 r--p 00000000 00:00 0 
7f1b54005000-7f1b5400a000 r--s 00094000 08:03 107611371                  /home/calcul/Téléchargements/jdk1.8.0_40/jre/lib/jsse.jar
7f1b5400a000-7f1b5401d000 r--s 00344000 08:03 107611397                  /home/calcul/Téléchargements/jdk1.8.0_40/jre/lib/resources.jar
7f1b5401d000-7f1b54048000 r--p 00000000 08:01 2103067                    /usr/share/locale-langpack/fr/LC_MESSAGES/gtk20-properties.mo
7f1b54048000-7f1b5406e000 r--p 00000000 08:01 2102789                    /usr/share/locale-langpack/fr/LC_MESSAGES/libc.mo
7f1b5406e000-7f1b54071000 ---p 00000000 00:00 0 
7f1b54071000-7f1b5416f000 rw-p 00000000 00:00 0                          [stack:20876]
7f1b5416f000-7f1b54172000 ---p 00000000 00:00 0 
7f1b54172000-7f1b54270000 rw-p 00000000 00:00 0                          [stack:20874]
7f1b54270000-7f1b54273000 ---p 00000000 00:00 0 
7f1b54273000-7f1b54371000 rw-p 00000000 00:00 0                          [stack:20872]
7f1b54371000-7f1b54375000 r-xp 00000000 08:03 107611290                  /home/calcul/Téléchargements/jdk1.8.0_40/jre/lib/amd64/libdt_socket.so
7f1b54375000-7f1b54574000 ---p 00004000 08:03 107611290                  /home/calcul/Téléchargements/jdk1.8.0_40/jre/lib/amd64/libdt_socket.so
7f1b54574000-7f1b54575000 rw-p 00003000 08:03 107611290                  /home/calcul/Téléchargements/jdk1.8.0_40/jre/lib/amd64/libdt_socket.so
7f1b54575000-7f1b54578000 ---p 00000000 00:00 0 
7f1b54578000-7f1b54676000 rw-p 00000000 00:00 0                          [stack:20871]
7f1b54676000-7f1b54679000 ---p 00000000 00:00 0 
7f1b54679000-7f1b54777000 rw-p 00000000 00:00 0                          [stack:20870]
7f1b54777000-7f1b5477a000 ---p 00000000 00:00 0 
7f1b5477a000-7f1b54878000 rw-p 00000000 00:00 0                          [stack:20869]
7f1b54878000-7f1b54879000 ---p 00000000 00:00 0 
7f1b54879000-7f1b58000000 rw-p 00000000 00:00 0                          [stack:20868]
7f1b58000000-7f1b58021000 rw-p 00000000 00:00 0 
7f1b58021000-7f1b5c000000 ---p 00000000 00:00 0 
7f1b5c000000-7f1b5c021000 rw-p 00000000 00:00 0 
7f1b5c021000-7f1b60000000 ---p 00000000 00:00 0 
7f1b60000000-7f1b60021000 rw-p 00000000 00:00 0 
7f1b60021000-7f1b64000000 ---p 00000000 00:00 0 
7f1b64000000-7f1b64021000 rw-p 00000000 00:00 0 
7f1b64021000-7f1b68000000 ---p 00000000 00:00 0 
7f1b68000000-7f1b68021000 rw-p 00000000 00:00 0 
7f1b68021000-7f1b6c000000 ---p 00000000 00:00 0 
7f1b6c000000-7f1b6c021000 rw-p 00000000 00:00 0 
7f1b6c021000-7f1b70000000 ---p 00000000 00:00 0 
7f1b70000000-7f1b70021000 rw-p 00000000 00:00 0 
7f1b70021000-7f1b74000000 ---p 00000000 00:00 0 
7f1b74000000-7f1b74004000 r--s 00000000 08:01 524433                     /var/cache/fontconfig/c57959a16110560c8d0fcea73374aeeb-le64.cache-4
7f1b74004000-7f1b7400b000 r--p 00000000 08:03 68423708                   /home/calcul/.config/dconf/user
7f1b7400b000-7f1b74025000 r--p 00000000 08:01 2103031                    /usr/share/locale-langpack/fr/LC_MESSAGES/glib20.mo
7f1b74025000-7f1b740ba000 r--s 010fa000 08:03 107611382                  /home/calcul/Téléchargements/jdk1.8.0_40/jre/lib/ext/jfxrt.jar
7f1b740ba000-7f1b744be000 rw-p 00000000 00:00 0 
7f1b744be000-7f1b74696000 r--s 03d09000 08:03 107611368                  /home/calcul/Téléchargements/jdk1.8.0_40/jre/lib/rt.jar
7f1b74696000-7f1b74fd1000 rw-p 00000000 00:00 0 
7f1b74fd1000-7f1b74fd2000 ---p 00000000 00:00 0 
7f1b74fd2000-7f1b750d2000 rw-p 00000000 00:00 0                          [stack:20867]
7f1b750d2000-7f1b750d3000 ---p 00000000 00:00 0 
7f1b750d3000-7f1b751d3000 rw-p 00000000 00:00 0                          [stack:20866]
7f1b751d3000-7f1b751d4000 ---p 00000000 00:00 0 
7f1b751d4000-7f1b752d4000 rw-p 00000000 00:00 0                          [stack:20865]
7f1b752d4000-7f1b752d5000 ---p 00000000 00:00 0 
7f1b752d5000-7f1b753d5000 rw-p 00000000 00:00 0                          [stack:20864]
7f1b753d5000-7f1b753d6000 ---p 00000000 00:00 0 
7f1b753d6000-7f1b754d6000 rw-p 00000000 00:00 0                          [stack:20863]
7f1b754d6000-7f1b754d7000 ---p 00000000 00:00 0 
7f1b754d7000-7f1b755d7000 rw-p 00000000 00:00 0                          [stack:20862]
7f1b755d7000-7f1b755d8000 ---p 00000000 00:00 0 
7f1b755d8000-7f1b756d8000 rw-p 00000000 00:00 0                          [stack:20861]
7f1b756d8000-7f1b756d9000 ---p 00000000 00:00 0 
7f1b756d9000-7f1b75890000 rw-p 00000000 00:00 0                          [stack:20860]
7f1b75890000-7f1b76ccf000 ---p 00000000 00:00 0 
7f1b76ccf000-7f1b76d86000 rw-p 00000000 00:00 0 
7f1b76d86000-7f1b781c4000 ---p 00000000 00:00 0 
7f1b781c4000-7f1b78303000 rw-p 00000000 00:00 0 
7f1b78303000-7f1b78c3f000 ---p 00000000 00:00 0 
7f1b78c3f000-7f1b78c6b000 rw-p 00000000 00:00 0 
7f1b78c6b000-7f1b79000000 ---p 00000000 00:00 0 
7f1b79000000-7f1b79a90000 rwxp 00000000 00:00 0 
7f1b79a90000-7f1b88000000 ---p 00000000 00:00 0 
7f1b88000000-7f1b885e3000 rw-p 00000000 00:00 0 
7f1b885e3000-7f1b8c000000 ---p 00000000 00:00 0 
7f1b8c000000-7f1b8c001000 r--s 00000000 08:01 526242                     /var/cache/fontconfig/4794a0821666d79190d59a36cb4f44b5-le64.cache-4
7f1b8c001000-7f1b8c005000 r--s 00000000 08:01 524432                     /var/cache/fontconfig/7ef2298fde41cc6eeb7af42e48b7d293-le64.cache-4
7f1b8c005000-7f1b8c085000 rw-s 15b682000 00:05 11592                     /dev/dri/card0
7f1b8c085000-7f1b8c0d4000 rw-p 00000000 00:00 0 
7f1b8c0d4000-7f1b8c0ee000 r-xp 00000000 08:03 107611318                  /home/calcul/Téléchargements/jdk1.8.0_40/jre/lib/amd64/libzip.so
7f1b8c0ee000-7f1b8c2ee000 ---p 0001a000 08:03 107611318                  /home/calcul/Téléchargements/jdk1.8.0_40/jre/lib/amd64/libzip.so
7f1b8c2ee000-7f1b8c2ef000 rw-p 0001a000 08:03 107611318                  /home/calcul/Téléchargements/jdk1.8.0_40/jre/lib/amd64/libzip.so
7f1b8c2ef000-7f1b8c2fb000 r-xp 00000000 08:01 2363258                    /lib/x86_64-linux-gnu/libnss_files-2.17.so
7f1b8c2fb000-7f1b8c4fa000 ---p 0000c000 08:01 2363258                    /lib/x86_64-linux-gnu/libnss_files-2.17.so
7f1b8c4fa000-7f1b8c4fb000 r--p 0000b000 08:01 2363258                    /lib/x86_64-linux-gnu/libnss_files-2.17.so
7f1b8c4fb000-7f1b8c4fc000 rw-p 0000c000 08:01 2363258                    /lib/x86_64-linux-gnu/libnss_files-2.17.so
7f1b8c4fc000-7f1b8c507000 r-xp 00000000 08:01 2363262                    /lib/x86_64-linux-gnu/libnss_nis-2.17.so
7f1b8c507000-7f1b8c706000 ---p 0000b000 08:01 2363262                    /lib/x86_64-linux-gnu/libnss_nis-2.17.so
7f1b8c706000-7f1b8c707000 r--p 0000a000 08:01 2363262                    /lib/x86_64-linux-gnu/libnss_nis-2.17.so
7f1b8c707000-7f1b8c708000 rw-p 0000b000 08:01 2363262                    /lib/x86_64-linux-gnu/libnss_nis-2.17.so
7f1b8c708000-7f1b8c71f000 r-xp 00000000 08:01 2363252                    /lib/x86_64-linux-gnu/libnsl-2.17.so
7f1b8c71f000-7f1b8c91e000 ---p 00017000 08:01 2363252                    /lib/x86_64-linux-gnu/libnsl-2.17.so
7f1b8c91e000-7f1b8c91f000 r--p 00016000 08:01 2363252                    /lib/x86_64-linux-gnu/libnsl-2.17.so
7f1b8c91f000-7f1b8c920000 rw-p 00017000 08:01 2363252                    /lib/x86_64-linux-gnu/libnsl-2.17.so
7f1b8c920000-7f1b8c922000 rw-p 00000000 00:00 0 
7f1b8c922000-7f1b8c92a000 r-xp 00000000 08:01 2363254                    /lib/x86_64-linux-gnu/libnss_compat-2.17.so
7f1b8c92a000-7f1b8cb29000 ---p 00008000 08:01 2363254                    /lib/x86_64-linux-gnu/libnss_compat-2.17.so
7f1b8cb29000-7f1b8cb2a000 r--p 00007000 08:01 2363254                    /lib/x86_64-linux-gnu/libnss_compat-2.17.so
7f1b8cb2a000-7f1b8cb2b000 rw-p 00008000 08:01 2363254                    /lib/x86_64-linux-gnu/libnss_compat-2.17.so
7f1b8cb2b000-7f1b8d212000 r--p 00000000 08:01 268937                     /usr/lib/locale/locale-archive
7f1b8d212000-7f1b8d214000 r-xp 00000000 08:03 107611300                  /home/calcul/Téléchargements/jdk1.8.0_40/jre/lib/amd64/libnpt.so
7f1b8d214000-7f1b8d414000 ---p 00002000 08:03 107611300                  /home/calcul/Téléchargements/jdk1.8.0_40/jre/lib/amd64/libnpt.so
7f1b8d414000-7f1b8d415000 rw-p 00002000 08:03 107611300                  /home/calcul/Téléchargements/jdk1.8.0_40/jre/lib/amd64/libnpt.so
7f1b8d415000-7f1b8d44e000 r-xp 00000000 08:03 107611307                  /home/calcul/Téléchargements/jdk1.8.0_40/jre/lib/amd64/libjdwp.so
7f1b8d44e000-7f1b8d64d000 ---p 00039000 08:03 107611307                  /home/calcul/Téléchargements/jdk1.8.0_40/jre/lib/amd64/libjdwp.so
7f1b8d64d000-7f1b8d64f000 rw-p 00038000 08:03 107611307                  /home/calcul/Téléchargements/jdk1.8.0_40/jre/lib/amd64/libjdwp.so
7f1b8d64f000-7f1b8d679000 r-xp 00000000 08:03 107611296                  /home/calcul/Téléchargements/jdk1.8.0_40/jre/lib/amd64/libjava.so
7f1b8d679000-7f1b8d879000 ---p 0002a000 08:03 107611296                  /home/calcul/Téléchargements/jdk1.8.0_40/jre/lib/amd64/libjava.so
7f1b8d879000-7f1b8d87b000 rw-p 0002a000 08:03 107611296                  /home/calcul/Téléchargements/jdk1.8.0_40/jre/lib/amd64/libjava.so
7f1b8d87b000-7f1b8d888000 r-xp 00000000 08:03 107611312                  /home/calcul/Téléchargements/jdk1.8.0_40/jre/lib/amd64/libverify.so
7f1b8d888000-7f1b8da88000 ---p 0000d000 08:03 107611312                  /home/calcul/Téléchargements/jdk1.8.0_40/jre/lib/amd64/libverify.so
7f1b8da88000-7f1b8da8a000 rw-p 0000d000 08:03 107611312                  /home/calcul/Téléchargements/jdk1.8.0_40/jre/lib/amd64/libverify.so
7f1b8da8a000-7f1b8da91000 r-xp 00000000 08:01 2363305                    /lib/x86_64-linux-gnu/librt-2.17.so
7f1b8da91000-7f1b8dc90000 ---p 00007000 08:01 2363305                    /lib/x86_64-linux-gnu/librt-2.17.so
7f1b8dc90000-7f1b8dc91000 r--p 00006000 08:01 2363305                    /lib/x86_64-linux-gnu/librt-2.17.so
7f1b8dc91000-7f1b8dc92000 rw-p 00007000 08:01 2363305                    /lib/x86_64-linux-gnu/librt-2.17.so
7f1b8dc92000-7f1b8dd95000 r-xp 00000000 08:01 2363233                    /lib/x86_64-linux-gnu/libm-2.17.so
7f1b8dd95000-7f1b8df94000 ---p 00103000 08:01 2363233                    /lib/x86_64-linux-gnu/libm-2.17.so
7f1b8df94000-7f1b8df95000 r--p 00102000 08:01 2363233                    /lib/x86_64-linux-gnu/libm-2.17.so
7f1b8df95000-7f1b8df96000 rw-p 00103000 08:01 2363233                    /lib/x86_64-linux-gnu/libm-2.17.so
7f1b8df96000-7f1b8ec44000 r-xp 00000000 08:03 107611334                  /home/calcul/Téléchargements/jdk1.8.0_40/jre/lib/amd64/server/libjvm.so
7f1b8ec44000-7f1b8ee43000 ---p 00cae000 08:03 107611334                  /home/calcul/Téléchargements/jdk1.8.0_40/jre/lib/amd64/server/libjvm.so
7f1b8ee43000-7f1b8ef1a000 rw-p 00cad000 08:03 107611334                  /home/calcul/Téléchargements/jdk1.8.0_40/jre/lib/amd64/server/libjvm.so
7f1b8ef1a000-7f1b8ef5e000 rw-p 00000000 00:00 0 
7f1b8ef5e000-7f1b8f11b000 r-xp 00000000 08:01 2363182                    /lib/x86_64-linux-gnu/libc-2.17.so
7f1b8f11b000-7f1b8f31b000 ---p 001bd000 08:01 2363182                    /lib/x86_64-linux-gnu/libc-2.17.so
7f1b8f31b000-7f1b8f31f000 r--p 001bd000 08:01 2363182                    /lib/x86_64-linux-gnu/libc-2.17.so
7f1b8f31f000-7f1b8f321000 rw-p 001c1000 08:01 2363182                    /lib/x86_64-linux-gnu/libc-2.17.so
7f1b8f321000-7f1b8f326000 rw-p 00000000 00:00 0 
7f1b8f326000-7f1b8f329000 r-xp 00000000 08:01 2363197                    /lib/x86_64-linux-gnu/libdl-2.17.so
7f1b8f329000-7f1b8f528000 ---p 00003000 08:01 2363197                    /lib/x86_64-linux-gnu/libdl-2.17.so
7f1b8f528000-7f1b8f529000 r--p 00002000 08:01 2363197                    /lib/x86_64-linux-gnu/libdl-2.17.so
7f1b8f529000-7f1b8f52a000 rw-p 00003000 08:01 2363197                    /lib/x86_64-linux-gnu/libdl-2.17.so
7f1b8f52a000-7f1b8f53f000 r-xp 00000000 08:03 107611306                  /home/calcul/Téléchargements/jdk1.8.0_40/jre/lib/amd64/jli/libjli.so
7f1b8f53f000-7f1b8f73f000 ---p 00015000 08:03 107611306                  /home/calcul/Téléchargements/jdk1.8.0_40/jre/lib/amd64/jli/libjli.so
7f1b8f73f000-7f1b8f740000 rw-p 00015000 08:03 107611306                  /home/calcul/Téléchargements/jdk1.8.0_40/jre/lib/amd64/jli/libjli.so
7f1b8f740000-7f1b8f757000 r-xp 00000000 08:01 2363297                    /lib/x86_64-linux-gnu/libpthread-2.17.so
7f1b8f757000-7f1b8f957000 ---p 00017000 08:01 2363297                    /lib/x86_64-linux-gnu/libpthread-2.17.so
7f1b8f957000-7f1b8f958000 r--p 00017000 08:01 2363297                    /lib/x86_64-linux-gnu/libpthread-2.17.so
7f1b8f958000-7f1b8f959000 rw-p 00018000 08:01 2363297                    /lib/x86_64-linux-gnu/libpthread-2.17.so
7f1b8f959000-7f1b8f95d000 rw-p 00000000 00:00 0 
7f1b8f95d000-7f1b8f980000 r-xp 00000000 08:01 2363158                    /lib/x86_64-linux-gnu/ld-2.17.so
7f1b8f980000-7f1b8f981000 r--s 00000000 08:01 527923                     /var/cache/fontconfig/56cf4f4769d0f4abc89a4895d7bd3ae1-le64.cache-4
7f1b8f981000-7f1b8f982000 r--s 00000000 08:01 527937                     /var/cache/fontconfig/b9d506c9ac06c20b433354fa67a72993-le64.cache-4
7f1b8f982000-7f1b8f983000 r--s 00000000 08:01 527913                     /var/cache/fontconfig/0c9eb80ebd1c36541ebe2852d3bb0c49-le64.cache-4
7f1b8f983000-7f1b8f984000 r--s 00000000 08:01 524347                     /var/cache/fontconfig/e0aa53bcfa504e64f87823c16bc01eb6-le64.cache-4
7f1b8f984000-7f1b8f985000 rw-s 15c38f000 00:05 11592                     /dev/dri/card0
7f1b8f985000-7f1b8f986000 r--s 00000000 00:14 789231                     /run/user/1000/dconf/user
7f1b8f986000-7f1b8fa57000 rw-p 00000000 00:00 0 
7f1b8fa57000-7f1b8fa5a000 ---p 00000000 00:00 0 
7f1b8fa5a000-7f1b8fb5c000 rw-p 00000000 00:00 0                          [stack:20859]
7f1b8fb5c000-7f1b8fb6b000 r--p 00000000 08:01 2103070                    /usr/share/locale-langpack/fr/LC_MESSAGES/gtk20.mo
7f1b8fb6b000-7f1b8fb72000 r--s 00000000 08:01 656385                     /usr/lib/x86_64-linux-gnu/gconv/gconv-modules.cache
7f1b8fb72000-7f1b8fb73000 rw-s 15b907000 00:05 11592                     /dev/dri/card0
7f1b8fb73000-7f1b8fb7b000 rw-s 00000000 08:01 273770                     /tmp/hsperfdata_calcul/20855
7f1b8fb7b000-7f1b8fb7c000 rw-p 00000000 00:00 0 
7f1b8fb7c000-7f1b8fb7d000 ---p 00000000 00:00 0 
7f1b8fb7d000-7f1b8fb7f000 rw-p 00000000 00:00 0 
7f1b8fb7f000-7f1b8fb80000 r--p 00022000 08:01 2363158                    /lib/x86_64-linux-gnu/ld-2.17.so
7f1b8fb80000-7f1b8fb82000 rw-p 00023000 08:01 2363158                    /lib/x86_64-linux-gnu/ld-2.17.so
7fff68fd0000-7fff68ff1000 rw-p 00000000 00:00 0                          [stack]
7fff68ffe000-7fff69000000 r-xp 00000000 00:00 0                          [vdso]
ffffffffff600000-ffffffffff601000 r-xp 00000000 00:00 0                  [vsyscall]

VM Arguments:
jvm_args: -Xdebug -Xrunjdwp:transport=dt_socket,server=n,address=50081 
java_command: /home/calcul/NetBeansProjects/VoxeLidarGUIFX/target/VoxeLidarGUIFX-1.0.jar
java_class_path (initial): /home/calcul/NetBeansProjects/VoxeLidarGUIFX/target/VoxeLidarGUIFX-1.0.jar
Launcher Type: SUN_STANDARD

Environment Variables:
JAVA_HOME=/home/calcul/Téléchargements/jdk1.8.0_40
PATH=JAVA_HOME/bin:/usr/lib/lightdm/lightdm:/usr/local/sbin:/usr/local/bin:/usr/sbin:/usr/bin:/sbin:/bin:/usr/games:/usr/local/games
LD_LIBRARY_PATH=/usr/lib/jvm/java-7-openjdk-amd64/jre/lib/amd64:/usr/lib/jvm/java-7-openjdk-amd64/jre/lib/i386:
SHELL=/bin/bash
DISPLAY=:0.0

Signal Handlers:
SIGSEGV: [libjvm.so+0xaad2e0], sa_mask[0]=11111111011111111101111111111110, sa_flags=SA_RESTART|SA_SIGINFO
SIGBUS: [libjvm.so+0xaad2e0], sa_mask[0]=11111111011111111101111111111110, sa_flags=SA_RESTART|SA_SIGINFO
SIGFPE: [libjvm.so+0x90b550], sa_mask[0]=11111111011111111101111111111110, sa_flags=SA_RESTART|SA_SIGINFO
SIGPIPE: SIG_IGN, sa_mask[0]=00000000000010000000000000000000, sa_flags=SA_RESTART
SIGXFSZ: [libjvm.so+0x90b550], sa_mask[0]=11111111011111111101111111111110, sa_flags=SA_RESTART|SA_SIGINFO
SIGILL: [libjvm.so+0x90b550], sa_mask[0]=11111111011111111101111111111110, sa_flags=SA_RESTART|SA_SIGINFO
SIGUSR1: SIG_DFL, sa_mask[0]=00000000000000000000000000000000, sa_flags=none
SIGUSR2: [libjvm.so+0x90cb90], sa_mask[0]=00100000000000000000000000000000, sa_flags=SA_RESTART|SA_SIGINFO
SIGHUP: [libjvm.so+0x90dee0], sa_mask[0]=11111111011111111101111111111110, sa_flags=SA_RESTART|SA_SIGINFO
SIGINT: SIG_IGN, sa_mask[0]=00000000000000000000000000000000, sa_flags=none
SIGTERM: [libjvm.so+0x90dee0], sa_mask[0]=11111111011111111101111111111110, sa_flags=SA_RESTART|SA_SIGINFO
SIGQUIT: [libjvm.so+0x90dee0], sa_mask[0]=11111111011111111101111111111110, sa_flags=SA_RESTART|SA_SIGINFO


---------------  S Y S T E M  ---------------

OS:DISTRIB_ID=Ubuntu
DISTRIB_RELEASE=13.10
DISTRIB_CODENAME=saucy
DISTRIB_DESCRIPTION="Ubuntu 13.10"

uname:Linux 3.11.0-26-generic #45-Ubuntu SMP Tue Jul 15 04:02:06 UTC 2014 x86_64
libc:glibc 2.17 NPTL 2.17 
rlimit: STACK 8192k, CORE 0k, NPROC 514862, NOFILE 4096, AS infinity
load average:1,03 1,20 1,66

/proc/meminfo:
MemTotal:       65922644 kB
MemFree:        51739724 kB
Buffers:          715748 kB
Cached:          7237656 kB
SwapCached:            0 kB
Active:         10736828 kB
Inactive:        2480656 kB
Active(anon):    5265020 kB
Inactive(anon):    38312 kB
Active(file):    5471808 kB
Inactive(file):  2442344 kB
Unevictable:         592 kB
Mlocked:             592 kB
SwapTotal:      31250428 kB
SwapFree:       31250428 kB
Dirty:             91076 kB
Writeback:             0 kB
AnonPages:       5264672 kB
Mapped:           372260 kB
Shmem:             39712 kB
Slab:             422692 kB
SReclaimable:     353408 kB
SUnreclaim:        69284 kB
KernelStack:        8480 kB
PageTables:        70708 kB
NFS_Unstable:          0 kB
Bounce:                0 kB
WritebackTmp:          0 kB
CommitLimit:    64211748 kB
Committed_AS:   14756828 kB
VmallocTotal:   34359738367 kB
VmallocUsed:      445508 kB
VmallocChunk:   34325156504 kB
HardwareCorrupted:     0 kB
AnonHugePages:         0 kB
HugePages_Total:       0
HugePages_Free:        0
HugePages_Rsvd:        0
HugePages_Surp:        0
Hugepagesize:       2048 kB
DirectMap4k:      119412 kB
DirectMap2M:     8212480 kB
DirectMap1G:    58720256 kB


CPU:total 8 (4 cores per cpu, 1 threads per core) family 6 model 62 stepping 4, cmov, cx8, fxsr, mmx, sse, sse2, sse3, ssse3, sse4.1, sse4.2, popcnt, avx, aes, clmul, erms, tsc, tscinvbit

/proc/cpuinfo:
processor	: 0
vendor_id	: GenuineIntel
cpu family	: 6
model		: 62
model name	: Intel(R) Xeon(R) CPU E5-2609 v2 @ 2.50GHz
stepping	: 4
microcode	: 0x416
cpu MHz		: 2000.000
cache size	: 10240 KB
physical id	: 0
siblings	: 4
core id		: 0
cpu cores	: 4
apicid		: 0
initial apicid	: 0
fpu		: yes
fpu_exception	: yes
cpuid level	: 13
wp		: yes
flags		: fpu vme de pse tsc msr pae mce cx8 apic sep mtrr pge mca cmov pat pse36 clflush dts acpi mmx fxsr sse sse2 ss ht tm pbe syscall nx pdpe1gb rdtscp lm constant_tsc arch_perfmon pebs bts rep_good nopl xtopology nonstop_tsc aperfmperf eagerfpu pni pclmulqdq dtes64 monitor ds_cpl vmx smx est tm2 ssse3 cx16 xtpr pdcm pcid dca sse4_1 sse4_2 x2apic popcnt tsc_deadline_timer aes xsave avx f16c rdrand lahf_lm arat epb xsaveopt pln pts dtherm tpr_shadow vnmi flexpriority ept vpid fsgsbase smep erms
bogomips	: 4987.63
clflush size	: 64
cache_alignment	: 64
address sizes	: 46 bits physical, 48 bits virtual
power management:

processor	: 1
vendor_id	: GenuineIntel
cpu family	: 6
model		: 62
model name	: Intel(R) Xeon(R) CPU E5-2609 v2 @ 2.50GHz
stepping	: 4
microcode	: 0x416
cpu MHz		: 1200.000
cache size	: 10240 KB
physical id	: 0
siblings	: 4
core id		: 1
cpu cores	: 4
apicid		: 2
initial apicid	: 2
fpu		: yes
fpu_exception	: yes
cpuid level	: 13
wp		: yes
flags		: fpu vme de pse tsc msr pae mce cx8 apic sep mtrr pge mca cmov pat pse36 clflush dts acpi mmx fxsr sse sse2 ss ht tm pbe syscall nx pdpe1gb rdtscp lm constant_tsc arch_perfmon pebs bts rep_good nopl xtopology nonstop_tsc aperfmperf eagerfpu pni pclmulqdq dtes64 monitor ds_cpl vmx smx est tm2 ssse3 cx16 xtpr pdcm pcid dca sse4_1 sse4_2 x2apic popcnt tsc_deadline_timer aes xsave avx f16c rdrand lahf_lm arat epb xsaveopt pln pts dtherm tpr_shadow vnmi flexpriority ept vpid fsgsbase smep erms
bogomips	: 4987.63
clflush size	: 64
cache_alignment	: 64
address sizes	: 46 bits physical, 48 bits virtual
power management:

processor	: 2
vendor_id	: GenuineIntel
cpu family	: 6
model		: 62
model name	: Intel(R) Xeon(R) CPU E5-2609 v2 @ 2.50GHz
stepping	: 4
microcode	: 0x416
cpu MHz		: 2500.000
cache size	: 10240 KB
physical id	: 0
siblings	: 4
core id		: 2
cpu cores	: 4
apicid		: 4
initial apicid	: 4
fpu		: yes
fpu_exception	: yes
cpuid level	: 13
wp		: yes
flags		: fpu vme de pse tsc msr pae mce cx8 apic sep mtrr pge mca cmov pat pse36 clflush dts acpi mmx fxsr sse sse2 ss ht tm pbe syscall nx pdpe1gb rdtscp lm constant_tsc arch_perfmon pebs bts rep_good nopl xtopology nonstop_tsc aperfmperf eagerfpu pni pclmulqdq dtes64 monitor ds_cpl vmx smx est tm2 ssse3 cx16 xtpr pdcm pcid dca sse4_1 sse4_2 x2apic popcnt tsc_deadline_timer aes xsave avx f16c rdrand lahf_lm arat epb xsaveopt pln pts dtherm tpr_shadow vnmi flexpriority ept vpid fsgsbase smep erms
bogomips	: 4987.63
clflush size	: 64
cache_alignment	: 64
address sizes	: 46 bits physical, 48 bits virtual
power management:

processor	: 3
vendor_id	: GenuineIntel
cpu family	: 6
model		: 62
model name	: Intel(R) Xeon(R) CPU E5-2609 v2 @ 2.50GHz
stepping	: 4
microcode	: 0x416
cpu MHz		: 1200.000
cache size	: 10240 KB
physical id	: 0
siblings	: 4
core id		: 3
cpu cores	: 4
apicid		: 6
initial apicid	: 6
fpu		: yes
fpu_exception	: yes
cpuid level	: 13
wp		: yes
flags		: fpu vme de pse tsc msr pae mce cx8 apic sep mtrr pge mca cmov pat pse36 clflush dts acpi mmx fxsr sse sse2 ss ht tm pbe syscall nx pdpe1gb rdtscp lm constant_tsc arch_perfmon pebs bts rep_good nopl xtopology nonstop_tsc aperfmperf eagerfpu pni pclmulqdq dtes64 monitor ds_cpl vmx smx est tm2 ssse3 cx16 xtpr pdcm pcid dca sse4_1 sse4_2 x2apic popcnt tsc_deadline_timer aes xsave avx f16c rdrand lahf_lm arat epb xsaveopt pln pts dtherm tpr_shadow vnmi flexpriority ept vpid fsgsbase smep erms
bogomips	: 4987.63
clflush size	: 64
cache_alignment	: 64
address sizes	: 46 bits physical, 48 bits virtual
power management:

processor	: 4
vendor_id	: GenuineIntel
cpu family	: 6
model		: 62
model name	: Intel(R) Xeon(R) CPU E5-2609 v2 @ 2.50GHz
stepping	: 4
microcode	: 0x416
cpu MHz		: 2500.000
cache size	: 10240 KB
physical id	: 1
siblings	: 4
core id		: 0
cpu cores	: 4
apicid		: 32
initial apicid	: 32
fpu		: yes
fpu_exception	: yes
cpuid level	: 13
wp		: yes
flags		: fpu vme de pse tsc msr pae mce cx8 apic sep mtrr pge mca cmov pat pse36 clflush dts acpi mmx fxsr sse sse2 ss ht tm pbe syscall nx pdpe1gb rdtscp lm constant_tsc arch_perfmon pebs bts rep_good nopl xtopology nonstop_tsc aperfmperf eagerfpu pni pclmulqdq dtes64 monitor ds_cpl vmx smx est tm2 ssse3 cx16 xtpr pdcm pcid dca sse4_1 sse4_2 x2apic popcnt tsc_deadline_timer aes xsave avx f16c rdrand lahf_lm arat epb xsaveopt pln pts dtherm tpr_shadow vnmi flexpriority ept vpid fsgsbase smep erms
bogomips	: 4989.29
clflush size	: 64
cache_alignment	: 64
address sizes	: 46 bits physical, 48 bits virtual
power management:

processor	: 5
vendor_id	: GenuineIntel
cpu family	: 6
model		: 62
model name	: Intel(R) Xeon(R) CPU E5-2609 v2 @ 2.50GHz
stepping	: 4
microcode	: 0x416
cpu MHz		: 2500.000
cache size	: 10240 KB
physical id	: 1
siblings	: 4
core id		: 1
cpu cores	: 4
apicid		: 34
initial apicid	: 34
fpu		: yes
fpu_exception	: yes
cpuid level	: 13
wp		: yes
flags		: fpu vme de pse tsc msr pae mce cx8 apic sep mtrr pge mca cmov pat pse36 clflush dts acpi mmx fxsr sse sse2 ss ht tm pbe syscall nx pdpe1gb rdtscp lm constant_tsc arch_perfmon pebs bts rep_good nopl xtopology nonstop_tsc aperfmperf eagerfpu pni pclmulqdq dtes64 monitor ds_cpl vmx smx est tm2 ssse3 cx16 xtpr pdcm pcid dca sse4_1 sse4_2 x2apic popcnt tsc_deadline_timer aes xsave avx f16c rdrand lahf_lm arat epb xsaveopt pln pts dtherm tpr_shadow vnmi flexpriority ept vpid fsgsbase smep erms
bogomips	: 4989.29
clflush size	: 64
cache_alignment	: 64
address sizes	: 46 bits physical, 48 bits virtual
power management:

processor	: 6
vendor_id	: GenuineIntel
cpu family	: 6
model		: 62
model name	: Intel(R) Xeon(R) CPU E5-2609 v2 @ 2.50GHz
stepping	: 4
microcode	: 0x416
cpu MHz		: 2500.000
cache size	: 10240 KB
physical id	: 1
siblings	: 4
core id		: 2
cpu cores	: 4
apicid		: 36
initial apicid	: 36
fpu		: yes
fpu_exception	: yes
cpuid level	: 13
wp		: yes
flags		: fpu vme de pse tsc msr pae mce cx8 apic sep mtrr pge mca cmov pat pse36 clflush dts acpi mmx fxsr sse sse2 ss ht tm pbe syscall nx pdpe1gb rdtscp lm constant_tsc arch_perfmon pebs bts rep_good nopl xtopology nonstop_tsc aperfmperf eagerfpu pni pclmulqdq dtes64 monitor ds_cpl vmx smx est tm2 ssse3 cx16 xtpr pdcm pcid dca sse4_1 sse4_2 x2apic popcnt tsc_deadline_timer aes xsave avx f16c rdrand lahf_lm arat epb xsaveopt pln pts dtherm tpr_shadow vnmi flexpriority ept vpid fsgsbase smep erms
bogomips	: 4989.29
clflush size	: 64
cache_alignment	: 64
address sizes	: 46 bits physical, 48 bits virtual
power management:

processor	: 7
vendor_id	: GenuineIntel
cpu family	: 6
model		: 62
model name	: Intel(R) Xeon(R) CPU E5-2609 v2 @ 2.50GHz
stepping	: 4
microcode	: 0x416
cpu MHz		: 2500.000
cache size	: 10240 KB
physical id	: 1
siblings	: 4
core id		: 3
cpu cores	: 4
apicid		: 38
initial apicid	: 38
fpu		: yes
fpu_exception	: yes
cpuid level	: 13
wp		: yes
flags		: fpu vme de pse tsc msr pae mce cx8 apic sep mtrr pge mca cmov pat pse36 clflush dts acpi mmx fxsr sse sse2 ss ht tm pbe syscall nx pdpe1gb rdtscp lm constant_tsc arch_perfmon pebs bts rep_good nopl xtopology nonstop_tsc aperfmperf eagerfpu pni pclmulqdq dtes64 monitor ds_cpl vmx smx est tm2 ssse3 cx16 xtpr pdcm pcid dca sse4_1 sse4_2 x2apic popcnt tsc_deadline_timer aes xsave avx f16c rdrand lahf_lm arat epb xsaveopt pln pts dtherm tpr_shadow vnmi flexpriority ept vpid fsgsbase smep erms
bogomips	: 4989.29
clflush size	: 64
cache_alignment	: 64
address sizes	: 46 bits physical, 48 bits virtual
power management:



Memory: 4k page, physical 65922644k(51739724k free), swap 31250428k(31250428k free)

vm_info: Java HotSpot(TM) 64-Bit Server VM (25.40-b25) for linux-amd64 JRE (1.8.0_40-b26), built on Mar  7 2015 15:08:31 by "java_re" with gcc 4.3.0 20080428 (Red Hat 4.3.0-8)

time: Fri Mar 27 13:37:08 2015
elapsed time: 13 seconds (0d 0h 0m 13s)

