#
# A fatal error has been detected by the Java Runtime Environment:
#
#  EXCEPTION_UNCAUGHT_CXX_EXCEPTION (0xe06d7363) at pc=0x000007fefd95940d, pid=83444, tid=83508
#
# JRE version: Java(TM) SE Runtime Environment (8.0_40-b26) (build 1.8.0_40-b26)
# Java VM: Java HotSpot(TM) 64-Bit Server VM (25.40-b25 mixed mode windows-amd64 compressed oops)
# Problematic frame:
# C  [KERNELBASE.dll+0x940d]
#
# Failed to write core dump. Minidumps are not enabled by default on client versions of Windows
#
# If you would like to submit a bug report, please visit:
#   http://bugreport.java.com/bugreport/crash.jsp
# The crash happened outside the Java Virtual Machine in native code.
# See problematic frame for where to report the bug.
#

---------------  T H R E A D  ---------------

Current thread (0x000000002b993800):  JavaThread "JavaFX Application Thread" [_thread_in_native, id=83508, stack(0x000000002cd40000,0x000000002ce40000)]

siginfo: ExceptionCode=0xe06d7363, ExceptionInformation=0x0000000019930520 0x000000002ce3d980 0x000007fee9ab6900 0x000007fee9a10000 

Registers:
RAX=0x0000000041b41b9f, RBX=0x000007fee9ab6900, RCX=0x000000002ce3d1c0, RDX=0x00000000000000d0
RSP=0x000000002ce3d7d0, RBP=0x000000002ce3d900, RSI=0x0000000000000000, RDI=0x000000002ce3d980
R8 =0x0000000000000000, R9 =0x0000000000000000, R10=0x000007fee9a10000, R11=0x000000002ce3d810
R12=0x000000002ce3da70, R13=0x000000002ce3db00, R14=0x000000002b9939f8, R15=0x000000002b993800
RIP=0x000007fefd95940d, EFLAGS=0x0000000000000206

Top of Stack: (sp=0x000000002ce3d7d0)
0x000000002ce3d7d0:   000007fee9ab6900 0000000000000000
0x000000002ce3d7e0:   000000002ce3d980 000000002ce3d7d8
0x000000002ce3d7f0:   00000001e06d7363 0000000000000000
0x000000002ce3d800:   000007fefd95940d 000007fe00000004
0x000000002ce3d810:   0000000019930520 000000002ce3d980
0x000000002ce3d820:   000007fee9ab6900 000007fee9a10000
0x000000002ce3d830:   0000000000000000 000000002ce3d8b8
0x000000002ce3d840:   0000007829c1d5c8 000007fee9a8f008
0x000000002ce3d850:   000000002e05f3b0 0000000000000000
0x000000002ce3d860:   0000000000000201 0000000000000006
0x000000002ce3d870:   000000002b9939f8 000000002ce3db00
0x000000002ce3d880:   000000002ce3da70 000000002ce3d980
0x000000002ce3d890:   0000000000000000 000007fee9a655fb
0x000000002ce3d8a0:   000007fee9ab6900 000000002ce3d910
0x000000002ce3d8b0:   0000000000000001 000007fee9a10100
0x000000002ce3d8c0:   00000001e06d7363 0000000000000000 

Instructions: (pc=0x000007fefd95940d)
0x000007fefd9593ed:   54 24 24 48 89 4c 24 28 4d 85 c9 0f 85 aa 18 00
0x000007fefd9593fd:   00 89 4c 24 38 48 8d 4c 24 20 ff 15 93 1e 04 00
0x000007fefd95940d:   48 81 c4 c8 00 00 00 c3 90 90 90 90 90 90 90 90
0x000007fefd95941d:   90 90 90 48 8b c4 48 83 ec 78 41 f7 c0 fe ff ff 


Register to memory mapping:

RAX=0x0000000041b41b9f is an unknown value
RBX=0x000007fee9ab6900 is an unknown value
RCX=0x000000002ce3d1c0 is pointing into the stack for thread: 0x000000002b993800
RDX=0x00000000000000d0 is an unknown value
RSP=0x000000002ce3d7d0 is pointing into the stack for thread: 0x000000002b993800
RBP=0x000000002ce3d900 is pointing into the stack for thread: 0x000000002b993800
RSI=0x0000000000000000 is an unknown value
RDI=0x000000002ce3d980 is pointing into the stack for thread: 0x000000002b993800
R8 =0x0000000000000000 is an unknown value
R9 =0x0000000000000000 is an unknown value
R10=0x000007fee9a10000 is an unknown value
R11=0x000000002ce3d810 is pointing into the stack for thread: 0x000000002b993800
R12=0x000000002ce3da70 is pointing into the stack for thread: 0x000000002b993800
R13=0x000000002ce3db00 is pointing into the stack for thread: 0x000000002b993800
R14=0x000000002b9939f8 is an unknown value
R15=0x000000002b993800 is a thread


Stack: [0x000000002cd40000,0x000000002ce40000],  sp=0x000000002ce3d7d0,  free space=1013k
Native frames: (J=compiled Java code, j=interpreted, Vv=VM code, C=native code)
C  [KERNELBASE.dll+0x940d]
C  [RivLibLibrary-9027884857458753829.tmp+0x555fb]
C  [RivLibLibrary-9027884857458753829.tmp+0xe366]
C  [RivLibLibrary-9027884857458753829.tmp+0x9856]
C  0x0000000002a95afd

Java frames: (J=compiled Java code, j=interpreted, Vv=VM code)
J 519  fr.ird.voxelidar.voxelisation.extraction.tls.RxpExtraction.getNextShot(J)Lfr/ird/voxelidar/voxelisation/extraction/tls/Shot; (0 bytes) @ 0x0000000002a95a7b [0x0000000002a95a40+0x3b]
J 521 C2 fr.ird.voxelidar.voxelisation.extraction.tls.RxpExtraction$1.next()Ljava/lang/Object; (5 bytes) @ 0x0000000002a99634 [0x0000000002a995e0+0x54]
j  fr.ird.voxelidar.FXPrincipal.start(Ljavafx/stage/Stage;)V+39
j  com.sun.javafx.application.LauncherImpl.lambda$launchApplication1$159(Ljava/util/concurrent/atomic/AtomicBoolean;Ljavafx/application/Application;)V+20
j  com.sun.javafx.application.LauncherImpl$$Lambda$53.run()V+8
j  com.sun.javafx.application.PlatformImpl.lambda$runAndWait$172(Ljava/lang/Runnable;Ljava/util/concurrent/CountDownLatch;)V+1
j  com.sun.javafx.application.PlatformImpl$$Lambda$46.run()V+8
j  com.sun.javafx.application.PlatformImpl.lambda$null$170(Ljava/lang/Runnable;)Ljava/lang/Void;+1
j  com.sun.javafx.application.PlatformImpl$$Lambda$48.run()Ljava/lang/Object;+4
v  ~StubRoutines::call_stub
j  java.security.AccessController.doPrivileged(Ljava/security/PrivilegedAction;Ljava/security/AccessControlContext;)Ljava/lang/Object;+0
j  com.sun.javafx.application.PlatformImpl.lambda$runLater$171(Ljava/lang/Runnable;Ljava/security/AccessControlContext;)V+7
j  com.sun.javafx.application.PlatformImpl$$Lambda$47.run()V+8
j  com.sun.glass.ui.InvokeLaterDispatcher$Future.run()V+4
v  ~StubRoutines::call_stub
j  com.sun.glass.ui.win.WinApplication._runLoop(Ljava/lang/Runnable;)V+0
j  com.sun.glass.ui.win.WinApplication.lambda$null$145(Ljava/lang/Runnable;)V+7
j  com.sun.glass.ui.win.WinApplication$$Lambda$36.run()V+8
j  java.lang.Thread.run()V+11
v  ~StubRoutines::call_stub

---------------  P R O C E S S  ---------------

Java Threads: ( => current thread )
  0x000000002b9c4800 JavaThread "Thread-3" daemon [_thread_in_native, id=81788, stack(0x000000002e300000,0x000000002e400000)]
  0x000000002b9b5800 JavaThread "JavaFX-Launcher" [_thread_blocked, id=83972, stack(0x000000002e430000,0x000000002e530000)]
=>0x000000002b993800 JavaThread "JavaFX Application Thread" [_thread_in_native, id=83508, stack(0x000000002cd40000,0x000000002ce40000)]
  0x000000002b98e800 JavaThread "Thread-1" daemon [_thread_blocked, id=82648, stack(0x000000002cc10000,0x000000002cd10000)]
  0x000000002b973800 JavaThread "QuantumRenderer-0" daemon [_thread_blocked, id=75580, stack(0x000000002bec0000,0x000000002bfc0000)]
  0x0000000029fbf000 JavaThread "Service Thread" daemon [_thread_blocked, id=26208, stack(0x000000002bb60000,0x000000002bc60000)]
  0x0000000029fbd000 JavaThread "C1 CompilerThread1" daemon [_thread_blocked, id=79956, stack(0x000000002b9f0000,0x000000002baf0000)]
  0x0000000029f82800 JavaThread "C2 CompilerThread0" daemon [_thread_blocked, id=81824, stack(0x000000002b100000,0x000000002b200000)]
  0x0000000029f77800 JavaThread "JDWP Command Reader" daemon [_thread_in_native, id=80940, stack(0x000000002b4d0000,0x000000002b5d0000)]
  0x0000000029f70000 JavaThread "JDWP Event Helper Thread" daemon [_thread_blocked, id=83120, stack(0x000000002b340000,0x000000002b440000)]
  0x0000000029f6b800 JavaThread "JDWP Transport Listener: dt_socket" daemon [_thread_blocked, id=81540, stack(0x000000002ae30000,0x000000002af30000)]
  0x0000000029f5d800 JavaThread "Attach Listener" daemon [_thread_blocked, id=83320, stack(0x000000002afd0000,0x000000002b0d0000)]
  0x0000000029f5c800 JavaThread "Signal Dispatcher" daemon [_thread_blocked, id=83724, stack(0x000000002ad30000,0x000000002ae30000)]
  0x0000000029ef7000 JavaThread "Finalizer" daemon [_thread_blocked, id=83728, stack(0x000000002a850000,0x000000002a950000)]
  0x0000000029ef3800 JavaThread "Reference Handler" daemon [_thread_blocked, id=82676, stack(0x000000002ab80000,0x000000002ac80000)]
  0x00000000020f0000 JavaThread "main" [_thread_blocked, id=80688, stack(0x0000000002490000,0x0000000002590000)]

Other Threads:
  0x0000000029eed800 VMThread [stack: 0x000000002a9b0000,0x000000002aab0000] [id=83644]
  0x000000002b5fb000 WatcherThread [stack: 0x000000002bd40000,0x000000002be40000] [id=83224]

VM state:not at safepoint (normal execution)

VM Mutex/Monitor currently owned by a thread: None

Heap:
 PSYoungGen      total 33280K, used 15338K [0x00000006eab00000, 0x00000006ed000000, 0x00000007c0000000)
  eden space 28672K, 46% used [0x00000006eab00000,0x00000006eb7eabd0,0x00000006ec700000)
  from space 4608K, 45% used [0x00000006ecb80000,0x00000006ecd90020,0x00000006ed000000)
  to   space 4608K, 0% used [0x00000006ec700000,0x00000006ec700000,0x00000006ecb80000)
 ParOldGen       total 76800K, used 16K [0x0000000540000000, 0x0000000544b00000, 0x00000006eab00000)
  object space 76800K, 0% used [0x0000000540000000,0x0000000540004000,0x0000000544b00000)
 Metaspace       used 8390K, capacity 8690K, committed 8832K, reserved 1056768K
  class space    used 1016K, capacity 1123K, committed 1152K, reserved 1048576K

Card table byte_map: [0x0000000011c20000,0x0000000013030000] byte_map_base: 0x000000000f220000

Marking Bits: (ParMarkBitMap*) 0x0000000070484040
 Begin Bits: [0x00000000141c0000, 0x000000001e1c0000)
 End Bits:   [0x000000001e1c0000, 0x00000000281c0000)

Polling page: 0x0000000000240000

CodeCache: size=245760Kb used=2289Kb max_used=2289Kb free=243471Kb
 bounds [0x0000000002860000, 0x0000000002ad0000, 0x0000000011860000]
 total_blobs=939 nmethods=536 adapters=326
 compilation: enabled

Compilation events (10 events):
Event: 22.597 Thread 0x0000000029fbd000  536       3       java.lang.ref.Reference::clear (6 bytes)
Event: 22.597 Thread 0x0000000029fbd000 nmethod 536 0x0000000002a9a050 code [0x0000000002a9a1a0, 0x0000000002a9a310]
Event: 22.597 Thread 0x0000000029fbd000  529   !   3       java.lang.ref.ReferenceQueue::remove (125 bytes)
Event: 22.597 Thread 0x0000000029fbd000 nmethod 529 0x0000000002a9a390 code [0x0000000002a9a580, 0x0000000002a9aef8]
Event: 22.597 Thread 0x0000000029fbd000  530       3       java.lang.ref.Finalizer::access$100 (6 bytes)
Event: 22.598 Thread 0x0000000029fbd000 nmethod 530 0x0000000002a9b390 code [0x0000000002a9b500, 0x0000000002a9b688]
Event: 22.598 Thread 0x0000000029fbd000  531   !   3       java.lang.ref.Finalizer::runFinalizer (62 bytes)
Event: 22.598 Thread 0x0000000029fbd000 nmethod 531 0x0000000002a9b750 code [0x0000000002a9b920, 0x0000000002a9c1d8]
Event: 22.598 Thread 0x0000000029fbd000  532       3       java.util.zip.ZipFile$ZipFileInputStream::finalize (5 bytes)
Event: 22.598 Thread 0x0000000029fbd000 nmethod 532 0x0000000002a9c4d0 code [0x0000000002a9c640, 0x0000000002a9c7e8]

GC Heap History (4 events):
Event: 22.591 GC heap before
{Heap before GC invocations=1 (full 0):
 PSYoungGen      total 33280K, used 28672K [0x00000006eab00000, 0x00000006ed000000, 0x00000007c0000000)
  eden space 28672K, 100% used [0x00000006eab00000,0x00000006ec700000,0x00000006ec700000)
  from space 4608K, 0% used [0x00000006ecb80000,0x00000006ecb80000,0x00000006ed000000)
  to   space 4608K, 0% used [0x00000006ec700000,0x00000006ec700000,0x00000006ecb80000)
 ParOldGen       total 76800K, used 0K [0x0000000540000000, 0x0000000544b00000, 0x00000006eab00000)
  object space 76800K, 0% used [0x0000000540000000,0x0000000540000000,0x0000000544b00000)
 Metaspace       used 8383K, capacity 8690K, committed 8832K, reserved 1056768K
  class space    used 1016K, capacity 1123K, committed 1152K, reserved 1048576K
Event: 22.595 GC heap after
Heap after GC invocations=1 (full 0):
 PSYoungGen      total 33280K, used 2465K [0x00000006eab00000, 0x00000006ed000000, 0x00000007c0000000)
  eden space 28672K, 0% used [0x00000006eab00000,0x00000006eab00000,0x00000006ec700000)
  from space 4608K, 53% used [0x00000006ec700000,0x00000006ec9687e8,0x00000006ecb80000)
  to   space 4608K, 0% used [0x00000006ecb80000,0x00000006ecb80000,0x00000006ed000000)
 ParOldGen       total 76800K, used 8K [0x0000000540000000, 0x0000000544b00000, 0x00000006eab00000)
  object space 76800K, 0% used [0x0000000540000000,0x0000000540002000,0x0000000544b00000)
 Metaspace       used 8383K, capacity 8690K, committed 8832K, reserved 1056768K
  class space    used 1016K, capacity 1123K, committed 1152K, reserved 1048576K
}
Event: 22.836 GC heap before
{Heap before GC invocations=2 (full 0):
 PSYoungGen      total 33280K, used 31137K [0x00000006eab00000, 0x00000006ed000000, 0x00000007c0000000)
  eden space 28672K, 100% used [0x00000006eab00000,0x00000006ec700000,0x00000006ec700000)
  from space 4608K, 53% used [0x00000006ec700000,0x00000006ec9687e8,0x00000006ecb80000)
  to   space 4608K, 0% used [0x00000006ecb80000,0x00000006ecb80000,0x00000006ed000000)
 ParOldGen       total 76800K, used 8K [0x0000000540000000, 0x0000000544b00000, 0x00000006eab00000)
  object space 76800K, 0% used [0x0000000540000000,0x0000000540002000,0x0000000544b00000)
 Metaspace       used 8390K, capacity 8690K, committed 8832K, reserved 1056768K
  class space    used 1016K, capacity 1123K, committed 1152K, reserved 1048576K
Event: 22.840 GC heap after
Heap after GC invocations=2 (full 0):
 PSYoungGen      total 33280K, used 2112K [0x00000006eab00000, 0x00000006ed000000, 0x00000007c0000000)
  eden space 28672K, 0% used [0x00000006eab00000,0x00000006eab00000,0x00000006ec700000)
  from space 4608K, 45% used [0x00000006ecb80000,0x00000006ecd90020,0x00000006ed000000)
  to   space 4608K, 0% used [0x00000006ec700000,0x00000006ec700000,0x00000006ecb80000)
 ParOldGen       total 76800K, used 16K [0x0000000540000000, 0x0000000544b00000, 0x00000006eab00000)
  object space 76800K, 0% used [0x0000000540000000,0x0000000540004000,0x0000000544b00000)
 Metaspace       used 8390K, capacity 8690K, committed 8832K, reserved 1056768K
  class space    used 1016K, capacity 1123K, committed 1152K, reserved 1048576K
}

Deoptimization events (0 events):
No events

Internal exceptions (10 events):
Event: 4.112 Thread 0x000000002b993800 Exception <a 'java/lang/ClassNotFoundException': org/apache/log4j/RollingFileAppenderBeanInfo> (0x00000006eb81d9f8) thrown at [D:\re\workspace\8-2-build-windows-amd64-cygwin\jdk8u40\3098\hotspot\src\share\vm\classfile\systemDictionary.cpp, line 210]
Event: 4.114 Thread 0x000000002b993800 Exception <a 'java/lang/ClassNotFoundException': org/apache/log4j/FileAppenderBeanInfo> (0x00000006eb826320) thrown at [D:\re\workspace\8-2-build-windows-amd64-cygwin\jdk8u40\3098\hotspot\src\share\vm\classfile\systemDictionary.cpp, line 210]
Event: 4.115 Thread 0x000000002b993800 Exception <a 'java/lang/ClassNotFoundException': org/apache/log4j/WriterAppenderBeanInfo> (0x00000006eb82ef08) thrown at [D:\re\workspace\8-2-build-windows-amd64-cygwin\jdk8u40\3098\hotspot\src\share\vm\classfile\systemDictionary.cpp, line 210]
Event: 4.117 Thread 0x000000002b993800 Exception <a 'java/lang/ClassNotFoundException': org/apache/log4j/AppenderSkeletonBeanInfo> (0x00000006eb837e20) thrown at [D:\re\workspace\8-2-build-windows-amd64-cygwin\jdk8u40\3098\hotspot\src\share\vm\classfile\systemDictionary.cpp, line 210]
Event: 4.119 Thread 0x000000002b993800 Exception <a 'java/lang/ClassNotFoundException': org/apache/log4j/AppenderSkeletonCustomizer> (0x00000006eb8414c0) thrown at [D:\re\workspace\8-2-build-windows-amd64-cygwin\jdk8u40\3098\hotspot\src\share\vm\classfile\systemDictionary.cpp, line 210]
Event: 4.127 Thread 0x000000002b993800 Exception <a 'java/lang/ClassNotFoundException': org/apache/log4j/WriterAppenderCustomizer> (0x00000006eb85e9e8) thrown at [D:\re\workspace\8-2-build-windows-amd64-cygwin\jdk8u40\3098\hotspot\src\share\vm\classfile\systemDictionary.cpp, line 210]
Event: 4.133 Thread 0x000000002b993800 Exception <a 'java/lang/ClassNotFoundException': org/apache/log4j/FileAppenderCustomizer> (0x00000006eb873c60) thrown at [D:\re\workspace\8-2-build-windows-amd64-cygwin\jdk8u40\3098\hotspot\src\share\vm\classfile\systemDictionary.cpp, line 210]
Event: 4.140 Thread 0x000000002b993800 Exception <a 'java/lang/ClassNotFoundException': org/apache/log4j/RollingFileAppenderCustomizer> (0x00000006eb88a090) thrown at [D:\re\workspace\8-2-build-windows-amd64-cygwin\jdk8u40\3098\hotspot\src\share\vm\classfile\systemDictionary.cpp, line 210]
Event: 4.155 Thread 0x000000002b993800 Exception <a 'java/lang/ClassNotFoundException': org/apache/log4j/ConsoleAppenderBeanInfo> (0x00000006eb8c1c68) thrown at [D:\re\workspace\8-2-build-windows-amd64-cygwin\jdk8u40\3098\hotspot\src\share\vm\classfile\systemDictionary.cpp, line 210]
Event: 4.156 Thread 0x000000002b993800 Exception <a 'java/lang/ClassNotFoundException': org/apache/log4j/ConsoleAppenderCustomizer> (0x00000006eb8caae0) thrown at [D:\re\workspace\8-2-build-windows-amd64-cygwin\jdk8u40\3098\hotspot\src\share\vm\classfile\systemDictionary.cpp, line 210]

Events (10 events):
Event: 20.582 Executing VM operation: ChangeSingleStep
Event: 20.582 Executing VM operation: ChangeSingleStep done
Event: 20.582 Executing VM operation: ChangeSingleStep
Event: 20.582 Executing VM operation: ChangeSingleStep done
Event: 21.503 Executing VM operation: ChangeBreakpoints
Event: 21.504 Executing VM operation: ChangeBreakpoints done
Event: 22.591 Executing VM operation: ParallelGCFailedAllocation
Event: 22.595 Executing VM operation: ParallelGCFailedAllocation done
Event: 22.836 Executing VM operation: ParallelGCFailedAllocation
Event: 22.840 Executing VM operation: ParallelGCFailedAllocation done


Dynamic libraries:
0x000000013fdb0000 - 0x000000013fde7000 	C:\Program Files\Java\jdk1.8.0_40\jre\bin\java.exe
0x00000000778a0000 - 0x0000000077a49000 	C:\Windows\SYSTEM32\ntdll.dll
0x0000000077780000 - 0x000000007789f000 	C:\Windows\system32\kernel32.dll
0x000007fefd950000 - 0x000007fefd9bc000 	C:\Windows\system32\KERNELBASE.dll
0x000007feffad0000 - 0x000007feffbab000 	C:\Windows\system32\ADVAPI32.dll
0x000007fefe510000 - 0x000007fefe5af000 	C:\Windows\system32\msvcrt.dll
0x000007fefda70000 - 0x000007fefda8f000 	C:\Windows\SYSTEM32\sechost.dll
0x000007feff9a0000 - 0x000007feffacd000 	C:\Windows\system32\RPCRT4.dll
0x0000000077680000 - 0x000000007777a000 	C:\Windows\system32\USER32.dll
0x000007fefdde0000 - 0x000007fefde47000 	C:\Windows\system32\GDI32.dll
0x000007fefe290000 - 0x000007fefe29e000 	C:\Windows\system32\LPK.dll
0x000007fefe6d0000 - 0x000007fefe799000 	C:\Windows\system32\USP10.dll
0x000007fefce40000 - 0x000007fefd034000 	C:\Windows\WinSxS\amd64_microsoft.windows.common-controls_6595b64144ccf1df_6.0.7601.17514_none_fa396087175ac9ac\COMCTL32.dll
0x000007fefe9b0000 - 0x000007fefea21000 	C:\Windows\system32\SHLWAPI.dll
0x000007fefe7a0000 - 0x000007fefe7ce000 	C:\Windows\system32\IMM32.DLL
0x000007fefe170000 - 0x000007fefe279000 	C:\Windows\system32\MSCTF.dll
0x0000000060210000 - 0x00000000602e2000 	C:\Program Files\Java\jdk1.8.0_40\jre\bin\msvcr100.dll
0x000000006fc80000 - 0x0000000070503000 	C:\Program Files\Java\jdk1.8.0_40\jre\bin\server\jvm.dll
0x000007fef53e0000 - 0x000007fef53e9000 	C:\Windows\system32\WSOCK32.dll
0x000007fefe7d0000 - 0x000007fefe81d000 	C:\Windows\system32\WS2_32.dll
0x000007fefe280000 - 0x000007fefe288000 	C:\Windows\system32\NSI.dll
0x000007fefa630000 - 0x000007fefa66b000 	C:\Windows\system32\WINMM.dll
0x000007fefc420000 - 0x000007fefc42c000 	C:\Windows\system32\VERSION.dll
0x0000000077a60000 - 0x0000000077a67000 	C:\Windows\system32\PSAPI.DLL
0x000000006e8f0000 - 0x000000006e8ff000 	C:\Program Files\Java\jdk1.8.0_40\jre\bin\verify.dll
0x00000000633f0000 - 0x0000000063419000 	C:\Program Files\Java\jdk1.8.0_40\jre\bin\java.dll
0x0000000063770000 - 0x00000000637a5000 	C:\Program Files\Java\jdk1.8.0_40\jre\bin\jdwp.dll
0x0000000066e60000 - 0x0000000066e68000 	C:\Program Files\Java\jdk1.8.0_40\jre\bin\npt.dll
0x00000000695d0000 - 0x00000000695e6000 	C:\Program Files\Java\jdk1.8.0_40\jre\bin\zip.dll
0x000007fefec10000 - 0x000007feff998000 	C:\Windows\system32\SHELL32.dll
0x000007fefe300000 - 0x000007fefe503000 	C:\Windows\system32\ole32.dll
0x000007fefd6b0000 - 0x000007fefd6bf000 	C:\Windows\system32\profapi.dll
0x0000000063760000 - 0x0000000063769000 	C:\Program Files\Java\jdk1.8.0_40\jre\bin\dt_socket.dll
0x000007fefcb70000 - 0x000007fefcbc5000 	C:\Windows\system32\mswsock.dll
0x000007fefc4f0000 - 0x000007fefc4f7000 	C:\Windows\System32\wshtcpip.dll
0x00000000634e0000 - 0x000000006350c000 	C:\Program Files\Java\jdk1.8.0_40\jre\bin\prism_d3d.dll
0x000007fef9d70000 - 0x000007fef9f6f000 	C:\Windows\system32\d3d9.dll
0x000007fef9d60000 - 0x000007fef9d67000 	C:\Windows\system32\d3d8thk.dll
0x000007fefb980000 - 0x000007fefb998000 	C:\Windows\system32\dwmapi.dll
0x000007fefbdb0000 - 0x000007fefbe06000 	C:\Windows\system32\uxtheme.dll
0x000007fee0ee0000 - 0x000007fee1f96000 	C:\Windows\system32\nvd3dumx.dll
0x0000000180000000 - 0x0000000180114000 	C:\Windows\system32\nvspcap64.dll
0x000007fefe090000 - 0x000007fefe167000 	C:\Windows\system32\OLEAUT32.dll
0x0000000060fe0000 - 0x0000000061021000 	C:\Program Files\Java\jdk1.8.0_40\jre\bin\glass.dll
0x000007fefdd40000 - 0x000007fefddd7000 	C:\Windows\system32\COMDLG32.dll
0x000007fef91e0000 - 0x000007fef925f000 	C:\Program Files\Common Files\microsoft shared\ink\tiptsf.dll
0x000007fefd550000 - 0x000007fefd55f000 	C:\Windows\system32\CRYPTBASE.dll
0x000007fefb390000 - 0x000007fefb3bc000 	C:\Windows\system32\powrprof.dll
0x000007fefea30000 - 0x000007fefec07000 	C:\Windows\system32\SETUPAPI.dll
0x000007fefd6e0000 - 0x000007fefd716000 	C:\Windows\system32\CFGMGR32.dll
0x000007fefd720000 - 0x000007fefd73a000 	C:\Windows\system32\DEVOBJ.dll
0x000007fee5d00000 - 0x000007fee5e6a000 	C:\Program Files (x86)\NVIDIA Corporation\3D Vision\nvSCPAPI64.dll
0x000007fef98c0000 - 0x000007fef9bf3000 	C:\Windows\system32\nvapi64.dll
0x000007fefcbd0000 - 0x000007fefcbe8000 	C:\Windows\system32\CRYPTSP.dll
0x000007fefc8d0000 - 0x000007fefc917000 	C:\Windows\system32\rsaenh.dll
0x000007fefda00000 - 0x000007fefda1e000 	C:\Windows\system32\USERENV.dll
0x0000000066ea0000 - 0x0000000066eba000 	C:\Program Files\Java\jdk1.8.0_40\jre\bin\net.dll
0x000007fefcb60000 - 0x000007fefcb67000 	C:\Windows\System32\wship6.dll
0x000007fefd310000 - 0x000007fefd337000 	C:\Windows\system32\IPHLPAPI.DLL
0x000007fefd300000 - 0x000007fefd30b000 	C:\Windows\system32\WINNSI.DLL
0x000007fefab60000 - 0x000007fefab71000 	C:\Windows\system32\dhcpcsvc6.DLL
0x000007fefa950000 - 0x000007fefa968000 	C:\Windows\system32\dhcpcsvc.DLL
0x0000000066e40000 - 0x0000000066e51000 	C:\Program Files\Java\jdk1.8.0_40\jre\bin\nio.dll
0x000007fee9a10000 - 0x000007fee9ace000 	C:\Users\Julien\AppData\Local\Temp\RivLibLibrary-9027884857458753829.tmp
0x000007fef7aa0000 - 0x000007fef7bc5000 	C:\Windows\system32\dbghelp.dll

VM Arguments:
jvm_args: -Xdebug -Xmx10g -Xrunjdwp:transport=dt_socket,server=n,address=58748 
java_command: E:\Programmation\VoxeLidar\trunk\VoxeLidarGUIFX\target/release/VoxeLidarGUIFX-1.0-r185dc5c6.jar
java_class_path (initial): E:\Programmation\VoxeLidar\trunk\VoxeLidarGUIFX\target/release/VoxeLidarGUIFX-1.0-r185dc5c6.jar
Launcher Type: SUN_STANDARD

Environment Variables:
JAVA_HOME=C:\Program Files\Java\jdk1.8.0_40
PATH=C:\ProgramData\Oracle\Java\javapath;C:\Python27\;C:\Python27\Lib\site-packages\PyQt4;C:\Python34\;C:\Python34\Scripts;C:\Program Files (x86)\NVIDIA Corporation\PhysX\Common;C:\Program Files\Common Files\Microsoft Shared\Windows Live;C:\Program Files (x86)\Common Files\Microsoft Shared\Windows Live;C:\Windows\system32;C:\Windows;C:\Windows\System32\Wbem;C:\Windows\System32\WindowsPowerShell\v1.0\;C:\Program Files (x86)\Windows Live\Shared;C:\Program Files\Microsoft\Web Platform Installer\;C:\Program Files (x86)\Microsoft ASP.NET\ASP.NET Web Pages\v1.0\;C:\MinGW\bin;C:\Program Files\TortoiseSVN\bin;C:\Program Files (x86)\VisualSVN\bin;C:\Program Files (x86)\Windows Kits\8.1\Windows Performance Toolkit\;C:\Program Files (x86)\GitExtensions\;C:\Program Files (x86)\Git\cmd
USERNAME=Julien
OS=Windows_NT
PROCESSOR_IDENTIFIER=Intel64 Family 6 Model 23 Stepping 6, GenuineIntel



---------------  S Y S T E M  ---------------

OS: Windows 7 , 64 bit Build 7601 (6.1.7601.18409)

CPU:total 2 (2 cores per cpu, 1 threads per core) family 6 model 23 stepping 6, cmov, cx8, fxsr, mmx, sse, sse2, sse3, ssse3, sse4.1, tsc

Memory: 4k page, physical 7339128k(3090648k free), swap 14676272k(8234444k free)

vm_info: Java HotSpot(TM) 64-Bit Server VM (25.40-b25) for windows-amd64 JRE (1.8.0_40-b26), built on Mar  7 2015 13:51:59 by "java_re" with MS VC++ 10.0 (VS2010)

time: Sun Apr 26 16:27:00 2015
elapsed time: 23 seconds (0d 0h 0m 23s)

