#
# A fatal error has been detected by the Java Runtime Environment:
#
#  SIGSEGV (0xb) at pc=0x00007f306111206f, pid=17606, tid=139845277574912
#
# JRE version: Java(TM) SE Runtime Environment (8.0_40-b26) (build 1.8.0_40-b26)
# Java VM: Java HotSpot(TM) 64-Bit Server VM (25.40-b25 mixed mode linux-amd64 compressed oops)
# Problematic frame:
# C  [ld-linux-x86-64.so.2+0x706f]
#
# Failed to write core dump. Core dumps have been disabled. To enable core dumping, try "ulimit -c unlimited" before starting Java again
#
# If you would like to submit a bug report, please visit:
#   http://bugreport.java.com/bugreport/crash.jsp
#

---------------  T H R E A D  ---------------

Current thread (0x00007f30581c9800):  VMThread [stack: 0x00007f304407e000,0x00007f304417f000] [id=17619]

siginfo: si_signo: 11 (SIGSEGV), si_code: 2 (SEGV_ACCERR), si_addr: 0x00007f300005c1a8

Registers:
RAX=0x00007f300005c1a0, RBX=0x0000000000000003, RCX=0x000000000ffffee4, RDX=0x00007f300005c330
RSP=0x00007f304417ce80, RBP=0x00007f304417cfe0, RSI=0x00007f300005c000, RDI=0x000000006fffffff
R8 =0x0000000070000021, R9 =0x000000006ffffdff, R10=0x00007f2ffc0015d0, R11=0x000000006ffffeff
R12=0x00007f2ffc001590, R13=0x00007f304417d0b0, R14=0x0000000000000002, R15=0x00007f300006dc10
RIP=0x00007f306111206f, EFLAGS=0x0000000000010206, CSGSFS=0x0000000000000033, ERR=0x0000000000000007
  TRAPNO=0x000000000000000e

Top of Stack: (sp=0x00007f304417ce80)
0x00007f304417ce80:   00007f2fd85eb3e0 00007f2fd85eb650
0x00007f304417ce90:   00007f2fd85eb8c0 00007f2fd85e81b0
0x00007f304417cea0:   0000000900000000 0000000000000000
0x00007f304417ceb0:   0000000000000000 0000000000000000
0x00007f304417cec0:   00007f300006dc10 00007f300006dba8
0x00007f304417ced0:   00007f304417ce80 00007f2ffc000af0
0x00007f304417cee0:   00007f2f840931f0 00007f306132f240
0x00007f304417cef0:   0000003500030190 0000000000011c10
0x00007f304417cf00:   00007f304417d068 00000fe60882f9bd
0x00007f304417cf10:   0000000000000007 00007f304417cde8
0x00007f304417cf20:   0000000000000801 00000000000a209f
0x00007f304417cf30:   0000000000000001 000003e8000081a4
0x00007f304417cf40:   00000000000003e8 0000000000000000
0x00007f304417cf50:   0000000000012608 0000000000001000
0x00007f304417cf60:   0000000000000098 00000000551535bc
0x00007f304417cf70:   0000000011172de9 00000000551535bc
0x00007f304417cf80:   000000000dfdb7e7 00000000551535bc
0x00007f304417cf90:   000000000dfdb7e7 0000000000000000
0x00007f304417cfa0:   0000000000000000 0000000000000000
0x00007f304417cfb0:   0000000000000061 00007f2f840931f0
0x00007f304417cfc0:   0000000000000000 0000000090000001
0x00007f304417cfd0:   00007f306132e060 0000000000000035
0x00007f304417cfe0:   0000000000000000 00007f3061113945
0x00007f304417cff0:   0000000090000001 00007f304417d060
0x00007f304417d000:   0000000000000000 0000000000000000
0x00007f304417d010:   0000000000000000 00007f2f00000000
0x00007f304417d020:   0000000200000000 0000000010000000
0x00007f304417d030:   00007f2fffffffff 00007f2f00000000
0x00007f304417d040:   ffffffdc00000000 00007f3060788a5e
0x00007f304417d050:   ffffffffffffff00 00007f2ffc000af0
0x00007f304417d060:   00007fffb1c762f0 0000000000000340
0x00007f304417d070:   00010102464c457f 0000000000000000 

Instructions: (pc=0x00007f306111206f)
0x00007f306111204f:   49 89 54 c4 40 48 83 c2 10 48 8b 02 48 85 c0 75
0x00007f306111205f:   ca 48 85 f6 74 79 49 8b 44 24 60 48 85 c0 74 04
0x00007f306111206f:   48 01 70 08 49 8b 44 24 58 48 85 c0 74 04 48 01
0x00007f306111207f:   70 08 49 8b 44 24 68 48 85 c0 74 04 48 01 70 08 

Register to memory mapping:

RAX=0x00007f300005c1a0 is an unknown value
RBX=0x0000000000000003 is an unknown value
RCX=0x000000000ffffee4 is an unknown value
RDX=0x00007f300005c330 is an unknown value
RSP=0x00007f304417ce80 is an unknown value
RBP=0x00007f304417cfe0 is an unknown value
RSI=0x00007f300005c000 is an unknown value
RDI=0x000000006fffffff is an unknown value
R8 =0x0000000070000021 is an unknown value
R9 =0x000000006ffffdff is an unknown value
R10=0x00007f2ffc0015d0 is an unknown value
R11=0x000000006ffffeff is an unknown value
R12=0x00007f2ffc001590 is an unknown value
R13=0x00007f304417d0b0 is an unknown value
R14=0x0000000000000002 is an unknown value
R15=0x00007f300006dc10 is an unknown value


Stack: [0x00007f304407e000,0x00007f304417f000],  sp=0x00007f304417ce80,  free space=1019k
Native frames: (J=compiled Java code, j=interpreted, Vv=VM code, C=native code)
C  [ld-linux-x86-64.so.2+0x706f]

VM_Operation (0x00007f2fa67d34a0): LinuxDllLoad, mode: safepoint, requested by thread 0x00007f2f90082000


---------------  P R O C E S S  ---------------

Java Threads: ( => current thread )
  0x00007f2f8405d800 JavaThread "process reaper" daemon [_thread_blocked, id=17684, stack(0x00007f3030009000,0x00007f3030042000)]
  0x00007f2f90082000 JavaThread "SwingWorker-pool-2-thread-1" daemon [_thread_blocked, id=17680, stack(0x00007f2fa66d8000,0x00007f2fa67d9000)]
  0x00007f2f90028800 JavaThread "TimerQueue" daemon [_thread_blocked, id=17678, stack(0x00007f2fa7583000,0x00007f2fa7684000)]
  0x00007f2f90003800 JavaThread "org.netbeans.modules.debugger.jpda.visual AWT Access Loop" daemon [_thread_blocked, id=17647, stack(0x00007f2fa7282000,0x00007f2fa7383000)]
  0x00007f2fa8139000 JavaThread "AWT-EventQueue-0" [_thread_blocked, id=17645, stack(0x00007f2fa7884000,0x00007f2fa7985000)]
  0x00007f2fa8137000 JavaThread "AWT-Shutdown" [_thread_blocked, id=17644, stack(0x00007f2fa7985000,0x00007f2fa7a86000)]
  0x00007f2fa8105000 JavaThread "AWT-XAWT" daemon [_thread_in_native, id=17643, stack(0x00007f2fa7a86000,0x00007f2fa7b87000)]
  0x00007f2fa80eb000 JavaThread "Java2D Disposer" daemon [_thread_blocked, id=17642, stack(0x00007f2fbc0b3000,0x00007f2fbc1b4000)]
  0x00007f305842b000 JavaThread "JavaFX-Launcher" [_thread_blocked, id=17641, stack(0x00007f2fbc6df000,0x00007f2fbc7e0000)]
  0x00007f3058426000 JavaThread "JavaFX Application Thread" [_thread_blocked, id=17640, stack(0x00007f2fbc8e0000,0x00007f2fbc9e1000)]
  0x00007f3058422000 JavaThread "Thread-1" daemon [_thread_blocked, id=17639, stack(0x00007f300006f000,0x00007f3000170000)]
  0x00007f305835a000 JavaThread "QuantumRenderer-0" daemon [_thread_blocked, id=17635, stack(0x00007f3031018000,0x00007f3031119000)]
  0x00007f3058224000 JavaThread "Service Thread" daemon [_thread_blocked, id=17633, stack(0x00007f3031381000,0x00007f3031482000)]
  0x00007f305821e000 JavaThread "C1 CompilerThread3" daemon [_thread_blocked, id=17632, stack(0x00007f3031482000,0x00007f3031583000)]
  0x00007f305821c000 JavaThread "C2 CompilerThread2" daemon [_thread_blocked, id=17631, stack(0x00007f3031583000,0x00007f3031684000)]
  0x00007f305821a800 JavaThread "C2 CompilerThread1" daemon [_thread_blocked, id=17630, stack(0x00007f3031684000,0x00007f3031785000)]
  0x00007f3058217800 JavaThread "C2 CompilerThread0" daemon [_thread_blocked, id=17629, stack(0x00007f3031785000,0x00007f3031886000)]
  0x00007f2ff0001000 JavaThread "JDWP Command Reader" daemon [_thread_in_native, id=17626, stack(0x00007f3031886000,0x00007f3031987000)]
  0x00007f3058215000 JavaThread "JDWP Event Helper Thread" daemon [_thread_blocked, id=17625, stack(0x00007f3031987000,0x00007f3031a88000)]
  0x00007f3058211800 JavaThread "JDWP Transport Listener: dt_socket" daemon [_thread_blocked, id=17623, stack(0x00007f3031a88000,0x00007f3031b89000)]
  0x00007f3058205800 JavaThread "Signal Dispatcher" daemon [_thread_blocked, id=17622, stack(0x00007f3031d8d000,0x00007f3031e8e000)]
  0x00007f30581d0800 JavaThread "Finalizer" daemon [_thread_blocked, id=17621, stack(0x00007f3031e8e000,0x00007f3031f8f000)]
  0x00007f30581ce800 JavaThread "Reference Handler" daemon [_thread_blocked, id=17620, stack(0x00007f3031f8f000,0x00007f3032090000)]
  0x00007f305800c000 JavaThread "main" [_thread_blocked, id=17610, stack(0x00007f3061205000,0x00007f3061306000)]

Other Threads:
=>0x00007f30581c9800 VMThread [stack: 0x00007f304407e000,0x00007f304417f000] [id=17619]
  0x00007f3058226000 WatcherThread [stack: 0x00007f3031280000,0x00007f3031381000] [id=17634]

VM state:at safepoint (normal execution)

VM Mutex/Monitor currently owned by a thread:  ([mutex/lock_event])
[0x00007f3058008690] Threads_lock - owner thread: 0x00007f30581c9800

Heap:
 PSYoungGen      total 575488K, used 32764K [0x0000000670b00000, 0x0000000698700000, 0x00000007c0000000)
  eden space 512000K, 6% used [0x0000000670b00000,0x0000000672aff328,0x000000068ff00000)
  from space 63488K, 0% used [0x0000000694100000,0x0000000694100000,0x0000000697f00000)
  to   space 67584K, 0% used [0x000000068ff00000,0x000000068ff00000,0x0000000694100000)
 ParOldGen       total 360448K, used 56270K [0x00000003d2000000, 0x00000003e8000000, 0x0000000670b00000)
  object space 360448K, 15% used [0x00000003d2000000,0x00000003d56f3a68,0x00000003e8000000)
 Metaspace       used 21454K, capacity 21900K, committed 22192K, reserved 1069056K
  class space    used 2570K, capacity 2712K, committed 2816K, reserved 1048576K

Card table byte_map: [0x00007f304708f000,0x00007f3049000000] byte_map_base: 0x00007f30451ff000

Marking Bits: (ParMarkBitMap*) 0x00007f30606e16c0
 Begin Bits: [0x00007f3000900000, 0x00007f3010480000)
 End Bits:   [0x00007f3010480000, 0x00007f3020000000)

Polling page: 0x00007f306132a000

CodeCache: size=245760Kb used=10242Kb max_used=10854Kb free=235517Kb
 bounds [0x00007f3049000000, 0x00007f3049ab0000, 0x00007f3058000000]
 total_blobs=3765 nmethods=3071 adapters=613
 compilation: enabled

Compilation events (10 events):
Event: 24,474 Thread 0x00007f305821a800 3400       4       sun.util.calendar.CalendarDate::setSeconds (20 bytes)
Event: 24,474 Thread 0x00007f3058217800 nmethod 3398 0x00007f304947a6d0 code [0x00007f304947a820, 0x00007f304947a898]
Event: 24,474 Thread 0x00007f3058217800 3401       4       sun.util.calendar.CalendarDate::setMillis (20 bytes)
Event: 24,474 Thread 0x00007f305821c000 nmethod 3399 0x00007f3049562290 code [0x00007f30495623e0, 0x00007f3049562458]
Event: 24,475 Thread 0x00007f305821a800 nmethod 3400 0x00007f304972c190 code [0x00007f304972c2e0, 0x00007f304972c358]
Event: 24,475 Thread 0x00007f3058217800 nmethod 3401 0x00007f30496cdf90 code [0x00007f30496ce0e0, 0x00007f30496ce178]
Event: 24,476 Thread 0x00007f305821e000 3402       3       java.util.HashMap::getNode (148 bytes)
Event: 24,476 Thread 0x00007f305821e000 nmethod 3402 0x00007f30495e37d0 code [0x00007f30495e39a0, 0x00007f30495e4368]
Event: 24,481 Thread 0x00007f305821c000 3403       4       java.lang.System::getProperty (25 bytes)
Event: 24,483 Thread 0x00007f305821c000 nmethod 3403 0x00007f30493ada50 code [0x00007f30493adbc0, 0x00007f30493ade28]

GC Heap History (10 events):
Event: 23,106 GC heap before
{Heap before GC invocations=3 (full 0):
 PSYoungGen      total 300544K, used 264860K [0x0000000670b00000, 0x0000000685a00000, 0x00000007c0000000)
  eden space 258048K, 100% used [0x0000000670b00000,0x0000000680700000,0x0000000680700000)
  from space 42496K, 16% used [0x0000000683080000,0x0000000683727080,0x0000000685a00000)
  to   space 42496K, 0% used [0x0000000680700000,0x0000000680700000,0x0000000683080000)
 ParOldGen       total 687104K, used 32K [0x00000003d2000000, 0x00000003fbf00000, 0x0000000670b00000)
  object space 687104K, 0% used [0x00000003d2000000,0x00000003d2008000,0x00000003fbf00000)
 Metaspace       used 20179K, capacity 20640K, committed 20864K, reserved 1067008K
  class space    used 2439K, capacity 2576K, committed 2688K, reserved 1048576K
Event: 23,124 GC heap after
Heap after GC invocations=3 (full 0):
 PSYoungGen      total 300544K, used 22328K [0x0000000670b00000, 0x0000000685a00000, 0x00000007c0000000)
  eden space 258048K, 0% used [0x0000000670b00000,0x0000000670b00000,0x0000000680700000)
  from space 42496K, 52% used [0x0000000680700000,0x0000000681cce330,0x0000000683080000)
  to   space 42496K, 0% used [0x0000000683080000,0x0000000683080000,0x0000000685a00000)
 ParOldGen       total 687104K, used 40K [0x00000003d2000000, 0x00000003fbf00000, 0x0000000670b00000)
  object space 687104K, 0% used [0x00000003d2000000,0x00000003d200a000,0x00000003fbf00000)
 Metaspace       used 20179K, capacity 20640K, committed 20864K, reserved 1067008K
  class space    used 2439K, capacity 2576K, committed 2688K, reserved 1048576K
}
Event: 23,395 GC heap before
{Heap before GC invocations=4 (full 0):
 PSYoungGen      total 300544K, used 280376K [0x0000000670b00000, 0x0000000685a00000, 0x00000007c0000000)
  eden space 258048K, 100% used [0x0000000670b00000,0x0000000680700000,0x0000000680700000)
  from space 42496K, 52% used [0x0000000680700000,0x0000000681cce330,0x0000000683080000)
  to   space 42496K, 0% used [0x0000000683080000,0x0000000683080000,0x0000000685a00000)
 ParOldGen       total 687104K, used 40K [0x00000003d2000000, 0x00000003fbf00000, 0x0000000670b00000)
  object space 687104K, 0% used [0x00000003d2000000,0x00000003d200a000,0x00000003fbf00000)
 Metaspace       used 20197K, capacity 20640K, committed 20864K, reserved 1067008K
  class space    used 2439K, capacity 2576K, committed 2688K, reserved 1048576K
Event: 23,425 GC heap after
Heap after GC invocations=4 (full 0):
 PSYoungGen      total 300544K, used 38755K [0x0000000670b00000, 0x0000000695600000, 0x00000007c0000000)
  eden space 258048K, 0% used [0x0000000670b00000,0x0000000670b00000,0x0000000680700000)
  from space 42496K, 91% used [0x0000000683080000,0x0000000685658d98,0x0000000685a00000)
  to   space 42496K, 0% used [0x0000000680700000,0x0000000680700000,0x0000000683080000)
 ParOldGen       total 687104K, used 48K [0x00000003d2000000, 0x00000003fbf00000, 0x0000000670b00000)
  object space 687104K, 0% used [0x00000003d2000000,0x00000003d200c000,0x00000003fbf00000)
 Metaspace       used 20197K, capacity 20640K, committed 20864K, reserved 1067008K
  class space    used 2439K, capacity 2576K, committed 2688K, reserved 1048576K
}
Event: 23,704 GC heap before
{Heap before GC invocations=5 (full 0):
 PSYoungGen      total 300544K, used 296803K [0x0000000670b00000, 0x0000000695600000, 0x00000007c0000000)
  eden space 258048K, 100% used [0x0000000670b00000,0x0000000680700000,0x0000000680700000)
  from space 42496K, 91% used [0x0000000683080000,0x0000000685658d98,0x0000000685a00000)
  to   space 42496K, 0% used [0x0000000680700000,0x0000000680700000,0x0000000683080000)
 ParOldGen       total 687104K, used 48K [0x00000003d2000000, 0x00000003fbf00000, 0x0000000670b00000)
  object space 687104K, 0% used [0x00000003d2000000,0x00000003d200c000,0x00000003fbf00000)
 Metaspace       used 20217K, capacity 20640K, committed 20864K, reserved 1067008K
  class space    used 2439K, capacity 2576K, committed 2688K, reserved 1048576K
Event: 23,739 GC heap after
Heap after GC invocations=5 (full 0):
 PSYoungGen      total 300544K, used 42492K [0x0000000670b00000, 0x0000000697f00000, 0x00000007c0000000)
  eden space 258048K, 0% used [0x0000000670b00000,0x0000000670b00000,0x0000000680700000)
  from space 42496K, 99% used [0x0000000680700000,0x000000068307f018,0x0000000683080000)
  to   space 63488K, 0% used [0x0000000694100000,0x0000000694100000,0x0000000697f00000)
 ParOldGen       total 687104K, used 12928K [0x00000003d2000000, 0x00000003fbf00000, 0x0000000670b00000)
  object space 687104K, 1% used [0x00000003d2000000,0x00000003d2ca0000,0x00000003fbf00000)
 Metaspace       used 20217K, capacity 20640K, committed 20864K, reserved 1067008K
  class space    used 2439K, capacity 2576K, committed 2688K, reserved 1048576K
}
Event: 23,935 GC heap before
{Heap before GC invocations=6 (full 0):
 PSYoungGen      total 300544K, used 57003K [0x0000000670b00000, 0x0000000697f00000, 0x00000007c0000000)
  eden space 258048K, 5% used [0x0000000670b00000,0x000000067192bd28,0x0000000680700000)
  from space 42496K, 99% used [0x0000000680700000,0x000000068307f018,0x0000000683080000)
  to   space 63488K, 0% used [0x0000000694100000,0x0000000694100000,0x0000000697f00000)
 ParOldGen       total 687104K, used 12928K [0x00000003d2000000, 0x00000003fbf00000, 0x0000000670b00000)
  object space 687104K, 1% used [0x00000003d2000000,0x00000003d2ca0000,0x00000003fbf00000)
 Metaspace       used 20687K, capacity 21056K, committed 21296K, reserved 1069056K
  class space    used 2476K, capacity 2608K, committed 2688K, reserved 1048576K
Event: 23,964 GC heap after
Heap after GC invocations=6 (full 0):
 PSYoungGen      total 575488K, used 43695K [0x0000000670b00000, 0x0000000698700000, 0x00000007c0000000)
  eden space 512000K, 0% used [0x0000000670b00000,0x0000000670b00000,0x000000068ff00000)
  from space 63488K, 68% used [0x0000000694100000,0x0000000696babe30,0x0000000697f00000)
  to   space 67584K, 0% used [0x000000068ff00000,0x000000068ff00000,0x0000000694100000)
 ParOldGen       total 687104K, used 12936K [0x00000003d2000000, 0x00000003fbf00000, 0x0000000670b00000)
  object space 687104K, 1% used [0x00000003d2000000,0x00000003d2ca2000,0x00000003fbf00000)
 Metaspace       used 20687K, capacity 21056K, committed 21296K, reserved 1069056K
  class space    used 2476K, capacity 2608K, committed 2688K, reserved 1048576K
}
Event: 23,964 GC heap before
{Heap before GC invocations=7 (full 1):
 PSYoungGen      total 575488K, used 43695K [0x0000000670b00000, 0x0000000698700000, 0x00000007c0000000)
  eden space 512000K, 0% used [0x0000000670b00000,0x0000000670b00000,0x000000068ff00000)
  from space 63488K, 68% used [0x0000000694100000,0x0000000696babe30,0x0000000697f00000)
  to   space 67584K, 0% used [0x000000068ff00000,0x000000068ff00000,0x0000000694100000)
 ParOldGen       total 687104K, used 12936K [0x00000003d2000000, 0x00000003fbf00000, 0x0000000670b00000)
  object space 687104K, 1% used [0x00000003d2000000,0x00000003d2ca2000,0x00000003fbf00000)
 Metaspace       used 20687K, capacity 21056K, committed 21296K, reserved 1069056K
  class space    used 2476K, capacity 2608K, committed 2688K, reserved 1048576K
Event: 24,242 GC heap after
Heap after GC invocations=7 (full 1):
 PSYoungGen      total 575488K, used 0K [0x0000000670b00000, 0x0000000698700000, 0x00000007c0000000)
  eden space 512000K, 0% used [0x0000000670b00000,0x0000000670b00000,0x000000068ff00000)
  from space 63488K, 0% used [0x0000000694100000,0x0000000694100000,0x0000000697f00000)
  to   space 67584K, 0% used [0x000000068ff00000,0x000000068ff00000,0x0000000694100000)
 ParOldGen       total 360448K, used 56270K [0x00000003d2000000, 0x00000003e8000000, 0x0000000670b00000)
  object space 360448K, 15% used [0x00000003d2000000,0x00000003d56f3a68,0x00000003e8000000)
 Metaspace       used 20687K, capacity 21056K, committed 21296K, reserved 1069056K
  class space    used 2476K, capacity 2608K, committed 2688K, reserved 1048576K
}

Deoptimization events (10 events):
Event: 24,285 Thread 0x00007f2f90082000 Uncommon trap: reason=unstable_if action=reinterpret pc=0x00007f30493fddac method=java.util.HashMap.putVal(ILjava/lang/Object;Ljava/lang/Object;ZZ)Ljava/lang/Object; @ 94
Event: 24,324 Thread 0x00007f2f90082000 Uncommon trap: reason=bimorphic action=maybe_recompile pc=0x00007f30492fcd0c method=java.io.BufferedInputStream.read([BII)I @ 101
Event: 24,324 Thread 0x00007f2f90082000 Uncommon trap: reason=bimorphic action=maybe_recompile pc=0x00007f30492fcd0c method=java.io.BufferedInputStream.read([BII)I @ 101
Event: 24,325 Thread 0x00007f2f90082000 Uncommon trap: reason=bimorphic action=maybe_recompile pc=0x00007f30492fcd0c method=java.io.BufferedInputStream.read([BII)I @ 101
Event: 24,325 Thread 0x00007f2f90082000 Uncommon trap: reason=bimorphic action=maybe_recompile pc=0x00007f30492fcd0c method=java.io.BufferedInputStream.read([BII)I @ 101
Event: 24,391 Thread 0x00007f2f90082000 Uncommon trap: reason=unstable_if action=reinterpret pc=0x00007f3049451228 method=java.util.zip.ZipFile$ZipEntryIterator.hasNext()Z @ 25
Event: 24,391 Thread 0x00007f2f90082000 Uncommon trap: reason=unstable_if action=reinterpret pc=0x00007f30493307dc method=java.util.HashMap.putVal(ILjava/lang/Object;Ljava/lang/Object;ZZ)Ljava/lang/Object; @ 94
Event: 24,404 Thread 0x00007f2f90082000 Uncommon trap: reason=class_check action=maybe_recompile pc=0x00007f304918ef28 method=java.util.regex.Pattern$Curly.match(Ljava/util/regex/Matcher;ILjava/lang/CharSequence;)Z @ 19
Event: 24,404 Thread 0x00007f2f90082000 Uncommon trap: reason=unstable_if action=reinterpret pc=0x00007f304918ef74 method=java.util.regex.Pattern$Curly.match(Ljava/util/regex/Matcher;ILjava/lang/CharSequence;)Z @ 9
Event: 24,405 Thread 0x00007f2f90082000 Uncommon trap: reason=unstable_if action=reinterpret pc=0x00007f30492c4bbc method=java.util.HashMap.getNode(ILjava/lang/Object;)Ljava/util/HashMap$Node; @ 62

Internal exceptions (10 events):
Event: 2,416 Thread 0x00007f2fa8139000 Implicit null exception at 0x00007f304950d8b0 to 0x00007f304950e049
Event: 2,437 Thread 0x00007f2fa8139000 Implicit null exception at 0x00007f3049562b50 to 0x00007f3049562bac
Event: 2,618 Thread 0x00007f2fa8139000 Exception <a 'java/lang/UnsupportedOperationException': > (0x00000006714bba00) thrown at [/HUDSON/workspace/8-2-build-linux-amd64/jdk8u40/3098/hotspot/src/share/vm/prims/jni.cpp, line 735]
Event: 16,114 Thread 0x00007f2fa8139000 Exception <a 'java/lang/UnsupportedOperationException': > (0x000000067e91d940) thrown at [/HUDSON/workspace/8-2-build-linux-amd64/jdk8u40/3098/hotspot/src/share/vm/prims/jni.cpp, line 735]
Event: 20,366 Thread 0x00007f2fa8139000 Implicit null exception at 0x00007f304943c235 to 0x00007f304943dc05
Event: 20,380 Thread 0x00007f2fa8139000 Implicit null exception at 0x00007f304984749c to 0x00007f30498492fd
Event: 23,911 Thread 0x00007f2f90082000 Implicit null exception at 0x00007f30491ce40f to 0x00007f30491ceb65
Event: 24,280 Thread 0x00007f2f90082000 Implicit null exception at 0x00007f3049a734a6 to 0x00007f3049a7436f
Event: 24,282 Thread 0x00007f2f8405c000 Exception <a 'java/io/FileNotFoundException'> (0x00000006717a0550) thrown at [/HUDSON/workspace/8-2-build-linux-amd64/jdk8u40/3098/hotspot/src/share/vm/prims/jni.cpp, line 709]
Event: 24,285 Thread 0x00007f2f90082000 Exception <a 'java/io/FileNotFoundException'> (0x0000000670da7770) thrown at [/HUDSON/workspace/8-2-build-linux-amd64/jdk8u40/3098/hotspot/src/share/vm/prims/jni.cpp, line 709]

Events (10 events):
Event: 24,483 Thread 0x00007f305821c000 flushing nmethod 0x00007f30491275d0
Event: 24,484 loading class jogamp/nativewindow/NWJNILibLoader$1
Event: 24,484 loading class jogamp/nativewindow/NWJNILibLoader$1 done
Event: 24,484 Thread 0x00007f2f90082000 DEOPT PACKING pc=0x00007f304921fa31 sp=0x00007f2fa67d3d70
Event: 24,484 Thread 0x00007f2f90082000 DEOPT UNPACKING pc=0x00007f3049047633 sp=0x00007f2fa67d3ae0 mode 1
Event: 24,484 Thread 0x00007f2f90082000 DEOPT PACKING pc=0x00007f304917c994 sp=0x00007f2fa67d3df0
Event: 24,484 Thread 0x00007f2f90082000 DEOPT UNPACKING pc=0x00007f3049047633 sp=0x00007f2fa67d3c30 mode 1
Event: 24,484 Thread 0x00007f2f90082000 DEOPT PACKING pc=0x00007f304917c734 sp=0x00007f2fa67d3f80
Event: 24,484 Thread 0x00007f2f90082000 DEOPT UNPACKING pc=0x00007f3049047633 sp=0x00007f2fa67d3dc0 mode 1
Event: 24,484 Executing VM operation: LinuxDllLoad


Dynamic libraries:
00400000-00401000 r-xp 00000000 08:03 107611431                          /home/calcul/Téléchargements/jdk1.8.0_40/jre/bin/java
00600000-00601000 rw-p 00000000 08:03 107611431                          /home/calcul/Téléchargements/jdk1.8.0_40/jre/bin/java
00a1d000-00a3e000 rw-p 00000000 00:00 0                                  [heap]
3d2000000-3e8000000 rw-p 00000000 00:00 0 
3e8000000-670b00000 ---p 00000000 00:00 0 
670b00000-698700000 rw-p 00000000 00:00 0 
698700000-7c0000000 ---p 00000000 00:00 0 
7c0000000-7c02c0000 rw-p 00000000 00:00 0 
7c02c0000-800000000 ---p 00000000 00:00 0 
7f2f78000000-7f2f78021000 rw-p 00000000 00:00 0 
7f2f78021000-7f2f7c000000 ---p 00000000 00:00 0 
7f2f80000000-7f2f80021000 rw-p 00000000 00:00 0 
7f2f80021000-7f2f84000000 ---p 00000000 00:00 0 
7f2f84000000-7f2f84098000 rw-p 00000000 00:00 0 
7f2f84098000-7f2f88000000 ---p 00000000 00:00 0 
7f2f88000000-7f2f88021000 rw-p 00000000 00:00 0 
7f2f88021000-7f2f8c000000 ---p 00000000 00:00 0 
7f2f8c000000-7f2f8c021000 rw-p 00000000 00:00 0 
7f2f8c021000-7f2f90000000 ---p 00000000 00:00 0 
7f2f90000000-7f2f900ac000 rw-p 00000000 00:00 0 
7f2f900ac000-7f2f94000000 ---p 00000000 00:00 0 
7f2f94000000-7f2f94021000 rw-p 00000000 00:00 0 
7f2f94021000-7f2f98000000 ---p 00000000 00:00 0 
7f2f98000000-7f2f98026000 rw-p 00000000 00:00 0 
7f2f98026000-7f2f9c000000 ---p 00000000 00:00 0 
7f2f9c000000-7f2f9c021000 rw-p 00000000 00:00 0 
7f2f9c021000-7f2fa0000000 ---p 00000000 00:00 0 
7f2fa0000000-7f2fa0021000 rw-p 00000000 00:00 0 
7f2fa0021000-7f2fa4000000 ---p 00000000 00:00 0 
7f2fa5a72000-7f2fa5a73000 r-xp 00000000 08:03 107611308                  /home/calcul/Téléchargements/jdk1.8.0_40/jre/lib/amd64/libjawt.so
7f2fa5a73000-7f2fa5c72000 ---p 00001000 08:03 107611308                  /home/calcul/Téléchargements/jdk1.8.0_40/jre/lib/amd64/libjawt.so
7f2fa5c72000-7f2fa5c73000 rw-p 00000000 08:03 107611308                  /home/calcul/Téléchargements/jdk1.8.0_40/jre/lib/amd64/libjawt.so
7f2fa5c73000-7f2fa5e73000 rw-p 00000000 00:00 0 
7f2fa5e73000-7f2fa5e77000 rw-s 00000000 00:04 7569410                    /SYSV00000000 (deleted)
7f2fa5f3f000-7f2fa5f41000 r-xp 00000000 08:01 663710                     /tmp/jogamp_0000/file_cache/jln6358540118538101099/jln6586869454973392628/libgluegen-rt.so
7f2fa5f41000-7f2fa6140000 ---p 00002000 08:01 663710                     /tmp/jogamp_0000/file_cache/jln6358540118538101099/jln6586869454973392628/libgluegen-rt.so
7f2fa6140000-7f2fa6141000 rw-p 00001000 08:01 663710                     /tmp/jogamp_0000/file_cache/jln6358540118538101099/jln6586869454973392628/libgluegen-rt.so
7f2fa6141000-7f2fa622d000 rw-p 00000000 00:00 0 
7f2fa622d000-7f2fa6341000 ---p 00000000 00:00 0 
7f2fa6341000-7f2fa636b000 r-xp 00000000 08:03 107611319                  /home/calcul/Téléchargements/jdk1.8.0_40/jre/lib/amd64/libdcpr.so
7f2fa636b000-7f2fa656b000 ---p 0002a000 08:03 107611319                  /home/calcul/Téléchargements/jdk1.8.0_40/jre/lib/amd64/libdcpr.so
7f2fa656b000-7f2fa656e000 rw-p 0002a000 08:03 107611319                  /home/calcul/Téléchargements/jdk1.8.0_40/jre/lib/amd64/libdcpr.so
7f2fa656e000-7f2fa6579000 r--s 00000000 08:01 527931                     /var/cache/fontconfig/945677eb7aeaf62f1d50efc3fb3ec7d8-le64.cache-4
7f2fa6579000-7f2fa6582000 r--s 00000000 08:01 532349                     /var/cache/fontconfig/a6d8cf8e4ec09cdbc8633c31745a07dd-le64.cache-4
7f2fa6582000-7f2fa6588000 r--s 00000000 08:01 527917                     /var/cache/fontconfig/2cd17615ca594fa2959ae173292e504c-le64.cache-4
7f2fa6588000-7f2fa659c000 r--s 00000000 08:01 527912                     /var/cache/fontconfig/04aabc0a78ac019cf9454389977116d2-le64.cache-4
7f2fa659c000-7f2fa65d7000 r--s 00000000 08:01 527940                     /var/cache/fontconfig/365b55f210c0a22e9a19e35191240f32-le64.cache-4
7f2fa65d7000-7f2fa65da000 ---p 00000000 00:00 0 
7f2fa65da000-7f2fa66d8000 rw-p 00000000 00:00 0 
7f2fa66d8000-7f2fa66db000 ---p 00000000 00:00 0 
7f2fa66db000-7f2fa67d9000 rw-p 00000000 00:00 0                          [stack:17680]
7f2fa67d9000-7f2fa67dc000 ---p 00000000 00:00 0 
7f2fa67dc000-7f2fa6ada000 rw-p 00000000 00:00 0 
7f2fa6ada000-7f2fa6add000 ---p 00000000 00:00 0 
7f2fa6add000-7f2fa6bdb000 rw-p 00000000 00:00 0 
7f2fa6bdb000-7f2fa6c44000 r-xp 00000000 08:03 107611326                  /home/calcul/Téléchargements/jdk1.8.0_40/jre/lib/amd64/libt2k.so
7f2fa6c44000-7f2fa6e43000 ---p 00069000 08:03 107611326                  /home/calcul/Téléchargements/jdk1.8.0_40/jre/lib/amd64/libt2k.so
7f2fa6e43000-7f2fa6e4a000 rw-p 00068000 08:03 107611326                  /home/calcul/Téléchargements/jdk1.8.0_40/jre/lib/amd64/libt2k.so
7f2fa6e4a000-7f2fa6e5a000 rw-p 00000000 00:00 0 
7f2fa6e5a000-7f2fa6e6b000 r-xp 00000000 08:03 107611350                  /home/calcul/Téléchargements/jdk1.8.0_40/jre/lib/amd64/libnio.so
7f2fa6e6b000-7f2fa706a000 ---p 00011000 08:03 107611350                  /home/calcul/Téléchargements/jdk1.8.0_40/jre/lib/amd64/libnio.so
7f2fa706a000-7f2fa706b000 rw-p 00010000 08:03 107611350                  /home/calcul/Téléchargements/jdk1.8.0_40/jre/lib/amd64/libnio.so
7f2fa706b000-7f2fa7081000 r-xp 00000000 08:03 107611323                  /home/calcul/Téléchargements/jdk1.8.0_40/jre/lib/amd64/libnet.so
7f2fa7081000-7f2fa7281000 ---p 00016000 08:03 107611323                  /home/calcul/Téléchargements/jdk1.8.0_40/jre/lib/amd64/libnet.so
7f2fa7281000-7f2fa7282000 rw-p 00016000 08:03 107611323                  /home/calcul/Téléchargements/jdk1.8.0_40/jre/lib/amd64/libnet.so
7f2fa7282000-7f2fa7285000 ---p 00000000 00:00 0 
7f2fa7285000-7f2fa7583000 rw-p 00000000 00:00 0                          [stack:17647]
7f2fa7583000-7f2fa7586000 ---p 00000000 00:00 0 
7f2fa7586000-7f2fa7884000 rw-p 00000000 00:00 0                          [stack:17678]
7f2fa7884000-7f2fa7887000 ---p 00000000 00:00 0 
7f2fa7887000-7f2fa7985000 rw-p 00000000 00:00 0                          [stack:17645]
7f2fa7985000-7f2fa7988000 ---p 00000000 00:00 0 
7f2fa7988000-7f2fa7a86000 rw-p 00000000 00:00 0                          [stack:17644]
7f2fa7a86000-7f2fa7a89000 ---p 00000000 00:00 0 
7f2fa7a89000-7f2fa7d87000 rw-p 00000000 00:00 0                          [stack:17643]
7f2fa7d87000-7f2fa7dec000 r-xp 00000000 08:03 107611327                  /home/calcul/Téléchargements/jdk1.8.0_40/jre/lib/amd64/libfontmanager.so
7f2fa7dec000-7f2fa7feb000 ---p 00065000 08:03 107611327                  /home/calcul/Téléchargements/jdk1.8.0_40/jre/lib/amd64/libfontmanager.so
7f2fa7feb000-7f2fa7fef000 rw-p 00064000 08:03 107611327                  /home/calcul/Téléchargements/jdk1.8.0_40/jre/lib/amd64/libfontmanager.so
7f2fa7fef000-7f2fa8000000 rw-p 00000000 00:00 0 
7f2fa8000000-7f2fa84db000 rw-p 00000000 00:00 0 
7f2fa84db000-7f2fac000000 ---p 00000000 00:00 0 
7f2fac000000-7f2fac021000 rw-p 00000000 00:00 0 
7f2fac021000-7f2fb0000000 ---p 00000000 00:00 0 
7f2fb0000000-7f2fb0022000 rw-p 00000000 00:00 0 
7f2fb0022000-7f2fb4000000 ---p 00000000 00:00 0 
7f2fb4000000-7f2fb4021000 rw-p 00000000 00:00 0 
7f2fb4021000-7f2fb8000000 ---p 00000000 00:00 0 
7f2fb8000000-7f2fb8021000 rw-p 00000000 00:00 0 
7f2fb8021000-7f2fbc000000 ---p 00000000 00:00 0 
7f2fbc002000-7f2fbc003000 r--s 00000000 08:01 527938                     /var/cache/fontconfig/c05880de57d1f5e948fdfacc138775d9-le64.cache-4
7f2fbc003000-7f2fbc005000 r--s 00000000 08:01 527933                     /var/cache/fontconfig/99e8ed0e538f840c565b6ed5dad60d56-le64.cache-4
7f2fbc005000-7f2fbc006000 r--s 00000000 08:01 527948                     /var/cache/fontconfig/e7071f4a29fa870f4323321c154eba04-le64.cache-4
7f2fbc006000-7f2fbc007000 r--s 00000000 08:01 527914                     /var/cache/fontconfig/0d8c3b2ac0904cb8a57a757ad11a4a08-le64.cache-4
7f2fbc007000-7f2fbc00e000 r--s 00000000 08:01 527935                     /var/cache/fontconfig/a755afe4a08bf5b97852ceb7400b47bc-le64.cache-4
7f2fbc00e000-7f2fbc012000 r--s 00000000 08:01 527926                     /var/cache/fontconfig/6d41288fd70b0be22e8c3a91e032eec0-le64.cache-4
7f2fbc012000-7f2fbc013000 r--s 00000000 08:01 527916                     /var/cache/fontconfig/1ac9eb803944fde146138c791f5cc56a-le64.cache-4
7f2fbc013000-7f2fbc017000 r--s 00000000 08:01 527920                     /var/cache/fontconfig/385c0604a188198f04d133e54aba7fe7-le64.cache-4
7f2fbc017000-7f2fbc019000 r--s 00000000 08:01 527928                     /var/cache/fontconfig/767a8244fc0220cfb567a839d0392e0b-le64.cache-4
7f2fbc019000-7f2fbc01c000 r--s 00000000 08:01 527930                     /var/cache/fontconfig/8801497958630a81b71ace7c5f9b32a8-le64.cache-4
7f2fbc01c000-7f2fbc025000 r--s 00000000 08:01 532348                     /var/cache/fontconfig/52f7bdb7ce746bfd7eaa1985bd9cfa93-le64.cache-4
7f2fbc025000-7f2fbc038000 r--s 00000000 08:01 527942                     /var/cache/fontconfig/d52a8644073d54c13679302ca1180695-le64.cache-4
7f2fbc038000-7f2fbc044000 r--s 00000000 08:01 527338                     /var/cache/fontconfig/d589a48862398ed80a3d6066f4f56f4c-le64.cache-4
7f2fbc044000-7f2fbc052000 r--s 00000000 08:01 524442                     /var/cache/fontconfig/e13b20fdb08344e0e664864cc2ede53d-le64.cache-4
7f2fbc052000-7f2fbc070000 r--s 00000000 08:01 524339                     /var/cache/fontconfig/467c019e582ee353435ea5c21d137ef6-le64.cache-4
7f2fbc0b3000-7f2fbc0b6000 ---p 00000000 00:00 0 
7f2fbc0b6000-7f2fbc1b4000 rw-p 00000000 00:00 0                          [stack:17642]
7f2fbc1b4000-7f2fbc208000 r-xp 00000000 08:03 107611337                  /home/calcul/Téléchargements/jdk1.8.0_40/jre/lib/amd64/libawt_xawt.so
7f2fbc208000-7f2fbc408000 ---p 00054000 08:03 107611337                  /home/calcul/Téléchargements/jdk1.8.0_40/jre/lib/amd64/libawt_xawt.so
7f2fbc408000-7f2fbc40c000 rw-p 00054000 08:03 107611337                  /home/calcul/Téléchargements/jdk1.8.0_40/jre/lib/amd64/libawt_xawt.so
7f2fbc40c000-7f2fbc40d000 rw-p 00000000 00:00 0 
7f2fbc40d000-7f2fbc4af000 r-xp 00000000 08:03 107611344                  /home/calcul/Téléchargements/jdk1.8.0_40/jre/lib/amd64/libawt.so
7f2fbc4af000-7f2fbc6af000 ---p 000a2000 08:03 107611344                  /home/calcul/Téléchargements/jdk1.8.0_40/jre/lib/amd64/libawt.so
7f2fbc6af000-7f2fbc6bb000 rw-p 000a2000 08:03 107611344                  /home/calcul/Téléchargements/jdk1.8.0_40/jre/lib/amd64/libawt.so
7f2fbc6bb000-7f2fbc6df000 rw-p 00000000 00:00 0 
7f2fbc6df000-7f2fbc6e2000 ---p 00000000 00:00 0 
7f2fbc6e2000-7f2fbc7e0000 rw-p 00000000 00:00 0                          [stack:17641]
7f2fbc7e0000-7f2fbc860000 rw-s 14e6e4000 00:05 11592                     /dev/dri/card0
7f2fbc860000-7f2fbc8e0000 rw-s 14de2d000 00:05 11592                     /dev/dri/card0
7f2fbc8e0000-7f2fbc8e3000 ---p 00000000 00:00 0 
7f2fbc8e3000-7f2fbc9e1000 rw-p 00000000 00:00 0                          [stack:17640]
7f2fbc9e1000-7f2fbc9e2000 ---p 00000000 00:00 0 
7f2fbc9e2000-7f2fbd1e2000 rw-p 00000000 00:00 0                          [stack:17638]
7f2fbd1e2000-7f2fbd1e3000 ---p 00000000 00:00 0 
7f2fbd1e3000-7f2fbd9e3000 rw-p 00000000 00:00 0                          [stack:17637]
7f2fbd9e3000-7f2fbd9ee000 r-xp 00000000 08:01 656478                     /usr/lib/x86_64-linux-gnu/gio/modules/libdconfsettings.so
7f2fbd9ee000-7f2fbdbed000 ---p 0000b000 08:01 656478                     /usr/lib/x86_64-linux-gnu/gio/modules/libdconfsettings.so
7f2fbdbed000-7f2fbdbee000 r--p 0000a000 08:01 656478                     /usr/lib/x86_64-linux-gnu/gio/modules/libdconfsettings.so
7f2fbdbee000-7f2fbdbef000 rw-p 0000b000 08:01 656478                     /usr/lib/x86_64-linux-gnu/gio/modules/libdconfsettings.so
7f2fbdbef000-7f2fbdbf6000 r-xp 00000000 08:01 270532                     /usr/lib/x86_64-linux-gnu/libogg.so.0.8.1
7f2fbdbf6000-7f2fbddf6000 ---p 00007000 08:01 270532                     /usr/lib/x86_64-linux-gnu/libogg.so.0.8.1
7f2fbddf6000-7f2fbddf7000 r--p 00007000 08:01 270532                     /usr/lib/x86_64-linux-gnu/libogg.so.0.8.1
7f2fbddf7000-7f2fbddf8000 rw-p 00008000 08:01 270532                     /usr/lib/x86_64-linux-gnu/libogg.so.0.8.1
7f2fbddf8000-7f2fbde23000 r-xp 00000000 08:01 270763                     /usr/lib/x86_64-linux-gnu/libvorbis.so.0.4.5
7f2fbde23000-7f2fbe023000 ---p 0002b000 08:01 270763                     /usr/lib/x86_64-linux-gnu/libvorbis.so.0.4.5
7f2fbe023000-7f2fbe024000 r--p 0002b000 08:01 270763                     /usr/lib/x86_64-linux-gnu/libvorbis.so.0.4.5
7f2fbe024000-7f2fbe025000 rw-p 0002c000 08:01 270763                     /usr/lib/x86_64-linux-gnu/libvorbis.so.0.4.5
7f2fbe025000-7f2fbe02e000 r-xp 00000000 08:01 270454                     /usr/lib/x86_64-linux-gnu/libltdl.so.7.3.0
7f2fbe02e000-7f2fbe22d000 ---p 00009000 08:01 270454                     /usr/lib/x86_64-linux-gnu/libltdl.so.7.3.0
7f2fbe22d000-7f2fbe22e000 r--p 00008000 08:01 270454                     /usr/lib/x86_64-linux-gnu/libltdl.so.7.3.0
7f2fbe22e000-7f2fbe22f000 rw-p 00009000 08:01 270454                     /usr/lib/x86_64-linux-gnu/libltdl.so.7.3.0
7f2fbe22f000-7f2fbe241000 r-xp 00000000 08:01 270696                     /usr/lib/x86_64-linux-gnu/libtdb.so.1.2.11
7f2fbe241000-7f2fbe440000 ---p 00012000 08:01 270696                     /usr/lib/x86_64-linux-gnu/libtdb.so.1.2.11
7f2fbe440000-7f2fbe441000 r--p 00011000 08:01 270696                     /usr/lib/x86_64-linux-gnu/libtdb.so.1.2.11
7f2fbe441000-7f2fbe442000 rw-p 00012000 08:01 270696                     /usr/lib/x86_64-linux-gnu/libtdb.so.1.2.11
7f2fbe442000-7f2fbe449000 r-xp 00000000 08:01 270767                     /usr/lib/x86_64-linux-gnu/libvorbisfile.so.3.3.4
7f2fbe449000-7f2fbe648000 ---p 00007000 08:01 270767                     /usr/lib/x86_64-linux-gnu/libvorbisfile.so.3.3.4
7f2fbe648000-7f2fbe649000 r--p 00006000 08:01 270767                     /usr/lib/x86_64-linux-gnu/libvorbisfile.so.3.3.4
7f2fbe649000-7f2fbe64a000 rw-p 00007000 08:01 270767                     /usr/lib/x86_64-linux-gnu/libvorbisfile.so.3.3.4
7f2fbe64a000-7f2fbe659000 r-xp 00000000 08:01 269997                     /usr/lib/x86_64-linux-gnu/libcanberra.so.0.2.5
7f2fbe659000-7f2fbe858000 ---p 0000f000 08:01 269997                     /usr/lib/x86_64-linux-gnu/libcanberra.so.0.2.5
7f2fbe858000-7f2fbe859000 r--p 0000e000 08:01 269997                     /usr/lib/x86_64-linux-gnu/libcanberra.so.0.2.5
7f2fbe859000-7f2fbe85a000 rw-p 0000f000 08:01 269997                     /usr/lib/x86_64-linux-gnu/libcanberra.so.0.2.5
7f2fbe85a000-7f2fbe85e000 r-xp 00000000 08:01 269993                     /usr/lib/x86_64-linux-gnu/libcanberra-gtk.so.0.1.9
7f2fbe85e000-7f2fbea5d000 ---p 00004000 08:01 269993                     /usr/lib/x86_64-linux-gnu/libcanberra-gtk.so.0.1.9
7f2fbea5d000-7f2fbea5e000 r--p 00003000 08:01 269993                     /usr/lib/x86_64-linux-gnu/libcanberra-gtk.so.0.1.9
7f2fbea5e000-7f2fbea5f000 rw-p 00004000 08:01 269993                     /usr/lib/x86_64-linux-gnu/libcanberra-gtk.so.0.1.9
7f2fbea5f000-7f2fbea64000 r-xp 00000000 08:01 656734                     /usr/lib/x86_64-linux-gnu/gtk-2.0/modules/libcanberra-gtk-module.so
7f2fbea64000-7f2fbec63000 ---p 00005000 08:01 656734                     /usr/lib/x86_64-linux-gnu/gtk-2.0/modules/libcanberra-gtk-module.so
7f2fbec63000-7f2fbec64000 r--p 00004000 08:01 656734                     /usr/lib/x86_64-linux-gnu/gtk-2.0/modules/libcanberra-gtk-module.so
7f2fbec64000-7f2fbec65000 rw-p 00005000 08:01 656734                     /usr/lib/x86_64-linux-gnu/gtk-2.0/modules/libcanberra-gtk-module.so
7f2fbec65000-7f2fbec94000 r-xp 00000000 08:01 656716                     /usr/lib/x86_64-linux-gnu/gtk-2.0/2.10.0/engines/libmurrine.so
7f2fbec94000-7f2fbee94000 ---p 0002f000 08:01 656716                     /usr/lib/x86_64-linux-gnu/gtk-2.0/2.10.0/engines/libmurrine.so
7f2fbee94000-7f2fbee95000 r--p 0002f000 08:01 656716                     /usr/lib/x86_64-linux-gnu/gtk-2.0/2.10.0/engines/libmurrine.so
7f2fbee95000-7f2fbee96000 rw-p 00030000 08:01 656716                     /usr/lib/x86_64-linux-gnu/gtk-2.0/2.10.0/engines/libmurrine.so
7f2fbee96000-7f2fbeea7000 r-xp 00000000 08:01 656737                     /usr/lib/x86_64-linux-gnu/gtk-2.0/modules/liboverlay-scrollbar.so
7f2fbeea7000-7f2fbf0a6000 ---p 00011000 08:01 656737                     /usr/lib/x86_64-linux-gnu/gtk-2.0/modules/liboverlay-scrollbar.so
7f2fbf0a6000-7f2fbf0a7000 r--p 00010000 08:01 656737                     /usr/lib/x86_64-linux-gnu/gtk-2.0/modules/liboverlay-scrollbar.so
7f2fbf0a7000-7f2fbf0a8000 rw-p 00011000 08:01 656737                     /usr/lib/x86_64-linux-gnu/gtk-2.0/modules/liboverlay-scrollbar.so
7f2fbf0a8000-7f2fbf0d3000 r-xp 00000000 08:03 107611297                  /home/calcul/Téléchargements/jdk1.8.0_40/jre/lib/amd64/libglass.so
7f2fbf0d3000-7f2fbf2d2000 ---p 0002b000 08:03 107611297                  /home/calcul/Téléchargements/jdk1.8.0_40/jre/lib/amd64/libglass.so
7f2fbf2d2000-7f2fbf2d4000 r--p 0002a000 08:03 107611297                  /home/calcul/Téléchargements/jdk1.8.0_40/jre/lib/amd64/libglass.so
7f2fbf2d4000-7f2fbf2d5000 rw-p 0002c000 08:03 107611297                  /home/calcul/Téléchargements/jdk1.8.0_40/jre/lib/amd64/libglass.so
7f2fbf2d5000-7f2fbf2d6000 rw-p 00000000 00:00 0 
7f2fbf2d6000-7f2fbf308000 r-xp 00000000 08:01 270722                     /usr/lib/x86_64-linux-gnu/libtxc_dxtn_s2tc.so.0.0.0
7f2fbf308000-7f2fbf507000 ---p 00032000 08:01 270722                     /usr/lib/x86_64-linux-gnu/libtxc_dxtn_s2tc.so.0.0.0
7f2fbf507000-7f2fbf508000 r--p 00031000 08:01 270722                     /usr/lib/x86_64-linux-gnu/libtxc_dxtn_s2tc.so.0.0.0
7f2fbf508000-7f2fbf509000 rw-p 00032000 08:01 270722                     /usr/lib/x86_64-linux-gnu/libtxc_dxtn_s2tc.so.0.0.0
7f2fbf509000-7f2fc0a4c000 r-xp 00000000 08:01 269745                     /usr/lib/x86_64-linux-gnu/libLLVM-3.3.so.1
7f2fc0a4c000-7f2fc0a4d000 ---p 01543000 08:01 269745                     /usr/lib/x86_64-linux-gnu/libLLVM-3.3.so.1
7f2fc0a4d000-7f2fc0b62000 r--p 01543000 08:01 269745                     /usr/lib/x86_64-linux-gnu/libLLVM-3.3.so.1
7f2fc0b62000-7f2fc0b64000 rw-p 01658000 08:01 269745                     /usr/lib/x86_64-linux-gnu/libLLVM-3.3.so.1
7f2fc0b64000-7f2fc0b77000 rw-p 00000000 00:00 0 
7f2fc0b77000-7f2fc0b7c000 r-xp 00000000 08:01 268846                     /usr/lib/x86_64-linux-gnu/libdrm_nouveau.so.2.0.0
7f2fc0b7c000-7f2fc0d7b000 ---p 00005000 08:01 268846                     /usr/lib/x86_64-linux-gnu/libdrm_nouveau.so.2.0.0
7f2fc0d7b000-7f2fc0d7c000 r--p 00004000 08:01 268846                     /usr/lib/x86_64-linux-gnu/libdrm_nouveau.so.2.0.0
7f2fc0d7c000-7f2fc0d7d000 rw-p 00005000 08:01 268846                     /usr/lib/x86_64-linux-gnu/libdrm_nouveau.so.2.0.0
7f2fc0d7d000-7f2fc0f9b000 r-xp 00000000 08:01 270170                     /usr/lib/x86_64-linux-gnu/libgallium.so.0.0.0
7f2fc0f9b000-7f2fc119a000 ---p 0021e000 08:01 270170                     /usr/lib/x86_64-linux-gnu/libgallium.so.0.0.0
7f2fc119a000-7f2fc11ab000 r--p 0021d000 08:01 270170                     /usr/lib/x86_64-linux-gnu/libgallium.so.0.0.0
7f2fc11ab000-7f2fc11ae000 rw-p 0022e000 08:01 270170                     /usr/lib/x86_64-linux-gnu/libgallium.so.0.0.0
7f2fc11ae000-7f2fc1376000 rw-p 00000000 00:00 0 
7f2fc1376000-7f2fc1734000 r-xp 00000000 08:01 270081                     /usr/lib/x86_64-linux-gnu/libdricore9.2.1.so.1.0.0
7f2fc1734000-7f2fc1933000 ---p 003be000 08:01 270081                     /usr/lib/x86_64-linux-gnu/libdricore9.2.1.so.1.0.0
7f2fc1933000-7f2fc1943000 r--p 003bd000 08:01 270081                     /usr/lib/x86_64-linux-gnu/libdricore9.2.1.so.1.0.0
7f2fc1943000-7f2fc194b000 rw-p 003cd000 08:01 270081                     /usr/lib/x86_64-linux-gnu/libdricore9.2.1.so.1.0.0
7f2fc194b000-7f2fc1963000 rw-p 00000000 00:00 0 
7f2fc1963000-7f2fc1ab5000 r-xp 00000000 08:01 655813                     /usr/lib/x86_64-linux-gnu/dri/nouveau_dri.so
7f2fc1ab5000-7f2fc1cb4000 ---p 00152000 08:01 655813                     /usr/lib/x86_64-linux-gnu/dri/nouveau_dri.so
7f2fc1cb4000-7f2fc1cb7000 r--p 00151000 08:01 655813                     /usr/lib/x86_64-linux-gnu/dri/nouveau_dri.so
7f2fc1cb7000-7f2fc1cb9000 rw-p 00154000 08:01 655813                     /usr/lib/x86_64-linux-gnu/dri/nouveau_dri.so
7f2fc1cb9000-7f2fc1cbb000 rw-p 00000000 00:00 0 
7f2fc1cbb000-7f2fc1cc1000 r-xp 00000000 08:01 270058                     /usr/lib/x86_64-linux-gnu/libdatrie.so.1.2.0
7f2fc1cc1000-7f2fc1ec0000 ---p 00006000 08:01 270058                     /usr/lib/x86_64-linux-gnu/libdatrie.so.1.2.0
7f2fc1ec0000-7f2fc1ec1000 r--p 00005000 08:01 270058                     /usr/lib/x86_64-linux-gnu/libdatrie.so.1.2.0
7f2fc1ec1000-7f2fc1ec2000 rw-p 00006000 08:01 270058                     /usr/lib/x86_64-linux-gnu/libdatrie.so.1.2.0
7f2fc1ec2000-7f2fc1ec7000 r-xp 00000000 08:01 269880                     /usr/lib/x86_64-linux-gnu/libXdmcp.so.6.0.0
7f2fc1ec7000-7f2fc20c6000 ---p 00005000 08:01 269880                     /usr/lib/x86_64-linux-gnu/libXdmcp.so.6.0.0
7f2fc20c6000-7f2fc20c7000 r--p 00004000 08:01 269880                     /usr/lib/x86_64-linux-gnu/libXdmcp.so.6.0.0
7f2fc20c7000-7f2fc20c8000 rw-p 00005000 08:01 269880                     /usr/lib/x86_64-linux-gnu/libXdmcp.so.6.0.0
7f2fc20c8000-7f2fc20ca000 r-xp 00000000 08:01 269869                     /usr/lib/x86_64-linux-gnu/libXau.so.6.0.0
7f2fc20ca000-7f2fc22ca000 ---p 00002000 08:01 269869                     /usr/lib/x86_64-linux-gnu/libXau.so.6.0.0
7f2fc22ca000-7f2fc22cb000 r--p 00002000 08:01 269869                     /usr/lib/x86_64-linux-gnu/libXau.so.6.0.0
7f2fc22cb000-7f2fc22cc000 rw-p 00003000 08:01 269869                     /usr/lib/x86_64-linux-gnu/libXau.so.6.0.0
7f2fc22cc000-7f2fc22e4000 r-xp 00000000 08:01 270266                     /usr/lib/x86_64-linux-gnu/libgraphite2.so.3.0.1
7f2fc22e4000-7f2fc24e3000 ---p 00018000 08:01 270266                     /usr/lib/x86_64-linux-gnu/libgraphite2.so.3.0.1
7f2fc24e3000-7f2fc24e5000 r--p 00017000 08:01 270266                     /usr/lib/x86_64-linux-gnu/libgraphite2.so.3.0.1
7f2fc24e5000-7f2fc24e6000 rw-p 00019000 08:01 270266                     /usr/lib/x86_64-linux-gnu/libgraphite2.so.3.0.1
7f2fc24e6000-7f2fc24f1000 r-xp 00000000 08:01 269859                     /usr/lib/x86_64-linux-gnu/libdrm.so.2.4.0
7f2fc24f1000-7f2fc26f0000 ---p 0000b000 08:01 269859                     /usr/lib/x86_64-linux-gnu/libdrm.so.2.4.0
7f2fc26f0000-7f2fc26f1000 r--p 0000a000 08:01 269859                     /usr/lib/x86_64-linux-gnu/libdrm.so.2.4.0
7f2fc26f1000-7f2fc26f2000 rw-p 0000b000 08:01 269859                     /usr/lib/x86_64-linux-gnu/libdrm.so.2.4.0
7f2fc26f2000-7f2fc26f5000 r-xp 00000000 08:01 270795                     /usr/lib/x86_64-linux-gnu/libxcb-dri2.so.0.0.0
7f2fc26f5000-7f2fc28f5000 ---p 00003000 08:01 270795                     /usr/lib/x86_64-linux-gnu/libxcb-dri2.so.0.0.0
7f2fc28f5000-7f2fc28f6000 r--p 00003000 08:01 270795                     /usr/lib/x86_64-linux-gnu/libxcb-dri2.so.0.0.0
7f2fc28f6000-7f2fc28f7000 rw-p 00004000 08:01 270795                     /usr/lib/x86_64-linux-gnu/libxcb-dri2.so.0.0.0
7f2fc28f7000-7f2fc290c000 r-xp 00000000 08:01 270797                     /usr/lib/x86_64-linux-gnu/libxcb-glx.so.0.0.0
7f2fc290c000-7f2fc2b0b000 ---p 00015000 08:01 270797                     /usr/lib/x86_64-linux-gnu/libxcb-glx.so.0.0.0
7f2fc2b0b000-7f2fc2b0d000 r--p 00014000 08:01 270797                     /usr/lib/x86_64-linux-gnu/libxcb-glx.so.0.0.0
7f2fc2b0d000-7f2fc2b0e000 rw-p 00016000 08:01 270797                     /usr/lib/x86_64-linux-gnu/libxcb-glx.so.0.0.0
7f2fc2b0e000-7f2fc2b0f000 r-xp 00000000 08:01 269863                     /usr/lib/x86_64-linux-gnu/libX11-xcb.so.1.0.0
7f2fc2b0f000-7f2fc2d0e000 ---p 00001000 08:01 269863                     /usr/lib/x86_64-linux-gnu/libX11-xcb.so.1.0.0
7f2fc2d0e000-7f2fc2d0f000 r--p 00000000 08:01 269863                     /usr/lib/x86_64-linux-gnu/libX11-xcb.so.1.0.0
7f2fc2d0f000-7f2fc2d10000 rw-p 00001000 08:01 269863                     /usr/lib/x86_64-linux-gnu/libX11-xcb.so.1.0.0
7f2fc2d10000-7f2fc2d31000 r-xp 00000000 08:01 270224                     /usr/lib/x86_64-linux-gnu/libglapi.so.0.0.0
7f2fc2d31000-7f2fc2f31000 ---p 00021000 08:01 270224                     /usr/lib/x86_64-linux-gnu/libglapi.so.0.0.0
7f2fc2f31000-7f2fc2f34000 r--p 00021000 08:01 270224                     /usr/lib/x86_64-linux-gnu/libglapi.so.0.0.0
7f2fc2f34000-7f2fc2f35000 rw-p 00024000 08:01 270224                     /usr/lib/x86_64-linux-gnu/libglapi.so.0.0.0
7f2fc2f35000-7f2fc2f36000 rw-p 00000000 00:00 0 
7f2fc2f36000-7f2fc2f73000 r-xp 00000000 08:01 2363280                    /lib/x86_64-linux-gnu/libpcre.so.3.13.1
7f2fc2f73000-7f2fc3173000 ---p 0003d000 08:01 2363280                    /lib/x86_64-linux-gnu/libpcre.so.3.13.1
7f2fc3173000-7f2fc3174000 r--p 0003d000 08:01 2363280                    /lib/x86_64-linux-gnu/libpcre.so.3.13.1
7f2fc3174000-7f2fc3175000 rw-p 0003e000 08:01 2363280                    /lib/x86_64-linux-gnu/libpcre.so.3.13.1
7f2fc3175000-7f2fc317c000 r-xp 00000000 08:01 270117                     /usr/lib/x86_64-linux-gnu/libffi.so.6.0.1
7f2fc317c000-7f2fc337b000 ---p 00007000 08:01 270117                     /usr/lib/x86_64-linux-gnu/libffi.so.6.0.1
7f2fc337b000-7f2fc337c000 r--p 00006000 08:01 270117                     /usr/lib/x86_64-linux-gnu/libffi.so.6.0.1
7f2fc337c000-7f2fc337d000 rw-p 00007000 08:01 270117                     /usr/lib/x86_64-linux-gnu/libffi.so.6.0.1
7f2fc337d000-7f2fc33a4000 r-xp 00000000 08:01 2363202                    /lib/x86_64-linux-gnu/libexpat.so.1.6.0
7f2fc33a4000-7f2fc35a4000 ---p 00027000 08:01 2363202                    /lib/x86_64-linux-gnu/libexpat.so.1.6.0
7f2fc35a4000-7f2fc35a6000 r--p 00027000 08:01 2363202                    /lib/x86_64-linux-gnu/libexpat.so.1.6.0
7f2fc35a6000-7f2fc35a7000 rw-p 00029000 08:01 2363202                    /lib/x86_64-linux-gnu/libexpat.so.1.6.0
7f2fc35a7000-7f2fc35af000 r-xp 00000000 08:01 270706                     /usr/lib/x86_64-linux-gnu/libthai.so.0.2.0
7f2fc35af000-7f2fc37ae000 ---p 00008000 08:01 270706                     /usr/lib/x86_64-linux-gnu/libthai.so.0.2.0
7f2fc37ae000-7f2fc37af000 r--p 00007000 08:01 270706                     /usr/lib/x86_64-linux-gnu/libthai.so.0.2.0
7f2fc37af000-7f2fc37b0000 rw-p 00008000 08:01 270706                     /usr/lib/x86_64-linux-gnu/libthai.so.0.2.0
7f2fc37b0000-7f2fc37cd000 r-xp 00000000 08:01 270821                     /usr/lib/x86_64-linux-gnu/libxcb.so.1.1.0
7f2fc37cd000-7f2fc39cc000 ---p 0001d000 08:01 270821                     /usr/lib/x86_64-linux-gnu/libxcb.so.1.1.0
7f2fc39cc000-7f2fc39cd000 r--p 0001c000 08:01 270821                     /usr/lib/x86_64-linux-gnu/libxcb.so.1.1.0
7f2fc39cd000-7f2fc39ce000 rw-p 0001d000 08:01 270821                     /usr/lib/x86_64-linux-gnu/libxcb.so.1.1.0
7f2fc39ce000-7f2fc39d6000 r-xp 00000000 08:01 270809                     /usr/lib/x86_64-linux-gnu/libxcb-render.so.0.0.0
7f2fc39d6000-7f2fc3bd5000 ---p 00008000 08:01 270809                     /usr/lib/x86_64-linux-gnu/libxcb-render.so.0.0.0
7f2fc3bd5000-7f2fc3bd6000 r--p 00007000 08:01 270809                     /usr/lib/x86_64-linux-gnu/libxcb-render.so.0.0.0
7f2fc3bd6000-7f2fc3bd7000 rw-p 00008000 08:01 270809                     /usr/lib/x86_64-linux-gnu/libxcb-render.so.0.0.0
7f2fc3bd7000-7f2fc3bd9000 r-xp 00000000 08:01 270813                     /usr/lib/x86_64-linux-gnu/libxcb-shm.so.0.0.0
7f2fc3bd9000-7f2fc3dd8000 ---p 00002000 08:01 270813                     /usr/lib/x86_64-linux-gnu/libxcb-shm.so.0.0.0
7f2fc3dd8000-7f2fc3dd9000 r--p 00001000 08:01 270813                     /usr/lib/x86_64-linux-gnu/libxcb-shm.so.0.0.0
7f2fc3dd9000-7f2fc3dda000 rw-p 00002000 08:01 270813                     /usr/lib/x86_64-linux-gnu/libxcb-shm.so.0.0.0
7f2fc3dda000-7f2fc3dff000 r-xp 00000000 08:01 2363292                    /lib/x86_64-linux-gnu/libpng12.so.0.49.0
7f2fc3dff000-7f2fc3ffe000 ---p 00025000 08:01 2363292                    /lib/x86_64-linux-gnu/libpng12.so.0.49.0
7f2fc3ffe000-7f2fc3fff000 r--p 00024000 08:01 2363292                    /lib/x86_64-linux-gnu/libpng12.so.0.49.0
7f2fc3fff000-7f2fc4000000 rw-p 00025000 08:01 2363292                    /lib/x86_64-linux-gnu/libpng12.so.0.49.0
7f2fc4000000-7f2fc4219000 rw-p 00000000 00:00 0 
7f2fc4219000-7f2fc8000000 ---p 00000000 00:00 0 
7f2fc8000000-7f2fc8004000 r--s 00000000 08:01 524433                     /var/cache/fontconfig/c57959a16110560c8d0fcea73374aeeb-le64.cache-4
7f2fc801d000-7f2fc80be000 r-xp 00000000 08:01 268866                     /usr/lib/x86_64-linux-gnu/libpixman-1.so.0.30.2
7f2fc80be000-7f2fc82be000 ---p 000a1000 08:01 268866                     /usr/lib/x86_64-linux-gnu/libpixman-1.so.0.30.2
7f2fc82be000-7f2fc82c5000 r--p 000a1000 08:01 268866                     /usr/lib/x86_64-linux-gnu/libpixman-1.so.0.30.2
7f2fc82c5000-7f2fc82c6000 rw-p 000a8000 08:01 268866                     /usr/lib/x86_64-linux-gnu/libpixman-1.so.0.30.2
7f2fc82c6000-7f2fc8316000 r-xp 00000000 08:01 270374                     /usr/lib/x86_64-linux-gnu/libharfbuzz.so.0.919.0
7f2fc8316000-7f2fc8516000 ---p 00050000 08:01 270374                     /usr/lib/x86_64-linux-gnu/libharfbuzz.so.0.919.0
7f2fc8516000-7f2fc8517000 r--p 00050000 08:01 270374                     /usr/lib/x86_64-linux-gnu/libharfbuzz.so.0.919.0
7f2fc8517000-7f2fc8518000 rw-p 00051000 08:01 270374                     /usr/lib/x86_64-linux-gnu/libharfbuzz.so.0.919.0
7f2fc8518000-7f2fc852e000 r-xp 00000000 08:01 2363303                    /lib/x86_64-linux-gnu/libresolv-2.17.so
7f2fc852e000-7f2fc872e000 ---p 00016000 08:01 2363303                    /lib/x86_64-linux-gnu/libresolv-2.17.so
7f2fc872e000-7f2fc872f000 r--p 00016000 08:01 2363303                    /lib/x86_64-linux-gnu/libresolv-2.17.so
7f2fc872f000-7f2fc8730000 rw-p 00017000 08:01 2363303                    /lib/x86_64-linux-gnu/libresolv-2.17.so
7f2fc8730000-7f2fc8732000 rw-p 00000000 00:00 0 
7f2fc8732000-7f2fc8751000 r-xp 00000000 08:01 2363307                    /lib/x86_64-linux-gnu/libselinux.so.1
7f2fc8751000-7f2fc8951000 ---p 0001f000 08:01 2363307                    /lib/x86_64-linux-gnu/libselinux.so.1
7f2fc8951000-7f2fc8952000 r--p 0001f000 08:01 2363307                    /lib/x86_64-linux-gnu/libselinux.so.1
7f2fc8952000-7f2fc8953000 rw-p 00020000 08:01 2363307                    /lib/x86_64-linux-gnu/libselinux.so.1
7f2fc8953000-7f2fc8954000 rw-p 00000000 00:00 0 
7f2fc8954000-7f2fc896c000 r-xp 00000000 08:01 2363340                    /lib/x86_64-linux-gnu/libz.so.1.2.8
7f2fc896c000-7f2fc8b6b000 ---p 00018000 08:01 2363340                    /lib/x86_64-linux-gnu/libz.so.1.2.8
7f2fc8b6b000-7f2fc8b6c000 r--p 00017000 08:01 2363340                    /lib/x86_64-linux-gnu/libz.so.1.2.8
7f2fc8b6c000-7f2fc8b6d000 rw-p 00018000 08:01 2363340                    /lib/x86_64-linux-gnu/libz.so.1.2.8
7f2fc8b6d000-7f2fc8b7e000 r-xp 00000000 08:01 269882                     /usr/lib/x86_64-linux-gnu/libXext.so.6.4.0
7f2fc8b7e000-7f2fc8d7d000 ---p 00011000 08:01 269882                     /usr/lib/x86_64-linux-gnu/libXext.so.6.4.0
7f2fc8d7d000-7f2fc8d7e000 r--p 00010000 08:01 269882                     /usr/lib/x86_64-linux-gnu/libXext.so.6.4.0
7f2fc8d7e000-7f2fc8d7f000 rw-p 00011000 08:01 269882                     /usr/lib/x86_64-linux-gnu/libXext.so.6.4.0
7f2fc8d7f000-7f2fc8d81000 r-xp 00000000 08:01 269878                     /usr/lib/x86_64-linux-gnu/libXdamage.so.1.1.0
7f2fc8d81000-7f2fc8f80000 ---p 00002000 08:01 269878                     /usr/lib/x86_64-linux-gnu/libXdamage.so.1.1.0
7f2fc8f80000-7f2fc8f81000 r--p 00001000 08:01 269878                     /usr/lib/x86_64-linux-gnu/libXdamage.so.1.1.0
7f2fc8f81000-7f2fc8f82000 rw-p 00002000 08:01 269878                     /usr/lib/x86_64-linux-gnu/libXdamage.so.1.1.0
7f2fc8f82000-7f2fc8f84000 r-xp 00000000 08:01 269874                     /usr/lib/x86_64-linux-gnu/libXcomposite.so.1.0.0
7f2fc8f84000-7f2fc9183000 ---p 00002000 08:01 269874                     /usr/lib/x86_64-linux-gnu/libXcomposite.so.1.0.0
7f2fc9183000-7f2fc9184000 r--p 00001000 08:01 269874                     /usr/lib/x86_64-linux-gnu/libXcomposite.so.1.0.0
7f2fc9184000-7f2fc9185000 rw-p 00002000 08:01 269874                     /usr/lib/x86_64-linux-gnu/libXcomposite.so.1.0.0
7f2fc9185000-7f2fc918e000 r-xp 00000000 08:01 269876                     /usr/lib/x86_64-linux-gnu/libXcursor.so.1.0.2
7f2fc918e000-7f2fc938d000 ---p 00009000 08:01 269876                     /usr/lib/x86_64-linux-gnu/libXcursor.so.1.0.2
7f2fc938d000-7f2fc938e000 r--p 00008000 08:01 269876                     /usr/lib/x86_64-linux-gnu/libXcursor.so.1.0.2
7f2fc938e000-7f2fc938f000 rw-p 00009000 08:01 269876                     /usr/lib/x86_64-linux-gnu/libXcursor.so.1.0.2
7f2fc938f000-7f2fc9398000 r-xp 00000000 08:01 269902                     /usr/lib/x86_64-linux-gnu/libXrandr.so.2.2.0
7f2fc9398000-7f2fc9597000 ---p 00009000 08:01 269902                     /usr/lib/x86_64-linux-gnu/libXrandr.so.2.2.0
7f2fc9597000-7f2fc9598000 r--p 00008000 08:01 269902                     /usr/lib/x86_64-linux-gnu/libXrandr.so.2.2.0
7f2fc9598000-7f2fc9599000 rw-p 00009000 08:01 269902                     /usr/lib/x86_64-linux-gnu/libXrandr.so.2.2.0
7f2fc9599000-7f2fc95a8000 r-xp 00000000 08:01 269890                     /usr/lib/x86_64-linux-gnu/libXi.so.6.1.0
7f2fc95a8000-7f2fc97a7000 ---p 0000f000 08:01 269890                     /usr/lib/x86_64-linux-gnu/libXi.so.6.1.0
7f2fc97a7000-7f2fc97a8000 r--p 0000e000 08:01 269890                     /usr/lib/x86_64-linux-gnu/libXi.so.6.1.0
7f2fc97a8000-7f2fc97a9000 rw-p 0000f000 08:01 269890                     /usr/lib/x86_64-linux-gnu/libXi.so.6.1.0
7f2fc97a9000-7f2fc97ab000 r-xp 00000000 08:01 269892                     /usr/lib/x86_64-linux-gnu/libXinerama.so.1.0.0
7f2fc97ab000-7f2fc99aa000 ---p 00002000 08:01 269892                     /usr/lib/x86_64-linux-gnu/libXinerama.so.1.0.0
7f2fc99aa000-7f2fc99ab000 r--p 00001000 08:01 269892                     /usr/lib/x86_64-linux-gnu/libXinerama.so.1.0.0
7f2fc99ab000-7f2fc99ac000 rw-p 00002000 08:01 269892                     /usr/lib/x86_64-linux-gnu/libXinerama.so.1.0.0
7f2fc99ac000-7f2fc99b5000 r-xp 00000000 08:01 269904                     /usr/lib/x86_64-linux-gnu/libXrender.so.1.3.0
7f2fc99b5000-7f2fc9bb4000 ---p 00009000 08:01 269904                     /usr/lib/x86_64-linux-gnu/libXrender.so.1.3.0
7f2fc9bb4000-7f2fc9bb5000 r--p 00008000 08:01 269904                     /usr/lib/x86_64-linux-gnu/libXrender.so.1.3.0
7f2fc9bb5000-7f2fc9bb6000 rw-p 00009000 08:01 269904                     /usr/lib/x86_64-linux-gnu/libXrender.so.1.3.0
7f2fc9bb6000-7f2fc9bbb000 r-xp 00000000 08:01 269884                     /usr/lib/x86_64-linux-gnu/libXfixes.so.3.1.0
7f2fc9bbb000-7f2fc9dba000 ---p 00005000 08:01 269884                     /usr/lib/x86_64-linux-gnu/libXfixes.so.3.1.0
7f2fc9dba000-7f2fc9dbb000 r--p 00004000 08:01 269884                     /usr/lib/x86_64-linux-gnu/libXfixes.so.3.1.0
7f2fc9dbb000-7f2fc9dbc000 rw-p 00005000 08:01 269884                     /usr/lib/x86_64-linux-gnu/libXfixes.so.3.1.0
7f2fc9dbc000-7f2fc9dd1000 r-xp 00000000 08:01 2359301                    /lib/x86_64-linux-gnu/libgcc_s.so.1
7f2fc9dd1000-7f2fc9fd0000 ---p 00015000 08:01 2359301                    /lib/x86_64-linux-gnu/libgcc_s.so.1
7f2fc9fd0000-7f2fc9fd1000 r--p 00014000 08:01 2359301                    /lib/x86_64-linux-gnu/libgcc_s.so.1
7f2fc9fd1000-7f2fc9fd2000 rw-p 00015000 08:01 2359301                    /lib/x86_64-linux-gnu/libgcc_s.so.1
7f2fc9fd2000-7f2fca0b8000 r-xp 00000000 08:01 266401                     /usr/lib/x86_64-linux-gnu/libstdc++.so.6.0.18
7f2fca0b8000-7f2fca2b7000 ---p 000e6000 08:01 266401                     /usr/lib/x86_64-linux-gnu/libstdc++.so.6.0.18
7f2fca2b7000-7f2fca2bf000 r--p 000e5000 08:01 266401                     /usr/lib/x86_64-linux-gnu/libstdc++.so.6.0.18
7f2fca2bf000-7f2fca2c1000 rw-p 000ed000 08:01 266401                     /usr/lib/x86_64-linux-gnu/libstdc++.so.6.0.18
7f2fca2c1000-7f2fca2d6000 rw-p 00000000 00:00 0 
7f2fca2d6000-7f2fca330000 r-xp 00000000 08:01 656915                     /usr/lib/x86_64-linux-gnu/mesa/libGL.so.1.2.0
7f2fca330000-7f2fca530000 ---p 0005a000 08:01 656915                     /usr/lib/x86_64-linux-gnu/mesa/libGL.so.1.2.0
7f2fca530000-7f2fca532000 r--p 0005a000 08:01 656915                     /usr/lib/x86_64-linux-gnu/mesa/libGL.so.1.2.0
7f2fca532000-7f2fca533000 rw-p 0005c000 08:01 656915                     /usr/lib/x86_64-linux-gnu/mesa/libGL.so.1.2.0
7f2fca533000-7f2fca534000 rw-p 00000000 00:00 0 
7f2fca534000-7f2fca538000 r-xp 00000000 08:01 269914                     /usr/lib/x86_64-linux-gnu/libXxf86vm.so.1.0.0
7f2fca538000-7f2fca738000 ---p 00004000 08:01 269914                     /usr/lib/x86_64-linux-gnu/libXxf86vm.so.1.0.0
7f2fca738000-7f2fca739000 r--p 00004000 08:01 269914                     /usr/lib/x86_64-linux-gnu/libXxf86vm.so.1.0.0
7f2fca739000-7f2fca73a000 rw-p 00005000 08:01 269914                     /usr/lib/x86_64-linux-gnu/libXxf86vm.so.1.0.0
7f2fca73a000-7f2fca86a000 r-xp 00000000 08:01 269865                     /usr/lib/x86_64-linux-gnu/libX11.so.6.3.0
7f2fca86a000-7f2fcaa6a000 ---p 00130000 08:01 269865                     /usr/lib/x86_64-linux-gnu/libX11.so.6.3.0
7f2fcaa6a000-7f2fcaa6b000 r--p 00130000 08:01 269865                     /usr/lib/x86_64-linux-gnu/libX11.so.6.3.0
7f2fcaa6b000-7f2fcaa6f000 rw-p 00131000 08:01 269865                     /usr/lib/x86_64-linux-gnu/libX11.so.6.3.0
7f2fcaa6f000-7f2fcaa74000 r-xp 00000000 08:01 269908                     /usr/lib/x86_64-linux-gnu/libXtst.so.6.1.0
7f2fcaa74000-7f2fcac73000 ---p 00005000 08:01 269908                     /usr/lib/x86_64-linux-gnu/libXtst.so.6.1.0
7f2fcac73000-7f2fcac74000 r--p 00004000 08:01 269908                     /usr/lib/x86_64-linux-gnu/libXtst.so.6.1.0
7f2fcac74000-7f2fcac75000 rw-p 00005000 08:01 269908                     /usr/lib/x86_64-linux-gnu/libXtst.so.6.1.0
7f2fcac75000-7f2fcad73000 r-xp 00000000 08:01 2363127                    /lib/x86_64-linux-gnu/libglib-2.0.so.0.3800.1
7f2fcad73000-7f2fcaf73000 ---p 000fe000 08:01 2363127                    /lib/x86_64-linux-gnu/libglib-2.0.so.0.3800.1
7f2fcaf73000-7f2fcaf74000 r--p 000fe000 08:01 2363127                    /lib/x86_64-linux-gnu/libglib-2.0.so.0.3800.1
7f2fcaf74000-7f2fcaf75000 rw-p 000ff000 08:01 2363127                    /lib/x86_64-linux-gnu/libglib-2.0.so.0.3800.1
7f2fcaf75000-7f2fcaf76000 rw-p 00000000 00:00 0 
7f2fcaf76000-7f2fcaf77000 r-xp 00000000 08:01 266608                     /usr/lib/x86_64-linux-gnu/libgthread-2.0.so.0.3800.1
7f2fcaf77000-7f2fcb176000 ---p 00001000 08:01 266608                     /usr/lib/x86_64-linux-gnu/libgthread-2.0.so.0.3800.1
7f2fcb176000-7f2fcb177000 r--p 00000000 08:01 266608                     /usr/lib/x86_64-linux-gnu/libgthread-2.0.so.0.3800.1
7f2fcb177000-7f2fcb178000 rw-p 00001000 08:01 266608                     /usr/lib/x86_64-linux-gnu/libgthread-2.0.so.0.3800.1
7f2fcb178000-7f2fcb17b000 r-xp 00000000 08:01 266609                     /usr/lib/x86_64-linux-gnu/libgmodule-2.0.so.0.3800.1
7f2fcb17b000-7f2fcb37a000 ---p 00003000 08:01 266609                     /usr/lib/x86_64-linux-gnu/libgmodule-2.0.so.0.3800.1
7f2fcb37a000-7f2fcb37b000 r--p 00002000 08:01 266609                     /usr/lib/x86_64-linux-gnu/libgmodule-2.0.so.0.3800.1
7f2fcb37b000-7f2fcb37c000 rw-p 00003000 08:01 266609                     /usr/lib/x86_64-linux-gnu/libgmodule-2.0.so.0.3800.1
7f2fcb37c000-7f2fcb3cb000 r-xp 00000000 08:01 262548                     /usr/lib/x86_64-linux-gnu/libgobject-2.0.so.0.3800.1
7f2fcb3cb000-7f2fcb5cb000 ---p 0004f000 08:01 262548                     /usr/lib/x86_64-linux-gnu/libgobject-2.0.so.0.3800.1
7f2fcb5cb000-7f2fcb5cc000 r--p 0004f000 08:01 262548                     /usr/lib/x86_64-linux-gnu/libgobject-2.0.so.0.3800.1
7f2fcb5cc000-7f2fcb5cd000 rw-p 00050000 08:01 262548                     /usr/lib/x86_64-linux-gnu/libgobject-2.0.so.0.3800.1
7f2fcb5cd000-7f2fcb606000 r-xp 00000000 08:01 270131                     /usr/lib/x86_64-linux-gnu/libfontconfig.so.1.7.0
7f2fcb606000-7f2fcb806000 ---p 00039000 08:01 270131                     /usr/lib/x86_64-linux-gnu/libfontconfig.so.1.7.0
7f2fcb806000-7f2fcb808000 r--p 00039000 08:01 270131                     /usr/lib/x86_64-linux-gnu/libfontconfig.so.1.7.0
7f2fcb808000-7f2fcb809000 rw-p 0003b000 08:01 270131                     /usr/lib/x86_64-linux-gnu/libfontconfig.so.1.7.0
7f2fcb809000-7f2fcb8a5000 r-xp 00000000 08:01 262656                     /usr/lib/x86_64-linux-gnu/libfreetype.so.6.10.1
7f2fcb8a5000-7f2fcbaa5000 ---p 0009c000 08:01 262656                     /usr/lib/x86_64-linux-gnu/libfreetype.so.6.10.1
7f2fcbaa5000-7f2fcbaaa000 r--p 0009c000 08:01 262656                     /usr/lib/x86_64-linux-gnu/libfreetype.so.6.10.1
7f2fcbaaa000-7f2fcbaab000 rw-p 000a1000 08:01 262656                     /usr/lib/x86_64-linux-gnu/libfreetype.so.6.10.1
7f2fcbaab000-7f2fcbaf5000 r-xp 00000000 08:01 270548                     /usr/lib/x86_64-linux-gnu/libpango-1.0.so.0.3200.5
7f2fcbaf5000-7f2fcbcf4000 ---p 0004a000 08:01 270548                     /usr/lib/x86_64-linux-gnu/libpango-1.0.so.0.3200.5
7f2fcbcf4000-7f2fcbcf6000 r--p 00049000 08:01 270548                     /usr/lib/x86_64-linux-gnu/libpango-1.0.so.0.3200.5
7f2fcbcf6000-7f2fcbcf7000 rw-p 0004b000 08:01 270548                     /usr/lib/x86_64-linux-gnu/libpango-1.0.so.0.3200.5
7f2fcbcf7000-7f2fcbdfb000 r-xp 00000000 08:01 269989                     /usr/lib/x86_64-linux-gnu/libcairo.so.2.11200.16
7f2fcbdfb000-7f2fcbffa000 ---p 00104000 08:01 269989                     /usr/lib/x86_64-linux-gnu/libcairo.so.2.11200.16
7f2fcbffa000-7f2fcbffd000 r--p 00103000 08:01 269989                     /usr/lib/x86_64-linux-gnu/libcairo.so.2.11200.16
7f2fcbffd000-7f2fcbffe000 rw-p 00106000 08:01 269989                     /usr/lib/x86_64-linux-gnu/libcairo.so.2.11200.16
7f2fcbffe000-7f2fcc000000 rw-p 00000000 00:00 0 
7f2fcc000000-7f2fcc021000 rw-p 00000000 00:00 0 
7f2fcc021000-7f2fd0000000 ---p 00000000 00:00 0 
7f2fd0000000-7f2fd0021000 rw-p 00000000 00:00 0 
7f2fd0021000-7f2fd4000000 ---p 00000000 00:00 0 
7f2fd4000000-7f2fd44ac000 rw-p 00000000 00:00 0 
7f2fd44ac000-7f2fd8000000 ---p 00000000 00:00 0 
7f2fd8000000-7f2fd882e000 rw-p 00000000 00:00 0 
7f2fd882e000-7f2fdc000000 ---p 00000000 00:00 0 
7f2fdc000000-7f2fdcae0000 rw-p 00000000 00:00 0 
7f2fdcae0000-7f2fe0000000 ---p 00000000 00:00 0 
7f2fe0000000-7f2fe07d8000 rw-p 00000000 00:00 0 
7f2fe07d8000-7f2fe4000000 ---p 00000000 00:00 0 
7f2fe4000000-7f2fe4047000 rw-p 00000000 00:00 0 
7f2fe4047000-7f2fe8000000 ---p 00000000 00:00 0 
7f2fe8000000-7f2fe8021000 rw-p 00000000 00:00 0 
7f2fe8021000-7f2fec000000 ---p 00000000 00:00 0 
7f2fec000000-7f2fec021000 rw-p 00000000 00:00 0 
7f2fec021000-7f2ff0000000 ---p 00000000 00:00 0 
7f2ff0000000-7f2ff0061000 rw-p 00000000 00:00 0 
7f2ff0061000-7f2ff4000000 ---p 00000000 00:00 0 
7f2ff4000000-7f2ff4021000 rw-p 00000000 00:00 0 
7f2ff4021000-7f2ff8000000 ---p 00000000 00:00 0 
7f2ff8000000-7f2ff8021000 rw-p 00000000 00:00 0 
7f2ff8021000-7f2ffc000000 ---p 00000000 00:00 0 
7f2ffc000000-7f2ffc021000 rw-p 00000000 00:00 0 
7f2ffc021000-7f3000000000 ---p 00000000 00:00 0 
7f3000000000-7f3000007000 r--s 00000000 08:01 527918                     /var/cache/fontconfig/3047814df9a2f067bd2d96a2b9c36e5a-le64.cache-4
7f300005b000-7f300005c000 rw-p 00000000 00:00 0 
7f300005c000-7f300005e000 r-xp 00000000 08:01 663711                     /tmp/jogamp_0000/file_cache/jln6358540118538101099/jln6586869454973392628/libnativewindow_awt.so
7f300005e000-7f300006d000 ---p 00002000 08:01 663711                     /tmp/jogamp_0000/file_cache/jln6358540118538101099/jln6586869454973392628/libnativewindow_awt.so
7f300006d000-7f300006e000 rw-p 00011000 08:01 663711                     /tmp/jogamp_0000/file_cache/jln6358540118538101099/jln6586869454973392628/libnativewindow_awt.so
7f300006e000-7f300006f000 rw-p 00000000 00:00 0 
7f300006f000-7f3000072000 ---p 00000000 00:00 0 
7f3000072000-7f3000170000 rw-p 00000000 00:00 0                          [stack:17639]
7f3000170000-7f300017b000 r-xp 00000000 08:01 270550                     /usr/lib/x86_64-linux-gnu/libpangocairo-1.0.so.0.3200.5
7f300017b000-7f300037b000 ---p 0000b000 08:01 270550                     /usr/lib/x86_64-linux-gnu/libpangocairo-1.0.so.0.3200.5
7f300037b000-7f300037c000 r--p 0000b000 08:01 270550                     /usr/lib/x86_64-linux-gnu/libpangocairo-1.0.so.0.3200.5
7f300037c000-7f300037d000 rw-p 0000c000 08:01 270550                     /usr/lib/x86_64-linux-gnu/libpangocairo-1.0.so.0.3200.5
7f300037d000-7f300039c000 r-xp 00000000 08:01 270198                     /usr/lib/x86_64-linux-gnu/libgdk_pixbuf-2.0.so.0.2800.1
7f300039c000-7f300059b000 ---p 0001f000 08:01 270198                     /usr/lib/x86_64-linux-gnu/libgdk_pixbuf-2.0.so.0.2800.1
7f300059b000-7f300059c000 r--p 0001e000 08:01 270198                     /usr/lib/x86_64-linux-gnu/libgdk_pixbuf-2.0.so.0.2800.1
7f300059c000-7f300059d000 rw-p 0001f000 08:01 270198                     /usr/lib/x86_64-linux-gnu/libgdk_pixbuf-2.0.so.0.2800.1
7f300059d000-7f30006f9000 r-xp 00000000 08:01 262529                     /usr/lib/x86_64-linux-gnu/libgio-2.0.so.0.3800.1
7f30006f9000-7f30008f8000 ---p 0015c000 08:01 262529                     /usr/lib/x86_64-linux-gnu/libgio-2.0.so.0.3800.1
7f30008f8000-7f30008fc000 r--p 0015b000 08:01 262529                     /usr/lib/x86_64-linux-gnu/libgio-2.0.so.0.3800.1
7f30008fc000-7f30008fe000 rw-p 0015f000 08:01 262529                     /usr/lib/x86_64-linux-gnu/libgio-2.0.so.0.3800.1
7f30008fe000-7f3020000000 rw-p 00000000 00:00 0 
7f3020000000-7f3020021000 rw-p 00000000 00:00 0 
7f3020021000-7f3024000000 ---p 00000000 00:00 0 
7f3024000000-7f3024021000 rw-p 00000000 00:00 0 
7f3024021000-7f3028000000 ---p 00000000 00:00 0 
7f3028000000-7f3028021000 rw-p 00000000 00:00 0 
7f3028021000-7f302c000000 ---p 00000000 00:00 0 
7f302c000000-7f302c021000 rw-p 00000000 00:00 0 
7f302c021000-7f3030000000 ---p 00000000 00:00 0 
7f3030000000-7f3030009000 r--s 00000000 08:01 529341                     /var/cache/fontconfig/3f7329c5293ffd510edef78f73874cfd-le64.cache-4
7f3030009000-7f303000c000 ---p 00000000 00:00 0 
7f303000c000-7f3030042000 rw-p 00000000 00:00 0                          [stack:17684]
7f3030042000-7f3030043000 r--p 00000000 00:00 0 
7f3030043000-7f3030048000 r--s 00094000 08:03 107611371                  /home/calcul/Téléchargements/jdk1.8.0_40/jre/lib/jsse.jar
7f3030048000-7f3030053000 r--s 00116000 08:03 107611377                  /home/calcul/Téléchargements/jdk1.8.0_40/jre/lib/ext/localedata.jar
7f3030053000-7f3030066000 r--s 00344000 08:03 107611397                  /home/calcul/Téléchargements/jdk1.8.0_40/jre/lib/resources.jar
7f3030066000-7f30300e6000 rw-s 14d375000 00:05 11592                     /dev/dri/card0
7f30300e6000-7f30300fa000 r-xp 00000000 08:01 270552                     /usr/lib/x86_64-linux-gnu/libpangoft2-1.0.so.0.3200.5
7f30300fa000-7f30302f9000 ---p 00014000 08:01 270552                     /usr/lib/x86_64-linux-gnu/libpangoft2-1.0.so.0.3200.5
7f30302f9000-7f30302fa000 r--p 00013000 08:01 270552                     /usr/lib/x86_64-linux-gnu/libpangoft2-1.0.so.0.3200.5
7f30302fa000-7f30302fb000 rw-p 00014000 08:01 270552                     /usr/lib/x86_64-linux-gnu/libpangoft2-1.0.so.0.3200.5
7f30302fb000-7f303031a000 r-xp 00000000 08:01 269949                     /usr/lib/x86_64-linux-gnu/libatk-1.0.so.0.21009.1
7f303031a000-7f303051a000 ---p 0001f000 08:01 269949                     /usr/lib/x86_64-linux-gnu/libatk-1.0.so.0.21009.1
7f303051a000-7f303051c000 r--p 0001f000 08:01 269949                     /usr/lib/x86_64-linux-gnu/libatk-1.0.so.0.21009.1
7f303051c000-7f303051d000 rw-p 00021000 08:01 269949                     /usr/lib/x86_64-linux-gnu/libatk-1.0.so.0.21009.1
7f303051d000-7f30305ca000 r-xp 00000000 08:01 270196                     /usr/lib/x86_64-linux-gnu/libgdk-x11-2.0.so.0.2400.20
7f30305ca000-7f30307c9000 ---p 000ad000 08:01 270196                     /usr/lib/x86_64-linux-gnu/libgdk-x11-2.0.so.0.2400.20
7f30307c9000-7f30307cd000 r--p 000ac000 08:01 270196                     /usr/lib/x86_64-linux-gnu/libgdk-x11-2.0.so.0.2400.20
7f30307cd000-7f30307cf000 rw-p 000b0000 08:01 270196                     /usr/lib/x86_64-linux-gnu/libgdk-x11-2.0.so.0.2400.20
7f30307cf000-7f3030bfe000 r-xp 00000000 08:01 270356                     /usr/lib/x86_64-linux-gnu/libgtk-x11-2.0.so.0.2400.20
7f3030bfe000-7f3030dfd000 ---p 0042f000 08:01 270356                     /usr/lib/x86_64-linux-gnu/libgtk-x11-2.0.so.0.2400.20
7f3030dfd000-7f3030e04000 r--p 0042e000 08:01 270356                     /usr/lib/x86_64-linux-gnu/libgtk-x11-2.0.so.0.2400.20
7f3030e04000-7f3030e08000 rw-p 00435000 08:01 270356                     /usr/lib/x86_64-linux-gnu/libgtk-x11-2.0.so.0.2400.20
7f3030e08000-7f3030e0b000 rw-p 00000000 00:00 0 
7f3030e0b000-7f3030e17000 r-xp 00000000 08:03 107611340                  /home/calcul/Téléchargements/jdk1.8.0_40/jre/lib/amd64/libprism_es2.so
7f3030e17000-7f3031016000 ---p 0000c000 08:03 107611340                  /home/calcul/Téléchargements/jdk1.8.0_40/jre/lib/amd64/libprism_es2.so
7f3031016000-7f3031017000 r--p 0000b000 08:03 107611340                  /home/calcul/Téléchargements/jdk1.8.0_40/jre/lib/amd64/libprism_es2.so
7f3031017000-7f3031018000 rw-p 0000c000 08:03 107611340                  /home/calcul/Téléchargements/jdk1.8.0_40/jre/lib/amd64/libprism_es2.so
7f3031018000-7f303101b000 ---p 00000000 00:00 0 
7f303101b000-7f3031119000 rw-p 00000000 00:00 0                          [stack:17635]
7f3031119000-7f30311ae000 r--s 010fa000 08:03 107611382                  /home/calcul/Téléchargements/jdk1.8.0_40/jre/lib/ext/jfxrt.jar
7f30311ae000-7f3031280000 r--s 01062000 08:03 113246724                  /home/calcul/NetBeansProjects/VoxeLidarGUIFX/target/VoxeLidarGUIFX-1.0.jar
7f3031280000-7f3031281000 ---p 00000000 00:00 0 
7f3031281000-7f3031381000 rw-p 00000000 00:00 0                          [stack:17634]
7f3031381000-7f3031384000 ---p 00000000 00:00 0 
7f3031384000-7f3031482000 rw-p 00000000 00:00 0                          [stack:17633]
7f3031482000-7f3031485000 ---p 00000000 00:00 0 
7f3031485000-7f3031583000 rw-p 00000000 00:00 0                          [stack:17632]
7f3031583000-7f3031586000 ---p 00000000 00:00 0 
7f3031586000-7f3031684000 rw-p 00000000 00:00 0                          [stack:17631]
7f3031684000-7f3031687000 ---p 00000000 00:00 0 
7f3031687000-7f3031785000 rw-p 00000000 00:00 0                          [stack:17630]
7f3031785000-7f3031788000 ---p 00000000 00:00 0 
7f3031788000-7f3031886000 rw-p 00000000 00:00 0                          [stack:17629]
7f3031886000-7f3031889000 ---p 00000000 00:00 0 
7f3031889000-7f3031987000 rw-p 00000000 00:00 0                          [stack:17626]
7f3031987000-7f303198a000 ---p 00000000 00:00 0 
7f303198a000-7f3031a88000 rw-p 00000000 00:00 0                          [stack:17625]
7f3031a88000-7f3031a8b000 ---p 00000000 00:00 0 
7f3031a8b000-7f3031b89000 rw-p 00000000 00:00 0                          [stack:17623]
7f3031b89000-7f3031b8d000 r-xp 00000000 08:03 107611290                  /home/calcul/Téléchargements/jdk1.8.0_40/jre/lib/amd64/libdt_socket.so
7f3031b8d000-7f3031d8c000 ---p 00004000 08:03 107611290                  /home/calcul/Téléchargements/jdk1.8.0_40/jre/lib/amd64/libdt_socket.so
7f3031d8c000-7f3031d8d000 rw-p 00003000 08:03 107611290                  /home/calcul/Téléchargements/jdk1.8.0_40/jre/lib/amd64/libdt_socket.so
7f3031d8d000-7f3031d90000 ---p 00000000 00:00 0 
7f3031d90000-7f3031e8e000 rw-p 00000000 00:00 0                          [stack:17622]
7f3031e8e000-7f3031e91000 ---p 00000000 00:00 0 
7f3031e91000-7f3031f8f000 rw-p 00000000 00:00 0                          [stack:17621]
7f3031f8f000-7f3031f92000 ---p 00000000 00:00 0 
7f3031f92000-7f3034000000 rw-p 00000000 00:00 0                          [stack:17620]
7f3034000000-7f3034021000 rw-p 00000000 00:00 0 
7f3034021000-7f3038000000 ---p 00000000 00:00 0 
7f3038000000-7f3038021000 rw-p 00000000 00:00 0 
7f3038021000-7f303c000000 ---p 00000000 00:00 0 
7f303c000000-7f303c021000 rw-p 00000000 00:00 0 
7f303c021000-7f3040000000 ---p 00000000 00:00 0 
7f3040000000-7f3040021000 rw-p 00000000 00:00 0 
7f3040021000-7f3044000000 ---p 00000000 00:00 0 
7f3044000000-7f3044006000 r--s 00000000 08:01 527936                     /var/cache/fontconfig/b47c4e1ecd0709278f4910c18777a504-le64.cache-4
7f3044006000-7f304400d000 r--p 00000000 08:03 68423701                   /home/calcul/.config/dconf/user
7f304400d000-7f3044064000 r--p 00000000 08:01 1325739                    /usr/share/glib-2.0/schemas/gschemas.compiled
7f3044064000-7f304407e000 r--p 00000000 08:01 2103031                    /usr/share/locale-langpack/fr/LC_MESSAGES/glib20.mo
7f304407e000-7f304407f000 ---p 00000000 00:00 0 
7f304407f000-7f3045c49000 rw-p 00000000 00:00 0                          [stack:17619]
7f3045c49000-7f304708f000 ---p 00000000 00:00 0 
7f304708f000-7f304713f000 rw-p 00000000 00:00 0 
7f304713f000-7f3048584000 ---p 00000000 00:00 0 
7f3048584000-7f30486c3000 rw-p 00000000 00:00 0 
7f30486c3000-7f3048fff000 ---p 00000000 00:00 0 
7f3048fff000-7f3049000000 rw-p 00000000 00:00 0 
7f3049000000-7f3049ab0000 rwxp 00000000 00:00 0 
7f3049ab0000-7f3058000000 ---p 00000000 00:00 0 
7f3058000000-7f30585a1000 rw-p 00000000 00:00 0 
7f30585a1000-7f305c000000 ---p 00000000 00:00 0 
7f305c000000-7f305c001000 r--s 00000000 08:01 527945                     /var/cache/fontconfig/dc05db6664285cc2f12bf69c139ae4c3-le64.cache-4
7f305c001000-7f305c002000 r--s 00000000 08:01 526242                     /var/cache/fontconfig/4794a0821666d79190d59a36cb4f44b5-le64.cache-4
7f305c002000-7f305c006000 r--s 00000000 08:01 524432                     /var/cache/fontconfig/7ef2298fde41cc6eeb7af42e48b7d293-le64.cache-4
7f305c006000-7f305c031000 r--p 00000000 08:01 2103067                    /usr/share/locale-langpack/fr/LC_MESSAGES/gtk20-properties.mo
7f305c031000-7f305c057000 r--p 00000000 08:01 2102789                    /usr/share/locale-langpack/fr/LC_MESSAGES/libc.mo
7f305c057000-7f305c1a7000 rw-p 00000000 00:00 0 
7f305c1a7000-7f305c37f000 r--s 03d09000 08:03 107611368                  /home/calcul/Téléchargements/jdk1.8.0_40/jre/lib/rt.jar
7f305c37f000-7f305ccba000 rw-p 00000000 00:00 0 
7f305ccba000-7f305ccbb000 ---p 00000000 00:00 0 
7f305ccbb000-7f305cdbb000 rw-p 00000000 00:00 0                          [stack:17618]
7f305cdbb000-7f305cdbc000 ---p 00000000 00:00 0 
7f305cdbc000-7f305cebc000 rw-p 00000000 00:00 0                          [stack:17617]
7f305cebc000-7f305cebd000 ---p 00000000 00:00 0 
7f305cebd000-7f305cfbd000 rw-p 00000000 00:00 0                          [stack:17616]
7f305cfbd000-7f305cfbe000 ---p 00000000 00:00 0 
7f305cfbe000-7f305d0be000 rw-p 00000000 00:00 0                          [stack:17615]
7f305d0be000-7f305d0bf000 ---p 00000000 00:00 0 
7f305d0bf000-7f305d1bf000 rw-p 00000000 00:00 0                          [stack:17614]
7f305d1bf000-7f305d1c0000 ---p 00000000 00:00 0 
7f305d1c0000-7f305d2c0000 rw-p 00000000 00:00 0                          [stack:17613]
7f305d2c0000-7f305d2c1000 ---p 00000000 00:00 0 
7f305d2c1000-7f305d3c1000 rw-p 00000000 00:00 0                          [stack:17612]
7f305d3c1000-7f305d3c2000 ---p 00000000 00:00 0 
7f305d3c2000-7f305d4ed000 rw-p 00000000 00:00 0                          [stack:17611]
7f305d4ed000-7f305d882000 ---p 00000000 00:00 0 
7f305d882000-7f305d89c000 r-xp 00000000 08:03 107611318                  /home/calcul/Téléchargements/jdk1.8.0_40/jre/lib/amd64/libzip.so
7f305d89c000-7f305da9c000 ---p 0001a000 08:03 107611318                  /home/calcul/Téléchargements/jdk1.8.0_40/jre/lib/amd64/libzip.so
7f305da9c000-7f305da9d000 rw-p 0001a000 08:03 107611318                  /home/calcul/Téléchargements/jdk1.8.0_40/jre/lib/amd64/libzip.so
7f305da9d000-7f305daa9000 r-xp 00000000 08:01 2363258                    /lib/x86_64-linux-gnu/libnss_files-2.17.so
7f305daa9000-7f305dca8000 ---p 0000c000 08:01 2363258                    /lib/x86_64-linux-gnu/libnss_files-2.17.so
7f305dca8000-7f305dca9000 r--p 0000b000 08:01 2363258                    /lib/x86_64-linux-gnu/libnss_files-2.17.so
7f305dca9000-7f305dcaa000 rw-p 0000c000 08:01 2363258                    /lib/x86_64-linux-gnu/libnss_files-2.17.so
7f305dcaa000-7f305dcb5000 r-xp 00000000 08:01 2363262                    /lib/x86_64-linux-gnu/libnss_nis-2.17.so
7f305dcb5000-7f305deb4000 ---p 0000b000 08:01 2363262                    /lib/x86_64-linux-gnu/libnss_nis-2.17.so
7f305deb4000-7f305deb5000 r--p 0000a000 08:01 2363262                    /lib/x86_64-linux-gnu/libnss_nis-2.17.so
7f305deb5000-7f305deb6000 rw-p 0000b000 08:01 2363262                    /lib/x86_64-linux-gnu/libnss_nis-2.17.so
7f305deb6000-7f305decd000 r-xp 00000000 08:01 2363252                    /lib/x86_64-linux-gnu/libnsl-2.17.so
7f305decd000-7f305e0cc000 ---p 00017000 08:01 2363252                    /lib/x86_64-linux-gnu/libnsl-2.17.so
7f305e0cc000-7f305e0cd000 r--p 00016000 08:01 2363252                    /lib/x86_64-linux-gnu/libnsl-2.17.so
7f305e0cd000-7f305e0ce000 rw-p 00017000 08:01 2363252                    /lib/x86_64-linux-gnu/libnsl-2.17.so
7f305e0ce000-7f305e0d0000 rw-p 00000000 00:00 0 
7f305e0d0000-7f305e0d8000 r-xp 00000000 08:01 2363254                    /lib/x86_64-linux-gnu/libnss_compat-2.17.so
7f305e0d8000-7f305e2d7000 ---p 00008000 08:01 2363254                    /lib/x86_64-linux-gnu/libnss_compat-2.17.so
7f305e2d7000-7f305e2d8000 r--p 00007000 08:01 2363254                    /lib/x86_64-linux-gnu/libnss_compat-2.17.so
7f305e2d8000-7f305e2d9000 rw-p 00008000 08:01 2363254                    /lib/x86_64-linux-gnu/libnss_compat-2.17.so
7f305e2d9000-7f305e9c0000 r--p 00000000 08:01 268937                     /usr/lib/locale/locale-archive
7f305e9c0000-7f305e9c2000 r-xp 00000000 08:03 107611300                  /home/calcul/Téléchargements/jdk1.8.0_40/jre/lib/amd64/libnpt.so
7f305e9c2000-7f305ebc2000 ---p 00002000 08:03 107611300                  /home/calcul/Téléchargements/jdk1.8.0_40/jre/lib/amd64/libnpt.so
7f305ebc2000-7f305ebc3000 rw-p 00002000 08:03 107611300                  /home/calcul/Téléchargements/jdk1.8.0_40/jre/lib/amd64/libnpt.so
7f305ebc3000-7f305ebfc000 r-xp 00000000 08:03 107611307                  /home/calcul/Téléchargements/jdk1.8.0_40/jre/lib/amd64/libjdwp.so
7f305ebfc000-7f305edfb000 ---p 00039000 08:03 107611307                  /home/calcul/Téléchargements/jdk1.8.0_40/jre/lib/amd64/libjdwp.so
7f305edfb000-7f305edfd000 rw-p 00038000 08:03 107611307                  /home/calcul/Téléchargements/jdk1.8.0_40/jre/lib/amd64/libjdwp.so
7f305edfd000-7f305ee27000 r-xp 00000000 08:03 107611296                  /home/calcul/Téléchargements/jdk1.8.0_40/jre/lib/amd64/libjava.so
7f305ee27000-7f305f027000 ---p 0002a000 08:03 107611296                  /home/calcul/Téléchargements/jdk1.8.0_40/jre/lib/amd64/libjava.so
7f305f027000-7f305f029000 rw-p 0002a000 08:03 107611296                  /home/calcul/Téléchargements/jdk1.8.0_40/jre/lib/amd64/libjava.so
7f305f029000-7f305f036000 r-xp 00000000 08:03 107611312                  /home/calcul/Téléchargements/jdk1.8.0_40/jre/lib/amd64/libverify.so
7f305f036000-7f305f236000 ---p 0000d000 08:03 107611312                  /home/calcul/Téléchargements/jdk1.8.0_40/jre/lib/amd64/libverify.so
7f305f236000-7f305f238000 rw-p 0000d000 08:03 107611312                  /home/calcul/Téléchargements/jdk1.8.0_40/jre/lib/amd64/libverify.so
7f305f238000-7f305f23f000 r-xp 00000000 08:01 2363305                    /lib/x86_64-linux-gnu/librt-2.17.so
7f305f23f000-7f305f43e000 ---p 00007000 08:01 2363305                    /lib/x86_64-linux-gnu/librt-2.17.so
7f305f43e000-7f305f43f000 r--p 00006000 08:01 2363305                    /lib/x86_64-linux-gnu/librt-2.17.so
7f305f43f000-7f305f440000 rw-p 00007000 08:01 2363305                    /lib/x86_64-linux-gnu/librt-2.17.so
7f305f440000-7f305f543000 r-xp 00000000 08:01 2363233                    /lib/x86_64-linux-gnu/libm-2.17.so
7f305f543000-7f305f742000 ---p 00103000 08:01 2363233                    /lib/x86_64-linux-gnu/libm-2.17.so
7f305f742000-7f305f743000 r--p 00102000 08:01 2363233                    /lib/x86_64-linux-gnu/libm-2.17.so
7f305f743000-7f305f744000 rw-p 00103000 08:01 2363233                    /lib/x86_64-linux-gnu/libm-2.17.so
7f305f744000-7f30603f2000 r-xp 00000000 08:03 107611334                  /home/calcul/Téléchargements/jdk1.8.0_40/jre/lib/amd64/server/libjvm.so
7f30603f2000-7f30605f1000 ---p 00cae000 08:03 107611334                  /home/calcul/Téléchargements/jdk1.8.0_40/jre/lib/amd64/server/libjvm.so
7f30605f1000-7f30606c8000 rw-p 00cad000 08:03 107611334                  /home/calcul/Téléchargements/jdk1.8.0_40/jre/lib/amd64/server/libjvm.so
7f30606c8000-7f306070c000 rw-p 00000000 00:00 0 
7f306070c000-7f30608c9000 r-xp 00000000 08:01 2363182                    /lib/x86_64-linux-gnu/libc-2.17.so
7f30608c9000-7f3060ac9000 ---p 001bd000 08:01 2363182                    /lib/x86_64-linux-gnu/libc-2.17.so
7f3060ac9000-7f3060acd000 r--p 001bd000 08:01 2363182                    /lib/x86_64-linux-gnu/libc-2.17.so
7f3060acd000-7f3060acf000 rw-p 001c1000 08:01 2363182                    /lib/x86_64-linux-gnu/libc-2.17.so
7f3060acf000-7f3060ad4000 rw-p 00000000 00:00 0 
7f3060ad4000-7f3060ad7000 r-xp 00000000 08:01 2363197                    /lib/x86_64-linux-gnu/libdl-2.17.so
7f3060ad7000-7f3060cd6000 ---p 00003000 08:01 2363197                    /lib/x86_64-linux-gnu/libdl-2.17.so
7f3060cd6000-7f3060cd7000 r--p 00002000 08:01 2363197                    /lib/x86_64-linux-gnu/libdl-2.17.so
7f3060cd7000-7f3060cd8000 rw-p 00003000 08:01 2363197                    /lib/x86_64-linux-gnu/libdl-2.17.so
7f3060cd8000-7f3060ced000 r-xp 00000000 08:03 107611306                  /home/calcul/Téléchargements/jdk1.8.0_40/jre/lib/amd64/jli/libjli.so
7f3060ced000-7f3060eed000 ---p 00015000 08:03 107611306                  /home/calcul/Téléchargements/jdk1.8.0_40/jre/lib/amd64/jli/libjli.so
7f3060eed000-7f3060eee000 rw-p 00015000 08:03 107611306                  /home/calcul/Téléchargements/jdk1.8.0_40/jre/lib/amd64/jli/libjli.so
7f3060eee000-7f3060f05000 r-xp 00000000 08:01 2363297                    /lib/x86_64-linux-gnu/libpthread-2.17.so
7f3060f05000-7f3061105000 ---p 00017000 08:01 2363297                    /lib/x86_64-linux-gnu/libpthread-2.17.so
7f3061105000-7f3061106000 r--p 00017000 08:01 2363297                    /lib/x86_64-linux-gnu/libpthread-2.17.so
7f3061106000-7f3061107000 rw-p 00018000 08:01 2363297                    /lib/x86_64-linux-gnu/libpthread-2.17.so
7f3061107000-7f306110b000 rw-p 00000000 00:00 0 
7f306110b000-7f306112e000 r-xp 00000000 08:01 2363158                    /lib/x86_64-linux-gnu/ld-2.17.so
7f306112e000-7f306112f000 r--s 00000000 08:01 527923                     /var/cache/fontconfig/56cf4f4769d0f4abc89a4895d7bd3ae1-le64.cache-4
7f306112f000-7f3061130000 r--s 00000000 08:01 527937                     /var/cache/fontconfig/b9d506c9ac06c20b433354fa67a72993-le64.cache-4
7f3061130000-7f3061131000 r--s 00000000 08:01 527913                     /var/cache/fontconfig/0c9eb80ebd1c36541ebe2852d3bb0c49-le64.cache-4
7f3061131000-7f3061132000 r--s 00000000 08:01 524347                     /var/cache/fontconfig/e0aa53bcfa504e64f87823c16bc01eb6-le64.cache-4
7f3061132000-7f3061133000 rw-s 14e02d000 00:05 11592                     /dev/dri/card0
7f3061133000-7f3061134000 r--s 00000000 00:14 305712                     /run/user/1000/dconf/user
7f3061134000-7f3061205000 rw-p 00000000 00:00 0 
7f3061205000-7f3061208000 ---p 00000000 00:00 0 
7f3061208000-7f306130a000 rw-p 00000000 00:00 0                          [stack:17610]
7f306130a000-7f3061319000 r--p 00000000 08:01 2103070                    /usr/share/locale-langpack/fr/LC_MESSAGES/gtk20.mo
7f3061319000-7f3061320000 r--s 00000000 08:01 656385                     /usr/lib/x86_64-linux-gnu/gconv/gconv-modules.cache
7f3061320000-7f3061321000 rw-s 14d6e2000 00:05 11592                     /dev/dri/card0
7f3061321000-7f3061329000 rw-s 00000000 08:01 273770                     /tmp/hsperfdata_calcul/17606
7f3061329000-7f306132a000 rw-p 00000000 00:00 0 
7f306132a000-7f306132b000 ---p 00000000 00:00 0 
7f306132b000-7f306132d000 rw-p 00000000 00:00 0 
7f306132d000-7f306132e000 r--p 00022000 08:01 2363158                    /lib/x86_64-linux-gnu/ld-2.17.so
7f306132e000-7f3061330000 rw-p 00023000 08:01 2363158                    /lib/x86_64-linux-gnu/ld-2.17.so
7fffb1c58000-7fffb1c79000 rw-p 00000000 00:00 0                          [stack]
7fffb1d46000-7fffb1d48000 r-xp 00000000 00:00 0                          [vdso]
ffffffffff600000-ffffffffff601000 r-xp 00000000 00:00 0                  [vsyscall]

VM Arguments:
jvm_args: -Xdebug -Xrunjdwp:transport=dt_socket,server=n,address=48053 
java_command: /home/calcul/NetBeansProjects/VoxeLidarGUIFX/target/VoxeLidarGUIFX-1.0.jar
java_class_path (initial): /home/calcul/NetBeansProjects/VoxeLidarGUIFX/target/VoxeLidarGUIFX-1.0.jar
Launcher Type: SUN_STANDARD

Environment Variables:
JAVA_HOME=/home/calcul/Téléchargements/jdk1.8.0_40
PATH=JAVA_HOME/bin:/usr/lib/lightdm/lightdm:/usr/local/sbin:/usr/local/bin:/usr/sbin:/usr/bin:/sbin:/bin:/usr/games:/usr/local/games
LD_LIBRARY_PATH=/usr/lib/jvm/java-7-openjdk-amd64/jre/lib/amd64:/usr/lib/jvm/java-7-openjdk-amd64/jre/lib/i386:
SHELL=/bin/bash
DISPLAY=:0.0

Signal Handlers:
SIGSEGV: [libjvm.so+0xaad2e0], sa_mask[0]=11111111011111111101111111111110, sa_flags=SA_RESTART|SA_SIGINFO
SIGBUS: [libjvm.so+0xaad2e0], sa_mask[0]=11111111011111111101111111111110, sa_flags=SA_RESTART|SA_SIGINFO
SIGFPE: [libjvm.so+0x90b550], sa_mask[0]=11111111011111111101111111111110, sa_flags=SA_RESTART|SA_SIGINFO
SIGPIPE: SIG_IGN, sa_mask[0]=00000000000010000000000000000000, sa_flags=SA_RESTART
SIGXFSZ: [libjvm.so+0x90b550], sa_mask[0]=11111111011111111101111111111110, sa_flags=SA_RESTART|SA_SIGINFO
SIGILL: [libjvm.so+0x90b550], sa_mask[0]=11111111011111111101111111111110, sa_flags=SA_RESTART|SA_SIGINFO
SIGUSR1: SIG_DFL, sa_mask[0]=00000000000000000000000000000000, sa_flags=none
SIGUSR2: [libjvm.so+0x90cb90], sa_mask[0]=00100000000000000000000000000000, sa_flags=SA_RESTART|SA_SIGINFO
SIGHUP: [libjvm.so+0x90dee0], sa_mask[0]=11111111011111111101111111111110, sa_flags=SA_RESTART|SA_SIGINFO
SIGINT: SIG_IGN, sa_mask[0]=00000000000000000000000000000000, sa_flags=none
SIGTERM: [libjvm.so+0x90dee0], sa_mask[0]=11111111011111111101111111111110, sa_flags=SA_RESTART|SA_SIGINFO
SIGQUIT: [libjvm.so+0x90dee0], sa_mask[0]=11111111011111111101111111111110, sa_flags=SA_RESTART|SA_SIGINFO


---------------  S Y S T E M  ---------------

OS:DISTRIB_ID=Ubuntu
DISTRIB_RELEASE=13.10
DISTRIB_CODENAME=saucy
DISTRIB_DESCRIPTION="Ubuntu 13.10"

uname:Linux 3.11.0-26-generic #45-Ubuntu SMP Tue Jul 15 04:02:06 UTC 2014 x86_64
libc:glibc 2.17 NPTL 2.17 
rlimit: STACK 8192k, CORE 0k, NPROC 514862, NOFILE 4096, AS infinity
load average:1,02 0,71 0,72

/proc/meminfo:
MemTotal:       65922644 kB
MemFree:        56023428 kB
Buffers:          304744 kB
Cached:          3563524 kB
SwapCached:            0 kB
Active:          6969804 kB
Inactive:        2075192 kB
Active(anon):    5178084 kB
Inactive(anon):    49784 kB
Active(file):    1791720 kB
Inactive(file):  2025408 kB
Unevictable:         592 kB
Mlocked:             592 kB
SwapTotal:      31250428 kB
SwapFree:       31250428 kB
Dirty:             38584 kB
Writeback:             0 kB
AnonPages:       5177456 kB
Mapped:           380576 kB
Shmem:             51148 kB
Slab:             313692 kB
SReclaimable:     245752 kB
SUnreclaim:        67940 kB
KernelStack:        8408 kB
PageTables:        69192 kB
NFS_Unstable:          0 kB
Bounce:                0 kB
WritebackTmp:          0 kB
CommitLimit:    64211748 kB
Committed_AS:   14493004 kB
VmallocTotal:   34359738367 kB
VmallocUsed:      445508 kB
VmallocChunk:   34325156504 kB
HardwareCorrupted:     0 kB
AnonHugePages:         0 kB
HugePages_Total:       0
HugePages_Free:        0
HugePages_Rsvd:        0
HugePages_Surp:        0
Hugepagesize:       2048 kB
DirectMap4k:       90740 kB
DirectMap2M:     5095424 kB
DirectMap1G:    61865984 kB


CPU:total 8 (4 cores per cpu, 1 threads per core) family 6 model 62 stepping 4, cmov, cx8, fxsr, mmx, sse, sse2, sse3, ssse3, sse4.1, sse4.2, popcnt, avx, aes, clmul, erms, tsc, tscinvbit

/proc/cpuinfo:
processor	: 0
vendor_id	: GenuineIntel
cpu family	: 6
model		: 62
model name	: Intel(R) Xeon(R) CPU E5-2609 v2 @ 2.50GHz
stepping	: 4
microcode	: 0x416
cpu MHz		: 2500.000
cache size	: 10240 KB
physical id	: 0
siblings	: 4
core id		: 0
cpu cores	: 4
apicid		: 0
initial apicid	: 0
fpu		: yes
fpu_exception	: yes
cpuid level	: 13
wp		: yes
flags		: fpu vme de pse tsc msr pae mce cx8 apic sep mtrr pge mca cmov pat pse36 clflush dts acpi mmx fxsr sse sse2 ss ht tm pbe syscall nx pdpe1gb rdtscp lm constant_tsc arch_perfmon pebs bts rep_good nopl xtopology nonstop_tsc aperfmperf eagerfpu pni pclmulqdq dtes64 monitor ds_cpl vmx smx est tm2 ssse3 cx16 xtpr pdcm pcid dca sse4_1 sse4_2 x2apic popcnt tsc_deadline_timer aes xsave avx f16c rdrand lahf_lm arat epb xsaveopt pln pts dtherm tpr_shadow vnmi flexpriority ept vpid fsgsbase smep erms
bogomips	: 4987.63
clflush size	: 64
cache_alignment	: 64
address sizes	: 46 bits physical, 48 bits virtual
power management:

processor	: 1
vendor_id	: GenuineIntel
cpu family	: 6
model		: 62
model name	: Intel(R) Xeon(R) CPU E5-2609 v2 @ 2.50GHz
stepping	: 4
microcode	: 0x416
cpu MHz		: 1200.000
cache size	: 10240 KB
physical id	: 0
siblings	: 4
core id		: 1
cpu cores	: 4
apicid		: 2
initial apicid	: 2
fpu		: yes
fpu_exception	: yes
cpuid level	: 13
wp		: yes
flags		: fpu vme de pse tsc msr pae mce cx8 apic sep mtrr pge mca cmov pat pse36 clflush dts acpi mmx fxsr sse sse2 ss ht tm pbe syscall nx pdpe1gb rdtscp lm constant_tsc arch_perfmon pebs bts rep_good nopl xtopology nonstop_tsc aperfmperf eagerfpu pni pclmulqdq dtes64 monitor ds_cpl vmx smx est tm2 ssse3 cx16 xtpr pdcm pcid dca sse4_1 sse4_2 x2apic popcnt tsc_deadline_timer aes xsave avx f16c rdrand lahf_lm arat epb xsaveopt pln pts dtherm tpr_shadow vnmi flexpriority ept vpid fsgsbase smep erms
bogomips	: 4987.63
clflush size	: 64
cache_alignment	: 64
address sizes	: 46 bits physical, 48 bits virtual
power management:

processor	: 2
vendor_id	: GenuineIntel
cpu family	: 6
model		: 62
model name	: Intel(R) Xeon(R) CPU E5-2609 v2 @ 2.50GHz
stepping	: 4
microcode	: 0x416
cpu MHz		: 2500.000
cache size	: 10240 KB
physical id	: 0
siblings	: 4
core id		: 2
cpu cores	: 4
apicid		: 4
initial apicid	: 4
fpu		: yes
fpu_exception	: yes
cpuid level	: 13
wp		: yes
flags		: fpu vme de pse tsc msr pae mce cx8 apic sep mtrr pge mca cmov pat pse36 clflush dts acpi mmx fxsr sse sse2 ss ht tm pbe syscall nx pdpe1gb rdtscp lm constant_tsc arch_perfmon pebs bts rep_good nopl xtopology nonstop_tsc aperfmperf eagerfpu pni pclmulqdq dtes64 monitor ds_cpl vmx smx est tm2 ssse3 cx16 xtpr pdcm pcid dca sse4_1 sse4_2 x2apic popcnt tsc_deadline_timer aes xsave avx f16c rdrand lahf_lm arat epb xsaveopt pln pts dtherm tpr_shadow vnmi flexpriority ept vpid fsgsbase smep erms
bogomips	: 4987.63
clflush size	: 64
cache_alignment	: 64
address sizes	: 46 bits physical, 48 bits virtual
power management:

processor	: 3
vendor_id	: GenuineIntel
cpu family	: 6
model		: 62
model name	: Intel(R) Xeon(R) CPU E5-2609 v2 @ 2.50GHz
stepping	: 4
microcode	: 0x416
cpu MHz		: 1200.000
cache size	: 10240 KB
physical id	: 0
siblings	: 4
core id		: 3
cpu cores	: 4
apicid		: 6
initial apicid	: 6
fpu		: yes
fpu_exception	: yes
cpuid level	: 13
wp		: yes
flags		: fpu vme de pse tsc msr pae mce cx8 apic sep mtrr pge mca cmov pat pse36 clflush dts acpi mmx fxsr sse sse2 ss ht tm pbe syscall nx pdpe1gb rdtscp lm constant_tsc arch_perfmon pebs bts rep_good nopl xtopology nonstop_tsc aperfmperf eagerfpu pni pclmulqdq dtes64 monitor ds_cpl vmx smx est tm2 ssse3 cx16 xtpr pdcm pcid dca sse4_1 sse4_2 x2apic popcnt tsc_deadline_timer aes xsave avx f16c rdrand lahf_lm arat epb xsaveopt pln pts dtherm tpr_shadow vnmi flexpriority ept vpid fsgsbase smep erms
bogomips	: 4987.63
clflush size	: 64
cache_alignment	: 64
address sizes	: 46 bits physical, 48 bits virtual
power management:

processor	: 4
vendor_id	: GenuineIntel
cpu family	: 6
model		: 62
model name	: Intel(R) Xeon(R) CPU E5-2609 v2 @ 2.50GHz
stepping	: 4
microcode	: 0x416
cpu MHz		: 2500.000
cache size	: 10240 KB
physical id	: 1
siblings	: 4
core id		: 0
cpu cores	: 4
apicid		: 32
initial apicid	: 32
fpu		: yes
fpu_exception	: yes
cpuid level	: 13
wp		: yes
flags		: fpu vme de pse tsc msr pae mce cx8 apic sep mtrr pge mca cmov pat pse36 clflush dts acpi mmx fxsr sse sse2 ss ht tm pbe syscall nx pdpe1gb rdtscp lm constant_tsc arch_perfmon pebs bts rep_good nopl xtopology nonstop_tsc aperfmperf eagerfpu pni pclmulqdq dtes64 monitor ds_cpl vmx smx est tm2 ssse3 cx16 xtpr pdcm pcid dca sse4_1 sse4_2 x2apic popcnt tsc_deadline_timer aes xsave avx f16c rdrand lahf_lm arat epb xsaveopt pln pts dtherm tpr_shadow vnmi flexpriority ept vpid fsgsbase smep erms
bogomips	: 4989.29
clflush size	: 64
cache_alignment	: 64
address sizes	: 46 bits physical, 48 bits virtual
power management:

processor	: 5
vendor_id	: GenuineIntel
cpu family	: 6
model		: 62
model name	: Intel(R) Xeon(R) CPU E5-2609 v2 @ 2.50GHz
stepping	: 4
microcode	: 0x416
cpu MHz		: 1200.000
cache size	: 10240 KB
physical id	: 1
siblings	: 4
core id		: 1
cpu cores	: 4
apicid		: 34
initial apicid	: 34
fpu		: yes
fpu_exception	: yes
cpuid level	: 13
wp		: yes
flags		: fpu vme de pse tsc msr pae mce cx8 apic sep mtrr pge mca cmov pat pse36 clflush dts acpi mmx fxsr sse sse2 ss ht tm pbe syscall nx pdpe1gb rdtscp lm constant_tsc arch_perfmon pebs bts rep_good nopl xtopology nonstop_tsc aperfmperf eagerfpu pni pclmulqdq dtes64 monitor ds_cpl vmx smx est tm2 ssse3 cx16 xtpr pdcm pcid dca sse4_1 sse4_2 x2apic popcnt tsc_deadline_timer aes xsave avx f16c rdrand lahf_lm arat epb xsaveopt pln pts dtherm tpr_shadow vnmi flexpriority ept vpid fsgsbase smep erms
bogomips	: 4989.29
clflush size	: 64
cache_alignment	: 64
address sizes	: 46 bits physical, 48 bits virtual
power management:

processor	: 6
vendor_id	: GenuineIntel
cpu family	: 6
model		: 62
model name	: Intel(R) Xeon(R) CPU E5-2609 v2 @ 2.50GHz
stepping	: 4
microcode	: 0x416
cpu MHz		: 1400.000
cache size	: 10240 KB
physical id	: 1
siblings	: 4
core id		: 2
cpu cores	: 4
apicid		: 36
initial apicid	: 36
fpu		: yes
fpu_exception	: yes
cpuid level	: 13
wp		: yes
flags		: fpu vme de pse tsc msr pae mce cx8 apic sep mtrr pge mca cmov pat pse36 clflush dts acpi mmx fxsr sse sse2 ss ht tm pbe syscall nx pdpe1gb rdtscp lm constant_tsc arch_perfmon pebs bts rep_good nopl xtopology nonstop_tsc aperfmperf eagerfpu pni pclmulqdq dtes64 monitor ds_cpl vmx smx est tm2 ssse3 cx16 xtpr pdcm pcid dca sse4_1 sse4_2 x2apic popcnt tsc_deadline_timer aes xsave avx f16c rdrand lahf_lm arat epb xsaveopt pln pts dtherm tpr_shadow vnmi flexpriority ept vpid fsgsbase smep erms
bogomips	: 4989.29
clflush size	: 64
cache_alignment	: 64
address sizes	: 46 bits physical, 48 bits virtual
power management:

processor	: 7
vendor_id	: GenuineIntel
cpu family	: 6
model		: 62
model name	: Intel(R) Xeon(R) CPU E5-2609 v2 @ 2.50GHz
stepping	: 4
microcode	: 0x416
cpu MHz		: 2500.000
cache size	: 10240 KB
physical id	: 1
siblings	: 4
core id		: 3
cpu cores	: 4
apicid		: 38
initial apicid	: 38
fpu		: yes
fpu_exception	: yes
cpuid level	: 13
wp		: yes
flags		: fpu vme de pse tsc msr pae mce cx8 apic sep mtrr pge mca cmov pat pse36 clflush dts acpi mmx fxsr sse sse2 ss ht tm pbe syscall nx pdpe1gb rdtscp lm constant_tsc arch_perfmon pebs bts rep_good nopl xtopology nonstop_tsc aperfmperf eagerfpu pni pclmulqdq dtes64 monitor ds_cpl vmx smx est tm2 ssse3 cx16 xtpr pdcm pcid dca sse4_1 sse4_2 x2apic popcnt tsc_deadline_timer aes xsave avx f16c rdrand lahf_lm arat epb xsaveopt pln pts dtherm tpr_shadow vnmi flexpriority ept vpid fsgsbase smep erms
bogomips	: 4989.29
clflush size	: 64
cache_alignment	: 64
address sizes	: 46 bits physical, 48 bits virtual
power management:



Memory: 4k page, physical 65922644k(56023428k free), swap 31250428k(31250428k free)

vm_info: Java HotSpot(TM) 64-Bit Server VM (25.40-b25) for linux-amd64 JRE (1.8.0_40-b26), built on Mar  7 2015 15:08:31 by "java_re" with gcc 4.3.0 20080428 (Red Hat 4.3.0-8)

time: Fri Mar 27 11:49:32 2015
elapsed time: 24 seconds (0d 0h 0m 24s)

