#
# A fatal error has been detected by the Java Runtime Environment:
#
#  SIGSEGV (0xb) at pc=0x00007ff23f74d91c, pid=18771, tid=140623633229568
#
# JRE version: Java(TM) SE Runtime Environment (8.0_40-b26) (build 1.8.0_40-b26)
# Java VM: Java HotSpot(TM) 64-Bit Server VM (25.40-b25 mixed mode linux-amd64 )
# Problematic frame:
# C  [libc.so.6+0x8391c]  cfree+0x1c
#
# Failed to write core dump. Core dumps have been disabled. To enable core dumping, try "ulimit -c unlimited" before starting Java again
#
# If you would like to submit a bug report, please visit:
#   http://bugreport.java.com/bugreport/crash.jsp
# The crash happened outside the Java Virtual Machine in native code.
# See problematic frame for where to report the bug.
#

---------------  T H R E A D  ---------------

Current thread (0x00007ff238444000):  JavaThread "JavaFX Application Thread" [_thread_in_native, id=18804, stack(0x00007fe57da4a000,0x00007fe57db4b000)]

siginfo: si_signo: 11 (SIGSEGV), si_code: 1 (SEGV_MAPERR), si_addr: 0xfffffffffffffff9

Registers:
RAX=0x0000000000000000, RBX=0x00007fe4b43c64b0, RCX=0x000000000001a140, RDX=0x00000000000b0006
RSP=0x00007fe57db47ea8, RBP=0x00007fe57db47f30, RSI=0x00007fe57d4a2eaf, RDI=0x0000000000000001
R8 =0x00007fe4b4381fce, R9 =0x00007fe57db4a700, R10=0x00007fe57db47c50, R11=0x00007fe58f3ba260
R12=0x00007fe57db48c80, R13=0x00007fe59e069678, R14=0x00007fe57db47fd8, R15=0x00007ff238444000
RIP=0x00007ff23f74d91c, EFLAGS=0x0000000000010202, CSGSFS=0x0000000000000033, ERR=0x0000000000000005
  TRAPNO=0x000000000000000e

Top of Stack: (sp=0x00007fe57db47ea8)
0x00007fe57db47ea8:   00007fe57d492a2b 00007fe57db47fc0
0x00007fe57db47eb8:   00007fe4b43919c0 00007fe57db47fd8
0x00007fe57db47ec8:   00007ff2384441f8 0000000100089678
0x00007fe57db47ed8:   000336d600000005 0000000200000685
0x00007fe57db47ee8:   00007fe4b43c64b0 00007fe4b43919c0
0x00007fe57db47ef8:   00007fe4b43919c0 00007fe4b43751f0
0x00007fe57db47f08:   00007fe57db47ed4 00007fe54653414c
0x00007fe57db47f18:   52d69d8f94172200 00007fe59e069678
0x00007fe57db47f28:   00007fe57db48c80 00007fe57db47fa0
0x00007fe57db47f38:   00007ff22901ce64 00007fe57db47fa0
0x00007fe57db47f48:   00007ff22901c919 00007ff238444000
0x00007fe57db47f58:   00007ff22901c8e2 00007fe57db47f60
0x00007fe57db47f68:   00007fe59e069678 00007fe57db47fd8
0x00007fe57db47f78:   00007fe59e069a68 0000000000000000
0x00007fe57db47f88:   00007fe59e069678 0000000000000000
0x00007fe57db47f98:   00007fe57db47fc0 00007fe57db48020
0x00007fe57db47fa8:   00007ff2290076f0 0000000000000000
0x00007fe57db47fb8:   00007ff2290137b6 00007fee01345480
0x00007fe57db47fc8:   00007fe4b43919c0 00007ff2290137b7
0x00007fe57db47fd8:   00007fee013452c8 00007fe57db47fe0
0x00007fe57db47fe8:   00007fe59dd68625 00007fe57db48078
0x00007fe57db47ff8:   00007fe59dd68a28 0000000000000000
0x00007fe57db48008:   00007fe59dd68708 00007fe57db47fc0
0x00007fe57db48018:   00007fe57db48070 00007fe57db480c0
0x00007fe57db48028:   00007ff229007ca4 0000000000000000
0x00007fe57db48038:   0000000000000000 0000000000000000
0x00007fe57db48048:   0000000000000000 0000000000000000
0x00007fe57db48058:   00007fe4b43919c0 0000000000000000
0x00007fe57db48068:   00007fee013452c8 00007fee004cc4f8
0x00007fe57db48078:   00007fee0045f710 00007fe57db48080
0x00007fe57db48088:   00007fe59dd6f52c 00007fe57db480e0
0x00007fe57db48098:   00007fe59dd726e0 0000000000000000 

Instructions: (pc=0x00007ff23f74d91c)
0x00007ff23f74d8fc:   00 00 00 00 48 8b 05 e1 d5 33 00 48 8b 00 48 85
0x00007ff23f74d90c:   c0 0f 85 bf 00 00 00 48 85 ff 0f 84 b4 00 00 00
0x00007ff23f74d91c:   48 8b 47 f8 48 8d 77 f0 a8 02 75 28 a8 04 48 8d
0x00007ff23f74d92c:   3d 0f de 33 00 74 0c 48 89 f0 48 25 00 00 00 fc 

Register to memory mapping:

RAX=0x0000000000000000 is an unknown value
RBX=0x00007fe4b43c64b0 is an unknown value
RCX=0x000000000001a140 is an unknown value
RDX=0x00000000000b0006 is an unknown value
RSP=0x00007fe57db47ea8 is pointing into the stack for thread: 0x00007ff238444000
RBP=0x00007fe57db47f30 is pointing into the stack for thread: 0x00007ff238444000
RSI=0x00007fe57d4a2eaf: <offset 0x1deaf> in /tmp/LasZipLibrary-34043163728458364.tmp at 0x00007fe57d485000
RDI=0x0000000000000001 is an unknown value
R8 =0x00007fe4b4381fce is an unknown value
R9 =0x00007fe57db4a700 is pointing into the stack for thread: 0x00007ff238444000
R10=0x00007fe57db47c50 is pointing into the stack for thread: 0x00007ff238444000
R11=0x00007fe58f3ba260: _ZdlPv+0 in /usr/lib/x86_64-linux-gnu/libstdc++.so.6 at 0x00007fe58f35d000
R12=0x00007fe57db48c80 is pointing into the stack for thread: 0x00007ff238444000
R13={method} {0x00007fe59e069678} 'open' '(JLjava/lang/String;)I' in 'fr/ird/voxelidar/voxelisation/extraction/LazExtraction'
R14=0x00007fe57db47fd8 is pointing into the stack for thread: 0x00007ff238444000
R15=0x00007ff238444000 is a thread


Stack: [0x00007fe57da4a000,0x00007fe57db4b000],  sp=0x00007fe57db47ea8,  free space=1015k
Native frames: (J=compiled Java code, j=interpreted, Vv=VM code, C=native code)
C  [libc.so.6+0x8391c]  cfree+0x1c
j  fr.ird.voxelidar.voxelisation.extraction.LazExtraction.open(JLjava/lang/String;)I+0
j  fr.ird.voxelidar.FXPrincipal.start(Ljavafx/stage/Stage;)V+21
j  com.sun.javafx.application.LauncherImpl.lambda$launchApplication1$159(Ljava/util/concurrent/atomic/AtomicBoolean;Ljavafx/application/Application;)V+20
j  com.sun.javafx.application.LauncherImpl$$Lambda$58.run()V+8
j  com.sun.javafx.application.PlatformImpl.lambda$runAndWait$172(Ljava/lang/Runnable;Ljava/util/concurrent/CountDownLatch;)V+1
j  com.sun.javafx.application.PlatformImpl$$Lambda$51.run()V+8
j  com.sun.javafx.application.PlatformImpl.lambda$null$170(Ljava/lang/Runnable;)Ljava/lang/Void;+1
j  com.sun.javafx.application.PlatformImpl$$Lambda$53.run()Ljava/lang/Object;+4
v  ~StubRoutines::call_stub
V  [libjvm.so+0x681a56]  JavaCalls::call_helper(JavaValue*, methodHandle*, JavaCallArguments*, Thread*)+0x1056
V  [libjvm.so+0x71980c]  JVM_DoPrivileged+0x27c
j  java.security.AccessController.doPrivileged(Ljava/security/PrivilegedAction;Ljava/security/AccessControlContext;)Ljava/lang/Object;+0
j  com.sun.javafx.application.PlatformImpl.lambda$runLater$171(Ljava/lang/Runnable;Ljava/security/AccessControlContext;)V+7
j  com.sun.javafx.application.PlatformImpl$$Lambda$52.run()V+8
j  com.sun.glass.ui.InvokeLaterDispatcher$Future.run()V+4
v  ~StubRoutines::call_stub
V  [libjvm.so+0x681a56]  JavaCalls::call_helper(JavaValue*, methodHandle*, JavaCallArguments*, Thread*)+0x1056
V  [libjvm.so+0x6c435b]  jni_invoke_nonstatic(JNIEnv_*, JavaValue*, _jobject*, JNICallType, _jmethodID*, JNI_ArgumentPusher*, Thread*)+0x41b
V  [libjvm.so+0x6c871f]  jni_CallVoidMethodV+0x10f
C  [libglass.so+0x1b798]  JNIEnv_::CallVoidMethod(_jobject*, _jmethodID*, ...)+0x98
C  [libglass.so+0x25144]  call_runnable(void*)+0x34
C  [libgdk-x11-2.0.so.0+0x1dcf7]

Java frames: (J=compiled Java code, j=interpreted, Vv=VM code)
j  fr.ird.voxelidar.voxelisation.extraction.LazExtraction.open(JLjava/lang/String;)I+0
j  fr.ird.voxelidar.FXPrincipal.start(Ljavafx/stage/Stage;)V+21
j  com.sun.javafx.application.LauncherImpl.lambda$launchApplication1$159(Ljava/util/concurrent/atomic/AtomicBoolean;Ljavafx/application/Application;)V+20
j  com.sun.javafx.application.LauncherImpl$$Lambda$58.run()V+8
j  com.sun.javafx.application.PlatformImpl.lambda$runAndWait$172(Ljava/lang/Runnable;Ljava/util/concurrent/CountDownLatch;)V+1
j  com.sun.javafx.application.PlatformImpl$$Lambda$51.run()V+8
j  com.sun.javafx.application.PlatformImpl.lambda$null$170(Ljava/lang/Runnable;)Ljava/lang/Void;+1
j  com.sun.javafx.application.PlatformImpl$$Lambda$53.run()Ljava/lang/Object;+4
v  ~StubRoutines::call_stub
j  java.security.AccessController.doPrivileged(Ljava/security/PrivilegedAction;Ljava/security/AccessControlContext;)Ljava/lang/Object;+0
j  com.sun.javafx.application.PlatformImpl.lambda$runLater$171(Ljava/lang/Runnable;Ljava/security/AccessControlContext;)V+7
j  com.sun.javafx.application.PlatformImpl$$Lambda$52.run()V+8
j  com.sun.glass.ui.InvokeLaterDispatcher$Future.run()V+4
v  ~StubRoutines::call_stub
j  com.sun.glass.ui.gtk.GtkApplication._runLoop(Ljava/lang/Runnable;Z)V+0
j  com.sun.glass.ui.gtk.GtkApplication.lambda$null$48(Ljava/lang/Runnable;Z)V+7
j  com.sun.glass.ui.gtk.GtkApplication$$Lambda$41.run()V+12
j  java.lang.Thread.run()V+11
v  ~StubRoutines::call_stub

---------------  P R O C E S S  ---------------

Java Threads: ( => current thread )
  0x00007ff238448800 JavaThread "JavaFX-Launcher" [_thread_blocked, id=18805, stack(0x00007fe57d949000,0x00007fe57da4a000)]
=>0x00007ff238444000 JavaThread "JavaFX Application Thread" [_thread_in_native, id=18804, stack(0x00007fe57da4a000,0x00007fe57db4b000)]
  0x00007ff238440000 JavaThread "Thread-1" daemon [_thread_blocked, id=18803, stack(0x00007fe584085000,0x00007fe584186000)]
  0x00007ff23837a000 JavaThread "QuantumRenderer-0" daemon [_thread_blocked, id=18800, stack(0x00007fe596b55000,0x00007fe596c56000)]
  0x00007ff23822d800 JavaThread "Service Thread" daemon [_thread_blocked, id=18798, stack(0x00007fe596dec000,0x00007fe596eed000)]
  0x00007ff238220000 JavaThread "C1 CompilerThread3" daemon [_thread_blocked, id=18797, stack(0x00007fe596eed000,0x00007fe596fee000)]
  0x00007ff23821e000 JavaThread "C2 CompilerThread2" daemon [_thread_blocked, id=18796, stack(0x00007fe596fee000,0x00007fe5970ef000)]
  0x00007ff23821c000 JavaThread "C2 CompilerThread1" daemon [_thread_blocked, id=18795, stack(0x00007fe5970ef000,0x00007fe5971f0000)]
  0x00007ff238219800 JavaThread "C2 CompilerThread0" daemon [_thread_blocked, id=18794, stack(0x00007fe5971f0000,0x00007fe5972f1000)]
  0x00007fe4e0001000 JavaThread "JDWP Command Reader" daemon [_thread_in_native, id=18792, stack(0x00007fe5972f1000,0x00007fe5973f2000)]
  0x00007ff238217000 JavaThread "JDWP Event Helper Thread" daemon [_thread_blocked, id=18790, stack(0x00007fe5973f2000,0x00007fe5974f3000)]
  0x00007ff238213800 JavaThread "JDWP Transport Listener: dt_socket" daemon [_thread_blocked, id=18788, stack(0x00007fe5974f3000,0x00007fe5975f4000)]
  0x00007ff238207800 JavaThread "Signal Dispatcher" daemon [_thread_blocked, id=18787, stack(0x00007fe5977f8000,0x00007fe5978f9000)]
  0x00007ff2381d0800 JavaThread "Finalizer" daemon [_thread_blocked, id=18786, stack(0x00007fe5978f9000,0x00007fe5979fa000)]
  0x00007ff2381ce800 JavaThread "Reference Handler" daemon [_thread_blocked, id=18785, stack(0x00007fe5979fa000,0x00007fe597afb000)]
  0x00007ff23800c000 JavaThread "main" [_thread_blocked, id=18775, stack(0x00007ff2401c1000,0x00007ff2402c2000)]

Other Threads:
  0x00007ff2381c9000 VMThread [stack: 0x00007fe597afb000,0x00007fe597bfc000] [id=18784]
  0x00007ff238230800 WatcherThread [stack: 0x00007fe596ceb000,0x00007fe596dec000] [id=18799]

VM state:not at safepoint (normal execution)

VM Mutex/Monitor currently owned by a thread: None

Heap:
 PSYoungGen      total 300544K, used 51610K [0x00007fedfe580000, 0x00007fee13480000, 0x00007ff229000000)
  eden space 258048K, 20% used [0x00007fedfe580000,0x00007fee017e69f8,0x00007fee0e180000)
  from space 42496K, 0% used [0x00007fee10b00000,0x00007fee10b00000,0x00007fee13480000)
  to   space 42496K, 0% used [0x00007fee0e180000,0x00007fee0e180000,0x00007fee10b00000)
 ParOldGen       total 687104K, used 0K [0x00007fe5a9000000, 0x00007fe5d2f00000, 0x00007fedfe580000)
  object space 687104K, 0% used [0x00007fe5a9000000,0x00007fe5a9000000,0x00007fe5d2f00000)
 Metaspace       used 8279K, capacity 8849K, committed 8960K, reserved 10240K

Card table byte_map: [0x00007fe5a2bff000,0x00007fe5a9000000] byte_map_base: 0x00007fa5afeb7000

Marking Bits: (ParMarkBitMap*) 0x00007ff23f69f6c0
 Begin Bits: [0x00007fe4fc000000, 0x00007fe52e000000)
 End Bits:   [0x00007fe52e000000, 0x00007fe560000000)

Polling page: 0x00007ff2402e8000

CodeCache: size=245760Kb used=2489Kb max_used=2492Kb free=243270Kb
 bounds [0x00007ff229000000, 0x00007ff229270000, 0x00007ff238000000]
 total_blobs=1021 nmethods=600 adapters=343
 compilation: enabled

Compilation events (10 events):
Event: 0,657 Thread 0x00007ff23821e000 nmethod 595 0x00007ff22926b390 code [0x00007ff22926b4e0, 0x00007ff22926b5b8]
Event: 0,658 Thread 0x00007ff238220000 nmethod 593 0x00007ff22926a950 code [0x00007ff22926ab00, 0x00007ff22926b188]
Event: 0,660 Thread 0x00007ff238220000  597       3       java.lang.String::getBytes (27 bytes)
Event: 0,660 Thread 0x00007ff238220000 nmethod 597 0x00007ff22926a3d0 code [0x00007ff22926a560, 0x00007ff22926a7f8]
Event: 0,660 Thread 0x00007ff238220000  598   !   3       java.lang.StringCoding::encode (120 bytes)
Event: 0,662 Thread 0x00007ff238220000 nmethod 598 0x00007ff22926cd90 code [0x00007ff22926d0e0, 0x00007ff22926eb18]
Event: 0,664 Thread 0x00007ff238220000  599       3       java.util.Arrays::copyOf (13 bytes)
Event: 0,664 Thread 0x00007ff238220000 nmethod 599 0x00007ff22926c690 code [0x00007ff22926c800, 0x00007ff22926ca28]
Event: 0,665 Thread 0x00007ff238220000  600       3       java.nio.Buffer::position (43 bytes)
Event: 0,665 Thread 0x00007ff238220000 nmethod 600 0x00007ff22926c150 code [0x00007ff22926c2e0, 0x00007ff22926c5a8]

GC Heap History (0 events):
No events

Deoptimization events (3 events):
Event: 0,539 Thread 0x00007ff238444000 Uncommon trap: reason=unstable_if action=reinterpret pc=0x00007ff2291c3800 method=java.lang.String.startsWith(Ljava/lang/String;I)Z @ 25
Event: 0,539 Thread 0x00007ff238444000 Uncommon trap: reason=unstable_if action=reinterpret pc=0x00007ff2291b92a4 method=java.lang.String.replace(CC)Ljava/lang/String; @ 2
Event: 0,561 Thread 0x00007ff238444000 Uncommon trap: reason=unstable_if action=reinterpret pc=0x00007ff2291f03b0 method=java.lang.String.indexOf([CII[CIII)I @ 134

Internal exceptions (10 events):
Event: 0,625 Thread 0x00007ff238444000 Exception <a 'java/lang/ClassNotFoundException': org/apache/log4j/RollingFileAppenderBeanInfo> (0x00007fee007ee2e0) thrown at [/HUDSON/workspace/8-2-build-linux-amd64/jdk8u40/3098/hotspot/src/share/vm/classfile/systemDictionary.cpp, line 210]
Event: 0,625 Thread 0x00007ff238444000 Exception <a 'java/lang/ClassNotFoundException': org/apache/log4j/FileAppenderBeanInfo> (0x00007fee007f8060) thrown at [/HUDSON/workspace/8-2-build-linux-amd64/jdk8u40/3098/hotspot/src/share/vm/classfile/systemDictionary.cpp, line 210]
Event: 0,626 Thread 0x00007ff238444000 Exception <a 'java/lang/ClassNotFoundException': org/apache/log4j/WriterAppenderBeanInfo> (0x00007fee008020b0) thrown at [/HUDSON/workspace/8-2-build-linux-amd64/jdk8u40/3098/hotspot/src/share/vm/classfile/systemDictionary.cpp, line 210]
Event: 0,626 Thread 0x00007ff238444000 Exception <a 'java/lang/ClassNotFoundException': org/apache/log4j/AppenderSkeletonBeanInfo> (0x00007fee0080c440) thrown at [/HUDSON/workspace/8-2-build-linux-amd64/jdk8u40/3098/hotspot/src/share/vm/classfile/systemDictionary.cpp, line 210]
Event: 0,627 Thread 0x00007ff238444000 Exception <a 'java/lang/ClassNotFoundException': org/apache/log4j/AppenderSkeletonCustomizer> (0x00007fee00816f60) thrown at [/HUDSON/workspace/8-2-build-linux-amd64/jdk8u40/3098/hotspot/src/share/vm/classfile/systemDictionary.cpp, line 210]
Event: 0,629 Thread 0x00007ff238444000 Exception <a 'java/lang/ClassNotFoundException': org/apache/log4j/WriterAppenderCustomizer> (0x00007fee0083b148) thrown at [/HUDSON/workspace/8-2-build-linux-amd64/jdk8u40/3098/hotspot/src/share/vm/classfile/systemDictionary.cpp, line 210]
Event: 0,631 Thread 0x00007ff238444000 Exception <a 'java/lang/ClassNotFoundException': org/apache/log4j/FileAppenderCustomizer> (0x00007fee00855928) thrown at [/HUDSON/workspace/8-2-build-linux-amd64/jdk8u40/3098/hotspot/src/share/vm/classfile/systemDictionary.cpp, line 210]
Event: 0,633 Thread 0x00007ff238444000 Exception <a 'java/lang/ClassNotFoundException': org/apache/log4j/RollingFileAppenderCustomizer> (0x00007fee00871d38) thrown at [/HUDSON/workspace/8-2-build-linux-amd64/jdk8u40/3098/hotspot/src/share/vm/classfile/systemDictionary.cpp, line 210]
Event: 0,639 Thread 0x00007ff238444000 Exception <a 'java/lang/ClassNotFoundException': org/apache/log4j/ConsoleAppenderBeanInfo> (0x00007fee008b2ea8) thrown at [/HUDSON/workspace/8-2-build-linux-amd64/jdk8u40/3098/hotspot/src/share/vm/classfile/systemDictionary.cpp, line 210]
Event: 0,639 Thread 0x00007ff238444000 Exception <a 'java/lang/ClassNotFoundException': org/apache/log4j/ConsoleAppenderCustomizer> (0x00007fee008bd170) thrown at [/HUDSON/workspace/8-2-build-linux-amd64/jdk8u40/3098/hotspot/src/share/vm/classfile/systemDictionary.cpp, line 210]

Events (10 events):
Event: 0,660 loading class java/io/DeleteOnExitHook$1
Event: 0,660 loading class java/io/DeleteOnExitHook$1 done
Event: 0,664 loading class java/text/DontCareFieldPosition
Event: 0,664 loading class java/text/DontCareFieldPosition done
Event: 0,664 loading class java/text/DontCareFieldPosition$1
Event: 0,664 loading class java/text/Format$FieldDelegate
Event: 0,664 loading class java/text/Format$FieldDelegate done
Event: 0,664 loading class java/text/DontCareFieldPosition$1 done
Event: 0,665 loading class java/io/FileOutputStream$1
Event: 0,665 loading class java/io/FileOutputStream$1 done


Dynamic libraries:
00400000-00401000 r-xp 00000000 08:03 107611431                          /home/calcul/Téléchargements/jdk1.8.0_40/jre/bin/java
00600000-00601000 rw-p 00000000 08:03 107611431                          /home/calcul/Téléchargements/jdk1.8.0_40/jre/bin/java
0223e000-0225f000 rw-p 00000000 00:00 0                                  [heap]
7fe4a8000000-7fe4a8021000 rw-p 00000000 00:00 0 
7fe4a8021000-7fe4ac000000 ---p 00000000 00:00 0 
7fe4b0000000-7fe4b0021000 rw-p 00000000 00:00 0 
7fe4b0021000-7fe4b4000000 ---p 00000000 00:00 0 
7fe4b4000000-7fe4b4675000 rw-p 00000000 00:00 0 
7fe4b4675000-7fe4b8000000 ---p 00000000 00:00 0 
7fe4b8000000-7fe4b8021000 rw-p 00000000 00:00 0 
7fe4b8021000-7fe4bc000000 ---p 00000000 00:00 0 
7fe4bc000000-7fe4bc022000 rw-p 00000000 00:00 0 
7fe4bc022000-7fe4c0000000 ---p 00000000 00:00 0 
7fe4c0000000-7fe4c0021000 rw-p 00000000 00:00 0 
7fe4c0021000-7fe4c4000000 ---p 00000000 00:00 0 
7fe4c4000000-7fe4c4217000 rw-p 00000000 00:00 0 
7fe4c4217000-7fe4c8000000 ---p 00000000 00:00 0 
7fe4c8000000-7fe4c8208000 rw-p 00000000 00:00 0 
7fe4c8208000-7fe4cc000000 ---p 00000000 00:00 0 
7fe4cc000000-7fe4cc021000 rw-p 00000000 00:00 0 
7fe4cc021000-7fe4d0000000 ---p 00000000 00:00 0 
7fe4d0000000-7fe4d0146000 rw-p 00000000 00:00 0 
7fe4d0146000-7fe4d4000000 ---p 00000000 00:00 0 
7fe4d4000000-7fe4d4180000 rw-p 00000000 00:00 0 
7fe4d4180000-7fe4d8000000 ---p 00000000 00:00 0 
7fe4d8000000-7fe4d8021000 rw-p 00000000 00:00 0 
7fe4d8021000-7fe4dc000000 ---p 00000000 00:00 0 
7fe4dc000000-7fe4dc3b0000 rw-p 00000000 00:00 0 
7fe4dc3b0000-7fe4e0000000 ---p 00000000 00:00 0 
7fe4e0000000-7fe4e0021000 rw-p 00000000 00:00 0 
7fe4e0021000-7fe4e4000000 ---p 00000000 00:00 0 
7fe4e4000000-7fe4e4021000 rw-p 00000000 00:00 0 
7fe4e4021000-7fe4e8000000 ---p 00000000 00:00 0 
7fe4e8000000-7fe4e8021000 rw-p 00000000 00:00 0 
7fe4e8021000-7fe4ec000000 ---p 00000000 00:00 0 
7fe4ec000000-7fe4ec021000 rw-p 00000000 00:00 0 
7fe4ec021000-7fe4f0000000 ---p 00000000 00:00 0 
7fe4f0000000-7fe4f0021000 rw-p 00000000 00:00 0 
7fe4f0021000-7fe4f4000000 ---p 00000000 00:00 0 
7fe4f5c00000-7fe560000000 rw-p 00000000 00:00 0 
7fe560000000-7fe560021000 rw-p 00000000 00:00 0 
7fe560021000-7fe564000000 ---p 00000000 00:00 0 
7fe564000000-7fe564021000 rw-p 00000000 00:00 0 
7fe564021000-7fe568000000 ---p 00000000 00:00 0 
7fe568000000-7fe568021000 rw-p 00000000 00:00 0 
7fe568021000-7fe56c000000 ---p 00000000 00:00 0 
7fe570000000-7fe570021000 rw-p 00000000 00:00 0 
7fe570021000-7fe574000000 ---p 00000000 00:00 0 
7fe578000000-7fe578021000 rw-p 00000000 00:00 0 
7fe578021000-7fe57c000000 ---p 00000000 00:00 0 
7fe57d483000-7fe57d485000 rw-p 00000000 00:00 0 
7fe57d485000-7fe57d4a9000 r-xp 00000000 08:01 131135                     /tmp/LasZipLibrary-34043163728458364.tmp
7fe57d4a9000-7fe57d6a8000 ---p 00024000 08:01 131135                     /tmp/LasZipLibrary-34043163728458364.tmp
7fe57d6a8000-7fe57d6aa000 r--p 00023000 08:01 131135                     /tmp/LasZipLibrary-34043163728458364.tmp
7fe57d6aa000-7fe57d6ab000 rw-p 00025000 08:01 131135                     /tmp/LasZipLibrary-34043163728458364.tmp
7fe57d6ab000-7fe57d6c7000 r--s 00393000 08:03 107611383                  /home/calcul/Téléchargements/jdk1.8.0_40/jre/lib/ext/cldrdata.jar
7fe57d6c7000-7fe57d6d2000 r--s 00116000 08:03 107611377                  /home/calcul/Téléchargements/jdk1.8.0_40/jre/lib/ext/localedata.jar
7fe57d6d2000-7fe57d792000 rw-p 00000000 00:00 0 
7fe57d792000-7fe57d8d2000 ---p 00000000 00:00 0 
7fe57d8d2000-7fe57d8e4000 r--s 000d8000 08:03 110627261                  /home/calcul/Documents/Julien/VoxeLidar/trunk/VoxeLidarGUIFX/target/lib/controlsfx-8.20.8.jar
7fe57d8e4000-7fe57d8f5000 r--s 0016e000 08:03 110625118                  /home/calcul/Documents/Julien/VoxeLidar/trunk/VoxeLidarGUIFX/target/lib/jfreechart-1.0.19.jar
7fe57d8f5000-7fe57d93a000 r--s 0068d000 08:03 110625170                  /home/calcul/Documents/Julien/VoxeLidar/trunk/VoxeLidarGUIFX/target/lib/gdx-tools-1.1.0.jar
7fe57d93a000-7fe57d949000 r--s 000ab000 08:03 110627259                  /home/calcul/Documents/Julien/VoxeLidar/trunk/VoxeLidarGUIFX/target/lib/commons-math-2.0.jar
7fe57d949000-7fe57d94c000 ---p 00000000 00:00 0 
7fe57d94c000-7fe57da4a000 rw-p 00000000 00:00 0                          [stack:18805]
7fe57da4a000-7fe57da4d000 ---p 00000000 00:00 0 
7fe57da4d000-7fe57db4b000 rw-p 00000000 00:00 0                          [stack:18804]
7fe57db4b000-7fe57db4c000 ---p 00000000 00:00 0 
7fe57db4c000-7fe57e34c000 rw-p 00000000 00:00 0                          [stack:18802]
7fe57e34c000-7fe57e34d000 ---p 00000000 00:00 0 
7fe57e34d000-7fe57eb4d000 rw-p 00000000 00:00 0                          [stack:18801]
7fe57eb4d000-7fe57eb58000 r-xp 00000000 08:01 656478                     /usr/lib/x86_64-linux-gnu/gio/modules/libdconfsettings.so
7fe57eb58000-7fe57ed57000 ---p 0000b000 08:01 656478                     /usr/lib/x86_64-linux-gnu/gio/modules/libdconfsettings.so
7fe57ed57000-7fe57ed58000 r--p 0000a000 08:01 656478                     /usr/lib/x86_64-linux-gnu/gio/modules/libdconfsettings.so
7fe57ed58000-7fe57ed59000 rw-p 0000b000 08:01 656478                     /usr/lib/x86_64-linux-gnu/gio/modules/libdconfsettings.so
7fe57ed59000-7fe57ed60000 r-xp 00000000 08:01 270532                     /usr/lib/x86_64-linux-gnu/libogg.so.0.8.1
7fe57ed60000-7fe57ef60000 ---p 00007000 08:01 270532                     /usr/lib/x86_64-linux-gnu/libogg.so.0.8.1
7fe57ef60000-7fe57ef61000 r--p 00007000 08:01 270532                     /usr/lib/x86_64-linux-gnu/libogg.so.0.8.1
7fe57ef61000-7fe57ef62000 rw-p 00008000 08:01 270532                     /usr/lib/x86_64-linux-gnu/libogg.so.0.8.1
7fe57ef62000-7fe57ef8d000 r-xp 00000000 08:01 270763                     /usr/lib/x86_64-linux-gnu/libvorbis.so.0.4.5
7fe57ef8d000-7fe57f18d000 ---p 0002b000 08:01 270763                     /usr/lib/x86_64-linux-gnu/libvorbis.so.0.4.5
7fe57f18d000-7fe57f18e000 r--p 0002b000 08:01 270763                     /usr/lib/x86_64-linux-gnu/libvorbis.so.0.4.5
7fe57f18e000-7fe57f18f000 rw-p 0002c000 08:01 270763                     /usr/lib/x86_64-linux-gnu/libvorbis.so.0.4.5
7fe57f18f000-7fe57f198000 r-xp 00000000 08:01 270454                     /usr/lib/x86_64-linux-gnu/libltdl.so.7.3.0
7fe57f198000-7fe57f397000 ---p 00009000 08:01 270454                     /usr/lib/x86_64-linux-gnu/libltdl.so.7.3.0
7fe57f397000-7fe57f398000 r--p 00008000 08:01 270454                     /usr/lib/x86_64-linux-gnu/libltdl.so.7.3.0
7fe57f398000-7fe57f399000 rw-p 00009000 08:01 270454                     /usr/lib/x86_64-linux-gnu/libltdl.so.7.3.0
7fe57f399000-7fe57f3ab000 r-xp 00000000 08:01 270696                     /usr/lib/x86_64-linux-gnu/libtdb.so.1.2.11
7fe57f3ab000-7fe57f5aa000 ---p 00012000 08:01 270696                     /usr/lib/x86_64-linux-gnu/libtdb.so.1.2.11
7fe57f5aa000-7fe57f5ab000 r--p 00011000 08:01 270696                     /usr/lib/x86_64-linux-gnu/libtdb.so.1.2.11
7fe57f5ab000-7fe57f5ac000 rw-p 00012000 08:01 270696                     /usr/lib/x86_64-linux-gnu/libtdb.so.1.2.11
7fe57f5ac000-7fe57f5b3000 r-xp 00000000 08:01 270767                     /usr/lib/x86_64-linux-gnu/libvorbisfile.so.3.3.4
7fe57f5b3000-7fe57f7b2000 ---p 00007000 08:01 270767                     /usr/lib/x86_64-linux-gnu/libvorbisfile.so.3.3.4
7fe57f7b2000-7fe57f7b3000 r--p 00006000 08:01 270767                     /usr/lib/x86_64-linux-gnu/libvorbisfile.so.3.3.4
7fe57f7b3000-7fe57f7b4000 rw-p 00007000 08:01 270767                     /usr/lib/x86_64-linux-gnu/libvorbisfile.so.3.3.4
7fe57f7b4000-7fe57f7c3000 r-xp 00000000 08:01 269997                     /usr/lib/x86_64-linux-gnu/libcanberra.so.0.2.5
7fe57f7c3000-7fe57f9c2000 ---p 0000f000 08:01 269997                     /usr/lib/x86_64-linux-gnu/libcanberra.so.0.2.5
7fe57f9c2000-7fe57f9c3000 r--p 0000e000 08:01 269997                     /usr/lib/x86_64-linux-gnu/libcanberra.so.0.2.5
7fe57f9c3000-7fe57f9c4000 rw-p 0000f000 08:01 269997                     /usr/lib/x86_64-linux-gnu/libcanberra.so.0.2.5
7fe57f9c4000-7fe57f9c8000 r-xp 00000000 08:01 269993                     /usr/lib/x86_64-linux-gnu/libcanberra-gtk.so.0.1.9
7fe57f9c8000-7fe57fbc7000 ---p 00004000 08:01 269993                     /usr/lib/x86_64-linux-gnu/libcanberra-gtk.so.0.1.9
7fe57fbc7000-7fe57fbc8000 r--p 00003000 08:01 269993                     /usr/lib/x86_64-linux-gnu/libcanberra-gtk.so.0.1.9
7fe57fbc8000-7fe57fbc9000 rw-p 00004000 08:01 269993                     /usr/lib/x86_64-linux-gnu/libcanberra-gtk.so.0.1.9
7fe57fbc9000-7fe57fbce000 r-xp 00000000 08:01 656734                     /usr/lib/x86_64-linux-gnu/gtk-2.0/modules/libcanberra-gtk-module.so
7fe57fbce000-7fe57fdcd000 ---p 00005000 08:01 656734                     /usr/lib/x86_64-linux-gnu/gtk-2.0/modules/libcanberra-gtk-module.so
7fe57fdcd000-7fe57fdce000 r--p 00004000 08:01 656734                     /usr/lib/x86_64-linux-gnu/gtk-2.0/modules/libcanberra-gtk-module.so
7fe57fdce000-7fe57fdcf000 rw-p 00005000 08:01 656734                     /usr/lib/x86_64-linux-gnu/gtk-2.0/modules/libcanberra-gtk-module.so
7fe57fdcf000-7fe57fdfe000 r-xp 00000000 08:01 656716                     /usr/lib/x86_64-linux-gnu/gtk-2.0/2.10.0/engines/libmurrine.so
7fe57fdfe000-7fe57fffe000 ---p 0002f000 08:01 656716                     /usr/lib/x86_64-linux-gnu/gtk-2.0/2.10.0/engines/libmurrine.so
7fe57fffe000-7fe57ffff000 r--p 0002f000 08:01 656716                     /usr/lib/x86_64-linux-gnu/gtk-2.0/2.10.0/engines/libmurrine.so
7fe57ffff000-7fe580000000 rw-p 00030000 08:01 656716                     /usr/lib/x86_64-linux-gnu/gtk-2.0/2.10.0/engines/libmurrine.so
7fe580000000-7fe580021000 rw-p 00000000 00:00 0 
7fe580021000-7fe584000000 ---p 00000000 00:00 0 
7fe584000000-7fe584005000 r--s 00094000 08:03 107611371                  /home/calcul/Téléchargements/jdk1.8.0_40/jre/lib/jsse.jar
7fe584005000-7fe584085000 rw-s 5eb112000 00:05 12468                     /dev/dri/card0
7fe584085000-7fe584088000 ---p 00000000 00:00 0 
7fe584088000-7fe584186000 rw-p 00000000 00:00 0                          [stack:18803]
7fe584186000-7fe584197000 r-xp 00000000 08:01 656737                     /usr/lib/x86_64-linux-gnu/gtk-2.0/modules/liboverlay-scrollbar.so
7fe584197000-7fe584396000 ---p 00011000 08:01 656737                     /usr/lib/x86_64-linux-gnu/gtk-2.0/modules/liboverlay-scrollbar.so
7fe584396000-7fe584397000 r--p 00010000 08:01 656737                     /usr/lib/x86_64-linux-gnu/gtk-2.0/modules/liboverlay-scrollbar.so
7fe584397000-7fe584398000 rw-p 00011000 08:01 656737                     /usr/lib/x86_64-linux-gnu/gtk-2.0/modules/liboverlay-scrollbar.so
7fe584398000-7fe5843c3000 r-xp 00000000 08:03 107611297                  /home/calcul/Téléchargements/jdk1.8.0_40/jre/lib/amd64/libglass.so
7fe5843c3000-7fe5845c2000 ---p 0002b000 08:03 107611297                  /home/calcul/Téléchargements/jdk1.8.0_40/jre/lib/amd64/libglass.so
7fe5845c2000-7fe5845c4000 r--p 0002a000 08:03 107611297                  /home/calcul/Téléchargements/jdk1.8.0_40/jre/lib/amd64/libglass.so
7fe5845c4000-7fe5845c5000 rw-p 0002c000 08:03 107611297                  /home/calcul/Téléchargements/jdk1.8.0_40/jre/lib/amd64/libglass.so
7fe5845c5000-7fe5845c6000 rw-p 00000000 00:00 0 
7fe5845c6000-7fe5845f8000 r-xp 00000000 08:01 270722                     /usr/lib/x86_64-linux-gnu/libtxc_dxtn_s2tc.so.0.0.0
7fe5845f8000-7fe5847f7000 ---p 00032000 08:01 270722                     /usr/lib/x86_64-linux-gnu/libtxc_dxtn_s2tc.so.0.0.0
7fe5847f7000-7fe5847f8000 r--p 00031000 08:01 270722                     /usr/lib/x86_64-linux-gnu/libtxc_dxtn_s2tc.so.0.0.0
7fe5847f8000-7fe5847f9000 rw-p 00032000 08:01 270722                     /usr/lib/x86_64-linux-gnu/libtxc_dxtn_s2tc.so.0.0.0
7fe5847f9000-7fe585d3c000 r-xp 00000000 08:01 269745                     /usr/lib/x86_64-linux-gnu/libLLVM-3.3.so.1
7fe585d3c000-7fe585d3d000 ---p 01543000 08:01 269745                     /usr/lib/x86_64-linux-gnu/libLLVM-3.3.so.1
7fe585d3d000-7fe585e52000 r--p 01543000 08:01 269745                     /usr/lib/x86_64-linux-gnu/libLLVM-3.3.so.1
7fe585e52000-7fe585e54000 rw-p 01658000 08:01 269745                     /usr/lib/x86_64-linux-gnu/libLLVM-3.3.so.1
7fe585e54000-7fe585e67000 rw-p 00000000 00:00 0 
7fe585e67000-7fe585e6c000 r-xp 00000000 08:01 268846                     /usr/lib/x86_64-linux-gnu/libdrm_nouveau.so.2.0.0
7fe585e6c000-7fe58606b000 ---p 00005000 08:01 268846                     /usr/lib/x86_64-linux-gnu/libdrm_nouveau.so.2.0.0
7fe58606b000-7fe58606c000 r--p 00004000 08:01 268846                     /usr/lib/x86_64-linux-gnu/libdrm_nouveau.so.2.0.0
7fe58606c000-7fe58606d000 rw-p 00005000 08:01 268846                     /usr/lib/x86_64-linux-gnu/libdrm_nouveau.so.2.0.0
7fe58606d000-7fe58628b000 r-xp 00000000 08:01 270170                     /usr/lib/x86_64-linux-gnu/libgallium.so.0.0.0
7fe58628b000-7fe58648a000 ---p 0021e000 08:01 270170                     /usr/lib/x86_64-linux-gnu/libgallium.so.0.0.0
7fe58648a000-7fe58649b000 r--p 0021d000 08:01 270170                     /usr/lib/x86_64-linux-gnu/libgallium.so.0.0.0
7fe58649b000-7fe58649e000 rw-p 0022e000 08:01 270170                     /usr/lib/x86_64-linux-gnu/libgallium.so.0.0.0
7fe58649e000-7fe586666000 rw-p 00000000 00:00 0 
7fe586666000-7fe586a24000 r-xp 00000000 08:01 270081                     /usr/lib/x86_64-linux-gnu/libdricore9.2.1.so.1.0.0
7fe586a24000-7fe586c23000 ---p 003be000 08:01 270081                     /usr/lib/x86_64-linux-gnu/libdricore9.2.1.so.1.0.0
7fe586c23000-7fe586c33000 r--p 003bd000 08:01 270081                     /usr/lib/x86_64-linux-gnu/libdricore9.2.1.so.1.0.0
7fe586c33000-7fe586c3b000 rw-p 003cd000 08:01 270081                     /usr/lib/x86_64-linux-gnu/libdricore9.2.1.so.1.0.0
7fe586c3b000-7fe586c53000 rw-p 00000000 00:00 0 
7fe586c53000-7fe586da5000 r-xp 00000000 08:01 655813                     /usr/lib/x86_64-linux-gnu/dri/nouveau_dri.so
7fe586da5000-7fe586fa4000 ---p 00152000 08:01 655813                     /usr/lib/x86_64-linux-gnu/dri/nouveau_dri.so
7fe586fa4000-7fe586fa7000 r--p 00151000 08:01 655813                     /usr/lib/x86_64-linux-gnu/dri/nouveau_dri.so
7fe586fa7000-7fe586fa9000 rw-p 00154000 08:01 655813                     /usr/lib/x86_64-linux-gnu/dri/nouveau_dri.so
7fe586fa9000-7fe586fab000 rw-p 00000000 00:00 0 
7fe586fab000-7fe586fb1000 r-xp 00000000 08:01 270058                     /usr/lib/x86_64-linux-gnu/libdatrie.so.1.2.0
7fe586fb1000-7fe5871b0000 ---p 00006000 08:01 270058                     /usr/lib/x86_64-linux-gnu/libdatrie.so.1.2.0
7fe5871b0000-7fe5871b1000 r--p 00005000 08:01 270058                     /usr/lib/x86_64-linux-gnu/libdatrie.so.1.2.0
7fe5871b1000-7fe5871b2000 rw-p 00006000 08:01 270058                     /usr/lib/x86_64-linux-gnu/libdatrie.so.1.2.0
7fe5871b2000-7fe5871b7000 r-xp 00000000 08:01 269880                     /usr/lib/x86_64-linux-gnu/libXdmcp.so.6.0.0
7fe5871b7000-7fe5873b6000 ---p 00005000 08:01 269880                     /usr/lib/x86_64-linux-gnu/libXdmcp.so.6.0.0
7fe5873b6000-7fe5873b7000 r--p 00004000 08:01 269880                     /usr/lib/x86_64-linux-gnu/libXdmcp.so.6.0.0
7fe5873b7000-7fe5873b8000 rw-p 00005000 08:01 269880                     /usr/lib/x86_64-linux-gnu/libXdmcp.so.6.0.0
7fe5873b8000-7fe5873ba000 r-xp 00000000 08:01 269869                     /usr/lib/x86_64-linux-gnu/libXau.so.6.0.0
7fe5873ba000-7fe5875ba000 ---p 00002000 08:01 269869                     /usr/lib/x86_64-linux-gnu/libXau.so.6.0.0
7fe5875ba000-7fe5875bb000 r--p 00002000 08:01 269869                     /usr/lib/x86_64-linux-gnu/libXau.so.6.0.0
7fe5875bb000-7fe5875bc000 rw-p 00003000 08:01 269869                     /usr/lib/x86_64-linux-gnu/libXau.so.6.0.0
7fe5875bc000-7fe5875d4000 r-xp 00000000 08:01 270266                     /usr/lib/x86_64-linux-gnu/libgraphite2.so.3.0.1
7fe5875d4000-7fe5877d3000 ---p 00018000 08:01 270266                     /usr/lib/x86_64-linux-gnu/libgraphite2.so.3.0.1
7fe5877d3000-7fe5877d5000 r--p 00017000 08:01 270266                     /usr/lib/x86_64-linux-gnu/libgraphite2.so.3.0.1
7fe5877d5000-7fe5877d6000 rw-p 00019000 08:01 270266                     /usr/lib/x86_64-linux-gnu/libgraphite2.so.3.0.1
7fe5877d6000-7fe5877e1000 r-xp 00000000 08:01 269859                     /usr/lib/x86_64-linux-gnu/libdrm.so.2.4.0
7fe5877e1000-7fe5879e0000 ---p 0000b000 08:01 269859                     /usr/lib/x86_64-linux-gnu/libdrm.so.2.4.0
7fe5879e0000-7fe5879e1000 r--p 0000a000 08:01 269859                     /usr/lib/x86_64-linux-gnu/libdrm.so.2.4.0
7fe5879e1000-7fe5879e2000 rw-p 0000b000 08:01 269859                     /usr/lib/x86_64-linux-gnu/libdrm.so.2.4.0
7fe5879e2000-7fe5879e5000 r-xp 00000000 08:01 270795                     /usr/lib/x86_64-linux-gnu/libxcb-dri2.so.0.0.0
7fe5879e5000-7fe587be5000 ---p 00003000 08:01 270795                     /usr/lib/x86_64-linux-gnu/libxcb-dri2.so.0.0.0
7fe587be5000-7fe587be6000 r--p 00003000 08:01 270795                     /usr/lib/x86_64-linux-gnu/libxcb-dri2.so.0.0.0
7fe587be6000-7fe587be7000 rw-p 00004000 08:01 270795                     /usr/lib/x86_64-linux-gnu/libxcb-dri2.so.0.0.0
7fe587be7000-7fe587bfc000 r-xp 00000000 08:01 270797                     /usr/lib/x86_64-linux-gnu/libxcb-glx.so.0.0.0
7fe587bfc000-7fe587dfb000 ---p 00015000 08:01 270797                     /usr/lib/x86_64-linux-gnu/libxcb-glx.so.0.0.0
7fe587dfb000-7fe587dfd000 r--p 00014000 08:01 270797                     /usr/lib/x86_64-linux-gnu/libxcb-glx.so.0.0.0
7fe587dfd000-7fe587dfe000 rw-p 00016000 08:01 270797                     /usr/lib/x86_64-linux-gnu/libxcb-glx.so.0.0.0
7fe587dfe000-7fe587dff000 r-xp 00000000 08:01 269863                     /usr/lib/x86_64-linux-gnu/libX11-xcb.so.1.0.0
7fe587dff000-7fe587ffe000 ---p 00001000 08:01 269863                     /usr/lib/x86_64-linux-gnu/libX11-xcb.so.1.0.0
7fe587ffe000-7fe587fff000 r--p 00000000 08:01 269863                     /usr/lib/x86_64-linux-gnu/libX11-xcb.so.1.0.0
7fe587fff000-7fe588000000 rw-p 00001000 08:01 269863                     /usr/lib/x86_64-linux-gnu/libX11-xcb.so.1.0.0
7fe588000000-7fe588021000 rw-p 00000000 00:00 0 
7fe588021000-7fe58c000000 ---p 00000000 00:00 0 
7fe58c000000-7fe58c003000 rw-p 00000000 00:00 0 
7fe58c003000-7fe58c006000 r--s 00022000 08:03 110625119                  /home/calcul/Documents/Julien/VoxeLidar/trunk/VoxeLidarGUIFX/target/lib/openjfx-dialogs-1.0.2.jar
7fe58c006000-7fe58c00c000 r--s 0004b000 08:03 110625169                  /home/calcul/Documents/Julien/VoxeLidar/trunk/VoxeLidarGUIFX/target/lib/jcommon-1.0.23.jar
7fe58c00c000-7fe58c00d000 r--s 0001c000 08:03 110627264                  /home/calcul/Documents/Julien/VoxeLidar/trunk/VoxeLidarGUIFX/target/lib/swing-layout-1.0.3.jar
7fe58c00d000-7fe58c016000 r--s 0006f000 08:03 110625124                  /home/calcul/Documents/Julien/VoxeLidar/trunk/VoxeLidarGUIFX/target/lib/log4j-1.2.17.jar
7fe58c016000-7fe58c02a000 r--s 000d1000 08:03 110627263                  /home/calcul/Documents/Julien/VoxeLidar/trunk/VoxeLidarGUIFX/target/lib/guava-r05.jar
7fe58c02a000-7fe58c038000 r--s 0007f000 08:03 110625166                  /home/calcul/Documents/Julien/VoxeLidar/trunk/VoxeLidarGUIFX/target/lib/commons-collections-3.2.1.jar
7fe58c038000-7fe58c0b8000 rw-s 5ea85b000 00:05 12468                     /dev/dri/card0
7fe58c0b8000-7fe58c0d9000 r-xp 00000000 08:01 270224                     /usr/lib/x86_64-linux-gnu/libglapi.so.0.0.0
7fe58c0d9000-7fe58c2d9000 ---p 00021000 08:01 270224                     /usr/lib/x86_64-linux-gnu/libglapi.so.0.0.0
7fe58c2d9000-7fe58c2dc000 r--p 00021000 08:01 270224                     /usr/lib/x86_64-linux-gnu/libglapi.so.0.0.0
7fe58c2dc000-7fe58c2dd000 rw-p 00024000 08:01 270224                     /usr/lib/x86_64-linux-gnu/libglapi.so.0.0.0
7fe58c2dd000-7fe58c2de000 rw-p 00000000 00:00 0 
7fe58c2de000-7fe58c31b000 r-xp 00000000 08:01 2363280                    /lib/x86_64-linux-gnu/libpcre.so.3.13.1
7fe58c31b000-7fe58c51b000 ---p 0003d000 08:01 2363280                    /lib/x86_64-linux-gnu/libpcre.so.3.13.1
7fe58c51b000-7fe58c51c000 r--p 0003d000 08:01 2363280                    /lib/x86_64-linux-gnu/libpcre.so.3.13.1
7fe58c51c000-7fe58c51d000 rw-p 0003e000 08:01 2363280                    /lib/x86_64-linux-gnu/libpcre.so.3.13.1
7fe58c51d000-7fe58c524000 r-xp 00000000 08:01 270117                     /usr/lib/x86_64-linux-gnu/libffi.so.6.0.1
7fe58c524000-7fe58c723000 ---p 00007000 08:01 270117                     /usr/lib/x86_64-linux-gnu/libffi.so.6.0.1
7fe58c723000-7fe58c724000 r--p 00006000 08:01 270117                     /usr/lib/x86_64-linux-gnu/libffi.so.6.0.1
7fe58c724000-7fe58c725000 rw-p 00007000 08:01 270117                     /usr/lib/x86_64-linux-gnu/libffi.so.6.0.1
7fe58c725000-7fe58c74c000 r-xp 00000000 08:01 2363202                    /lib/x86_64-linux-gnu/libexpat.so.1.6.0
7fe58c74c000-7fe58c94c000 ---p 00027000 08:01 2363202                    /lib/x86_64-linux-gnu/libexpat.so.1.6.0
7fe58c94c000-7fe58c94e000 r--p 00027000 08:01 2363202                    /lib/x86_64-linux-gnu/libexpat.so.1.6.0
7fe58c94e000-7fe58c94f000 rw-p 00029000 08:01 2363202                    /lib/x86_64-linux-gnu/libexpat.so.1.6.0
7fe58c94f000-7fe58c957000 r-xp 00000000 08:01 270706                     /usr/lib/x86_64-linux-gnu/libthai.so.0.2.0
7fe58c957000-7fe58cb56000 ---p 00008000 08:01 270706                     /usr/lib/x86_64-linux-gnu/libthai.so.0.2.0
7fe58cb56000-7fe58cb57000 r--p 00007000 08:01 270706                     /usr/lib/x86_64-linux-gnu/libthai.so.0.2.0
7fe58cb57000-7fe58cb58000 rw-p 00008000 08:01 270706                     /usr/lib/x86_64-linux-gnu/libthai.so.0.2.0
7fe58cb58000-7fe58cb75000 r-xp 00000000 08:01 270821                     /usr/lib/x86_64-linux-gnu/libxcb.so.1.1.0
7fe58cb75000-7fe58cd74000 ---p 0001d000 08:01 270821                     /usr/lib/x86_64-linux-gnu/libxcb.so.1.1.0
7fe58cd74000-7fe58cd75000 r--p 0001c000 08:01 270821                     /usr/lib/x86_64-linux-gnu/libxcb.so.1.1.0
7fe58cd75000-7fe58cd76000 rw-p 0001d000 08:01 270821                     /usr/lib/x86_64-linux-gnu/libxcb.so.1.1.0
7fe58cd76000-7fe58cd7e000 r-xp 00000000 08:01 270809                     /usr/lib/x86_64-linux-gnu/libxcb-render.so.0.0.0
7fe58cd7e000-7fe58cf7d000 ---p 00008000 08:01 270809                     /usr/lib/x86_64-linux-gnu/libxcb-render.so.0.0.0
7fe58cf7d000-7fe58cf7e000 r--p 00007000 08:01 270809                     /usr/lib/x86_64-linux-gnu/libxcb-render.so.0.0.0
7fe58cf7e000-7fe58cf7f000 rw-p 00008000 08:01 270809                     /usr/lib/x86_64-linux-gnu/libxcb-render.so.0.0.0
7fe58cf7f000-7fe58cf81000 r-xp 00000000 08:01 270813                     /usr/lib/x86_64-linux-gnu/libxcb-shm.so.0.0.0
7fe58cf81000-7fe58d180000 ---p 00002000 08:01 270813                     /usr/lib/x86_64-linux-gnu/libxcb-shm.so.0.0.0
7fe58d180000-7fe58d181000 r--p 00001000 08:01 270813                     /usr/lib/x86_64-linux-gnu/libxcb-shm.so.0.0.0
7fe58d181000-7fe58d182000 rw-p 00002000 08:01 270813                     /usr/lib/x86_64-linux-gnu/libxcb-shm.so.0.0.0
7fe58d182000-7fe58d1a7000 r-xp 00000000 08:01 2363292                    /lib/x86_64-linux-gnu/libpng12.so.0.49.0
7fe58d1a7000-7fe58d3a6000 ---p 00025000 08:01 2363292                    /lib/x86_64-linux-gnu/libpng12.so.0.49.0
7fe58d3a6000-7fe58d3a7000 r--p 00024000 08:01 2363292                    /lib/x86_64-linux-gnu/libpng12.so.0.49.0
7fe58d3a7000-7fe58d3a8000 rw-p 00025000 08:01 2363292                    /lib/x86_64-linux-gnu/libpng12.so.0.49.0
7fe58d3a8000-7fe58d449000 r-xp 00000000 08:01 268866                     /usr/lib/x86_64-linux-gnu/libpixman-1.so.0.30.2
7fe58d449000-7fe58d649000 ---p 000a1000 08:01 268866                     /usr/lib/x86_64-linux-gnu/libpixman-1.so.0.30.2
7fe58d649000-7fe58d650000 r--p 000a1000 08:01 268866                     /usr/lib/x86_64-linux-gnu/libpixman-1.so.0.30.2
7fe58d650000-7fe58d651000 rw-p 000a8000 08:01 268866                     /usr/lib/x86_64-linux-gnu/libpixman-1.so.0.30.2
7fe58d651000-7fe58d6a1000 r-xp 00000000 08:01 270374                     /usr/lib/x86_64-linux-gnu/libharfbuzz.so.0.919.0
7fe58d6a1000-7fe58d8a1000 ---p 00050000 08:01 270374                     /usr/lib/x86_64-linux-gnu/libharfbuzz.so.0.919.0
7fe58d8a1000-7fe58d8a2000 r--p 00050000 08:01 270374                     /usr/lib/x86_64-linux-gnu/libharfbuzz.so.0.919.0
7fe58d8a2000-7fe58d8a3000 rw-p 00051000 08:01 270374                     /usr/lib/x86_64-linux-gnu/libharfbuzz.so.0.919.0
7fe58d8a3000-7fe58d8b9000 r-xp 00000000 08:01 2363303                    /lib/x86_64-linux-gnu/libresolv-2.17.so
7fe58d8b9000-7fe58dab9000 ---p 00016000 08:01 2363303                    /lib/x86_64-linux-gnu/libresolv-2.17.so
7fe58dab9000-7fe58daba000 r--p 00016000 08:01 2363303                    /lib/x86_64-linux-gnu/libresolv-2.17.so
7fe58daba000-7fe58dabb000 rw-p 00017000 08:01 2363303                    /lib/x86_64-linux-gnu/libresolv-2.17.so
7fe58dabb000-7fe58dabd000 rw-p 00000000 00:00 0 
7fe58dabd000-7fe58dadc000 r-xp 00000000 08:01 2363307                    /lib/x86_64-linux-gnu/libselinux.so.1
7fe58dadc000-7fe58dcdc000 ---p 0001f000 08:01 2363307                    /lib/x86_64-linux-gnu/libselinux.so.1
7fe58dcdc000-7fe58dcdd000 r--p 0001f000 08:01 2363307                    /lib/x86_64-linux-gnu/libselinux.so.1
7fe58dcdd000-7fe58dcde000 rw-p 00020000 08:01 2363307                    /lib/x86_64-linux-gnu/libselinux.so.1
7fe58dcde000-7fe58dcdf000 rw-p 00000000 00:00 0 
7fe58dcdf000-7fe58dcf7000 r-xp 00000000 08:01 2363340                    /lib/x86_64-linux-gnu/libz.so.1.2.8
7fe58dcf7000-7fe58def6000 ---p 00018000 08:01 2363340                    /lib/x86_64-linux-gnu/libz.so.1.2.8
7fe58def6000-7fe58def7000 r--p 00017000 08:01 2363340                    /lib/x86_64-linux-gnu/libz.so.1.2.8
7fe58def7000-7fe58def8000 rw-p 00018000 08:01 2363340                    /lib/x86_64-linux-gnu/libz.so.1.2.8
7fe58def8000-7fe58df09000 r-xp 00000000 08:01 269882                     /usr/lib/x86_64-linux-gnu/libXext.so.6.4.0
7fe58df09000-7fe58e108000 ---p 00011000 08:01 269882                     /usr/lib/x86_64-linux-gnu/libXext.so.6.4.0
7fe58e108000-7fe58e109000 r--p 00010000 08:01 269882                     /usr/lib/x86_64-linux-gnu/libXext.so.6.4.0
7fe58e109000-7fe58e10a000 rw-p 00011000 08:01 269882                     /usr/lib/x86_64-linux-gnu/libXext.so.6.4.0
7fe58e10a000-7fe58e10c000 r-xp 00000000 08:01 269878                     /usr/lib/x86_64-linux-gnu/libXdamage.so.1.1.0
7fe58e10c000-7fe58e30b000 ---p 00002000 08:01 269878                     /usr/lib/x86_64-linux-gnu/libXdamage.so.1.1.0
7fe58e30b000-7fe58e30c000 r--p 00001000 08:01 269878                     /usr/lib/x86_64-linux-gnu/libXdamage.so.1.1.0
7fe58e30c000-7fe58e30d000 rw-p 00002000 08:01 269878                     /usr/lib/x86_64-linux-gnu/libXdamage.so.1.1.0
7fe58e30d000-7fe58e30f000 r-xp 00000000 08:01 269874                     /usr/lib/x86_64-linux-gnu/libXcomposite.so.1.0.0
7fe58e30f000-7fe58e50e000 ---p 00002000 08:01 269874                     /usr/lib/x86_64-linux-gnu/libXcomposite.so.1.0.0
7fe58e50e000-7fe58e50f000 r--p 00001000 08:01 269874                     /usr/lib/x86_64-linux-gnu/libXcomposite.so.1.0.0
7fe58e50f000-7fe58e510000 rw-p 00002000 08:01 269874                     /usr/lib/x86_64-linux-gnu/libXcomposite.so.1.0.0
7fe58e510000-7fe58e519000 r-xp 00000000 08:01 269876                     /usr/lib/x86_64-linux-gnu/libXcursor.so.1.0.2
7fe58e519000-7fe58e718000 ---p 00009000 08:01 269876                     /usr/lib/x86_64-linux-gnu/libXcursor.so.1.0.2
7fe58e718000-7fe58e719000 r--p 00008000 08:01 269876                     /usr/lib/x86_64-linux-gnu/libXcursor.so.1.0.2
7fe58e719000-7fe58e71a000 rw-p 00009000 08:01 269876                     /usr/lib/x86_64-linux-gnu/libXcursor.so.1.0.2
7fe58e71a000-7fe58e723000 r-xp 00000000 08:01 269902                     /usr/lib/x86_64-linux-gnu/libXrandr.so.2.2.0
7fe58e723000-7fe58e922000 ---p 00009000 08:01 269902                     /usr/lib/x86_64-linux-gnu/libXrandr.so.2.2.0
7fe58e922000-7fe58e923000 r--p 00008000 08:01 269902                     /usr/lib/x86_64-linux-gnu/libXrandr.so.2.2.0
7fe58e923000-7fe58e924000 rw-p 00009000 08:01 269902                     /usr/lib/x86_64-linux-gnu/libXrandr.so.2.2.0
7fe58e924000-7fe58e933000 r-xp 00000000 08:01 269890                     /usr/lib/x86_64-linux-gnu/libXi.so.6.1.0
7fe58e933000-7fe58eb32000 ---p 0000f000 08:01 269890                     /usr/lib/x86_64-linux-gnu/libXi.so.6.1.0
7fe58eb32000-7fe58eb33000 r--p 0000e000 08:01 269890                     /usr/lib/x86_64-linux-gnu/libXi.so.6.1.0
7fe58eb33000-7fe58eb34000 rw-p 0000f000 08:01 269890                     /usr/lib/x86_64-linux-gnu/libXi.so.6.1.0
7fe58eb34000-7fe58eb36000 r-xp 00000000 08:01 269892                     /usr/lib/x86_64-linux-gnu/libXinerama.so.1.0.0
7fe58eb36000-7fe58ed35000 ---p 00002000 08:01 269892                     /usr/lib/x86_64-linux-gnu/libXinerama.so.1.0.0
7fe58ed35000-7fe58ed36000 r--p 00001000 08:01 269892                     /usr/lib/x86_64-linux-gnu/libXinerama.so.1.0.0
7fe58ed36000-7fe58ed37000 rw-p 00002000 08:01 269892                     /usr/lib/x86_64-linux-gnu/libXinerama.so.1.0.0
7fe58ed37000-7fe58ed40000 r-xp 00000000 08:01 269904                     /usr/lib/x86_64-linux-gnu/libXrender.so.1.3.0
7fe58ed40000-7fe58ef3f000 ---p 00009000 08:01 269904                     /usr/lib/x86_64-linux-gnu/libXrender.so.1.3.0
7fe58ef3f000-7fe58ef40000 r--p 00008000 08:01 269904                     /usr/lib/x86_64-linux-gnu/libXrender.so.1.3.0
7fe58ef40000-7fe58ef41000 rw-p 00009000 08:01 269904                     /usr/lib/x86_64-linux-gnu/libXrender.so.1.3.0
7fe58ef41000-7fe58ef46000 r-xp 00000000 08:01 269884                     /usr/lib/x86_64-linux-gnu/libXfixes.so.3.1.0
7fe58ef46000-7fe58f145000 ---p 00005000 08:01 269884                     /usr/lib/x86_64-linux-gnu/libXfixes.so.3.1.0
7fe58f145000-7fe58f146000 r--p 00004000 08:01 269884                     /usr/lib/x86_64-linux-gnu/libXfixes.so.3.1.0
7fe58f146000-7fe58f147000 rw-p 00005000 08:01 269884                     /usr/lib/x86_64-linux-gnu/libXfixes.so.3.1.0
7fe58f147000-7fe58f15c000 r-xp 00000000 08:01 2359301                    /lib/x86_64-linux-gnu/libgcc_s.so.1
7fe58f15c000-7fe58f35b000 ---p 00015000 08:01 2359301                    /lib/x86_64-linux-gnu/libgcc_s.so.1
7fe58f35b000-7fe58f35c000 r--p 00014000 08:01 2359301                    /lib/x86_64-linux-gnu/libgcc_s.so.1
7fe58f35c000-7fe58f35d000 rw-p 00015000 08:01 2359301                    /lib/x86_64-linux-gnu/libgcc_s.so.1
7fe58f35d000-7fe58f443000 r-xp 00000000 08:01 266401                     /usr/lib/x86_64-linux-gnu/libstdc++.so.6.0.18
7fe58f443000-7fe58f642000 ---p 000e6000 08:01 266401                     /usr/lib/x86_64-linux-gnu/libstdc++.so.6.0.18
7fe58f642000-7fe58f64a000 r--p 000e5000 08:01 266401                     /usr/lib/x86_64-linux-gnu/libstdc++.so.6.0.18
7fe58f64a000-7fe58f64c000 rw-p 000ed000 08:01 266401                     /usr/lib/x86_64-linux-gnu/libstdc++.so.6.0.18
7fe58f64c000-7fe58f661000 rw-p 00000000 00:00 0 
7fe58f661000-7fe58f6bb000 r-xp 00000000 08:01 656915                     /usr/lib/x86_64-linux-gnu/mesa/libGL.so.1.2.0
7fe58f6bb000-7fe58f8bb000 ---p 0005a000 08:01 656915                     /usr/lib/x86_64-linux-gnu/mesa/libGL.so.1.2.0
7fe58f8bb000-7fe58f8bd000 r--p 0005a000 08:01 656915                     /usr/lib/x86_64-linux-gnu/mesa/libGL.so.1.2.0
7fe58f8bd000-7fe58f8be000 rw-p 0005c000 08:01 656915                     /usr/lib/x86_64-linux-gnu/mesa/libGL.so.1.2.0
7fe58f8be000-7fe58f8bf000 rw-p 00000000 00:00 0 
7fe58f8bf000-7fe58f8c3000 r-xp 00000000 08:01 269914                     /usr/lib/x86_64-linux-gnu/libXxf86vm.so.1.0.0
7fe58f8c3000-7fe58fac3000 ---p 00004000 08:01 269914                     /usr/lib/x86_64-linux-gnu/libXxf86vm.so.1.0.0
7fe58fac3000-7fe58fac4000 r--p 00004000 08:01 269914                     /usr/lib/x86_64-linux-gnu/libXxf86vm.so.1.0.0
7fe58fac4000-7fe58fac5000 rw-p 00005000 08:01 269914                     /usr/lib/x86_64-linux-gnu/libXxf86vm.so.1.0.0
7fe58fac5000-7fe58fbf5000 r-xp 00000000 08:01 269865                     /usr/lib/x86_64-linux-gnu/libX11.so.6.3.0
7fe58fbf5000-7fe58fdf5000 ---p 00130000 08:01 269865                     /usr/lib/x86_64-linux-gnu/libX11.so.6.3.0
7fe58fdf5000-7fe58fdf6000 r--p 00130000 08:01 269865                     /usr/lib/x86_64-linux-gnu/libX11.so.6.3.0
7fe58fdf6000-7fe58fdfa000 rw-p 00131000 08:01 269865                     /usr/lib/x86_64-linux-gnu/libX11.so.6.3.0
7fe58fdfa000-7fe58fdff000 r-xp 00000000 08:01 269908                     /usr/lib/x86_64-linux-gnu/libXtst.so.6.1.0
7fe58fdff000-7fe58fffe000 ---p 00005000 08:01 269908                     /usr/lib/x86_64-linux-gnu/libXtst.so.6.1.0
7fe58fffe000-7fe58ffff000 r--p 00004000 08:01 269908                     /usr/lib/x86_64-linux-gnu/libXtst.so.6.1.0
7fe58ffff000-7fe590000000 rw-p 00005000 08:01 269908                     /usr/lib/x86_64-linux-gnu/libXtst.so.6.1.0
7fe590000000-7fe590021000 rw-p 00000000 00:00 0 
7fe590021000-7fe594000000 ---p 00000000 00:00 0 
7fe594000000-7fe594002000 r--s 00045000 08:03 110625126                  /home/calcul/Documents/Julien/VoxeLidar/trunk/VoxeLidarGUIFX/target/lib/vecmath-1.3.1.jar
7fe594002000-7fe594003000 r--s 00006000 08:03 110627270                  /home/calcul/Documents/Julien/VoxeLidar/trunk/VoxeLidarGUIFX/target/lib/sax-2.0.1.jar
7fe594003000-7fe594009000 r--s 00044000 08:03 110627257                  /home/calcul/Documents/Julien/VoxeLidar/trunk/VoxeLidarGUIFX/target/lib/jdom2-2.0.5.jar
7fe594009000-7fe59400a000 r--s 00003000 08:03 110627273                  /home/calcul/Documents/Julien/VoxeLidar/trunk/VoxeLidarGUIFX/target/lib/opencsv-2.0.jar
7fe59400a000-7fe59400d000 r--s 00013000 08:03 110627269                  /home/calcul/Documents/Julien/VoxeLidar/trunk/VoxeLidarGUIFX/target/lib/commons-io-1.3.2.jar
7fe59400d000-7fe594031000 r--s 00306000 08:03 110627280                  /home/calcul/Documents/Julien/VoxeLidar/trunk/VoxeLidarGUIFX/target/lib/jogl-all-2.3.0.jar
7fe594031000-7fe594088000 r--p 00000000 08:01 1325739                    /usr/share/glib-2.0/schemas/gschemas.compiled
7fe594088000-7fe594108000 rw-s 5e9f10000 00:05 12468                     /dev/dri/card0
7fe594108000-7fe594206000 r-xp 00000000 08:01 2363127                    /lib/x86_64-linux-gnu/libglib-2.0.so.0.3800.1
7fe594206000-7fe594406000 ---p 000fe000 08:01 2363127                    /lib/x86_64-linux-gnu/libglib-2.0.so.0.3800.1
7fe594406000-7fe594407000 r--p 000fe000 08:01 2363127                    /lib/x86_64-linux-gnu/libglib-2.0.so.0.3800.1
7fe594407000-7fe594408000 rw-p 000ff000 08:01 2363127                    /lib/x86_64-linux-gnu/libglib-2.0.so.0.3800.1
7fe594408000-7fe594409000 rw-p 00000000 00:00 0 
7fe594409000-7fe59440a000 r-xp 00000000 08:01 266608                     /usr/lib/x86_64-linux-gnu/libgthread-2.0.so.0.3800.1
7fe59440a000-7fe594609000 ---p 00001000 08:01 266608                     /usr/lib/x86_64-linux-gnu/libgthread-2.0.so.0.3800.1
7fe594609000-7fe59460a000 r--p 00000000 08:01 266608                     /usr/lib/x86_64-linux-gnu/libgthread-2.0.so.0.3800.1
7fe59460a000-7fe59460b000 rw-p 00001000 08:01 266608                     /usr/lib/x86_64-linux-gnu/libgthread-2.0.so.0.3800.1
7fe59460b000-7fe59460e000 r-xp 00000000 08:01 266609                     /usr/lib/x86_64-linux-gnu/libgmodule-2.0.so.0.3800.1
7fe59460e000-7fe59480d000 ---p 00003000 08:01 266609                     /usr/lib/x86_64-linux-gnu/libgmodule-2.0.so.0.3800.1
7fe59480d000-7fe59480e000 r--p 00002000 08:01 266609                     /usr/lib/x86_64-linux-gnu/libgmodule-2.0.so.0.3800.1
7fe59480e000-7fe59480f000 rw-p 00003000 08:01 266609                     /usr/lib/x86_64-linux-gnu/libgmodule-2.0.so.0.3800.1
7fe59480f000-7fe59485e000 r-xp 00000000 08:01 262548                     /usr/lib/x86_64-linux-gnu/libgobject-2.0.so.0.3800.1
7fe59485e000-7fe594a5e000 ---p 0004f000 08:01 262548                     /usr/lib/x86_64-linux-gnu/libgobject-2.0.so.0.3800.1
7fe594a5e000-7fe594a5f000 r--p 0004f000 08:01 262548                     /usr/lib/x86_64-linux-gnu/libgobject-2.0.so.0.3800.1
7fe594a5f000-7fe594a60000 rw-p 00050000 08:01 262548                     /usr/lib/x86_64-linux-gnu/libgobject-2.0.so.0.3800.1
7fe594a60000-7fe594a99000 r-xp 00000000 08:01 270131                     /usr/lib/x86_64-linux-gnu/libfontconfig.so.1.7.0
7fe594a99000-7fe594c99000 ---p 00039000 08:01 270131                     /usr/lib/x86_64-linux-gnu/libfontconfig.so.1.7.0
7fe594c99000-7fe594c9b000 r--p 00039000 08:01 270131                     /usr/lib/x86_64-linux-gnu/libfontconfig.so.1.7.0
7fe594c9b000-7fe594c9c000 rw-p 0003b000 08:01 270131                     /usr/lib/x86_64-linux-gnu/libfontconfig.so.1.7.0
7fe594c9c000-7fe594d38000 r-xp 00000000 08:01 262656                     /usr/lib/x86_64-linux-gnu/libfreetype.so.6.10.1
7fe594d38000-7fe594f38000 ---p 0009c000 08:01 262656                     /usr/lib/x86_64-linux-gnu/libfreetype.so.6.10.1
7fe594f38000-7fe594f3d000 r--p 0009c000 08:01 262656                     /usr/lib/x86_64-linux-gnu/libfreetype.so.6.10.1
7fe594f3d000-7fe594f3e000 rw-p 000a1000 08:01 262656                     /usr/lib/x86_64-linux-gnu/libfreetype.so.6.10.1
7fe594f3e000-7fe594f88000 r-xp 00000000 08:01 270548                     /usr/lib/x86_64-linux-gnu/libpango-1.0.so.0.3200.5
7fe594f88000-7fe595187000 ---p 0004a000 08:01 270548                     /usr/lib/x86_64-linux-gnu/libpango-1.0.so.0.3200.5
7fe595187000-7fe595189000 r--p 00049000 08:01 270548                     /usr/lib/x86_64-linux-gnu/libpango-1.0.so.0.3200.5
7fe595189000-7fe59518a000 rw-p 0004b000 08:01 270548                     /usr/lib/x86_64-linux-gnu/libpango-1.0.so.0.3200.5
7fe59518a000-7fe59528e000 r-xp 00000000 08:01 269989                     /usr/lib/x86_64-linux-gnu/libcairo.so.2.11200.16
7fe59528e000-7fe59548d000 ---p 00104000 08:01 269989                     /usr/lib/x86_64-linux-gnu/libcairo.so.2.11200.16
7fe59548d000-7fe595490000 r--p 00103000 08:01 269989                     /usr/lib/x86_64-linux-gnu/libcairo.so.2.11200.16
7fe595490000-7fe595491000 rw-p 00106000 08:01 269989                     /usr/lib/x86_64-linux-gnu/libcairo.so.2.11200.16
7fe595491000-7fe595493000 rw-p 00000000 00:00 0 
7fe595493000-7fe59549e000 r-xp 00000000 08:01 270550                     /usr/lib/x86_64-linux-gnu/libpangocairo-1.0.so.0.3200.5
7fe59549e000-7fe59569e000 ---p 0000b000 08:01 270550                     /usr/lib/x86_64-linux-gnu/libpangocairo-1.0.so.0.3200.5
7fe59569e000-7fe59569f000 r--p 0000b000 08:01 270550                     /usr/lib/x86_64-linux-gnu/libpangocairo-1.0.so.0.3200.5
7fe59569f000-7fe5956a0000 rw-p 0000c000 08:01 270550                     /usr/lib/x86_64-linux-gnu/libpangocairo-1.0.so.0.3200.5
7fe5956a0000-7fe5956bf000 r-xp 00000000 08:01 270198                     /usr/lib/x86_64-linux-gnu/libgdk_pixbuf-2.0.so.0.2800.1
7fe5956bf000-7fe5958be000 ---p 0001f000 08:01 270198                     /usr/lib/x86_64-linux-gnu/libgdk_pixbuf-2.0.so.0.2800.1
7fe5958be000-7fe5958bf000 r--p 0001e000 08:01 270198                     /usr/lib/x86_64-linux-gnu/libgdk_pixbuf-2.0.so.0.2800.1
7fe5958bf000-7fe5958c0000 rw-p 0001f000 08:01 270198                     /usr/lib/x86_64-linux-gnu/libgdk_pixbuf-2.0.so.0.2800.1
7fe5958c0000-7fe5958d4000 r-xp 00000000 08:01 270552                     /usr/lib/x86_64-linux-gnu/libpangoft2-1.0.so.0.3200.5
7fe5958d4000-7fe595ad3000 ---p 00014000 08:01 270552                     /usr/lib/x86_64-linux-gnu/libpangoft2-1.0.so.0.3200.5
7fe595ad3000-7fe595ad4000 r--p 00013000 08:01 270552                     /usr/lib/x86_64-linux-gnu/libpangoft2-1.0.so.0.3200.5
7fe595ad4000-7fe595ad5000 rw-p 00014000 08:01 270552                     /usr/lib/x86_64-linux-gnu/libpangoft2-1.0.so.0.3200.5
7fe595ad5000-7fe595c31000 r-xp 00000000 08:01 262529                     /usr/lib/x86_64-linux-gnu/libgio-2.0.so.0.3800.1
7fe595c31000-7fe595e30000 ---p 0015c000 08:01 262529                     /usr/lib/x86_64-linux-gnu/libgio-2.0.so.0.3800.1
7fe595e30000-7fe595e34000 r--p 0015b000 08:01 262529                     /usr/lib/x86_64-linux-gnu/libgio-2.0.so.0.3800.1
7fe595e34000-7fe595e36000 rw-p 0015f000 08:01 262529                     /usr/lib/x86_64-linux-gnu/libgio-2.0.so.0.3800.1
7fe595e36000-7fe595e38000 rw-p 00000000 00:00 0 
7fe595e38000-7fe595e57000 r-xp 00000000 08:01 269949                     /usr/lib/x86_64-linux-gnu/libatk-1.0.so.0.21009.1
7fe595e57000-7fe596057000 ---p 0001f000 08:01 269949                     /usr/lib/x86_64-linux-gnu/libatk-1.0.so.0.21009.1
7fe596057000-7fe596059000 r--p 0001f000 08:01 269949                     /usr/lib/x86_64-linux-gnu/libatk-1.0.so.0.21009.1
7fe596059000-7fe59605a000 rw-p 00021000 08:01 269949                     /usr/lib/x86_64-linux-gnu/libatk-1.0.so.0.21009.1
7fe59605a000-7fe596107000 r-xp 00000000 08:01 270196                     /usr/lib/x86_64-linux-gnu/libgdk-x11-2.0.so.0.2400.20
7fe596107000-7fe596306000 ---p 000ad000 08:01 270196                     /usr/lib/x86_64-linux-gnu/libgdk-x11-2.0.so.0.2400.20
7fe596306000-7fe59630a000 r--p 000ac000 08:01 270196                     /usr/lib/x86_64-linux-gnu/libgdk-x11-2.0.so.0.2400.20
7fe59630a000-7fe59630c000 rw-p 000b0000 08:01 270196                     /usr/lib/x86_64-linux-gnu/libgdk-x11-2.0.so.0.2400.20
7fe59630c000-7fe59673b000 r-xp 00000000 08:01 270356                     /usr/lib/x86_64-linux-gnu/libgtk-x11-2.0.so.0.2400.20
7fe59673b000-7fe59693a000 ---p 0042f000 08:01 270356                     /usr/lib/x86_64-linux-gnu/libgtk-x11-2.0.so.0.2400.20
7fe59693a000-7fe596941000 r--p 0042e000 08:01 270356                     /usr/lib/x86_64-linux-gnu/libgtk-x11-2.0.so.0.2400.20
7fe596941000-7fe596945000 rw-p 00435000 08:01 270356                     /usr/lib/x86_64-linux-gnu/libgtk-x11-2.0.so.0.2400.20
7fe596945000-7fe596948000 rw-p 00000000 00:00 0 
7fe596948000-7fe596954000 r-xp 00000000 08:03 107611340                  /home/calcul/Téléchargements/jdk1.8.0_40/jre/lib/amd64/libprism_es2.so
7fe596954000-7fe596b53000 ---p 0000c000 08:03 107611340                  /home/calcul/Téléchargements/jdk1.8.0_40/jre/lib/amd64/libprism_es2.so
7fe596b53000-7fe596b54000 r--p 0000b000 08:03 107611340                  /home/calcul/Téléchargements/jdk1.8.0_40/jre/lib/amd64/libprism_es2.so
7fe596b54000-7fe596b55000 rw-p 0000c000 08:03 107611340                  /home/calcul/Téléchargements/jdk1.8.0_40/jre/lib/amd64/libprism_es2.so
7fe596b55000-7fe596b58000 ---p 00000000 00:00 0 
7fe596b58000-7fe596c56000 rw-p 00000000 00:00 0                          [stack:18800]
7fe596c56000-7fe596ceb000 r--s 010fa000 08:03 107611382                  /home/calcul/Téléchargements/jdk1.8.0_40/jre/lib/ext/jfxrt.jar
7fe596ceb000-7fe596cec000 ---p 00000000 00:00 0 
7fe596cec000-7fe596dec000 rw-p 00000000 00:00 0                          [stack:18799]
7fe596dec000-7fe596def000 ---p 00000000 00:00 0 
7fe596def000-7fe596eed000 rw-p 00000000 00:00 0                          [stack:18798]
7fe596eed000-7fe596ef0000 ---p 00000000 00:00 0 
7fe596ef0000-7fe596fee000 rw-p 00000000 00:00 0                          [stack:18797]
7fe596fee000-7fe596ff1000 ---p 00000000 00:00 0 
7fe596ff1000-7fe5970ef000 rw-p 00000000 00:00 0                          [stack:18796]
7fe5970ef000-7fe5970f2000 ---p 00000000 00:00 0 
7fe5970f2000-7fe5971f0000 rw-p 00000000 00:00 0                          [stack:18795]
7fe5971f0000-7fe5971f3000 ---p 00000000 00:00 0 
7fe5971f3000-7fe5972f1000 rw-p 00000000 00:00 0                          [stack:18794]
7fe5972f1000-7fe5972f4000 ---p 00000000 00:00 0 
7fe5972f4000-7fe5973f2000 rw-p 00000000 00:00 0                          [stack:18792]
7fe5973f2000-7fe5973f5000 ---p 00000000 00:00 0 
7fe5973f5000-7fe5974f3000 rw-p 00000000 00:00 0                          [stack:18790]
7fe5974f3000-7fe5974f6000 ---p 00000000 00:00 0 
7fe5974f6000-7fe5975f4000 rw-p 00000000 00:00 0                          [stack:18788]
7fe5975f4000-7fe5975f8000 r-xp 00000000 08:03 107611290                  /home/calcul/Téléchargements/jdk1.8.0_40/jre/lib/amd64/libdt_socket.so
7fe5975f8000-7fe5977f7000 ---p 00004000 08:03 107611290                  /home/calcul/Téléchargements/jdk1.8.0_40/jre/lib/amd64/libdt_socket.so
7fe5977f7000-7fe5977f8000 rw-p 00003000 08:03 107611290                  /home/calcul/Téléchargements/jdk1.8.0_40/jre/lib/amd64/libdt_socket.so
7fe5977f8000-7fe5977fb000 ---p 00000000 00:00 0 
7fe5977fb000-7fe5978f9000 rw-p 00000000 00:00 0                          [stack:18787]
7fe5978f9000-7fe5978fc000 ---p 00000000 00:00 0 
7fe5978fc000-7fe5979fa000 rw-p 00000000 00:00 0                          [stack:18786]
7fe5979fa000-7fe5979fd000 ---p 00000000 00:00 0 
7fe5979fd000-7fe597afb000 rw-p 00000000 00:00 0                          [stack:18785]
7fe597afb000-7fe597afc000 ---p 00000000 00:00 0 
7fe597afc000-7fe598000000 rw-p 00000000 00:00 0                          [stack:18784]
7fe598000000-7fe598021000 rw-p 00000000 00:00 0 
7fe598021000-7fe59c000000 ---p 00000000 00:00 0 
7fe59c000000-7fe59c007000 r--s 0005e000 08:03 110627272                  /home/calcul/Documents/Julien/VoxeLidar/trunk/VoxeLidarGUIFX/target/lib/commons-lang3-3.3.2.jar
7fe59c007000-7fe59c00a000 r--s 00008000 08:03 110627281                  /home/calcul/Documents/Julien/VoxeLidar/trunk/VoxeLidarGUIFX/target/lib/exp4j-0.4.0.ALPHA-3.jar
7fe59c00a000-7fe59c00b000 r--s 00031000 08:03 110625122                  /home/calcul/Documents/Julien/VoxeLidar/trunk/VoxeLidarGUIFX/target/lib/jogl-all-2.3.0-natives-windows-i586.jar
7fe59c00b000-7fe59c00d000 r--s 00038000 08:03 110625121                  /home/calcul/Documents/Julien/VoxeLidar/trunk/VoxeLidarGUIFX/target/lib/jogl-all-2.3.0-natives-windows-amd64.jar
7fe59c00d000-7fe59c00f000 r--s 00024000 08:03 110627256                  /home/calcul/Documents/Julien/VoxeLidar/trunk/VoxeLidarGUIFX/target/lib/jogl-all-2.3.0-natives-solaris-i586.jar
7fe59c00f000-7fe59c010000 r--s 00032000 08:03 110627271                  /home/calcul/Documents/Julien/VoxeLidar/trunk/VoxeLidarGUIFX/target/lib/jogl-all-2.3.0-natives-solaris-amd64.jar
7fe59c010000-7fe59c011000 r--s 0006d000 08:03 110625168                  /home/calcul/Documents/Julien/VoxeLidar/trunk/VoxeLidarGUIFX/target/lib/jogl-all-2.3.0-natives-macosx-universal.jar
7fe59c011000-7fe59c013000 r--s 00031000 08:03 110625171                  /home/calcul/Documents/Julien/VoxeLidar/trunk/VoxeLidarGUIFX/target/lib/jogl-all-2.3.0-natives-linux-i586.jar
7fe59c013000-7fe59c015000 r--s 00025000 08:03 110625120                  /home/calcul/Documents/Julien/VoxeLidar/trunk/VoxeLidarGUIFX/target/lib/jogl-all-2.3.0-natives-linux-armv6hf.jar
7fe59c015000-7fe59c016000 r--s 00025000 08:03 110625167                  /home/calcul/Documents/Julien/VoxeLidar/trunk/VoxeLidarGUIFX/target/lib/jogl-all-2.3.0-natives-linux-armv6.jar
7fe59c016000-7fe59c017000 r--s 00033000 08:03 110627268                  /home/calcul/Documents/Julien/VoxeLidar/trunk/VoxeLidarGUIFX/target/lib/jogl-all-2.3.0-natives-linux-amd64.jar
7fe59c017000-7fe59c018000 r--s 0000e000 08:03 110627265                  /home/calcul/Documents/Julien/VoxeLidar/trunk/VoxeLidarGUIFX/target/lib/jogl-all-2.3.0-natives-android-armv6.jar
7fe59c018000-7fe59c019000 r--s 0000f000 08:03 110627267                  /home/calcul/Documents/Julien/VoxeLidar/trunk/VoxeLidarGUIFX/target/lib/jogl-all-2.3.0-natives-android-aarch64.jar
7fe59c019000-7fe59c01a000 r--s 00000000 08:03 110625117                  /home/calcul/Documents/Julien/VoxeLidar/trunk/VoxeLidarGUIFX/target/lib/jogl-all-main-2.3.0.jar
7fe59c01a000-7fe59c01b000 r--s 00001000 08:03 110627266                  /home/calcul/Documents/Julien/VoxeLidar/trunk/VoxeLidarGUIFX/target/lib/gluegen-rt-2.3.0-natives-windows-i586.jar
7fe59c01b000-7fe59c01c000 r--s 00001000 08:03 110627260                  /home/calcul/Documents/Julien/VoxeLidar/trunk/VoxeLidarGUIFX/target/lib/gluegen-rt-2.3.0-natives-windows-amd64.jar
7fe59c01c000-7fe59c01d000 r--s 00000000 08:03 110625165                  /home/calcul/Documents/Julien/VoxeLidar/trunk/VoxeLidarGUIFX/target/lib/gluegen-rt-2.3.0-natives-solaris-i586.jar
7fe59c01d000-7fe59c01e000 r--s 00001000 08:03 110625174                  /home/calcul/Documents/Julien/VoxeLidar/trunk/VoxeLidarGUIFX/target/lib/gluegen-rt-2.3.0-natives-solaris-amd64.jar
7fe59c01e000-7fe59c01f000 r--s 00001000 08:03 110627262                  /home/calcul/Documents/Julien/VoxeLidar/trunk/VoxeLidarGUIFX/target/lib/gluegen-rt-2.3.0-natives-macosx-universal.jar
7fe59c01f000-7fe59c025000 r--s 0004a000 08:03 110625173                  /home/calcul/Documents/Julien/VoxeLidar/trunk/VoxeLidarGUIFX/target/lib/gluegen-rt-2.3.0.jar
7fe59c025000-7fe59c03f000 r--p 00000000 08:01 2103031                    /usr/share/locale-langpack/fr/LC_MESSAGES/glib20.mo
7fe59c03f000-7fe59c06a000 r--p 00000000 08:01 2103067                    /usr/share/locale-langpack/fr/LC_MESSAGES/gtk20-properties.mo
7fe59c06a000-7fe59c079000 r--p 00000000 08:01 2103070                    /usr/share/locale-langpack/fr/LC_MESSAGES/gtk20.mo
7fe59c079000-7fe59d790000 rw-p 00000000 00:00 0 
7fe59d790000-7fe59d968000 r--s 03d09000 08:03 107611368                  /home/calcul/Téléchargements/jdk1.8.0_40/jre/lib/rt.jar
7fe59d968000-7fe59e550000 rw-p 00000000 00:00 0 
7fe59e550000-7fe59e551000 ---p 00000000 00:00 0 
7fe59e551000-7fe59e651000 rw-p 00000000 00:00 0                          [stack:18783]
7fe59e651000-7fe59e652000 ---p 00000000 00:00 0 
7fe59e652000-7fe59e752000 rw-p 00000000 00:00 0                          [stack:18782]
7fe59e752000-7fe59e753000 ---p 00000000 00:00 0 
7fe59e753000-7fe59e853000 rw-p 00000000 00:00 0                          [stack:18781]
7fe59e853000-7fe59e854000 ---p 00000000 00:00 0 
7fe59e854000-7fe59eaa4000 rw-p 00000000 00:00 0                          [stack:18780]
7fe59eaa4000-7fe5a2bff000 ---p 00000000 00:00 0 
7fe5a2bff000-7fe5a2d4f000 rw-p 00000000 00:00 0 
7fe5a2d4f000-7fe5a6ea9000 ---p 00000000 00:00 0 
7fe5a6ea9000-7fe5a6f52000 rw-p 00000000 00:00 0 
7fe5a6f52000-7fe5a8fff000 ---p 00000000 00:00 0 
7fe5a8fff000-7fe5d2f00000 rw-p 00000000 00:00 0 
7fe5d2f00000-7fedfe580000 ---p 00000000 00:00 0 
7fedfe580000-7fee13480000 rw-p 00000000 00:00 0 
7fee13480000-7ff229000000 ---p 00000000 00:00 0 
7ff229000000-7ff229270000 rwxp 00000000 00:00 0 
7ff229270000-7ff238000000 ---p 00000000 00:00 0 
7ff238000000-7ff2385c1000 rw-p 00000000 00:00 0 
7ff2385c1000-7ff23c000000 ---p 00000000 00:00 0 
7ff23c000000-7ff23c007000 r--p 00000000 08:03 68423843                   /home/calcul/.config/dconf/user
7ff23c007000-7ff23c02d000 r--p 00000000 08:01 2102789                    /usr/share/locale-langpack/fr/LC_MESSAGES/libc.mo
7ff23c02d000-7ff23c07c000 rw-p 00000000 00:00 0 
7ff23c07c000-7ff23c07d000 ---p 00000000 00:00 0 
7ff23c07d000-7ff23c17d000 rw-p 00000000 00:00 0                          [stack:18779]
7ff23c17d000-7ff23c17e000 ---p 00000000 00:00 0 
7ff23c17e000-7ff23c27e000 rw-p 00000000 00:00 0                          [stack:18778]
7ff23c27e000-7ff23c27f000 ---p 00000000 00:00 0 
7ff23c27f000-7ff23c37f000 rw-p 00000000 00:00 0                          [stack:18777]
7ff23c37f000-7ff23c380000 ---p 00000000 00:00 0 
7ff23c380000-7ff23c48a000 rw-p 00000000 00:00 0                          [stack:18776]
7ff23c48a000-7ff23c840000 ---p 00000000 00:00 0 
7ff23c840000-7ff23c85a000 r-xp 00000000 08:03 107611318                  /home/calcul/Téléchargements/jdk1.8.0_40/jre/lib/amd64/libzip.so
7ff23c85a000-7ff23ca5a000 ---p 0001a000 08:03 107611318                  /home/calcul/Téléchargements/jdk1.8.0_40/jre/lib/amd64/libzip.so
7ff23ca5a000-7ff23ca5b000 rw-p 0001a000 08:03 107611318                  /home/calcul/Téléchargements/jdk1.8.0_40/jre/lib/amd64/libzip.so
7ff23ca5b000-7ff23ca67000 r-xp 00000000 08:01 2363258                    /lib/x86_64-linux-gnu/libnss_files-2.17.so
7ff23ca67000-7ff23cc66000 ---p 0000c000 08:01 2363258                    /lib/x86_64-linux-gnu/libnss_files-2.17.so
7ff23cc66000-7ff23cc67000 r--p 0000b000 08:01 2363258                    /lib/x86_64-linux-gnu/libnss_files-2.17.so
7ff23cc67000-7ff23cc68000 rw-p 0000c000 08:01 2363258                    /lib/x86_64-linux-gnu/libnss_files-2.17.so
7ff23cc68000-7ff23cc73000 r-xp 00000000 08:01 2363262                    /lib/x86_64-linux-gnu/libnss_nis-2.17.so
7ff23cc73000-7ff23ce72000 ---p 0000b000 08:01 2363262                    /lib/x86_64-linux-gnu/libnss_nis-2.17.so
7ff23ce72000-7ff23ce73000 r--p 0000a000 08:01 2363262                    /lib/x86_64-linux-gnu/libnss_nis-2.17.so
7ff23ce73000-7ff23ce74000 rw-p 0000b000 08:01 2363262                    /lib/x86_64-linux-gnu/libnss_nis-2.17.so
7ff23ce74000-7ff23ce8b000 r-xp 00000000 08:01 2363252                    /lib/x86_64-linux-gnu/libnsl-2.17.so
7ff23ce8b000-7ff23d08a000 ---p 00017000 08:01 2363252                    /lib/x86_64-linux-gnu/libnsl-2.17.so
7ff23d08a000-7ff23d08b000 r--p 00016000 08:01 2363252                    /lib/x86_64-linux-gnu/libnsl-2.17.so
7ff23d08b000-7ff23d08c000 rw-p 00017000 08:01 2363252                    /lib/x86_64-linux-gnu/libnsl-2.17.so
7ff23d08c000-7ff23d08e000 rw-p 00000000 00:00 0 
7ff23d08e000-7ff23d096000 r-xp 00000000 08:01 2363254                    /lib/x86_64-linux-gnu/libnss_compat-2.17.so
7ff23d096000-7ff23d295000 ---p 00008000 08:01 2363254                    /lib/x86_64-linux-gnu/libnss_compat-2.17.so
7ff23d295000-7ff23d296000 r--p 00007000 08:01 2363254                    /lib/x86_64-linux-gnu/libnss_compat-2.17.so
7ff23d296000-7ff23d297000 rw-p 00008000 08:01 2363254                    /lib/x86_64-linux-gnu/libnss_compat-2.17.so
7ff23d297000-7ff23d97e000 r--p 00000000 08:01 268937                     /usr/lib/locale/locale-archive
7ff23d97e000-7ff23d980000 r-xp 00000000 08:03 107611300                  /home/calcul/Téléchargements/jdk1.8.0_40/jre/lib/amd64/libnpt.so
7ff23d980000-7ff23db80000 ---p 00002000 08:03 107611300                  /home/calcul/Téléchargements/jdk1.8.0_40/jre/lib/amd64/libnpt.so
7ff23db80000-7ff23db81000 rw-p 00002000 08:03 107611300                  /home/calcul/Téléchargements/jdk1.8.0_40/jre/lib/amd64/libnpt.so
7ff23db81000-7ff23dbba000 r-xp 00000000 08:03 107611307                  /home/calcul/Téléchargements/jdk1.8.0_40/jre/lib/amd64/libjdwp.so
7ff23dbba000-7ff23ddb9000 ---p 00039000 08:03 107611307                  /home/calcul/Téléchargements/jdk1.8.0_40/jre/lib/amd64/libjdwp.so
7ff23ddb9000-7ff23ddbb000 rw-p 00038000 08:03 107611307                  /home/calcul/Téléchargements/jdk1.8.0_40/jre/lib/amd64/libjdwp.so
7ff23ddbb000-7ff23dde5000 r-xp 00000000 08:03 107611296                  /home/calcul/Téléchargements/jdk1.8.0_40/jre/lib/amd64/libjava.so
7ff23dde5000-7ff23dfe5000 ---p 0002a000 08:03 107611296                  /home/calcul/Téléchargements/jdk1.8.0_40/jre/lib/amd64/libjava.so
7ff23dfe5000-7ff23dfe7000 rw-p 0002a000 08:03 107611296                  /home/calcul/Téléchargements/jdk1.8.0_40/jre/lib/amd64/libjava.so
7ff23dfe7000-7ff23dff4000 r-xp 00000000 08:03 107611312                  /home/calcul/Téléchargements/jdk1.8.0_40/jre/lib/amd64/libverify.so
7ff23dff4000-7ff23e1f4000 ---p 0000d000 08:03 107611312                  /home/calcul/Téléchargements/jdk1.8.0_40/jre/lib/amd64/libverify.so
7ff23e1f4000-7ff23e1f6000 rw-p 0000d000 08:03 107611312                  /home/calcul/Téléchargements/jdk1.8.0_40/jre/lib/amd64/libverify.so
7ff23e1f6000-7ff23e1fd000 r-xp 00000000 08:01 2363305                    /lib/x86_64-linux-gnu/librt-2.17.so
7ff23e1fd000-7ff23e3fc000 ---p 00007000 08:01 2363305                    /lib/x86_64-linux-gnu/librt-2.17.so
7ff23e3fc000-7ff23e3fd000 r--p 00006000 08:01 2363305                    /lib/x86_64-linux-gnu/librt-2.17.so
7ff23e3fd000-7ff23e3fe000 rw-p 00007000 08:01 2363305                    /lib/x86_64-linux-gnu/librt-2.17.so
7ff23e3fe000-7ff23e501000 r-xp 00000000 08:01 2363233                    /lib/x86_64-linux-gnu/libm-2.17.so
7ff23e501000-7ff23e700000 ---p 00103000 08:01 2363233                    /lib/x86_64-linux-gnu/libm-2.17.so
7ff23e700000-7ff23e701000 r--p 00102000 08:01 2363233                    /lib/x86_64-linux-gnu/libm-2.17.so
7ff23e701000-7ff23e702000 rw-p 00103000 08:01 2363233                    /lib/x86_64-linux-gnu/libm-2.17.so
7ff23e702000-7ff23f3b0000 r-xp 00000000 08:03 107611334                  /home/calcul/Téléchargements/jdk1.8.0_40/jre/lib/amd64/server/libjvm.so
7ff23f3b0000-7ff23f5af000 ---p 00cae000 08:03 107611334                  /home/calcul/Téléchargements/jdk1.8.0_40/jre/lib/amd64/server/libjvm.so
7ff23f5af000-7ff23f686000 rw-p 00cad000 08:03 107611334                  /home/calcul/Téléchargements/jdk1.8.0_40/jre/lib/amd64/server/libjvm.so
7ff23f686000-7ff23f6ca000 rw-p 00000000 00:00 0 
7ff23f6ca000-7ff23f887000 r-xp 00000000 08:01 2363182                    /lib/x86_64-linux-gnu/libc-2.17.so
7ff23f887000-7ff23fa87000 ---p 001bd000 08:01 2363182                    /lib/x86_64-linux-gnu/libc-2.17.so
7ff23fa87000-7ff23fa8b000 r--p 001bd000 08:01 2363182                    /lib/x86_64-linux-gnu/libc-2.17.so
7ff23fa8b000-7ff23fa8d000 rw-p 001c1000 08:01 2363182                    /lib/x86_64-linux-gnu/libc-2.17.so
7ff23fa8d000-7ff23fa92000 rw-p 00000000 00:00 0 
7ff23fa92000-7ff23fa95000 r-xp 00000000 08:01 2363197                    /lib/x86_64-linux-gnu/libdl-2.17.so
7ff23fa95000-7ff23fc94000 ---p 00003000 08:01 2363197                    /lib/x86_64-linux-gnu/libdl-2.17.so
7ff23fc94000-7ff23fc95000 r--p 00002000 08:01 2363197                    /lib/x86_64-linux-gnu/libdl-2.17.so
7ff23fc95000-7ff23fc96000 rw-p 00003000 08:01 2363197                    /lib/x86_64-linux-gnu/libdl-2.17.so
7ff23fc96000-7ff23fcab000 r-xp 00000000 08:03 107611306                  /home/calcul/Téléchargements/jdk1.8.0_40/jre/lib/amd64/jli/libjli.so
7ff23fcab000-7ff23feab000 ---p 00015000 08:03 107611306                  /home/calcul/Téléchargements/jdk1.8.0_40/jre/lib/amd64/jli/libjli.so
7ff23feab000-7ff23feac000 rw-p 00015000 08:03 107611306                  /home/calcul/Téléchargements/jdk1.8.0_40/jre/lib/amd64/jli/libjli.so
7ff23feac000-7ff23fec3000 r-xp 00000000 08:01 2363297                    /lib/x86_64-linux-gnu/libpthread-2.17.so
7ff23fec3000-7ff2400c3000 ---p 00017000 08:01 2363297                    /lib/x86_64-linux-gnu/libpthread-2.17.so
7ff2400c3000-7ff2400c4000 r--p 00017000 08:01 2363297                    /lib/x86_64-linux-gnu/libpthread-2.17.so
7ff2400c4000-7ff2400c5000 rw-p 00018000 08:01 2363297                    /lib/x86_64-linux-gnu/libpthread-2.17.so
7ff2400c5000-7ff2400c9000 rw-p 00000000 00:00 0 
7ff2400c9000-7ff2400ec000 r-xp 00000000 08:01 2363158                    /lib/x86_64-linux-gnu/ld-2.17.so
7ff2400ec000-7ff2400ee000 r--s 00000000 08:03 110625172                  /home/calcul/Documents/Julien/VoxeLidar/trunk/VoxeLidarGUIFX/target/lib/gluegen-rt-2.3.0-natives-linux-i586.jar
7ff2400ee000-7ff2400ef000 r--s 00000000 08:03 110625163                  /home/calcul/Documents/Julien/VoxeLidar/trunk/VoxeLidarGUIFX/target/lib/gluegen-rt-2.3.0-natives-linux-armv6hf.jar
7ff2400ef000-7ff2400f0000 r--s 00000000 08:03 110625175                  /home/calcul/Documents/Julien/VoxeLidar/trunk/VoxeLidarGUIFX/target/lib/gluegen-rt-2.3.0-natives-linux-armv6.jar
7ff2400f0000-7ff2401c1000 rw-p 00000000 00:00 0 
7ff2401c1000-7ff2401c4000 ---p 00000000 00:00 0 
7ff2401c4000-7ff2402c6000 rw-p 00000000 00:00 0                          [stack:18775]
7ff2402c6000-7ff2402c8000 r--s 00000000 08:03 110627279                  /home/calcul/Documents/Julien/VoxeLidar/trunk/VoxeLidarGUIFX/target/lib/gluegen-rt-2.3.0-natives-linux-amd64.jar
7ff2402c8000-7ff2402c9000 r--s 00001000 08:03 110627274                  /home/calcul/Documents/Julien/VoxeLidar/trunk/VoxeLidarGUIFX/target/lib/gluegen-rt-2.3.0-natives-android-armv6.jar
7ff2402c9000-7ff2402ca000 r--s 00000000 08:03 110627258                  /home/calcul/Documents/Julien/VoxeLidar/trunk/VoxeLidarGUIFX/target/lib/gluegen-rt-2.3.0-natives-android-aarch64.jar
7ff2402ca000-7ff2402cb000 r--s 00000000 08:03 110625127                  /home/calcul/Documents/Julien/VoxeLidar/trunk/VoxeLidarGUIFX/target/lib/gluegen-rt-main-2.3.0.jar
7ff2402cb000-7ff2402cc000 rw-s 5eaa5b000 00:05 12468                     /dev/dri/card0
7ff2402cc000-7ff2402cd000 r--s 00000000 00:14 7111285                    /run/user/1000/dconf/user
7ff2402cd000-7ff2402d4000 r--s 00000000 08:01 656385                     /usr/lib/x86_64-linux-gnu/gconv/gconv-modules.cache
7ff2402d4000-7ff2402d5000 rw-s 5ea110000 00:05 12468                     /dev/dri/card0
7ff2402d5000-7ff2402df000 r--s 001b8000 08:03 110495266                  /home/calcul/Documents/Julien/VoxeLidar/trunk/VoxeLidarGUIFX/target/VoxeLidarGUIFX-1.0.jar
7ff2402df000-7ff2402e7000 rw-s 00000000 08:01 397755                     /tmp/hsperfdata_calcul/18771
7ff2402e7000-7ff2402e8000 rw-p 00000000 00:00 0 
7ff2402e8000-7ff2402e9000 r--p 00000000 00:00 0 
7ff2402e9000-7ff2402eb000 rw-p 00000000 00:00 0 
7ff2402eb000-7ff2402ec000 r--p 00022000 08:01 2363158                    /lib/x86_64-linux-gnu/ld-2.17.so
7ff2402ec000-7ff2402ee000 rw-p 00023000 08:01 2363158                    /lib/x86_64-linux-gnu/ld-2.17.so
7fffab6cb000-7fffab6ec000 rw-p 00000000 00:00 0                          [stack]
7fffab7fe000-7fffab800000 r-xp 00000000 00:00 0                          [vdso]
ffffffffff600000-ffffffffff601000 r-xp 00000000 00:00 0                  [vsyscall]

VM Arguments:
jvm_args: -Xdebug -Xmx50g -Xrunjdwp:transport=dt_socket,server=n,address=56090 
java_command: /home/calcul/Documents/Julien/VoxeLidar/trunk/VoxeLidarGUIFX/target/VoxeLidarGUIFX-1.0.jar
java_class_path (initial): /home/calcul/Documents/Julien/VoxeLidar/trunk/VoxeLidarGUIFX/target/VoxeLidarGUIFX-1.0.jar
Launcher Type: SUN_STANDARD

Environment Variables:
JAVA_HOME=/home/calcul/Téléchargements/jdk1.8.0_40
PATH=JAVA_HOME/bin:/usr/lib/lightdm/lightdm:/usr/local/sbin:/usr/local/bin:/usr/sbin:/usr/bin:/sbin:/bin:/usr/games:/usr/local/games
LD_LIBRARY_PATH=/home/calcul/Téléchargements/jdk1.8.0_40/jre/lib/amd64:/home/calcul/Téléchargements/jdk1.8.0_40/jre/lib/i386:
SHELL=/bin/bash
DISPLAY=:0.0

Signal Handlers:
SIGSEGV: [libjvm.so+0xaad2e0], sa_mask[0]=11111111011111111101111111111110, sa_flags=SA_RESTART|SA_SIGINFO
SIGBUS: [libjvm.so+0xaad2e0], sa_mask[0]=11111111011111111101111111111110, sa_flags=SA_RESTART|SA_SIGINFO
SIGFPE: [libjvm.so+0x90b550], sa_mask[0]=11111111011111111101111111111110, sa_flags=SA_RESTART|SA_SIGINFO
SIGPIPE: SIG_IGN, sa_mask[0]=00000000000010000000000000000000, sa_flags=SA_RESTART
SIGXFSZ: [libjvm.so+0x90b550], sa_mask[0]=11111111011111111101111111111110, sa_flags=SA_RESTART|SA_SIGINFO
SIGILL: [libjvm.so+0x90b550], sa_mask[0]=11111111011111111101111111111110, sa_flags=SA_RESTART|SA_SIGINFO
SIGUSR1: SIG_DFL, sa_mask[0]=00000000000000000000000000000000, sa_flags=none
SIGUSR2: [libjvm.so+0x90cb90], sa_mask[0]=00100000000000000000000000000000, sa_flags=SA_RESTART|SA_SIGINFO
SIGHUP: [libjvm.so+0x90dee0], sa_mask[0]=11111111011111111101111111111110, sa_flags=SA_RESTART|SA_SIGINFO
SIGINT: SIG_IGN, sa_mask[0]=00000000000000000000000000000000, sa_flags=none
SIGTERM: [libjvm.so+0x90dee0], sa_mask[0]=11111111011111111101111111111110, sa_flags=SA_RESTART|SA_SIGINFO
SIGQUIT: [libjvm.so+0x90dee0], sa_mask[0]=11111111011111111101111111111110, sa_flags=SA_RESTART|SA_SIGINFO


---------------  S Y S T E M  ---------------

OS:DISTRIB_ID=Ubuntu
DISTRIB_RELEASE=13.10
DISTRIB_CODENAME=saucy
DISTRIB_DESCRIPTION="Ubuntu 13.10"

uname:Linux 3.11.0-26-generic #45-Ubuntu SMP Tue Jul 15 04:02:06 UTC 2014 x86_64
libc:glibc 2.17 NPTL 2.17 
rlimit: STACK 8192k, CORE 0k, NPROC 514862, NOFILE 4096, AS infinity
load average:0,65 0,70 0,99

/proc/meminfo:
MemTotal:       65922644 kB
MemFree:        36062404 kB
Buffers:         8963396 kB
Cached:         15830420 kB
SwapCached:           12 kB
Active:          9948828 kB
Inactive:       18792856 kB
Active(anon):    2231312 kB
Inactive(anon):  1755428 kB
Active(file):    7717516 kB
Inactive(file): 17037428 kB
Unevictable:        1276 kB
Mlocked:            1276 kB
SwapTotal:      31250428 kB
SwapFree:       31249492 kB
Dirty:              2384 kB
Writeback:             0 kB
AnonPages:       3949580 kB
Mapped:           247732 kB
Shmem:             38728 kB
Slab:             592916 kB
SReclaimable:     502296 kB
SUnreclaim:        90620 kB
KernelStack:        7176 kB
PageTables:        56084 kB
NFS_Unstable:          0 kB
Bounce:                0 kB
WritebackTmp:          0 kB
CommitLimit:    64211748 kB
Committed_AS:   13043312 kB
VmallocTotal:   34359738367 kB
VmallocUsed:      445508 kB
VmallocChunk:   34325151848 kB
HardwareCorrupted:     0 kB
AnonHugePages:         0 kB
HugePages_Total:       0
HugePages_Free:        0
HugePages_Rsvd:        0
HugePages_Surp:        0
Hugepagesize:       2048 kB
DirectMap4k:      113268 kB
DirectMap2M:     5072896 kB
DirectMap1G:    61865984 kB


CPU:total 8 (4 cores per cpu, 1 threads per core) family 6 model 62 stepping 4, cmov, cx8, fxsr, mmx, sse, sse2, sse3, ssse3, sse4.1, sse4.2, popcnt, avx, aes, clmul, erms, tsc, tscinvbit

/proc/cpuinfo:
processor	: 0
vendor_id	: GenuineIntel
cpu family	: 6
model		: 62
model name	: Intel(R) Xeon(R) CPU E5-2609 v2 @ 2.50GHz
stepping	: 4
microcode	: 0x416
cpu MHz		: 2500.000
cache size	: 10240 KB
physical id	: 0
siblings	: 4
core id		: 0
cpu cores	: 4
apicid		: 0
initial apicid	: 0
fpu		: yes
fpu_exception	: yes
cpuid level	: 13
wp		: yes
flags		: fpu vme de pse tsc msr pae mce cx8 apic sep mtrr pge mca cmov pat pse36 clflush dts acpi mmx fxsr sse sse2 ss ht tm pbe syscall nx pdpe1gb rdtscp lm constant_tsc arch_perfmon pebs bts rep_good nopl xtopology nonstop_tsc aperfmperf eagerfpu pni pclmulqdq dtes64 monitor ds_cpl vmx smx est tm2 ssse3 cx16 xtpr pdcm pcid dca sse4_1 sse4_2 x2apic popcnt tsc_deadline_timer aes xsave avx f16c rdrand lahf_lm arat epb xsaveopt pln pts dtherm tpr_shadow vnmi flexpriority ept vpid fsgsbase smep erms
bogomips	: 4987.69
clflush size	: 64
cache_alignment	: 64
address sizes	: 46 bits physical, 48 bits virtual
power management:

processor	: 1
vendor_id	: GenuineIntel
cpu family	: 6
model		: 62
model name	: Intel(R) Xeon(R) CPU E5-2609 v2 @ 2.50GHz
stepping	: 4
microcode	: 0x416
cpu MHz		: 2500.000
cache size	: 10240 KB
physical id	: 0
siblings	: 4
core id		: 1
cpu cores	: 4
apicid		: 2
initial apicid	: 2
fpu		: yes
fpu_exception	: yes
cpuid level	: 13
wp		: yes
flags		: fpu vme de pse tsc msr pae mce cx8 apic sep mtrr pge mca cmov pat pse36 clflush dts acpi mmx fxsr sse sse2 ss ht tm pbe syscall nx pdpe1gb rdtscp lm constant_tsc arch_perfmon pebs bts rep_good nopl xtopology nonstop_tsc aperfmperf eagerfpu pni pclmulqdq dtes64 monitor ds_cpl vmx smx est tm2 ssse3 cx16 xtpr pdcm pcid dca sse4_1 sse4_2 x2apic popcnt tsc_deadline_timer aes xsave avx f16c rdrand lahf_lm arat epb xsaveopt pln pts dtherm tpr_shadow vnmi flexpriority ept vpid fsgsbase smep erms
bogomips	: 4987.69
clflush size	: 64
cache_alignment	: 64
address sizes	: 46 bits physical, 48 bits virtual
power management:

processor	: 2
vendor_id	: GenuineIntel
cpu family	: 6
model		: 62
model name	: Intel(R) Xeon(R) CPU E5-2609 v2 @ 2.50GHz
stepping	: 4
microcode	: 0x416
cpu MHz		: 2500.000
cache size	: 10240 KB
physical id	: 0
siblings	: 4
core id		: 2
cpu cores	: 4
apicid		: 4
initial apicid	: 4
fpu		: yes
fpu_exception	: yes
cpuid level	: 13
wp		: yes
flags		: fpu vme de pse tsc msr pae mce cx8 apic sep mtrr pge mca cmov pat pse36 clflush dts acpi mmx fxsr sse sse2 ss ht tm pbe syscall nx pdpe1gb rdtscp lm constant_tsc arch_perfmon pebs bts rep_good nopl xtopology nonstop_tsc aperfmperf eagerfpu pni pclmulqdq dtes64 monitor ds_cpl vmx smx est tm2 ssse3 cx16 xtpr pdcm pcid dca sse4_1 sse4_2 x2apic popcnt tsc_deadline_timer aes xsave avx f16c rdrand lahf_lm arat epb xsaveopt pln pts dtherm tpr_shadow vnmi flexpriority ept vpid fsgsbase smep erms
bogomips	: 4987.69
clflush size	: 64
cache_alignment	: 64
address sizes	: 46 bits physical, 48 bits virtual
power management:

processor	: 3
vendor_id	: GenuineIntel
cpu family	: 6
model		: 62
model name	: Intel(R) Xeon(R) CPU E5-2609 v2 @ 2.50GHz
stepping	: 4
microcode	: 0x416
cpu MHz		: 1200.000
cache size	: 10240 KB
physical id	: 0
siblings	: 4
core id		: 3
cpu cores	: 4
apicid		: 6
initial apicid	: 6
fpu		: yes
fpu_exception	: yes
cpuid level	: 13
wp		: yes
flags		: fpu vme de pse tsc msr pae mce cx8 apic sep mtrr pge mca cmov pat pse36 clflush dts acpi mmx fxsr sse sse2 ss ht tm pbe syscall nx pdpe1gb rdtscp lm constant_tsc arch_perfmon pebs bts rep_good nopl xtopology nonstop_tsc aperfmperf eagerfpu pni pclmulqdq dtes64 monitor ds_cpl vmx smx est tm2 ssse3 cx16 xtpr pdcm pcid dca sse4_1 sse4_2 x2apic popcnt tsc_deadline_timer aes xsave avx f16c rdrand lahf_lm arat epb xsaveopt pln pts dtherm tpr_shadow vnmi flexpriority ept vpid fsgsbase smep erms
bogomips	: 4987.69
clflush size	: 64
cache_alignment	: 64
address sizes	: 46 bits physical, 48 bits virtual
power management:

processor	: 4
vendor_id	: GenuineIntel
cpu family	: 6
model		: 62
model name	: Intel(R) Xeon(R) CPU E5-2609 v2 @ 2.50GHz
stepping	: 4
microcode	: 0x416
cpu MHz		: 2500.000
cache size	: 10240 KB
physical id	: 1
siblings	: 4
core id		: 0
cpu cores	: 4
apicid		: 32
initial apicid	: 32
fpu		: yes
fpu_exception	: yes
cpuid level	: 13
wp		: yes
flags		: fpu vme de pse tsc msr pae mce cx8 apic sep mtrr pge mca cmov pat pse36 clflush dts acpi mmx fxsr sse sse2 ss ht tm pbe syscall nx pdpe1gb rdtscp lm constant_tsc arch_perfmon pebs bts rep_good nopl xtopology nonstop_tsc aperfmperf eagerfpu pni pclmulqdq dtes64 monitor ds_cpl vmx smx est tm2 ssse3 cx16 xtpr pdcm pcid dca sse4_1 sse4_2 x2apic popcnt tsc_deadline_timer aes xsave avx f16c rdrand lahf_lm arat epb xsaveopt pln pts dtherm tpr_shadow vnmi flexpriority ept vpid fsgsbase smep erms
bogomips	: 4989.30
clflush size	: 64
cache_alignment	: 64
address sizes	: 46 bits physical, 48 bits virtual
power management:

processor	: 5
vendor_id	: GenuineIntel
cpu family	: 6
model		: 62
model name	: Intel(R) Xeon(R) CPU E5-2609 v2 @ 2.50GHz
stepping	: 4
microcode	: 0x416
cpu MHz		: 1200.000
cache size	: 10240 KB
physical id	: 1
siblings	: 4
core id		: 1
cpu cores	: 4
apicid		: 34
initial apicid	: 34
fpu		: yes
fpu_exception	: yes
cpuid level	: 13
wp		: yes
flags		: fpu vme de pse tsc msr pae mce cx8 apic sep mtrr pge mca cmov pat pse36 clflush dts acpi mmx fxsr sse sse2 ss ht tm pbe syscall nx pdpe1gb rdtscp lm constant_tsc arch_perfmon pebs bts rep_good nopl xtopology nonstop_tsc aperfmperf eagerfpu pni pclmulqdq dtes64 monitor ds_cpl vmx smx est tm2 ssse3 cx16 xtpr pdcm pcid dca sse4_1 sse4_2 x2apic popcnt tsc_deadline_timer aes xsave avx f16c rdrand lahf_lm arat epb xsaveopt pln pts dtherm tpr_shadow vnmi flexpriority ept vpid fsgsbase smep erms
bogomips	: 4989.30
clflush size	: 64
cache_alignment	: 64
address sizes	: 46 bits physical, 48 bits virtual
power management:

processor	: 6
vendor_id	: GenuineIntel
cpu family	: 6
model		: 62
model name	: Intel(R) Xeon(R) CPU E5-2609 v2 @ 2.50GHz
stepping	: 4
microcode	: 0x416
cpu MHz		: 1200.000
cache size	: 10240 KB
physical id	: 1
siblings	: 4
core id		: 2
cpu cores	: 4
apicid		: 36
initial apicid	: 36
fpu		: yes
fpu_exception	: yes
cpuid level	: 13
wp		: yes
flags		: fpu vme de pse tsc msr pae mce cx8 apic sep mtrr pge mca cmov pat pse36 clflush dts acpi mmx fxsr sse sse2 ss ht tm pbe syscall nx pdpe1gb rdtscp lm constant_tsc arch_perfmon pebs bts rep_good nopl xtopology nonstop_tsc aperfmperf eagerfpu pni pclmulqdq dtes64 monitor ds_cpl vmx smx est tm2 ssse3 cx16 xtpr pdcm pcid dca sse4_1 sse4_2 x2apic popcnt tsc_deadline_timer aes xsave avx f16c rdrand lahf_lm arat epb xsaveopt pln pts dtherm tpr_shadow vnmi flexpriority ept vpid fsgsbase smep erms
bogomips	: 4989.30
clflush size	: 64
cache_alignment	: 64
address sizes	: 46 bits physical, 48 bits virtual
power management:

processor	: 7
vendor_id	: GenuineIntel
cpu family	: 6
model		: 62
model name	: Intel(R) Xeon(R) CPU E5-2609 v2 @ 2.50GHz
stepping	: 4
microcode	: 0x416
cpu MHz		: 2500.000
cache size	: 10240 KB
physical id	: 1
siblings	: 4
core id		: 3
cpu cores	: 4
apicid		: 38
initial apicid	: 38
fpu		: yes
fpu_exception	: yes
cpuid level	: 13
wp		: yes
flags		: fpu vme de pse tsc msr pae mce cx8 apic sep mtrr pge mca cmov pat pse36 clflush dts acpi mmx fxsr sse sse2 ss ht tm pbe syscall nx pdpe1gb rdtscp lm constant_tsc arch_perfmon pebs bts rep_good nopl xtopology nonstop_tsc aperfmperf eagerfpu pni pclmulqdq dtes64 monitor ds_cpl vmx smx est tm2 ssse3 cx16 xtpr pdcm pcid dca sse4_1 sse4_2 x2apic popcnt tsc_deadline_timer aes xsave avx f16c rdrand lahf_lm arat epb xsaveopt pln pts dtherm tpr_shadow vnmi flexpriority ept vpid fsgsbase smep erms
bogomips	: 4989.30
clflush size	: 64
cache_alignment	: 64
address sizes	: 46 bits physical, 48 bits virtual
power management:



Memory: 4k page, physical 65922644k(36062404k free), swap 31250428k(31249492k free)

vm_info: Java HotSpot(TM) 64-Bit Server VM (25.40-b25) for linux-amd64 JRE (1.8.0_40-b26), built on Mar  7 2015 15:08:31 by "java_re" with gcc 4.3.0 20080428 (Red Hat 4.3.0-8)

time: Thu Apr  9 09:50:59 2015
elapsed time: 0 seconds (0d 0h 0m 0s)

