#
# A fatal error has been detected by the Java Runtime Environment:
#
#  EXCEPTION_ACCESS_VIOLATION (0xc0000005) at pc=0x0000000056ed3686, pid=30016, tid=28728
#
# JRE version: Java(TM) SE Runtime Environment (8.0_40-b26) (build 1.8.0_40-b26)
# Java VM: Java HotSpot(TM) 64-Bit Server VM (25.40-b25 mixed mode windows-amd64 compressed oops)
# Problematic frame:
# V  [jvm.dll+0x123686]
#
# Failed to write core dump. Minidumps are not enabled by default on client versions of Windows
#
# If you would like to submit a bug report, please visit:
#   http://bugreport.java.com/bugreport/crash.jsp
#

---------------  T H R E A D  ---------------

Current thread (0x000000001959d800):  VMThread [stack: 0x000000001a0e0000,0x000000001a1e0000] [id=28728]

siginfo: ExceptionCode=0xc0000005, reading address 0x00000000000001d0

Registers:
RAX=0x00000000573f5d18, RBX=0x0000000000000018, RCX=0x0000000000000168, RDX=0x0000000057573540
RSP=0x000000001a1ded18, RBP=0x0000000057573540, RSI=0x000000001f9f3560, RDI=0x0000000000000001
R8 =0x0000000057573540, R9 =0x000000001ea38f40, R10=0x00000000000001fe, R11=0x000000001a1ded78
R12=0x0000000000000000, R13=0x0000000000000000, R14=0x00000000573a86d0, R15=0x0000000057573470
RIP=0x0000000056ed3686, EFLAGS=0x0000000000010202

Top of Stack: (sp=0x000000001a1ded18)
0x000000001a1ded18:   0000000056edd316 00000000284d6e40
0x000000001a1ded28:   00000000284d6be0 0000000000000ff8
0x000000001a1ded38:   0000000056db15d6 0000000057573540
0x000000001a1ded48:   0000000056edf1ff 00000000284d6e10
0x000000001a1ded58:   0000000000000000 00000000284d6be0
0x000000001a1ded68:   000000001f9f3560 0000000000000001
0x000000001a1ded78:   0000000056eb5a66 0000000000000002
0x000000001a1ded88:   0000000000000010 0000000057573540
0x000000001a1ded98:   00000007c038af88 00000007c038af88
0x000000001a1deda8:   0000000056ed47a7 0000000057573540
0x000000001a1dedb8:   00000007c038ab88 000000001a1dee20
0x000000001a1dedc8:   0000000056e1601d 00000000573a86d0
0x000000001a1dedd8:   00000000000001fe ffffffffffffff00
0x000000001a1dede8:   0000000000000004 0000000000000008
0x000000001a1dedf8:   0000000000000000 0000000000000000
0x000000001a1dee08:   000000001ea38f40 0000000000000000 

Instructions: (pc=0x0000000056ed3686)
0x0000000056ed3666:   c0 74 14 48 8b 50 78 48 85 d2 74 07 48 89 91 80
0x0000000056ed3676:   00 00 00 48 89 48 78 f3 c3 cc 48 8b 02 4c 8b c2
0x0000000056ed3686:   48 8b 51 68 49 8b c8 48 ff 20 48 89 5c 24 08 48
0x0000000056ed3696:   89 74 24 10 57 48 83 ec 20 80 3d 68 67 6d 00 00 


Register to memory mapping:

RAX=0x00000000573f5d18 is an unknown value
RBX=0x0000000000000018 is an unknown value
RCX=0x0000000000000168 is an unknown value
RDX=0x0000000057573540 is an unknown value
RSP=0x000000001a1ded18 is an unknown value
RBP=0x0000000057573540 is an unknown value
RSI=0x000000001f9f3560 is an unknown value
RDI=0x0000000000000001 is an unknown value
R8 =0x0000000057573540 is an unknown value
R9 =0x000000001ea38f40 is an unknown value
R10=0x00000000000001fe is an unknown value
R11=0x000000001a1ded78 is an unknown value
R12=0x0000000000000000 is an unknown value
R13=0x0000000000000000 is an unknown value
R14=0x00000000573a86d0 is an unknown value
R15=0x0000000057573470 is an unknown value


Stack: [0x000000001a0e0000,0x000000001a1e0000],  sp=0x000000001a1ded18,  free space=1019k
Native frames: (J=compiled Java code, j=interpreted, Vv=VM code, C=native code)
V  [jvm.dll+0x123686]

VM_Operation (0x00000000262ded30): ParallelGCFailedAllocation, mode: safepoint, requested by thread 0x000000001fa8b800


---------------  P R O C E S S  ---------------

Java Threads: ( => current thread )
  0x000000002376c000 JavaThread "pool-2-thread-2" [_thread_blocked, id=43728, stack(0x0000000026460000,0x0000000026560000)]
  0x000000001fa8b800 JavaThread "pool-2-thread-1" [_thread_blocked, id=43724, stack(0x00000000261e0000,0x00000000262e0000)]
  0x000000001f6fe800 JavaThread "Thread-4" daemon [_thread_blocked, id=43720, stack(0x0000000026350000,0x0000000026450000)]
  0x000000001f143000 JavaThread "FX Access Thread (Visual Debugger)" daemon [_thread_blocked, id=43080, stack(0x0000000022f20000,0x0000000023020000)]
  0x000000001f138000 JavaThread "Prism Font Disposer" daemon [_thread_blocked, id=43072, stack(0x00000000222e0000,0x00000000223e0000)]
  0x000000001b5d3800 JavaThread "Thread-3" daemon [_thread_blocked, id=43052, stack(0x000000001e410000,0x000000001e510000)]
  0x000000001b5d2800 JavaThread "JavaFX-Launcher" [_thread_blocked, id=43056, stack(0x000000001e2f0000,0x000000001e3f0000)]
  0x000000001b59d000 JavaThread "JavaFX Application Thread" [_thread_in_native, id=43044, stack(0x000000001bd20000,0x000000001be20000)]
  0x000000001b59b000 JavaThread "Thread-1" daemon [_thread_blocked, id=43040, stack(0x000000001b940000,0x000000001ba40000)]
  0x000000001b546000 JavaThread "QuantumRenderer-0" daemon [_thread_blocked, id=43028, stack(0x000000001b610000,0x000000001b710000)]
  0x0000000019635000 JavaThread "Service Thread" daemon [_thread_blocked, id=43016, stack(0x000000001ac50000,0x000000001ad50000)]
  0x0000000019633000 JavaThread "C1 CompilerThread1" daemon [_thread_blocked, id=43012, stack(0x000000001afb0000,0x000000001b0b0000)]
  0x0000000019631000 JavaThread "C2 CompilerThread0" daemon [_thread_blocked, id=29096, stack(0x000000001ae70000,0x000000001af70000)]
  0x0000000019626000 JavaThread "JDWP Command Reader" daemon [_thread_in_native, id=40796, stack(0x000000001ad70000,0x000000001ae70000)]
  0x000000001961e000 JavaThread "JDWP Event Helper Thread" daemon [_thread_blocked, id=17632, stack(0x000000001ab10000,0x000000001ac10000)]
  0x000000001961a800 JavaThread "JDWP Transport Listener: dt_socket" daemon [_thread_blocked, id=42140, stack(0x000000001a260000,0x000000001a360000)]
  0x000000001960b800 JavaThread "Attach Listener" daemon [_thread_blocked, id=41520, stack(0x000000001a820000,0x000000001a920000)]
  0x000000001960a800 JavaThread "Signal Dispatcher" daemon [_thread_blocked, id=30148, stack(0x000000001a660000,0x000000001a760000)]
  0x00000000195ac800 JavaThread "Finalizer" daemon [_thread_blocked, id=29004, stack(0x000000001a4d0000,0x000000001a5d0000)]
  0x00000000195a3800 JavaThread "Reference Handler" daemon [_thread_blocked, id=18428, stack(0x000000001a3a0000,0x000000001a4a0000)]
  0x0000000002160000 JavaThread "main" [_thread_blocked, id=30444, stack(0x00000000023d0000,0x00000000024d0000)]

Other Threads:
=>0x000000001959d800 VMThread [stack: 0x000000001a0e0000,0x000000001a1e0000] [id=28728]
  0x0000000019638800 WatcherThread [stack: 0x000000001b0e0000,0x000000001b1e0000] [id=43020]

VM state:at safepoint (normal execution)

VM Mutex/Monitor currently owned by a thread:  ([mutex/lock_event])
[0x000000000027e160] Threads_lock - owner thread: 0x000000001959d800
[0x000000000027e660] Heap_lock - owner thread: 0x000000001fa8b800

Heap:
 PSYoungGen      total 861184K, used 187392K [0x0000000780000000, 0x00000007c0000000, 0x00000007c0000000)
  eden space 673792K, 0% used [0x0000000780000000,0x0000000780000000,0x00000007a9200000)
  from space 187392K, 100% used [0x00000007a9200000,0x00000007b4900000,0x00000007b4900000)
  to   space 187392K, 0% used [0x00000007b4900000,0x00000007b4900000,0x00000007c0000000)
 ParOldGen       total 1085440K, used 1085396K [0x0000000700000000, 0x0000000742400000, 0x0000000780000000)
  object space 1085440K, 99% used [0x0000000700000000,0x00000007423f5008,0x0000000742400000)
 Metaspace       used 25472K, capacity 26948K, committed 27136K, reserved 1073152K
  class space    used 3500K, capacity 3819K, committed 3840K, reserved 1048576K

Card table byte_map: [0x0000000011b60000,0x0000000012170000] byte_map_base: 0x000000000e360000

Marking Bits: (ParMarkBitMap*) 0x00000000575b4040
 Begin Bits: [0x0000000012670000, 0x0000000015670000)
 End Bits:   [0x0000000015670000, 0x0000000018670000)

Polling page: 0x0000000000230000

CodeCache: size=245760Kb used=15303Kb max_used=15918Kb free=230456Kb
 bounds [0x00000000027a0000, 0x0000000003780000, 0x00000000117a0000]
 total_blobs=5338 nmethods=4628 adapters=630
 compilation: enabled

Compilation events (10 events):
Event: 1993.390 Thread 0x0000000019633000 5737       1       java.util.concurrent.locks.AbstractQueuedSynchronizer::compareAndSetTail (13 bytes)
Event: 1993.391 Thread 0x0000000019633000 nmethod 5737 0x0000000002da9e90 code [0x0000000002da9fe0, 0x0000000002daa130]
Event: 2027.438 Thread 0x0000000019633000 5738       3       javafx.animation.Animation::impl_timePulse (60 bytes)
Event: 2027.438 Thread 0x0000000019633000 nmethod 5738 0x000000000330c490 code [0x000000000330c620, 0x000000000330c9f8]
Event: 2042.750 Thread 0x0000000019633000 5739   !   3       com.sun.scenario.animation.shared.InfiniteClipEnvelope::timePulse (311 bytes)
Event: 2042.751 Thread 0x0000000019633000 nmethod 5739 0x0000000002e7a5d0 code [0x0000000002e7a820, 0x0000000002e7b548]
Event: 2056.169 Thread 0x0000000019633000 5740       3       java.util.concurrent.locks.AbstractQueuedSynchronizer$ConditionObject::await (98 bytes)
Event: 2056.171 Thread 0x0000000019633000 nmethod 5740 0x0000000002bd0110 code [0x0000000002bd03c0, 0x0000000002bd1628]
Event: 2058.688 Thread 0x0000000019631000 5741   !   4       java.util.concurrent.locks.AbstractQueuedSynchronizer::fullyRelease (54 bytes)
Event: 2058.692 Thread 0x0000000019631000 nmethod 5741 0x0000000002f57810 code [0x0000000002f57960, 0x0000000002f57c48]

GC Heap History (10 events):
Event: 1014.692 GC heap after
Heap after GC invocations=1225 (full 14):
 PSYoungGen      total 900608K, used 79904K [0x0000000780000000, 0x00000007c0000000, 0x00000007c0000000)
  eden space 820224K, 0% used [0x0000000780000000,0x0000000780000000,0x00000007b2100000)
  from space 80384K, 99% used [0x00000007b2100000,0x00000007b6f08000,0x00000007b6f80000)
  to   space 123392K, 0% used [0x00000007b8780000,0x00000007b8780000,0x00000007c0000000)
 ParOldGen       total 1044480K, used 875785K [0x0000000700000000, 0x000000073fc00000, 0x0000000780000000)
  object space 1044480K, 83% used [0x0000000700000000,0x0000000735742730,0x000000073fc00000)
 Metaspace       used 25467K, capacity 26948K, committed 27136K, reserved 1073152K
  class space    used 3500K, capacity 3819K, committed 3840K, reserved 1048576K
}
Event: 1015.306 GC heap before
{Heap before GC invocations=1226 (full 14):
 PSYoungGen      total 900608K, used 900128K [0x0000000780000000, 0x00000007c0000000, 0x00000007c0000000)
  eden space 820224K, 100% used [0x0000000780000000,0x00000007b2100000,0x00000007b2100000)
  from space 80384K, 99% used [0x00000007b2100000,0x00000007b6f08000,0x00000007b6f80000)
  to   space 123392K, 0% used [0x00000007b8780000,0x00000007b8780000,0x00000007c0000000)
 ParOldGen       total 1044480K, used 875788K [0x0000000700000000, 0x000000073fc00000, 0x0000000780000000)
  object space 1044480K, 83% used [0x0000000700000000,0x0000000735743008,0x000000073fc00000)
 Metaspace       used 25467K, capacity 26948K, committed 27136K, reserved 1073152K
  class space    used 3500K, capacity 3819K, committed 3840K, reserved 1048576K
Event: 1015.398 GC heap after
Heap after GC invocations=1226 (full 14):
 PSYoungGen      total 911872K, used 79872K [0x0000000780000000, 0x00000007c0000000, 0x00000007c0000000)
  eden space 788480K, 0% used [0x0000000780000000,0x0000000780000000,0x00000007b0200000)
  from space 123392K, 64% used [0x00000007b8780000,0x00000007bd580000,0x00000007c0000000)
  to   space 130048K, 0% used [0x00000007b0200000,0x00000007b0200000,0x00000007b8100000)
 ParOldGen       total 1044480K, used 875788K [0x0000000700000000, 0x000000073fc00000, 0x0000000780000000)
  object space 1044480K, 83% used [0x0000000700000000,0x0000000735743008,0x000000073fc00000)
 Metaspace       used 25467K, capacity 26948K, committed 27136K, reserved 1073152K
  class space    used 3500K, capacity 3819K, committed 3840K, reserved 1048576K
}
Event: 1015.399 GC heap before
{Heap before GC invocations=1227 (full 14):
 PSYoungGen      total 911872K, used 87498K [0x0000000780000000, 0x00000007c0000000, 0x00000007c0000000)
  eden space 788480K, 0% used [0x0000000780000000,0x0000000780772930,0x00000007b0200000)
  from space 123392K, 64% used [0x00000007b8780000,0x00000007bd580000,0x00000007c0000000)
  to   space 130048K, 0% used [0x00000007b0200000,0x00000007b0200000,0x00000007b8100000)
 ParOldGen       total 1044480K, used 875788K [0x0000000700000000, 0x000000073fc00000, 0x0000000780000000)
  object space 1044480K, 83% used [0x0000000700000000,0x0000000735743008,0x000000073fc00000)
 Metaspace       used 25467K, capacity 26948K, committed 27136K, reserved 1073152K
  class space    used 3500K, capacity 3819K, committed 3840K, reserved 1048576K
Event: 1015.479 GC heap after
Heap after GC invocations=1227 (full 14):
 PSYoungGen      total 868352K, used 79872K [0x0000000780000000, 0x00000007c0000000, 0x00000007c0000000)
  eden space 788480K, 0% used [0x0000000780000000,0x0000000780000000,0x00000007b0200000)
  from space 79872K, 100% used [0x00000007b0200000,0x00000007b5000000,0x00000007b5000000)
  to   space 135168K, 0% used [0x00000007b7c00000,0x00000007b7c00000,0x00000007c0000000)
 ParOldGen       total 1044480K, used 875788K [0x0000000700000000, 0x000000073fc00000, 0x0000000780000000)
  object space 1044480K, 83% used [0x0000000700000000,0x0000000735743008,0x000000073fc00000)
 Metaspace       used 25467K, capacity 26948K, committed 27136K, reserved 1073152K
  class space    used 3500K, capacity 3819K, committed 3840K, reserved 1048576K
}
Event: 2062.119 GC heap before
{Heap before GC invocations=1228 (full 14):
 PSYoungGen      total 868352K, used 868352K [0x0000000780000000, 0x00000007c0000000, 0x00000007c0000000)
  eden space 788480K, 100% used [0x0000000780000000,0x00000007b0200000,0x00000007b0200000)
  from space 79872K, 100% used [0x00000007b0200000,0x00000007b5000000,0x00000007b5000000)
  to   space 135168K, 0% used [0x00000007b7c00000,0x00000007b7c00000,0x00000007c0000000)
 ParOldGen       total 1044480K, used 875788K [0x0000000700000000, 0x000000073fc00000, 0x0000000780000000)
  object space 1044480K, 83% used [0x0000000700000000,0x0000000735743008,0x000000073fc00000)
 Metaspace       used 25472K, capacity 26948K, committed 27136K, reserved 1073152K
  class space    used 3500K, capacity 3819K, committed 3840K, reserved 1048576K
Event: 2062.461 GC heap after
Heap after GC invocations=1228 (full 14):
 PSYoungGen      total 808960K, used 135168K [0x0000000780000000, 0x00000007c0000000, 0x00000007c0000000)
  eden space 673792K, 0% used [0x0000000780000000,0x0000000780000000,0x00000007a9200000)
  from space 135168K, 100% used [0x00000007b7c00000,0x00000007c0000000,0x00000007c0000000)
  to   space 187392K, 0% used [0x00000007a9200000,0x00000007a9200000,0x00000007b4900000)
 ParOldGen       total 1044480K, used 952612K [0x0000000700000000, 0x000000073fc00000, 0x0000000780000000)
  object space 1044480K, 91% used [0x0000000700000000,0x000000073a249008,0x000000073fc00000)
 Metaspace       used 25472K, capacity 26948K, committed 27136K, reserved 1073152K
  class space    used 3500K, capacity 3819K, committed 3840K, reserved 1048576K
}
Event: 2062.792 GC heap before
{Heap before GC invocations=1229 (full 14):
 PSYoungGen      total 808960K, used 808960K [0x0000000780000000, 0x00000007c0000000, 0x00000007c0000000)
  eden space 673792K, 100% used [0x0000000780000000,0x00000007a9200000,0x00000007a9200000)
  from space 135168K, 100% used [0x00000007b7c00000,0x00000007c0000000,0x00000007c0000000)
  to   space 187392K, 0% used [0x00000007a9200000,0x00000007a9200000,0x00000007b4900000)
 ParOldGen       total 1044480K, used 952612K [0x0000000700000000, 0x000000073fc00000, 0x0000000780000000)
  object space 1044480K, 91% used [0x0000000700000000,0x000000073a249008,0x000000073fc00000)
 Metaspace       used 25472K, capacity 26948K, committed 27136K, reserved 1073152K
  class space    used 3500K, capacity 3819K, committed 3840K, reserved 1048576K
Event: 2063.224 GC heap after
Heap after GC invocations=1229 (full 14):
 PSYoungGen      total 861184K, used 187392K [0x0000000780000000, 0x00000007c0000000, 0x00000007c0000000)
  eden space 673792K, 0% used [0x0000000780000000,0x0000000780000000,0x00000007a9200000)
  from space 187392K, 100% used [0x00000007a9200000,0x00000007b4900000,0x00000007b4900000)
  to   space 187392K, 0% used [0x00000007b4900000,0x00000007b4900000,0x00000007c0000000)
 ParOldGen       total 1085440K, used 1085396K [0x0000000700000000, 0x0000000742400000, 0x0000000780000000)
  object space 1085440K, 99% used [0x0000000700000000,0x00000007423f5008,0x0000000742400000)
 Metaspace       used 25472K, capacity 26948K, committed 27136K, reserved 1073152K
  class space    used 3500K, capacity 3819K, committed 3840K, reserved 1048576K
}
Event: 2063.224 GC heap before
{Heap before GC invocations=1230 (full 15):
 PSYoungGen      total 861184K, used 187392K [0x0000000780000000, 0x00000007c0000000, 0x00000007c0000000)
  eden space 673792K, 0% used [0x0000000780000000,0x0000000780000000,0x00000007a9200000)
  from space 187392K, 100% used [0x00000007a9200000,0x00000007b4900000,0x00000007b4900000)
  to   space 187392K, 0% used [0x00000007b4900000,0x00000007b4900000,0x00000007c0000000)
 ParOldGen       total 1085440K, used 1085396K [0x0000000700000000, 0x0000000742400000, 0x0000000780000000)
  object space 1085440K, 99% used [0x0000000700000000,0x00000007423f5008,0x0000000742400000)
 Metaspace       used 25472K, capacity 26948K, committed 27136K, reserved 1073152K
  class space    used 3500K, capacity 3819K, committed 3840K, reserved 1048576K

Deoptimization events (10 events):
Event: 483.072 Thread 0x000000001fa8b800 Uncommon trap: reason=unstable_if action=reinterpret pc=0x000000000368f584 method=sun.misc.FDBigInteger.cmp(Lsun/misc/FDBigInteger;)I @ 48
Event: 491.160 Thread 0x000000001fa8b800 Uncommon trap: reason=class_check action=maybe_recompile pc=0x000000000330b460 method=java.util.concurrent.ThreadPoolExecutor.getTask()Ljava/lang/Runnable; @ 154
Event: 548.971 Thread 0x000000002376c000 Uncommon trap: reason=class_check action=maybe_recompile pc=0x000000000330b460 method=java.util.concurrent.ThreadPoolExecutor.getTask()Ljava/lang/Runnable; @ 154
Event: 708.533 Thread 0x000000001b59d000 Uncommon trap: reason=unstable_if action=reinterpret pc=0x0000000002e551a8 method=javafx.beans.binding.When$WhenListener.invalidated(Ljavafx/beans/Observable;)V @ 99
Event: 1015.821 Thread 0x000000001b59d000 Uncommon trap: reason=unstable_if action=reinterpret pc=0x000000000338267c method=javafx.scene.Parent.impl_computeGeomBounds(Lcom/sun/javafx/geom/BaseBounds;Lcom/sun/javafx/geom/transform/BaseTransform;)Lcom/sun/javafx/geom/BaseBounds; @ 28
Event: 1015.909 Thread 0x000000001b59d000 Uncommon trap: reason=unstable_if action=reinterpret pc=0x000000000302d484 method=com.sun.javafx.geom.RectBounds.equals(Ljava/lang/Object;)Z @ 47
Event: 1985.553 Thread 0x000000001b59d000 Uncommon trap: reason=unstable_if action=reinterpret pc=0x0000000003234ab0 method=com.sun.scenario.animation.shared.InfiniteClipEnvelope.timePulse(J)V @ 63
Event: 2025.344 Thread 0x000000001b59d000 Uncommon trap: reason=unstable_if action=reinterpret pc=0x0000000002d3755c method=com.sun.scenario.animation.shared.InfiniteClipEnvelope.timePulse(J)V @ 63
Event: 2040.606 Thread 0x000000001b59d000 Uncommon trap: reason=unstable_if action=reinterpret pc=0x00000000031c6828 method=com.sun.scenario.animation.shared.InfiniteClipEnvelope.timePulse(J)V @ 63
Event: 2056.119 Thread 0x000000001b546000 Uncommon trap: reason=unstable_if action=reinterpret pc=0x000000000349d96c method=java.util.concurrent.locks.AbstractQueuedSynchronizer.isOnSyncQueue(Ljava/util/concurrent/locks/AbstractQueuedSynchronizer$Node;)Z @ 13

Internal exceptions (10 events):
Event: 3.909 Thread 0x000000001b59d000 Implicit null exception at 0x0000000002dde230 to 0x0000000002dde8dd
Event: 24.079 Thread 0x000000001b59d000 Implicit null exception at 0x0000000002a7e499 to 0x0000000002a7e911
Event: 38.611 Thread 0x000000001b59d000 Implicit null exception at 0x0000000003132382 to 0x0000000003132479
Event: 48.022 Thread 0x000000001b59d000 Exception <a 'sun/nio/fs/WindowsException'> (0x00000007810f2d90) thrown at [D:\re\workspace\8-2-build-windows-amd64-cygwin\jdk8u40\3098\hotspot\src\share\vm\prims\jni.cpp, line 709]
Event: 58.413 Thread 0x000000001b59d000 Implicit null exception at 0x00000000031ab8f4 to 0x00000000031ae655
Event: 58.516 Thread 0x000000001b546000 Implicit null exception at 0x000000000351386d to 0x000000000351412d
Event: 58.555 Thread 0x000000001f6fe800 Exception <a 'sun/nio/fs/WindowsException'> (0x0000000781793e18) thrown at [D:\re\workspace\8-2-build-windows-amd64-cygwin\jdk8u40\3098\hotspot\src\share\vm\prims\jni.cpp, line 709]
Event: 58.603 Thread 0x000000001b59d000 Implicit null exception at 0x0000000002d4965b to 0x0000000002d496f5
Event: 64.857 Thread 0x000000002376c000 Implicit null exception at 0x00000000033442ea to 0x000000000334440d
Event: 361.494 Thread 0x000000001b546000 Implicit null exception at 0x0000000002c24f4c to 0x0000000002c25599

Events (10 events):
Event: 2059.015 Executing VM operation: ChangeSingleStep done
Event: 2059.016 Executing VM operation: GetCurrentLocation
Event: 2059.016 Executing VM operation: GetCurrentLocation done
Event: 2059.016 Executing VM operation: ChangeSingleStep
Event: 2059.016 Executing VM operation: ChangeSingleStep done
Event: 2059.016 Executing VM operation: ChangeSingleStep
Event: 2059.016 Executing VM operation: ChangeSingleStep done
Event: 2062.118 Executing VM operation: ParallelGCFailedAllocation
Event: 2062.461 Executing VM operation: ParallelGCFailedAllocation done
Event: 2062.790 Executing VM operation: ParallelGCFailedAllocation


Dynamic libraries:
0x000000013f230000 - 0x000000013f267000 	C:\Program Files\Java\jdk1.8.0_40\jre\bin\java.exe
0x0000000077210000 - 0x00000000773b9000 	C:\Windows\SYSTEM32\ntdll.dll
0x0000000076ff0000 - 0x000000007710f000 	C:\Windows\system32\kernel32.dll
0x000007fefd350000 - 0x000007fefd3bc000 	C:\Windows\system32\KERNELBASE.dll
0x000007feff290000 - 0x000007feff36b000 	C:\Windows\system32\ADVAPI32.dll
0x000007fefd650000 - 0x000007fefd6ef000 	C:\Windows\system32\msvcrt.dll
0x000007feff100000 - 0x000007feff11f000 	C:\Windows\SYSTEM32\sechost.dll
0x000007fefdb70000 - 0x000007fefdc9d000 	C:\Windows\system32\RPCRT4.dll
0x0000000077110000 - 0x000000007720a000 	C:\Windows\system32\USER32.dll
0x000007fefda50000 - 0x000007fefdab7000 	C:\Windows\system32\GDI32.dll
0x000007fefdb60000 - 0x000007fefdb6e000 	C:\Windows\system32\LPK.dll
0x000007feff450000 - 0x000007feff519000 	C:\Windows\system32\USP10.dll
0x000007fefb9e0000 - 0x000007fefbbd4000 	C:\Windows\WinSxS\amd64_microsoft.windows.common-controls_6595b64144ccf1df_6.0.7601.17514_none_fa396087175ac9ac\COMCTL32.dll
0x000007feff080000 - 0x000007feff0f1000 	C:\Windows\system32\SHLWAPI.dll
0x000007fefd620000 - 0x000007fefd64e000 	C:\Windows\system32\IMM32.DLL
0x000007fefdeb0000 - 0x000007fefdfb9000 	C:\Windows\system32\MSCTF.dll
0x00000000595f0000 - 0x00000000596c2000 	C:\Program Files\Java\jdk1.8.0_40\jre\bin\msvcr100.dll
0x0000000056db0000 - 0x0000000057633000 	C:\Program Files\Java\jdk1.8.0_40\jre\bin\server\jvm.dll
0x000007fef1af0000 - 0x000007fef1af9000 	C:\Windows\system32\WSOCK32.dll
0x000007fefe2a0000 - 0x000007fefe2ed000 	C:\Windows\system32\WS2_32.dll
0x000007fefd6f0000 - 0x000007fefd6f8000 	C:\Windows\system32\NSI.dll
0x000007fefa120000 - 0x000007fefa15b000 	C:\Windows\system32\WINMM.dll
0x000007fefc0a0000 - 0x000007fefc0ac000 	C:\Windows\system32\VERSION.dll
0x00000000773e0000 - 0x00000000773e7000 	C:\Windows\system32\PSAPI.DLL
0x0000000073e90000 - 0x0000000073e9f000 	C:\Program Files\Java\jdk1.8.0_40\jre\bin\verify.dll
0x000000006c2e0000 - 0x000000006c309000 	C:\Program Files\Java\jdk1.8.0_40\jre\bin\java.dll
0x0000000065aa0000 - 0x0000000065ad5000 	C:\Program Files\Java\jdk1.8.0_40\jre\bin\jdwp.dll
0x00000000744f0000 - 0x00000000744f8000 	C:\Program Files\Java\jdk1.8.0_40\jre\bin\npt.dll
0x000000006c320000 - 0x000000006c336000 	C:\Program Files\Java\jdk1.8.0_40\jre\bin\zip.dll
0x000007fefe2f0000 - 0x000007feff078000 	C:\Windows\system32\SHELL32.dll
0x000007fefdca0000 - 0x000007fefdea3000 	C:\Windows\system32\ole32.dll
0x000007fefd020000 - 0x000007fefd02f000 	C:\Windows\system32\profapi.dll
0x00000000744e0000 - 0x00000000744e9000 	C:\Program Files\Java\jdk1.8.0_40\jre\bin\dt_socket.dll
0x000007fefc7c0000 - 0x000007fefc815000 	C:\Windows\system32\mswsock.dll
0x000007fefc170000 - 0x000007fefc177000 	C:\Windows\System32\wshtcpip.dll
0x0000000065a70000 - 0x0000000065a9c000 	C:\Program Files\Java\jdk1.8.0_40\jre\bin\prism_d3d.dll
0x000007fef98e0000 - 0x000007fef9adf000 	C:\Windows\system32\d3d9.dll
0x000007fef98d0000 - 0x000007fef98d7000 	C:\Windows\system32\d3d8thk.dll
0x000007fefbed0000 - 0x000007fefbee8000 	C:\Windows\system32\dwmapi.dll
0x000007fefb800000 - 0x000007fefb856000 	C:\Windows\system32\uxtheme.dll
0x000007fee3180000 - 0x000007fee4236000 	C:\Windows\system32\nvd3dumx.dll
0x0000000180000000 - 0x0000000180114000 	C:\Windows\system32\nvspcap64.dll
0x000007feff370000 - 0x000007feff447000 	C:\Windows\system32\OLEAUT32.dll
0x0000000065a20000 - 0x0000000065a61000 	C:\Program Files\Java\jdk1.8.0_40\jre\bin\glass.dll
0x000007fefdac0000 - 0x000007fefdb57000 	C:\Windows\system32\COMDLG32.dll
0x0000000065700000 - 0x0000000065734000 	E:\Programmes\Fraps\fraps64.dll
0x000007fef82b0000 - 0x000007fef832f000 	C:\Program Files\Common Files\microsoft shared\ink\tiptsf.dll
0x000007fefce80000 - 0x000007fefce8f000 	C:\Windows\system32\CRYPTBASE.dll
0x000007fefb090000 - 0x000007fefb0bc000 	C:\Windows\system32\powrprof.dll
0x000007fefe020000 - 0x000007fefe1f7000 	C:\Windows\system32\SETUPAPI.dll
0x000007fefd160000 - 0x000007fefd196000 	C:\Windows\system32\CFGMGR32.dll
0x000007fefd0f0000 - 0x000007fefd10a000 	C:\Windows\system32\DEVOBJ.dll
0x000007feedea0000 - 0x000007feee00a000 	C:\Program Files (x86)\NVIDIA Corporation\3D Vision\nvSCPAPI64.dll
0x000007fef9de0000 - 0x000007fefa113000 	C:\Windows\system32\nvapi64.dll
0x0000000065a00000 - 0x0000000065a15000 	C:\Program Files\Java\jdk1.8.0_40\jre\bin\javafx_font.dll
0x000007feece30000 - 0x000007feecfc6000 	C:\Windows\system32\dwrite.dll
0x000007fefe200000 - 0x000007fefe299000 	C:\Windows\system32\CLBCatQ.DLL
0x000007fefb220000 - 0x000007fefb381000 	C:\Windows\system32\WindowsCodecs.dll
0x000007fefce20000 - 0x000007fefce77000 	C:\Windows\system32\apphelp.dll
0x0000000072270000 - 0x0000000072326000 	C:\Program Files\AVAST Software\Avast\ashShA64.dll
0x000007fef8330000 - 0x000007fef864c000 	C:\Windows\system32\msi.dll
0x0000000072250000 - 0x0000000072266000 	C:\Program Files\Common Files\TortoiseOverlays\TortoiseOverlays.dll
0x0000000072230000 - 0x0000000072247000 	C:\Program Files\TortoiseSVN\bin\TortoiseStub.dll
0x00000000721b0000 - 0x000000007222c000 	C:\Program Files\TortoiseSVN\bin\TortoiseSVN.dll
0x000007fefd3e0000 - 0x000007fefd61b000 	C:\Windows\system32\WININET.dll
0x000007fefd040000 - 0x000007fefd044000 	C:\Windows\system32\api-ms-win-downlevel-user32-l1-1-0.dll
0x000007fefd1a0000 - 0x000007fefd1a4000 	C:\Windows\system32\api-ms-win-downlevel-shlwapi-l1-1-0.dll
0x000007fefd3c0000 - 0x000007fefd3c4000 	C:\Windows\system32\api-ms-win-downlevel-version-l1-1-0.dll
0x000007fefd3d0000 - 0x000007fefd3d3000 	C:\Windows\system32\api-ms-win-downlevel-normaliz-l1-1-0.dll
0x00000000773d0000 - 0x00000000773d3000 	C:\Windows\system32\normaliz.DLL
0x000007fefd700000 - 0x000007fefd9b0000 	C:\Windows\system32\iertutil.dll
0x000007fefd1d0000 - 0x000007fefd1d5000 	C:\Windows\system32\api-ms-win-downlevel-advapi32-l1-1-0.dll
0x000007fefd1b0000 - 0x000007fefd1ce000 	C:\Windows\system32\USERENV.dll
0x000007fef7b20000 - 0x000007fef7f89000 	C:\Program Files\TortoiseSVN\bin\libsvn_tsvn.dll
0x0000000072180000 - 0x00000000721ad000 	C:\Program Files\TortoiseSVN\bin\libapr_tsvn.dll
0x000007fef7a40000 - 0x000007fef7b14000 	C:\Windows\system32\MSVCR110.dll
0x0000000072130000 - 0x0000000072175000 	C:\Program Files\TortoiseSVN\bin\libaprutil_tsvn.dll
0x000007fefdfc0000 - 0x000007fefe012000 	C:\Windows\system32\WLDAP32.dll
0x000007fef7a20000 - 0x000007fef7a31000 	C:\Program Files\TortoiseSVN\bin\intl3_tsvn.dll
0x000007fef7a00000 - 0x000007fef7a19000 	C:\Program Files\TortoiseSVN\bin\libsasl.dll
0x000007fefcda0000 - 0x000007fefcdab000 	C:\Windows\system32\Secur32.dll
0x000007fefcdf0000 - 0x000007fefce15000 	C:\Windows\system32\SSPICLI.DLL
0x000007fefd1e0000 - 0x000007fefd34d000 	C:\Windows\system32\CRYPT32.dll
0x000007fefd030000 - 0x000007fefd03f000 	C:\Windows\system32\MSASN1.dll
0x000007fef7950000 - 0x000007fef79f7000 	C:\Windows\system32\MSVCP110.dll
0x00000000206f0000 - 0x0000000020863000 	C:\Program Files (x86)\ASUS\ASUS WebStorage\3.0.130.270\ASUSWSShellExt64.dll
0x000007fef7910000 - 0x000007fef7941000 	C:\Users\Julien\AppData\Roaming\Dropbox\bin\DropboxExt64.25.dll
0x000007fef7fa0000 - 0x000007fef7fcd000 	C:\Program Files\Common Files\Microsoft Shared\Ink\rtscom.dll
0x0000000065930000 - 0x0000000065941000 	C:\Program Files\Java\jdk1.8.0_40\jre\bin\prism_common.dll
0x000007fefc820000 - 0x000007fefc838000 	C:\Windows\system32\CRYPTSP.dll
0x000007fefc520000 - 0x000007fefc567000 	C:\Windows\system32\rsaenh.dll
0x000007fefcf70000 - 0x000007fefcf84000 	C:\Windows\system32\RpcRtRemote.dll
0x000000006c2c0000 - 0x000000006c2da000 	C:\Program Files\Java\jdk1.8.0_40\jre\bin\net.dll
0x000007fefc7b0000 - 0x000007fefc7b7000 	C:\Windows\System32\wship6.dll
0x000000006c2a0000 - 0x000000006c2b1000 	C:\Program Files\Java\jdk1.8.0_40\jre\bin\nio.dll
0x000007fefb860000 - 0x000007fefb98c000 	C:\Windows\system32\propsys.dll
0x000007fefb390000 - 0x000007fefb3bd000 	C:\Windows\system32\ntmarta.dll
0x000007fef8850000 - 0x000007fef8a1a000 	C:\Windows\system32\explorerframe.dll
0x000007fefb490000 - 0x000007fefb4d3000 	C:\Windows\system32\DUser.dll
0x000007fefb4e0000 - 0x000007fefb5d2000 	C:\Windows\system32\DUI70.dll
0x000007fef7020000 - 0x000007fef7062000 	C:\Windows\system32\msls31.dll
0x000007fefb3c0000 - 0x000007fefb3f5000 	C:\Windows\system32\xmllite.dll
0x000007fefac20000 - 0x000007fefac74000 	C:\Windows\system32\OLEACC.dll
0x000007fef5e30000 - 0x000007fef5eea000 	C:\Windows\system32\UIAutomationCore.dll
0x000007fefce90000 - 0x000007fefcf21000 	C:\Windows\system32\SXS.DLL
0x000007feef800000 - 0x000007feef87b000 	C:\Windows\System32\StructuredQuery.dll
0x000007fef7720000 - 0x000007fef780e000 	C:\Windows\system32\actxprxy.dll
0x000007feefd00000 - 0x000007feefdb6000 	C:\Program Files\Internet Explorer\ieproxy.dll
0x000007fef1b00000 - 0x000007fef1b04000 	C:\Windows\system32\api-ms-win-downlevel-shlwapi-l2-1-0.dll
0x000007fefb1f0000 - 0x000007fefb20f000 	C:\Windows\system32\thumbcache.dll
0x000007fef7110000 - 0x000007fef7144000 	C:\Windows\system32\SHDOCVW.dll
0x000007fef2990000 - 0x000007fef3693000 	C:\Windows\system32\ieframe.DLL
0x000007fef7270000 - 0x000007fef7274000 	C:\Windows\system32\api-ms-win-downlevel-shell32-l1-1-0.dll
0x000007fefae50000 - 0x000007fefae64000 	C:\Windows\system32\samcli.dll
0x000007fefb990000 - 0x000007fefb9ad000 	C:\Windows\system32\SAMLIB.dll
0x000007fefae90000 - 0x000007fefae9c000 	C:\Windows\system32\netutils.dll
0x000007feeddc0000 - 0x000007feede97000 	C:\Windows\system32\SearchFolder.dll
0x000007fefac80000 - 0x000007fefac8b000 	C:\Windows\system32\slc.dll
0x000007fef5fc0000 - 0x000007fef615c000 	C:\Windows\system32\NetworkExplorer.dll
0x000007fefa6a0000 - 0x000007fefa6b8000 	C:\Windows\system32\MPR.dll
0x000007fef1a00000 - 0x000007fef1a0a000 	C:\Windows\System32\drprov.dll
0x000007fefcf30000 - 0x000007fefcf6d000 	C:\Windows\System32\WINSTA.dll
0x000007fef1190000 - 0x000007fef11b2000 	C:\Windows\System32\ntlanman.dll
0x000007fef1170000 - 0x000007fef118d000 	C:\Windows\System32\davclnt.dll
0x000007fef1160000 - 0x000007fef116a000 	C:\Windows\System32\DAVHLPR.dll
0x000007fefae70000 - 0x000007fefae85000 	C:\Windows\system32\wkscli.dll
0x000007fef6aa0000 - 0x000007fef6aaf000 	C:\Windows\system32\cscapi.dll
0x000007fef7100000 - 0x000007fef710c000 	C:\Windows\system32\LINKINFO.dll

VM Arguments:
jvm_args: -Xdebug -Xmx3g -Xrunjdwp:transport=dt_socket,server=n,address=50544 
java_command: E:\Programmation\VoxeLidar\trunk\VoxeLidarGUIFX\target/release/VoxeLidarGUIFX-1.0-r111c0d21.jar
java_class_path (initial): E:\Programmation\VoxeLidar\trunk\VoxeLidarGUIFX\target/release/VoxeLidarGUIFX-1.0-r111c0d21.jar
Launcher Type: SUN_STANDARD

Environment Variables:
JAVA_HOME=C:\Program Files\Java\jdk1.8.0_40
PATH=C:\ProgramData\Oracle\Java\javapath;C:\Python27\;C:\Python27\Lib\site-packages\PyQt4;C:\Python34\;C:\Python34\Scripts;C:\Program Files (x86)\NVIDIA Corporation\PhysX\Common;C:\Program Files\Common Files\Microsoft Shared\Windows Live;C:\Program Files (x86)\Common Files\Microsoft Shared\Windows Live;C:\Windows\system32;C:\Windows;C:\Windows\System32\Wbem;C:\Windows\System32\WindowsPowerShell\v1.0\;C:\Program Files (x86)\Windows Live\Shared;C:\Program Files\Microsoft\Web Platform Installer\;C:\Program Files (x86)\Microsoft ASP.NET\ASP.NET Web Pages\v1.0\;C:\MinGW\bin;C:\Program Files\TortoiseSVN\bin;C:\Program Files (x86)\VisualSVN\bin;C:\Program Files (x86)\Windows Kits\8.1\Windows Performance Toolkit\;C:\Program Files (x86)\GitExtensions\;C:\Program Files (x86)\Git\cmd
USERNAME=Julien
OS=Windows_NT
PROCESSOR_IDENTIFIER=Intel64 Family 6 Model 23 Stepping 6, GenuineIntel



---------------  S Y S T E M  ---------------

OS: Windows 7 , 64 bit Build 7601 (6.1.7601.18409)

CPU:total 2 (2 cores per cpu, 1 threads per core) family 6 model 23 stepping 6, cmov, cx8, fxsr, mmx, sse, sse2, sse3, ssse3, sse4.1, tsc

Memory: 4k page, physical 7339128k(1407164k free), swap 14676272k(7834068k free)

vm_info: Java HotSpot(TM) 64-Bit Server VM (25.40-b25) for windows-amd64 JRE (1.8.0_40-b26), built on Mar  7 2015 13:51:59 by "java_re" with MS VC++ 10.0 (VS2010)

time: Fri May 08 22:38:44 2015
elapsed time: 2064 seconds (0d 0h 34m 24s)

