#
# A fatal error has been detected by the Java Runtime Environment:
#
#  SIGSEGV (0xb) at pc=0x00007fe02f6c891c, pid=19395, tid=140546055382784
#
# JRE version: Java(TM) SE Runtime Environment (8.0_40-b26) (build 1.8.0_40-b26)
# Java VM: Java HotSpot(TM) 64-Bit Server VM (25.40-b25 mixed mode linux-amd64 )
# Problematic frame:
# C  [libc.so.6+0x8391c]  cfree+0x1c
#
# Failed to write core dump. Core dumps have been disabled. To enable core dumping, try "ulimit -c unlimited" before starting Java again
#
# If you would like to submit a bug report, please visit:
#   http://bugreport.java.com/bugreport/crash.jsp
# The crash happened outside the Java Virtual Machine in native code.
# See problematic frame for where to report the bug.
#

---------------  T H R E A D  ---------------

Current thread (0x00007fe0283fc000):  JavaThread "JavaFX Application Thread" [_thread_in_native, id=19428, stack(0x00007fd36da4a000,0x00007fd36db4b000)]

siginfo: si_signo: 11 (SIGSEGV), si_code: 1 (SEGV_MAPERR), si_addr: 0xfffffffffffffff9

Registers:
RAX=0x0000000000000000, RBX=0x00007fd2a43ce470, RCX=0xffffffffffffffff, RDX=0x0000000000000000
RSP=0x00007fd36db47e98, RBP=0x00007fd36db47f30, RSI=0x00007fe02fa089f0, RDI=0x0000000000000001
R8 =0x00000000ffffffff, R9 =0x00007fd36db4a700, R10=0x00007fd36db47c40, R11=0x00007fd37f3ba260
R12=0x00007fd36db48c80, R13=0x00007fd38df58678, R14=0x00007fd36db47fd8, R15=0x00007fe0283fc000
RIP=0x00007fe02f6c891c, EFLAGS=0x0000000000010202, CSGSFS=0x0000000000000033, ERR=0x0000000000000005
  TRAPNO=0x000000000000000e

Top of Stack: (sp=0x00007fd36db47e98)
0x00007fd36db47e98:   00007fd36d40db0a 00007fd38df58678
0x00007fd36db47ea8:   4110abf7f5c28f5c 00007fd36db47fc0
0x00007fd36db47eb8:   00007fd2a439c690 00007fd36db47fd8
0x00007fd36db47ec8:   00007fe0283fc1f8 0000000100088678
0x00007fd36db47ed8:   000336d600000005 0000000200000685
0x00007fd36db47ee8:   00007fd2a43ce470 00007fd2a439c690
0x00007fd36db47ef8:   00007fd2a439c690 00007fd2a4389fc0
0x00007fd36db47f08:   00007fd36db47ed4 00007fd34653414c
0x00007fd36db47f18:   7b3c86437b279e00 00007fd38df58678
0x00007fd36db47f28:   00007fd36db48c80 00007fd36db47fa0
0x00007fd36db47f38:   00007fe01901ce64 00007fd36db47fa0
0x00007fd36db47f48:   00007fe01901c919 00007fe0283fc000
0x00007fd36db47f58:   00007fe01901c8e2 00007fd36db47f60
0x00007fd36db47f68:   00007fd38df58678 00007fd36db47fd8
0x00007fd36db47f78:   00007fd38df58a68 0000000000000000
0x00007fd36db47f88:   00007fd38df58678 0000000000000000
0x00007fd36db47f98:   00007fd36db47fc0 00007fd36db48020
0x00007fd36db47fa8:   00007fe0190076f0 0000000000000000
0x00007fd36db47fb8:   00007fe0190137b6 00007fdbf13459e0
0x00007fd36db47fc8:   00007fd2a439c690 00007fe0190137b7
0x00007fd36db47fd8:   00007fdbf1345828 00007fd36db47fe0
0x00007fd36db47fe8:   00007fd38dc67625 00007fd36db48078
0x00007fd36db47ff8:   00007fd38dc67a28 0000000000000000
0x00007fd36db48008:   00007fd38dc67708 00007fd36db47fc0
0x00007fd36db48018:   00007fd36db48070 00007fd36db480c0
0x00007fd36db48028:   00007fe019007ca4 0000000000000000
0x00007fd36db48038:   0000000000000000 0000000000000000
0x00007fd36db48048:   0000000000000000 0000000000000000
0x00007fd36db48058:   00007fd2a439c690 0000000000000000
0x00007fd36db48068:   00007fdbf1345828 00007fdbf04cc8d0
0x00007fd36db48078:   00007fdbf045fae8 00007fd36db48080
0x00007fd36db48088:   00007fd38dc6e52c 00007fd36db480e0 

Instructions: (pc=0x00007fe02f6c891c)
0x00007fe02f6c88fc:   00 00 00 00 48 8b 05 e1 d5 33 00 48 8b 00 48 85
0x00007fe02f6c890c:   c0 0f 85 bf 00 00 00 48 85 ff 0f 84 b4 00 00 00
0x00007fe02f6c891c:   48 8b 47 f8 48 8d 77 f0 a8 02 75 28 a8 04 48 8d
0x00007fe02f6c892c:   3d 0f de 33 00 74 0c 48 89 f0 48 25 00 00 00 fc 

Register to memory mapping:

RAX=0x0000000000000000 is an unknown value
RBX=0x00007fd2a43ce470 is an unknown value
RCX=0xffffffffffffffff is an unknown value
RDX=0x0000000000000000 is an unknown value
RSP=0x00007fd36db47e98 is pointing into the stack for thread: 0x00007fe0283fc000
RBP=0x00007fd36db47f30 is pointing into the stack for thread: 0x00007fe0283fc000
RSI=0x00007fe02fa089f0: <offset 0x3c39f0> in /lib/x86_64-linux-gnu/libc.so.6 at 0x00007fe02f645000
RDI=0x0000000000000001 is an unknown value
R8 =0x00000000ffffffff is an unknown value
R9 =0x00007fd36db4a700 is pointing into the stack for thread: 0x00007fe0283fc000
R10=0x00007fd36db47c40 is pointing into the stack for thread: 0x00007fe0283fc000
R11=0x00007fd37f3ba260: _ZdlPv+0 in /usr/lib/x86_64-linux-gnu/libstdc++.so.6 at 0x00007fd37f35d000
R12=0x00007fd36db48c80 is pointing into the stack for thread: 0x00007fe0283fc000
R13={method} {0x00007fd38df58678} 'open' '(JLjava/lang/String;)I' in 'fr/ird/voxelidar/voxelisation/extraction/LazExtraction'
R14=0x00007fd36db47fd8 is pointing into the stack for thread: 0x00007fe0283fc000
R15=0x00007fe0283fc000 is a thread


Stack: [0x00007fd36da4a000,0x00007fd36db4b000],  sp=0x00007fd36db47e98,  free space=1015k
Native frames: (J=compiled Java code, j=interpreted, Vv=VM code, C=native code)
C  [libc.so.6+0x8391c]  cfree+0x1c
j  fr.ird.voxelidar.voxelisation.extraction.LazExtraction.open(JLjava/lang/String;)I+0
j  fr.ird.voxelidar.FXPrincipal.start(Ljavafx/stage/Stage;)V+21
j  com.sun.javafx.application.LauncherImpl.lambda$launchApplication1$159(Ljava/util/concurrent/atomic/AtomicBoolean;Ljavafx/application/Application;)V+20
j  com.sun.javafx.application.LauncherImpl$$Lambda$58.run()V+8
j  com.sun.javafx.application.PlatformImpl.lambda$runAndWait$172(Ljava/lang/Runnable;Ljava/util/concurrent/CountDownLatch;)V+1
j  com.sun.javafx.application.PlatformImpl$$Lambda$51.run()V+8
j  com.sun.javafx.application.PlatformImpl.lambda$null$170(Ljava/lang/Runnable;)Ljava/lang/Void;+1
j  com.sun.javafx.application.PlatformImpl$$Lambda$53.run()Ljava/lang/Object;+4
v  ~StubRoutines::call_stub
V  [libjvm.so+0x681a56]  JavaCalls::call_helper(JavaValue*, methodHandle*, JavaCallArguments*, Thread*)+0x1056
V  [libjvm.so+0x71980c]  JVM_DoPrivileged+0x27c
j  java.security.AccessController.doPrivileged(Ljava/security/PrivilegedAction;Ljava/security/AccessControlContext;)Ljava/lang/Object;+0
j  com.sun.javafx.application.PlatformImpl.lambda$runLater$171(Ljava/lang/Runnable;Ljava/security/AccessControlContext;)V+7
j  com.sun.javafx.application.PlatformImpl$$Lambda$52.run()V+8
j  com.sun.glass.ui.InvokeLaterDispatcher$Future.run()V+4
v  ~StubRoutines::call_stub
V  [libjvm.so+0x681a56]  JavaCalls::call_helper(JavaValue*, methodHandle*, JavaCallArguments*, Thread*)+0x1056
V  [libjvm.so+0x6c435b]  jni_invoke_nonstatic(JNIEnv_*, JavaValue*, _jobject*, JNICallType, _jmethodID*, JNI_ArgumentPusher*, Thread*)+0x41b
V  [libjvm.so+0x6c871f]  jni_CallVoidMethodV+0x10f
C  [libglass.so+0x1b798]  JNIEnv_::CallVoidMethod(_jobject*, _jmethodID*, ...)+0x98
C  [libglass.so+0x25144]  call_runnable(void*)+0x34
C  [libgdk-x11-2.0.so.0+0x1dcf7]

Java frames: (J=compiled Java code, j=interpreted, Vv=VM code)
j  fr.ird.voxelidar.voxelisation.extraction.LazExtraction.open(JLjava/lang/String;)I+0
j  fr.ird.voxelidar.FXPrincipal.start(Ljavafx/stage/Stage;)V+21
j  com.sun.javafx.application.LauncherImpl.lambda$launchApplication1$159(Ljava/util/concurrent/atomic/AtomicBoolean;Ljavafx/application/Application;)V+20
j  com.sun.javafx.application.LauncherImpl$$Lambda$58.run()V+8
j  com.sun.javafx.application.PlatformImpl.lambda$runAndWait$172(Ljava/lang/Runnable;Ljava/util/concurrent/CountDownLatch;)V+1
j  com.sun.javafx.application.PlatformImpl$$Lambda$51.run()V+8
j  com.sun.javafx.application.PlatformImpl.lambda$null$170(Ljava/lang/Runnable;)Ljava/lang/Void;+1
j  com.sun.javafx.application.PlatformImpl$$Lambda$53.run()Ljava/lang/Object;+4
v  ~StubRoutines::call_stub
j  java.security.AccessController.doPrivileged(Ljava/security/PrivilegedAction;Ljava/security/AccessControlContext;)Ljava/lang/Object;+0
j  com.sun.javafx.application.PlatformImpl.lambda$runLater$171(Ljava/lang/Runnable;Ljava/security/AccessControlContext;)V+7
j  com.sun.javafx.application.PlatformImpl$$Lambda$52.run()V+8
j  com.sun.glass.ui.InvokeLaterDispatcher$Future.run()V+4
v  ~StubRoutines::call_stub
j  com.sun.glass.ui.gtk.GtkApplication._runLoop(Ljava/lang/Runnable;Z)V+0
j  com.sun.glass.ui.gtk.GtkApplication.lambda$null$48(Ljava/lang/Runnable;Z)V+7
j  com.sun.glass.ui.gtk.GtkApplication$$Lambda$41.run()V+12
j  java.lang.Thread.run()V+11
v  ~StubRoutines::call_stub

---------------  P R O C E S S  ---------------

Java Threads: ( => current thread )
  0x00007fe028400800 JavaThread "JavaFX-Launcher" [_thread_blocked, id=19429, stack(0x00007fd36d8c9000,0x00007fd36d9ca000)]
=>0x00007fe0283fc000 JavaThread "JavaFX Application Thread" [_thread_in_native, id=19428, stack(0x00007fd36da4a000,0x00007fd36db4b000)]
  0x00007fe0283f8000 JavaThread "Thread-1" daemon [_thread_blocked, id=19427, stack(0x00007fd374085000,0x00007fd374186000)]
  0x00007fe028332000 JavaThread "QuantumRenderer-0" daemon [_thread_blocked, id=19424, stack(0x00007fd386ae9000,0x00007fd386bea000)]
  0x00007fe028225800 JavaThread "Service Thread" daemon [_thread_blocked, id=19422, stack(0x00007fd386ceb000,0x00007fd386dec000)]
  0x00007fe028220000 JavaThread "C1 CompilerThread3" daemon [_thread_blocked, id=19421, stack(0x00007fd386dec000,0x00007fd386eed000)]
  0x00007fe02821e000 JavaThread "C2 CompilerThread2" daemon [_thread_blocked, id=19420, stack(0x00007fd386eed000,0x00007fd386fee000)]
  0x00007fe02821c000 JavaThread "C2 CompilerThread1" daemon [_thread_blocked, id=19419, stack(0x00007fd386fee000,0x00007fd3870ef000)]
  0x00007fe028219800 JavaThread "C2 CompilerThread0" daemon [_thread_blocked, id=19418, stack(0x00007fd3870ef000,0x00007fd3871f0000)]
  0x00007fd2d0001000 JavaThread "JDWP Command Reader" daemon [_thread_in_native, id=19416, stack(0x00007fd3871f0000,0x00007fd3872f1000)]
  0x00007fe028217000 JavaThread "JDWP Event Helper Thread" daemon [_thread_blocked, id=19415, stack(0x00007fd3872f1000,0x00007fd3873f2000)]
  0x00007fe028213800 JavaThread "JDWP Transport Listener: dt_socket" daemon [_thread_blocked, id=19412, stack(0x00007fd3873f2000,0x00007fd3874f3000)]
  0x00007fe028207800 JavaThread "Signal Dispatcher" daemon [_thread_blocked, id=19411, stack(0x00007fd3876f7000,0x00007fd3877f8000)]
  0x00007fe0281d0800 JavaThread "Finalizer" daemon [_thread_blocked, id=19410, stack(0x00007fd3877f8000,0x00007fd3878f9000)]
  0x00007fe0281ce800 JavaThread "Reference Handler" daemon [_thread_blocked, id=19409, stack(0x00007fd3878f9000,0x00007fd3879fa000)]
  0x00007fe02800c000 JavaThread "main" [_thread_blocked, id=19399, stack(0x00007fe03013c000,0x00007fe03023d000)]

Other Threads:
  0x00007fe0281c9000 VMThread [stack: 0x00007fd3879fa000,0x00007fd387afb000] [id=19408]
  0x00007fe028228800 WatcherThread [stack: 0x00007fd386bea000,0x00007fd386ceb000] [id=19423]

VM state:not at safepoint (normal execution)

VM Mutex/Monitor currently owned by a thread: None

Heap:
 PSYoungGen      total 300544K, used 51610K [0x00007fdbee580000, 0x00007fdc03480000, 0x00007fe019000000)
  eden space 258048K, 20% used [0x00007fdbee580000,0x00007fdbf17e6950,0x00007fdbfe180000)
  from space 42496K, 0% used [0x00007fdc00b00000,0x00007fdc00b00000,0x00007fdc03480000)
  to   space 42496K, 0% used [0x00007fdbfe180000,0x00007fdbfe180000,0x00007fdc00b00000)
 ParOldGen       total 687104K, used 0K [0x00007fd399000000, 0x00007fd3c2f00000, 0x00007fdbee580000)
  object space 687104K, 0% used [0x00007fd399000000,0x00007fd399000000,0x00007fd3c2f00000)
 Metaspace       used 8272K, capacity 8849K, committed 8960K, reserved 10240K

Card table byte_map: [0x00007fd392bff000,0x00007fd399000000] byte_map_base: 0x00007f93a8f37000

Marking Bits: (ParMarkBitMap*) 0x00007fe02f61a6c0
 Begin Bits: [0x00007fd2ec000000, 0x00007fd31e000000)
 End Bits:   [0x00007fd31e000000, 0x00007fd350000000)

Polling page: 0x00007fe030263000

CodeCache: size=245760Kb used=2447Kb max_used=2447Kb free=243312Kb
 bounds [0x00007fe019000000, 0x00007fe019270000, 0x00007fe028000000]
 total_blobs=1022 nmethods=601 adapters=343
 compilation: enabled

Compilation events (10 events):
Event: 0,654 Thread 0x00007fe028220000 nmethod 597 0x00007fe01925b150 code [0x00007fe01925b2a0, 0x00007fe01925b3b0]
Event: 0,654 Thread 0x00007fe028220000  589       3       java.lang.StringCoding::scale (7 bytes)
Event: 0,654 Thread 0x00007fe028220000 nmethod 589 0x00007fe01925ae10 code [0x00007fe01925af80, 0x00007fe01925b0f0]
Event: 0,654 Thread 0x00007fe028220000  594       3       java.util.Arrays::copyOf (46 bytes)
Event: 0,655 Thread 0x00007fe028220000 nmethod 594 0x00007fe01925a3d0 code [0x00007fe01925a580, 0x00007fe01925ac08]
Event: 0,655 Thread 0x00007fe028220000  598       3       java.lang.String::getBytes (27 bytes)
Event: 0,655 Thread 0x00007fe028220000 nmethod 598 0x00007fe019259e50 code [0x00007fe019259fe0, 0x00007fe01925a278]
Event: 0,655 Thread 0x00007fe028220000  599   !   3       java.lang.StringCoding::encode (120 bytes)
Event: 0,659 Thread 0x00007fe028220000 nmethod 599 0x00007fe01925ebd0 code [0x00007fe01925ef20, 0x00007fe019260958]
Event: 0,659 Thread 0x00007fe028220000  600   !   3       java.lang.StringCoding$StringEncoder::encode (179 bytes)

GC Heap History (0 events):
No events

Deoptimization events (2 events):
Event: 0,531 Thread 0x00007fe0283fc000 Uncommon trap: reason=unstable_if action=reinterpret pc=0x00007fe0191b8da4 method=java.lang.String.replace(CC)Ljava/lang/String; @ 2
Event: 0,553 Thread 0x00007fe0283fc000 Uncommon trap: reason=unstable_if action=reinterpret pc=0x00007fe0191dfaf0 method=java.lang.String.indexOf([CII[CIII)I @ 134

Internal exceptions (10 events):
Event: 0,618 Thread 0x00007fe0283fc000 Exception <a 'java/lang/ClassNotFoundException': org/apache/log4j/RollingFileAppenderBeanInfo> (0x00007fdbf07ee780) thrown at [/HUDSON/workspace/8-2-build-linux-amd64/jdk8u40/3098/hotspot/src/share/vm/classfile/systemDictionary.cpp, line 210]
Event: 0,618 Thread 0x00007fe0283fc000 Exception <a 'java/lang/ClassNotFoundException': org/apache/log4j/FileAppenderBeanInfo> (0x00007fdbf07f8500) thrown at [/HUDSON/workspace/8-2-build-linux-amd64/jdk8u40/3098/hotspot/src/share/vm/classfile/systemDictionary.cpp, line 210]
Event: 0,619 Thread 0x00007fe0283fc000 Exception <a 'java/lang/ClassNotFoundException': org/apache/log4j/WriterAppenderBeanInfo> (0x00007fdbf0802550) thrown at [/HUDSON/workspace/8-2-build-linux-amd64/jdk8u40/3098/hotspot/src/share/vm/classfile/systemDictionary.cpp, line 210]
Event: 0,619 Thread 0x00007fe0283fc000 Exception <a 'java/lang/ClassNotFoundException': org/apache/log4j/AppenderSkeletonBeanInfo> (0x00007fdbf080c8e0) thrown at [/HUDSON/workspace/8-2-build-linux-amd64/jdk8u40/3098/hotspot/src/share/vm/classfile/systemDictionary.cpp, line 210]
Event: 0,620 Thread 0x00007fe0283fc000 Exception <a 'java/lang/ClassNotFoundException': org/apache/log4j/AppenderSkeletonCustomizer> (0x00007fdbf0817400) thrown at [/HUDSON/workspace/8-2-build-linux-amd64/jdk8u40/3098/hotspot/src/share/vm/classfile/systemDictionary.cpp, line 210]
Event: 0,622 Thread 0x00007fe0283fc000 Exception <a 'java/lang/ClassNotFoundException': org/apache/log4j/WriterAppenderCustomizer> (0x00007fdbf083b5e8) thrown at [/HUDSON/workspace/8-2-build-linux-amd64/jdk8u40/3098/hotspot/src/share/vm/classfile/systemDictionary.cpp, line 210]
Event: 0,624 Thread 0x00007fe0283fc000 Exception <a 'java/lang/ClassNotFoundException': org/apache/log4j/FileAppenderCustomizer> (0x00007fdbf0855dc8) thrown at [/HUDSON/workspace/8-2-build-linux-amd64/jdk8u40/3098/hotspot/src/share/vm/classfile/systemDictionary.cpp, line 210]
Event: 0,626 Thread 0x00007fe0283fc000 Exception <a 'java/lang/ClassNotFoundException': org/apache/log4j/RollingFileAppenderCustomizer> (0x00007fdbf08721b0) thrown at [/HUDSON/workspace/8-2-build-linux-amd64/jdk8u40/3098/hotspot/src/share/vm/classfile/systemDictionary.cpp, line 210]
Event: 0,632 Thread 0x00007fe0283fc000 Exception <a 'java/lang/ClassNotFoundException': org/apache/log4j/ConsoleAppenderBeanInfo> (0x00007fdbf08b3320) thrown at [/HUDSON/workspace/8-2-build-linux-amd64/jdk8u40/3098/hotspot/src/share/vm/classfile/systemDictionary.cpp, line 210]
Event: 0,633 Thread 0x00007fe0283fc000 Exception <a 'java/lang/ClassNotFoundException': org/apache/log4j/ConsoleAppenderCustomizer> (0x00007fdbf08bd5e8) thrown at [/HUDSON/workspace/8-2-build-linux-amd64/jdk8u40/3098/hotspot/src/share/vm/classfile/systemDictionary.cpp, line 210]

Events (10 events):
Event: 0,655 loading class java/io/DeleteOnExitHook$1
Event: 0,655 loading class java/io/DeleteOnExitHook$1 done
Event: 0,659 loading class java/text/DontCareFieldPosition
Event: 0,659 loading class java/text/DontCareFieldPosition done
Event: 0,659 loading class java/text/DontCareFieldPosition$1
Event: 0,659 loading class java/text/Format$FieldDelegate
Event: 0,659 loading class java/text/Format$FieldDelegate done
Event: 0,659 loading class java/text/DontCareFieldPosition$1 done
Event: 0,660 loading class java/io/FileOutputStream$1
Event: 0,660 loading class java/io/FileOutputStream$1 done


Dynamic libraries:
00400000-00401000 r-xp 00000000 08:03 107611431                          /home/calcul/Téléchargements/jdk1.8.0_40/jre/bin/java
00600000-00601000 rw-p 00000000 08:03 107611431                          /home/calcul/Téléchargements/jdk1.8.0_40/jre/bin/java
00aad000-00ace000 rw-p 00000000 00:00 0                                  [heap]
7fd298000000-7fd298021000 rw-p 00000000 00:00 0 
7fd298021000-7fd29c000000 ---p 00000000 00:00 0 
7fd2a0000000-7fd2a0021000 rw-p 00000000 00:00 0 
7fd2a0021000-7fd2a4000000 ---p 00000000 00:00 0 
7fd2a4000000-7fd2a467d000 rw-p 00000000 00:00 0 
7fd2a467d000-7fd2a8000000 ---p 00000000 00:00 0 
7fd2a8000000-7fd2a8021000 rw-p 00000000 00:00 0 
7fd2a8021000-7fd2ac000000 ---p 00000000 00:00 0 
7fd2ac000000-7fd2ac022000 rw-p 00000000 00:00 0 
7fd2ac022000-7fd2b0000000 ---p 00000000 00:00 0 
7fd2b0000000-7fd2b0021000 rw-p 00000000 00:00 0 
7fd2b0021000-7fd2b4000000 ---p 00000000 00:00 0 
7fd2b4000000-7fd2b4217000 rw-p 00000000 00:00 0 
7fd2b4217000-7fd2b8000000 ---p 00000000 00:00 0 
7fd2b8000000-7fd2b81cd000 rw-p 00000000 00:00 0 
7fd2b81cd000-7fd2bc000000 ---p 00000000 00:00 0 
7fd2bc000000-7fd2bc021000 rw-p 00000000 00:00 0 
7fd2bc021000-7fd2c0000000 ---p 00000000 00:00 0 
7fd2c0000000-7fd2c01b6000 rw-p 00000000 00:00 0 
7fd2c01b6000-7fd2c4000000 ---p 00000000 00:00 0 
7fd2c4000000-7fd2c42a8000 rw-p 00000000 00:00 0 
7fd2c42a8000-7fd2c8000000 ---p 00000000 00:00 0 
7fd2c8000000-7fd2c8021000 rw-p 00000000 00:00 0 
7fd2c8021000-7fd2cc000000 ---p 00000000 00:00 0 
7fd2cc000000-7fd2cc236000 rw-p 00000000 00:00 0 
7fd2cc236000-7fd2d0000000 ---p 00000000 00:00 0 
7fd2d0000000-7fd2d0021000 rw-p 00000000 00:00 0 
7fd2d0021000-7fd2d4000000 ---p 00000000 00:00 0 
7fd2d4000000-7fd2d4021000 rw-p 00000000 00:00 0 
7fd2d4021000-7fd2d8000000 ---p 00000000 00:00 0 
7fd2d8000000-7fd2d8021000 rw-p 00000000 00:00 0 
7fd2d8021000-7fd2dc000000 ---p 00000000 00:00 0 
7fd2dc000000-7fd2dc021000 rw-p 00000000 00:00 0 
7fd2dc021000-7fd2e0000000 ---p 00000000 00:00 0 
7fd2e0000000-7fd2e0021000 rw-p 00000000 00:00 0 
7fd2e0021000-7fd2e4000000 ---p 00000000 00:00 0 
7fd2e5c00000-7fd350000000 rw-p 00000000 00:00 0 
7fd350000000-7fd350021000 rw-p 00000000 00:00 0 
7fd350021000-7fd354000000 ---p 00000000 00:00 0 
7fd354000000-7fd354021000 rw-p 00000000 00:00 0 
7fd354021000-7fd358000000 ---p 00000000 00:00 0 
7fd358000000-7fd358021000 rw-p 00000000 00:00 0 
7fd358021000-7fd35c000000 ---p 00000000 00:00 0 
7fd360000000-7fd360021000 rw-p 00000000 00:00 0 
7fd360021000-7fd364000000 ---p 00000000 00:00 0 
7fd368000000-7fd368021000 rw-p 00000000 00:00 0 
7fd368021000-7fd36c000000 ---p 00000000 00:00 0 
7fd36d3fe000-7fd36d400000 rw-p 00000000 00:00 0 
7fd36d400000-7fd36d424000 r-xp 00000000 08:01 131144                     /tmp/LasZipLibrary-4961023813147400202.tmp
7fd36d424000-7fd36d623000 ---p 00024000 08:01 131144                     /tmp/LasZipLibrary-4961023813147400202.tmp
7fd36d623000-7fd36d625000 r--p 00023000 08:01 131144                     /tmp/LasZipLibrary-4961023813147400202.tmp
7fd36d625000-7fd36d626000 rw-p 00025000 08:01 131144                     /tmp/LasZipLibrary-4961023813147400202.tmp
7fd36d626000-7fd36d62b000 r--s 00094000 08:03 107611371                  /home/calcul/Téléchargements/jdk1.8.0_40/jre/lib/jsse.jar
7fd36d62b000-7fd36d647000 r--s 00393000 08:03 107611383                  /home/calcul/Téléchargements/jdk1.8.0_40/jre/lib/ext/cldrdata.jar
7fd36d647000-7fd36d652000 r--s 00116000 08:03 107611377                  /home/calcul/Téléchargements/jdk1.8.0_40/jre/lib/ext/localedata.jar
7fd36d652000-7fd36d712000 rw-p 00000000 00:00 0 
7fd36d712000-7fd36d852000 ---p 00000000 00:00 0 
7fd36d852000-7fd36d864000 r--s 000d8000 08:03 110627261                  /home/calcul/Documents/Julien/VoxeLidar/trunk/VoxeLidarGUIFX/target/lib/controlsfx-8.20.8.jar
7fd36d864000-7fd36d875000 r--s 0016e000 08:03 110625118                  /home/calcul/Documents/Julien/VoxeLidar/trunk/VoxeLidarGUIFX/target/lib/jfreechart-1.0.19.jar
7fd36d875000-7fd36d8ba000 r--s 0068d000 08:03 110625170                  /home/calcul/Documents/Julien/VoxeLidar/trunk/VoxeLidarGUIFX/target/lib/gdx-tools-1.1.0.jar
7fd36d8ba000-7fd36d8c9000 r--s 000ab000 08:03 110627259                  /home/calcul/Documents/Julien/VoxeLidar/trunk/VoxeLidarGUIFX/target/lib/commons-math-2.0.jar
7fd36d8c9000-7fd36d8cc000 ---p 00000000 00:00 0 
7fd36d8cc000-7fd36d9ca000 rw-p 00000000 00:00 0                          [stack:19429]
7fd36d9ca000-7fd36da4a000 rw-s 5eba88000 00:05 12468                     /dev/dri/card0
7fd36da4a000-7fd36da4d000 ---p 00000000 00:00 0 
7fd36da4d000-7fd36db4b000 rw-p 00000000 00:00 0                          [stack:19428]
7fd36db4b000-7fd36db4c000 ---p 00000000 00:00 0 
7fd36db4c000-7fd36e34c000 rw-p 00000000 00:00 0                          [stack:19426]
7fd36e34c000-7fd36e34d000 ---p 00000000 00:00 0 
7fd36e34d000-7fd36eb4d000 rw-p 00000000 00:00 0                          [stack:19425]
7fd36eb4d000-7fd36eb58000 r-xp 00000000 08:01 656478                     /usr/lib/x86_64-linux-gnu/gio/modules/libdconfsettings.so
7fd36eb58000-7fd36ed57000 ---p 0000b000 08:01 656478                     /usr/lib/x86_64-linux-gnu/gio/modules/libdconfsettings.so
7fd36ed57000-7fd36ed58000 r--p 0000a000 08:01 656478                     /usr/lib/x86_64-linux-gnu/gio/modules/libdconfsettings.so
7fd36ed58000-7fd36ed59000 rw-p 0000b000 08:01 656478                     /usr/lib/x86_64-linux-gnu/gio/modules/libdconfsettings.so
7fd36ed59000-7fd36ed60000 r-xp 00000000 08:01 270532                     /usr/lib/x86_64-linux-gnu/libogg.so.0.8.1
7fd36ed60000-7fd36ef60000 ---p 00007000 08:01 270532                     /usr/lib/x86_64-linux-gnu/libogg.so.0.8.1
7fd36ef60000-7fd36ef61000 r--p 00007000 08:01 270532                     /usr/lib/x86_64-linux-gnu/libogg.so.0.8.1
7fd36ef61000-7fd36ef62000 rw-p 00008000 08:01 270532                     /usr/lib/x86_64-linux-gnu/libogg.so.0.8.1
7fd36ef62000-7fd36ef8d000 r-xp 00000000 08:01 270763                     /usr/lib/x86_64-linux-gnu/libvorbis.so.0.4.5
7fd36ef8d000-7fd36f18d000 ---p 0002b000 08:01 270763                     /usr/lib/x86_64-linux-gnu/libvorbis.so.0.4.5
7fd36f18d000-7fd36f18e000 r--p 0002b000 08:01 270763                     /usr/lib/x86_64-linux-gnu/libvorbis.so.0.4.5
7fd36f18e000-7fd36f18f000 rw-p 0002c000 08:01 270763                     /usr/lib/x86_64-linux-gnu/libvorbis.so.0.4.5
7fd36f18f000-7fd36f198000 r-xp 00000000 08:01 270454                     /usr/lib/x86_64-linux-gnu/libltdl.so.7.3.0
7fd36f198000-7fd36f397000 ---p 00009000 08:01 270454                     /usr/lib/x86_64-linux-gnu/libltdl.so.7.3.0
7fd36f397000-7fd36f398000 r--p 00008000 08:01 270454                     /usr/lib/x86_64-linux-gnu/libltdl.so.7.3.0
7fd36f398000-7fd36f399000 rw-p 00009000 08:01 270454                     /usr/lib/x86_64-linux-gnu/libltdl.so.7.3.0
7fd36f399000-7fd36f3ab000 r-xp 00000000 08:01 270696                     /usr/lib/x86_64-linux-gnu/libtdb.so.1.2.11
7fd36f3ab000-7fd36f5aa000 ---p 00012000 08:01 270696                     /usr/lib/x86_64-linux-gnu/libtdb.so.1.2.11
7fd36f5aa000-7fd36f5ab000 r--p 00011000 08:01 270696                     /usr/lib/x86_64-linux-gnu/libtdb.so.1.2.11
7fd36f5ab000-7fd36f5ac000 rw-p 00012000 08:01 270696                     /usr/lib/x86_64-linux-gnu/libtdb.so.1.2.11
7fd36f5ac000-7fd36f5b3000 r-xp 00000000 08:01 270767                     /usr/lib/x86_64-linux-gnu/libvorbisfile.so.3.3.4
7fd36f5b3000-7fd36f7b2000 ---p 00007000 08:01 270767                     /usr/lib/x86_64-linux-gnu/libvorbisfile.so.3.3.4
7fd36f7b2000-7fd36f7b3000 r--p 00006000 08:01 270767                     /usr/lib/x86_64-linux-gnu/libvorbisfile.so.3.3.4
7fd36f7b3000-7fd36f7b4000 rw-p 00007000 08:01 270767                     /usr/lib/x86_64-linux-gnu/libvorbisfile.so.3.3.4
7fd36f7b4000-7fd36f7c3000 r-xp 00000000 08:01 269997                     /usr/lib/x86_64-linux-gnu/libcanberra.so.0.2.5
7fd36f7c3000-7fd36f9c2000 ---p 0000f000 08:01 269997                     /usr/lib/x86_64-linux-gnu/libcanberra.so.0.2.5
7fd36f9c2000-7fd36f9c3000 r--p 0000e000 08:01 269997                     /usr/lib/x86_64-linux-gnu/libcanberra.so.0.2.5
7fd36f9c3000-7fd36f9c4000 rw-p 0000f000 08:01 269997                     /usr/lib/x86_64-linux-gnu/libcanberra.so.0.2.5
7fd36f9c4000-7fd36f9c8000 r-xp 00000000 08:01 269993                     /usr/lib/x86_64-linux-gnu/libcanberra-gtk.so.0.1.9
7fd36f9c8000-7fd36fbc7000 ---p 00004000 08:01 269993                     /usr/lib/x86_64-linux-gnu/libcanberra-gtk.so.0.1.9
7fd36fbc7000-7fd36fbc8000 r--p 00003000 08:01 269993                     /usr/lib/x86_64-linux-gnu/libcanberra-gtk.so.0.1.9
7fd36fbc8000-7fd36fbc9000 rw-p 00004000 08:01 269993                     /usr/lib/x86_64-linux-gnu/libcanberra-gtk.so.0.1.9
7fd36fbc9000-7fd36fbce000 r-xp 00000000 08:01 656734                     /usr/lib/x86_64-linux-gnu/gtk-2.0/modules/libcanberra-gtk-module.so
7fd36fbce000-7fd36fdcd000 ---p 00005000 08:01 656734                     /usr/lib/x86_64-linux-gnu/gtk-2.0/modules/libcanberra-gtk-module.so
7fd36fdcd000-7fd36fdce000 r--p 00004000 08:01 656734                     /usr/lib/x86_64-linux-gnu/gtk-2.0/modules/libcanberra-gtk-module.so
7fd36fdce000-7fd36fdcf000 rw-p 00005000 08:01 656734                     /usr/lib/x86_64-linux-gnu/gtk-2.0/modules/libcanberra-gtk-module.so
7fd36fdcf000-7fd36fdfe000 r-xp 00000000 08:01 656716                     /usr/lib/x86_64-linux-gnu/gtk-2.0/2.10.0/engines/libmurrine.so
7fd36fdfe000-7fd36fffe000 ---p 0002f000 08:01 656716                     /usr/lib/x86_64-linux-gnu/gtk-2.0/2.10.0/engines/libmurrine.so
7fd36fffe000-7fd36ffff000 r--p 0002f000 08:01 656716                     /usr/lib/x86_64-linux-gnu/gtk-2.0/2.10.0/engines/libmurrine.so
7fd36ffff000-7fd370000000 rw-p 00030000 08:01 656716                     /usr/lib/x86_64-linux-gnu/gtk-2.0/2.10.0/engines/libmurrine.so
7fd370000000-7fd370021000 rw-p 00000000 00:00 0 
7fd370021000-7fd374000000 ---p 00000000 00:00 0 
7fd374000000-7fd374002000 rw-p 00000000 00:00 0 
7fd374002000-7fd374005000 r--s 00022000 08:03 110625119                  /home/calcul/Documents/Julien/VoxeLidar/trunk/VoxeLidarGUIFX/target/lib/openjfx-dialogs-1.0.2.jar
7fd374005000-7fd374085000 rw-s 5eb1d1000 00:05 12468                     /dev/dri/card0
7fd374085000-7fd374088000 ---p 00000000 00:00 0 
7fd374088000-7fd374186000 rw-p 00000000 00:00 0                          [stack:19427]
7fd374186000-7fd374197000 r-xp 00000000 08:01 656737                     /usr/lib/x86_64-linux-gnu/gtk-2.0/modules/liboverlay-scrollbar.so
7fd374197000-7fd374396000 ---p 00011000 08:01 656737                     /usr/lib/x86_64-linux-gnu/gtk-2.0/modules/liboverlay-scrollbar.so
7fd374396000-7fd374397000 r--p 00010000 08:01 656737                     /usr/lib/x86_64-linux-gnu/gtk-2.0/modules/liboverlay-scrollbar.so
7fd374397000-7fd374398000 rw-p 00011000 08:01 656737                     /usr/lib/x86_64-linux-gnu/gtk-2.0/modules/liboverlay-scrollbar.so
7fd374398000-7fd3743c3000 r-xp 00000000 08:03 107611297                  /home/calcul/Téléchargements/jdk1.8.0_40/jre/lib/amd64/libglass.so
7fd3743c3000-7fd3745c2000 ---p 0002b000 08:03 107611297                  /home/calcul/Téléchargements/jdk1.8.0_40/jre/lib/amd64/libglass.so
7fd3745c2000-7fd3745c4000 r--p 0002a000 08:03 107611297                  /home/calcul/Téléchargements/jdk1.8.0_40/jre/lib/amd64/libglass.so
7fd3745c4000-7fd3745c5000 rw-p 0002c000 08:03 107611297                  /home/calcul/Téléchargements/jdk1.8.0_40/jre/lib/amd64/libglass.so
7fd3745c5000-7fd3745c6000 rw-p 00000000 00:00 0 
7fd3745c6000-7fd3745f8000 r-xp 00000000 08:01 270722                     /usr/lib/x86_64-linux-gnu/libtxc_dxtn_s2tc.so.0.0.0
7fd3745f8000-7fd3747f7000 ---p 00032000 08:01 270722                     /usr/lib/x86_64-linux-gnu/libtxc_dxtn_s2tc.so.0.0.0
7fd3747f7000-7fd3747f8000 r--p 00031000 08:01 270722                     /usr/lib/x86_64-linux-gnu/libtxc_dxtn_s2tc.so.0.0.0
7fd3747f8000-7fd3747f9000 rw-p 00032000 08:01 270722                     /usr/lib/x86_64-linux-gnu/libtxc_dxtn_s2tc.so.0.0.0
7fd3747f9000-7fd375d3c000 r-xp 00000000 08:01 269745                     /usr/lib/x86_64-linux-gnu/libLLVM-3.3.so.1
7fd375d3c000-7fd375d3d000 ---p 01543000 08:01 269745                     /usr/lib/x86_64-linux-gnu/libLLVM-3.3.so.1
7fd375d3d000-7fd375e52000 r--p 01543000 08:01 269745                     /usr/lib/x86_64-linux-gnu/libLLVM-3.3.so.1
7fd375e52000-7fd375e54000 rw-p 01658000 08:01 269745                     /usr/lib/x86_64-linux-gnu/libLLVM-3.3.so.1
7fd375e54000-7fd375e67000 rw-p 00000000 00:00 0 
7fd375e67000-7fd375e6c000 r-xp 00000000 08:01 268846                     /usr/lib/x86_64-linux-gnu/libdrm_nouveau.so.2.0.0
7fd375e6c000-7fd37606b000 ---p 00005000 08:01 268846                     /usr/lib/x86_64-linux-gnu/libdrm_nouveau.so.2.0.0
7fd37606b000-7fd37606c000 r--p 00004000 08:01 268846                     /usr/lib/x86_64-linux-gnu/libdrm_nouveau.so.2.0.0
7fd37606c000-7fd37606d000 rw-p 00005000 08:01 268846                     /usr/lib/x86_64-linux-gnu/libdrm_nouveau.so.2.0.0
7fd37606d000-7fd37628b000 r-xp 00000000 08:01 270170                     /usr/lib/x86_64-linux-gnu/libgallium.so.0.0.0
7fd37628b000-7fd37648a000 ---p 0021e000 08:01 270170                     /usr/lib/x86_64-linux-gnu/libgallium.so.0.0.0
7fd37648a000-7fd37649b000 r--p 0021d000 08:01 270170                     /usr/lib/x86_64-linux-gnu/libgallium.so.0.0.0
7fd37649b000-7fd37649e000 rw-p 0022e000 08:01 270170                     /usr/lib/x86_64-linux-gnu/libgallium.so.0.0.0
7fd37649e000-7fd376666000 rw-p 00000000 00:00 0 
7fd376666000-7fd376a24000 r-xp 00000000 08:01 270081                     /usr/lib/x86_64-linux-gnu/libdricore9.2.1.so.1.0.0
7fd376a24000-7fd376c23000 ---p 003be000 08:01 270081                     /usr/lib/x86_64-linux-gnu/libdricore9.2.1.so.1.0.0
7fd376c23000-7fd376c33000 r--p 003bd000 08:01 270081                     /usr/lib/x86_64-linux-gnu/libdricore9.2.1.so.1.0.0
7fd376c33000-7fd376c3b000 rw-p 003cd000 08:01 270081                     /usr/lib/x86_64-linux-gnu/libdricore9.2.1.so.1.0.0
7fd376c3b000-7fd376c53000 rw-p 00000000 00:00 0 
7fd376c53000-7fd376da5000 r-xp 00000000 08:01 655813                     /usr/lib/x86_64-linux-gnu/dri/nouveau_dri.so
7fd376da5000-7fd376fa4000 ---p 00152000 08:01 655813                     /usr/lib/x86_64-linux-gnu/dri/nouveau_dri.so
7fd376fa4000-7fd376fa7000 r--p 00151000 08:01 655813                     /usr/lib/x86_64-linux-gnu/dri/nouveau_dri.so
7fd376fa7000-7fd376fa9000 rw-p 00154000 08:01 655813                     /usr/lib/x86_64-linux-gnu/dri/nouveau_dri.so
7fd376fa9000-7fd376fab000 rw-p 00000000 00:00 0 
7fd376fab000-7fd376fb1000 r-xp 00000000 08:01 270058                     /usr/lib/x86_64-linux-gnu/libdatrie.so.1.2.0
7fd376fb1000-7fd3771b0000 ---p 00006000 08:01 270058                     /usr/lib/x86_64-linux-gnu/libdatrie.so.1.2.0
7fd3771b0000-7fd3771b1000 r--p 00005000 08:01 270058                     /usr/lib/x86_64-linux-gnu/libdatrie.so.1.2.0
7fd3771b1000-7fd3771b2000 rw-p 00006000 08:01 270058                     /usr/lib/x86_64-linux-gnu/libdatrie.so.1.2.0
7fd3771b2000-7fd3771b7000 r-xp 00000000 08:01 269880                     /usr/lib/x86_64-linux-gnu/libXdmcp.so.6.0.0
7fd3771b7000-7fd3773b6000 ---p 00005000 08:01 269880                     /usr/lib/x86_64-linux-gnu/libXdmcp.so.6.0.0
7fd3773b6000-7fd3773b7000 r--p 00004000 08:01 269880                     /usr/lib/x86_64-linux-gnu/libXdmcp.so.6.0.0
7fd3773b7000-7fd3773b8000 rw-p 00005000 08:01 269880                     /usr/lib/x86_64-linux-gnu/libXdmcp.so.6.0.0
7fd3773b8000-7fd3773ba000 r-xp 00000000 08:01 269869                     /usr/lib/x86_64-linux-gnu/libXau.so.6.0.0
7fd3773ba000-7fd3775ba000 ---p 00002000 08:01 269869                     /usr/lib/x86_64-linux-gnu/libXau.so.6.0.0
7fd3775ba000-7fd3775bb000 r--p 00002000 08:01 269869                     /usr/lib/x86_64-linux-gnu/libXau.so.6.0.0
7fd3775bb000-7fd3775bc000 rw-p 00003000 08:01 269869                     /usr/lib/x86_64-linux-gnu/libXau.so.6.0.0
7fd3775bc000-7fd3775d4000 r-xp 00000000 08:01 270266                     /usr/lib/x86_64-linux-gnu/libgraphite2.so.3.0.1
7fd3775d4000-7fd3777d3000 ---p 00018000 08:01 270266                     /usr/lib/x86_64-linux-gnu/libgraphite2.so.3.0.1
7fd3777d3000-7fd3777d5000 r--p 00017000 08:01 270266                     /usr/lib/x86_64-linux-gnu/libgraphite2.so.3.0.1
7fd3777d5000-7fd3777d6000 rw-p 00019000 08:01 270266                     /usr/lib/x86_64-linux-gnu/libgraphite2.so.3.0.1
7fd3777d6000-7fd3777e1000 r-xp 00000000 08:01 269859                     /usr/lib/x86_64-linux-gnu/libdrm.so.2.4.0
7fd3777e1000-7fd3779e0000 ---p 0000b000 08:01 269859                     /usr/lib/x86_64-linux-gnu/libdrm.so.2.4.0
7fd3779e0000-7fd3779e1000 r--p 0000a000 08:01 269859                     /usr/lib/x86_64-linux-gnu/libdrm.so.2.4.0
7fd3779e1000-7fd3779e2000 rw-p 0000b000 08:01 269859                     /usr/lib/x86_64-linux-gnu/libdrm.so.2.4.0
7fd3779e2000-7fd3779e5000 r-xp 00000000 08:01 270795                     /usr/lib/x86_64-linux-gnu/libxcb-dri2.so.0.0.0
7fd3779e5000-7fd377be5000 ---p 00003000 08:01 270795                     /usr/lib/x86_64-linux-gnu/libxcb-dri2.so.0.0.0
7fd377be5000-7fd377be6000 r--p 00003000 08:01 270795                     /usr/lib/x86_64-linux-gnu/libxcb-dri2.so.0.0.0
7fd377be6000-7fd377be7000 rw-p 00004000 08:01 270795                     /usr/lib/x86_64-linux-gnu/libxcb-dri2.so.0.0.0
7fd377be7000-7fd377bfc000 r-xp 00000000 08:01 270797                     /usr/lib/x86_64-linux-gnu/libxcb-glx.so.0.0.0
7fd377bfc000-7fd377dfb000 ---p 00015000 08:01 270797                     /usr/lib/x86_64-linux-gnu/libxcb-glx.so.0.0.0
7fd377dfb000-7fd377dfd000 r--p 00014000 08:01 270797                     /usr/lib/x86_64-linux-gnu/libxcb-glx.so.0.0.0
7fd377dfd000-7fd377dfe000 rw-p 00016000 08:01 270797                     /usr/lib/x86_64-linux-gnu/libxcb-glx.so.0.0.0
7fd377dfe000-7fd377dff000 r-xp 00000000 08:01 269863                     /usr/lib/x86_64-linux-gnu/libX11-xcb.so.1.0.0
7fd377dff000-7fd377ffe000 ---p 00001000 08:01 269863                     /usr/lib/x86_64-linux-gnu/libX11-xcb.so.1.0.0
7fd377ffe000-7fd377fff000 r--p 00000000 08:01 269863                     /usr/lib/x86_64-linux-gnu/libX11-xcb.so.1.0.0
7fd377fff000-7fd378000000 rw-p 00001000 08:01 269863                     /usr/lib/x86_64-linux-gnu/libX11-xcb.so.1.0.0
7fd378000000-7fd378021000 rw-p 00000000 00:00 0 
7fd378021000-7fd37c000000 ---p 00000000 00:00 0 
7fd37c000000-7fd37c001000 rw-p 00000000 00:00 0 
7fd37c001000-7fd37c007000 r--s 0004b000 08:03 110625169                  /home/calcul/Documents/Julien/VoxeLidar/trunk/VoxeLidarGUIFX/target/lib/jcommon-1.0.23.jar
7fd37c007000-7fd37c008000 r--s 0001c000 08:03 110627264                  /home/calcul/Documents/Julien/VoxeLidar/trunk/VoxeLidarGUIFX/target/lib/swing-layout-1.0.3.jar
7fd37c008000-7fd37c00a000 r--s 00045000 08:03 110625126                  /home/calcul/Documents/Julien/VoxeLidar/trunk/VoxeLidarGUIFX/target/lib/vecmath-1.3.1.jar
7fd37c00a000-7fd37c013000 r--s 0006f000 08:03 110625124                  /home/calcul/Documents/Julien/VoxeLidar/trunk/VoxeLidarGUIFX/target/lib/log4j-1.2.17.jar
7fd37c013000-7fd37c014000 r--s 00006000 08:03 110627270                  /home/calcul/Documents/Julien/VoxeLidar/trunk/VoxeLidarGUIFX/target/lib/sax-2.0.1.jar
7fd37c014000-7fd37c01a000 r--s 00044000 08:03 110627257                  /home/calcul/Documents/Julien/VoxeLidar/trunk/VoxeLidarGUIFX/target/lib/jdom2-2.0.5.jar
7fd37c01a000-7fd37c02e000 r--s 000d1000 08:03 110627263                  /home/calcul/Documents/Julien/VoxeLidar/trunk/VoxeLidarGUIFX/target/lib/guava-r05.jar
7fd37c02e000-7fd37c02f000 r--s 00003000 08:03 110627273                  /home/calcul/Documents/Julien/VoxeLidar/trunk/VoxeLidarGUIFX/target/lib/opencsv-2.0.jar
7fd37c02f000-7fd37c03d000 r--s 0007f000 08:03 110625166                  /home/calcul/Documents/Julien/VoxeLidar/trunk/VoxeLidarGUIFX/target/lib/commons-collections-3.2.1.jar
7fd37c03d000-7fd37c061000 r--s 00306000 08:03 110627280                  /home/calcul/Documents/Julien/VoxeLidar/trunk/VoxeLidarGUIFX/target/lib/jogl-all-2.3.0.jar
7fd37c061000-7fd37c0b8000 r--p 00000000 08:01 1325739                    /usr/share/glib-2.0/schemas/gschemas.compiled
7fd37c0b8000-7fd37c0d9000 r-xp 00000000 08:01 270224                     /usr/lib/x86_64-linux-gnu/libglapi.so.0.0.0
7fd37c0d9000-7fd37c2d9000 ---p 00021000 08:01 270224                     /usr/lib/x86_64-linux-gnu/libglapi.so.0.0.0
7fd37c2d9000-7fd37c2dc000 r--p 00021000 08:01 270224                     /usr/lib/x86_64-linux-gnu/libglapi.so.0.0.0
7fd37c2dc000-7fd37c2dd000 rw-p 00024000 08:01 270224                     /usr/lib/x86_64-linux-gnu/libglapi.so.0.0.0
7fd37c2dd000-7fd37c2de000 rw-p 00000000 00:00 0 
7fd37c2de000-7fd37c31b000 r-xp 00000000 08:01 2363280                    /lib/x86_64-linux-gnu/libpcre.so.3.13.1
7fd37c31b000-7fd37c51b000 ---p 0003d000 08:01 2363280                    /lib/x86_64-linux-gnu/libpcre.so.3.13.1
7fd37c51b000-7fd37c51c000 r--p 0003d000 08:01 2363280                    /lib/x86_64-linux-gnu/libpcre.so.3.13.1
7fd37c51c000-7fd37c51d000 rw-p 0003e000 08:01 2363280                    /lib/x86_64-linux-gnu/libpcre.so.3.13.1
7fd37c51d000-7fd37c524000 r-xp 00000000 08:01 270117                     /usr/lib/x86_64-linux-gnu/libffi.so.6.0.1
7fd37c524000-7fd37c723000 ---p 00007000 08:01 270117                     /usr/lib/x86_64-linux-gnu/libffi.so.6.0.1
7fd37c723000-7fd37c724000 r--p 00006000 08:01 270117                     /usr/lib/x86_64-linux-gnu/libffi.so.6.0.1
7fd37c724000-7fd37c725000 rw-p 00007000 08:01 270117                     /usr/lib/x86_64-linux-gnu/libffi.so.6.0.1
7fd37c725000-7fd37c74c000 r-xp 00000000 08:01 2363202                    /lib/x86_64-linux-gnu/libexpat.so.1.6.0
7fd37c74c000-7fd37c94c000 ---p 00027000 08:01 2363202                    /lib/x86_64-linux-gnu/libexpat.so.1.6.0
7fd37c94c000-7fd37c94e000 r--p 00027000 08:01 2363202                    /lib/x86_64-linux-gnu/libexpat.so.1.6.0
7fd37c94e000-7fd37c94f000 rw-p 00029000 08:01 2363202                    /lib/x86_64-linux-gnu/libexpat.so.1.6.0
7fd37c94f000-7fd37c957000 r-xp 00000000 08:01 270706                     /usr/lib/x86_64-linux-gnu/libthai.so.0.2.0
7fd37c957000-7fd37cb56000 ---p 00008000 08:01 270706                     /usr/lib/x86_64-linux-gnu/libthai.so.0.2.0
7fd37cb56000-7fd37cb57000 r--p 00007000 08:01 270706                     /usr/lib/x86_64-linux-gnu/libthai.so.0.2.0
7fd37cb57000-7fd37cb58000 rw-p 00008000 08:01 270706                     /usr/lib/x86_64-linux-gnu/libthai.so.0.2.0
7fd37cb58000-7fd37cb75000 r-xp 00000000 08:01 270821                     /usr/lib/x86_64-linux-gnu/libxcb.so.1.1.0
7fd37cb75000-7fd37cd74000 ---p 0001d000 08:01 270821                     /usr/lib/x86_64-linux-gnu/libxcb.so.1.1.0
7fd37cd74000-7fd37cd75000 r--p 0001c000 08:01 270821                     /usr/lib/x86_64-linux-gnu/libxcb.so.1.1.0
7fd37cd75000-7fd37cd76000 rw-p 0001d000 08:01 270821                     /usr/lib/x86_64-linux-gnu/libxcb.so.1.1.0
7fd37cd76000-7fd37cd7e000 r-xp 00000000 08:01 270809                     /usr/lib/x86_64-linux-gnu/libxcb-render.so.0.0.0
7fd37cd7e000-7fd37cf7d000 ---p 00008000 08:01 270809                     /usr/lib/x86_64-linux-gnu/libxcb-render.so.0.0.0
7fd37cf7d000-7fd37cf7e000 r--p 00007000 08:01 270809                     /usr/lib/x86_64-linux-gnu/libxcb-render.so.0.0.0
7fd37cf7e000-7fd37cf7f000 rw-p 00008000 08:01 270809                     /usr/lib/x86_64-linux-gnu/libxcb-render.so.0.0.0
7fd37cf7f000-7fd37cf81000 r-xp 00000000 08:01 270813                     /usr/lib/x86_64-linux-gnu/libxcb-shm.so.0.0.0
7fd37cf81000-7fd37d180000 ---p 00002000 08:01 270813                     /usr/lib/x86_64-linux-gnu/libxcb-shm.so.0.0.0
7fd37d180000-7fd37d181000 r--p 00001000 08:01 270813                     /usr/lib/x86_64-linux-gnu/libxcb-shm.so.0.0.0
7fd37d181000-7fd37d182000 rw-p 00002000 08:01 270813                     /usr/lib/x86_64-linux-gnu/libxcb-shm.so.0.0.0
7fd37d182000-7fd37d1a7000 r-xp 00000000 08:01 2363292                    /lib/x86_64-linux-gnu/libpng12.so.0.49.0
7fd37d1a7000-7fd37d3a6000 ---p 00025000 08:01 2363292                    /lib/x86_64-linux-gnu/libpng12.so.0.49.0
7fd37d3a6000-7fd37d3a7000 r--p 00024000 08:01 2363292                    /lib/x86_64-linux-gnu/libpng12.so.0.49.0
7fd37d3a7000-7fd37d3a8000 rw-p 00025000 08:01 2363292                    /lib/x86_64-linux-gnu/libpng12.so.0.49.0
7fd37d3a8000-7fd37d449000 r-xp 00000000 08:01 268866                     /usr/lib/x86_64-linux-gnu/libpixman-1.so.0.30.2
7fd37d449000-7fd37d649000 ---p 000a1000 08:01 268866                     /usr/lib/x86_64-linux-gnu/libpixman-1.so.0.30.2
7fd37d649000-7fd37d650000 r--p 000a1000 08:01 268866                     /usr/lib/x86_64-linux-gnu/libpixman-1.so.0.30.2
7fd37d650000-7fd37d651000 rw-p 000a8000 08:01 268866                     /usr/lib/x86_64-linux-gnu/libpixman-1.so.0.30.2
7fd37d651000-7fd37d6a1000 r-xp 00000000 08:01 270374                     /usr/lib/x86_64-linux-gnu/libharfbuzz.so.0.919.0
7fd37d6a1000-7fd37d8a1000 ---p 00050000 08:01 270374                     /usr/lib/x86_64-linux-gnu/libharfbuzz.so.0.919.0
7fd37d8a1000-7fd37d8a2000 r--p 00050000 08:01 270374                     /usr/lib/x86_64-linux-gnu/libharfbuzz.so.0.919.0
7fd37d8a2000-7fd37d8a3000 rw-p 00051000 08:01 270374                     /usr/lib/x86_64-linux-gnu/libharfbuzz.so.0.919.0
7fd37d8a3000-7fd37d8b9000 r-xp 00000000 08:01 2363303                    /lib/x86_64-linux-gnu/libresolv-2.17.so
7fd37d8b9000-7fd37dab9000 ---p 00016000 08:01 2363303                    /lib/x86_64-linux-gnu/libresolv-2.17.so
7fd37dab9000-7fd37daba000 r--p 00016000 08:01 2363303                    /lib/x86_64-linux-gnu/libresolv-2.17.so
7fd37daba000-7fd37dabb000 rw-p 00017000 08:01 2363303                    /lib/x86_64-linux-gnu/libresolv-2.17.so
7fd37dabb000-7fd37dabd000 rw-p 00000000 00:00 0 
7fd37dabd000-7fd37dadc000 r-xp 00000000 08:01 2363307                    /lib/x86_64-linux-gnu/libselinux.so.1
7fd37dadc000-7fd37dcdc000 ---p 0001f000 08:01 2363307                    /lib/x86_64-linux-gnu/libselinux.so.1
7fd37dcdc000-7fd37dcdd000 r--p 0001f000 08:01 2363307                    /lib/x86_64-linux-gnu/libselinux.so.1
7fd37dcdd000-7fd37dcde000 rw-p 00020000 08:01 2363307                    /lib/x86_64-linux-gnu/libselinux.so.1
7fd37dcde000-7fd37dcdf000 rw-p 00000000 00:00 0 
7fd37dcdf000-7fd37dcf7000 r-xp 00000000 08:01 2363340                    /lib/x86_64-linux-gnu/libz.so.1.2.8
7fd37dcf7000-7fd37def6000 ---p 00018000 08:01 2363340                    /lib/x86_64-linux-gnu/libz.so.1.2.8
7fd37def6000-7fd37def7000 r--p 00017000 08:01 2363340                    /lib/x86_64-linux-gnu/libz.so.1.2.8
7fd37def7000-7fd37def8000 rw-p 00018000 08:01 2363340                    /lib/x86_64-linux-gnu/libz.so.1.2.8
7fd37def8000-7fd37df09000 r-xp 00000000 08:01 269882                     /usr/lib/x86_64-linux-gnu/libXext.so.6.4.0
7fd37df09000-7fd37e108000 ---p 00011000 08:01 269882                     /usr/lib/x86_64-linux-gnu/libXext.so.6.4.0
7fd37e108000-7fd37e109000 r--p 00010000 08:01 269882                     /usr/lib/x86_64-linux-gnu/libXext.so.6.4.0
7fd37e109000-7fd37e10a000 rw-p 00011000 08:01 269882                     /usr/lib/x86_64-linux-gnu/libXext.so.6.4.0
7fd37e10a000-7fd37e10c000 r-xp 00000000 08:01 269878                     /usr/lib/x86_64-linux-gnu/libXdamage.so.1.1.0
7fd37e10c000-7fd37e30b000 ---p 00002000 08:01 269878                     /usr/lib/x86_64-linux-gnu/libXdamage.so.1.1.0
7fd37e30b000-7fd37e30c000 r--p 00001000 08:01 269878                     /usr/lib/x86_64-linux-gnu/libXdamage.so.1.1.0
7fd37e30c000-7fd37e30d000 rw-p 00002000 08:01 269878                     /usr/lib/x86_64-linux-gnu/libXdamage.so.1.1.0
7fd37e30d000-7fd37e30f000 r-xp 00000000 08:01 269874                     /usr/lib/x86_64-linux-gnu/libXcomposite.so.1.0.0
7fd37e30f000-7fd37e50e000 ---p 00002000 08:01 269874                     /usr/lib/x86_64-linux-gnu/libXcomposite.so.1.0.0
7fd37e50e000-7fd37e50f000 r--p 00001000 08:01 269874                     /usr/lib/x86_64-linux-gnu/libXcomposite.so.1.0.0
7fd37e50f000-7fd37e510000 rw-p 00002000 08:01 269874                     /usr/lib/x86_64-linux-gnu/libXcomposite.so.1.0.0
7fd37e510000-7fd37e519000 r-xp 00000000 08:01 269876                     /usr/lib/x86_64-linux-gnu/libXcursor.so.1.0.2
7fd37e519000-7fd37e718000 ---p 00009000 08:01 269876                     /usr/lib/x86_64-linux-gnu/libXcursor.so.1.0.2
7fd37e718000-7fd37e719000 r--p 00008000 08:01 269876                     /usr/lib/x86_64-linux-gnu/libXcursor.so.1.0.2
7fd37e719000-7fd37e71a000 rw-p 00009000 08:01 269876                     /usr/lib/x86_64-linux-gnu/libXcursor.so.1.0.2
7fd37e71a000-7fd37e723000 r-xp 00000000 08:01 269902                     /usr/lib/x86_64-linux-gnu/libXrandr.so.2.2.0
7fd37e723000-7fd37e922000 ---p 00009000 08:01 269902                     /usr/lib/x86_64-linux-gnu/libXrandr.so.2.2.0
7fd37e922000-7fd37e923000 r--p 00008000 08:01 269902                     /usr/lib/x86_64-linux-gnu/libXrandr.so.2.2.0
7fd37e923000-7fd37e924000 rw-p 00009000 08:01 269902                     /usr/lib/x86_64-linux-gnu/libXrandr.so.2.2.0
7fd37e924000-7fd37e933000 r-xp 00000000 08:01 269890                     /usr/lib/x86_64-linux-gnu/libXi.so.6.1.0
7fd37e933000-7fd37eb32000 ---p 0000f000 08:01 269890                     /usr/lib/x86_64-linux-gnu/libXi.so.6.1.0
7fd37eb32000-7fd37eb33000 r--p 0000e000 08:01 269890                     /usr/lib/x86_64-linux-gnu/libXi.so.6.1.0
7fd37eb33000-7fd37eb34000 rw-p 0000f000 08:01 269890                     /usr/lib/x86_64-linux-gnu/libXi.so.6.1.0
7fd37eb34000-7fd37eb36000 r-xp 00000000 08:01 269892                     /usr/lib/x86_64-linux-gnu/libXinerama.so.1.0.0
7fd37eb36000-7fd37ed35000 ---p 00002000 08:01 269892                     /usr/lib/x86_64-linux-gnu/libXinerama.so.1.0.0
7fd37ed35000-7fd37ed36000 r--p 00001000 08:01 269892                     /usr/lib/x86_64-linux-gnu/libXinerama.so.1.0.0
7fd37ed36000-7fd37ed37000 rw-p 00002000 08:01 269892                     /usr/lib/x86_64-linux-gnu/libXinerama.so.1.0.0
7fd37ed37000-7fd37ed40000 r-xp 00000000 08:01 269904                     /usr/lib/x86_64-linux-gnu/libXrender.so.1.3.0
7fd37ed40000-7fd37ef3f000 ---p 00009000 08:01 269904                     /usr/lib/x86_64-linux-gnu/libXrender.so.1.3.0
7fd37ef3f000-7fd37ef40000 r--p 00008000 08:01 269904                     /usr/lib/x86_64-linux-gnu/libXrender.so.1.3.0
7fd37ef40000-7fd37ef41000 rw-p 00009000 08:01 269904                     /usr/lib/x86_64-linux-gnu/libXrender.so.1.3.0
7fd37ef41000-7fd37ef46000 r-xp 00000000 08:01 269884                     /usr/lib/x86_64-linux-gnu/libXfixes.so.3.1.0
7fd37ef46000-7fd37f145000 ---p 00005000 08:01 269884                     /usr/lib/x86_64-linux-gnu/libXfixes.so.3.1.0
7fd37f145000-7fd37f146000 r--p 00004000 08:01 269884                     /usr/lib/x86_64-linux-gnu/libXfixes.so.3.1.0
7fd37f146000-7fd37f147000 rw-p 00005000 08:01 269884                     /usr/lib/x86_64-linux-gnu/libXfixes.so.3.1.0
7fd37f147000-7fd37f15c000 r-xp 00000000 08:01 2359301                    /lib/x86_64-linux-gnu/libgcc_s.so.1
7fd37f15c000-7fd37f35b000 ---p 00015000 08:01 2359301                    /lib/x86_64-linux-gnu/libgcc_s.so.1
7fd37f35b000-7fd37f35c000 r--p 00014000 08:01 2359301                    /lib/x86_64-linux-gnu/libgcc_s.so.1
7fd37f35c000-7fd37f35d000 rw-p 00015000 08:01 2359301                    /lib/x86_64-linux-gnu/libgcc_s.so.1
7fd37f35d000-7fd37f443000 r-xp 00000000 08:01 266401                     /usr/lib/x86_64-linux-gnu/libstdc++.so.6.0.18
7fd37f443000-7fd37f642000 ---p 000e6000 08:01 266401                     /usr/lib/x86_64-linux-gnu/libstdc++.so.6.0.18
7fd37f642000-7fd37f64a000 r--p 000e5000 08:01 266401                     /usr/lib/x86_64-linux-gnu/libstdc++.so.6.0.18
7fd37f64a000-7fd37f64c000 rw-p 000ed000 08:01 266401                     /usr/lib/x86_64-linux-gnu/libstdc++.so.6.0.18
7fd37f64c000-7fd37f661000 rw-p 00000000 00:00 0 
7fd37f661000-7fd37f6bb000 r-xp 00000000 08:01 656915                     /usr/lib/x86_64-linux-gnu/mesa/libGL.so.1.2.0
7fd37f6bb000-7fd37f8bb000 ---p 0005a000 08:01 656915                     /usr/lib/x86_64-linux-gnu/mesa/libGL.so.1.2.0
7fd37f8bb000-7fd37f8bd000 r--p 0005a000 08:01 656915                     /usr/lib/x86_64-linux-gnu/mesa/libGL.so.1.2.0
7fd37f8bd000-7fd37f8be000 rw-p 0005c000 08:01 656915                     /usr/lib/x86_64-linux-gnu/mesa/libGL.so.1.2.0
7fd37f8be000-7fd37f8bf000 rw-p 00000000 00:00 0 
7fd37f8bf000-7fd37f8c3000 r-xp 00000000 08:01 269914                     /usr/lib/x86_64-linux-gnu/libXxf86vm.so.1.0.0
7fd37f8c3000-7fd37fac3000 ---p 00004000 08:01 269914                     /usr/lib/x86_64-linux-gnu/libXxf86vm.so.1.0.0
7fd37fac3000-7fd37fac4000 r--p 00004000 08:01 269914                     /usr/lib/x86_64-linux-gnu/libXxf86vm.so.1.0.0
7fd37fac4000-7fd37fac5000 rw-p 00005000 08:01 269914                     /usr/lib/x86_64-linux-gnu/libXxf86vm.so.1.0.0
7fd37fac5000-7fd37fbf5000 r-xp 00000000 08:01 269865                     /usr/lib/x86_64-linux-gnu/libX11.so.6.3.0
7fd37fbf5000-7fd37fdf5000 ---p 00130000 08:01 269865                     /usr/lib/x86_64-linux-gnu/libX11.so.6.3.0
7fd37fdf5000-7fd37fdf6000 r--p 00130000 08:01 269865                     /usr/lib/x86_64-linux-gnu/libX11.so.6.3.0
7fd37fdf6000-7fd37fdfa000 rw-p 00131000 08:01 269865                     /usr/lib/x86_64-linux-gnu/libX11.so.6.3.0
7fd37fdfa000-7fd37fdff000 r-xp 00000000 08:01 269908                     /usr/lib/x86_64-linux-gnu/libXtst.so.6.1.0
7fd37fdff000-7fd37fffe000 ---p 00005000 08:01 269908                     /usr/lib/x86_64-linux-gnu/libXtst.so.6.1.0
7fd37fffe000-7fd37ffff000 r--p 00004000 08:01 269908                     /usr/lib/x86_64-linux-gnu/libXtst.so.6.1.0
7fd37ffff000-7fd380000000 rw-p 00005000 08:01 269908                     /usr/lib/x86_64-linux-gnu/libXtst.so.6.1.0
7fd380000000-7fd380021000 rw-p 00000000 00:00 0 
7fd380021000-7fd384000000 ---p 00000000 00:00 0 
7fd384000000-7fd384003000 r--s 00013000 08:03 110627269                  /home/calcul/Documents/Julien/VoxeLidar/trunk/VoxeLidarGUIFX/target/lib/commons-io-1.3.2.jar
7fd384003000-7fd38400a000 r--s 0005e000 08:03 110627272                  /home/calcul/Documents/Julien/VoxeLidar/trunk/VoxeLidarGUIFX/target/lib/commons-lang3-3.3.2.jar
7fd38400a000-7fd38400d000 r--s 00008000 08:03 110627281                  /home/calcul/Documents/Julien/VoxeLidar/trunk/VoxeLidarGUIFX/target/lib/exp4j-0.4.0.ALPHA-3.jar
7fd38400d000-7fd38400e000 r--s 00031000 08:03 110625122                  /home/calcul/Documents/Julien/VoxeLidar/trunk/VoxeLidarGUIFX/target/lib/jogl-all-2.3.0-natives-windows-i586.jar
7fd38400e000-7fd384010000 r--s 00038000 08:03 110625121                  /home/calcul/Documents/Julien/VoxeLidar/trunk/VoxeLidarGUIFX/target/lib/jogl-all-2.3.0-natives-windows-amd64.jar
7fd384010000-7fd384012000 r--s 00024000 08:03 110627256                  /home/calcul/Documents/Julien/VoxeLidar/trunk/VoxeLidarGUIFX/target/lib/jogl-all-2.3.0-natives-solaris-i586.jar
7fd384012000-7fd384013000 r--s 00032000 08:03 110627271                  /home/calcul/Documents/Julien/VoxeLidar/trunk/VoxeLidarGUIFX/target/lib/jogl-all-2.3.0-natives-solaris-amd64.jar
7fd384013000-7fd384014000 r--s 0006d000 08:03 110625168                  /home/calcul/Documents/Julien/VoxeLidar/trunk/VoxeLidarGUIFX/target/lib/jogl-all-2.3.0-natives-macosx-universal.jar
7fd384014000-7fd384016000 r--s 00031000 08:03 110625171                  /home/calcul/Documents/Julien/VoxeLidar/trunk/VoxeLidarGUIFX/target/lib/jogl-all-2.3.0-natives-linux-i586.jar
7fd384016000-7fd384018000 r--s 00025000 08:03 110625120                  /home/calcul/Documents/Julien/VoxeLidar/trunk/VoxeLidarGUIFX/target/lib/jogl-all-2.3.0-natives-linux-armv6hf.jar
7fd384018000-7fd384019000 r--s 00025000 08:03 110625167                  /home/calcul/Documents/Julien/VoxeLidar/trunk/VoxeLidarGUIFX/target/lib/jogl-all-2.3.0-natives-linux-armv6.jar
7fd384019000-7fd38401a000 r--s 00033000 08:03 110627268                  /home/calcul/Documents/Julien/VoxeLidar/trunk/VoxeLidarGUIFX/target/lib/jogl-all-2.3.0-natives-linux-amd64.jar
7fd38401a000-7fd38401b000 r--s 0000e000 08:03 110627265                  /home/calcul/Documents/Julien/VoxeLidar/trunk/VoxeLidarGUIFX/target/lib/jogl-all-2.3.0-natives-android-armv6.jar
7fd38401b000-7fd38401c000 r--s 0000f000 08:03 110627267                  /home/calcul/Documents/Julien/VoxeLidar/trunk/VoxeLidarGUIFX/target/lib/jogl-all-2.3.0-natives-android-aarch64.jar
7fd38401c000-7fd38409c000 rw-s 5ea09f000 00:05 12468                     /dev/dri/card0
7fd38409c000-7fd38419a000 r-xp 00000000 08:01 2363127                    /lib/x86_64-linux-gnu/libglib-2.0.so.0.3800.1
7fd38419a000-7fd38439a000 ---p 000fe000 08:01 2363127                    /lib/x86_64-linux-gnu/libglib-2.0.so.0.3800.1
7fd38439a000-7fd38439b000 r--p 000fe000 08:01 2363127                    /lib/x86_64-linux-gnu/libglib-2.0.so.0.3800.1
7fd38439b000-7fd38439c000 rw-p 000ff000 08:01 2363127                    /lib/x86_64-linux-gnu/libglib-2.0.so.0.3800.1
7fd38439c000-7fd38439d000 rw-p 00000000 00:00 0 
7fd38439d000-7fd38439e000 r-xp 00000000 08:01 266608                     /usr/lib/x86_64-linux-gnu/libgthread-2.0.so.0.3800.1
7fd38439e000-7fd38459d000 ---p 00001000 08:01 266608                     /usr/lib/x86_64-linux-gnu/libgthread-2.0.so.0.3800.1
7fd38459d000-7fd38459e000 r--p 00000000 08:01 266608                     /usr/lib/x86_64-linux-gnu/libgthread-2.0.so.0.3800.1
7fd38459e000-7fd38459f000 rw-p 00001000 08:01 266608                     /usr/lib/x86_64-linux-gnu/libgthread-2.0.so.0.3800.1
7fd38459f000-7fd3845a2000 r-xp 00000000 08:01 266609                     /usr/lib/x86_64-linux-gnu/libgmodule-2.0.so.0.3800.1
7fd3845a2000-7fd3847a1000 ---p 00003000 08:01 266609                     /usr/lib/x86_64-linux-gnu/libgmodule-2.0.so.0.3800.1
7fd3847a1000-7fd3847a2000 r--p 00002000 08:01 266609                     /usr/lib/x86_64-linux-gnu/libgmodule-2.0.so.0.3800.1
7fd3847a2000-7fd3847a3000 rw-p 00003000 08:01 266609                     /usr/lib/x86_64-linux-gnu/libgmodule-2.0.so.0.3800.1
7fd3847a3000-7fd3847f2000 r-xp 00000000 08:01 262548                     /usr/lib/x86_64-linux-gnu/libgobject-2.0.so.0.3800.1
7fd3847f2000-7fd3849f2000 ---p 0004f000 08:01 262548                     /usr/lib/x86_64-linux-gnu/libgobject-2.0.so.0.3800.1
7fd3849f2000-7fd3849f3000 r--p 0004f000 08:01 262548                     /usr/lib/x86_64-linux-gnu/libgobject-2.0.so.0.3800.1
7fd3849f3000-7fd3849f4000 rw-p 00050000 08:01 262548                     /usr/lib/x86_64-linux-gnu/libgobject-2.0.so.0.3800.1
7fd3849f4000-7fd384a2d000 r-xp 00000000 08:01 270131                     /usr/lib/x86_64-linux-gnu/libfontconfig.so.1.7.0
7fd384a2d000-7fd384c2d000 ---p 00039000 08:01 270131                     /usr/lib/x86_64-linux-gnu/libfontconfig.so.1.7.0
7fd384c2d000-7fd384c2f000 r--p 00039000 08:01 270131                     /usr/lib/x86_64-linux-gnu/libfontconfig.so.1.7.0
7fd384c2f000-7fd384c30000 rw-p 0003b000 08:01 270131                     /usr/lib/x86_64-linux-gnu/libfontconfig.so.1.7.0
7fd384c30000-7fd384ccc000 r-xp 00000000 08:01 262656                     /usr/lib/x86_64-linux-gnu/libfreetype.so.6.10.1
7fd384ccc000-7fd384ecc000 ---p 0009c000 08:01 262656                     /usr/lib/x86_64-linux-gnu/libfreetype.so.6.10.1
7fd384ecc000-7fd384ed1000 r--p 0009c000 08:01 262656                     /usr/lib/x86_64-linux-gnu/libfreetype.so.6.10.1
7fd384ed1000-7fd384ed2000 rw-p 000a1000 08:01 262656                     /usr/lib/x86_64-linux-gnu/libfreetype.so.6.10.1
7fd384ed2000-7fd384f1c000 r-xp 00000000 08:01 270548                     /usr/lib/x86_64-linux-gnu/libpango-1.0.so.0.3200.5
7fd384f1c000-7fd38511b000 ---p 0004a000 08:01 270548                     /usr/lib/x86_64-linux-gnu/libpango-1.0.so.0.3200.5
7fd38511b000-7fd38511d000 r--p 00049000 08:01 270548                     /usr/lib/x86_64-linux-gnu/libpango-1.0.so.0.3200.5
7fd38511d000-7fd38511e000 rw-p 0004b000 08:01 270548                     /usr/lib/x86_64-linux-gnu/libpango-1.0.so.0.3200.5
7fd38511e000-7fd385222000 r-xp 00000000 08:01 269989                     /usr/lib/x86_64-linux-gnu/libcairo.so.2.11200.16
7fd385222000-7fd385421000 ---p 00104000 08:01 269989                     /usr/lib/x86_64-linux-gnu/libcairo.so.2.11200.16
7fd385421000-7fd385424000 r--p 00103000 08:01 269989                     /usr/lib/x86_64-linux-gnu/libcairo.so.2.11200.16
7fd385424000-7fd385425000 rw-p 00106000 08:01 269989                     /usr/lib/x86_64-linux-gnu/libcairo.so.2.11200.16
7fd385425000-7fd385427000 rw-p 00000000 00:00 0 
7fd385427000-7fd385432000 r-xp 00000000 08:01 270550                     /usr/lib/x86_64-linux-gnu/libpangocairo-1.0.so.0.3200.5
7fd385432000-7fd385632000 ---p 0000b000 08:01 270550                     /usr/lib/x86_64-linux-gnu/libpangocairo-1.0.so.0.3200.5
7fd385632000-7fd385633000 r--p 0000b000 08:01 270550                     /usr/lib/x86_64-linux-gnu/libpangocairo-1.0.so.0.3200.5
7fd385633000-7fd385634000 rw-p 0000c000 08:01 270550                     /usr/lib/x86_64-linux-gnu/libpangocairo-1.0.so.0.3200.5
7fd385634000-7fd385653000 r-xp 00000000 08:01 270198                     /usr/lib/x86_64-linux-gnu/libgdk_pixbuf-2.0.so.0.2800.1
7fd385653000-7fd385852000 ---p 0001f000 08:01 270198                     /usr/lib/x86_64-linux-gnu/libgdk_pixbuf-2.0.so.0.2800.1
7fd385852000-7fd385853000 r--p 0001e000 08:01 270198                     /usr/lib/x86_64-linux-gnu/libgdk_pixbuf-2.0.so.0.2800.1
7fd385853000-7fd385854000 rw-p 0001f000 08:01 270198                     /usr/lib/x86_64-linux-gnu/libgdk_pixbuf-2.0.so.0.2800.1
7fd385854000-7fd385868000 r-xp 00000000 08:01 270552                     /usr/lib/x86_64-linux-gnu/libpangoft2-1.0.so.0.3200.5
7fd385868000-7fd385a67000 ---p 00014000 08:01 270552                     /usr/lib/x86_64-linux-gnu/libpangoft2-1.0.so.0.3200.5
7fd385a67000-7fd385a68000 r--p 00013000 08:01 270552                     /usr/lib/x86_64-linux-gnu/libpangoft2-1.0.so.0.3200.5
7fd385a68000-7fd385a69000 rw-p 00014000 08:01 270552                     /usr/lib/x86_64-linux-gnu/libpangoft2-1.0.so.0.3200.5
7fd385a69000-7fd385bc5000 r-xp 00000000 08:01 262529                     /usr/lib/x86_64-linux-gnu/libgio-2.0.so.0.3800.1
7fd385bc5000-7fd385dc4000 ---p 0015c000 08:01 262529                     /usr/lib/x86_64-linux-gnu/libgio-2.0.so.0.3800.1
7fd385dc4000-7fd385dc8000 r--p 0015b000 08:01 262529                     /usr/lib/x86_64-linux-gnu/libgio-2.0.so.0.3800.1
7fd385dc8000-7fd385dca000 rw-p 0015f000 08:01 262529                     /usr/lib/x86_64-linux-gnu/libgio-2.0.so.0.3800.1
7fd385dca000-7fd385dcc000 rw-p 00000000 00:00 0 
7fd385dcc000-7fd385deb000 r-xp 00000000 08:01 269949                     /usr/lib/x86_64-linux-gnu/libatk-1.0.so.0.21009.1
7fd385deb000-7fd385feb000 ---p 0001f000 08:01 269949                     /usr/lib/x86_64-linux-gnu/libatk-1.0.so.0.21009.1
7fd385feb000-7fd385fed000 r--p 0001f000 08:01 269949                     /usr/lib/x86_64-linux-gnu/libatk-1.0.so.0.21009.1
7fd385fed000-7fd385fee000 rw-p 00021000 08:01 269949                     /usr/lib/x86_64-linux-gnu/libatk-1.0.so.0.21009.1
7fd385fee000-7fd38609b000 r-xp 00000000 08:01 270196                     /usr/lib/x86_64-linux-gnu/libgdk-x11-2.0.so.0.2400.20
7fd38609b000-7fd38629a000 ---p 000ad000 08:01 270196                     /usr/lib/x86_64-linux-gnu/libgdk-x11-2.0.so.0.2400.20
7fd38629a000-7fd38629e000 r--p 000ac000 08:01 270196                     /usr/lib/x86_64-linux-gnu/libgdk-x11-2.0.so.0.2400.20
7fd38629e000-7fd3862a0000 rw-p 000b0000 08:01 270196                     /usr/lib/x86_64-linux-gnu/libgdk-x11-2.0.so.0.2400.20
7fd3862a0000-7fd3866cf000 r-xp 00000000 08:01 270356                     /usr/lib/x86_64-linux-gnu/libgtk-x11-2.0.so.0.2400.20
7fd3866cf000-7fd3868ce000 ---p 0042f000 08:01 270356                     /usr/lib/x86_64-linux-gnu/libgtk-x11-2.0.so.0.2400.20
7fd3868ce000-7fd3868d5000 r--p 0042e000 08:01 270356                     /usr/lib/x86_64-linux-gnu/libgtk-x11-2.0.so.0.2400.20
7fd3868d5000-7fd3868d9000 rw-p 00435000 08:01 270356                     /usr/lib/x86_64-linux-gnu/libgtk-x11-2.0.so.0.2400.20
7fd3868d9000-7fd3868dc000 rw-p 00000000 00:00 0 
7fd3868dc000-7fd3868e8000 r-xp 00000000 08:03 107611340                  /home/calcul/Téléchargements/jdk1.8.0_40/jre/lib/amd64/libprism_es2.so
7fd3868e8000-7fd386ae7000 ---p 0000c000 08:03 107611340                  /home/calcul/Téléchargements/jdk1.8.0_40/jre/lib/amd64/libprism_es2.so
7fd386ae7000-7fd386ae8000 r--p 0000b000 08:03 107611340                  /home/calcul/Téléchargements/jdk1.8.0_40/jre/lib/amd64/libprism_es2.so
7fd386ae8000-7fd386ae9000 rw-p 0000c000 08:03 107611340                  /home/calcul/Téléchargements/jdk1.8.0_40/jre/lib/amd64/libprism_es2.so
7fd386ae9000-7fd386aec000 ---p 00000000 00:00 0 
7fd386aec000-7fd386bea000 rw-p 00000000 00:00 0                          [stack:19424]
7fd386bea000-7fd386beb000 ---p 00000000 00:00 0 
7fd386beb000-7fd386ceb000 rw-p 00000000 00:00 0                          [stack:19423]
7fd386ceb000-7fd386cee000 ---p 00000000 00:00 0 
7fd386cee000-7fd386dec000 rw-p 00000000 00:00 0                          [stack:19422]
7fd386dec000-7fd386def000 ---p 00000000 00:00 0 
7fd386def000-7fd386eed000 rw-p 00000000 00:00 0                          [stack:19421]
7fd386eed000-7fd386ef0000 ---p 00000000 00:00 0 
7fd386ef0000-7fd386fee000 rw-p 00000000 00:00 0                          [stack:19420]
7fd386fee000-7fd386ff1000 ---p 00000000 00:00 0 
7fd386ff1000-7fd3870ef000 rw-p 00000000 00:00 0                          [stack:19419]
7fd3870ef000-7fd3870f2000 ---p 00000000 00:00 0 
7fd3870f2000-7fd3871f0000 rw-p 00000000 00:00 0                          [stack:19418]
7fd3871f0000-7fd3871f3000 ---p 00000000 00:00 0 
7fd3871f3000-7fd3872f1000 rw-p 00000000 00:00 0                          [stack:19416]
7fd3872f1000-7fd3872f4000 ---p 00000000 00:00 0 
7fd3872f4000-7fd3873f2000 rw-p 00000000 00:00 0                          [stack:19415]
7fd3873f2000-7fd3873f5000 ---p 00000000 00:00 0 
7fd3873f5000-7fd3874f3000 rw-p 00000000 00:00 0                          [stack:19412]
7fd3874f3000-7fd3874f7000 r-xp 00000000 08:03 107611290                  /home/calcul/Téléchargements/jdk1.8.0_40/jre/lib/amd64/libdt_socket.so
7fd3874f7000-7fd3876f6000 ---p 00004000 08:03 107611290                  /home/calcul/Téléchargements/jdk1.8.0_40/jre/lib/amd64/libdt_socket.so
7fd3876f6000-7fd3876f7000 rw-p 00003000 08:03 107611290                  /home/calcul/Téléchargements/jdk1.8.0_40/jre/lib/amd64/libdt_socket.so
7fd3876f7000-7fd3876fa000 ---p 00000000 00:00 0 
7fd3876fa000-7fd3877f8000 rw-p 00000000 00:00 0                          [stack:19411]
7fd3877f8000-7fd3877fb000 ---p 00000000 00:00 0 
7fd3877fb000-7fd3878f9000 rw-p 00000000 00:00 0                          [stack:19410]
7fd3878f9000-7fd3878fc000 ---p 00000000 00:00 0 
7fd3878fc000-7fd3879fa000 rw-p 00000000 00:00 0                          [stack:19409]
7fd3879fa000-7fd3879fb000 ---p 00000000 00:00 0 
7fd3879fb000-7fd388000000 rw-p 00000000 00:00 0                          [stack:19408]
7fd388000000-7fd388021000 rw-p 00000000 00:00 0 
7fd388021000-7fd38c000000 ---p 00000000 00:00 0 
7fd38c000000-7fd38c001000 r--s 00000000 08:03 110625117                  /home/calcul/Documents/Julien/VoxeLidar/trunk/VoxeLidarGUIFX/target/lib/jogl-all-main-2.3.0.jar
7fd38c001000-7fd38c007000 r--s 0004a000 08:03 110625173                  /home/calcul/Documents/Julien/VoxeLidar/trunk/VoxeLidarGUIFX/target/lib/gluegen-rt-2.3.0.jar
7fd38c007000-7fd38c00e000 r--p 00000000 08:03 68423843                   /home/calcul/.config/dconf/user
7fd38c00e000-7fd38c028000 r--p 00000000 08:01 2103031                    /usr/share/locale-langpack/fr/LC_MESSAGES/glib20.mo
7fd38c028000-7fd38c053000 r--p 00000000 08:01 2103067                    /usr/share/locale-langpack/fr/LC_MESSAGES/gtk20-properties.mo
7fd38c053000-7fd38c079000 r--p 00000000 08:01 2102789                    /usr/share/locale-langpack/fr/LC_MESSAGES/libc.mo
7fd38c079000-7fd38d68f000 rw-p 00000000 00:00 0 
7fd38d68f000-7fd38d867000 r--s 03d09000 08:03 107611368                  /home/calcul/Téléchargements/jdk1.8.0_40/jre/lib/rt.jar
7fd38d867000-7fd38e44f000 rw-p 00000000 00:00 0 
7fd38e44f000-7fd38e450000 ---p 00000000 00:00 0 
7fd38e450000-7fd38e550000 rw-p 00000000 00:00 0                          [stack:19407]
7fd38e550000-7fd38e551000 ---p 00000000 00:00 0 
7fd38e551000-7fd38e651000 rw-p 00000000 00:00 0                          [stack:19406]
7fd38e651000-7fd38e652000 ---p 00000000 00:00 0 
7fd38e652000-7fd38e752000 rw-p 00000000 00:00 0                          [stack:19405]
7fd38e752000-7fd38e753000 ---p 00000000 00:00 0 
7fd38e753000-7fd38e853000 rw-p 00000000 00:00 0                          [stack:19404]
7fd38e853000-7fd38e854000 ---p 00000000 00:00 0 
7fd38e854000-7fd38eaa4000 rw-p 00000000 00:00 0                          [stack:19403]
7fd38eaa4000-7fd392bff000 ---p 00000000 00:00 0 
7fd392bff000-7fd392d4f000 rw-p 00000000 00:00 0 
7fd392d4f000-7fd396ea9000 ---p 00000000 00:00 0 
7fd396ea9000-7fd396f52000 rw-p 00000000 00:00 0 
7fd396f52000-7fd398fff000 ---p 00000000 00:00 0 
7fd398fff000-7fd3c2f00000 rw-p 00000000 00:00 0 
7fd3c2f00000-7fdbee580000 ---p 00000000 00:00 0 
7fdbee580000-7fdc03480000 rw-p 00000000 00:00 0 
7fdc03480000-7fe019000000 ---p 00000000 00:00 0 
7fe019000000-7fe019270000 rwxp 00000000 00:00 0 
7fe019270000-7fe028000000 ---p 00000000 00:00 0 
7fe028000000-7fe028579000 rw-p 00000000 00:00 0 
7fe028579000-7fe02c000000 ---p 00000000 00:00 0 
7fe02c000000-7fe02c001000 r--s 00001000 08:03 110627266                  /home/calcul/Documents/Julien/VoxeLidar/trunk/VoxeLidarGUIFX/target/lib/gluegen-rt-2.3.0-natives-windows-i586.jar
7fe02c001000-7fe02c002000 r--s 00001000 08:03 110627260                  /home/calcul/Documents/Julien/VoxeLidar/trunk/VoxeLidarGUIFX/target/lib/gluegen-rt-2.3.0-natives-windows-amd64.jar
7fe02c002000-7fe02c003000 r--s 00000000 08:03 110625165                  /home/calcul/Documents/Julien/VoxeLidar/trunk/VoxeLidarGUIFX/target/lib/gluegen-rt-2.3.0-natives-solaris-i586.jar
7fe02c003000-7fe02c004000 r--s 00001000 08:03 110625174                  /home/calcul/Documents/Julien/VoxeLidar/trunk/VoxeLidarGUIFX/target/lib/gluegen-rt-2.3.0-natives-solaris-amd64.jar
7fe02c004000-7fe02c005000 r--s 00001000 08:03 110627262                  /home/calcul/Documents/Julien/VoxeLidar/trunk/VoxeLidarGUIFX/target/lib/gluegen-rt-2.3.0-natives-macosx-universal.jar
7fe02c005000-7fe02c014000 r--p 00000000 08:01 2103070                    /usr/share/locale-langpack/fr/LC_MESSAGES/gtk20.mo
7fe02c014000-7fe02c0a9000 r--s 010fa000 08:03 107611382                  /home/calcul/Téléchargements/jdk1.8.0_40/jre/lib/ext/jfxrt.jar
7fe02c0a9000-7fe02c0f8000 rw-p 00000000 00:00 0 
7fe02c0f8000-7fe02c0f9000 ---p 00000000 00:00 0 
7fe02c0f9000-7fe02c1f9000 rw-p 00000000 00:00 0                          [stack:19402]
7fe02c1f9000-7fe02c1fa000 ---p 00000000 00:00 0 
7fe02c1fa000-7fe02c2fa000 rw-p 00000000 00:00 0                          [stack:19401]
7fe02c2fa000-7fe02c2fb000 ---p 00000000 00:00 0 
7fe02c2fb000-7fe02c405000 rw-p 00000000 00:00 0                          [stack:19400]
7fe02c405000-7fe02c7bb000 ---p 00000000 00:00 0 
7fe02c7bb000-7fe02c7d5000 r-xp 00000000 08:03 107611318                  /home/calcul/Téléchargements/jdk1.8.0_40/jre/lib/amd64/libzip.so
7fe02c7d5000-7fe02c9d5000 ---p 0001a000 08:03 107611318                  /home/calcul/Téléchargements/jdk1.8.0_40/jre/lib/amd64/libzip.so
7fe02c9d5000-7fe02c9d6000 rw-p 0001a000 08:03 107611318                  /home/calcul/Téléchargements/jdk1.8.0_40/jre/lib/amd64/libzip.so
7fe02c9d6000-7fe02c9e2000 r-xp 00000000 08:01 2363258                    /lib/x86_64-linux-gnu/libnss_files-2.17.so
7fe02c9e2000-7fe02cbe1000 ---p 0000c000 08:01 2363258                    /lib/x86_64-linux-gnu/libnss_files-2.17.so
7fe02cbe1000-7fe02cbe2000 r--p 0000b000 08:01 2363258                    /lib/x86_64-linux-gnu/libnss_files-2.17.so
7fe02cbe2000-7fe02cbe3000 rw-p 0000c000 08:01 2363258                    /lib/x86_64-linux-gnu/libnss_files-2.17.so
7fe02cbe3000-7fe02cbee000 r-xp 00000000 08:01 2363262                    /lib/x86_64-linux-gnu/libnss_nis-2.17.so
7fe02cbee000-7fe02cded000 ---p 0000b000 08:01 2363262                    /lib/x86_64-linux-gnu/libnss_nis-2.17.so
7fe02cded000-7fe02cdee000 r--p 0000a000 08:01 2363262                    /lib/x86_64-linux-gnu/libnss_nis-2.17.so
7fe02cdee000-7fe02cdef000 rw-p 0000b000 08:01 2363262                    /lib/x86_64-linux-gnu/libnss_nis-2.17.so
7fe02cdef000-7fe02ce06000 r-xp 00000000 08:01 2363252                    /lib/x86_64-linux-gnu/libnsl-2.17.so
7fe02ce06000-7fe02d005000 ---p 00017000 08:01 2363252                    /lib/x86_64-linux-gnu/libnsl-2.17.so
7fe02d005000-7fe02d006000 r--p 00016000 08:01 2363252                    /lib/x86_64-linux-gnu/libnsl-2.17.so
7fe02d006000-7fe02d007000 rw-p 00017000 08:01 2363252                    /lib/x86_64-linux-gnu/libnsl-2.17.so
7fe02d007000-7fe02d009000 rw-p 00000000 00:00 0 
7fe02d009000-7fe02d011000 r-xp 00000000 08:01 2363254                    /lib/x86_64-linux-gnu/libnss_compat-2.17.so
7fe02d011000-7fe02d210000 ---p 00008000 08:01 2363254                    /lib/x86_64-linux-gnu/libnss_compat-2.17.so
7fe02d210000-7fe02d211000 r--p 00007000 08:01 2363254                    /lib/x86_64-linux-gnu/libnss_compat-2.17.so
7fe02d211000-7fe02d212000 rw-p 00008000 08:01 2363254                    /lib/x86_64-linux-gnu/libnss_compat-2.17.so
7fe02d212000-7fe02d8f9000 r--p 00000000 08:01 268937                     /usr/lib/locale/locale-archive
7fe02d8f9000-7fe02d8fb000 r-xp 00000000 08:03 107611300                  /home/calcul/Téléchargements/jdk1.8.0_40/jre/lib/amd64/libnpt.so
7fe02d8fb000-7fe02dafb000 ---p 00002000 08:03 107611300                  /home/calcul/Téléchargements/jdk1.8.0_40/jre/lib/amd64/libnpt.so
7fe02dafb000-7fe02dafc000 rw-p 00002000 08:03 107611300                  /home/calcul/Téléchargements/jdk1.8.0_40/jre/lib/amd64/libnpt.so
7fe02dafc000-7fe02db35000 r-xp 00000000 08:03 107611307                  /home/calcul/Téléchargements/jdk1.8.0_40/jre/lib/amd64/libjdwp.so
7fe02db35000-7fe02dd34000 ---p 00039000 08:03 107611307                  /home/calcul/Téléchargements/jdk1.8.0_40/jre/lib/amd64/libjdwp.so
7fe02dd34000-7fe02dd36000 rw-p 00038000 08:03 107611307                  /home/calcul/Téléchargements/jdk1.8.0_40/jre/lib/amd64/libjdwp.so
7fe02dd36000-7fe02dd60000 r-xp 00000000 08:03 107611296                  /home/calcul/Téléchargements/jdk1.8.0_40/jre/lib/amd64/libjava.so
7fe02dd60000-7fe02df60000 ---p 0002a000 08:03 107611296                  /home/calcul/Téléchargements/jdk1.8.0_40/jre/lib/amd64/libjava.so
7fe02df60000-7fe02df62000 rw-p 0002a000 08:03 107611296                  /home/calcul/Téléchargements/jdk1.8.0_40/jre/lib/amd64/libjava.so
7fe02df62000-7fe02df6f000 r-xp 00000000 08:03 107611312                  /home/calcul/Téléchargements/jdk1.8.0_40/jre/lib/amd64/libverify.so
7fe02df6f000-7fe02e16f000 ---p 0000d000 08:03 107611312                  /home/calcul/Téléchargements/jdk1.8.0_40/jre/lib/amd64/libverify.so
7fe02e16f000-7fe02e171000 rw-p 0000d000 08:03 107611312                  /home/calcul/Téléchargements/jdk1.8.0_40/jre/lib/amd64/libverify.so
7fe02e171000-7fe02e178000 r-xp 00000000 08:01 2363305                    /lib/x86_64-linux-gnu/librt-2.17.so
7fe02e178000-7fe02e377000 ---p 00007000 08:01 2363305                    /lib/x86_64-linux-gnu/librt-2.17.so
7fe02e377000-7fe02e378000 r--p 00006000 08:01 2363305                    /lib/x86_64-linux-gnu/librt-2.17.so
7fe02e378000-7fe02e379000 rw-p 00007000 08:01 2363305                    /lib/x86_64-linux-gnu/librt-2.17.so
7fe02e379000-7fe02e47c000 r-xp 00000000 08:01 2363233                    /lib/x86_64-linux-gnu/libm-2.17.so
7fe02e47c000-7fe02e67b000 ---p 00103000 08:01 2363233                    /lib/x86_64-linux-gnu/libm-2.17.so
7fe02e67b000-7fe02e67c000 r--p 00102000 08:01 2363233                    /lib/x86_64-linux-gnu/libm-2.17.so
7fe02e67c000-7fe02e67d000 rw-p 00103000 08:01 2363233                    /lib/x86_64-linux-gnu/libm-2.17.so
7fe02e67d000-7fe02f32b000 r-xp 00000000 08:03 107611334                  /home/calcul/Téléchargements/jdk1.8.0_40/jre/lib/amd64/server/libjvm.so
7fe02f32b000-7fe02f52a000 ---p 00cae000 08:03 107611334                  /home/calcul/Téléchargements/jdk1.8.0_40/jre/lib/amd64/server/libjvm.so
7fe02f52a000-7fe02f601000 rw-p 00cad000 08:03 107611334                  /home/calcul/Téléchargements/jdk1.8.0_40/jre/lib/amd64/server/libjvm.so
7fe02f601000-7fe02f645000 rw-p 00000000 00:00 0 
7fe02f645000-7fe02f802000 r-xp 00000000 08:01 2363182                    /lib/x86_64-linux-gnu/libc-2.17.so
7fe02f802000-7fe02fa02000 ---p 001bd000 08:01 2363182                    /lib/x86_64-linux-gnu/libc-2.17.so
7fe02fa02000-7fe02fa06000 r--p 001bd000 08:01 2363182                    /lib/x86_64-linux-gnu/libc-2.17.so
7fe02fa06000-7fe02fa08000 rw-p 001c1000 08:01 2363182                    /lib/x86_64-linux-gnu/libc-2.17.so
7fe02fa08000-7fe02fa0d000 rw-p 00000000 00:00 0 
7fe02fa0d000-7fe02fa10000 r-xp 00000000 08:01 2363197                    /lib/x86_64-linux-gnu/libdl-2.17.so
7fe02fa10000-7fe02fc0f000 ---p 00003000 08:01 2363197                    /lib/x86_64-linux-gnu/libdl-2.17.so
7fe02fc0f000-7fe02fc10000 r--p 00002000 08:01 2363197                    /lib/x86_64-linux-gnu/libdl-2.17.so
7fe02fc10000-7fe02fc11000 rw-p 00003000 08:01 2363197                    /lib/x86_64-linux-gnu/libdl-2.17.so
7fe02fc11000-7fe02fc26000 r-xp 00000000 08:03 107611306                  /home/calcul/Téléchargements/jdk1.8.0_40/jre/lib/amd64/jli/libjli.so
7fe02fc26000-7fe02fe26000 ---p 00015000 08:03 107611306                  /home/calcul/Téléchargements/jdk1.8.0_40/jre/lib/amd64/jli/libjli.so
7fe02fe26000-7fe02fe27000 rw-p 00015000 08:03 107611306                  /home/calcul/Téléchargements/jdk1.8.0_40/jre/lib/amd64/jli/libjli.so
7fe02fe27000-7fe02fe3e000 r-xp 00000000 08:01 2363297                    /lib/x86_64-linux-gnu/libpthread-2.17.so
7fe02fe3e000-7fe03003e000 ---p 00017000 08:01 2363297                    /lib/x86_64-linux-gnu/libpthread-2.17.so
7fe03003e000-7fe03003f000 r--p 00017000 08:01 2363297                    /lib/x86_64-linux-gnu/libpthread-2.17.so
7fe03003f000-7fe030040000 rw-p 00018000 08:01 2363297                    /lib/x86_64-linux-gnu/libpthread-2.17.so
7fe030040000-7fe030044000 rw-p 00000000 00:00 0 
7fe030044000-7fe030067000 r-xp 00000000 08:01 2363158                    /lib/x86_64-linux-gnu/ld-2.17.so
7fe030067000-7fe030069000 r--s 00000000 08:03 110625172                  /home/calcul/Documents/Julien/VoxeLidar/trunk/VoxeLidarGUIFX/target/lib/gluegen-rt-2.3.0-natives-linux-i586.jar
7fe030069000-7fe03006a000 r--s 00000000 08:03 110625163                  /home/calcul/Documents/Julien/VoxeLidar/trunk/VoxeLidarGUIFX/target/lib/gluegen-rt-2.3.0-natives-linux-armv6hf.jar
7fe03006a000-7fe03006b000 r--s 00000000 08:03 110625175                  /home/calcul/Documents/Julien/VoxeLidar/trunk/VoxeLidarGUIFX/target/lib/gluegen-rt-2.3.0-natives-linux-armv6.jar
7fe03006b000-7fe03013c000 rw-p 00000000 00:00 0 
7fe03013c000-7fe03013f000 ---p 00000000 00:00 0 
7fe03013f000-7fe030241000 rw-p 00000000 00:00 0                          [stack:19399]
7fe030241000-7fe030243000 r--s 00000000 08:03 110627279                  /home/calcul/Documents/Julien/VoxeLidar/trunk/VoxeLidarGUIFX/target/lib/gluegen-rt-2.3.0-natives-linux-amd64.jar
7fe030243000-7fe030244000 r--s 00001000 08:03 110627274                  /home/calcul/Documents/Julien/VoxeLidar/trunk/VoxeLidarGUIFX/target/lib/gluegen-rt-2.3.0-natives-android-armv6.jar
7fe030244000-7fe030245000 r--s 00000000 08:03 110627258                  /home/calcul/Documents/Julien/VoxeLidar/trunk/VoxeLidarGUIFX/target/lib/gluegen-rt-2.3.0-natives-android-aarch64.jar
7fe030245000-7fe030246000 r--s 00000000 08:03 110625127                  /home/calcul/Documents/Julien/VoxeLidar/trunk/VoxeLidarGUIFX/target/lib/gluegen-rt-main-2.3.0.jar
7fe030246000-7fe030247000 rw-s 5eb3d1000 00:05 12468                     /dev/dri/card0
7fe030247000-7fe030248000 r--s 00000000 00:14 7111285                    /run/user/1000/dconf/user
7fe030248000-7fe03024f000 r--s 00000000 08:01 656385                     /usr/lib/x86_64-linux-gnu/gconv/gconv-modules.cache
7fe03024f000-7fe030250000 rw-s 5ea29f000 00:05 12468                     /dev/dri/card0
7fe030250000-7fe03025a000 r--s 001b8000 08:03 110495266                  /home/calcul/Documents/Julien/VoxeLidar/trunk/VoxeLidarGUIFX/target/VoxeLidarGUIFX-1.0.jar
7fe03025a000-7fe030262000 rw-s 00000000 08:01 397755                     /tmp/hsperfdata_calcul/19395
7fe030262000-7fe030263000 rw-p 00000000 00:00 0 
7fe030263000-7fe030264000 r--p 00000000 00:00 0 
7fe030264000-7fe030266000 rw-p 00000000 00:00 0 
7fe030266000-7fe030267000 r--p 00022000 08:01 2363158                    /lib/x86_64-linux-gnu/ld-2.17.so
7fe030267000-7fe030269000 rw-p 00023000 08:01 2363158                    /lib/x86_64-linux-gnu/ld-2.17.so
7fff5ac0e000-7fff5ac2f000 rw-p 00000000 00:00 0                          [stack]
7fff5ad5a000-7fff5ad5c000 r-xp 00000000 00:00 0                          [vdso]
ffffffffff600000-ffffffffff601000 r-xp 00000000 00:00 0                  [vsyscall]

VM Arguments:
jvm_args: -Xdebug -Xmx50g -Xrunjdwp:transport=dt_socket,server=n,address=35630 
java_command: /home/calcul/Documents/Julien/VoxeLidar/trunk/VoxeLidarGUIFX/target/VoxeLidarGUIFX-1.0.jar
java_class_path (initial): /home/calcul/Documents/Julien/VoxeLidar/trunk/VoxeLidarGUIFX/target/VoxeLidarGUIFX-1.0.jar
Launcher Type: SUN_STANDARD

Environment Variables:
JAVA_HOME=/home/calcul/Téléchargements/jdk1.8.0_40
PATH=JAVA_HOME/bin:/usr/lib/lightdm/lightdm:/usr/local/sbin:/usr/local/bin:/usr/sbin:/usr/bin:/sbin:/bin:/usr/games:/usr/local/games
LD_LIBRARY_PATH=/home/calcul/Téléchargements/jdk1.8.0_40/jre/lib/amd64:/home/calcul/Téléchargements/jdk1.8.0_40/jre/lib/i386:
SHELL=/bin/bash
DISPLAY=:0.0

Signal Handlers:
SIGSEGV: [libjvm.so+0xaad2e0], sa_mask[0]=11111111011111111101111111111110, sa_flags=SA_RESTART|SA_SIGINFO
SIGBUS: [libjvm.so+0xaad2e0], sa_mask[0]=11111111011111111101111111111110, sa_flags=SA_RESTART|SA_SIGINFO
SIGFPE: [libjvm.so+0x90b550], sa_mask[0]=11111111011111111101111111111110, sa_flags=SA_RESTART|SA_SIGINFO
SIGPIPE: SIG_IGN, sa_mask[0]=00000000000010000000000000000000, sa_flags=SA_RESTART
SIGXFSZ: [libjvm.so+0x90b550], sa_mask[0]=11111111011111111101111111111110, sa_flags=SA_RESTART|SA_SIGINFO
SIGILL: [libjvm.so+0x90b550], sa_mask[0]=11111111011111111101111111111110, sa_flags=SA_RESTART|SA_SIGINFO
SIGUSR1: SIG_DFL, sa_mask[0]=00000000000000000000000000000000, sa_flags=none
SIGUSR2: [libjvm.so+0x90cb90], sa_mask[0]=00100000000000000000000000000000, sa_flags=SA_RESTART|SA_SIGINFO
SIGHUP: [libjvm.so+0x90dee0], sa_mask[0]=11111111011111111101111111111110, sa_flags=SA_RESTART|SA_SIGINFO
SIGINT: SIG_IGN, sa_mask[0]=00000000000000000000000000000000, sa_flags=none
SIGTERM: [libjvm.so+0x90dee0], sa_mask[0]=11111111011111111101111111111110, sa_flags=SA_RESTART|SA_SIGINFO
SIGQUIT: [libjvm.so+0x90dee0], sa_mask[0]=11111111011111111101111111111110, sa_flags=SA_RESTART|SA_SIGINFO


---------------  S Y S T E M  ---------------

OS:DISTRIB_ID=Ubuntu
DISTRIB_RELEASE=13.10
DISTRIB_CODENAME=saucy
DISTRIB_DESCRIPTION="Ubuntu 13.10"

uname:Linux 3.11.0-26-generic #45-Ubuntu SMP Tue Jul 15 04:02:06 UTC 2014 x86_64
libc:glibc 2.17 NPTL 2.17 
rlimit: STACK 8192k, CORE 0k, NPROC 514862, NOFILE 4096, AS infinity
load average:1,13 0,88 0,93

/proc/meminfo:
MemTotal:       65922644 kB
MemFree:        35855232 kB
Buffers:         8966220 kB
Cached:         15858156 kB
SwapCached:           12 kB
Active:         10131892 kB
Inactive:       18815372 kB
Active(anon):    2407388 kB
Inactive(anon):  1776200 kB
Active(file):    7724504 kB
Inactive(file): 17039172 kB
Unevictable:        1276 kB
Mlocked:            1276 kB
SwapTotal:      31250428 kB
SwapFree:       31249492 kB
Dirty:              1740 kB
Writeback:             0 kB
AnonPages:       4125672 kB
Mapped:           269460 kB
Shmem:             60260 kB
Slab:             593208 kB
SReclaimable:     502312 kB
SUnreclaim:        90896 kB
KernelStack:        7272 kB
PageTables:        57296 kB
NFS_Unstable:          0 kB
Bounce:                0 kB
WritebackTmp:          0 kB
CommitLimit:    64211748 kB
Committed_AS:   13389256 kB
VmallocTotal:   34359738367 kB
VmallocUsed:      445508 kB
VmallocChunk:   34325151848 kB
HardwareCorrupted:     0 kB
AnonHugePages:         0 kB
HugePages_Total:       0
HugePages_Free:        0
HugePages_Rsvd:        0
HugePages_Surp:        0
Hugepagesize:       2048 kB
DirectMap4k:      113268 kB
DirectMap2M:     5072896 kB
DirectMap1G:    61865984 kB


CPU:total 8 (4 cores per cpu, 1 threads per core) family 6 model 62 stepping 4, cmov, cx8, fxsr, mmx, sse, sse2, sse3, ssse3, sse4.1, sse4.2, popcnt, avx, aes, clmul, erms, tsc, tscinvbit

/proc/cpuinfo:
processor	: 0
vendor_id	: GenuineIntel
cpu family	: 6
model		: 62
model name	: Intel(R) Xeon(R) CPU E5-2609 v2 @ 2.50GHz
stepping	: 4
microcode	: 0x416
cpu MHz		: 1200.000
cache size	: 10240 KB
physical id	: 0
siblings	: 4
core id		: 0
cpu cores	: 4
apicid		: 0
initial apicid	: 0
fpu		: yes
fpu_exception	: yes
cpuid level	: 13
wp		: yes
flags		: fpu vme de pse tsc msr pae mce cx8 apic sep mtrr pge mca cmov pat pse36 clflush dts acpi mmx fxsr sse sse2 ss ht tm pbe syscall nx pdpe1gb rdtscp lm constant_tsc arch_perfmon pebs bts rep_good nopl xtopology nonstop_tsc aperfmperf eagerfpu pni pclmulqdq dtes64 monitor ds_cpl vmx smx est tm2 ssse3 cx16 xtpr pdcm pcid dca sse4_1 sse4_2 x2apic popcnt tsc_deadline_timer aes xsave avx f16c rdrand lahf_lm arat epb xsaveopt pln pts dtherm tpr_shadow vnmi flexpriority ept vpid fsgsbase smep erms
bogomips	: 4987.69
clflush size	: 64
cache_alignment	: 64
address sizes	: 46 bits physical, 48 bits virtual
power management:

processor	: 1
vendor_id	: GenuineIntel
cpu family	: 6
model		: 62
model name	: Intel(R) Xeon(R) CPU E5-2609 v2 @ 2.50GHz
stepping	: 4
microcode	: 0x416
cpu MHz		: 2500.000
cache size	: 10240 KB
physical id	: 0
siblings	: 4
core id		: 1
cpu cores	: 4
apicid		: 2
initial apicid	: 2
fpu		: yes
fpu_exception	: yes
cpuid level	: 13
wp		: yes
flags		: fpu vme de pse tsc msr pae mce cx8 apic sep mtrr pge mca cmov pat pse36 clflush dts acpi mmx fxsr sse sse2 ss ht tm pbe syscall nx pdpe1gb rdtscp lm constant_tsc arch_perfmon pebs bts rep_good nopl xtopology nonstop_tsc aperfmperf eagerfpu pni pclmulqdq dtes64 monitor ds_cpl vmx smx est tm2 ssse3 cx16 xtpr pdcm pcid dca sse4_1 sse4_2 x2apic popcnt tsc_deadline_timer aes xsave avx f16c rdrand lahf_lm arat epb xsaveopt pln pts dtherm tpr_shadow vnmi flexpriority ept vpid fsgsbase smep erms
bogomips	: 4987.69
clflush size	: 64
cache_alignment	: 64
address sizes	: 46 bits physical, 48 bits virtual
power management:

processor	: 2
vendor_id	: GenuineIntel
cpu family	: 6
model		: 62
model name	: Intel(R) Xeon(R) CPU E5-2609 v2 @ 2.50GHz
stepping	: 4
microcode	: 0x416
cpu MHz		: 2500.000
cache size	: 10240 KB
physical id	: 0
siblings	: 4
core id		: 2
cpu cores	: 4
apicid		: 4
initial apicid	: 4
fpu		: yes
fpu_exception	: yes
cpuid level	: 13
wp		: yes
flags		: fpu vme de pse tsc msr pae mce cx8 apic sep mtrr pge mca cmov pat pse36 clflush dts acpi mmx fxsr sse sse2 ss ht tm pbe syscall nx pdpe1gb rdtscp lm constant_tsc arch_perfmon pebs bts rep_good nopl xtopology nonstop_tsc aperfmperf eagerfpu pni pclmulqdq dtes64 monitor ds_cpl vmx smx est tm2 ssse3 cx16 xtpr pdcm pcid dca sse4_1 sse4_2 x2apic popcnt tsc_deadline_timer aes xsave avx f16c rdrand lahf_lm arat epb xsaveopt pln pts dtherm tpr_shadow vnmi flexpriority ept vpid fsgsbase smep erms
bogomips	: 4987.69
clflush size	: 64
cache_alignment	: 64
address sizes	: 46 bits physical, 48 bits virtual
power management:

processor	: 3
vendor_id	: GenuineIntel
cpu family	: 6
model		: 62
model name	: Intel(R) Xeon(R) CPU E5-2609 v2 @ 2.50GHz
stepping	: 4
microcode	: 0x416
cpu MHz		: 1200.000
cache size	: 10240 KB
physical id	: 0
siblings	: 4
core id		: 3
cpu cores	: 4
apicid		: 6
initial apicid	: 6
fpu		: yes
fpu_exception	: yes
cpuid level	: 13
wp		: yes
flags		: fpu vme de pse tsc msr pae mce cx8 apic sep mtrr pge mca cmov pat pse36 clflush dts acpi mmx fxsr sse sse2 ss ht tm pbe syscall nx pdpe1gb rdtscp lm constant_tsc arch_perfmon pebs bts rep_good nopl xtopology nonstop_tsc aperfmperf eagerfpu pni pclmulqdq dtes64 monitor ds_cpl vmx smx est tm2 ssse3 cx16 xtpr pdcm pcid dca sse4_1 sse4_2 x2apic popcnt tsc_deadline_timer aes xsave avx f16c rdrand lahf_lm arat epb xsaveopt pln pts dtherm tpr_shadow vnmi flexpriority ept vpid fsgsbase smep erms
bogomips	: 4987.69
clflush size	: 64
cache_alignment	: 64
address sizes	: 46 bits physical, 48 bits virtual
power management:

processor	: 4
vendor_id	: GenuineIntel
cpu family	: 6
model		: 62
model name	: Intel(R) Xeon(R) CPU E5-2609 v2 @ 2.50GHz
stepping	: 4
microcode	: 0x416
cpu MHz		: 2500.000
cache size	: 10240 KB
physical id	: 1
siblings	: 4
core id		: 0
cpu cores	: 4
apicid		: 32
initial apicid	: 32
fpu		: yes
fpu_exception	: yes
cpuid level	: 13
wp		: yes
flags		: fpu vme de pse tsc msr pae mce cx8 apic sep mtrr pge mca cmov pat pse36 clflush dts acpi mmx fxsr sse sse2 ss ht tm pbe syscall nx pdpe1gb rdtscp lm constant_tsc arch_perfmon pebs bts rep_good nopl xtopology nonstop_tsc aperfmperf eagerfpu pni pclmulqdq dtes64 monitor ds_cpl vmx smx est tm2 ssse3 cx16 xtpr pdcm pcid dca sse4_1 sse4_2 x2apic popcnt tsc_deadline_timer aes xsave avx f16c rdrand lahf_lm arat epb xsaveopt pln pts dtherm tpr_shadow vnmi flexpriority ept vpid fsgsbase smep erms
bogomips	: 4989.30
clflush size	: 64
cache_alignment	: 64
address sizes	: 46 bits physical, 48 bits virtual
power management:

processor	: 5
vendor_id	: GenuineIntel
cpu family	: 6
model		: 62
model name	: Intel(R) Xeon(R) CPU E5-2609 v2 @ 2.50GHz
stepping	: 4
microcode	: 0x416
cpu MHz		: 1200.000
cache size	: 10240 KB
physical id	: 1
siblings	: 4
core id		: 1
cpu cores	: 4
apicid		: 34
initial apicid	: 34
fpu		: yes
fpu_exception	: yes
cpuid level	: 13
wp		: yes
flags		: fpu vme de pse tsc msr pae mce cx8 apic sep mtrr pge mca cmov pat pse36 clflush dts acpi mmx fxsr sse sse2 ss ht tm pbe syscall nx pdpe1gb rdtscp lm constant_tsc arch_perfmon pebs bts rep_good nopl xtopology nonstop_tsc aperfmperf eagerfpu pni pclmulqdq dtes64 monitor ds_cpl vmx smx est tm2 ssse3 cx16 xtpr pdcm pcid dca sse4_1 sse4_2 x2apic popcnt tsc_deadline_timer aes xsave avx f16c rdrand lahf_lm arat epb xsaveopt pln pts dtherm tpr_shadow vnmi flexpriority ept vpid fsgsbase smep erms
bogomips	: 4989.30
clflush size	: 64
cache_alignment	: 64
address sizes	: 46 bits physical, 48 bits virtual
power management:

processor	: 6
vendor_id	: GenuineIntel
cpu family	: 6
model		: 62
model name	: Intel(R) Xeon(R) CPU E5-2609 v2 @ 2.50GHz
stepping	: 4
microcode	: 0x416
cpu MHz		: 1200.000
cache size	: 10240 KB
physical id	: 1
siblings	: 4
core id		: 2
cpu cores	: 4
apicid		: 36
initial apicid	: 36
fpu		: yes
fpu_exception	: yes
cpuid level	: 13
wp		: yes
flags		: fpu vme de pse tsc msr pae mce cx8 apic sep mtrr pge mca cmov pat pse36 clflush dts acpi mmx fxsr sse sse2 ss ht tm pbe syscall nx pdpe1gb rdtscp lm constant_tsc arch_perfmon pebs bts rep_good nopl xtopology nonstop_tsc aperfmperf eagerfpu pni pclmulqdq dtes64 monitor ds_cpl vmx smx est tm2 ssse3 cx16 xtpr pdcm pcid dca sse4_1 sse4_2 x2apic popcnt tsc_deadline_timer aes xsave avx f16c rdrand lahf_lm arat epb xsaveopt pln pts dtherm tpr_shadow vnmi flexpriority ept vpid fsgsbase smep erms
bogomips	: 4989.30
clflush size	: 64
cache_alignment	: 64
address sizes	: 46 bits physical, 48 bits virtual
power management:

processor	: 7
vendor_id	: GenuineIntel
cpu family	: 6
model		: 62
model name	: Intel(R) Xeon(R) CPU E5-2609 v2 @ 2.50GHz
stepping	: 4
microcode	: 0x416
cpu MHz		: 2500.000
cache size	: 10240 KB
physical id	: 1
siblings	: 4
core id		: 3
cpu cores	: 4
apicid		: 38
initial apicid	: 38
fpu		: yes
fpu_exception	: yes
cpuid level	: 13
wp		: yes
flags		: fpu vme de pse tsc msr pae mce cx8 apic sep mtrr pge mca cmov pat pse36 clflush dts acpi mmx fxsr sse sse2 ss ht tm pbe syscall nx pdpe1gb rdtscp lm constant_tsc arch_perfmon pebs bts rep_good nopl xtopology nonstop_tsc aperfmperf eagerfpu pni pclmulqdq dtes64 monitor ds_cpl vmx smx est tm2 ssse3 cx16 xtpr pdcm pcid dca sse4_1 sse4_2 x2apic popcnt tsc_deadline_timer aes xsave avx f16c rdrand lahf_lm arat epb xsaveopt pln pts dtherm tpr_shadow vnmi flexpriority ept vpid fsgsbase smep erms
bogomips	: 4989.30
clflush size	: 64
cache_alignment	: 64
address sizes	: 46 bits physical, 48 bits virtual
power management:



Memory: 4k page, physical 65922644k(35855232k free), swap 31250428k(31249492k free)

vm_info: Java HotSpot(TM) 64-Bit Server VM (25.40-b25) for linux-amd64 JRE (1.8.0_40-b26), built on Mar  7 2015 15:08:31 by "java_re" with gcc 4.3.0 20080428 (Red Hat 4.3.0-8)

time: Thu Apr  9 10:02:21 2015
elapsed time: 0 seconds (0d 0h 0m 0s)

