#
# A fatal error has been detected by the Java Runtime Environment:
#
#  SIGSEGV (0xb) at pc=0x00007f7a101d9d1b, pid=24381, tid=140105402537728
#
# JRE version: Java(TM) SE Runtime Environment (8.0_40-b26) (build 1.8.0_40-b26)
# Java VM: Java HotSpot(TM) 64-Bit Server VM (25.40-b25 mixed mode linux-amd64 )
# Problematic frame:
# V  [libjvm.so+0x683d1b]  java_lang_Class::as_Klass(oopDesc*)+0xb
#
# Failed to write core dump. Core dumps have been disabled. To enable core dumping, try "ulimit -c unlimited" before starting Java again
#
# If you would like to submit a bug report, please visit:
#   http://bugreport.java.com/bugreport/crash.jsp
#

---------------  T H R E A D  ---------------

Current thread (0x00007f7a08433800):  JavaThread "JavaFX Application Thread" [_thread_in_vm, id=24414, stack(0x00007f6cd4afd000,0x00007f6cd4bfe000)]

siginfo: si_signo: 11 (SIGSEGV), si_code: 128 (SI_KERNEL), si_addr: 0x0000000000000000

Registers:
RAX=0x0000000000000080, RBX=0x00007f79f901ce64, RCX=0x00007f6cd4bfaf18, RDX=0x00007f7a10af3c00
RSP=0x00007f6cd4bfae00, RBP=0x00007f6cd4bfae00, RSI=0x00007f7a08433800, RDI=0xc510ec834877f8c5
R8 =0x00007f6cd4bfd700, R9 =0x0000000000474000, R10=0x00007f6cd4bfad90, R11=0x00007f6cd44e7ae4
R12=0x00007f7a08433800, R13=0x00007f7a0cbe5858, R14=0x00007f7a084339f8, R15=0x00007f6cd4bfae70
RIP=0x00007f7a101d9d1b, EFLAGS=0x0000000000010246, CSGSFS=0xffff000000000033, ERR=0x0000000000000000
  TRAPNO=0x000000000000000d

Top of Stack: (sp=0x00007f6cd4bfae00)
0x00007f6cd4bfae00:   00007f6cd4bfaee0 00007f7a1022f291
0x00007f6cd4bfae10:   0000000000000000 0000000000000000
0x00007f6cd4bfae20:   00007f6cd4bfaf18 00007f6cd4bfb0a0
0x00007f6cd4bfae30:   0000000000000001 00007f6c883456f0
0x00007f6cd4bfae40:   0000000000001000 0000000000000000
0x00007f6cd4bfae50:   0000000000000000 0000000000000000
0x00007f6cd4bfae60:   0000000000000000 00007f6c88345a48
0x00007f6cd4bfae70:   00007f7a08433800 0000000000000000
0x00007f6cd4bfae80:   00000000dcf1bb33 0000000110ba14d0
0x00007f6cd4bfae90:   0000000000000038 00007f6cd44dbf4f
0x00007f6cd4bfaea0:   00007f7a08433800 00007f6c88000020
0x00007f6cd4bfaeb0:   00007f6cd44d9c10 00007f7a0cbe5858
0x00007f6cd4bfaec0:   00007f6cd4bfbd80 00007f7a0cbe5858
0x00007f6cd4bfaed0:   00007f6cd4bfb0d0 00007f7a08433800
0x00007f6cd4bfaee0:   00007f6cd4bfafe0 00007f6cd44e7b99
0x00007f6cd4bfaef0:   00007f6cd4bfaf50 00007f6cd4bfb0a0
0x00007f6cd4bfaf00:   00007f79f901ce64 00007f7a084339f8
0x00007f6cd4bfaf10:   0080000000000041 0000003000000018
0x00007f6cd4bfaf20:   00007f6cd4bfaff0 00007f6cd4bfaf30
0x00007f6cd4bfaf30:   0000000000000000 00007f7a0cbe5858
0x00007f6cd4bfaf40:   00007f6cd4bfb0d0 00007f79f901ce64
0x00007f6cd4bfaf50:   00007f6cd4bfd700 0000000000474000
0x00007f6cd4bfaf60:   0000000000000005 0000000000000000
0x00007f6cd4bfaf70:   00007f6c884309f0 00007f6cd44d9c10
0x00007f6cd4bfaf80:   00007f7a0cbe5858 00007f6cd4bfb030
0x00007f6cd4bfaf90:   00007f6cd4bfbd80 00007f7a11532725
0x00007f6cd4bfafa0:   0000000000000000 00007f79f901ce64
0x00007f6cd4bfafb0:   00007f6cd4bfb0a0 00007f79f901ce64
0x00007f6cd4bfafc0:   00007f7a084339f8 00007f6cd4bfd700
0x00007f6cd4bfafd0:   0000000000474000 00007f6c883456f0
0x00007f6cd4bfafe0:   00007f6cd4bfb030 00007f6cd44e796e
0x00007f6cd4bfaff0:   00007f7a08433800 00007f6c8834c690 

Instructions: (pc=0x00007f7a101d9d1b)
0x00007f7a101d9cfb:   89 ca 8b 48 08 48 d3 e2 48 03 10 eb d5 0f 1f 84
0x00007f7a101d9d0b:   00 00 00 00 00 48 63 05 f1 be 90 00 55 48 89 e5
0x00007f7a101d9d1b:   48 8b 04 07 c9 c3 90 66 66 66 66 66 2e 0f 1f 84
0x00007f7a101d9d2b:   00 00 00 00 00 48 63 05 d1 be 90 00 55 48 89 e5 

Register to memory mapping:

RAX=0x0000000000000080 is an unknown value
RBX=0x00007f79f901ce64 is at code_begin+1572 in an Interpreter codelet
method entry point (kind = native)  [0x00007f79f901c840, 0x00007f79f901d780]  3904 bytes
RCX=0x00007f6cd4bfaf18 is pointing into the stack for thread: 0x00007f7a08433800
RDX=0x00007f7a10af3c00: <offset 0xf9dc00> in /home/calcul/Téléchargements/jdk1.8.0_40/jre/lib/amd64/server/libjvm.so at 0x00007f7a0fb56000
RSP=0x00007f6cd4bfae00 is pointing into the stack for thread: 0x00007f7a08433800
RBP=0x00007f6cd4bfae00 is pointing into the stack for thread: 0x00007f7a08433800
RSI=0x00007f7a08433800 is a thread
RDI=0xc510ec834877f8c5 is an unknown value
R8 =0x00007f6cd4bfd700 is pointing into the stack for thread: 0x00007f7a08433800
R9 =0x0000000000474000 is an unknown value
R10=0x00007f6cd4bfad90 is pointing into the stack for thread: 0x00007f7a08433800
R11=0x00007f6cd44e7ae4: _ZN7JNIEnv_9NewObjectEP7_jclassP10_jmethodIDz+0 in /tmp/LasZipLibrary-784663080761970260.tmp at 0x00007f6cd44d8000
R12=0x00007f7a08433800 is a thread
R13={method} {0x00007f7a0cbe5858} 'getNextPoint' '(J)Lfr/ird/voxelidar/voxelisation/extraction/als/LasPointFormat0;' in 'fr/ird/voxelidar/voxelisation/extraction/als/LazExtraction'
R14=0x00007f7a084339f8 is an unknown value
R15=0x00007f6cd4bfae70 is pointing into the stack for thread: 0x00007f7a08433800


Stack: [0x00007f6cd4afd000,0x00007f6cd4bfe000],  sp=0x00007f6cd4bfae00,  free space=1015k
Native frames: (J=compiled Java code, j=interpreted, Vv=VM code, C=native code)
V  [libjvm.so+0x683d1b]  java_lang_Class::as_Klass(oopDesc*)+0xb
V  [libjvm.so+0x6d9291]  jni_NewObjectV+0xd1
C  [LasZipLibrary-784663080761970260.tmp+0xfb99]  JNIEnv_::NewObject(_jclass*, _jmethodID*, ...)+0xb5
C  [LasZipLibrary-784663080761970260.tmp+0xf96e]  Java_fr_ird_voxelidar_voxelisation_extraction_als_LazExtraction_getNextPoint+0xac
j  fr.ird.voxelidar.voxelisation.extraction.als.LazExtraction.getNextPoint(J)Lfr/ird/voxelidar/voxelisation/extraction/als/LasPointFormat0;+0
j  fr.ird.voxelidar.FXPrincipal.start(Ljavafx/stage/Stage;)V+28
j  com.sun.javafx.application.LauncherImpl.lambda$launchApplication1$159(Ljava/util/concurrent/atomic/AtomicBoolean;Ljavafx/application/Application;)V+20
j  com.sun.javafx.application.LauncherImpl$$Lambda$58.run()V+8
j  com.sun.javafx.application.PlatformImpl.lambda$runAndWait$172(Ljava/lang/Runnable;Ljava/util/concurrent/CountDownLatch;)V+1
j  com.sun.javafx.application.PlatformImpl$$Lambda$51.run()V+8
j  com.sun.javafx.application.PlatformImpl.lambda$null$170(Ljava/lang/Runnable;)Ljava/lang/Void;+1
j  com.sun.javafx.application.PlatformImpl$$Lambda$53.run()Ljava/lang/Object;+4
v  ~StubRoutines::call_stub
V  [libjvm.so+0x681a56]  JavaCalls::call_helper(JavaValue*, methodHandle*, JavaCallArguments*, Thread*)+0x1056
V  [libjvm.so+0x71980c]  JVM_DoPrivileged+0x27c
j  java.security.AccessController.doPrivileged(Ljava/security/PrivilegedAction;Ljava/security/AccessControlContext;)Ljava/lang/Object;+0
j  com.sun.javafx.application.PlatformImpl.lambda$runLater$171(Ljava/lang/Runnable;Ljava/security/AccessControlContext;)V+7
j  com.sun.javafx.application.PlatformImpl$$Lambda$52.run()V+8
j  com.sun.glass.ui.InvokeLaterDispatcher$Future.run()V+4
v  ~StubRoutines::call_stub
V  [libjvm.so+0x681a56]  JavaCalls::call_helper(JavaValue*, methodHandle*, JavaCallArguments*, Thread*)+0x1056
V  [libjvm.so+0x6c435b]  jni_invoke_nonstatic(JNIEnv_*, JavaValue*, _jobject*, JNICallType, _jmethodID*, JNI_ArgumentPusher*, Thread*)+0x41b
V  [libjvm.so+0x6c871f]  jni_CallVoidMethodV+0x10f
C  [libglass.so+0x1b798]  JNIEnv_::CallVoidMethod(_jobject*, _jmethodID*, ...)+0x98
C  [libglass.so+0x25144]  call_runnable(void*)+0x34
C  [libgdk-x11-2.0.so.0+0x1dcf7]

Java frames: (J=compiled Java code, j=interpreted, Vv=VM code)
j  fr.ird.voxelidar.voxelisation.extraction.als.LazExtraction.getNextPoint(J)Lfr/ird/voxelidar/voxelisation/extraction/als/LasPointFormat0;+0
j  fr.ird.voxelidar.FXPrincipal.start(Ljavafx/stage/Stage;)V+28
j  com.sun.javafx.application.LauncherImpl.lambda$launchApplication1$159(Ljava/util/concurrent/atomic/AtomicBoolean;Ljavafx/application/Application;)V+20
j  com.sun.javafx.application.LauncherImpl$$Lambda$58.run()V+8
j  com.sun.javafx.application.PlatformImpl.lambda$runAndWait$172(Ljava/lang/Runnable;Ljava/util/concurrent/CountDownLatch;)V+1
j  com.sun.javafx.application.PlatformImpl$$Lambda$51.run()V+8
j  com.sun.javafx.application.PlatformImpl.lambda$null$170(Ljava/lang/Runnable;)Ljava/lang/Void;+1
j  com.sun.javafx.application.PlatformImpl$$Lambda$53.run()Ljava/lang/Object;+4
v  ~StubRoutines::call_stub
j  java.security.AccessController.doPrivileged(Ljava/security/PrivilegedAction;Ljava/security/AccessControlContext;)Ljava/lang/Object;+0
j  com.sun.javafx.application.PlatformImpl.lambda$runLater$171(Ljava/lang/Runnable;Ljava/security/AccessControlContext;)V+7
j  com.sun.javafx.application.PlatformImpl$$Lambda$52.run()V+8
j  com.sun.glass.ui.InvokeLaterDispatcher$Future.run()V+4
v  ~StubRoutines::call_stub
j  com.sun.glass.ui.gtk.GtkApplication._runLoop(Ljava/lang/Runnable;Z)V+0
j  com.sun.glass.ui.gtk.GtkApplication.lambda$null$48(Ljava/lang/Runnable;Z)V+7
j  com.sun.glass.ui.gtk.GtkApplication$$Lambda$41.run()V+12
j  java.lang.Thread.run()V+11
v  ~StubRoutines::call_stub

---------------  P R O C E S S  ---------------

Java Threads: ( => current thread )
  0x00007f7a08438000 JavaThread "JavaFX-Launcher" [_thread_blocked, id=24415, stack(0x00007f6cd497c000,0x00007f6cd4a7d000)]
=>0x00007f7a08433800 JavaThread "JavaFX Application Thread" [_thread_in_vm, id=24414, stack(0x00007f6cd4afd000,0x00007f6cd4bfe000)]
  0x00007f7a0842f800 JavaThread "Thread-1" daemon [_thread_blocked, id=24413, stack(0x00007f6d4c07f000,0x00007f6d4c180000)]
  0x00007f7a0836a000 JavaThread "QuantumRenderer-0" daemon [_thread_blocked, id=24410, stack(0x00007f6d6c029000,0x00007f6d6c12a000)]
  0x00007f7a0822e000 JavaThread "Service Thread" daemon [_thread_blocked, id=24408, stack(0x00007f6d6c22b000,0x00007f6d6c32c000)]
  0x00007f7a08220000 JavaThread "C1 CompilerThread3" daemon [_thread_blocked, id=24407, stack(0x00007f6d6c32c000,0x00007f6d6c42d000)]
  0x00007f7a0821e000 JavaThread "C2 CompilerThread2" daemon [_thread_blocked, id=24406, stack(0x00007f6d6c42d000,0x00007f6d6c52e000)]
  0x00007f7a0821c000 JavaThread "C2 CompilerThread1" daemon [_thread_blocked, id=24405, stack(0x00007f6d6c52e000,0x00007f6d6c62f000)]
  0x00007f7a08219800 JavaThread "C2 CompilerThread0" daemon [_thread_blocked, id=24404, stack(0x00007f6d6c62f000,0x00007f6d6c730000)]
  0x00007f6cc4001000 JavaThread "JDWP Command Reader" daemon [_thread_in_native, id=24402, stack(0x00007f6d6c730000,0x00007f6d6c831000)]
  0x00007f7a08217000 JavaThread "JDWP Event Helper Thread" daemon [_thread_blocked, id=24400, stack(0x00007f6d6c831000,0x00007f6d6c932000)]
  0x00007f7a08213800 JavaThread "JDWP Transport Listener: dt_socket" daemon [_thread_blocked, id=24398, stack(0x00007f6d6c932000,0x00007f6d6ca33000)]
  0x00007f7a08207800 JavaThread "Signal Dispatcher" daemon [_thread_blocked, id=24397, stack(0x00007f6d6cc37000,0x00007f6d6cd38000)]
  0x00007f7a081d0800 JavaThread "Finalizer" daemon [_thread_blocked, id=24396, stack(0x00007f6d6cd38000,0x00007f6d6ce39000)]
  0x00007f7a081ce800 JavaThread "Reference Handler" daemon [_thread_blocked, id=24395, stack(0x00007f6d6ce39000,0x00007f6d6cf3a000)]
  0x00007f7a0800c000 JavaThread "main" [_thread_blocked, id=24382, stack(0x00007f7a11615000,0x00007f7a11716000)]

Other Threads:
  0x00007f7a081c9000 VMThread [stack: 0x00007f6d6cf3a000,0x00007f6d6d03b000] [id=24394]
  0x00007f7a08230800 WatcherThread [stack: 0x00007f6d6c12a000,0x00007f6d6c22b000] [id=24409]

VM state:not at safepoint (normal execution)

VM Mutex/Monitor currently owned by a thread: None

Heap:
 PSYoungGen      total 300544K, used 51610K [0x00007f75ce580000, 0x00007f75e3480000, 0x00007f79f9000000)
  eden space 258048K, 20% used [0x00007f75ce580000,0x00007f75d17e6958,0x00007f75de180000)
  from space 42496K, 0% used [0x00007f75e0b00000,0x00007f75e0b00000,0x00007f75e3480000)
  to   space 42496K, 0% used [0x00007f75de180000,0x00007f75de180000,0x00007f75e0b00000)
 ParOldGen       total 687104K, used 0K [0x00007f6d79000000, 0x00007f6da2f00000, 0x00007f75ce580000)
  object space 687104K, 0% used [0x00007f6d79000000,0x00007f6d79000000,0x00007f6da2f00000)
 Metaspace       used 8279K, capacity 8849K, committed 8960K, reserved 10240K

Card table byte_map: [0x00007f6d72bff000,0x00007f6d79000000] byte_map_base: 0x00007f2dbc037000

Marking Bits: (ParMarkBitMap*) 0x00007f7a10af36c0
 Begin Bits: [0x00007f6cdc000000, 0x00007f6d0e000000)
 End Bits:   [0x00007f6d0e000000, 0x00007f6d40000000)

Polling page: 0x00007f7a1173c000

CodeCache: size=245760Kb used=2508Kb max_used=2508Kb free=243251Kb
 bounds [0x00007f79f9000000, 0x00007f79f9280000, 0x00007f7a08000000]
 total_blobs=1029 nmethods=607 adapters=344
 compilation: enabled

Compilation events (10 events):
Event: 1,613 Thread 0x00007f7a08219800 nmethod 602 0x00007f79f9272050 code [0x00007f79f92721a0, 0x00007f79f9272278]
Event: 1,613 Thread 0x00007f7a0821e000 nmethod 601 0x00007f79f9272350 code [0x00007f79f92724a0, 0x00007f79f9272578]
Event: 1,615 Thread 0x00007f7a08220000  604       3       java.lang.String::getBytes (27 bytes)
Event: 1,615 Thread 0x00007f7a08220000 nmethod 604 0x00007f79f9271ad0 code [0x00007f79f9271c60, 0x00007f79f9271ef8]
Event: 1,615 Thread 0x00007f7a08220000  605   !   3       java.lang.StringCoding::encode (120 bytes)
Event: 1,617 Thread 0x00007f7a08220000 nmethod 605 0x00007f79f92726d0 code [0x00007f79f9272a20, 0x00007f79f9274458]
Event: 1,620 Thread 0x00007f7a08220000  606       3       java.util.Arrays::copyOf (13 bytes)
Event: 1,620 Thread 0x00007f7a08220000 nmethod 606 0x00007f79f92711d0 code [0x00007f79f9271340, 0x00007f79f9271568]
Event: 1,628 Thread 0x00007f7a08220000  607       3       java.nio.Buffer::position (43 bytes)
Event: 1,628 Thread 0x00007f7a08220000 nmethod 607 0x00007f79f9270c90 code [0x00007f79f9270e20, 0x00007f79f92710e8]

GC Heap History (0 events):
No events

Deoptimization events (2 events):
Event: 1,383 Thread 0x00007f7a08433800 Uncommon trap: reason=unstable_if action=reinterpret pc=0x00007f79f91b8624 method=java.lang.String.replace(CC)Ljava/lang/String; @ 2
Event: 1,508 Thread 0x00007f7a08433800 Uncommon trap: reason=unstable_if action=reinterpret pc=0x00007f79f91e2730 method=java.lang.String.indexOf([CII[CIII)I @ 134

Internal exceptions (10 events):
Event: 1,577 Thread 0x00007f7a08433800 Exception <a 'java/lang/ClassNotFoundException': org/apache/log4j/RollingFileAppenderBeanInfo> (0x00007f75d07eed60) thrown at [/HUDSON/workspace/8-2-build-linux-amd64/jdk8u40/3098/hotspot/src/share/vm/classfile/systemDictionary.cpp, line 210]
Event: 1,578 Thread 0x00007f7a08433800 Exception <a 'java/lang/ClassNotFoundException': org/apache/log4j/FileAppenderBeanInfo> (0x00007f75d07f8ae0) thrown at [/HUDSON/workspace/8-2-build-linux-amd64/jdk8u40/3098/hotspot/src/share/vm/classfile/systemDictionary.cpp, line 210]
Event: 1,578 Thread 0x00007f7a08433800 Exception <a 'java/lang/ClassNotFoundException': org/apache/log4j/WriterAppenderBeanInfo> (0x00007f75d0802b30) thrown at [/HUDSON/workspace/8-2-build-linux-amd64/jdk8u40/3098/hotspot/src/share/vm/classfile/systemDictionary.cpp, line 210]
Event: 1,579 Thread 0x00007f7a08433800 Exception <a 'java/lang/ClassNotFoundException': org/apache/log4j/AppenderSkeletonBeanInfo> (0x00007f75d080cec0) thrown at [/HUDSON/workspace/8-2-build-linux-amd64/jdk8u40/3098/hotspot/src/share/vm/classfile/systemDictionary.cpp, line 210]
Event: 1,579 Thread 0x00007f7a08433800 Exception <a 'java/lang/ClassNotFoundException': org/apache/log4j/AppenderSkeletonCustomizer> (0x00007f75d08179e0) thrown at [/HUDSON/workspace/8-2-build-linux-amd64/jdk8u40/3098/hotspot/src/share/vm/classfile/systemDictionary.cpp, line 210]
Event: 1,582 Thread 0x00007f7a08433800 Exception <a 'java/lang/ClassNotFoundException': org/apache/log4j/WriterAppenderCustomizer> (0x00007f75d083bbc8) thrown at [/HUDSON/workspace/8-2-build-linux-amd64/jdk8u40/3098/hotspot/src/share/vm/classfile/systemDictionary.cpp, line 210]
Event: 1,584 Thread 0x00007f7a08433800 Exception <a 'java/lang/ClassNotFoundException': org/apache/log4j/FileAppenderCustomizer> (0x00007f75d08563a8) thrown at [/HUDSON/workspace/8-2-build-linux-amd64/jdk8u40/3098/hotspot/src/share/vm/classfile/systemDictionary.cpp, line 210]
Event: 1,586 Thread 0x00007f7a08433800 Exception <a 'java/lang/ClassNotFoundException': org/apache/log4j/RollingFileAppenderCustomizer> (0x00007f75d08727b8) thrown at [/HUDSON/workspace/8-2-build-linux-amd64/jdk8u40/3098/hotspot/src/share/vm/classfile/systemDictionary.cpp, line 210]
Event: 1,592 Thread 0x00007f7a08433800 Exception <a 'java/lang/ClassNotFoundException': org/apache/log4j/ConsoleAppenderBeanInfo> (0x00007f75d08b3928) thrown at [/HUDSON/workspace/8-2-build-linux-amd64/jdk8u40/3098/hotspot/src/share/vm/classfile/systemDictionary.cpp, line 210]
Event: 1,592 Thread 0x00007f7a08433800 Exception <a 'java/lang/ClassNotFoundException': org/apache/log4j/ConsoleAppenderCustomizer> (0x00007f75d08bdbf0) thrown at [/HUDSON/workspace/8-2-build-linux-amd64/jdk8u40/3098/hotspot/src/share/vm/classfile/systemDictionary.cpp, line 210]

Events (10 events):
Event: 1,627 loading class java/io/FileOutputStream$1
Event: 1,628 loading class java/io/FileOutputStream$1 done
Event: 1,629 loading class fr/ird/voxelidar/voxelisation/extraction/als/LasPointFormat0
Event: 1,629 loading class fr/ird/voxelidar/voxelisation/extraction/als/LasPointFormat0 done
Event: 1,629 Thread 0x00007f7a08433800 DEOPT PACKING pc=0x00007f79f91ffd91 sp=0x00007f6cd4bfa490
Event: 1,629 Thread 0x00007f7a08433800 DEOPT UNPACKING pc=0x00007f79f9047633 sp=0x00007f6cd4bfa200 mode 1
Event: 1,629 Thread 0x00007f7a08433800 DEOPT PACKING pc=0x00007f79f9183bac sp=0x00007f6cd4bfa510
Event: 1,629 Thread 0x00007f7a08433800 DEOPT UNPACKING pc=0x00007f79f9047633 sp=0x00007f6cd4bfa350 mode 1
Event: 1,629 Thread 0x00007f7a08433800 DEOPT PACKING pc=0x00007f79f918394c sp=0x00007f6cd4bfa6a0
Event: 1,629 Thread 0x00007f7a08433800 DEOPT UNPACKING pc=0x00007f79f9047633 sp=0x00007f6cd4bfa4e0 mode 1


Dynamic libraries:
00400000-00401000 r-xp 00000000 08:03 107611431                          /home/calcul/Téléchargements/jdk1.8.0_40/jre/bin/java
00600000-00601000 rw-p 00000000 08:03 107611431                          /home/calcul/Téléchargements/jdk1.8.0_40/jre/bin/java
00723000-00744000 rw-p 00000000 00:00 0                                  [heap]
7f6c88000000-7f6c88724000 rw-p 00000000 00:00 0 
7f6c88724000-7f6c8c000000 ---p 00000000 00:00 0 
7f6c8c000000-7f6c8c021000 rw-p 00000000 00:00 0 
7f6c8c021000-7f6c90000000 ---p 00000000 00:00 0 
7f6c90000000-7f6c90022000 rw-p 00000000 00:00 0 
7f6c90022000-7f6c94000000 ---p 00000000 00:00 0 
7f6c94000000-7f6c94021000 rw-p 00000000 00:00 0 
7f6c94021000-7f6c98000000 ---p 00000000 00:00 0 
7f6c98000000-7f6c98217000 rw-p 00000000 00:00 0 
7f6c98217000-7f6c9c000000 ---p 00000000 00:00 0 
7f6c9c000000-7f6c9c021000 rw-p 00000000 00:00 0 
7f6c9c021000-7f6ca0000000 ---p 00000000 00:00 0 
7f6ca0000000-7f6ca0021000 rw-p 00000000 00:00 0 
7f6ca0021000-7f6ca4000000 ---p 00000000 00:00 0 
7f6ca4000000-7f6ca4021000 rw-p 00000000 00:00 0 
7f6ca4021000-7f6ca8000000 ---p 00000000 00:00 0 
7f6ca8000000-7f6ca82ed000 rw-p 00000000 00:00 0 
7f6ca82ed000-7f6cac000000 ---p 00000000 00:00 0 
7f6cac000000-7f6cac1fa000 rw-p 00000000 00:00 0 
7f6cac1fa000-7f6cb0000000 ---p 00000000 00:00 0 
7f6cb0000000-7f6cb0202000 rw-p 00000000 00:00 0 
7f6cb0202000-7f6cb4000000 ---p 00000000 00:00 0 
7f6cb4000000-7f6cb4183000 rw-p 00000000 00:00 0 
7f6cb4183000-7f6cb8000000 ---p 00000000 00:00 0 
7f6cb8000000-7f6cb8021000 rw-p 00000000 00:00 0 
7f6cb8021000-7f6cbc000000 ---p 00000000 00:00 0 
7f6cbc000000-7f6cbc021000 rw-p 00000000 00:00 0 
7f6cbc021000-7f6cc0000000 ---p 00000000 00:00 0 
7f6cc0000000-7f6cc0021000 rw-p 00000000 00:00 0 
7f6cc0021000-7f6cc4000000 ---p 00000000 00:00 0 
7f6cc4000000-7f6cc4021000 rw-p 00000000 00:00 0 
7f6cc4021000-7f6cc8000000 ---p 00000000 00:00 0 
7f6cc8000000-7f6cc8021000 rw-p 00000000 00:00 0 
7f6cc8021000-7f6ccc000000 ---p 00000000 00:00 0 
7f6ccc000000-7f6ccc021000 rw-p 00000000 00:00 0 
7f6ccc021000-7f6cd0000000 ---p 00000000 00:00 0 
7f6cd0000000-7f6cd0021000 rw-p 00000000 00:00 0 
7f6cd0021000-7f6cd4000000 ---p 00000000 00:00 0 
7f6cd44d7000-7f6cd44d8000 rw-p 00000000 00:00 0 
7f6cd44d8000-7f6cd44fc000 r-xp 00000000 08:01 131160                     /tmp/LasZipLibrary-784663080761970260.tmp
7f6cd44fc000-7f6cd46fb000 ---p 00024000 08:01 131160                     /tmp/LasZipLibrary-784663080761970260.tmp
7f6cd46fb000-7f6cd46fd000 r--p 00023000 08:01 131160                     /tmp/LasZipLibrary-784663080761970260.tmp
7f6cd46fd000-7f6cd46fe000 rw-p 00025000 08:01 131160                     /tmp/LasZipLibrary-784663080761970260.tmp
7f6cd46fe000-7f6cd471a000 r--s 00393000 08:03 107611383                  /home/calcul/Téléchargements/jdk1.8.0_40/jre/lib/ext/cldrdata.jar
7f6cd471a000-7f6cd4725000 r--s 00116000 08:03 107611377                  /home/calcul/Téléchargements/jdk1.8.0_40/jre/lib/ext/localedata.jar
7f6cd4725000-7f6cd47e5000 rw-p 00000000 00:00 0 
7f6cd47e5000-7f6cd4925000 ---p 00000000 00:00 0 
7f6cd4925000-7f6cd4937000 r--s 000d8000 08:03 110627261                  /home/calcul/Documents/Julien/VoxeLidar/trunk/VoxeLidarGUIFX/target/lib/controlsfx-8.20.8.jar
7f6cd4937000-7f6cd497c000 r--s 0068d000 08:03 110625170                  /home/calcul/Documents/Julien/VoxeLidar/trunk/VoxeLidarGUIFX/target/lib/gdx-tools-1.1.0.jar
7f6cd497c000-7f6cd497f000 ---p 00000000 00:00 0 
7f6cd497f000-7f6cd4a7d000 rw-p 00000000 00:00 0                          [stack:24415]
7f6cd4a7d000-7f6cd4afd000 rw-s 4fdaf8000 00:05 12468                     /dev/dri/card0
7f6cd4afd000-7f6cd4b00000 ---p 00000000 00:00 0 
7f6cd4b00000-7f6cd4bfe000 rw-p 00000000 00:00 0                          [stack:24414]
7f6cd4bfe000-7f6cd4bff000 ---p 00000000 00:00 0 
7f6cd4bff000-7f6cd53ff000 rw-p 00000000 00:00 0                          [stack:24412]
7f6cd53ff000-7f6cd5400000 ---p 00000000 00:00 0 
7f6cd5400000-7f6d40000000 rw-p 00000000 00:00 0                          [stack:24411]
7f6d40000000-7f6d40021000 rw-p 00000000 00:00 0 
7f6d40021000-7f6d44000000 ---p 00000000 00:00 0 
7f6d44000000-7f6d44080000 rw-s 4fd241000 00:05 12468                     /dev/dri/card0
7f6d44080000-7f6d4408b000 r-xp 00000000 08:01 656478                     /usr/lib/x86_64-linux-gnu/gio/modules/libdconfsettings.so
7f6d4408b000-7f6d4428a000 ---p 0000b000 08:01 656478                     /usr/lib/x86_64-linux-gnu/gio/modules/libdconfsettings.so
7f6d4428a000-7f6d4428b000 r--p 0000a000 08:01 656478                     /usr/lib/x86_64-linux-gnu/gio/modules/libdconfsettings.so
7f6d4428b000-7f6d4428c000 rw-p 0000b000 08:01 656478                     /usr/lib/x86_64-linux-gnu/gio/modules/libdconfsettings.so
7f6d4428c000-7f6d44293000 r-xp 00000000 08:01 270532                     /usr/lib/x86_64-linux-gnu/libogg.so.0.8.1
7f6d44293000-7f6d44493000 ---p 00007000 08:01 270532                     /usr/lib/x86_64-linux-gnu/libogg.so.0.8.1
7f6d44493000-7f6d44494000 r--p 00007000 08:01 270532                     /usr/lib/x86_64-linux-gnu/libogg.so.0.8.1
7f6d44494000-7f6d44495000 rw-p 00008000 08:01 270532                     /usr/lib/x86_64-linux-gnu/libogg.so.0.8.1
7f6d44495000-7f6d444c0000 r-xp 00000000 08:01 270763                     /usr/lib/x86_64-linux-gnu/libvorbis.so.0.4.5
7f6d444c0000-7f6d446c0000 ---p 0002b000 08:01 270763                     /usr/lib/x86_64-linux-gnu/libvorbis.so.0.4.5
7f6d446c0000-7f6d446c1000 r--p 0002b000 08:01 270763                     /usr/lib/x86_64-linux-gnu/libvorbis.so.0.4.5
7f6d446c1000-7f6d446c2000 rw-p 0002c000 08:01 270763                     /usr/lib/x86_64-linux-gnu/libvorbis.so.0.4.5
7f6d446c2000-7f6d446cb000 r-xp 00000000 08:01 270454                     /usr/lib/x86_64-linux-gnu/libltdl.so.7.3.0
7f6d446cb000-7f6d448ca000 ---p 00009000 08:01 270454                     /usr/lib/x86_64-linux-gnu/libltdl.so.7.3.0
7f6d448ca000-7f6d448cb000 r--p 00008000 08:01 270454                     /usr/lib/x86_64-linux-gnu/libltdl.so.7.3.0
7f6d448cb000-7f6d448cc000 rw-p 00009000 08:01 270454                     /usr/lib/x86_64-linux-gnu/libltdl.so.7.3.0
7f6d448cc000-7f6d448de000 r-xp 00000000 08:01 270696                     /usr/lib/x86_64-linux-gnu/libtdb.so.1.2.11
7f6d448de000-7f6d44add000 ---p 00012000 08:01 270696                     /usr/lib/x86_64-linux-gnu/libtdb.so.1.2.11
7f6d44add000-7f6d44ade000 r--p 00011000 08:01 270696                     /usr/lib/x86_64-linux-gnu/libtdb.so.1.2.11
7f6d44ade000-7f6d44adf000 rw-p 00012000 08:01 270696                     /usr/lib/x86_64-linux-gnu/libtdb.so.1.2.11
7f6d44adf000-7f6d44ae6000 r-xp 00000000 08:01 270767                     /usr/lib/x86_64-linux-gnu/libvorbisfile.so.3.3.4
7f6d44ae6000-7f6d44ce5000 ---p 00007000 08:01 270767                     /usr/lib/x86_64-linux-gnu/libvorbisfile.so.3.3.4
7f6d44ce5000-7f6d44ce6000 r--p 00006000 08:01 270767                     /usr/lib/x86_64-linux-gnu/libvorbisfile.so.3.3.4
7f6d44ce6000-7f6d44ce7000 rw-p 00007000 08:01 270767                     /usr/lib/x86_64-linux-gnu/libvorbisfile.so.3.3.4
7f6d44ce7000-7f6d44cf6000 r-xp 00000000 08:01 269997                     /usr/lib/x86_64-linux-gnu/libcanberra.so.0.2.5
7f6d44cf6000-7f6d44ef5000 ---p 0000f000 08:01 269997                     /usr/lib/x86_64-linux-gnu/libcanberra.so.0.2.5
7f6d44ef5000-7f6d44ef6000 r--p 0000e000 08:01 269997                     /usr/lib/x86_64-linux-gnu/libcanberra.so.0.2.5
7f6d44ef6000-7f6d44ef7000 rw-p 0000f000 08:01 269997                     /usr/lib/x86_64-linux-gnu/libcanberra.so.0.2.5
7f6d44ef7000-7f6d44efb000 r-xp 00000000 08:01 269993                     /usr/lib/x86_64-linux-gnu/libcanberra-gtk.so.0.1.9
7f6d44efb000-7f6d450fa000 ---p 00004000 08:01 269993                     /usr/lib/x86_64-linux-gnu/libcanberra-gtk.so.0.1.9
7f6d450fa000-7f6d450fb000 r--p 00003000 08:01 269993                     /usr/lib/x86_64-linux-gnu/libcanberra-gtk.so.0.1.9
7f6d450fb000-7f6d450fc000 rw-p 00004000 08:01 269993                     /usr/lib/x86_64-linux-gnu/libcanberra-gtk.so.0.1.9
7f6d450fc000-7f6d45101000 r-xp 00000000 08:01 656734                     /usr/lib/x86_64-linux-gnu/gtk-2.0/modules/libcanberra-gtk-module.so
7f6d45101000-7f6d45300000 ---p 00005000 08:01 656734                     /usr/lib/x86_64-linux-gnu/gtk-2.0/modules/libcanberra-gtk-module.so
7f6d45300000-7f6d45301000 r--p 00004000 08:01 656734                     /usr/lib/x86_64-linux-gnu/gtk-2.0/modules/libcanberra-gtk-module.so
7f6d45301000-7f6d45302000 rw-p 00005000 08:01 656734                     /usr/lib/x86_64-linux-gnu/gtk-2.0/modules/libcanberra-gtk-module.so
7f6d45302000-7f6d45331000 r-xp 00000000 08:01 656716                     /usr/lib/x86_64-linux-gnu/gtk-2.0/2.10.0/engines/libmurrine.so
7f6d45331000-7f6d45531000 ---p 0002f000 08:01 656716                     /usr/lib/x86_64-linux-gnu/gtk-2.0/2.10.0/engines/libmurrine.so
7f6d45531000-7f6d45532000 r--p 0002f000 08:01 656716                     /usr/lib/x86_64-linux-gnu/gtk-2.0/2.10.0/engines/libmurrine.so
7f6d45532000-7f6d45533000 rw-p 00030000 08:01 656716                     /usr/lib/x86_64-linux-gnu/gtk-2.0/2.10.0/engines/libmurrine.so
7f6d45533000-7f6d45544000 r-xp 00000000 08:01 656737                     /usr/lib/x86_64-linux-gnu/gtk-2.0/modules/liboverlay-scrollbar.so
7f6d45544000-7f6d45743000 ---p 00011000 08:01 656737                     /usr/lib/x86_64-linux-gnu/gtk-2.0/modules/liboverlay-scrollbar.so
7f6d45743000-7f6d45744000 r--p 00010000 08:01 656737                     /usr/lib/x86_64-linux-gnu/gtk-2.0/modules/liboverlay-scrollbar.so
7f6d45744000-7f6d45745000 rw-p 00011000 08:01 656737                     /usr/lib/x86_64-linux-gnu/gtk-2.0/modules/liboverlay-scrollbar.so
7f6d45745000-7f6d45770000 r-xp 00000000 08:03 107611297                  /home/calcul/Téléchargements/jdk1.8.0_40/jre/lib/amd64/libglass.so
7f6d45770000-7f6d4596f000 ---p 0002b000 08:03 107611297                  /home/calcul/Téléchargements/jdk1.8.0_40/jre/lib/amd64/libglass.so
7f6d4596f000-7f6d45971000 r--p 0002a000 08:03 107611297                  /home/calcul/Téléchargements/jdk1.8.0_40/jre/lib/amd64/libglass.so
7f6d45971000-7f6d45972000 rw-p 0002c000 08:03 107611297                  /home/calcul/Téléchargements/jdk1.8.0_40/jre/lib/amd64/libglass.so
7f6d45972000-7f6d45973000 rw-p 00000000 00:00 0 
7f6d45973000-7f6d459a5000 r-xp 00000000 08:01 270722                     /usr/lib/x86_64-linux-gnu/libtxc_dxtn_s2tc.so.0.0.0
7f6d459a5000-7f6d45ba4000 ---p 00032000 08:01 270722                     /usr/lib/x86_64-linux-gnu/libtxc_dxtn_s2tc.so.0.0.0
7f6d45ba4000-7f6d45ba5000 r--p 00031000 08:01 270722                     /usr/lib/x86_64-linux-gnu/libtxc_dxtn_s2tc.so.0.0.0
7f6d45ba5000-7f6d45ba6000 rw-p 00032000 08:01 270722                     /usr/lib/x86_64-linux-gnu/libtxc_dxtn_s2tc.so.0.0.0
7f6d45ba6000-7f6d470e9000 r-xp 00000000 08:01 269745                     /usr/lib/x86_64-linux-gnu/libLLVM-3.3.so.1
7f6d470e9000-7f6d470ea000 ---p 01543000 08:01 269745                     /usr/lib/x86_64-linux-gnu/libLLVM-3.3.so.1
7f6d470ea000-7f6d471ff000 r--p 01543000 08:01 269745                     /usr/lib/x86_64-linux-gnu/libLLVM-3.3.so.1
7f6d471ff000-7f6d47201000 rw-p 01658000 08:01 269745                     /usr/lib/x86_64-linux-gnu/libLLVM-3.3.so.1
7f6d47201000-7f6d47214000 rw-p 00000000 00:00 0 
7f6d47214000-7f6d47219000 r-xp 00000000 08:01 268846                     /usr/lib/x86_64-linux-gnu/libdrm_nouveau.so.2.0.0
7f6d47219000-7f6d47418000 ---p 00005000 08:01 268846                     /usr/lib/x86_64-linux-gnu/libdrm_nouveau.so.2.0.0
7f6d47418000-7f6d47419000 r--p 00004000 08:01 268846                     /usr/lib/x86_64-linux-gnu/libdrm_nouveau.so.2.0.0
7f6d47419000-7f6d4741a000 rw-p 00005000 08:01 268846                     /usr/lib/x86_64-linux-gnu/libdrm_nouveau.so.2.0.0
7f6d4741a000-7f6d47638000 r-xp 00000000 08:01 270170                     /usr/lib/x86_64-linux-gnu/libgallium.so.0.0.0
7f6d47638000-7f6d47837000 ---p 0021e000 08:01 270170                     /usr/lib/x86_64-linux-gnu/libgallium.so.0.0.0
7f6d47837000-7f6d47848000 r--p 0021d000 08:01 270170                     /usr/lib/x86_64-linux-gnu/libgallium.so.0.0.0
7f6d47848000-7f6d4784b000 rw-p 0022e000 08:01 270170                     /usr/lib/x86_64-linux-gnu/libgallium.so.0.0.0
7f6d4784b000-7f6d47a13000 rw-p 00000000 00:00 0 
7f6d47a13000-7f6d47dd1000 r-xp 00000000 08:01 270081                     /usr/lib/x86_64-linux-gnu/libdricore9.2.1.so.1.0.0
7f6d47dd1000-7f6d47fd0000 ---p 003be000 08:01 270081                     /usr/lib/x86_64-linux-gnu/libdricore9.2.1.so.1.0.0
7f6d47fd0000-7f6d47fe0000 r--p 003bd000 08:01 270081                     /usr/lib/x86_64-linux-gnu/libdricore9.2.1.so.1.0.0
7f6d47fe0000-7f6d47fe8000 rw-p 003cd000 08:01 270081                     /usr/lib/x86_64-linux-gnu/libdricore9.2.1.so.1.0.0
7f6d47fe8000-7f6d48000000 rw-p 00000000 00:00 0 
7f6d48000000-7f6d48021000 rw-p 00000000 00:00 0 
7f6d48021000-7f6d4c000000 ---p 00000000 00:00 0 
7f6d4c000000-7f6d4c004000 rw-p 00000000 00:00 0 
7f6d4c004000-7f6d4c009000 r--s 00094000 08:03 107611371                  /home/calcul/Téléchargements/jdk1.8.0_40/jre/lib/jsse.jar
7f6d4c009000-7f6d4c00c000 r--s 00022000 08:03 110625119                  /home/calcul/Documents/Julien/VoxeLidar/trunk/VoxeLidarGUIFX/target/lib/openjfx-dialogs-1.0.2.jar
7f6d4c00c000-7f6d4c012000 r--s 0004b000 08:03 110625169                  /home/calcul/Documents/Julien/VoxeLidar/trunk/VoxeLidarGUIFX/target/lib/jcommon-1.0.23.jar
7f6d4c012000-7f6d4c023000 r--s 0016e000 08:03 110625118                  /home/calcul/Documents/Julien/VoxeLidar/trunk/VoxeLidarGUIFX/target/lib/jfreechart-1.0.19.jar
7f6d4c023000-7f6d4c024000 r--s 0001c000 08:03 110627264                  /home/calcul/Documents/Julien/VoxeLidar/trunk/VoxeLidarGUIFX/target/lib/swing-layout-1.0.3.jar
7f6d4c024000-7f6d4c033000 r--s 000ab000 08:03 110627259                  /home/calcul/Documents/Julien/VoxeLidar/trunk/VoxeLidarGUIFX/target/lib/commons-math-2.0.jar
7f6d4c033000-7f6d4c035000 r--s 00045000 08:03 110625126                  /home/calcul/Documents/Julien/VoxeLidar/trunk/VoxeLidarGUIFX/target/lib/vecmath-1.3.1.jar
7f6d4c035000-7f6d4c03e000 r--s 0006f000 08:03 110625124                  /home/calcul/Documents/Julien/VoxeLidar/trunk/VoxeLidarGUIFX/target/lib/log4j-1.2.17.jar
7f6d4c03e000-7f6d4c03f000 r--s 00006000 08:03 110627270                  /home/calcul/Documents/Julien/VoxeLidar/trunk/VoxeLidarGUIFX/target/lib/sax-2.0.1.jar
7f6d4c03f000-7f6d4c045000 r--s 00044000 08:03 110627257                  /home/calcul/Documents/Julien/VoxeLidar/trunk/VoxeLidarGUIFX/target/lib/jdom2-2.0.5.jar
7f6d4c045000-7f6d4c059000 r--s 000d1000 08:03 110627263                  /home/calcul/Documents/Julien/VoxeLidar/trunk/VoxeLidarGUIFX/target/lib/guava-r05.jar
7f6d4c059000-7f6d4c05a000 r--s 00003000 08:03 110627273                  /home/calcul/Documents/Julien/VoxeLidar/trunk/VoxeLidarGUIFX/target/lib/opencsv-2.0.jar
7f6d4c05a000-7f6d4c05d000 r--s 00013000 08:03 110627269                  /home/calcul/Documents/Julien/VoxeLidar/trunk/VoxeLidarGUIFX/target/lib/commons-io-1.3.2.jar
7f6d4c05d000-7f6d4c064000 r--s 0005e000 08:03 110627272                  /home/calcul/Documents/Julien/VoxeLidar/trunk/VoxeLidarGUIFX/target/lib/commons-lang3-3.3.2.jar
7f6d4c064000-7f6d4c072000 r--s 0007f000 08:03 110625166                  /home/calcul/Documents/Julien/VoxeLidar/trunk/VoxeLidarGUIFX/target/lib/commons-collections-3.2.1.jar
7f6d4c072000-7f6d4c075000 r--s 00008000 08:03 110627281                  /home/calcul/Documents/Julien/VoxeLidar/trunk/VoxeLidarGUIFX/target/lib/exp4j-0.4.0.ALPHA-3.jar
7f6d4c075000-7f6d4c076000 r--s 00031000 08:03 110625122                  /home/calcul/Documents/Julien/VoxeLidar/trunk/VoxeLidarGUIFX/target/lib/jogl-all-2.3.0-natives-windows-i586.jar
7f6d4c076000-7f6d4c078000 r--s 00038000 08:03 110625121                  /home/calcul/Documents/Julien/VoxeLidar/trunk/VoxeLidarGUIFX/target/lib/jogl-all-2.3.0-natives-windows-amd64.jar
7f6d4c078000-7f6d4c07a000 r--s 00024000 08:03 110627256                  /home/calcul/Documents/Julien/VoxeLidar/trunk/VoxeLidarGUIFX/target/lib/jogl-all-2.3.0-natives-solaris-i586.jar
7f6d4c07a000-7f6d4c07b000 r--s 00032000 08:03 110627271                  /home/calcul/Documents/Julien/VoxeLidar/trunk/VoxeLidarGUIFX/target/lib/jogl-all-2.3.0-natives-solaris-amd64.jar
7f6d4c07b000-7f6d4c07d000 r--s 00031000 08:03 110625171                  /home/calcul/Documents/Julien/VoxeLidar/trunk/VoxeLidarGUIFX/target/lib/jogl-all-2.3.0-natives-linux-i586.jar
7f6d4c07d000-7f6d4c07f000 r--s 00025000 08:03 110625120                  /home/calcul/Documents/Julien/VoxeLidar/trunk/VoxeLidarGUIFX/target/lib/jogl-all-2.3.0-natives-linux-armv6hf.jar
7f6d4c07f000-7f6d4c082000 ---p 00000000 00:00 0 
7f6d4c082000-7f6d4c180000 rw-p 00000000 00:00 0                          [stack:24413]
7f6d4c180000-7f6d4c1d7000 r--p 00000000 08:01 1325739                    /usr/share/glib-2.0/schemas/gschemas.compiled
7f6d4c1d7000-7f6d4c329000 r-xp 00000000 08:01 655813                     /usr/lib/x86_64-linux-gnu/dri/nouveau_dri.so
7f6d4c329000-7f6d4c528000 ---p 00152000 08:01 655813                     /usr/lib/x86_64-linux-gnu/dri/nouveau_dri.so
7f6d4c528000-7f6d4c52b000 r--p 00151000 08:01 655813                     /usr/lib/x86_64-linux-gnu/dri/nouveau_dri.so
7f6d4c52b000-7f6d4c52d000 rw-p 00154000 08:01 655813                     /usr/lib/x86_64-linux-gnu/dri/nouveau_dri.so
7f6d4c52d000-7f6d4c52f000 rw-p 00000000 00:00 0 
7f6d4c52f000-7f6d4c535000 r-xp 00000000 08:01 270058                     /usr/lib/x86_64-linux-gnu/libdatrie.so.1.2.0
7f6d4c535000-7f6d4c734000 ---p 00006000 08:01 270058                     /usr/lib/x86_64-linux-gnu/libdatrie.so.1.2.0
7f6d4c734000-7f6d4c735000 r--p 00005000 08:01 270058                     /usr/lib/x86_64-linux-gnu/libdatrie.so.1.2.0
7f6d4c735000-7f6d4c736000 rw-p 00006000 08:01 270058                     /usr/lib/x86_64-linux-gnu/libdatrie.so.1.2.0
7f6d4c736000-7f6d4c73b000 r-xp 00000000 08:01 269880                     /usr/lib/x86_64-linux-gnu/libXdmcp.so.6.0.0
7f6d4c73b000-7f6d4c93a000 ---p 00005000 08:01 269880                     /usr/lib/x86_64-linux-gnu/libXdmcp.so.6.0.0
7f6d4c93a000-7f6d4c93b000 r--p 00004000 08:01 269880                     /usr/lib/x86_64-linux-gnu/libXdmcp.so.6.0.0
7f6d4c93b000-7f6d4c93c000 rw-p 00005000 08:01 269880                     /usr/lib/x86_64-linux-gnu/libXdmcp.so.6.0.0
7f6d4c93c000-7f6d4c93e000 r-xp 00000000 08:01 269869                     /usr/lib/x86_64-linux-gnu/libXau.so.6.0.0
7f6d4c93e000-7f6d4cb3e000 ---p 00002000 08:01 269869                     /usr/lib/x86_64-linux-gnu/libXau.so.6.0.0
7f6d4cb3e000-7f6d4cb3f000 r--p 00002000 08:01 269869                     /usr/lib/x86_64-linux-gnu/libXau.so.6.0.0
7f6d4cb3f000-7f6d4cb40000 rw-p 00003000 08:01 269869                     /usr/lib/x86_64-linux-gnu/libXau.so.6.0.0
7f6d4cb40000-7f6d4cb58000 r-xp 00000000 08:01 270266                     /usr/lib/x86_64-linux-gnu/libgraphite2.so.3.0.1
7f6d4cb58000-7f6d4cd57000 ---p 00018000 08:01 270266                     /usr/lib/x86_64-linux-gnu/libgraphite2.so.3.0.1
7f6d4cd57000-7f6d4cd59000 r--p 00017000 08:01 270266                     /usr/lib/x86_64-linux-gnu/libgraphite2.so.3.0.1
7f6d4cd59000-7f6d4cd5a000 rw-p 00019000 08:01 270266                     /usr/lib/x86_64-linux-gnu/libgraphite2.so.3.0.1
7f6d4cd5a000-7f6d4cd65000 r-xp 00000000 08:01 269859                     /usr/lib/x86_64-linux-gnu/libdrm.so.2.4.0
7f6d4cd65000-7f6d4cf64000 ---p 0000b000 08:01 269859                     /usr/lib/x86_64-linux-gnu/libdrm.so.2.4.0
7f6d4cf64000-7f6d4cf65000 r--p 0000a000 08:01 269859                     /usr/lib/x86_64-linux-gnu/libdrm.so.2.4.0
7f6d4cf65000-7f6d4cf66000 rw-p 0000b000 08:01 269859                     /usr/lib/x86_64-linux-gnu/libdrm.so.2.4.0
7f6d4cf66000-7f6d4cf69000 r-xp 00000000 08:01 270795                     /usr/lib/x86_64-linux-gnu/libxcb-dri2.so.0.0.0
7f6d4cf69000-7f6d4d169000 ---p 00003000 08:01 270795                     /usr/lib/x86_64-linux-gnu/libxcb-dri2.so.0.0.0
7f6d4d169000-7f6d4d16a000 r--p 00003000 08:01 270795                     /usr/lib/x86_64-linux-gnu/libxcb-dri2.so.0.0.0
7f6d4d16a000-7f6d4d16b000 rw-p 00004000 08:01 270795                     /usr/lib/x86_64-linux-gnu/libxcb-dri2.so.0.0.0
7f6d4d16b000-7f6d4d180000 r-xp 00000000 08:01 270797                     /usr/lib/x86_64-linux-gnu/libxcb-glx.so.0.0.0
7f6d4d180000-7f6d4d37f000 ---p 00015000 08:01 270797                     /usr/lib/x86_64-linux-gnu/libxcb-glx.so.0.0.0
7f6d4d37f000-7f6d4d381000 r--p 00014000 08:01 270797                     /usr/lib/x86_64-linux-gnu/libxcb-glx.so.0.0.0
7f6d4d381000-7f6d4d382000 rw-p 00016000 08:01 270797                     /usr/lib/x86_64-linux-gnu/libxcb-glx.so.0.0.0
7f6d4d382000-7f6d4d383000 r-xp 00000000 08:01 269863                     /usr/lib/x86_64-linux-gnu/libX11-xcb.so.1.0.0
7f6d4d383000-7f6d4d582000 ---p 00001000 08:01 269863                     /usr/lib/x86_64-linux-gnu/libX11-xcb.so.1.0.0
7f6d4d582000-7f6d4d583000 r--p 00000000 08:01 269863                     /usr/lib/x86_64-linux-gnu/libX11-xcb.so.1.0.0
7f6d4d583000-7f6d4d584000 rw-p 00001000 08:01 269863                     /usr/lib/x86_64-linux-gnu/libX11-xcb.so.1.0.0
7f6d4d584000-7f6d4d5a5000 r-xp 00000000 08:01 270224                     /usr/lib/x86_64-linux-gnu/libglapi.so.0.0.0
7f6d4d5a5000-7f6d4d7a5000 ---p 00021000 08:01 270224                     /usr/lib/x86_64-linux-gnu/libglapi.so.0.0.0
7f6d4d7a5000-7f6d4d7a8000 r--p 00021000 08:01 270224                     /usr/lib/x86_64-linux-gnu/libglapi.so.0.0.0
7f6d4d7a8000-7f6d4d7a9000 rw-p 00024000 08:01 270224                     /usr/lib/x86_64-linux-gnu/libglapi.so.0.0.0
7f6d4d7a9000-7f6d4d7aa000 rw-p 00000000 00:00 0 
7f6d4d7aa000-7f6d4d7e7000 r-xp 00000000 08:01 2363280                    /lib/x86_64-linux-gnu/libpcre.so.3.13.1
7f6d4d7e7000-7f6d4d9e7000 ---p 0003d000 08:01 2363280                    /lib/x86_64-linux-gnu/libpcre.so.3.13.1
7f6d4d9e7000-7f6d4d9e8000 r--p 0003d000 08:01 2363280                    /lib/x86_64-linux-gnu/libpcre.so.3.13.1
7f6d4d9e8000-7f6d4d9e9000 rw-p 0003e000 08:01 2363280                    /lib/x86_64-linux-gnu/libpcre.so.3.13.1
7f6d4d9e9000-7f6d4d9f0000 r-xp 00000000 08:01 270117                     /usr/lib/x86_64-linux-gnu/libffi.so.6.0.1
7f6d4d9f0000-7f6d4dbef000 ---p 00007000 08:01 270117                     /usr/lib/x86_64-linux-gnu/libffi.so.6.0.1
7f6d4dbef000-7f6d4dbf0000 r--p 00006000 08:01 270117                     /usr/lib/x86_64-linux-gnu/libffi.so.6.0.1
7f6d4dbf0000-7f6d4dbf1000 rw-p 00007000 08:01 270117                     /usr/lib/x86_64-linux-gnu/libffi.so.6.0.1
7f6d4dbf1000-7f6d4dc18000 r-xp 00000000 08:01 2363202                    /lib/x86_64-linux-gnu/libexpat.so.1.6.0
7f6d4dc18000-7f6d4de18000 ---p 00027000 08:01 2363202                    /lib/x86_64-linux-gnu/libexpat.so.1.6.0
7f6d4de18000-7f6d4de1a000 r--p 00027000 08:01 2363202                    /lib/x86_64-linux-gnu/libexpat.so.1.6.0
7f6d4de1a000-7f6d4de1b000 rw-p 00029000 08:01 2363202                    /lib/x86_64-linux-gnu/libexpat.so.1.6.0
7f6d4de1b000-7f6d4de23000 r-xp 00000000 08:01 270706                     /usr/lib/x86_64-linux-gnu/libthai.so.0.2.0
7f6d4de23000-7f6d4e022000 ---p 00008000 08:01 270706                     /usr/lib/x86_64-linux-gnu/libthai.so.0.2.0
7f6d4e022000-7f6d4e023000 r--p 00007000 08:01 270706                     /usr/lib/x86_64-linux-gnu/libthai.so.0.2.0
7f6d4e023000-7f6d4e024000 rw-p 00008000 08:01 270706                     /usr/lib/x86_64-linux-gnu/libthai.so.0.2.0
7f6d4e024000-7f6d4e041000 r-xp 00000000 08:01 270821                     /usr/lib/x86_64-linux-gnu/libxcb.so.1.1.0
7f6d4e041000-7f6d4e240000 ---p 0001d000 08:01 270821                     /usr/lib/x86_64-linux-gnu/libxcb.so.1.1.0
7f6d4e240000-7f6d4e241000 r--p 0001c000 08:01 270821                     /usr/lib/x86_64-linux-gnu/libxcb.so.1.1.0
7f6d4e241000-7f6d4e242000 rw-p 0001d000 08:01 270821                     /usr/lib/x86_64-linux-gnu/libxcb.so.1.1.0
7f6d4e242000-7f6d4e24a000 r-xp 00000000 08:01 270809                     /usr/lib/x86_64-linux-gnu/libxcb-render.so.0.0.0
7f6d4e24a000-7f6d4e449000 ---p 00008000 08:01 270809                     /usr/lib/x86_64-linux-gnu/libxcb-render.so.0.0.0
7f6d4e449000-7f6d4e44a000 r--p 00007000 08:01 270809                     /usr/lib/x86_64-linux-gnu/libxcb-render.so.0.0.0
7f6d4e44a000-7f6d4e44b000 rw-p 00008000 08:01 270809                     /usr/lib/x86_64-linux-gnu/libxcb-render.so.0.0.0
7f6d4e44b000-7f6d4e44d000 r-xp 00000000 08:01 270813                     /usr/lib/x86_64-linux-gnu/libxcb-shm.so.0.0.0
7f6d4e44d000-7f6d4e64c000 ---p 00002000 08:01 270813                     /usr/lib/x86_64-linux-gnu/libxcb-shm.so.0.0.0
7f6d4e64c000-7f6d4e64d000 r--p 00001000 08:01 270813                     /usr/lib/x86_64-linux-gnu/libxcb-shm.so.0.0.0
7f6d4e64d000-7f6d4e64e000 rw-p 00002000 08:01 270813                     /usr/lib/x86_64-linux-gnu/libxcb-shm.so.0.0.0
7f6d4e64e000-7f6d4e673000 r-xp 00000000 08:01 2363292                    /lib/x86_64-linux-gnu/libpng12.so.0.49.0
7f6d4e673000-7f6d4e872000 ---p 00025000 08:01 2363292                    /lib/x86_64-linux-gnu/libpng12.so.0.49.0
7f6d4e872000-7f6d4e873000 r--p 00024000 08:01 2363292                    /lib/x86_64-linux-gnu/libpng12.so.0.49.0
7f6d4e873000-7f6d4e874000 rw-p 00025000 08:01 2363292                    /lib/x86_64-linux-gnu/libpng12.so.0.49.0
7f6d4e874000-7f6d4e915000 r-xp 00000000 08:01 268866                     /usr/lib/x86_64-linux-gnu/libpixman-1.so.0.30.2
7f6d4e915000-7f6d4eb15000 ---p 000a1000 08:01 268866                     /usr/lib/x86_64-linux-gnu/libpixman-1.so.0.30.2
7f6d4eb15000-7f6d4eb1c000 r--p 000a1000 08:01 268866                     /usr/lib/x86_64-linux-gnu/libpixman-1.so.0.30.2
7f6d4eb1c000-7f6d4eb1d000 rw-p 000a8000 08:01 268866                     /usr/lib/x86_64-linux-gnu/libpixman-1.so.0.30.2
7f6d4eb1d000-7f6d4eb6d000 r-xp 00000000 08:01 270374                     /usr/lib/x86_64-linux-gnu/libharfbuzz.so.0.919.0
7f6d4eb6d000-7f6d4ed6d000 ---p 00050000 08:01 270374                     /usr/lib/x86_64-linux-gnu/libharfbuzz.so.0.919.0
7f6d4ed6d000-7f6d4ed6e000 r--p 00050000 08:01 270374                     /usr/lib/x86_64-linux-gnu/libharfbuzz.so.0.919.0
7f6d4ed6e000-7f6d4ed6f000 rw-p 00051000 08:01 270374                     /usr/lib/x86_64-linux-gnu/libharfbuzz.so.0.919.0
7f6d4ed6f000-7f6d4ed85000 r-xp 00000000 08:01 2363303                    /lib/x86_64-linux-gnu/libresolv-2.17.so
7f6d4ed85000-7f6d4ef85000 ---p 00016000 08:01 2363303                    /lib/x86_64-linux-gnu/libresolv-2.17.so
7f6d4ef85000-7f6d4ef86000 r--p 00016000 08:01 2363303                    /lib/x86_64-linux-gnu/libresolv-2.17.so
7f6d4ef86000-7f6d4ef87000 rw-p 00017000 08:01 2363303                    /lib/x86_64-linux-gnu/libresolv-2.17.so
7f6d4ef87000-7f6d4ef89000 rw-p 00000000 00:00 0 
7f6d4ef89000-7f6d4efa8000 r-xp 00000000 08:01 2363307                    /lib/x86_64-linux-gnu/libselinux.so.1
7f6d4efa8000-7f6d4f1a8000 ---p 0001f000 08:01 2363307                    /lib/x86_64-linux-gnu/libselinux.so.1
7f6d4f1a8000-7f6d4f1a9000 r--p 0001f000 08:01 2363307                    /lib/x86_64-linux-gnu/libselinux.so.1
7f6d4f1a9000-7f6d4f1aa000 rw-p 00020000 08:01 2363307                    /lib/x86_64-linux-gnu/libselinux.so.1
7f6d4f1aa000-7f6d4f1ab000 rw-p 00000000 00:00 0 
7f6d4f1ab000-7f6d4f1c3000 r-xp 00000000 08:01 2363340                    /lib/x86_64-linux-gnu/libz.so.1.2.8
7f6d4f1c3000-7f6d4f3c2000 ---p 00018000 08:01 2363340                    /lib/x86_64-linux-gnu/libz.so.1.2.8
7f6d4f3c2000-7f6d4f3c3000 r--p 00017000 08:01 2363340                    /lib/x86_64-linux-gnu/libz.so.1.2.8
7f6d4f3c3000-7f6d4f3c4000 rw-p 00018000 08:01 2363340                    /lib/x86_64-linux-gnu/libz.so.1.2.8
7f6d4f3c4000-7f6d4f3d5000 r-xp 00000000 08:01 269882                     /usr/lib/x86_64-linux-gnu/libXext.so.6.4.0
7f6d4f3d5000-7f6d4f5d4000 ---p 00011000 08:01 269882                     /usr/lib/x86_64-linux-gnu/libXext.so.6.4.0
7f6d4f5d4000-7f6d4f5d5000 r--p 00010000 08:01 269882                     /usr/lib/x86_64-linux-gnu/libXext.so.6.4.0
7f6d4f5d5000-7f6d4f5d6000 rw-p 00011000 08:01 269882                     /usr/lib/x86_64-linux-gnu/libXext.so.6.4.0
7f6d4f5d6000-7f6d4f5d8000 r-xp 00000000 08:01 269878                     /usr/lib/x86_64-linux-gnu/libXdamage.so.1.1.0
7f6d4f5d8000-7f6d4f7d7000 ---p 00002000 08:01 269878                     /usr/lib/x86_64-linux-gnu/libXdamage.so.1.1.0
7f6d4f7d7000-7f6d4f7d8000 r--p 00001000 08:01 269878                     /usr/lib/x86_64-linux-gnu/libXdamage.so.1.1.0
7f6d4f7d8000-7f6d4f7d9000 rw-p 00002000 08:01 269878                     /usr/lib/x86_64-linux-gnu/libXdamage.so.1.1.0
7f6d4f7d9000-7f6d4f7db000 r-xp 00000000 08:01 269874                     /usr/lib/x86_64-linux-gnu/libXcomposite.so.1.0.0
7f6d4f7db000-7f6d4f9da000 ---p 00002000 08:01 269874                     /usr/lib/x86_64-linux-gnu/libXcomposite.so.1.0.0
7f6d4f9da000-7f6d4f9db000 r--p 00001000 08:01 269874                     /usr/lib/x86_64-linux-gnu/libXcomposite.so.1.0.0
7f6d4f9db000-7f6d4f9dc000 rw-p 00002000 08:01 269874                     /usr/lib/x86_64-linux-gnu/libXcomposite.so.1.0.0
7f6d4f9dc000-7f6d4f9e5000 r-xp 00000000 08:01 269876                     /usr/lib/x86_64-linux-gnu/libXcursor.so.1.0.2
7f6d4f9e5000-7f6d4fbe4000 ---p 00009000 08:01 269876                     /usr/lib/x86_64-linux-gnu/libXcursor.so.1.0.2
7f6d4fbe4000-7f6d4fbe5000 r--p 00008000 08:01 269876                     /usr/lib/x86_64-linux-gnu/libXcursor.so.1.0.2
7f6d4fbe5000-7f6d4fbe6000 rw-p 00009000 08:01 269876                     /usr/lib/x86_64-linux-gnu/libXcursor.so.1.0.2
7f6d4fbe6000-7f6d4fbef000 r-xp 00000000 08:01 269902                     /usr/lib/x86_64-linux-gnu/libXrandr.so.2.2.0
7f6d4fbef000-7f6d4fdee000 ---p 00009000 08:01 269902                     /usr/lib/x86_64-linux-gnu/libXrandr.so.2.2.0
7f6d4fdee000-7f6d4fdef000 r--p 00008000 08:01 269902                     /usr/lib/x86_64-linux-gnu/libXrandr.so.2.2.0
7f6d4fdef000-7f6d4fdf0000 rw-p 00009000 08:01 269902                     /usr/lib/x86_64-linux-gnu/libXrandr.so.2.2.0
7f6d4fdf0000-7f6d4fdff000 r-xp 00000000 08:01 269890                     /usr/lib/x86_64-linux-gnu/libXi.so.6.1.0
7f6d4fdff000-7f6d4fffe000 ---p 0000f000 08:01 269890                     /usr/lib/x86_64-linux-gnu/libXi.so.6.1.0
7f6d4fffe000-7f6d4ffff000 r--p 0000e000 08:01 269890                     /usr/lib/x86_64-linux-gnu/libXi.so.6.1.0
7f6d4ffff000-7f6d50000000 rw-p 0000f000 08:01 269890                     /usr/lib/x86_64-linux-gnu/libXi.so.6.1.0
7f6d50000000-7f6d50021000 rw-p 00000000 00:00 0 
7f6d50021000-7f6d54000000 ---p 00000000 00:00 0 
7f6d54000000-7f6d54021000 rw-p 00000000 00:00 0 
7f6d54021000-7f6d58000000 ---p 00000000 00:00 0 
7f6d58000000-7f6d58021000 rw-p 00000000 00:00 0 
7f6d58021000-7f6d5c000000 ---p 00000000 00:00 0 
7f6d5c000000-7f6d5c001000 r--s 0006d000 08:03 110625168                  /home/calcul/Documents/Julien/VoxeLidar/trunk/VoxeLidarGUIFX/target/lib/jogl-all-2.3.0-natives-macosx-universal.jar
7f6d5c001000-7f6d5c002000 r--s 00025000 08:03 110625167                  /home/calcul/Documents/Julien/VoxeLidar/trunk/VoxeLidarGUIFX/target/lib/jogl-all-2.3.0-natives-linux-armv6.jar
7f6d5c002000-7f6d5c003000 r--s 00033000 08:03 110627268                  /home/calcul/Documents/Julien/VoxeLidar/trunk/VoxeLidarGUIFX/target/lib/jogl-all-2.3.0-natives-linux-amd64.jar
7f6d5c003000-7f6d5c004000 r--s 0000e000 08:03 110627265                  /home/calcul/Documents/Julien/VoxeLidar/trunk/VoxeLidarGUIFX/target/lib/jogl-all-2.3.0-natives-android-armv6.jar
7f6d5c004000-7f6d5c005000 r--s 0000f000 08:03 110627267                  /home/calcul/Documents/Julien/VoxeLidar/trunk/VoxeLidarGUIFX/target/lib/jogl-all-2.3.0-natives-android-aarch64.jar
7f6d5c005000-7f6d5c029000 r--s 00306000 08:03 110627280                  /home/calcul/Documents/Julien/VoxeLidar/trunk/VoxeLidarGUIFX/target/lib/jogl-all-2.3.0.jar
7f6d5c029000-7f6d5c02a000 r--s 00000000 08:03 110625117                  /home/calcul/Documents/Julien/VoxeLidar/trunk/VoxeLidarGUIFX/target/lib/jogl-all-main-2.3.0.jar
7f6d5c02a000-7f6d5c02b000 r--s 00001000 08:03 110627266                  /home/calcul/Documents/Julien/VoxeLidar/trunk/VoxeLidarGUIFX/target/lib/gluegen-rt-2.3.0-natives-windows-i586.jar
7f6d5c02b000-7f6d5c02c000 r--s 00001000 08:03 110627260                  /home/calcul/Documents/Julien/VoxeLidar/trunk/VoxeLidarGUIFX/target/lib/gluegen-rt-2.3.0-natives-windows-amd64.jar
7f6d5c02c000-7f6d5c02d000 r--s 00000000 08:03 110625165                  /home/calcul/Documents/Julien/VoxeLidar/trunk/VoxeLidarGUIFX/target/lib/gluegen-rt-2.3.0-natives-solaris-i586.jar
7f6d5c02d000-7f6d5c02e000 r--s 00001000 08:03 110625174                  /home/calcul/Documents/Julien/VoxeLidar/trunk/VoxeLidarGUIFX/target/lib/gluegen-rt-2.3.0-natives-solaris-amd64.jar
7f6d5c02e000-7f6d5c02f000 r--s 00001000 08:03 110627262                  /home/calcul/Documents/Julien/VoxeLidar/trunk/VoxeLidarGUIFX/target/lib/gluegen-rt-2.3.0-natives-macosx-universal.jar
7f6d5c02f000-7f6d5c035000 r--s 0004a000 08:03 110625173                  /home/calcul/Documents/Julien/VoxeLidar/trunk/VoxeLidarGUIFX/target/lib/gluegen-rt-2.3.0.jar
7f6d5c035000-7f6d5c03c000 r--p 00000000 08:03 68423853                   /home/calcul/.config/dconf/user
7f6d5c03c000-7f6d5c067000 r--p 00000000 08:01 2103067                    /usr/share/locale-langpack/fr/LC_MESSAGES/gtk20-properties.mo
7f6d5c067000-7f6d5c0e7000 rw-s 4fc87b000 00:05 12468                     /dev/dri/card0
7f6d5c0e7000-7f6d5c0e9000 r-xp 00000000 08:01 269892                     /usr/lib/x86_64-linux-gnu/libXinerama.so.1.0.0
7f6d5c0e9000-7f6d5c2e8000 ---p 00002000 08:01 269892                     /usr/lib/x86_64-linux-gnu/libXinerama.so.1.0.0
7f6d5c2e8000-7f6d5c2e9000 r--p 00001000 08:01 269892                     /usr/lib/x86_64-linux-gnu/libXinerama.so.1.0.0
7f6d5c2e9000-7f6d5c2ea000 rw-p 00002000 08:01 269892                     /usr/lib/x86_64-linux-gnu/libXinerama.so.1.0.0
7f6d5c2ea000-7f6d5c2f3000 r-xp 00000000 08:01 269904                     /usr/lib/x86_64-linux-gnu/libXrender.so.1.3.0
7f6d5c2f3000-7f6d5c4f2000 ---p 00009000 08:01 269904                     /usr/lib/x86_64-linux-gnu/libXrender.so.1.3.0
7f6d5c4f2000-7f6d5c4f3000 r--p 00008000 08:01 269904                     /usr/lib/x86_64-linux-gnu/libXrender.so.1.3.0
7f6d5c4f3000-7f6d5c4f4000 rw-p 00009000 08:01 269904                     /usr/lib/x86_64-linux-gnu/libXrender.so.1.3.0
7f6d5c4f4000-7f6d5c4f9000 r-xp 00000000 08:01 269884                     /usr/lib/x86_64-linux-gnu/libXfixes.so.3.1.0
7f6d5c4f9000-7f6d5c6f8000 ---p 00005000 08:01 269884                     /usr/lib/x86_64-linux-gnu/libXfixes.so.3.1.0
7f6d5c6f8000-7f6d5c6f9000 r--p 00004000 08:01 269884                     /usr/lib/x86_64-linux-gnu/libXfixes.so.3.1.0
7f6d5c6f9000-7f6d5c6fa000 rw-p 00005000 08:01 269884                     /usr/lib/x86_64-linux-gnu/libXfixes.so.3.1.0
7f6d5c6fa000-7f6d5c70f000 r-xp 00000000 08:01 2359301                    /lib/x86_64-linux-gnu/libgcc_s.so.1
7f6d5c70f000-7f6d5c90e000 ---p 00015000 08:01 2359301                    /lib/x86_64-linux-gnu/libgcc_s.so.1
7f6d5c90e000-7f6d5c90f000 r--p 00014000 08:01 2359301                    /lib/x86_64-linux-gnu/libgcc_s.so.1
7f6d5c90f000-7f6d5c910000 rw-p 00015000 08:01 2359301                    /lib/x86_64-linux-gnu/libgcc_s.so.1
7f6d5c910000-7f6d5c9f6000 r-xp 00000000 08:01 266401                     /usr/lib/x86_64-linux-gnu/libstdc++.so.6.0.18
7f6d5c9f6000-7f6d5cbf5000 ---p 000e6000 08:01 266401                     /usr/lib/x86_64-linux-gnu/libstdc++.so.6.0.18
7f6d5cbf5000-7f6d5cbfd000 r--p 000e5000 08:01 266401                     /usr/lib/x86_64-linux-gnu/libstdc++.so.6.0.18
7f6d5cbfd000-7f6d5cbff000 rw-p 000ed000 08:01 266401                     /usr/lib/x86_64-linux-gnu/libstdc++.so.6.0.18
7f6d5cbff000-7f6d5cc14000 rw-p 00000000 00:00 0 
7f6d5cc14000-7f6d5cc6e000 r-xp 00000000 08:01 656915                     /usr/lib/x86_64-linux-gnu/mesa/libGL.so.1.2.0
7f6d5cc6e000-7f6d5ce6e000 ---p 0005a000 08:01 656915                     /usr/lib/x86_64-linux-gnu/mesa/libGL.so.1.2.0
7f6d5ce6e000-7f6d5ce70000 r--p 0005a000 08:01 656915                     /usr/lib/x86_64-linux-gnu/mesa/libGL.so.1.2.0
7f6d5ce70000-7f6d5ce71000 rw-p 0005c000 08:01 656915                     /usr/lib/x86_64-linux-gnu/mesa/libGL.so.1.2.0
7f6d5ce71000-7f6d5ce72000 rw-p 00000000 00:00 0 
7f6d5ce72000-7f6d5ce76000 r-xp 00000000 08:01 269914                     /usr/lib/x86_64-linux-gnu/libXxf86vm.so.1.0.0
7f6d5ce76000-7f6d5d076000 ---p 00004000 08:01 269914                     /usr/lib/x86_64-linux-gnu/libXxf86vm.so.1.0.0
7f6d5d076000-7f6d5d077000 r--p 00004000 08:01 269914                     /usr/lib/x86_64-linux-gnu/libXxf86vm.so.1.0.0
7f6d5d077000-7f6d5d078000 rw-p 00005000 08:01 269914                     /usr/lib/x86_64-linux-gnu/libXxf86vm.so.1.0.0
7f6d5d078000-7f6d5d1a8000 r-xp 00000000 08:01 269865                     /usr/lib/x86_64-linux-gnu/libX11.so.6.3.0
7f6d5d1a8000-7f6d5d3a8000 ---p 00130000 08:01 269865                     /usr/lib/x86_64-linux-gnu/libX11.so.6.3.0
7f6d5d3a8000-7f6d5d3a9000 r--p 00130000 08:01 269865                     /usr/lib/x86_64-linux-gnu/libX11.so.6.3.0
7f6d5d3a9000-7f6d5d3ad000 rw-p 00131000 08:01 269865                     /usr/lib/x86_64-linux-gnu/libX11.so.6.3.0
7f6d5d3ad000-7f6d5d3b2000 r-xp 00000000 08:01 269908                     /usr/lib/x86_64-linux-gnu/libXtst.so.6.1.0
7f6d5d3b2000-7f6d5d5b1000 ---p 00005000 08:01 269908                     /usr/lib/x86_64-linux-gnu/libXtst.so.6.1.0
7f6d5d5b1000-7f6d5d5b2000 r--p 00004000 08:01 269908                     /usr/lib/x86_64-linux-gnu/libXtst.so.6.1.0
7f6d5d5b2000-7f6d5d5b3000 rw-p 00005000 08:01 269908                     /usr/lib/x86_64-linux-gnu/libXtst.so.6.1.0
7f6d5d5b3000-7f6d5d6b1000 r-xp 00000000 08:01 2363127                    /lib/x86_64-linux-gnu/libglib-2.0.so.0.3800.1
7f6d5d6b1000-7f6d5d8b1000 ---p 000fe000 08:01 2363127                    /lib/x86_64-linux-gnu/libglib-2.0.so.0.3800.1
7f6d5d8b1000-7f6d5d8b2000 r--p 000fe000 08:01 2363127                    /lib/x86_64-linux-gnu/libglib-2.0.so.0.3800.1
7f6d5d8b2000-7f6d5d8b3000 rw-p 000ff000 08:01 2363127                    /lib/x86_64-linux-gnu/libglib-2.0.so.0.3800.1
7f6d5d8b3000-7f6d5d8b4000 rw-p 00000000 00:00 0 
7f6d5d8b4000-7f6d5d8b5000 r-xp 00000000 08:01 266608                     /usr/lib/x86_64-linux-gnu/libgthread-2.0.so.0.3800.1
7f6d5d8b5000-7f6d5dab4000 ---p 00001000 08:01 266608                     /usr/lib/x86_64-linux-gnu/libgthread-2.0.so.0.3800.1
7f6d5dab4000-7f6d5dab5000 r--p 00000000 08:01 266608                     /usr/lib/x86_64-linux-gnu/libgthread-2.0.so.0.3800.1
7f6d5dab5000-7f6d5dab6000 rw-p 00001000 08:01 266608                     /usr/lib/x86_64-linux-gnu/libgthread-2.0.so.0.3800.1
7f6d5dab6000-7f6d5dab9000 r-xp 00000000 08:01 266609                     /usr/lib/x86_64-linux-gnu/libgmodule-2.0.so.0.3800.1
7f6d5dab9000-7f6d5dcb8000 ---p 00003000 08:01 266609                     /usr/lib/x86_64-linux-gnu/libgmodule-2.0.so.0.3800.1
7f6d5dcb8000-7f6d5dcb9000 r--p 00002000 08:01 266609                     /usr/lib/x86_64-linux-gnu/libgmodule-2.0.so.0.3800.1
7f6d5dcb9000-7f6d5dcba000 rw-p 00003000 08:01 266609                     /usr/lib/x86_64-linux-gnu/libgmodule-2.0.so.0.3800.1
7f6d5dcba000-7f6d5dd09000 r-xp 00000000 08:01 262548                     /usr/lib/x86_64-linux-gnu/libgobject-2.0.so.0.3800.1
7f6d5dd09000-7f6d5df09000 ---p 0004f000 08:01 262548                     /usr/lib/x86_64-linux-gnu/libgobject-2.0.so.0.3800.1
7f6d5df09000-7f6d5df0a000 r--p 0004f000 08:01 262548                     /usr/lib/x86_64-linux-gnu/libgobject-2.0.so.0.3800.1
7f6d5df0a000-7f6d5df0b000 rw-p 00050000 08:01 262548                     /usr/lib/x86_64-linux-gnu/libgobject-2.0.so.0.3800.1
7f6d5df0b000-7f6d5df44000 r-xp 00000000 08:01 270131                     /usr/lib/x86_64-linux-gnu/libfontconfig.so.1.7.0
7f6d5df44000-7f6d5e144000 ---p 00039000 08:01 270131                     /usr/lib/x86_64-linux-gnu/libfontconfig.so.1.7.0
7f6d5e144000-7f6d5e146000 r--p 00039000 08:01 270131                     /usr/lib/x86_64-linux-gnu/libfontconfig.so.1.7.0
7f6d5e146000-7f6d5e147000 rw-p 0003b000 08:01 270131                     /usr/lib/x86_64-linux-gnu/libfontconfig.so.1.7.0
7f6d5e147000-7f6d5e1e3000 r-xp 00000000 08:01 262656                     /usr/lib/x86_64-linux-gnu/libfreetype.so.6.10.1
7f6d5e1e3000-7f6d5e3e3000 ---p 0009c000 08:01 262656                     /usr/lib/x86_64-linux-gnu/libfreetype.so.6.10.1
7f6d5e3e3000-7f6d5e3e8000 r--p 0009c000 08:01 262656                     /usr/lib/x86_64-linux-gnu/libfreetype.so.6.10.1
7f6d5e3e8000-7f6d5e3e9000 rw-p 000a1000 08:01 262656                     /usr/lib/x86_64-linux-gnu/libfreetype.so.6.10.1
7f6d5e3e9000-7f6d5e433000 r-xp 00000000 08:01 270548                     /usr/lib/x86_64-linux-gnu/libpango-1.0.so.0.3200.5
7f6d5e433000-7f6d5e632000 ---p 0004a000 08:01 270548                     /usr/lib/x86_64-linux-gnu/libpango-1.0.so.0.3200.5
7f6d5e632000-7f6d5e634000 r--p 00049000 08:01 270548                     /usr/lib/x86_64-linux-gnu/libpango-1.0.so.0.3200.5
7f6d5e634000-7f6d5e635000 rw-p 0004b000 08:01 270548                     /usr/lib/x86_64-linux-gnu/libpango-1.0.so.0.3200.5
7f6d5e635000-7f6d5e739000 r-xp 00000000 08:01 269989                     /usr/lib/x86_64-linux-gnu/libcairo.so.2.11200.16
7f6d5e739000-7f6d5e938000 ---p 00104000 08:01 269989                     /usr/lib/x86_64-linux-gnu/libcairo.so.2.11200.16
7f6d5e938000-7f6d5e93b000 r--p 00103000 08:01 269989                     /usr/lib/x86_64-linux-gnu/libcairo.so.2.11200.16
7f6d5e93b000-7f6d5e93c000 rw-p 00106000 08:01 269989                     /usr/lib/x86_64-linux-gnu/libcairo.so.2.11200.16
7f6d5e93c000-7f6d5e93e000 rw-p 00000000 00:00 0 
7f6d5e93e000-7f6d5e949000 r-xp 00000000 08:01 270550                     /usr/lib/x86_64-linux-gnu/libpangocairo-1.0.so.0.3200.5
7f6d5e949000-7f6d5eb49000 ---p 0000b000 08:01 270550                     /usr/lib/x86_64-linux-gnu/libpangocairo-1.0.so.0.3200.5
7f6d5eb49000-7f6d5eb4a000 r--p 0000b000 08:01 270550                     /usr/lib/x86_64-linux-gnu/libpangocairo-1.0.so.0.3200.5
7f6d5eb4a000-7f6d5eb4b000 rw-p 0000c000 08:01 270550                     /usr/lib/x86_64-linux-gnu/libpangocairo-1.0.so.0.3200.5
7f6d5eb4b000-7f6d5eb6a000 r-xp 00000000 08:01 270198                     /usr/lib/x86_64-linux-gnu/libgdk_pixbuf-2.0.so.0.2800.1
7f6d5eb6a000-7f6d5ed69000 ---p 0001f000 08:01 270198                     /usr/lib/x86_64-linux-gnu/libgdk_pixbuf-2.0.so.0.2800.1
7f6d5ed69000-7f6d5ed6a000 r--p 0001e000 08:01 270198                     /usr/lib/x86_64-linux-gnu/libgdk_pixbuf-2.0.so.0.2800.1
7f6d5ed6a000-7f6d5ed6b000 rw-p 0001f000 08:01 270198                     /usr/lib/x86_64-linux-gnu/libgdk_pixbuf-2.0.so.0.2800.1
7f6d5ed6b000-7f6d5ed7f000 r-xp 00000000 08:01 270552                     /usr/lib/x86_64-linux-gnu/libpangoft2-1.0.so.0.3200.5
7f6d5ed7f000-7f6d5ef7e000 ---p 00014000 08:01 270552                     /usr/lib/x86_64-linux-gnu/libpangoft2-1.0.so.0.3200.5
7f6d5ef7e000-7f6d5ef7f000 r--p 00013000 08:01 270552                     /usr/lib/x86_64-linux-gnu/libpangoft2-1.0.so.0.3200.5
7f6d5ef7f000-7f6d5ef80000 rw-p 00014000 08:01 270552                     /usr/lib/x86_64-linux-gnu/libpangoft2-1.0.so.0.3200.5
7f6d5ef80000-7f6d5f0dc000 r-xp 00000000 08:01 262529                     /usr/lib/x86_64-linux-gnu/libgio-2.0.so.0.3800.1
7f6d5f0dc000-7f6d5f2db000 ---p 0015c000 08:01 262529                     /usr/lib/x86_64-linux-gnu/libgio-2.0.so.0.3800.1
7f6d5f2db000-7f6d5f2df000 r--p 0015b000 08:01 262529                     /usr/lib/x86_64-linux-gnu/libgio-2.0.so.0.3800.1
7f6d5f2df000-7f6d5f2e1000 rw-p 0015f000 08:01 262529                     /usr/lib/x86_64-linux-gnu/libgio-2.0.so.0.3800.1
7f6d5f2e1000-7f6d5f2e3000 rw-p 00000000 00:00 0 
7f6d5f2e3000-7f6d5f302000 r-xp 00000000 08:01 269949                     /usr/lib/x86_64-linux-gnu/libatk-1.0.so.0.21009.1
7f6d5f302000-7f6d5f502000 ---p 0001f000 08:01 269949                     /usr/lib/x86_64-linux-gnu/libatk-1.0.so.0.21009.1
7f6d5f502000-7f6d5f504000 r--p 0001f000 08:01 269949                     /usr/lib/x86_64-linux-gnu/libatk-1.0.so.0.21009.1
7f6d5f504000-7f6d5f505000 rw-p 00021000 08:01 269949                     /usr/lib/x86_64-linux-gnu/libatk-1.0.so.0.21009.1
7f6d5f505000-7f6d5f5b2000 r-xp 00000000 08:01 270196                     /usr/lib/x86_64-linux-gnu/libgdk-x11-2.0.so.0.2400.20
7f6d5f5b2000-7f6d5f7b1000 ---p 000ad000 08:01 270196                     /usr/lib/x86_64-linux-gnu/libgdk-x11-2.0.so.0.2400.20
7f6d5f7b1000-7f6d5f7b5000 r--p 000ac000 08:01 270196                     /usr/lib/x86_64-linux-gnu/libgdk-x11-2.0.so.0.2400.20
7f6d5f7b5000-7f6d5f7b7000 rw-p 000b0000 08:01 270196                     /usr/lib/x86_64-linux-gnu/libgdk-x11-2.0.so.0.2400.20
7f6d5f7b7000-7f6d5fbe6000 r-xp 00000000 08:01 270356                     /usr/lib/x86_64-linux-gnu/libgtk-x11-2.0.so.0.2400.20
7f6d5fbe6000-7f6d5fde5000 ---p 0042f000 08:01 270356                     /usr/lib/x86_64-linux-gnu/libgtk-x11-2.0.so.0.2400.20
7f6d5fde5000-7f6d5fdec000 r--p 0042e000 08:01 270356                     /usr/lib/x86_64-linux-gnu/libgtk-x11-2.0.so.0.2400.20
7f6d5fdec000-7f6d5fdf0000 rw-p 00435000 08:01 270356                     /usr/lib/x86_64-linux-gnu/libgtk-x11-2.0.so.0.2400.20
7f6d5fdf0000-7f6d5fdf3000 rw-p 00000000 00:00 0 
7f6d5fdf3000-7f6d5fdff000 r-xp 00000000 08:03 107611340                  /home/calcul/Téléchargements/jdk1.8.0_40/jre/lib/amd64/libprism_es2.so
7f6d5fdff000-7f6d5fffe000 ---p 0000c000 08:03 107611340                  /home/calcul/Téléchargements/jdk1.8.0_40/jre/lib/amd64/libprism_es2.so
7f6d5fffe000-7f6d5ffff000 r--p 0000b000 08:03 107611340                  /home/calcul/Téléchargements/jdk1.8.0_40/jre/lib/amd64/libprism_es2.so
7f6d5ffff000-7f6d60000000 rw-p 0000c000 08:03 107611340                  /home/calcul/Téléchargements/jdk1.8.0_40/jre/lib/amd64/libprism_es2.so
7f6d60000000-7f6d60021000 rw-p 00000000 00:00 0 
7f6d60021000-7f6d64000000 ---p 00000000 00:00 0 
7f6d64000000-7f6d64021000 rw-p 00000000 00:00 0 
7f6d64021000-7f6d68000000 ---p 00000000 00:00 0 
7f6d68000000-7f6d68021000 rw-p 00000000 00:00 0 
7f6d68021000-7f6d6c000000 ---p 00000000 00:00 0 
7f6d6c000000-7f6d6c01a000 r--p 00000000 08:01 2103031                    /usr/share/locale-langpack/fr/LC_MESSAGES/glib20.mo
7f6d6c01a000-7f6d6c029000 r--p 00000000 08:01 2103070                    /usr/share/locale-langpack/fr/LC_MESSAGES/gtk20.mo
7f6d6c029000-7f6d6c02c000 ---p 00000000 00:00 0 
7f6d6c02c000-7f6d6c12a000 rw-p 00000000 00:00 0                          [stack:24410]
7f6d6c12a000-7f6d6c12b000 ---p 00000000 00:00 0 
7f6d6c12b000-7f6d6c22b000 rw-p 00000000 00:00 0                          [stack:24409]
7f6d6c22b000-7f6d6c22e000 ---p 00000000 00:00 0 
7f6d6c22e000-7f6d6c32c000 rw-p 00000000 00:00 0                          [stack:24408]
7f6d6c32c000-7f6d6c32f000 ---p 00000000 00:00 0 
7f6d6c32f000-7f6d6c42d000 rw-p 00000000 00:00 0                          [stack:24407]
7f6d6c42d000-7f6d6c430000 ---p 00000000 00:00 0 
7f6d6c430000-7f6d6c52e000 rw-p 00000000 00:00 0                          [stack:24406]
7f6d6c52e000-7f6d6c531000 ---p 00000000 00:00 0 
7f6d6c531000-7f6d6c62f000 rw-p 00000000 00:00 0                          [stack:24405]
7f6d6c62f000-7f6d6c632000 ---p 00000000 00:00 0 
7f6d6c632000-7f6d6c730000 rw-p 00000000 00:00 0                          [stack:24404]
7f6d6c730000-7f6d6c733000 ---p 00000000 00:00 0 
7f6d6c733000-7f6d6c831000 rw-p 00000000 00:00 0                          [stack:24402]
7f6d6c831000-7f6d6c834000 ---p 00000000 00:00 0 
7f6d6c834000-7f6d6c932000 rw-p 00000000 00:00 0                          [stack:24400]
7f6d6c932000-7f6d6c935000 ---p 00000000 00:00 0 
7f6d6c935000-7f6d6ca33000 rw-p 00000000 00:00 0                          [stack:24398]
7f6d6ca33000-7f6d6ca37000 r-xp 00000000 08:03 107611290                  /home/calcul/Téléchargements/jdk1.8.0_40/jre/lib/amd64/libdt_socket.so
7f6d6ca37000-7f6d6cc36000 ---p 00004000 08:03 107611290                  /home/calcul/Téléchargements/jdk1.8.0_40/jre/lib/amd64/libdt_socket.so
7f6d6cc36000-7f6d6cc37000 rw-p 00003000 08:03 107611290                  /home/calcul/Téléchargements/jdk1.8.0_40/jre/lib/amd64/libdt_socket.so
7f6d6cc37000-7f6d6cc3a000 ---p 00000000 00:00 0 
7f6d6cc3a000-7f6d6cd38000 rw-p 00000000 00:00 0                          [stack:24397]
7f6d6cd38000-7f6d6cd3b000 ---p 00000000 00:00 0 
7f6d6cd3b000-7f6d6ce39000 rw-p 00000000 00:00 0                          [stack:24396]
7f6d6ce39000-7f6d6ce3c000 ---p 00000000 00:00 0 
7f6d6ce3c000-7f6d6cf3a000 rw-p 00000000 00:00 0                          [stack:24395]
7f6d6cf3a000-7f6d6cf3b000 ---p 00000000 00:00 0 
7f6d6cf3b000-7f6d6eaa4000 rw-p 00000000 00:00 0                          [stack:24394]
7f6d6eaa4000-7f6d72bff000 ---p 00000000 00:00 0 
7f6d72bff000-7f6d72d4f000 rw-p 00000000 00:00 0 
7f6d72d4f000-7f6d76ea9000 ---p 00000000 00:00 0 
7f6d76ea9000-7f6d76f52000 rw-p 00000000 00:00 0 
7f6d76f52000-7f6d78fff000 ---p 00000000 00:00 0 
7f6d78fff000-7f6da2f00000 rw-p 00000000 00:00 0 
7f6da2f00000-7f75ce580000 ---p 00000000 00:00 0 
7f75ce580000-7f75e3480000 rw-p 00000000 00:00 0 
7f75e3480000-7f79f9000000 ---p 00000000 00:00 0 
7f79f9000000-7f79f9280000 rwxp 00000000 00:00 0 
7f79f9280000-7f7a08000000 ---p 00000000 00:00 0 
7f7a08000000-7f7a085b1000 rw-p 00000000 00:00 0 
7f7a085b1000-7f7a0c000000 ---p 00000000 00:00 0 
7f7a0c000000-7f7a0c026000 r--p 00000000 08:01 2102789                    /usr/share/locale-langpack/fr/LC_MESSAGES/libc.mo
7f7a0c026000-7f7a0c0bb000 r--s 010fa000 08:03 107611382                  /home/calcul/Téléchargements/jdk1.8.0_40/jre/lib/ext/jfxrt.jar
7f7a0c0bb000-7f7a0c30c000 rw-p 00000000 00:00 0 
7f7a0c30c000-7f7a0c4e4000 r--s 03d09000 08:03 107611368                  /home/calcul/Téléchargements/jdk1.8.0_40/jre/lib/rt.jar
7f7a0c4e4000-7f7a0d0cc000 rw-p 00000000 00:00 0 
7f7a0d0cc000-7f7a0d0cd000 ---p 00000000 00:00 0 
7f7a0d0cd000-7f7a0d1cd000 rw-p 00000000 00:00 0                          [stack:24393]
7f7a0d1cd000-7f7a0d1ce000 ---p 00000000 00:00 0 
7f7a0d1ce000-7f7a0d2ce000 rw-p 00000000 00:00 0                          [stack:24392]
7f7a0d2ce000-7f7a0d2cf000 ---p 00000000 00:00 0 
7f7a0d2cf000-7f7a0d3cf000 rw-p 00000000 00:00 0                          [stack:24391]
7f7a0d3cf000-7f7a0d3d0000 ---p 00000000 00:00 0 
7f7a0d3d0000-7f7a0d4d0000 rw-p 00000000 00:00 0                          [stack:24390]
7f7a0d4d0000-7f7a0d4d1000 ---p 00000000 00:00 0 
7f7a0d4d1000-7f7a0d5d1000 rw-p 00000000 00:00 0                          [stack:24389]
7f7a0d5d1000-7f7a0d5d2000 ---p 00000000 00:00 0 
7f7a0d5d2000-7f7a0d6d2000 rw-p 00000000 00:00 0                          [stack:24388]
7f7a0d6d2000-7f7a0d6d3000 ---p 00000000 00:00 0 
7f7a0d6d3000-7f7a0d7d3000 rw-p 00000000 00:00 0                          [stack:24387]
7f7a0d7d3000-7f7a0d7d4000 ---p 00000000 00:00 0 
7f7a0d7d4000-7f7a0d8de000 rw-p 00000000 00:00 0                          [stack:24386]
7f7a0d8de000-7f7a0dc94000 ---p 00000000 00:00 0 
7f7a0dc94000-7f7a0dcae000 r-xp 00000000 08:03 107611318                  /home/calcul/Téléchargements/jdk1.8.0_40/jre/lib/amd64/libzip.so
7f7a0dcae000-7f7a0deae000 ---p 0001a000 08:03 107611318                  /home/calcul/Téléchargements/jdk1.8.0_40/jre/lib/amd64/libzip.so
7f7a0deae000-7f7a0deaf000 rw-p 0001a000 08:03 107611318                  /home/calcul/Téléchargements/jdk1.8.0_40/jre/lib/amd64/libzip.so
7f7a0deaf000-7f7a0debb000 r-xp 00000000 08:01 2363258                    /lib/x86_64-linux-gnu/libnss_files-2.17.so
7f7a0debb000-7f7a0e0ba000 ---p 0000c000 08:01 2363258                    /lib/x86_64-linux-gnu/libnss_files-2.17.so
7f7a0e0ba000-7f7a0e0bb000 r--p 0000b000 08:01 2363258                    /lib/x86_64-linux-gnu/libnss_files-2.17.so
7f7a0e0bb000-7f7a0e0bc000 rw-p 0000c000 08:01 2363258                    /lib/x86_64-linux-gnu/libnss_files-2.17.so
7f7a0e0bc000-7f7a0e0c7000 r-xp 00000000 08:01 2363262                    /lib/x86_64-linux-gnu/libnss_nis-2.17.so
7f7a0e0c7000-7f7a0e2c6000 ---p 0000b000 08:01 2363262                    /lib/x86_64-linux-gnu/libnss_nis-2.17.so
7f7a0e2c6000-7f7a0e2c7000 r--p 0000a000 08:01 2363262                    /lib/x86_64-linux-gnu/libnss_nis-2.17.so
7f7a0e2c7000-7f7a0e2c8000 rw-p 0000b000 08:01 2363262                    /lib/x86_64-linux-gnu/libnss_nis-2.17.so
7f7a0e2c8000-7f7a0e2df000 r-xp 00000000 08:01 2363252                    /lib/x86_64-linux-gnu/libnsl-2.17.so
7f7a0e2df000-7f7a0e4de000 ---p 00017000 08:01 2363252                    /lib/x86_64-linux-gnu/libnsl-2.17.so
7f7a0e4de000-7f7a0e4df000 r--p 00016000 08:01 2363252                    /lib/x86_64-linux-gnu/libnsl-2.17.so
7f7a0e4df000-7f7a0e4e0000 rw-p 00017000 08:01 2363252                    /lib/x86_64-linux-gnu/libnsl-2.17.so
7f7a0e4e0000-7f7a0e4e2000 rw-p 00000000 00:00 0 
7f7a0e4e2000-7f7a0e4ea000 r-xp 00000000 08:01 2363254                    /lib/x86_64-linux-gnu/libnss_compat-2.17.so
7f7a0e4ea000-7f7a0e6e9000 ---p 00008000 08:01 2363254                    /lib/x86_64-linux-gnu/libnss_compat-2.17.so
7f7a0e6e9000-7f7a0e6ea000 r--p 00007000 08:01 2363254                    /lib/x86_64-linux-gnu/libnss_compat-2.17.so
7f7a0e6ea000-7f7a0e6eb000 rw-p 00008000 08:01 2363254                    /lib/x86_64-linux-gnu/libnss_compat-2.17.so
7f7a0e6eb000-7f7a0edd2000 r--p 00000000 08:01 268937                     /usr/lib/locale/locale-archive
7f7a0edd2000-7f7a0edd4000 r-xp 00000000 08:03 107611300                  /home/calcul/Téléchargements/jdk1.8.0_40/jre/lib/amd64/libnpt.so
7f7a0edd4000-7f7a0efd4000 ---p 00002000 08:03 107611300                  /home/calcul/Téléchargements/jdk1.8.0_40/jre/lib/amd64/libnpt.so
7f7a0efd4000-7f7a0efd5000 rw-p 00002000 08:03 107611300                  /home/calcul/Téléchargements/jdk1.8.0_40/jre/lib/amd64/libnpt.so
7f7a0efd5000-7f7a0f00e000 r-xp 00000000 08:03 107611307                  /home/calcul/Téléchargements/jdk1.8.0_40/jre/lib/amd64/libjdwp.so
7f7a0f00e000-7f7a0f20d000 ---p 00039000 08:03 107611307                  /home/calcul/Téléchargements/jdk1.8.0_40/jre/lib/amd64/libjdwp.so
7f7a0f20d000-7f7a0f20f000 rw-p 00038000 08:03 107611307                  /home/calcul/Téléchargements/jdk1.8.0_40/jre/lib/amd64/libjdwp.so
7f7a0f20f000-7f7a0f239000 r-xp 00000000 08:03 107611296                  /home/calcul/Téléchargements/jdk1.8.0_40/jre/lib/amd64/libjava.so
7f7a0f239000-7f7a0f439000 ---p 0002a000 08:03 107611296                  /home/calcul/Téléchargements/jdk1.8.0_40/jre/lib/amd64/libjava.so
7f7a0f439000-7f7a0f43b000 rw-p 0002a000 08:03 107611296                  /home/calcul/Téléchargements/jdk1.8.0_40/jre/lib/amd64/libjava.so
7f7a0f43b000-7f7a0f448000 r-xp 00000000 08:03 107611312                  /home/calcul/Téléchargements/jdk1.8.0_40/jre/lib/amd64/libverify.so
7f7a0f448000-7f7a0f648000 ---p 0000d000 08:03 107611312                  /home/calcul/Téléchargements/jdk1.8.0_40/jre/lib/amd64/libverify.so
7f7a0f648000-7f7a0f64a000 rw-p 0000d000 08:03 107611312                  /home/calcul/Téléchargements/jdk1.8.0_40/jre/lib/amd64/libverify.so
7f7a0f64a000-7f7a0f651000 r-xp 00000000 08:01 2363305                    /lib/x86_64-linux-gnu/librt-2.17.so
7f7a0f651000-7f7a0f850000 ---p 00007000 08:01 2363305                    /lib/x86_64-linux-gnu/librt-2.17.so
7f7a0f850000-7f7a0f851000 r--p 00006000 08:01 2363305                    /lib/x86_64-linux-gnu/librt-2.17.so
7f7a0f851000-7f7a0f852000 rw-p 00007000 08:01 2363305                    /lib/x86_64-linux-gnu/librt-2.17.so
7f7a0f852000-7f7a0f955000 r-xp 00000000 08:01 2363233                    /lib/x86_64-linux-gnu/libm-2.17.so
7f7a0f955000-7f7a0fb54000 ---p 00103000 08:01 2363233                    /lib/x86_64-linux-gnu/libm-2.17.so
7f7a0fb54000-7f7a0fb55000 r--p 00102000 08:01 2363233                    /lib/x86_64-linux-gnu/libm-2.17.so
7f7a0fb55000-7f7a0fb56000 rw-p 00103000 08:01 2363233                    /lib/x86_64-linux-gnu/libm-2.17.so
7f7a0fb56000-7f7a10804000 r-xp 00000000 08:03 107611334                  /home/calcul/Téléchargements/jdk1.8.0_40/jre/lib/amd64/server/libjvm.so
7f7a10804000-7f7a10a03000 ---p 00cae000 08:03 107611334                  /home/calcul/Téléchargements/jdk1.8.0_40/jre/lib/amd64/server/libjvm.so
7f7a10a03000-7f7a10ada000 rw-p 00cad000 08:03 107611334                  /home/calcul/Téléchargements/jdk1.8.0_40/jre/lib/amd64/server/libjvm.so
7f7a10ada000-7f7a10b1e000 rw-p 00000000 00:00 0 
7f7a10b1e000-7f7a10cdb000 r-xp 00000000 08:01 2363182                    /lib/x86_64-linux-gnu/libc-2.17.so
7f7a10cdb000-7f7a10edb000 ---p 001bd000 08:01 2363182                    /lib/x86_64-linux-gnu/libc-2.17.so
7f7a10edb000-7f7a10edf000 r--p 001bd000 08:01 2363182                    /lib/x86_64-linux-gnu/libc-2.17.so
7f7a10edf000-7f7a10ee1000 rw-p 001c1000 08:01 2363182                    /lib/x86_64-linux-gnu/libc-2.17.so
7f7a10ee1000-7f7a10ee6000 rw-p 00000000 00:00 0 
7f7a10ee6000-7f7a10ee9000 r-xp 00000000 08:01 2363197                    /lib/x86_64-linux-gnu/libdl-2.17.so
7f7a10ee9000-7f7a110e8000 ---p 00003000 08:01 2363197                    /lib/x86_64-linux-gnu/libdl-2.17.so
7f7a110e8000-7f7a110e9000 r--p 00002000 08:01 2363197                    /lib/x86_64-linux-gnu/libdl-2.17.so
7f7a110e9000-7f7a110ea000 rw-p 00003000 08:01 2363197                    /lib/x86_64-linux-gnu/libdl-2.17.so
7f7a110ea000-7f7a110ff000 r-xp 00000000 08:03 107611306                  /home/calcul/Téléchargements/jdk1.8.0_40/jre/lib/amd64/jli/libjli.so
7f7a110ff000-7f7a112ff000 ---p 00015000 08:03 107611306                  /home/calcul/Téléchargements/jdk1.8.0_40/jre/lib/amd64/jli/libjli.so
7f7a112ff000-7f7a11300000 rw-p 00015000 08:03 107611306                  /home/calcul/Téléchargements/jdk1.8.0_40/jre/lib/amd64/jli/libjli.so
7f7a11300000-7f7a11317000 r-xp 00000000 08:01 2363297                    /lib/x86_64-linux-gnu/libpthread-2.17.so
7f7a11317000-7f7a11517000 ---p 00017000 08:01 2363297                    /lib/x86_64-linux-gnu/libpthread-2.17.so
7f7a11517000-7f7a11518000 r--p 00017000 08:01 2363297                    /lib/x86_64-linux-gnu/libpthread-2.17.so
7f7a11518000-7f7a11519000 rw-p 00018000 08:01 2363297                    /lib/x86_64-linux-gnu/libpthread-2.17.so
7f7a11519000-7f7a1151d000 rw-p 00000000 00:00 0 
7f7a1151d000-7f7a11540000 r-xp 00000000 08:01 2363158                    /lib/x86_64-linux-gnu/ld-2.17.so
7f7a11540000-7f7a11542000 r--s 00000000 08:03 110625172                  /home/calcul/Documents/Julien/VoxeLidar/trunk/VoxeLidarGUIFX/target/lib/gluegen-rt-2.3.0-natives-linux-i586.jar
7f7a11542000-7f7a11543000 r--s 00000000 08:03 110625163                  /home/calcul/Documents/Julien/VoxeLidar/trunk/VoxeLidarGUIFX/target/lib/gluegen-rt-2.3.0-natives-linux-armv6hf.jar
7f7a11543000-7f7a11544000 r--s 00000000 08:03 110625175                  /home/calcul/Documents/Julien/VoxeLidar/trunk/VoxeLidarGUIFX/target/lib/gluegen-rt-2.3.0-natives-linux-armv6.jar
7f7a11544000-7f7a11615000 rw-p 00000000 00:00 0 
7f7a11615000-7f7a11618000 ---p 00000000 00:00 0 
7f7a11618000-7f7a1171a000 rw-p 00000000 00:00 0                          [stack:24382]
7f7a1171a000-7f7a1171c000 r--s 00000000 08:03 110627279                  /home/calcul/Documents/Julien/VoxeLidar/trunk/VoxeLidarGUIFX/target/lib/gluegen-rt-2.3.0-natives-linux-amd64.jar
7f7a1171c000-7f7a1171d000 r--s 00001000 08:03 110627274                  /home/calcul/Documents/Julien/VoxeLidar/trunk/VoxeLidarGUIFX/target/lib/gluegen-rt-2.3.0-natives-android-armv6.jar
7f7a1171d000-7f7a1171e000 r--s 00000000 08:03 110627258                  /home/calcul/Documents/Julien/VoxeLidar/trunk/VoxeLidarGUIFX/target/lib/gluegen-rt-2.3.0-natives-android-aarch64.jar
7f7a1171e000-7f7a1171f000 r--s 00000000 08:03 110625127                  /home/calcul/Documents/Julien/VoxeLidar/trunk/VoxeLidarGUIFX/target/lib/gluegen-rt-main-2.3.0.jar
7f7a1171f000-7f7a11720000 rw-s 4fd441000 00:05 12468                     /dev/dri/card0
7f7a11720000-7f7a11721000 r--s 00000000 00:14 7933084                    /run/user/1000/dconf/user
7f7a11721000-7f7a11728000 r--s 00000000 08:01 656385                     /usr/lib/x86_64-linux-gnu/gconv/gconv-modules.cache
7f7a11728000-7f7a11729000 rw-s 4fca7b000 00:05 12468                     /dev/dri/card0
7f7a11729000-7f7a11733000 r--s 001b9000 08:03 110495266                  /home/calcul/Documents/Julien/VoxeLidar/trunk/VoxeLidarGUIFX/target/VoxeLidarGUIFX-1.0.jar
7f7a11733000-7f7a1173b000 rw-s 00000000 08:01 401737                     /tmp/hsperfdata_calcul/24381
7f7a1173b000-7f7a1173c000 rw-p 00000000 00:00 0 
7f7a1173c000-7f7a1173d000 r--p 00000000 00:00 0 
7f7a1173d000-7f7a1173f000 rw-p 00000000 00:00 0 
7f7a1173f000-7f7a11740000 r--p 00022000 08:01 2363158                    /lib/x86_64-linux-gnu/ld-2.17.so
7f7a11740000-7f7a11742000 rw-p 00023000 08:01 2363158                    /lib/x86_64-linux-gnu/ld-2.17.so
7fffa4442000-7fffa4463000 rw-p 00000000 00:00 0                          [stack]
7fffa4491000-7fffa4493000 r-xp 00000000 00:00 0                          [vdso]
ffffffffff600000-ffffffffff601000 r-xp 00000000 00:00 0                  [vsyscall]

VM Arguments:
jvm_args: -Xdebug -Xmx50g -Xrunjdwp:transport=dt_socket,server=n,address=53906 
java_command: /home/calcul/Documents/Julien/VoxeLidar/trunk/VoxeLidarGUIFX/target/VoxeLidarGUIFX-1.0.jar
java_class_path (initial): /home/calcul/Documents/Julien/VoxeLidar/trunk/VoxeLidarGUIFX/target/VoxeLidarGUIFX-1.0.jar
Launcher Type: SUN_STANDARD

Environment Variables:
JAVA_HOME=/home/calcul/Téléchargements/jdk1.8.0_40
PATH=JAVA_HOME/bin:/usr/lib/lightdm/lightdm:/usr/local/sbin:/usr/local/bin:/usr/sbin:/usr/bin:/sbin:/bin:/usr/games:/usr/local/games
LD_LIBRARY_PATH=/home/calcul/Téléchargements/jdk1.8.0_40/jre/lib/amd64:/home/calcul/Téléchargements/jdk1.8.0_40/jre/lib/i386:
SHELL=/bin/bash
DISPLAY=:0.0

Signal Handlers:
SIGSEGV: [libjvm.so+0xaad2e0], sa_mask[0]=11111111011111111101111111111110, sa_flags=SA_RESTART|SA_SIGINFO
SIGBUS: [libjvm.so+0xaad2e0], sa_mask[0]=11111111011111111101111111111110, sa_flags=SA_RESTART|SA_SIGINFO
SIGFPE: [libjvm.so+0x90b550], sa_mask[0]=11111111011111111101111111111110, sa_flags=SA_RESTART|SA_SIGINFO
SIGPIPE: SIG_IGN, sa_mask[0]=00000000000010000000000000000000, sa_flags=SA_RESTART
SIGXFSZ: [libjvm.so+0x90b550], sa_mask[0]=11111111011111111101111111111110, sa_flags=SA_RESTART|SA_SIGINFO
SIGILL: [libjvm.so+0x90b550], sa_mask[0]=11111111011111111101111111111110, sa_flags=SA_RESTART|SA_SIGINFO
SIGUSR1: SIG_DFL, sa_mask[0]=00000000000000000000000000000000, sa_flags=none
SIGUSR2: [libjvm.so+0x90cb90], sa_mask[0]=00100000000000000000000000000000, sa_flags=SA_RESTART|SA_SIGINFO
SIGHUP: [libjvm.so+0x90dee0], sa_mask[0]=11111111011111111101111111111110, sa_flags=SA_RESTART|SA_SIGINFO
SIGINT: SIG_IGN, sa_mask[0]=00000000000000000000000000000000, sa_flags=none
SIGTERM: [libjvm.so+0x90dee0], sa_mask[0]=11111111011111111101111111111110, sa_flags=SA_RESTART|SA_SIGINFO
SIGQUIT: [libjvm.so+0x90dee0], sa_mask[0]=11111111011111111101111111111110, sa_flags=SA_RESTART|SA_SIGINFO


---------------  S Y S T E M  ---------------

OS:DISTRIB_ID=Ubuntu
DISTRIB_RELEASE=13.10
DISTRIB_CODENAME=saucy
DISTRIB_DESCRIPTION="Ubuntu 13.10"

uname:Linux 3.11.0-26-generic #45-Ubuntu SMP Tue Jul 15 04:02:06 UTC 2014 x86_64
libc:glibc 2.17 NPTL 2.17 
rlimit: STACK 8192k, CORE 0k, NPROC 514862, NOFILE 4096, AS infinity
load average:7,58 7,11 6,61

/proc/meminfo:
MemTotal:       65922644 kB
MemFree:          267080 kB
Buffers:        13825056 kB
Cached:         26786644 kB
SwapCached:           36 kB
Active:         21399140 kB
Inactive:       42223644 kB
Active(anon):   20416172 kB
Inactive(anon):  2665320 kB
Active(file):     982968 kB
Inactive(file): 39558324 kB
Unevictable:        1276 kB
Mlocked:            1276 kB
SwapTotal:      31250428 kB
SwapFree:       31249500 kB
Dirty:            674552 kB
Writeback:         17380 kB
AnonPages:      23014604 kB
Mapped:           325596 kB
Shmem:             68968 kB
Slab:             982488 kB
SReclaimable:     880692 kB
SUnreclaim:       101796 kB
KernelStack:        8680 kB
PageTables:       106512 kB
NFS_Unstable:          0 kB
Bounce:                0 kB
WritebackTmp:          0 kB
CommitLimit:    64211748 kB
Committed_AS:   35199608 kB
VmallocTotal:   34359738367 kB
VmallocUsed:      446988 kB
VmallocChunk:   34325143648 kB
HardwareCorrupted:     0 kB
AnonHugePages:         0 kB
HugePages_Total:       0
HugePages_Free:        0
HugePages_Rsvd:        0
HugePages_Surp:        0
Hugepagesize:       2048 kB
DirectMap4k:    22397556 kB
DirectMap2M:    44654592 kB
DirectMap1G:           0 kB


CPU:total 8 (4 cores per cpu, 1 threads per core) family 6 model 62 stepping 4, cmov, cx8, fxsr, mmx, sse, sse2, sse3, ssse3, sse4.1, sse4.2, popcnt, avx, aes, clmul, erms, tsc, tscinvbit

/proc/cpuinfo:
processor	: 0
vendor_id	: GenuineIntel
cpu family	: 6
model		: 62
model name	: Intel(R) Xeon(R) CPU E5-2609 v2 @ 2.50GHz
stepping	: 4
microcode	: 0x416
cpu MHz		: 1200.000
cache size	: 10240 KB
physical id	: 0
siblings	: 4
core id		: 0
cpu cores	: 4
apicid		: 0
initial apicid	: 0
fpu		: yes
fpu_exception	: yes
cpuid level	: 13
wp		: yes
flags		: fpu vme de pse tsc msr pae mce cx8 apic sep mtrr pge mca cmov pat pse36 clflush dts acpi mmx fxsr sse sse2 ss ht tm pbe syscall nx pdpe1gb rdtscp lm constant_tsc arch_perfmon pebs bts rep_good nopl xtopology nonstop_tsc aperfmperf eagerfpu pni pclmulqdq dtes64 monitor ds_cpl vmx smx est tm2 ssse3 cx16 xtpr pdcm pcid dca sse4_1 sse4_2 x2apic popcnt tsc_deadline_timer aes xsave avx f16c rdrand lahf_lm arat epb xsaveopt pln pts dtherm tpr_shadow vnmi flexpriority ept vpid fsgsbase smep erms
bogomips	: 4987.69
clflush size	: 64
cache_alignment	: 64
address sizes	: 46 bits physical, 48 bits virtual
power management:

processor	: 1
vendor_id	: GenuineIntel
cpu family	: 6
model		: 62
model name	: Intel(R) Xeon(R) CPU E5-2609 v2 @ 2.50GHz
stepping	: 4
microcode	: 0x416
cpu MHz		: 2500.000
cache size	: 10240 KB
physical id	: 0
siblings	: 4
core id		: 1
cpu cores	: 4
apicid		: 2
initial apicid	: 2
fpu		: yes
fpu_exception	: yes
cpuid level	: 13
wp		: yes
flags		: fpu vme de pse tsc msr pae mce cx8 apic sep mtrr pge mca cmov pat pse36 clflush dts acpi mmx fxsr sse sse2 ss ht tm pbe syscall nx pdpe1gb rdtscp lm constant_tsc arch_perfmon pebs bts rep_good nopl xtopology nonstop_tsc aperfmperf eagerfpu pni pclmulqdq dtes64 monitor ds_cpl vmx smx est tm2 ssse3 cx16 xtpr pdcm pcid dca sse4_1 sse4_2 x2apic popcnt tsc_deadline_timer aes xsave avx f16c rdrand lahf_lm arat epb xsaveopt pln pts dtherm tpr_shadow vnmi flexpriority ept vpid fsgsbase smep erms
bogomips	: 4987.69
clflush size	: 64
cache_alignment	: 64
address sizes	: 46 bits physical, 48 bits virtual
power management:

processor	: 2
vendor_id	: GenuineIntel
cpu family	: 6
model		: 62
model name	: Intel(R) Xeon(R) CPU E5-2609 v2 @ 2.50GHz
stepping	: 4
microcode	: 0x416
cpu MHz		: 2500.000
cache size	: 10240 KB
physical id	: 0
siblings	: 4
core id		: 2
cpu cores	: 4
apicid		: 4
initial apicid	: 4
fpu		: yes
fpu_exception	: yes
cpuid level	: 13
wp		: yes
flags		: fpu vme de pse tsc msr pae mce cx8 apic sep mtrr pge mca cmov pat pse36 clflush dts acpi mmx fxsr sse sse2 ss ht tm pbe syscall nx pdpe1gb rdtscp lm constant_tsc arch_perfmon pebs bts rep_good nopl xtopology nonstop_tsc aperfmperf eagerfpu pni pclmulqdq dtes64 monitor ds_cpl vmx smx est tm2 ssse3 cx16 xtpr pdcm pcid dca sse4_1 sse4_2 x2apic popcnt tsc_deadline_timer aes xsave avx f16c rdrand lahf_lm arat epb xsaveopt pln pts dtherm tpr_shadow vnmi flexpriority ept vpid fsgsbase smep erms
bogomips	: 4987.69
clflush size	: 64
cache_alignment	: 64
address sizes	: 46 bits physical, 48 bits virtual
power management:

processor	: 3
vendor_id	: GenuineIntel
cpu family	: 6
model		: 62
model name	: Intel(R) Xeon(R) CPU E5-2609 v2 @ 2.50GHz
stepping	: 4
microcode	: 0x416
cpu MHz		: 1200.000
cache size	: 10240 KB
physical id	: 0
siblings	: 4
core id		: 3
cpu cores	: 4
apicid		: 6
initial apicid	: 6
fpu		: yes
fpu_exception	: yes
cpuid level	: 13
wp		: yes
flags		: fpu vme de pse tsc msr pae mce cx8 apic sep mtrr pge mca cmov pat pse36 clflush dts acpi mmx fxsr sse sse2 ss ht tm pbe syscall nx pdpe1gb rdtscp lm constant_tsc arch_perfmon pebs bts rep_good nopl xtopology nonstop_tsc aperfmperf eagerfpu pni pclmulqdq dtes64 monitor ds_cpl vmx smx est tm2 ssse3 cx16 xtpr pdcm pcid dca sse4_1 sse4_2 x2apic popcnt tsc_deadline_timer aes xsave avx f16c rdrand lahf_lm arat epb xsaveopt pln pts dtherm tpr_shadow vnmi flexpriority ept vpid fsgsbase smep erms
bogomips	: 4987.69
clflush size	: 64
cache_alignment	: 64
address sizes	: 46 bits physical, 48 bits virtual
power management:

processor	: 4
vendor_id	: GenuineIntel
cpu family	: 6
model		: 62
model name	: Intel(R) Xeon(R) CPU E5-2609 v2 @ 2.50GHz
stepping	: 4
microcode	: 0x416
cpu MHz		: 2500.000
cache size	: 10240 KB
physical id	: 1
siblings	: 4
core id		: 0
cpu cores	: 4
apicid		: 32
initial apicid	: 32
fpu		: yes
fpu_exception	: yes
cpuid level	: 13
wp		: yes
flags		: fpu vme de pse tsc msr pae mce cx8 apic sep mtrr pge mca cmov pat pse36 clflush dts acpi mmx fxsr sse sse2 ss ht tm pbe syscall nx pdpe1gb rdtscp lm constant_tsc arch_perfmon pebs bts rep_good nopl xtopology nonstop_tsc aperfmperf eagerfpu pni pclmulqdq dtes64 monitor ds_cpl vmx smx est tm2 ssse3 cx16 xtpr pdcm pcid dca sse4_1 sse4_2 x2apic popcnt tsc_deadline_timer aes xsave avx f16c rdrand lahf_lm arat epb xsaveopt pln pts dtherm tpr_shadow vnmi flexpriority ept vpid fsgsbase smep erms
bogomips	: 4989.30
clflush size	: 64
cache_alignment	: 64
address sizes	: 46 bits physical, 48 bits virtual
power management:

processor	: 5
vendor_id	: GenuineIntel
cpu family	: 6
model		: 62
model name	: Intel(R) Xeon(R) CPU E5-2609 v2 @ 2.50GHz
stepping	: 4
microcode	: 0x416
cpu MHz		: 2500.000
cache size	: 10240 KB
physical id	: 1
siblings	: 4
core id		: 1
cpu cores	: 4
apicid		: 34
initial apicid	: 34
fpu		: yes
fpu_exception	: yes
cpuid level	: 13
wp		: yes
flags		: fpu vme de pse tsc msr pae mce cx8 apic sep mtrr pge mca cmov pat pse36 clflush dts acpi mmx fxsr sse sse2 ss ht tm pbe syscall nx pdpe1gb rdtscp lm constant_tsc arch_perfmon pebs bts rep_good nopl xtopology nonstop_tsc aperfmperf eagerfpu pni pclmulqdq dtes64 monitor ds_cpl vmx smx est tm2 ssse3 cx16 xtpr pdcm pcid dca sse4_1 sse4_2 x2apic popcnt tsc_deadline_timer aes xsave avx f16c rdrand lahf_lm arat epb xsaveopt pln pts dtherm tpr_shadow vnmi flexpriority ept vpid fsgsbase smep erms
bogomips	: 4989.30
clflush size	: 64
cache_alignment	: 64
address sizes	: 46 bits physical, 48 bits virtual
power management:

processor	: 6
vendor_id	: GenuineIntel
cpu family	: 6
model		: 62
model name	: Intel(R) Xeon(R) CPU E5-2609 v2 @ 2.50GHz
stepping	: 4
microcode	: 0x416
cpu MHz		: 1200.000
cache size	: 10240 KB
physical id	: 1
siblings	: 4
core id		: 2
cpu cores	: 4
apicid		: 36
initial apicid	: 36
fpu		: yes
fpu_exception	: yes
cpuid level	: 13
wp		: yes
flags		: fpu vme de pse tsc msr pae mce cx8 apic sep mtrr pge mca cmov pat pse36 clflush dts acpi mmx fxsr sse sse2 ss ht tm pbe syscall nx pdpe1gb rdtscp lm constant_tsc arch_perfmon pebs bts rep_good nopl xtopology nonstop_tsc aperfmperf eagerfpu pni pclmulqdq dtes64 monitor ds_cpl vmx smx est tm2 ssse3 cx16 xtpr pdcm pcid dca sse4_1 sse4_2 x2apic popcnt tsc_deadline_timer aes xsave avx f16c rdrand lahf_lm arat epb xsaveopt pln pts dtherm tpr_shadow vnmi flexpriority ept vpid fsgsbase smep erms
bogomips	: 4989.30
clflush size	: 64
cache_alignment	: 64
address sizes	: 46 bits physical, 48 bits virtual
power management:

processor	: 7
vendor_id	: GenuineIntel
cpu family	: 6
model		: 62
model name	: Intel(R) Xeon(R) CPU E5-2609 v2 @ 2.50GHz
stepping	: 4
microcode	: 0x416
cpu MHz		: 2500.000
cache size	: 10240 KB
physical id	: 1
siblings	: 4
core id		: 3
cpu cores	: 4
apicid		: 38
initial apicid	: 38
fpu		: yes
fpu_exception	: yes
cpuid level	: 13
wp		: yes
flags		: fpu vme de pse tsc msr pae mce cx8 apic sep mtrr pge mca cmov pat pse36 clflush dts acpi mmx fxsr sse sse2 ss ht tm pbe syscall nx pdpe1gb rdtscp lm constant_tsc arch_perfmon pebs bts rep_good nopl xtopology nonstop_tsc aperfmperf eagerfpu pni pclmulqdq dtes64 monitor ds_cpl vmx smx est tm2 ssse3 cx16 xtpr pdcm pcid dca sse4_1 sse4_2 x2apic popcnt tsc_deadline_timer aes xsave avx f16c rdrand lahf_lm arat epb xsaveopt pln pts dtherm tpr_shadow vnmi flexpriority ept vpid fsgsbase smep erms
bogomips	: 4989.30
clflush size	: 64
cache_alignment	: 64
address sizes	: 46 bits physical, 48 bits virtual
power management:



Memory: 4k page, physical 65922644k(267080k free), swap 31250428k(31249500k free)

vm_info: Java HotSpot(TM) 64-Bit Server VM (25.40-b25) for linux-amd64 JRE (1.8.0_40-b26), built on Mar  7 2015 15:08:31 by "java_re" with gcc 4.3.0 20080428 (Red Hat 4.3.0-8)

time: Thu Apr  9 13:57:43 2015
elapsed time: 1 seconds (0d 0h 0m 1s)

