#
# A fatal error has been detected by the Java Runtime Environment:
#
#  EXCEPTION_ACCESS_VIOLATION (0xc0000005) at pc=0x0000000058dc8faa, pid=112116, tid=111968
#
# JRE version: Java(TM) SE Runtime Environment (8.0_40-b26) (build 1.8.0_40-b26)
# Java VM: Java HotSpot(TM) 64-Bit Server VM (25.40-b25 mixed mode windows-amd64 compressed oops)
# Problematic frame:
# V  [jvm.dll+0x138faa]
#
# Failed to write core dump. Minidumps are not enabled by default on client versions of Windows
#
# If you would like to submit a bug report, please visit:
#   http://bugreport.java.com/bugreport/crash.jsp
#

---------------  T H R E A D  ---------------

Current thread (0x0000000020124800):  JavaThread "pool-2-thread-1" [_thread_in_vm, id=111968, stack(0x00000000267d0000,0x00000000268d0000)]

siginfo: ExceptionCode=0xc0000005, reading address 0xffffffffffffffff

Registers:
RAX=0x00008cb05b931f8a, RBX=0x0000000781b670c8, RCX=0xc00def242a699b74, RDX=0x0000000781b67068
RSP=0x00000000268ced20, RBP=0x00000000000003d8, RSI=0x0000000020124800, RDI=0x000000001efd10e0
R8 =0x0000000000000003, R9 =0x000000000000000c, R10=0x0000000059483bf0, R11=0x00000000031f9cc0
R12=0x000000001efd10f0, R13=0x000000001efd14c8, R14=0x00000000268ceef8, R15=0x0000000020124800
RIP=0x0000000058dc8faa, EFLAGS=0x0000000000010202

Top of Stack: (sp=0x00000000268ced20)
0x00000000268ced20:   0000000781dcf3c0 00000000031ced0a
0x00000000268ced30:   00000000253825d0 0000000000000000
0x00000000268ced40:   000000001efd10e0 0000000058dc91fb
0x00000000268ced50:   0000000781b670c8 000000000000001a
0x00000000268ced60:   0000000026538f88 00000000031f997d
0x00000000268ced70:   000000001efd10e0 0000000058db3823
0x00000000268ced80:   0000000700068b58 0000000025389b40
0x00000000268ced90:   00000007826d6d60 00000007826d6d30
0x00000000268ceda0:   00000007826d6d60 00000000031f6d90
0x00000000268cedb0:   00000000264cd090 0000000781a8be90
0x00000000268cedc0:   0000000781bff808 00008cb05b931f8a
0x00000000268cedd0:   000000001b31a4f0 0000000058d47899
0x00000000268cede0:   00000000268ceeb0 0000000002fd9aec
0x00000000268cedf0:   0000000781bff830 0000000000000000
0x00000000268cee00:   00000007826d6cb8 0000000000000001
0x00000000268cee10:   00000000268ceef8 00000000264ccda2 

Instructions: (pc=0x0000000058dc8faa)
0x0000000058dc8f8a:   ff ca 88 41 ff 75 ef 43 c6 04 10 00 49 8b c2 c3
0x0000000058dc8f9a:   cc cc cc cc cc cc 48 89 5c 24 08 57 48 83 ec 20
0x0000000058dc8faa:   0f b7 39 48 8b d9 33 d2 ff c7 48 63 cf e8 44 1c
0x0000000058dc8fba:   fb ff 4c 8b d8 85 ff 7e 45 44 0f b7 03 8d 57 ff 


Register to memory mapping:

RAX=0x00008cb05b931f8a is an unknown value
RBX=0x0000000781b670c8 is an oop
javax.vecmath.Point3d 
 - klass: 'javax/vecmath/Point3d'
RCX=0xc00def242a699b74 is an unknown value
RDX=0x0000000781b67068 is an unknown value
RSP=0x00000000268ced20 is pointing into the stack for thread: 0x0000000020124800
RBP=0x00000000000003d8 is an unknown value
RSI=0x0000000020124800 is a thread
RDI=0x000000001efd10e0 is an unknown value
R8 =0x0000000000000003 is an unknown value
R9 =0x000000000000000c is an unknown value
R10=0x0000000059483bf0 is an unknown value
R11=0x00000000031f9cc0 is at entry_point+32 in (nmethod*)0x00000000031f9b10
R12=0x000000001efd10f0 is an unknown value
R13=0x000000001efd14c8 is an unknown value
R14=0x00000000268ceef8 is pointing into the stack for thread: 0x0000000020124800
R15=0x0000000020124800 is a thread


Stack: [0x00000000267d0000,0x00000000268d0000],  sp=0x00000000268ced20,  free space=1019k
Native frames: (J=compiled Java code, j=interpreted, Vv=VM code, C=native code)
V  [jvm.dll+0x138faa]
V  [jvm.dll+0x1391fb]
V  [jvm.dll+0x123823]
V  [jvm.dll+0xb7899]
C  0x0000000002936379

Java frames: (J=compiled Java code, j=interpreted, Vv=VM code)
j  fr.ird.voxelidar.voxelisation.tls.RxpVoxelisation.call()Ljava/lang/Object;+58
j  java.util.concurrent.FutureTask.run()V+42
j  java.util.concurrent.ThreadPoolExecutor.runWorker(Ljava/util/concurrent/ThreadPoolExecutor$Worker;)V+95
j  java.util.concurrent.ThreadPoolExecutor$Worker.run()V+5
j  java.lang.Thread.run()V+11
v  ~StubRoutines::call_stub

---------------  P R O C E S S  ---------------

Java Threads: ( => current thread )
  0x00000000201cb000 JavaThread "pool-2-thread-2" [_thread_in_Java, id=111784, stack(0x0000000026900000,0x0000000026a00000)]
=>0x0000000020124800 JavaThread "pool-2-thread-1" [_thread_in_vm, id=111968, stack(0x00000000267d0000,0x00000000268d0000)]
  0x0000000024377800 JavaThread "Thread-4" daemon [_thread_blocked, id=112232, stack(0x0000000026690000,0x0000000026790000)]
  0x000000001fa81000 JavaThread "FX Access Thread (Visual Debugger)" daemon [_thread_blocked, id=112264, stack(0x0000000025080000,0x0000000025180000)]
  0x000000001f3a2000 JavaThread "Prism Font Disposer" daemon [_thread_blocked, id=112560, stack(0x0000000022910000,0x0000000022a10000)]
  0x000000001b5fe000 JavaThread "JavaFX-Launcher" [_thread_blocked, id=109592, stack(0x000000001ebc0000,0x000000001ecc0000)]
  0x000000001b5fa800 JavaThread "Thread-2" daemon [_thread_blocked, id=110604, stack(0x000000001e9f0000,0x000000001eaf0000)]
  0x000000001b5bd000 JavaThread "JavaFX Application Thread" [_thread_in_native, id=111820, stack(0x000000001bd10000,0x000000001be10000)]
  0x000000001b5b8800 JavaThread "Thread-1" daemon [_thread_blocked, id=111560, stack(0x000000001bb60000,0x000000001bc60000)]
  0x000000001b52b000 JavaThread "QuantumRenderer-0" daemon [_thread_blocked, id=110072, stack(0x000000001b610000,0x000000001b710000)]
  0x00000000198f2800 JavaThread "Service Thread" daemon [_thread_blocked, id=111924, stack(0x000000001b100000,0x000000001b200000)]
  0x00000000198ed000 JavaThread "C1 CompilerThread1" daemon [_thread_blocked, id=110992, stack(0x000000001af00000,0x000000001b000000)]
  0x00000000198e3000 JavaThread "C2 CompilerThread0" daemon [_thread_blocked, id=110960, stack(0x000000001ac00000,0x000000001ad00000)]
  0x00000000198d7800 JavaThread "JDWP Command Reader" daemon [_thread_in_native, id=111112, stack(0x000000001ad80000,0x000000001ae80000)]
  0x00000000198cc800 JavaThread "JDWP Event Helper Thread" daemon [_thread_blocked, id=106696, stack(0x000000001a8e0000,0x000000001a9e0000)]
  0x00000000198c2800 JavaThread "JDWP Transport Listener: dt_socket" daemon [_thread_blocked, id=111588, stack(0x000000001aac0000,0x000000001abc0000)]
  0x00000000198bd800 JavaThread "Attach Listener" daemon [_thread_blocked, id=108972, stack(0x000000001a7d0000,0x000000001a8d0000)]
  0x00000000198bc800 JavaThread "Signal Dispatcher" daemon [_thread_blocked, id=110664, stack(0x000000001a6c0000,0x000000001a7c0000)]
  0x0000000019857000 JavaThread "Finalizer" daemon [_thread_blocked, id=110308, stack(0x000000001a350000,0x000000001a450000)]
  0x0000000019853800 JavaThread "Reference Handler" daemon [_thread_blocked, id=110956, stack(0x000000001a480000,0x000000001a580000)]
  0x0000000002220000 JavaThread "main" [_thread_blocked, id=112092, stack(0x0000000002550000,0x0000000002650000)]

Other Threads:
  0x000000001984d800 VMThread [stack: 0x000000001a1d0000,0x000000001a2d0000] [id=111288]
  0x000000001b230800 WatcherThread [stack: 0x000000001b000000,0x000000001b100000] [id=110792]

VM state:not at safepoint (normal execution)

VM Mutex/Monitor currently owned by a thread: None

Heap:
 PSYoungGen      total 47104K, used 17283K [0x0000000780000000, 0x0000000784f80000, 0x00000007c0000000)
  eden space 35840K, 33% used [0x0000000780000000,0x0000000780bb8cc8,0x0000000782300000)
  from space 11264K, 46% used [0x0000000782300000,0x0000000782828020,0x0000000782e00000)
  to   space 10752K, 0% used [0x0000000784500000,0x0000000784500000,0x0000000784f80000)
 ParOldGen       total 71168K, used 16284K [0x0000000700000000, 0x0000000704580000, 0x0000000780000000)
  object space 71168K, 22% used [0x0000000700000000,0x0000000700fe72d8,0x0000000704580000)
 Metaspace       used 23880K, capacity 25320K, committed 25472K, reserved 1071104K
  class space    used 3425K, capacity 3709K, committed 3712K, reserved 1048576K

Card table byte_map: [0x0000000011ce0000,0x00000000122f0000] byte_map_base: 0x000000000e4e0000

Marking Bits: (ParMarkBitMap*) 0x0000000059494040
 Begin Bits: [0x0000000012920000, 0x0000000015920000)
 End Bits:   [0x0000000015920000, 0x0000000018920000)

Polling page: 0x0000000000230000

CodeCache: size=245760Kb used=11712Kb max_used=11730Kb free=234047Kb
 bounds [0x0000000002920000, 0x00000000034b0000, 0x0000000011920000]
 total_blobs=4189 nmethods=3491 adapters=618
 compilation: enabled

Compilation events (10 events):
Event: 11.639 Thread 0x00000000198e3000 3902       4       fr.ird.voxelidar.voxelisation.raytracing.voxel.VoxelAnalysis::propagate (740 bytes)
Event: 11.655 Thread 0x00000000198ed000 3904       3       java.util.zip.ZipFile$ZipFileInflaterInputStream::finalize (5 bytes)
Event: 11.655 Thread 0x00000000198ed000 nmethod 3904 0x0000000003478610 code [0x0000000003478780, 0x0000000003478928]
Event: 11.656 Thread 0x00000000198ed000 3905       3       java.util.Calendar::internalGet (7 bytes)
Event: 11.656 Thread 0x00000000198ed000 nmethod 3905 0x000000000348c7d0 code [0x000000000348c920, 0x000000000348ca90]
Event: 11.656 Thread 0x00000000198ed000 3906       3       java.util.Calendar::complete (40 bytes)
Event: 11.734 Thread 0x00000000198e3000 nmethod 3902 0x0000000003499910 code [0x0000000003499c80, 0x000000000349e928]
Event: 11.734 Thread 0x00000000198e3000 3903       4       fr.ird.voxelidar.voxelisation.raytracing.geometry.shapes.TriangulatedMesh::computeIntersection (580 bytes)
Event: 11.751 Thread 0x00000000198ed000 nmethod 3906 0x000000000348c150 code [0x000000000348c2e0, 0x000000000348c6d8]
Event: 11.751 Thread 0x00000000198ed000 3909       2       java.util.Date::getTime (5 bytes)

GC Heap History (10 events):
Event: 7.467 GC heap before
{Heap before GC invocations=4 (full 0):
 PSYoungGen      total 33280K, used 20973K [0x0000000780000000, 0x0000000782500000, 0x00000007c0000000)
  eden space 28672K, 57% used [0x0000000780000000,0x00000007810018e0,0x0000000781c00000)
  from space 4608K, 99% used [0x0000000781c00000,0x0000000782079ec8,0x0000000782080000)
  to   space 4608K, 0% used [0x0000000782080000,0x0000000782080000,0x0000000782500000)
 ParOldGen       total 76800K, used 5922K [0x0000000700000000, 0x0000000704b00000, 0x0000000780000000)
  object space 76800K, 7% used [0x0000000700000000,0x00000007005c89f0,0x0000000704b00000)
 Metaspace       used 19958K, capacity 21196K, committed 21296K, reserved 1067008K
  class space    used 2926K, capacity 3183K, committed 3200K, reserved 1048576K
Event: 7.499 GC heap after
Heap after GC invocations=4 (full 0):
 PSYoungGen      total 33280K, used 4583K [0x0000000780000000, 0x0000000784100000, 0x00000007c0000000)
  eden space 28672K, 0% used [0x0000000780000000,0x0000000780000000,0x0000000781c00000)
  from space 4608K, 99% used [0x0000000782080000,0x00000007824f9ec8,0x0000000782500000)
  to   space 4608K, 0% used [0x0000000781c00000,0x0000000781c00000,0x0000000782080000)
 ParOldGen       total 76800K, used 10914K [0x0000000700000000, 0x0000000704b00000, 0x0000000780000000)
  object space 76800K, 14% used [0x0000000700000000,0x0000000700aa8a10,0x0000000704b00000)
 Metaspace       used 19958K, capacity 21196K, committed 21296K, reserved 1067008K
  class space    used 2926K, capacity 3183K, committed 3200K, reserved 1048576K
}
Event: 7.499 GC heap before
{Heap before GC invocations=5 (full 1):
 PSYoungGen      total 33280K, used 4583K [0x0000000780000000, 0x0000000784100000, 0x00000007c0000000)
  eden space 28672K, 0% used [0x0000000780000000,0x0000000780000000,0x0000000781c00000)
  from space 4608K, 99% used [0x0000000782080000,0x00000007824f9ec8,0x0000000782500000)
  to   space 4608K, 0% used [0x0000000781c00000,0x0000000781c00000,0x0000000782080000)
 ParOldGen       total 76800K, used 10914K [0x0000000700000000, 0x0000000704b00000, 0x0000000780000000)
  object space 76800K, 14% used [0x0000000700000000,0x0000000700aa8a10,0x0000000704b00000)
 Metaspace       used 19958K, capacity 21196K, committed 21296K, reserved 1067008K
  class space    used 2926K, capacity 3183K, committed 3200K, reserved 1048576K
Event: 7.716 GC heap after
Heap after GC invocations=5 (full 1):
 PSYoungGen      total 33280K, used 0K [0x0000000780000000, 0x0000000784100000, 0x00000007c0000000)
  eden space 28672K, 0% used [0x0000000780000000,0x0000000780000000,0x0000000781c00000)
  from space 4608K, 0% used [0x0000000782080000,0x0000000782080000,0x0000000782500000)
  to   space 4608K, 0% used [0x0000000781c00000,0x0000000781c00000,0x0000000782080000)
 ParOldGen       total 71168K, used 14661K [0x0000000700000000, 0x0000000704580000, 0x0000000780000000)
  object space 71168K, 20% used [0x0000000700000000,0x0000000700e515f8,0x0000000704580000)
 Metaspace       used 19958K, capacity 21196K, committed 21296K, reserved 1067008K
  class space    used 2926K, capacity 3183K, committed 3200K, reserved 1048576K
}
Event: 11.585 GC heap before
{Heap before GC invocations=6 (full 1):
 PSYoungGen      total 33280K, used 28672K [0x0000000780000000, 0x0000000784100000, 0x00000007c0000000)
  eden space 28672K, 100% used [0x0000000780000000,0x0000000781c00000,0x0000000781c00000)
  from space 4608K, 0% used [0x0000000782080000,0x0000000782080000,0x0000000782500000)
  to   space 4608K, 0% used [0x0000000781c00000,0x0000000781c00000,0x0000000782080000)
 ParOldGen       total 71168K, used 14661K [0x0000000700000000, 0x0000000704580000, 0x0000000780000000)
  object space 71168K, 20% used [0x0000000700000000,0x0000000700e515f8,0x0000000704580000)
 Metaspace       used 23876K, capacity 25320K, committed 25472K, reserved 1071104K
  class space    used 3424K, capacity 3709K, committed 3712K, reserved 1048576K
Event: 11.595 GC heap after
Heap after GC invocations=6 (full 1):
 PSYoungGen      total 33280K, used 4576K [0x0000000780000000, 0x0000000783900000, 0x00000007c0000000)
  eden space 28672K, 0% used [0x0000000780000000,0x0000000780000000,0x0000000781c00000)
  from space 4608K, 99% used [0x0000000781c00000,0x0000000782078020,0x0000000782080000)
  to   space 11264K, 0% used [0x0000000782e00000,0x0000000782e00000,0x0000000783900000)
 ParOldGen       total 71168K, used 16276K [0x0000000700000000, 0x0000000704580000, 0x0000000780000000)
  object space 71168K, 22% used [0x0000000700000000,0x0000000700fe52d8,0x0000000704580000)
 Metaspace       used 23876K, capacity 25320K, committed 25472K, reserved 1071104K
  class space    used 3424K, capacity 3709K, committed 3712K, reserved 1048576K
}
Event: 11.656 GC heap before
{Heap before GC invocations=7 (full 1):
 PSYoungGen      total 33280K, used 33248K [0x0000000780000000, 0x0000000783900000, 0x00000007c0000000)
  eden space 28672K, 100% used [0x0000000780000000,0x0000000781c00000,0x0000000781c00000)
  from space 4608K, 99% used [0x0000000781c00000,0x0000000782078020,0x0000000782080000)
  to   space 11264K, 0% used [0x0000000782e00000,0x0000000782e00000,0x0000000783900000)
 ParOldGen       total 71168K, used 16276K [0x0000000700000000, 0x0000000704580000, 0x0000000780000000)
  object space 71168K, 22% used [0x0000000700000000,0x0000000700fe52d8,0x0000000704580000)
 Metaspace       used 23879K, capacity 25320K, committed 25472K, reserved 1071104K
  class space    used 3425K, capacity 3709K, committed 3712K, reserved 1048576K
Event: 11.667 GC heap after
Heap after GC invocations=7 (full 1):
 PSYoungGen      total 47104K, used 4576K [0x0000000780000000, 0x0000000784300000, 0x00000007c0000000)
  eden space 35840K, 0% used [0x0000000780000000,0x0000000780000000,0x0000000782300000)
  from space 11264K, 40% used [0x0000000782e00000,0x0000000783278020,0x0000000783900000)
  to   space 11264K, 0% used [0x0000000782300000,0x0000000782300000,0x0000000782e00000)
 ParOldGen       total 71168K, used 16284K [0x0000000700000000, 0x0000000704580000, 0x0000000780000000)
  object space 71168K, 22% used [0x0000000700000000,0x0000000700fe72d8,0x0000000704580000)
 Metaspace       used 23879K, capacity 25320K, committed 25472K, reserved 1071104K
  class space    used 3425K, capacity 3709K, committed 3712K, reserved 1048576K
}
Event: 11.743 GC heap before
{Heap before GC invocations=8 (full 1):
 PSYoungGen      total 47104K, used 40416K [0x0000000780000000, 0x0000000784300000, 0x00000007c0000000)
  eden space 35840K, 100% used [0x0000000780000000,0x0000000782300000,0x0000000782300000)
  from space 11264K, 40% used [0x0000000782e00000,0x0000000783278020,0x0000000783900000)
  to   space 11264K, 0% used [0x0000000782300000,0x0000000782300000,0x0000000782e00000)
 ParOldGen       total 71168K, used 16284K [0x0000000700000000, 0x0000000704580000, 0x0000000780000000)
  object space 71168K, 22% used [0x0000000700000000,0x0000000700fe72d8,0x0000000704580000)
 Metaspace       used 23879K, capacity 25320K, committed 25472K, reserved 1071104K
  class space    used 3425K, capacity 3709K, committed 3712K, reserved 1048576K
Event: 11.751 GC heap after
Heap after GC invocations=8 (full 1):
 PSYoungGen      total 47104K, used 5280K [0x0000000780000000, 0x0000000784f80000, 0x00000007c0000000)
  eden space 35840K, 0% used [0x0000000780000000,0x0000000780000000,0x0000000782300000)
  from space 11264K, 46% used [0x0000000782300000,0x0000000782828020,0x0000000782e00000)
  to   space 10752K, 0% used [0x0000000784500000,0x0000000784500000,0x0000000784f80000)
 ParOldGen       total 71168K, used 16284K [0x0000000700000000, 0x0000000704580000, 0x0000000780000000)
  object space 71168K, 22% used [0x0000000700000000,0x0000000700fe72d8,0x0000000704580000)
 Metaspace       used 23879K, capacity 25320K, committed 25472K, reserved 1071104K
  class space    used 3425K, capacity 3709K, committed 3712K, reserved 1048576K
}

Deoptimization events (10 events):
Event: 11.128 Thread 0x000000001b5bd000 Uncommon trap: reason=null_check action=make_not_entrant pc=0x0000000003466f98 method=javafx.scene.Node$MiscProperties.getClip()Ljavafx/scene/Node; @ 20
Event: 11.213 Thread 0x00000000201cb000 Uncommon trap: reason=unstable_if action=reinterpret pc=0x0000000002c71638 method=java.lang.String.indexOf([CII[CIII)I @ 3
Event: 11.215 Thread 0x00000000201cb000 Uncommon trap: reason=bimorphic action=maybe_recompile pc=0x0000000002d7eecc method=java.util.HashMap.putVal(ILjava/lang/Object;Ljava/lang/Object;ZZ)Ljava/lang/Object; @ 152
Event: 11.215 Thread 0x00000000201cb000 Uncommon trap: reason=bimorphic action=maybe_recompile pc=0x0000000002d7eecc method=java.util.HashMap.putVal(ILjava/lang/Object;Ljava/lang/Object;ZZ)Ljava/lang/Object; @ 152
Event: 11.215 Thread 0x00000000201cb000 Uncommon trap: reason=bimorphic action=maybe_recompile pc=0x0000000002d7eecc method=java.util.HashMap.putVal(ILjava/lang/Object;Ljava/lang/Object;ZZ)Ljava/lang/Object; @ 152
Event: 11.215 Thread 0x00000000201cb000 Uncommon trap: reason=bimorphic action=maybe_recompile pc=0x0000000002d7eecc method=java.util.HashMap.putVal(ILjava/lang/Object;Ljava/lang/Object;ZZ)Ljava/lang/Object; @ 152
Event: 11.224 Thread 0x00000000201cb000 Uncommon trap: reason=unstable_if action=reinterpret pc=0x00000000033132e4 method=java.lang.ThreadLocal$ThreadLocalMap.getEntry(Ljava/lang/ThreadLocal;)Ljava/lang/ThreadLocal$ThreadLocalMap$Entry; @ 21
Event: 11.332 Thread 0x000000001b5bd000 Uncommon trap: reason=null_check action=make_not_entrant pc=0x000000000316b3a0 method=javafx.scene.Node$MiscProperties.getClip()Ljavafx/scene/Node; @ 20
Event: 11.610 Thread 0x0000000020124800 Uncommon trap: reason=unstable_if action=reinterpret pc=0x000000000347b69c method=fr.ird.voxelidar.voxelisation.raytracing.voxel.VoxelManager.CrossVoxel(Ljavax/vecmath/Point3d;Ljavax/vecmath/Vector3d;Ljavax/vecmath/Point3i;)Lfr/ird/voxelidar/voxelisation/r1´ª‚ýC'@
Event: 11.633 Thread 0x0000000020124800 Uncommon trap: reason=unstable_if action=reinterpret pc=0x000000000348ab7c method=fr.ird.voxelidar.voxelisation.raytracing.geometry.shapes.TriangulatedMesh.computeIntersection(ILjavax/vecmath/Vector3d;Ljavax/vecmath/Point3d;ZZ)Lfr/ird/voxelidar/voxelisatio„âKA&@

Internal exceptions (10 events):
Event: 3.868 Thread 0x000000001b5bd000 Implicit null exception at 0x0000000002f6daf0 to 0x0000000002f6e19d
Event: 10.753 Thread 0x000000001b5bd000 Implicit null exception at 0x0000000002bfc219 to 0x0000000002bfc6a5
Event: 10.892 Thread 0x000000001b5bd000 Implicit null exception at 0x0000000003315af9 to 0x0000000003321bc9
Event: 10.892 Thread 0x000000001b5bd000 Implicit null exception at 0x00000000033491b4 to 0x000000000334bf05
Event: 11.081 Thread 0x0000000024377800 Implicit null exception at 0x0000000003312c99 to 0x0000000003312da1
Event: 11.081 Thread 0x0000000024377800 Exception <a 'sun/nio/fs/WindowsException'> (0x0000000780d53230) thrown at [D:\re\workspace\8-2-build-windows-amd64-cygwin\jdk8u40\3098\hotspot\src\share\vm\prims\jni.cpp, line 709]
Event: 11.128 Thread 0x000000001b5bd000 Implicit null exception at 0x0000000003466ed6 to 0x0000000003466f85
Event: 11.224 Thread 0x00000000201cb000 Implicit null exception at 0x00000000033131fb to 0x00000000033132c9
Event: 11.332 Thread 0x000000001b5bd000 Implicit null exception at 0x0000000003164f44 to 0x000000000316b389
Event: 11.536 Thread 0x0000000020124800 Exception <a 'java/lang/ClassCastException': java.lang.Class cannot be cast to fr.ird.voxelidar.voxelisation.extraction.Shot> (0x000000078113bb28) thrown at [D:\re\workspace\8-2-build-windows-amd64-cygwin\jdk8u40\3098\hotspot\src\share\vm\interpreter\interwšÓˆ€ñ@

Events (10 events):
Event: 11.610 Thread 0x0000000020124800 DEOPT UNPACKING pc=0x000000000296556a sp=0x00000000268cea48 mode 2
Event: 11.633 Thread 0x0000000020124800 Uncommon trap: trap_request=0xffffff65 fr.pc=0x000000000348ab7c
Event: 11.633 Thread 0x0000000020124800 DEOPT PACKING pc=0x000000000348ab7c sp=0x00000000268ce8b0
Event: 11.633 Thread 0x0000000020124800 DEOPT UNPACKING pc=0x000000000296556a sp=0x00000000268ce850 mode 2
Event: 11.638 loading class java/util/ArrayList$1
Event: 11.638 loading class java/util/ArrayList$1 done
Event: 11.656 Executing VM operation: ParallelGCFailedAllocation
Event: 11.667 Executing VM operation: ParallelGCFailedAllocation done
Event: 11.736 Executing VM operation: ParallelGCFailedAllocation
Event: 11.751 Executing VM operation: ParallelGCFailedAllocation done


Dynamic libraries:
0x000000013fc80000 - 0x000000013fcb7000 	C:\Program Files\Java\jdk1.8.0_40\jre\bin\java.exe
0x0000000077210000 - 0x00000000773b9000 	C:\Windows\SYSTEM32\ntdll.dll
0x0000000076ff0000 - 0x000000007710f000 	C:\Windows\system32\kernel32.dll
0x000007fefd350000 - 0x000007fefd3bc000 	C:\Windows\system32\KERNELBASE.dll
0x000007feff290000 - 0x000007feff36b000 	C:\Windows\system32\ADVAPI32.dll
0x000007fefd650000 - 0x000007fefd6ef000 	C:\Windows\system32\msvcrt.dll
0x000007feff100000 - 0x000007feff11f000 	C:\Windows\SYSTEM32\sechost.dll
0x000007fefdb70000 - 0x000007fefdc9d000 	C:\Windows\system32\RPCRT4.dll
0x0000000077110000 - 0x000000007720a000 	C:\Windows\system32\USER32.dll
0x000007fefda50000 - 0x000007fefdab7000 	C:\Windows\system32\GDI32.dll
0x000007fefdb60000 - 0x000007fefdb6e000 	C:\Windows\system32\LPK.dll
0x000007feff450000 - 0x000007feff519000 	C:\Windows\system32\USP10.dll
0x000007fefb9e0000 - 0x000007fefbbd4000 	C:\Windows\WinSxS\amd64_microsoft.windows.common-controls_6595b64144ccf1df_6.0.7601.17514_none_fa396087175ac9ac\COMCTL32.dll
0x000007feff080000 - 0x000007feff0f1000 	C:\Windows\system32\SHLWAPI.dll
0x000007fefd620000 - 0x000007fefd64e000 	C:\Windows\system32\IMM32.DLL
0x000007fefdeb0000 - 0x000007fefdfb9000 	C:\Windows\system32\MSCTF.dll
0x0000000066cc0000 - 0x0000000066d92000 	C:\Program Files\Java\jdk1.8.0_40\jre\bin\msvcr100.dll
0x0000000058c90000 - 0x0000000059513000 	C:\Program Files\Java\jdk1.8.0_40\jre\bin\server\jvm.dll
0x000007fef1af0000 - 0x000007fef1af9000 	C:\Windows\system32\WSOCK32.dll
0x000007fefe2a0000 - 0x000007fefe2ed000 	C:\Windows\system32\WS2_32.dll
0x000007fefd6f0000 - 0x000007fefd6f8000 	C:\Windows\system32\NSI.dll
0x000007fefa120000 - 0x000007fefa15b000 	C:\Windows\system32\WINMM.dll
0x000007fefc0a0000 - 0x000007fefc0ac000 	C:\Windows\system32\VERSION.dll
0x00000000773e0000 - 0x00000000773e7000 	C:\Windows\system32\PSAPI.DLL
0x00000000735e0000 - 0x00000000735ef000 	C:\Program Files\Java\jdk1.8.0_40\jre\bin\verify.dll
0x000000006beb0000 - 0x000000006bed9000 	C:\Program Files\Java\jdk1.8.0_40\jre\bin\java.dll
0x0000000067110000 - 0x0000000067145000 	C:\Program Files\Java\jdk1.8.0_40\jre\bin\jdwp.dll
0x000000006cb00000 - 0x000000006cb08000 	C:\Program Files\Java\jdk1.8.0_40\jre\bin\npt.dll
0x000000006cb50000 - 0x000000006cb66000 	C:\Program Files\Java\jdk1.8.0_40\jre\bin\zip.dll
0x000007fefe2f0000 - 0x000007feff078000 	C:\Windows\system32\SHELL32.dll
0x000007fefdca0000 - 0x000007fefdea3000 	C:\Windows\system32\ole32.dll
0x000007fefd020000 - 0x000007fefd02f000 	C:\Windows\system32\profapi.dll
0x000000006b980000 - 0x000000006b989000 	C:\Program Files\Java\jdk1.8.0_40\jre\bin\dt_socket.dll
0x000007fefc7c0000 - 0x000007fefc815000 	C:\Windows\system32\mswsock.dll
0x000007fefc170000 - 0x000007fefc177000 	C:\Windows\System32\wshtcpip.dll
0x00000000670e0000 - 0x000000006710c000 	C:\Program Files\Java\jdk1.8.0_40\jre\bin\prism_d3d.dll
0x000007fef98e0000 - 0x000007fef9adf000 	C:\Windows\system32\d3d9.dll
0x000007fef98d0000 - 0x000007fef98d7000 	C:\Windows\system32\d3d8thk.dll
0x000007fefbed0000 - 0x000007fefbee8000 	C:\Windows\system32\dwmapi.dll
0x000007fefb800000 - 0x000007fefb856000 	C:\Windows\system32\uxtheme.dll
0x000007fee4240000 - 0x000007fee52f6000 	C:\Windows\system32\nvd3dumx.dll
0x0000000180000000 - 0x0000000180114000 	C:\Windows\system32\nvspcap64.dll
0x000007feff370000 - 0x000007feff447000 	C:\Windows\system32\OLEAUT32.dll
0x0000000067090000 - 0x00000000670d1000 	C:\Program Files\Java\jdk1.8.0_40\jre\bin\glass.dll
0x000007fefdac0000 - 0x000007fefdb57000 	C:\Windows\system32\COMDLG32.dll
0x0000000065700000 - 0x0000000065734000 	E:\Programmes\Fraps\fraps64.dll
0x000007fef82b0000 - 0x000007fef832f000 	C:\Program Files\Common Files\microsoft shared\ink\tiptsf.dll
0x000007fefce80000 - 0x000007fefce8f000 	C:\Windows\system32\CRYPTBASE.dll
0x000007fefb090000 - 0x000007fefb0bc000 	C:\Windows\system32\powrprof.dll
0x000007fefe020000 - 0x000007fefe1f7000 	C:\Windows\system32\SETUPAPI.dll
0x000007fefd160000 - 0x000007fefd196000 	C:\Windows\system32\CFGMGR32.dll
0x000007fefd0f0000 - 0x000007fefd10a000 	C:\Windows\system32\DEVOBJ.dll
0x000007feedea0000 - 0x000007feee00a000 	C:\Program Files (x86)\NVIDIA Corporation\3D Vision\nvSCPAPI64.dll
0x000007fef9de0000 - 0x000007fefa113000 	C:\Windows\system32\nvapi64.dll
0x0000000067070000 - 0x0000000067085000 	C:\Program Files\Java\jdk1.8.0_40\jre\bin\javafx_font.dll
0x000007fee7200000 - 0x000007fee7396000 	C:\Windows\system32\dwrite.dll
0x000007fefe200000 - 0x000007fefe299000 	C:\Windows\system32\CLBCatQ.DLL
0x000007fefb220000 - 0x000007fefb381000 	C:\Windows\system32\WindowsCodecs.dll
0x000007fefce20000 - 0x000007fefce77000 	C:\Windows\system32\apphelp.dll
0x0000000072270000 - 0x0000000072326000 	C:\Program Files\AVAST Software\Avast\ashShA64.dll
0x000007fef8330000 - 0x000007fef864c000 	C:\Windows\system32\msi.dll
0x0000000072250000 - 0x0000000072266000 	C:\Program Files\Common Files\TortoiseOverlays\TortoiseOverlays.dll
0x0000000072230000 - 0x0000000072247000 	C:\Program Files\TortoiseSVN\bin\TortoiseStub.dll
0x00000000721b0000 - 0x000000007222c000 	C:\Program Files\TortoiseSVN\bin\TortoiseSVN.dll
0x000007fefd3e0000 - 0x000007fefd61b000 	C:\Windows\system32\WININET.dll
0x000007fefd040000 - 0x000007fefd044000 	C:\Windows\system32\api-ms-win-downlevel-user32-l1-1-0.dll
0x000007fefd1a0000 - 0x000007fefd1a4000 	C:\Windows\system32\api-ms-win-downlevel-shlwapi-l1-1-0.dll
0x000007fefd3c0000 - 0x000007fefd3c4000 	C:\Windows\system32\api-ms-win-downlevel-version-l1-1-0.dll
0x000007fefd3d0000 - 0x000007fefd3d3000 	C:\Windows\system32\api-ms-win-downlevel-normaliz-l1-1-0.dll
0x00000000773d0000 - 0x00000000773d3000 	C:\Windows\system32\normaliz.DLL
0x000007fefd700000 - 0x000007fefd9b0000 	C:\Windows\system32\iertutil.dll
0x000007fefd1d0000 - 0x000007fefd1d5000 	C:\Windows\system32\api-ms-win-downlevel-advapi32-l1-1-0.dll
0x000007fefd1b0000 - 0x000007fefd1ce000 	C:\Windows\system32\USERENV.dll
0x000007fef7b20000 - 0x000007fef7f89000 	C:\Program Files\TortoiseSVN\bin\libsvn_tsvn.dll
0x0000000072180000 - 0x00000000721ad000 	C:\Program Files\TortoiseSVN\bin\libapr_tsvn.dll
0x000007fef7a40000 - 0x000007fef7b14000 	C:\Windows\system32\MSVCR110.dll
0x0000000072130000 - 0x0000000072175000 	C:\Program Files\TortoiseSVN\bin\libaprutil_tsvn.dll
0x000007fefdfc0000 - 0x000007fefe012000 	C:\Windows\system32\WLDAP32.dll
0x000007fef7a20000 - 0x000007fef7a31000 	C:\Program Files\TortoiseSVN\bin\intl3_tsvn.dll
0x000007fef7a00000 - 0x000007fef7a19000 	C:\Program Files\TortoiseSVN\bin\libsasl.dll
0x000007fefcda0000 - 0x000007fefcdab000 	C:\Windows\system32\Secur32.dll
0x000007fefcdf0000 - 0x000007fefce15000 	C:\Windows\system32\SSPICLI.DLL
0x000007fefd1e0000 - 0x000007fefd34d000 	C:\Windows\system32\CRYPT32.dll
0x000007fefd030000 - 0x000007fefd03f000 	C:\Windows\system32\MSASN1.dll
0x000007fef7950000 - 0x000007fef79f7000 	C:\Windows\system32\MSVCP110.dll
0x0000000020ce0000 - 0x0000000020e53000 	C:\Program Files (x86)\ASUS\ASUS WebStorage\3.0.130.270\ASUSWSShellExt64.dll
0x000007fef7910000 - 0x000007fef7941000 	C:\Users\Julien\AppData\Roaming\Dropbox\bin\DropboxExt64.25.dll
0x000007fef7fa0000 - 0x000007fef7fcd000 	C:\Program Files\Common Files\Microsoft Shared\Ink\rtscom.dll
0x000007fefac20000 - 0x000007fefac74000 	C:\Windows\system32\oleacc.dll
0x0000000067050000 - 0x0000000067061000 	C:\Program Files\Java\jdk1.8.0_40\jre\bin\prism_common.dll
0x000007fefc820000 - 0x000007fefc838000 	C:\Windows\system32\CRYPTSP.dll
0x000007fefc520000 - 0x000007fefc567000 	C:\Windows\system32\rsaenh.dll
0x000007fefcf70000 - 0x000007fefcf84000 	C:\Windows\system32\RpcRtRemote.dll
0x000000006c210000 - 0x000000006c22a000 	C:\Program Files\Java\jdk1.8.0_40\jre\bin\net.dll
0x000007fefc7b0000 - 0x000007fefc7b7000 	C:\Windows\System32\wship6.dll
0x0000000070730000 - 0x0000000070741000 	C:\Program Files\Java\jdk1.8.0_40\jre\bin\nio.dll
0x000007fef9da0000 - 0x000007fef9dc7000 	C:\Windows\system32\IPHLPAPI.DLL
0x000007fef9b10000 - 0x000007fef9b1b000 	C:\Windows\system32\WINNSI.DLL
0x000007fef92c0000 - 0x000007fef92d1000 	C:\Windows\system32\dhcpcsvc6.DLL
0x000007fef9240000 - 0x000007fef9258000 	C:\Windows\system32\dhcpcsvc.DLL
0x000007feed0e0000 - 0x000007feed19e000 	C:\Users\Julien\AppData\Local\Temp\RivLibLibrary-8789934254548900230.tmp
0x000007fef57c0000 - 0x000007fef58e5000 	C:\Windows\system32\dbghelp.dll

VM Arguments:
jvm_args: -Xdebug -Xmx3g -Xrunjdwp:transport=dt_socket,server=n,address=53654 
java_command: E:\Programmation\VoxeLidar\trunk\VoxeLidarGUIFX\target/release/VoxeLidarGUIFX-1.0-r107a02da.jar
java_class_path (initial): E:\Programmation\VoxeLidar\trunk\VoxeLidarGUIFX\target/release/VoxeLidarGUIFX-1.0-r107a02da.jar
Launcher Type: SUN_STANDARD

Environment Variables:
JAVA_HOME=C:\Program Files\Java\jdk1.8.0_40
PATH=C:\ProgramData\Oracle\Java\javapath;C:\Python27\;C:\Python27\Lib\site-packages\PyQt4;C:\Python34\;C:\Python34\Scripts;C:\Program Files (x86)\NVIDIA Corporation\PhysX\Common;C:\Program Files\Common Files\Microsoft Shared\Windows Live;C:\Program Files (x86)\Common Files\Microsoft Shared\Windows Live;C:\Windows\system32;C:\Windows;C:\Windows\System32\Wbem;C:\Windows\System32\WindowsPowerShell\v1.0\;C:\Program Files (x86)\Windows Live\Shared;C:\Program Files\Microsoft\Web Platform Installer\;C:\Program Files (x86)\Microsoft ASP.NET\ASP.NET Web Pages\v1.0\;C:\MinGW\bin;C:\Program Files\TortoiseSVN\bin;C:\Program Files (x86)\VisualSVN\bin;C:\Program Files (x86)\Windows Kits\8.1\Windows Performance Toolkit\;C:\Program Files (x86)\GitExtensions\;C:\Program Files (x86)\Git\cmd
USERNAME=Julien
OS=Windows_NT
PROCESSOR_IDENTIFIER=Intel64 Family 6 Model 23 Stepping 6, GenuineIntel



---------------  S Y S T E M  ---------------

OS: Windows 7 , 64 bit Build 7601 (6.1.7601.18409)

CPU:total 2 (2 cores per cpu, 1 threads per core) family 6 model 23 stepping 6, cmov, cx8, fxsr, mmx, sse, sse2, sse3, ssse3, sse4.1, tsc

Memory: 4k page, physical 7339128k(2974640k free), swap 14676272k(8218504k free)

vm_info: Java HotSpot(TM) 64-Bit Server VM (25.40-b25) for windows-amd64 JRE (1.8.0_40-b26), built on Mar  7 2015 13:51:59 by "java_re" with MS VC++ 10.0 (VS2010)

time: Tue May 12 02:15:37 2015
elapsed time: 11 seconds (0d 0h 0m 11s)

