#
# A fatal error has been detected by the Java Runtime Environment:
#
#  SIGSEGV (0xb) at pc=0x00007f4005120294, pid=23553, tid=139855168722688
#
# JRE version: Java(TM) SE Runtime Environment (8.0_40-b26) (build 1.8.0_40-b26)
# Java VM: Java HotSpot(TM) 64-Bit Server VM (25.40-b25 mixed mode linux-amd64 )
# Problematic frame:
# V  [libjvm.so+0x6d9294]  jni_NewObjectV+0xd4
#
# Failed to write core dump. Core dumps have been disabled. To enable core dumping, try "ulimit -c unlimited" before starting Java again
#
# If you would like to submit a bug report, please visit:
#   http://bugreport.java.com/bugreport/crash.jsp
#

---------------  T H R E A D  ---------------

Current thread (0x00007f4000474000):  JavaThread "JavaFX Application Thread" [_thread_in_vm, id=23586, stack(0x00007f329196d000,0x00007f3291a6e000)]

siginfo: si_signo: 11 (SIGSEGV), si_code: 1 (SEGV_MAPERR), si_addr: 0x0000000000000000

Registers:
RAX=0x0000000000000000, RBX=0x0000000000000000, RCX=0x00007f3291a6ad18, RDX=0x00007f40059e4c00
RSP=0x00007f3291a6ac10, RBP=0x00007f3291a6ace0, RSI=0x00007f4000474000, RDI=0x00007f3bc7949088
R8 =0x00007f3291a6d700, R9 =0x000000000000000c, R10=0x00007f3291a6aaf0, R11=0x00007f4005b9c720
R12=0x00007f4000474000, R13=0x00007f334ff01858, R14=0x00007f40004741f8, R15=0x00007f3291a6ac70
RIP=0x00007f4005120294, EFLAGS=0x0000000000010246, CSGSFS=0x0000000000000033, ERR=0x0000000000000004
  TRAPNO=0x000000000000000e

Top of Stack: (sp=0x00007f3291a6ac10)
0x00007f3291a6ac10:   00007f32913c9868 00007f327c33e660
0x00007f3291a6ac20:   00007f3291a6ad18 00007f327c33ec50
0x00007f3291a6ac30:   0000000000000001 00007f327c340210
0x00007f3291a6ac40:   000000000ecb0400 00007f32913d844a
0x00007f3291a6ac50:   00007f3291a6ac80 00007f327c340210
0x00007f3291a6ac60:   00007f4000474000 000000097c341d10
0x00007f3291a6ac70:   00007f4000474000 0000000000000000
0x00007f3291a6ac80:   00007f3291a6ace0 00007f327c341d10
0x00007f3291a6ac90:   00007f327c458590 00000000001b7000
0x00007f3291a6aca0:   00007f4000474000 00007f32913decd5
0x00007f3291a6acb0:   000000000dd60300 00007f334ff01858
0x00007f3291a6acc0:   00007f3291a6bb80 00007f334ff01858
0x00007f3291a6acd0:   00007f3291a6aed0 00007f4000474000
0x00007f3291a6ace0:   00007f3291a6ade0 00007f32913d7b73
0x00007f3291a6acf0:   00007f327c457f20 00007f327c33ec50
0x00007f3291a6ad00:   00007f327c002090 00007f40004741f8
0x00007f3291a6ad10:   00007f3291a6ad70 0000003000000018
0x00007f3291a6ad20:   00007f3291a6adf0 00007f3291a6ad30
0x00007f3291a6ad30:   fffff71a0000000c 000000fe7c428b20
0x00007f3291a6ad40:   363b6000000000fd 00007f327c002090
0x00007f3291a6ad50:   00007f3291a6d700 000000000000000c
0x00007f3291a6ad60:   4110a2a8851eb852 00007f334ff01858
0x00007f3291a6ad70:   00007f3291a6ada0 00007f32913e561f
0x00007f3291a6ad80:   00007f327c344c20 00007f327c428be0
0x00007f3291a6ad90:   fd086a0000000000 0000004500000000
0x00007f3291a6ada0:   00007f3291a6ade0 00007f32913d9e3b
0x00007f3291a6adb0:   00007f327c33e5c0 00007f327c426c30
0x00007f3291a6adc0:   4e4d4c4b00000002 565554535251504f
0x00007f3291a6add0:   5e5d5c5b5a595857 00007f334ff01858
0x00007f3291a6ade0:   00007f3291a6ae30 00007f32913d794b
0x00007f3291a6adf0:   00007f4000474000 00007f327c344a50
0x00007f3291a6ae00:   00007f3291a6aed0 00007f40004741f8 

Instructions: (pc=0x00007f4005120294)
0x00007f4005120274:   24 70 02 00 00 06 00 00 00 4c 89 65 c0 4c 89 ff
0x00007f4005120284:   e8 b7 a3 00 00 48 8b 3b e8 7f aa fa ff 48 89 c3
0x00007f4005120294:   48 8b 00 31 f6 4c 89 e2 48 89 df ff 50 78 49 83
0x00007f40051202a4:   7c 24 08 00 0f 84 37 01 00 00 45 31 ed 48 83 7d 

Register to memory mapping:

RAX=0x0000000000000000 is an unknown value
RBX=0x0000000000000000 is an unknown value
RCX=0x00007f3291a6ad18 is pointing into the stack for thread: 0x00007f4000474000
RDX=0x00007f40059e4c00: <offset 0xf9dc00> in /home/calcul/Téléchargements/jdk1.8.0_40/jre/lib/amd64/server/libjvm.so at 0x00007f4004a47000
RSP=0x00007f3291a6ac10 is pointing into the stack for thread: 0x00007f4000474000
RBP=0x00007f3291a6ace0 is pointing into the stack for thread: 0x00007f4000474000
RSI=0x00007f4000474000 is a thread
RDI=0x00007f3bc7949088 is an oop
fr.ird.voxelidar.voxelisation.extraction.als.LasPointFormat0 
 - klass: 'fr/ird/voxelidar/voxelisation/extraction/als/LasPointFormat0'
R8 =0x00007f3291a6d700 is pointing into the stack for thread: 0x00007f4000474000
R9 =0x000000000000000c is an unknown value
R10=0x00007f3291a6aaf0 is pointing into the stack for thread: 0x00007f4000474000
R11=0x00007f4005b9c720: <offset 0x18d720> in /lib/x86_64-linux-gnu/libc.so.6 at 0x00007f4005a0f000
R12=0x00007f4000474000 is a thread
R13={method} {0x00007f334ff01858} 'getNextPoint' '(J)Lfr/ird/voxelidar/voxelisation/extraction/als/LasPointFormat0;' in 'fr/ird/voxelidar/voxelisation/extraction/als/LazExtraction'
R14=0x00007f40004741f8 is an unknown value
R15=0x00007f3291a6ac70 is pointing into the stack for thread: 0x00007f4000474000


Stack: [0x00007f329196d000,0x00007f3291a6e000],  sp=0x00007f3291a6ac10,  free space=1015k
Native frames: (J=compiled Java code, j=interpreted, Vv=VM code, C=native code)
V  [libjvm.so+0x6d9294]  jni_NewObjectV+0xd4
C  [LasZipLibrary-6665449736683959120.tmp+0xfb73]  JNIEnv_::NewObject(_jclass*, _jmethodID*, ...)+0xb5
C  [LasZipLibrary-6665449736683959120.tmp+0xf94b]  Java_fr_ird_voxelidar_voxelisation_extraction_als_LazExtraction_getNextPoint+0xa6
j  fr.ird.voxelidar.voxelisation.extraction.als.LazExtraction.getNextPoint(J)Lfr/ird/voxelidar/voxelisation/extraction/als/LasPointFormat0;+0
j  fr.ird.voxelidar.FXPrincipal.start(Ljavafx/stage/Stage;)V+28
j  com.sun.javafx.application.LauncherImpl.lambda$launchApplication1$159(Ljava/util/concurrent/atomic/AtomicBoolean;Ljavafx/application/Application;)V+20
j  com.sun.javafx.application.LauncherImpl$$Lambda$58.run()V+8
j  com.sun.javafx.application.PlatformImpl.lambda$runAndWait$172(Ljava/lang/Runnable;Ljava/util/concurrent/CountDownLatch;)V+1
j  com.sun.javafx.application.PlatformImpl$$Lambda$51.run()V+8
j  com.sun.javafx.application.PlatformImpl.lambda$null$170(Ljava/lang/Runnable;)Ljava/lang/Void;+1
j  com.sun.javafx.application.PlatformImpl$$Lambda$53.run()Ljava/lang/Object;+4
v  ~StubRoutines::call_stub
V  [libjvm.so+0x681a56]  JavaCalls::call_helper(JavaValue*, methodHandle*, JavaCallArguments*, Thread*)+0x1056
V  [libjvm.so+0x71980c]  JVM_DoPrivileged+0x27c
j  java.security.AccessController.doPrivileged(Ljava/security/PrivilegedAction;Ljava/security/AccessControlContext;)Ljava/lang/Object;+0
j  com.sun.javafx.application.PlatformImpl.lambda$runLater$171(Ljava/lang/Runnable;Ljava/security/AccessControlContext;)V+7
j  com.sun.javafx.application.PlatformImpl$$Lambda$52.run()V+8
j  com.sun.glass.ui.InvokeLaterDispatcher$Future.run()V+4
v  ~StubRoutines::call_stub
V  [libjvm.so+0x681a56]  JavaCalls::call_helper(JavaValue*, methodHandle*, JavaCallArguments*, Thread*)+0x1056
V  [libjvm.so+0x6c435b]  jni_invoke_nonstatic(JNIEnv_*, JavaValue*, _jobject*, JNICallType, _jmethodID*, JNI_ArgumentPusher*, Thread*)+0x41b
V  [libjvm.so+0x6c871f]  jni_CallVoidMethodV+0x10f
C  [libglass.so+0x1b798]  JNIEnv_::CallVoidMethod(_jobject*, _jmethodID*, ...)+0x98
C  [libglass.so+0x25144]  call_runnable(void*)+0x34
C  [libgdk-x11-2.0.so.0+0x1dcf7]

Java frames: (J=compiled Java code, j=interpreted, Vv=VM code)
j  fr.ird.voxelidar.voxelisation.extraction.als.LazExtraction.getNextPoint(J)Lfr/ird/voxelidar/voxelisation/extraction/als/LasPointFormat0;+0
j  fr.ird.voxelidar.FXPrincipal.start(Ljavafx/stage/Stage;)V+28
j  com.sun.javafx.application.LauncherImpl.lambda$launchApplication1$159(Ljava/util/concurrent/atomic/AtomicBoolean;Ljavafx/application/Application;)V+20
j  com.sun.javafx.application.LauncherImpl$$Lambda$58.run()V+8
j  com.sun.javafx.application.PlatformImpl.lambda$runAndWait$172(Ljava/lang/Runnable;Ljava/util/concurrent/CountDownLatch;)V+1
j  com.sun.javafx.application.PlatformImpl$$Lambda$51.run()V+8
j  com.sun.javafx.application.PlatformImpl.lambda$null$170(Ljava/lang/Runnable;)Ljava/lang/Void;+1
j  com.sun.javafx.application.PlatformImpl$$Lambda$53.run()Ljava/lang/Object;+4
v  ~StubRoutines::call_stub
j  java.security.AccessController.doPrivileged(Ljava/security/PrivilegedAction;Ljava/security/AccessControlContext;)Ljava/lang/Object;+0
j  com.sun.javafx.application.PlatformImpl.lambda$runLater$171(Ljava/lang/Runnable;Ljava/security/AccessControlContext;)V+7
j  com.sun.javafx.application.PlatformImpl$$Lambda$52.run()V+8
j  com.sun.glass.ui.InvokeLaterDispatcher$Future.run()V+4
v  ~StubRoutines::call_stub
j  com.sun.glass.ui.gtk.GtkApplication._runLoop(Ljava/lang/Runnable;Z)V+0
j  com.sun.glass.ui.gtk.GtkApplication.lambda$null$48(Ljava/lang/Runnable;Z)V+7
j  com.sun.glass.ui.gtk.GtkApplication$$Lambda$41.run()V+12
j  java.lang.Thread.run()V+11
v  ~StubRoutines::call_stub

---------------  P R O C E S S  ---------------

Java Threads: ( => current thread )
  0x00007f4000478800 JavaThread "JavaFX-Launcher" [_thread_blocked, id=23587, stack(0x00007f329186c000,0x00007f329196d000)]
=>0x00007f4000474000 JavaThread "JavaFX Application Thread" [_thread_in_vm, id=23586, stack(0x00007f329196d000,0x00007f3291a6e000)]
  0x00007f4000470000 JavaThread "Thread-1" daemon [_thread_blocked, id=23585, stack(0x00007f33440c7000,0x00007f33441c8000)]
  0x00007f40003aa800 JavaThread "QuantumRenderer-0" daemon [_thread_blocked, id=23582, stack(0x00007f334cdd4000,0x00007f334ced5000)]
  0x00007f400023d800 JavaThread "Service Thread" daemon [_thread_blocked, id=23580, stack(0x00007f334cfd6000,0x00007f334d0d7000)]
  0x00007f4000220000 JavaThread "C1 CompilerThread3" daemon [_thread_blocked, id=23579, stack(0x00007f334d0d7000,0x00007f334d1d8000)]
  0x00007f400021e000 JavaThread "C2 CompilerThread2" daemon [_thread_blocked, id=23578, stack(0x00007f334d1d8000,0x00007f334d2d9000)]
  0x00007f400021c000 JavaThread "C2 CompilerThread1" daemon [_thread_blocked, id=23577, stack(0x00007f334d2d9000,0x00007f334d3da000)]
  0x00007f4000219800 JavaThread "C2 CompilerThread0" daemon [_thread_blocked, id=23576, stack(0x00007f334d3da000,0x00007f334d4db000)]
  0x00007f32b8001000 JavaThread "JDWP Command Reader" daemon [_thread_in_native, id=23574, stack(0x00007f334d4db000,0x00007f334d5dc000)]
  0x00007f4000217000 JavaThread "JDWP Event Helper Thread" daemon [_thread_blocked, id=23573, stack(0x00007f334d5dc000,0x00007f334d6dd000)]
  0x00007f4000213800 JavaThread "JDWP Transport Listener: dt_socket" daemon [_thread_blocked, id=23570, stack(0x00007f334d6dd000,0x00007f334d7de000)]
  0x00007f4000207800 JavaThread "Signal Dispatcher" daemon [_thread_blocked, id=23569, stack(0x00007f334d9e2000,0x00007f334dae3000)]
  0x00007f40001d0800 JavaThread "Finalizer" daemon [_thread_blocked, id=23568, stack(0x00007f334dae3000,0x00007f334dbe4000)]
  0x00007f40001ce800 JavaThread "Reference Handler" daemon [_thread_blocked, id=23567, stack(0x00007f334dbe4000,0x00007f334dce5000)]
  0x00007f400000c000 JavaThread "main" [_thread_blocked, id=23557, stack(0x00007f4006506000,0x00007f4006607000)]

Other Threads:
  0x00007f40001c9000 VMThread [stack: 0x00007f334dce5000,0x00007f334dde6000] [id=23566]
  0x00007f4000240800 WatcherThread [stack: 0x00007f334ced5000,0x00007f334cfd6000] [id=23581]

VM state:not at safepoint (normal execution)

VM Mutex/Monitor currently owned by a thread: None

Heap:
 PSYoungGen      total 300544K, used 51610K [0x00007f3bc4b80000, 0x00007f3bd9a80000, 0x00007f3fef600000)
  eden space 258048K, 20% used [0x00007f3bc4b80000,0x00007f3bc7de6910,0x00007f3bd4780000)
  from space 42496K, 0% used [0x00007f3bd7100000,0x00007f3bd7100000,0x00007f3bd9a80000)
  to   space 42496K, 0% used [0x00007f3bd4780000,0x00007f3bd4780000,0x00007f3bd7100000)
 ParOldGen       total 687104K, used 0K [0x00007f336f600000, 0x00007f3399500000, 0x00007f3bc4b80000)
  object space 687104K, 0% used [0x00007f336f600000,0x00007f336f600000,0x00007f3399500000)
 Metaspace       used 8273K, capacity 8849K, committed 8960K, reserved 10240K

Card table byte_map: [0x00007f33691ff000,0x00007f336f600000] byte_map_base: 0x00007ef3cf684000

Marking Bits: (ParMarkBitMap*) 0x00007f40059e46c0
 Begin Bits: [0x00007f32d4000000, 0x00007f3306000000)
 End Bits:   [0x00007f3306000000, 0x00007f3338000000)

Polling page: 0x00007f400662d000

CodeCache: size=245760Kb used=2488Kb max_used=2488Kb free=243271Kb
 bounds [0x00007f3fefa85000, 0x00007f3fefcf5000, 0x00007f3ffea85000]
 total_blobs=1025 nmethods=603 adapters=344
 compilation: enabled

Compilation events (10 events):
Event: 0,630 Thread 0x00007f4000220000  599       3       java.lang.String::getBytes (27 bytes)
Event: 0,630 Thread 0x00007f4000220000 nmethod 599 0x00007f3fefcef8d0 code [0x00007f3fefcefa60, 0x00007f3fefcefcf8]
Event: 0,630 Thread 0x00007f4000220000  600   !   3       java.lang.StringCoding::encode (120 bytes)
Event: 0,632 Thread 0x00007f4000220000 nmethod 600 0x00007f3fefcf0e10 code [0x00007f3fefcf1160, 0x00007f3fefcf2b98]
Event: 0,635 Thread 0x00007f4000220000  601       3       java.nio.Buffer::position (43 bytes)
Event: 0,635 Thread 0x00007f4000220000 nmethod 601 0x00007f3fefcef110 code [0x00007f3fefcef2a0, 0x00007f3fefcef568]
Event: 0,635 Thread 0x00007f4000220000  602       3       java.lang.ThreadLocal::get (38 bytes)
Event: 0,635 Thread 0x00007f4000220000 nmethod 602 0x00007f3fefceea10 code [0x00007f3fefceeba0, 0x00007f3fefceef48]
Event: 0,635 Thread 0x00007f4000220000  603       3       java.lang.ThreadLocal$ThreadLocalMap::getEntry (42 bytes)
Event: 0,636 Thread 0x00007f4000220000 nmethod 603 0x00007f3fefcee410 code [0x00007f3fefcee580, 0x00007f3fefcee8a8]

GC Heap History (0 events):
No events

Deoptimization events (2 events):
Event: 0,507 Thread 0x00007f4000474000 Uncommon trap: reason=unstable_if action=reinterpret pc=0x00007f3fefc40464 method=java.lang.String.replace(CC)Ljava/lang/String; @ 2
Event: 0,528 Thread 0x00007f4000474000 Uncommon trap: reason=unstable_if action=reinterpret pc=0x00007f3fefc6cc70 method=java.lang.String.indexOf([CII[CIII)I @ 134

Internal exceptions (10 events):
Event: 0,593 Thread 0x00007f4000474000 Exception <a 'java/lang/ClassNotFoundException': org/apache/log4j/RollingFileAppenderBeanInfo> (0x00007f3bc6deed18) thrown at [/HUDSON/workspace/8-2-build-linux-amd64/jdk8u40/3098/hotspot/src/share/vm/classfile/systemDictionary.cpp, line 210]
Event: 0,594 Thread 0x00007f4000474000 Exception <a 'java/lang/ClassNotFoundException': org/apache/log4j/FileAppenderBeanInfo> (0x00007f3bc6df8a98) thrown at [/HUDSON/workspace/8-2-build-linux-amd64/jdk8u40/3098/hotspot/src/share/vm/classfile/systemDictionary.cpp, line 210]
Event: 0,594 Thread 0x00007f4000474000 Exception <a 'java/lang/ClassNotFoundException': org/apache/log4j/WriterAppenderBeanInfo> (0x00007f3bc6e02ae8) thrown at [/HUDSON/workspace/8-2-build-linux-amd64/jdk8u40/3098/hotspot/src/share/vm/classfile/systemDictionary.cpp, line 210]
Event: 0,595 Thread 0x00007f4000474000 Exception <a 'java/lang/ClassNotFoundException': org/apache/log4j/AppenderSkeletonBeanInfo> (0x00007f3bc6e0ce78) thrown at [/HUDSON/workspace/8-2-build-linux-amd64/jdk8u40/3098/hotspot/src/share/vm/classfile/systemDictionary.cpp, line 210]
Event: 0,595 Thread 0x00007f4000474000 Exception <a 'java/lang/ClassNotFoundException': org/apache/log4j/AppenderSkeletonCustomizer> (0x00007f3bc6e17998) thrown at [/HUDSON/workspace/8-2-build-linux-amd64/jdk8u40/3098/hotspot/src/share/vm/classfile/systemDictionary.cpp, line 210]
Event: 0,598 Thread 0x00007f4000474000 Exception <a 'java/lang/ClassNotFoundException': org/apache/log4j/WriterAppenderCustomizer> (0x00007f3bc6e3bb80) thrown at [/HUDSON/workspace/8-2-build-linux-amd64/jdk8u40/3098/hotspot/src/share/vm/classfile/systemDictionary.cpp, line 210]
Event: 0,599 Thread 0x00007f4000474000 Exception <a 'java/lang/ClassNotFoundException': org/apache/log4j/FileAppenderCustomizer> (0x00007f3bc6e56360) thrown at [/HUDSON/workspace/8-2-build-linux-amd64/jdk8u40/3098/hotspot/src/share/vm/classfile/systemDictionary.cpp, line 210]
Event: 0,601 Thread 0x00007f4000474000 Exception <a 'java/lang/ClassNotFoundException': org/apache/log4j/RollingFileAppenderCustomizer> (0x00007f3bc6e72770) thrown at [/HUDSON/workspace/8-2-build-linux-amd64/jdk8u40/3098/hotspot/src/share/vm/classfile/systemDictionary.cpp, line 210]
Event: 0,608 Thread 0x00007f4000474000 Exception <a 'java/lang/ClassNotFoundException': org/apache/log4j/ConsoleAppenderBeanInfo> (0x00007f3bc6eb38e0) thrown at [/HUDSON/workspace/8-2-build-linux-amd64/jdk8u40/3098/hotspot/src/share/vm/classfile/systemDictionary.cpp, line 210]
Event: 0,608 Thread 0x00007f4000474000 Exception <a 'java/lang/ClassNotFoundException': org/apache/log4j/ConsoleAppenderCustomizer> (0x00007f3bc6ebdba8) thrown at [/HUDSON/workspace/8-2-build-linux-amd64/jdk8u40/3098/hotspot/src/share/vm/classfile/systemDictionary.cpp, line 210]

Events (10 events):
Event: 0,634 loading class java/io/FileOutputStream$1
Event: 0,634 loading class java/io/FileOutputStream$1 done
Event: 0,636 loading class fr/ird/voxelidar/voxelisation/extraction/als/LasPointFormat0
Event: 0,636 loading class fr/ird/voxelidar/voxelisation/extraction/als/LasPointFormat0 done
Event: 0,636 Thread 0x00007f4000474000 DEOPT PACKING pc=0x00007f3fefc88151 sp=0x00007f3291a6a2a0
Event: 0,636 Thread 0x00007f4000474000 DEOPT UNPACKING pc=0x00007f3fefacc633 sp=0x00007f3291a6a010 mode 1
Event: 0,636 Thread 0x00007f4000474000 DEOPT PACKING pc=0x00007f3fefc0f12c sp=0x00007f3291a6a320
Event: 0,636 Thread 0x00007f4000474000 DEOPT UNPACKING pc=0x00007f3fefacc633 sp=0x00007f3291a6a160 mode 1
Event: 0,636 Thread 0x00007f4000474000 DEOPT PACKING pc=0x00007f3fefc0eecc sp=0x00007f3291a6a4b0
Event: 0,636 Thread 0x00007f4000474000 DEOPT UNPACKING pc=0x00007f3fefacc633 sp=0x00007f3291a6a2f0 mode 1


Dynamic libraries:
00400000-00401000 r-xp 00000000 08:03 107611431                          /home/calcul/Téléchargements/jdk1.8.0_40/jre/bin/java
00600000-00601000 rw-p 00000000 08:03 107611431                          /home/calcul/Téléchargements/jdk1.8.0_40/jre/bin/java
0072f000-00750000 rw-p 00000000 00:00 0                                  [heap]
7f327c000000-7f327c71c000 rw-p 00000000 00:00 0 
7f327c71c000-7f3280000000 ---p 00000000 00:00 0 
7f3280000000-7f3280021000 rw-p 00000000 00:00 0 
7f3280021000-7f3284000000 ---p 00000000 00:00 0 
7f3284000000-7f3284022000 rw-p 00000000 00:00 0 
7f3284022000-7f3288000000 ---p 00000000 00:00 0 
7f3288000000-7f3288021000 rw-p 00000000 00:00 0 
7f3288021000-7f328c000000 ---p 00000000 00:00 0 
7f328c000000-7f328c021000 rw-p 00000000 00:00 0 
7f328c021000-7f3290000000 ---p 00000000 00:00 0 
7f32913c8000-7f32913ec000 r-xp 00000000 08:01 131156                     /tmp/LasZipLibrary-6665449736683959120.tmp
7f32913ec000-7f32915eb000 ---p 00024000 08:01 131156                     /tmp/LasZipLibrary-6665449736683959120.tmp
7f32915eb000-7f32915ed000 r--p 00023000 08:01 131156                     /tmp/LasZipLibrary-6665449736683959120.tmp
7f32915ed000-7f32915ee000 rw-p 00025000 08:01 131156                     /tmp/LasZipLibrary-6665449736683959120.tmp
7f32915ee000-7f329160a000 r--s 00393000 08:03 107611383                  /home/calcul/Téléchargements/jdk1.8.0_40/jre/lib/ext/cldrdata.jar
7f329160a000-7f3291615000 r--s 00116000 08:03 107611377                  /home/calcul/Téléchargements/jdk1.8.0_40/jre/lib/ext/localedata.jar
7f3291615000-7f32916d5000 rw-p 00000000 00:00 0 
7f32916d5000-7f3291815000 ---p 00000000 00:00 0 
7f3291815000-7f3291827000 r--s 000d8000 08:03 110627261                  /home/calcul/Documents/Julien/VoxeLidar/trunk/VoxeLidarGUIFX/target/lib/controlsfx-8.20.8.jar
7f3291827000-7f329186c000 r--s 0068d000 08:03 110625170                  /home/calcul/Documents/Julien/VoxeLidar/trunk/VoxeLidarGUIFX/target/lib/gdx-tools-1.1.0.jar
7f329186c000-7f329186f000 ---p 00000000 00:00 0 
7f329186f000-7f329196d000 rw-p 00000000 00:00 0                          [stack:23587]
7f329196d000-7f3291970000 ---p 00000000 00:00 0 
7f3291970000-7f3291a6e000 rw-p 00000000 00:00 0                          [stack:23586]
7f3291a6e000-7f3291a6f000 ---p 00000000 00:00 0 
7f3291a6f000-7f329226f000 rw-p 00000000 00:00 0                          [stack:23584]
7f329226f000-7f3292270000 ---p 00000000 00:00 0 
7f3292270000-7f3292a70000 rw-p 00000000 00:00 0                          [stack:23583]
7f3292a70000-7f3292a7b000 r-xp 00000000 08:01 656478                     /usr/lib/x86_64-linux-gnu/gio/modules/libdconfsettings.so
7f3292a7b000-7f3292c7a000 ---p 0000b000 08:01 656478                     /usr/lib/x86_64-linux-gnu/gio/modules/libdconfsettings.so
7f3292c7a000-7f3292c7b000 r--p 0000a000 08:01 656478                     /usr/lib/x86_64-linux-gnu/gio/modules/libdconfsettings.so
7f3292c7b000-7f3292c7c000 rw-p 0000b000 08:01 656478                     /usr/lib/x86_64-linux-gnu/gio/modules/libdconfsettings.so
7f3292c7c000-7f3292c83000 r-xp 00000000 08:01 270532                     /usr/lib/x86_64-linux-gnu/libogg.so.0.8.1
7f3292c83000-7f3292e83000 ---p 00007000 08:01 270532                     /usr/lib/x86_64-linux-gnu/libogg.so.0.8.1
7f3292e83000-7f3292e84000 r--p 00007000 08:01 270532                     /usr/lib/x86_64-linux-gnu/libogg.so.0.8.1
7f3292e84000-7f3292e85000 rw-p 00008000 08:01 270532                     /usr/lib/x86_64-linux-gnu/libogg.so.0.8.1
7f3292e85000-7f3292eb0000 r-xp 00000000 08:01 270763                     /usr/lib/x86_64-linux-gnu/libvorbis.so.0.4.5
7f3292eb0000-7f32930b0000 ---p 0002b000 08:01 270763                     /usr/lib/x86_64-linux-gnu/libvorbis.so.0.4.5
7f32930b0000-7f32930b1000 r--p 0002b000 08:01 270763                     /usr/lib/x86_64-linux-gnu/libvorbis.so.0.4.5
7f32930b1000-7f32930b2000 rw-p 0002c000 08:01 270763                     /usr/lib/x86_64-linux-gnu/libvorbis.so.0.4.5
7f32930b2000-7f32930bb000 r-xp 00000000 08:01 270454                     /usr/lib/x86_64-linux-gnu/libltdl.so.7.3.0
7f32930bb000-7f32932ba000 ---p 00009000 08:01 270454                     /usr/lib/x86_64-linux-gnu/libltdl.so.7.3.0
7f32932ba000-7f32932bb000 r--p 00008000 08:01 270454                     /usr/lib/x86_64-linux-gnu/libltdl.so.7.3.0
7f32932bb000-7f32932bc000 rw-p 00009000 08:01 270454                     /usr/lib/x86_64-linux-gnu/libltdl.so.7.3.0
7f32932bc000-7f32932ce000 r-xp 00000000 08:01 270696                     /usr/lib/x86_64-linux-gnu/libtdb.so.1.2.11
7f32932ce000-7f32934cd000 ---p 00012000 08:01 270696                     /usr/lib/x86_64-linux-gnu/libtdb.so.1.2.11
7f32934cd000-7f32934ce000 r--p 00011000 08:01 270696                     /usr/lib/x86_64-linux-gnu/libtdb.so.1.2.11
7f32934ce000-7f32934cf000 rw-p 00012000 08:01 270696                     /usr/lib/x86_64-linux-gnu/libtdb.so.1.2.11
7f32934cf000-7f32934d6000 r-xp 00000000 08:01 270767                     /usr/lib/x86_64-linux-gnu/libvorbisfile.so.3.3.4
7f32934d6000-7f32936d5000 ---p 00007000 08:01 270767                     /usr/lib/x86_64-linux-gnu/libvorbisfile.so.3.3.4
7f32936d5000-7f32936d6000 r--p 00006000 08:01 270767                     /usr/lib/x86_64-linux-gnu/libvorbisfile.so.3.3.4
7f32936d6000-7f32936d7000 rw-p 00007000 08:01 270767                     /usr/lib/x86_64-linux-gnu/libvorbisfile.so.3.3.4
7f32936d7000-7f32936e6000 r-xp 00000000 08:01 269997                     /usr/lib/x86_64-linux-gnu/libcanberra.so.0.2.5
7f32936e6000-7f32938e5000 ---p 0000f000 08:01 269997                     /usr/lib/x86_64-linux-gnu/libcanberra.so.0.2.5
7f32938e5000-7f32938e6000 r--p 0000e000 08:01 269997                     /usr/lib/x86_64-linux-gnu/libcanberra.so.0.2.5
7f32938e6000-7f32938e7000 rw-p 0000f000 08:01 269997                     /usr/lib/x86_64-linux-gnu/libcanberra.so.0.2.5
7f32938e7000-7f32938eb000 r-xp 00000000 08:01 269993                     /usr/lib/x86_64-linux-gnu/libcanberra-gtk.so.0.1.9
7f32938eb000-7f3293aea000 ---p 00004000 08:01 269993                     /usr/lib/x86_64-linux-gnu/libcanberra-gtk.so.0.1.9
7f3293aea000-7f3293aeb000 r--p 00003000 08:01 269993                     /usr/lib/x86_64-linux-gnu/libcanberra-gtk.so.0.1.9
7f3293aeb000-7f3293aec000 rw-p 00004000 08:01 269993                     /usr/lib/x86_64-linux-gnu/libcanberra-gtk.so.0.1.9
7f3293aec000-7f3293af1000 r-xp 00000000 08:01 656734                     /usr/lib/x86_64-linux-gnu/gtk-2.0/modules/libcanberra-gtk-module.so
7f3293af1000-7f3293cf0000 ---p 00005000 08:01 656734                     /usr/lib/x86_64-linux-gnu/gtk-2.0/modules/libcanberra-gtk-module.so
7f3293cf0000-7f3293cf1000 r--p 00004000 08:01 656734                     /usr/lib/x86_64-linux-gnu/gtk-2.0/modules/libcanberra-gtk-module.so
7f3293cf1000-7f3293cf2000 rw-p 00005000 08:01 656734                     /usr/lib/x86_64-linux-gnu/gtk-2.0/modules/libcanberra-gtk-module.so
7f3293cf2000-7f3293d21000 r-xp 00000000 08:01 656716                     /usr/lib/x86_64-linux-gnu/gtk-2.0/2.10.0/engines/libmurrine.so
7f3293d21000-7f3293f21000 ---p 0002f000 08:01 656716                     /usr/lib/x86_64-linux-gnu/gtk-2.0/2.10.0/engines/libmurrine.so
7f3293f21000-7f3293f22000 r--p 0002f000 08:01 656716                     /usr/lib/x86_64-linux-gnu/gtk-2.0/2.10.0/engines/libmurrine.so
7f3293f22000-7f3293f23000 rw-p 00030000 08:01 656716                     /usr/lib/x86_64-linux-gnu/gtk-2.0/2.10.0/engines/libmurrine.so
7f3293f23000-7f3293f34000 r-xp 00000000 08:01 656737                     /usr/lib/x86_64-linux-gnu/gtk-2.0/modules/liboverlay-scrollbar.so
7f3293f34000-7f3294133000 ---p 00011000 08:01 656737                     /usr/lib/x86_64-linux-gnu/gtk-2.0/modules/liboverlay-scrollbar.so
7f3294133000-7f3294134000 r--p 00010000 08:01 656737                     /usr/lib/x86_64-linux-gnu/gtk-2.0/modules/liboverlay-scrollbar.so
7f3294134000-7f3294135000 rw-p 00011000 08:01 656737                     /usr/lib/x86_64-linux-gnu/gtk-2.0/modules/liboverlay-scrollbar.so
7f3294135000-7f3294160000 r-xp 00000000 08:03 107611297                  /home/calcul/Téléchargements/jdk1.8.0_40/jre/lib/amd64/libglass.so
7f3294160000-7f329435f000 ---p 0002b000 08:03 107611297                  /home/calcul/Téléchargements/jdk1.8.0_40/jre/lib/amd64/libglass.so
7f329435f000-7f3294361000 r--p 0002a000 08:03 107611297                  /home/calcul/Téléchargements/jdk1.8.0_40/jre/lib/amd64/libglass.so
7f3294361000-7f3294362000 rw-p 0002c000 08:03 107611297                  /home/calcul/Téléchargements/jdk1.8.0_40/jre/lib/amd64/libglass.so
7f3294362000-7f3294363000 rw-p 00000000 00:00 0 
7f3294363000-7f3294395000 r-xp 00000000 08:01 270722                     /usr/lib/x86_64-linux-gnu/libtxc_dxtn_s2tc.so.0.0.0
7f3294395000-7f3294594000 ---p 00032000 08:01 270722                     /usr/lib/x86_64-linux-gnu/libtxc_dxtn_s2tc.so.0.0.0
7f3294594000-7f3294595000 r--p 00031000 08:01 270722                     /usr/lib/x86_64-linux-gnu/libtxc_dxtn_s2tc.so.0.0.0
7f3294595000-7f3294596000 rw-p 00032000 08:01 270722                     /usr/lib/x86_64-linux-gnu/libtxc_dxtn_s2tc.so.0.0.0
7f3294596000-7f3295ad9000 r-xp 00000000 08:01 269745                     /usr/lib/x86_64-linux-gnu/libLLVM-3.3.so.1
7f3295ad9000-7f3295ada000 ---p 01543000 08:01 269745                     /usr/lib/x86_64-linux-gnu/libLLVM-3.3.so.1
7f3295ada000-7f3295bef000 r--p 01543000 08:01 269745                     /usr/lib/x86_64-linux-gnu/libLLVM-3.3.so.1
7f3295bef000-7f3295bf1000 rw-p 01658000 08:01 269745                     /usr/lib/x86_64-linux-gnu/libLLVM-3.3.so.1
7f3295bf1000-7f3295c04000 rw-p 00000000 00:00 0 
7f3295c04000-7f3295c09000 r-xp 00000000 08:01 268846                     /usr/lib/x86_64-linux-gnu/libdrm_nouveau.so.2.0.0
7f3295c09000-7f3295e08000 ---p 00005000 08:01 268846                     /usr/lib/x86_64-linux-gnu/libdrm_nouveau.so.2.0.0
7f3295e08000-7f3295e09000 r--p 00004000 08:01 268846                     /usr/lib/x86_64-linux-gnu/libdrm_nouveau.so.2.0.0
7f3295e09000-7f3295e0a000 rw-p 00005000 08:01 268846                     /usr/lib/x86_64-linux-gnu/libdrm_nouveau.so.2.0.0
7f3295e0a000-7f3296028000 r-xp 00000000 08:01 270170                     /usr/lib/x86_64-linux-gnu/libgallium.so.0.0.0
7f3296028000-7f3296227000 ---p 0021e000 08:01 270170                     /usr/lib/x86_64-linux-gnu/libgallium.so.0.0.0
7f3296227000-7f3296238000 r--p 0021d000 08:01 270170                     /usr/lib/x86_64-linux-gnu/libgallium.so.0.0.0
7f3296238000-7f329623b000 rw-p 0022e000 08:01 270170                     /usr/lib/x86_64-linux-gnu/libgallium.so.0.0.0
7f329623b000-7f3296403000 rw-p 00000000 00:00 0 
7f3296403000-7f32967c1000 r-xp 00000000 08:01 270081                     /usr/lib/x86_64-linux-gnu/libdricore9.2.1.so.1.0.0
7f32967c1000-7f32969c0000 ---p 003be000 08:01 270081                     /usr/lib/x86_64-linux-gnu/libdricore9.2.1.so.1.0.0
7f32969c0000-7f32969d0000 r--p 003bd000 08:01 270081                     /usr/lib/x86_64-linux-gnu/libdricore9.2.1.so.1.0.0
7f32969d0000-7f32969d8000 rw-p 003cd000 08:01 270081                     /usr/lib/x86_64-linux-gnu/libdricore9.2.1.so.1.0.0
7f32969d8000-7f32969f0000 rw-p 00000000 00:00 0 
7f32969f0000-7f3296b42000 r-xp 00000000 08:01 655813                     /usr/lib/x86_64-linux-gnu/dri/nouveau_dri.so
7f3296b42000-7f3296d41000 ---p 00152000 08:01 655813                     /usr/lib/x86_64-linux-gnu/dri/nouveau_dri.so
7f3296d41000-7f3296d44000 r--p 00151000 08:01 655813                     /usr/lib/x86_64-linux-gnu/dri/nouveau_dri.so
7f3296d44000-7f3296d46000 rw-p 00154000 08:01 655813                     /usr/lib/x86_64-linux-gnu/dri/nouveau_dri.so
7f3296d46000-7f3296d48000 rw-p 00000000 00:00 0 
7f3296d48000-7f3296d4e000 r-xp 00000000 08:01 270058                     /usr/lib/x86_64-linux-gnu/libdatrie.so.1.2.0
7f3296d4e000-7f3296f4d000 ---p 00006000 08:01 270058                     /usr/lib/x86_64-linux-gnu/libdatrie.so.1.2.0
7f3296f4d000-7f3296f4e000 r--p 00005000 08:01 270058                     /usr/lib/x86_64-linux-gnu/libdatrie.so.1.2.0
7f3296f4e000-7f3296f4f000 rw-p 00006000 08:01 270058                     /usr/lib/x86_64-linux-gnu/libdatrie.so.1.2.0
7f3296f4f000-7f3296f54000 r-xp 00000000 08:01 269880                     /usr/lib/x86_64-linux-gnu/libXdmcp.so.6.0.0
7f3296f54000-7f3297153000 ---p 00005000 08:01 269880                     /usr/lib/x86_64-linux-gnu/libXdmcp.so.6.0.0
7f3297153000-7f3297154000 r--p 00004000 08:01 269880                     /usr/lib/x86_64-linux-gnu/libXdmcp.so.6.0.0
7f3297154000-7f3297155000 rw-p 00005000 08:01 269880                     /usr/lib/x86_64-linux-gnu/libXdmcp.so.6.0.0
7f3297155000-7f3297157000 r-xp 00000000 08:01 269869                     /usr/lib/x86_64-linux-gnu/libXau.so.6.0.0
7f3297157000-7f3297357000 ---p 00002000 08:01 269869                     /usr/lib/x86_64-linux-gnu/libXau.so.6.0.0
7f3297357000-7f3297358000 r--p 00002000 08:01 269869                     /usr/lib/x86_64-linux-gnu/libXau.so.6.0.0
7f3297358000-7f3297359000 rw-p 00003000 08:01 269869                     /usr/lib/x86_64-linux-gnu/libXau.so.6.0.0
7f3297359000-7f3297371000 r-xp 00000000 08:01 270266                     /usr/lib/x86_64-linux-gnu/libgraphite2.so.3.0.1
7f3297371000-7f3297570000 ---p 00018000 08:01 270266                     /usr/lib/x86_64-linux-gnu/libgraphite2.so.3.0.1
7f3297570000-7f3297572000 r--p 00017000 08:01 270266                     /usr/lib/x86_64-linux-gnu/libgraphite2.so.3.0.1
7f3297572000-7f3297573000 rw-p 00019000 08:01 270266                     /usr/lib/x86_64-linux-gnu/libgraphite2.so.3.0.1
7f3297573000-7f329757e000 r-xp 00000000 08:01 269859                     /usr/lib/x86_64-linux-gnu/libdrm.so.2.4.0
7f329757e000-7f329777d000 ---p 0000b000 08:01 269859                     /usr/lib/x86_64-linux-gnu/libdrm.so.2.4.0
7f329777d000-7f329777e000 r--p 0000a000 08:01 269859                     /usr/lib/x86_64-linux-gnu/libdrm.so.2.4.0
7f329777e000-7f329777f000 rw-p 0000b000 08:01 269859                     /usr/lib/x86_64-linux-gnu/libdrm.so.2.4.0
7f329777f000-7f3297782000 r-xp 00000000 08:01 270795                     /usr/lib/x86_64-linux-gnu/libxcb-dri2.so.0.0.0
7f3297782000-7f3297982000 ---p 00003000 08:01 270795                     /usr/lib/x86_64-linux-gnu/libxcb-dri2.so.0.0.0
7f3297982000-7f3297983000 r--p 00003000 08:01 270795                     /usr/lib/x86_64-linux-gnu/libxcb-dri2.so.0.0.0
7f3297983000-7f3297984000 rw-p 00004000 08:01 270795                     /usr/lib/x86_64-linux-gnu/libxcb-dri2.so.0.0.0
7f3297984000-7f3297999000 r-xp 00000000 08:01 270797                     /usr/lib/x86_64-linux-gnu/libxcb-glx.so.0.0.0
7f3297999000-7f3297b98000 ---p 00015000 08:01 270797                     /usr/lib/x86_64-linux-gnu/libxcb-glx.so.0.0.0
7f3297b98000-7f3297b9a000 r--p 00014000 08:01 270797                     /usr/lib/x86_64-linux-gnu/libxcb-glx.so.0.0.0
7f3297b9a000-7f3297b9b000 rw-p 00016000 08:01 270797                     /usr/lib/x86_64-linux-gnu/libxcb-glx.so.0.0.0
7f3297b9b000-7f3297bbc000 r-xp 00000000 08:01 270224                     /usr/lib/x86_64-linux-gnu/libglapi.so.0.0.0
7f3297bbc000-7f3297dbc000 ---p 00021000 08:01 270224                     /usr/lib/x86_64-linux-gnu/libglapi.so.0.0.0
7f3297dbc000-7f3297dbf000 r--p 00021000 08:01 270224                     /usr/lib/x86_64-linux-gnu/libglapi.so.0.0.0
7f3297dbf000-7f3297dc0000 rw-p 00024000 08:01 270224                     /usr/lib/x86_64-linux-gnu/libglapi.so.0.0.0
7f3297dc0000-7f3297dc1000 rw-p 00000000 00:00 0 
7f3297dc1000-7f3297dfe000 r-xp 00000000 08:01 2363280                    /lib/x86_64-linux-gnu/libpcre.so.3.13.1
7f3297dfe000-7f3297ffe000 ---p 0003d000 08:01 2363280                    /lib/x86_64-linux-gnu/libpcre.so.3.13.1
7f3297ffe000-7f3297fff000 r--p 0003d000 08:01 2363280                    /lib/x86_64-linux-gnu/libpcre.so.3.13.1
7f3297fff000-7f3298000000 rw-p 0003e000 08:01 2363280                    /lib/x86_64-linux-gnu/libpcre.so.3.13.1
7f3298000000-7f3298021000 rw-p 00000000 00:00 0 
7f3298021000-7f329c000000 ---p 00000000 00:00 0 
7f329c000000-7f329c217000 rw-p 00000000 00:00 0 
7f329c217000-7f32a0000000 ---p 00000000 00:00 0 
7f32a0000000-7f32a01a0000 rw-p 00000000 00:00 0 
7f32a01a0000-7f32a4000000 ---p 00000000 00:00 0 
7f32a4000000-7f32a4021000 rw-p 00000000 00:00 0 
7f32a4021000-7f32a8000000 ---p 00000000 00:00 0 
7f32a8000000-7f32a81d0000 rw-p 00000000 00:00 0 
7f32a81d0000-7f32ac000000 ---p 00000000 00:00 0 
7f32ac000000-7f32ac286000 rw-p 00000000 00:00 0 
7f32ac286000-7f32b0000000 ---p 00000000 00:00 0 
7f32b0000000-7f32b0021000 rw-p 00000000 00:00 0 
7f32b0021000-7f32b4000000 ---p 00000000 00:00 0 
7f32b4000000-7f32b41d2000 rw-p 00000000 00:00 0 
7f32b41d2000-7f32b8000000 ---p 00000000 00:00 0 
7f32b8000000-7f32b8021000 rw-p 00000000 00:00 0 
7f32b8021000-7f32bc000000 ---p 00000000 00:00 0 
7f32bc000000-7f32bc021000 rw-p 00000000 00:00 0 
7f32bc021000-7f32c0000000 ---p 00000000 00:00 0 
7f32c0000000-7f32c0021000 rw-p 00000000 00:00 0 
7f32c0021000-7f32c4000000 ---p 00000000 00:00 0 
7f32c4000000-7f32c4021000 rw-p 00000000 00:00 0 
7f32c4021000-7f32c8000000 ---p 00000000 00:00 0 
7f32c8000000-7f32c8021000 rw-p 00000000 00:00 0 
7f32c8021000-7f32cc000000 ---p 00000000 00:00 0 
7f32cc001000-7f32cc004000 rw-p 00000000 00:00 0 
7f32cc004000-7f32cc009000 r--s 00094000 08:03 107611371                  /home/calcul/Téléchargements/jdk1.8.0_40/jre/lib/jsse.jar
7f32cc009000-7f32cc00c000 r--s 00022000 08:03 110625119                  /home/calcul/Documents/Julien/VoxeLidar/trunk/VoxeLidarGUIFX/target/lib/openjfx-dialogs-1.0.2.jar
7f32cc00c000-7f32cc012000 r--s 0004b000 08:03 110625169                  /home/calcul/Documents/Julien/VoxeLidar/trunk/VoxeLidarGUIFX/target/lib/jcommon-1.0.23.jar
7f32cc012000-7f32cc023000 r--s 0016e000 08:03 110625118                  /home/calcul/Documents/Julien/VoxeLidar/trunk/VoxeLidarGUIFX/target/lib/jfreechart-1.0.19.jar
7f32cc023000-7f32cc024000 r-xp 00000000 08:01 269863                     /usr/lib/x86_64-linux-gnu/libX11-xcb.so.1.0.0
7f32cc024000-7f32cc223000 ---p 00001000 08:01 269863                     /usr/lib/x86_64-linux-gnu/libX11-xcb.so.1.0.0
7f32cc223000-7f32cc224000 r--p 00000000 08:01 269863                     /usr/lib/x86_64-linux-gnu/libX11-xcb.so.1.0.0
7f32cc224000-7f32cc225000 rw-p 00001000 08:01 269863                     /usr/lib/x86_64-linux-gnu/libX11-xcb.so.1.0.0
7f32cc225000-7f32cc22c000 r-xp 00000000 08:01 270117                     /usr/lib/x86_64-linux-gnu/libffi.so.6.0.1
7f32cc22c000-7f32cc42b000 ---p 00007000 08:01 270117                     /usr/lib/x86_64-linux-gnu/libffi.so.6.0.1
7f32cc42b000-7f32cc42c000 r--p 00006000 08:01 270117                     /usr/lib/x86_64-linux-gnu/libffi.so.6.0.1
7f32cc42c000-7f32cc42d000 rw-p 00007000 08:01 270117                     /usr/lib/x86_64-linux-gnu/libffi.so.6.0.1
7f32cc42d000-7f32cc454000 r-xp 00000000 08:01 2363202                    /lib/x86_64-linux-gnu/libexpat.so.1.6.0
7f32cc454000-7f32cc654000 ---p 00027000 08:01 2363202                    /lib/x86_64-linux-gnu/libexpat.so.1.6.0
7f32cc654000-7f32cc656000 r--p 00027000 08:01 2363202                    /lib/x86_64-linux-gnu/libexpat.so.1.6.0
7f32cc656000-7f32cc657000 rw-p 00029000 08:01 2363202                    /lib/x86_64-linux-gnu/libexpat.so.1.6.0
7f32cc657000-7f32cc65f000 r-xp 00000000 08:01 270706                     /usr/lib/x86_64-linux-gnu/libthai.so.0.2.0
7f32cc65f000-7f32cc85e000 ---p 00008000 08:01 270706                     /usr/lib/x86_64-linux-gnu/libthai.so.0.2.0
7f32cc85e000-7f32cc85f000 r--p 00007000 08:01 270706                     /usr/lib/x86_64-linux-gnu/libthai.so.0.2.0
7f32cc85f000-7f32cc860000 rw-p 00008000 08:01 270706                     /usr/lib/x86_64-linux-gnu/libthai.so.0.2.0
7f32cc860000-7f32cc87d000 r-xp 00000000 08:01 270821                     /usr/lib/x86_64-linux-gnu/libxcb.so.1.1.0
7f32cc87d000-7f32cca7c000 ---p 0001d000 08:01 270821                     /usr/lib/x86_64-linux-gnu/libxcb.so.1.1.0
7f32cca7c000-7f32cca7d000 r--p 0001c000 08:01 270821                     /usr/lib/x86_64-linux-gnu/libxcb.so.1.1.0
7f32cca7d000-7f32cca7e000 rw-p 0001d000 08:01 270821                     /usr/lib/x86_64-linux-gnu/libxcb.so.1.1.0
7f32cca7e000-7f32cca86000 r-xp 00000000 08:01 270809                     /usr/lib/x86_64-linux-gnu/libxcb-render.so.0.0.0
7f32cca86000-7f32ccc85000 ---p 00008000 08:01 270809                     /usr/lib/x86_64-linux-gnu/libxcb-render.so.0.0.0
7f32ccc85000-7f32ccc86000 r--p 00007000 08:01 270809                     /usr/lib/x86_64-linux-gnu/libxcb-render.so.0.0.0
7f32ccc86000-7f32ccc87000 rw-p 00008000 08:01 270809                     /usr/lib/x86_64-linux-gnu/libxcb-render.so.0.0.0
7f32ccc87000-7f32ccc89000 r-xp 00000000 08:01 270813                     /usr/lib/x86_64-linux-gnu/libxcb-shm.so.0.0.0
7f32ccc89000-7f32cce88000 ---p 00002000 08:01 270813                     /usr/lib/x86_64-linux-gnu/libxcb-shm.so.0.0.0
7f32cce88000-7f32cce89000 r--p 00001000 08:01 270813                     /usr/lib/x86_64-linux-gnu/libxcb-shm.so.0.0.0
7f32cce89000-7f32cce8a000 rw-p 00002000 08:01 270813                     /usr/lib/x86_64-linux-gnu/libxcb-shm.so.0.0.0
7f32cce8a000-7f32cceaf000 r-xp 00000000 08:01 2363292                    /lib/x86_64-linux-gnu/libpng12.so.0.49.0
7f32cceaf000-7f32cd0ae000 ---p 00025000 08:01 2363292                    /lib/x86_64-linux-gnu/libpng12.so.0.49.0
7f32cd0ae000-7f32cd0af000 r--p 00024000 08:01 2363292                    /lib/x86_64-linux-gnu/libpng12.so.0.49.0
7f32cd0af000-7f32cd0b0000 rw-p 00025000 08:01 2363292                    /lib/x86_64-linux-gnu/libpng12.so.0.49.0
7f32cd0b0000-7f32cd151000 r-xp 00000000 08:01 268866                     /usr/lib/x86_64-linux-gnu/libpixman-1.so.0.30.2
7f32cd151000-7f32cd351000 ---p 000a1000 08:01 268866                     /usr/lib/x86_64-linux-gnu/libpixman-1.so.0.30.2
7f32cd351000-7f32cd358000 r--p 000a1000 08:01 268866                     /usr/lib/x86_64-linux-gnu/libpixman-1.so.0.30.2
7f32cd358000-7f32cd359000 rw-p 000a8000 08:01 268866                     /usr/lib/x86_64-linux-gnu/libpixman-1.so.0.30.2
7f32cd359000-7f32cd3a9000 r-xp 00000000 08:01 270374                     /usr/lib/x86_64-linux-gnu/libharfbuzz.so.0.919.0
7f32cd3a9000-7f32cd5a9000 ---p 00050000 08:01 270374                     /usr/lib/x86_64-linux-gnu/libharfbuzz.so.0.919.0
7f32cd5a9000-7f32cd5aa000 r--p 00050000 08:01 270374                     /usr/lib/x86_64-linux-gnu/libharfbuzz.so.0.919.0
7f32cd5aa000-7f32cd5ab000 rw-p 00051000 08:01 270374                     /usr/lib/x86_64-linux-gnu/libharfbuzz.so.0.919.0
7f32cd5ab000-7f32cd5c1000 r-xp 00000000 08:01 2363303                    /lib/x86_64-linux-gnu/libresolv-2.17.so
7f32cd5c1000-7f32cd7c1000 ---p 00016000 08:01 2363303                    /lib/x86_64-linux-gnu/libresolv-2.17.so
7f32cd7c1000-7f32cd7c2000 r--p 00016000 08:01 2363303                    /lib/x86_64-linux-gnu/libresolv-2.17.so
7f32cd7c2000-7f32cd7c3000 rw-p 00017000 08:01 2363303                    /lib/x86_64-linux-gnu/libresolv-2.17.so
7f32cd7c3000-7f32cd7c5000 rw-p 00000000 00:00 0 
7f32cd7c5000-7f32cd7e4000 r-xp 00000000 08:01 2363307                    /lib/x86_64-linux-gnu/libselinux.so.1
7f32cd7e4000-7f32cd9e4000 ---p 0001f000 08:01 2363307                    /lib/x86_64-linux-gnu/libselinux.so.1
7f32cd9e4000-7f32cd9e5000 r--p 0001f000 08:01 2363307                    /lib/x86_64-linux-gnu/libselinux.so.1
7f32cd9e5000-7f32cd9e6000 rw-p 00020000 08:01 2363307                    /lib/x86_64-linux-gnu/libselinux.so.1
7f32cd9e6000-7f32cd9e7000 rw-p 00000000 00:00 0 
7f32cd9e7000-7f32cd9ff000 r-xp 00000000 08:01 2363340                    /lib/x86_64-linux-gnu/libz.so.1.2.8
7f32cd9ff000-7f32cdbfe000 ---p 00018000 08:01 2363340                    /lib/x86_64-linux-gnu/libz.so.1.2.8
7f32cdbfe000-7f32cdbff000 r--p 00017000 08:01 2363340                    /lib/x86_64-linux-gnu/libz.so.1.2.8
7f32cdbff000-7f32cdc00000 rw-p 00018000 08:01 2363340                    /lib/x86_64-linux-gnu/libz.so.1.2.8
7f32cdc00000-7f3338000000 rw-p 00000000 00:00 0 
7f3338000000-7f3338021000 rw-p 00000000 00:00 0 
7f3338021000-7f333c000000 ---p 00000000 00:00 0 
7f333c000000-7f333c021000 rw-p 00000000 00:00 0 
7f333c021000-7f3340000000 ---p 00000000 00:00 0 
7f3340000000-7f3340021000 rw-p 00000000 00:00 0 
7f3340021000-7f3344000000 ---p 00000000 00:00 0 
7f3344000000-7f3344002000 rw-p 00000000 00:00 0 
7f3344002000-7f3344003000 r--s 0001c000 08:03 110627264                  /home/calcul/Documents/Julien/VoxeLidar/trunk/VoxeLidarGUIFX/target/lib/swing-layout-1.0.3.jar
7f3344003000-7f3344012000 r--s 000ab000 08:03 110627259                  /home/calcul/Documents/Julien/VoxeLidar/trunk/VoxeLidarGUIFX/target/lib/commons-math-2.0.jar
7f3344012000-7f3344014000 r--s 00045000 08:03 110625126                  /home/calcul/Documents/Julien/VoxeLidar/trunk/VoxeLidarGUIFX/target/lib/vecmath-1.3.1.jar
7f3344014000-7f334401d000 r--s 0006f000 08:03 110625124                  /home/calcul/Documents/Julien/VoxeLidar/trunk/VoxeLidarGUIFX/target/lib/log4j-1.2.17.jar
7f334401d000-7f334401e000 r--s 00006000 08:03 110627270                  /home/calcul/Documents/Julien/VoxeLidar/trunk/VoxeLidarGUIFX/target/lib/sax-2.0.1.jar
7f334401e000-7f3344024000 r--s 00044000 08:03 110627257                  /home/calcul/Documents/Julien/VoxeLidar/trunk/VoxeLidarGUIFX/target/lib/jdom2-2.0.5.jar
7f3344024000-7f3344038000 r--s 000d1000 08:03 110627263                  /home/calcul/Documents/Julien/VoxeLidar/trunk/VoxeLidarGUIFX/target/lib/guava-r05.jar
7f3344038000-7f3344039000 r--s 00003000 08:03 110627273                  /home/calcul/Documents/Julien/VoxeLidar/trunk/VoxeLidarGUIFX/target/lib/opencsv-2.0.jar
7f3344039000-7f3344047000 r--s 0007f000 08:03 110625166                  /home/calcul/Documents/Julien/VoxeLidar/trunk/VoxeLidarGUIFX/target/lib/commons-collections-3.2.1.jar
7f3344047000-7f33440c7000 rw-s 4d5015000 00:05 12468                     /dev/dri/card0
7f33440c7000-7f33440ca000 ---p 00000000 00:00 0 
7f33440ca000-7f33441c8000 rw-p 00000000 00:00 0                          [stack:23585]
7f33441c8000-7f33441d9000 r-xp 00000000 08:01 269882                     /usr/lib/x86_64-linux-gnu/libXext.so.6.4.0
7f33441d9000-7f33443d8000 ---p 00011000 08:01 269882                     /usr/lib/x86_64-linux-gnu/libXext.so.6.4.0
7f33443d8000-7f33443d9000 r--p 00010000 08:01 269882                     /usr/lib/x86_64-linux-gnu/libXext.so.6.4.0
7f33443d9000-7f33443da000 rw-p 00011000 08:01 269882                     /usr/lib/x86_64-linux-gnu/libXext.so.6.4.0
7f33443da000-7f33443dc000 r-xp 00000000 08:01 269878                     /usr/lib/x86_64-linux-gnu/libXdamage.so.1.1.0
7f33443dc000-7f33445db000 ---p 00002000 08:01 269878                     /usr/lib/x86_64-linux-gnu/libXdamage.so.1.1.0
7f33445db000-7f33445dc000 r--p 00001000 08:01 269878                     /usr/lib/x86_64-linux-gnu/libXdamage.so.1.1.0
7f33445dc000-7f33445dd000 rw-p 00002000 08:01 269878                     /usr/lib/x86_64-linux-gnu/libXdamage.so.1.1.0
7f33445dd000-7f33445df000 r-xp 00000000 08:01 269874                     /usr/lib/x86_64-linux-gnu/libXcomposite.so.1.0.0
7f33445df000-7f33447de000 ---p 00002000 08:01 269874                     /usr/lib/x86_64-linux-gnu/libXcomposite.so.1.0.0
7f33447de000-7f33447df000 r--p 00001000 08:01 269874                     /usr/lib/x86_64-linux-gnu/libXcomposite.so.1.0.0
7f33447df000-7f33447e0000 rw-p 00002000 08:01 269874                     /usr/lib/x86_64-linux-gnu/libXcomposite.so.1.0.0
7f33447e0000-7f33447e9000 r-xp 00000000 08:01 269876                     /usr/lib/x86_64-linux-gnu/libXcursor.so.1.0.2
7f33447e9000-7f33449e8000 ---p 00009000 08:01 269876                     /usr/lib/x86_64-linux-gnu/libXcursor.so.1.0.2
7f33449e8000-7f33449e9000 r--p 00008000 08:01 269876                     /usr/lib/x86_64-linux-gnu/libXcursor.so.1.0.2
7f33449e9000-7f33449ea000 rw-p 00009000 08:01 269876                     /usr/lib/x86_64-linux-gnu/libXcursor.so.1.0.2
7f33449ea000-7f33449f3000 r-xp 00000000 08:01 269902                     /usr/lib/x86_64-linux-gnu/libXrandr.so.2.2.0
7f33449f3000-7f3344bf2000 ---p 00009000 08:01 269902                     /usr/lib/x86_64-linux-gnu/libXrandr.so.2.2.0
7f3344bf2000-7f3344bf3000 r--p 00008000 08:01 269902                     /usr/lib/x86_64-linux-gnu/libXrandr.so.2.2.0
7f3344bf3000-7f3344bf4000 rw-p 00009000 08:01 269902                     /usr/lib/x86_64-linux-gnu/libXrandr.so.2.2.0
7f3344bf4000-7f3344c03000 r-xp 00000000 08:01 269890                     /usr/lib/x86_64-linux-gnu/libXi.so.6.1.0
7f3344c03000-7f3344e02000 ---p 0000f000 08:01 269890                     /usr/lib/x86_64-linux-gnu/libXi.so.6.1.0
7f3344e02000-7f3344e03000 r--p 0000e000 08:01 269890                     /usr/lib/x86_64-linux-gnu/libXi.so.6.1.0
7f3344e03000-7f3344e04000 rw-p 0000f000 08:01 269890                     /usr/lib/x86_64-linux-gnu/libXi.so.6.1.0
7f3344e04000-7f3344e06000 r-xp 00000000 08:01 269892                     /usr/lib/x86_64-linux-gnu/libXinerama.so.1.0.0
7f3344e06000-7f3345005000 ---p 00002000 08:01 269892                     /usr/lib/x86_64-linux-gnu/libXinerama.so.1.0.0
7f3345005000-7f3345006000 r--p 00001000 08:01 269892                     /usr/lib/x86_64-linux-gnu/libXinerama.so.1.0.0
7f3345006000-7f3345007000 rw-p 00002000 08:01 269892                     /usr/lib/x86_64-linux-gnu/libXinerama.so.1.0.0
7f3345007000-7f3345010000 r-xp 00000000 08:01 269904                     /usr/lib/x86_64-linux-gnu/libXrender.so.1.3.0
7f3345010000-7f334520f000 ---p 00009000 08:01 269904                     /usr/lib/x86_64-linux-gnu/libXrender.so.1.3.0
7f334520f000-7f3345210000 r--p 00008000 08:01 269904                     /usr/lib/x86_64-linux-gnu/libXrender.so.1.3.0
7f3345210000-7f3345211000 rw-p 00009000 08:01 269904                     /usr/lib/x86_64-linux-gnu/libXrender.so.1.3.0
7f3345211000-7f3345216000 r-xp 00000000 08:01 269884                     /usr/lib/x86_64-linux-gnu/libXfixes.so.3.1.0
7f3345216000-7f3345415000 ---p 00005000 08:01 269884                     /usr/lib/x86_64-linux-gnu/libXfixes.so.3.1.0
7f3345415000-7f3345416000 r--p 00004000 08:01 269884                     /usr/lib/x86_64-linux-gnu/libXfixes.so.3.1.0
7f3345416000-7f3345417000 rw-p 00005000 08:01 269884                     /usr/lib/x86_64-linux-gnu/libXfixes.so.3.1.0
7f3345417000-7f334542c000 r-xp 00000000 08:01 2359301                    /lib/x86_64-linux-gnu/libgcc_s.so.1
7f334542c000-7f334562b000 ---p 00015000 08:01 2359301                    /lib/x86_64-linux-gnu/libgcc_s.so.1
7f334562b000-7f334562c000 r--p 00014000 08:01 2359301                    /lib/x86_64-linux-gnu/libgcc_s.so.1
7f334562c000-7f334562d000 rw-p 00015000 08:01 2359301                    /lib/x86_64-linux-gnu/libgcc_s.so.1
7f334562d000-7f3345713000 r-xp 00000000 08:01 266401                     /usr/lib/x86_64-linux-gnu/libstdc++.so.6.0.18
7f3345713000-7f3345912000 ---p 000e6000 08:01 266401                     /usr/lib/x86_64-linux-gnu/libstdc++.so.6.0.18
7f3345912000-7f334591a000 r--p 000e5000 08:01 266401                     /usr/lib/x86_64-linux-gnu/libstdc++.so.6.0.18
7f334591a000-7f334591c000 rw-p 000ed000 08:01 266401                     /usr/lib/x86_64-linux-gnu/libstdc++.so.6.0.18
7f334591c000-7f3345931000 rw-p 00000000 00:00 0 
7f3345931000-7f334598b000 r-xp 00000000 08:01 656915                     /usr/lib/x86_64-linux-gnu/mesa/libGL.so.1.2.0
7f334598b000-7f3345b8b000 ---p 0005a000 08:01 656915                     /usr/lib/x86_64-linux-gnu/mesa/libGL.so.1.2.0
7f3345b8b000-7f3345b8d000 r--p 0005a000 08:01 656915                     /usr/lib/x86_64-linux-gnu/mesa/libGL.so.1.2.0
7f3345b8d000-7f3345b8e000 rw-p 0005c000 08:01 656915                     /usr/lib/x86_64-linux-gnu/mesa/libGL.so.1.2.0
7f3345b8e000-7f3345b8f000 rw-p 00000000 00:00 0 
7f3345b8f000-7f3345b93000 r-xp 00000000 08:01 269914                     /usr/lib/x86_64-linux-gnu/libXxf86vm.so.1.0.0
7f3345b93000-7f3345d93000 ---p 00004000 08:01 269914                     /usr/lib/x86_64-linux-gnu/libXxf86vm.so.1.0.0
7f3345d93000-7f3345d94000 r--p 00004000 08:01 269914                     /usr/lib/x86_64-linux-gnu/libXxf86vm.so.1.0.0
7f3345d94000-7f3345d95000 rw-p 00005000 08:01 269914                     /usr/lib/x86_64-linux-gnu/libXxf86vm.so.1.0.0
7f3345d95000-7f3345ec5000 r-xp 00000000 08:01 269865                     /usr/lib/x86_64-linux-gnu/libX11.so.6.3.0
7f3345ec5000-7f33460c5000 ---p 00130000 08:01 269865                     /usr/lib/x86_64-linux-gnu/libX11.so.6.3.0
7f33460c5000-7f33460c6000 r--p 00130000 08:01 269865                     /usr/lib/x86_64-linux-gnu/libX11.so.6.3.0
7f33460c6000-7f33460ca000 rw-p 00131000 08:01 269865                     /usr/lib/x86_64-linux-gnu/libX11.so.6.3.0
7f33460ca000-7f33460cf000 r-xp 00000000 08:01 269908                     /usr/lib/x86_64-linux-gnu/libXtst.so.6.1.0
7f33460cf000-7f33462ce000 ---p 00005000 08:01 269908                     /usr/lib/x86_64-linux-gnu/libXtst.so.6.1.0
7f33462ce000-7f33462cf000 r--p 00004000 08:01 269908                     /usr/lib/x86_64-linux-gnu/libXtst.so.6.1.0
7f33462cf000-7f33462d0000 rw-p 00005000 08:01 269908                     /usr/lib/x86_64-linux-gnu/libXtst.so.6.1.0
7f33462d0000-7f33463ce000 r-xp 00000000 08:01 2363127                    /lib/x86_64-linux-gnu/libglib-2.0.so.0.3800.1
7f33463ce000-7f33465ce000 ---p 000fe000 08:01 2363127                    /lib/x86_64-linux-gnu/libglib-2.0.so.0.3800.1
7f33465ce000-7f33465cf000 r--p 000fe000 08:01 2363127                    /lib/x86_64-linux-gnu/libglib-2.0.so.0.3800.1
7f33465cf000-7f33465d0000 rw-p 000ff000 08:01 2363127                    /lib/x86_64-linux-gnu/libglib-2.0.so.0.3800.1
7f33465d0000-7f33465d1000 rw-p 00000000 00:00 0 
7f33465d1000-7f33465d2000 r-xp 00000000 08:01 266608                     /usr/lib/x86_64-linux-gnu/libgthread-2.0.so.0.3800.1
7f33465d2000-7f33467d1000 ---p 00001000 08:01 266608                     /usr/lib/x86_64-linux-gnu/libgthread-2.0.so.0.3800.1
7f33467d1000-7f33467d2000 r--p 00000000 08:01 266608                     /usr/lib/x86_64-linux-gnu/libgthread-2.0.so.0.3800.1
7f33467d2000-7f33467d3000 rw-p 00001000 08:01 266608                     /usr/lib/x86_64-linux-gnu/libgthread-2.0.so.0.3800.1
7f33467d3000-7f33467d6000 r-xp 00000000 08:01 266609                     /usr/lib/x86_64-linux-gnu/libgmodule-2.0.so.0.3800.1
7f33467d6000-7f33469d5000 ---p 00003000 08:01 266609                     /usr/lib/x86_64-linux-gnu/libgmodule-2.0.so.0.3800.1
7f33469d5000-7f33469d6000 r--p 00002000 08:01 266609                     /usr/lib/x86_64-linux-gnu/libgmodule-2.0.so.0.3800.1
7f33469d6000-7f33469d7000 rw-p 00003000 08:01 266609                     /usr/lib/x86_64-linux-gnu/libgmodule-2.0.so.0.3800.1
7f33469d7000-7f3346a26000 r-xp 00000000 08:01 262548                     /usr/lib/x86_64-linux-gnu/libgobject-2.0.so.0.3800.1
7f3346a26000-7f3346c26000 ---p 0004f000 08:01 262548                     /usr/lib/x86_64-linux-gnu/libgobject-2.0.so.0.3800.1
7f3346c26000-7f3346c27000 r--p 0004f000 08:01 262548                     /usr/lib/x86_64-linux-gnu/libgobject-2.0.so.0.3800.1
7f3346c27000-7f3346c28000 rw-p 00050000 08:01 262548                     /usr/lib/x86_64-linux-gnu/libgobject-2.0.so.0.3800.1
7f3346c28000-7f3346c61000 r-xp 00000000 08:01 270131                     /usr/lib/x86_64-linux-gnu/libfontconfig.so.1.7.0
7f3346c61000-7f3346e61000 ---p 00039000 08:01 270131                     /usr/lib/x86_64-linux-gnu/libfontconfig.so.1.7.0
7f3346e61000-7f3346e63000 r--p 00039000 08:01 270131                     /usr/lib/x86_64-linux-gnu/libfontconfig.so.1.7.0
7f3346e63000-7f3346e64000 rw-p 0003b000 08:01 270131                     /usr/lib/x86_64-linux-gnu/libfontconfig.so.1.7.0
7f3346e64000-7f3346f00000 r-xp 00000000 08:01 262656                     /usr/lib/x86_64-linux-gnu/libfreetype.so.6.10.1
7f3346f00000-7f3347100000 ---p 0009c000 08:01 262656                     /usr/lib/x86_64-linux-gnu/libfreetype.so.6.10.1
7f3347100000-7f3347105000 r--p 0009c000 08:01 262656                     /usr/lib/x86_64-linux-gnu/libfreetype.so.6.10.1
7f3347105000-7f3347106000 rw-p 000a1000 08:01 262656                     /usr/lib/x86_64-linux-gnu/libfreetype.so.6.10.1
7f3347106000-7f3347150000 r-xp 00000000 08:01 270548                     /usr/lib/x86_64-linux-gnu/libpango-1.0.so.0.3200.5
7f3347150000-7f334734f000 ---p 0004a000 08:01 270548                     /usr/lib/x86_64-linux-gnu/libpango-1.0.so.0.3200.5
7f334734f000-7f3347351000 r--p 00049000 08:01 270548                     /usr/lib/x86_64-linux-gnu/libpango-1.0.so.0.3200.5
7f3347351000-7f3347352000 rw-p 0004b000 08:01 270548                     /usr/lib/x86_64-linux-gnu/libpango-1.0.so.0.3200.5
7f3347352000-7f3347456000 r-xp 00000000 08:01 269989                     /usr/lib/x86_64-linux-gnu/libcairo.so.2.11200.16
7f3347456000-7f3347655000 ---p 00104000 08:01 269989                     /usr/lib/x86_64-linux-gnu/libcairo.so.2.11200.16
7f3347655000-7f3347658000 r--p 00103000 08:01 269989                     /usr/lib/x86_64-linux-gnu/libcairo.so.2.11200.16
7f3347658000-7f3347659000 rw-p 00106000 08:01 269989                     /usr/lib/x86_64-linux-gnu/libcairo.so.2.11200.16
7f3347659000-7f334765b000 rw-p 00000000 00:00 0 
7f334765b000-7f3347666000 r-xp 00000000 08:01 270550                     /usr/lib/x86_64-linux-gnu/libpangocairo-1.0.so.0.3200.5
7f3347666000-7f3347866000 ---p 0000b000 08:01 270550                     /usr/lib/x86_64-linux-gnu/libpangocairo-1.0.so.0.3200.5
7f3347866000-7f3347867000 r--p 0000b000 08:01 270550                     /usr/lib/x86_64-linux-gnu/libpangocairo-1.0.so.0.3200.5
7f3347867000-7f3347868000 rw-p 0000c000 08:01 270550                     /usr/lib/x86_64-linux-gnu/libpangocairo-1.0.so.0.3200.5
7f3347868000-7f3347887000 r-xp 00000000 08:01 270198                     /usr/lib/x86_64-linux-gnu/libgdk_pixbuf-2.0.so.0.2800.1
7f3347887000-7f3347a86000 ---p 0001f000 08:01 270198                     /usr/lib/x86_64-linux-gnu/libgdk_pixbuf-2.0.so.0.2800.1
7f3347a86000-7f3347a87000 r--p 0001e000 08:01 270198                     /usr/lib/x86_64-linux-gnu/libgdk_pixbuf-2.0.so.0.2800.1
7f3347a87000-7f3347a88000 rw-p 0001f000 08:01 270198                     /usr/lib/x86_64-linux-gnu/libgdk_pixbuf-2.0.so.0.2800.1
7f3347a88000-7f3347a9c000 r-xp 00000000 08:01 270552                     /usr/lib/x86_64-linux-gnu/libpangoft2-1.0.so.0.3200.5
7f3347a9c000-7f3347c9b000 ---p 00014000 08:01 270552                     /usr/lib/x86_64-linux-gnu/libpangoft2-1.0.so.0.3200.5
7f3347c9b000-7f3347c9c000 r--p 00013000 08:01 270552                     /usr/lib/x86_64-linux-gnu/libpangoft2-1.0.so.0.3200.5
7f3347c9c000-7f3347c9d000 rw-p 00014000 08:01 270552                     /usr/lib/x86_64-linux-gnu/libpangoft2-1.0.so.0.3200.5
7f3347c9d000-7f3347df9000 r-xp 00000000 08:01 262529                     /usr/lib/x86_64-linux-gnu/libgio-2.0.so.0.3800.1
7f3347df9000-7f3347ff8000 ---p 0015c000 08:01 262529                     /usr/lib/x86_64-linux-gnu/libgio-2.0.so.0.3800.1
7f3347ff8000-7f3347ffc000 r--p 0015b000 08:01 262529                     /usr/lib/x86_64-linux-gnu/libgio-2.0.so.0.3800.1
7f3347ffc000-7f3347ffe000 rw-p 0015f000 08:01 262529                     /usr/lib/x86_64-linux-gnu/libgio-2.0.so.0.3800.1
7f3347ffe000-7f3348000000 rw-p 00000000 00:00 0 
7f3348000000-7f3348021000 rw-p 00000000 00:00 0 
7f3348021000-7f334c000000 ---p 00000000 00:00 0 
7f334c000000-7f334c003000 r--s 00013000 08:03 110627269                  /home/calcul/Documents/Julien/VoxeLidar/trunk/VoxeLidarGUIFX/target/lib/commons-io-1.3.2.jar
7f334c003000-7f334c00a000 r--s 0005e000 08:03 110627272                  /home/calcul/Documents/Julien/VoxeLidar/trunk/VoxeLidarGUIFX/target/lib/commons-lang3-3.3.2.jar
7f334c00a000-7f334c00d000 r--s 00008000 08:03 110627281                  /home/calcul/Documents/Julien/VoxeLidar/trunk/VoxeLidarGUIFX/target/lib/exp4j-0.4.0.ALPHA-3.jar
7f334c00d000-7f334c00e000 r--s 00031000 08:03 110625122                  /home/calcul/Documents/Julien/VoxeLidar/trunk/VoxeLidarGUIFX/target/lib/jogl-all-2.3.0-natives-windows-i586.jar
7f334c00e000-7f334c010000 r--s 00038000 08:03 110625121                  /home/calcul/Documents/Julien/VoxeLidar/trunk/VoxeLidarGUIFX/target/lib/jogl-all-2.3.0-natives-windows-amd64.jar
7f334c010000-7f334c012000 r--s 00024000 08:03 110627256                  /home/calcul/Documents/Julien/VoxeLidar/trunk/VoxeLidarGUIFX/target/lib/jogl-all-2.3.0-natives-solaris-i586.jar
7f334c012000-7f334c013000 r--s 00032000 08:03 110627271                  /home/calcul/Documents/Julien/VoxeLidar/trunk/VoxeLidarGUIFX/target/lib/jogl-all-2.3.0-natives-solaris-amd64.jar
7f334c013000-7f334c037000 r--s 00306000 08:03 110627280                  /home/calcul/Documents/Julien/VoxeLidar/trunk/VoxeLidarGUIFX/target/lib/jogl-all-2.3.0.jar
7f334c037000-7f334c0b7000 rw-s 4d475e000 00:05 12468                     /dev/dri/card0
7f334c0b7000-7f334c0d6000 r-xp 00000000 08:01 269949                     /usr/lib/x86_64-linux-gnu/libatk-1.0.so.0.21009.1
7f334c0d6000-7f334c2d6000 ---p 0001f000 08:01 269949                     /usr/lib/x86_64-linux-gnu/libatk-1.0.so.0.21009.1
7f334c2d6000-7f334c2d8000 r--p 0001f000 08:01 269949                     /usr/lib/x86_64-linux-gnu/libatk-1.0.so.0.21009.1
7f334c2d8000-7f334c2d9000 rw-p 00021000 08:01 269949                     /usr/lib/x86_64-linux-gnu/libatk-1.0.so.0.21009.1
7f334c2d9000-7f334c386000 r-xp 00000000 08:01 270196                     /usr/lib/x86_64-linux-gnu/libgdk-x11-2.0.so.0.2400.20
7f334c386000-7f334c585000 ---p 000ad000 08:01 270196                     /usr/lib/x86_64-linux-gnu/libgdk-x11-2.0.so.0.2400.20
7f334c585000-7f334c589000 r--p 000ac000 08:01 270196                     /usr/lib/x86_64-linux-gnu/libgdk-x11-2.0.so.0.2400.20
7f334c589000-7f334c58b000 rw-p 000b0000 08:01 270196                     /usr/lib/x86_64-linux-gnu/libgdk-x11-2.0.so.0.2400.20
7f334c58b000-7f334c9ba000 r-xp 00000000 08:01 270356                     /usr/lib/x86_64-linux-gnu/libgtk-x11-2.0.so.0.2400.20
7f334c9ba000-7f334cbb9000 ---p 0042f000 08:01 270356                     /usr/lib/x86_64-linux-gnu/libgtk-x11-2.0.so.0.2400.20
7f334cbb9000-7f334cbc0000 r--p 0042e000 08:01 270356                     /usr/lib/x86_64-linux-gnu/libgtk-x11-2.0.so.0.2400.20
7f334cbc0000-7f334cbc4000 rw-p 00435000 08:01 270356                     /usr/lib/x86_64-linux-gnu/libgtk-x11-2.0.so.0.2400.20
7f334cbc4000-7f334cbc7000 rw-p 00000000 00:00 0 
7f334cbc7000-7f334cbd3000 r-xp 00000000 08:03 107611340                  /home/calcul/Téléchargements/jdk1.8.0_40/jre/lib/amd64/libprism_es2.so
7f334cbd3000-7f334cdd2000 ---p 0000c000 08:03 107611340                  /home/calcul/Téléchargements/jdk1.8.0_40/jre/lib/amd64/libprism_es2.so
7f334cdd2000-7f334cdd3000 r--p 0000b000 08:03 107611340                  /home/calcul/Téléchargements/jdk1.8.0_40/jre/lib/amd64/libprism_es2.so
7f334cdd3000-7f334cdd4000 rw-p 0000c000 08:03 107611340                  /home/calcul/Téléchargements/jdk1.8.0_40/jre/lib/amd64/libprism_es2.so
7f334cdd4000-7f334cdd7000 ---p 00000000 00:00 0 
7f334cdd7000-7f334ced5000 rw-p 00000000 00:00 0                          [stack:23582]
7f334ced5000-7f334ced6000 ---p 00000000 00:00 0 
7f334ced6000-7f334cfd6000 rw-p 00000000 00:00 0                          [stack:23581]
7f334cfd6000-7f334cfd9000 ---p 00000000 00:00 0 
7f334cfd9000-7f334d0d7000 rw-p 00000000 00:00 0                          [stack:23580]
7f334d0d7000-7f334d0da000 ---p 00000000 00:00 0 
7f334d0da000-7f334d1d8000 rw-p 00000000 00:00 0                          [stack:23579]
7f334d1d8000-7f334d1db000 ---p 00000000 00:00 0 
7f334d1db000-7f334d2d9000 rw-p 00000000 00:00 0                          [stack:23578]
7f334d2d9000-7f334d2dc000 ---p 00000000 00:00 0 
7f334d2dc000-7f334d3da000 rw-p 00000000 00:00 0                          [stack:23577]
7f334d3da000-7f334d3dd000 ---p 00000000 00:00 0 
7f334d3dd000-7f334d4db000 rw-p 00000000 00:00 0                          [stack:23576]
7f334d4db000-7f334d4de000 ---p 00000000 00:00 0 
7f334d4de000-7f334d5dc000 rw-p 00000000 00:00 0                          [stack:23574]
7f334d5dc000-7f334d5df000 ---p 00000000 00:00 0 
7f334d5df000-7f334d6dd000 rw-p 00000000 00:00 0                          [stack:23573]
7f334d6dd000-7f334d6e0000 ---p 00000000 00:00 0 
7f334d6e0000-7f334d7de000 rw-p 00000000 00:00 0                          [stack:23570]
7f334d7de000-7f334d7e2000 r-xp 00000000 08:03 107611290                  /home/calcul/Téléchargements/jdk1.8.0_40/jre/lib/amd64/libdt_socket.so
7f334d7e2000-7f334d9e1000 ---p 00004000 08:03 107611290                  /home/calcul/Téléchargements/jdk1.8.0_40/jre/lib/amd64/libdt_socket.so
7f334d9e1000-7f334d9e2000 rw-p 00003000 08:03 107611290                  /home/calcul/Téléchargements/jdk1.8.0_40/jre/lib/amd64/libdt_socket.so
7f334d9e2000-7f334d9e5000 ---p 00000000 00:00 0 
7f334d9e5000-7f334dae3000 rw-p 00000000 00:00 0                          [stack:23569]
7f334dae3000-7f334dae6000 ---p 00000000 00:00 0 
7f334dae6000-7f334dbe4000 rw-p 00000000 00:00 0                          [stack:23568]
7f334dbe4000-7f334dbe7000 ---p 00000000 00:00 0 
7f334dbe7000-7f334dce5000 rw-p 00000000 00:00 0                          [stack:23567]
7f334dce5000-7f334dce6000 ---p 00000000 00:00 0 
7f334dce6000-7f3350000000 rw-p 00000000 00:00 0                          [stack:23566]
7f3350000000-7f3350021000 rw-p 00000000 00:00 0 
7f3350021000-7f3354000000 ---p 00000000 00:00 0 
7f3354000000-7f3354021000 rw-p 00000000 00:00 0 
7f3354021000-7f3358000000 ---p 00000000 00:00 0 
7f3358000000-7f3358021000 rw-p 00000000 00:00 0 
7f3358021000-7f335c000000 ---p 00000000 00:00 0 
7f335c000000-7f335c021000 rw-p 00000000 00:00 0 
7f335c021000-7f3360000000 ---p 00000000 00:00 0 
7f3360000000-7f3360021000 rw-p 00000000 00:00 0 
7f3360021000-7f3364000000 ---p 00000000 00:00 0 
7f3364000000-7f3364001000 r--s 0006d000 08:03 110625168                  /home/calcul/Documents/Julien/VoxeLidar/trunk/VoxeLidarGUIFX/target/lib/jogl-all-2.3.0-natives-macosx-universal.jar
7f3364001000-7f3364003000 r--s 00031000 08:03 110625171                  /home/calcul/Documents/Julien/VoxeLidar/trunk/VoxeLidarGUIFX/target/lib/jogl-all-2.3.0-natives-linux-i586.jar
7f3364003000-7f3364005000 r--s 00025000 08:03 110625120                  /home/calcul/Documents/Julien/VoxeLidar/trunk/VoxeLidarGUIFX/target/lib/jogl-all-2.3.0-natives-linux-armv6hf.jar
7f3364005000-7f3364006000 r--s 00025000 08:03 110625167                  /home/calcul/Documents/Julien/VoxeLidar/trunk/VoxeLidarGUIFX/target/lib/jogl-all-2.3.0-natives-linux-armv6.jar
7f3364006000-7f3364007000 r--s 00033000 08:03 110627268                  /home/calcul/Documents/Julien/VoxeLidar/trunk/VoxeLidarGUIFX/target/lib/jogl-all-2.3.0-natives-linux-amd64.jar
7f3364007000-7f3364008000 r--s 0000e000 08:03 110627265                  /home/calcul/Documents/Julien/VoxeLidar/trunk/VoxeLidarGUIFX/target/lib/jogl-all-2.3.0-natives-android-armv6.jar
7f3364008000-7f3364009000 r--s 0000f000 08:03 110627267                  /home/calcul/Documents/Julien/VoxeLidar/trunk/VoxeLidarGUIFX/target/lib/jogl-all-2.3.0-natives-android-aarch64.jar
7f3364009000-7f3364060000 r--p 00000000 08:01 1325739                    /usr/share/glib-2.0/schemas/gschemas.compiled
7f3364060000-7f336408b000 r--p 00000000 08:01 2103067                    /usr/share/locale-langpack/fr/LC_MESSAGES/gtk20-properties.mo
7f336408b000-7f336418c000 rw-p 00000000 00:00 0 
7f336418c000-7f3364364000 r--s 03d09000 08:03 107611368                  /home/calcul/Téléchargements/jdk1.8.0_40/jre/lib/rt.jar
7f3364364000-7f336474c000 rw-p 00000000 00:00 0 
7f336474c000-7f336474d000 ---p 00000000 00:00 0 
7f336474d000-7f336484d000 rw-p 00000000 00:00 0                          [stack:23565]
7f336484d000-7f336484e000 ---p 00000000 00:00 0 
7f336484e000-7f336494e000 rw-p 00000000 00:00 0                          [stack:23564]
7f336494e000-7f336494f000 ---p 00000000 00:00 0 
7f336494f000-7f3364a4f000 rw-p 00000000 00:00 0                          [stack:23563]
7f3364a4f000-7f3364a50000 ---p 00000000 00:00 0 
7f3364a50000-7f3364b50000 rw-p 00000000 00:00 0                          [stack:23562]
7f3364b50000-7f3364b51000 ---p 00000000 00:00 0 
7f3364b51000-7f3364c51000 rw-p 00000000 00:00 0                          [stack:23561]
7f3364c51000-7f3364c52000 ---p 00000000 00:00 0 
7f3364c52000-7f3364d52000 rw-p 00000000 00:00 0                          [stack:23560]
7f3364d52000-7f3364d53000 ---p 00000000 00:00 0 
7f3364d53000-7f3364e53000 rw-p 00000000 00:00 0                          [stack:23559]
7f3364e53000-7f3364e54000 ---p 00000000 00:00 0 
7f3364e54000-7f33650a4000 rw-p 00000000 00:00 0                          [stack:23558]
7f33650a4000-7f33691ff000 ---p 00000000 00:00 0 
7f33691ff000-7f336934f000 rw-p 00000000 00:00 0 
7f336934f000-7f336d4a9000 ---p 00000000 00:00 0 
7f336d4a9000-7f336d552000 rw-p 00000000 00:00 0 
7f336d552000-7f336f5ff000 ---p 00000000 00:00 0 
7f336f5ff000-7f3399500000 rw-p 00000000 00:00 0 
7f3399500000-7f3bc4b80000 ---p 00000000 00:00 0 
7f3bc4b80000-7f3bd9a80000 rw-p 00000000 00:00 0 
7f3bd9a80000-7f3fef600000 ---p 00000000 00:00 0 
7f3fef600000-7f3fef601000 r--s 00000000 08:03 110625117                  /home/calcul/Documents/Julien/VoxeLidar/trunk/VoxeLidarGUIFX/target/lib/jogl-all-main-2.3.0.jar
7f3fef601000-7f3fef602000 r--s 00001000 08:03 110627266                  /home/calcul/Documents/Julien/VoxeLidar/trunk/VoxeLidarGUIFX/target/lib/gluegen-rt-2.3.0-natives-windows-i586.jar
7f3fef602000-7f3fef603000 r--s 00001000 08:03 110627260                  /home/calcul/Documents/Julien/VoxeLidar/trunk/VoxeLidarGUIFX/target/lib/gluegen-rt-2.3.0-natives-windows-amd64.jar
7f3fef603000-7f3fef604000 r--s 00000000 08:03 110625165                  /home/calcul/Documents/Julien/VoxeLidar/trunk/VoxeLidarGUIFX/target/lib/gluegen-rt-2.3.0-natives-solaris-i586.jar
7f3fef604000-7f3fef605000 r--s 00001000 08:03 110625174                  /home/calcul/Documents/Julien/VoxeLidar/trunk/VoxeLidarGUIFX/target/lib/gluegen-rt-2.3.0-natives-solaris-amd64.jar
7f3fef605000-7f3fef61f000 r--p 00000000 08:01 2103031                    /usr/share/locale-langpack/fr/LC_MESSAGES/glib20.mo
7f3fef61f000-7f3fef645000 r--p 00000000 08:01 2102789                    /usr/share/locale-langpack/fr/LC_MESSAGES/libc.mo
7f3fef645000-7f3fef6c5000 rw-s 4d3e13000 00:05 12468                     /dev/dri/card0
7f3fef6c5000-7f3fef6cf000 rw-p 00000000 00:00 0 
7f3fef6cf000-7f3fefa85000 ---p 00000000 00:00 0 
7f3fefa85000-7f3fefcf5000 rwxp 00000000 00:00 0 
7f3fefcf5000-7f3ffea85000 ---p 00000000 00:00 0 
7f3ffea85000-7f3ffea9f000 r-xp 00000000 08:03 107611318                  /home/calcul/Téléchargements/jdk1.8.0_40/jre/lib/amd64/libzip.so
7f3ffea9f000-7f3ffec9f000 ---p 0001a000 08:03 107611318                  /home/calcul/Téléchargements/jdk1.8.0_40/jre/lib/amd64/libzip.so
7f3ffec9f000-7f3ffeca0000 rw-p 0001a000 08:03 107611318                  /home/calcul/Téléchargements/jdk1.8.0_40/jre/lib/amd64/libzip.so
7f3ffeca0000-7f3ffecac000 r-xp 00000000 08:01 2363258                    /lib/x86_64-linux-gnu/libnss_files-2.17.so
7f3ffecac000-7f3ffeeab000 ---p 0000c000 08:01 2363258                    /lib/x86_64-linux-gnu/libnss_files-2.17.so
7f3ffeeab000-7f3ffeeac000 r--p 0000b000 08:01 2363258                    /lib/x86_64-linux-gnu/libnss_files-2.17.so
7f3ffeeac000-7f3ffeead000 rw-p 0000c000 08:01 2363258                    /lib/x86_64-linux-gnu/libnss_files-2.17.so
7f3ffeead000-7f3ffeeb8000 r-xp 00000000 08:01 2363262                    /lib/x86_64-linux-gnu/libnss_nis-2.17.so
7f3ffeeb8000-7f3fff0b7000 ---p 0000b000 08:01 2363262                    /lib/x86_64-linux-gnu/libnss_nis-2.17.so
7f3fff0b7000-7f3fff0b8000 r--p 0000a000 08:01 2363262                    /lib/x86_64-linux-gnu/libnss_nis-2.17.so
7f3fff0b8000-7f3fff0b9000 rw-p 0000b000 08:01 2363262                    /lib/x86_64-linux-gnu/libnss_nis-2.17.so
7f3fff0b9000-7f3fff0d0000 r-xp 00000000 08:01 2363252                    /lib/x86_64-linux-gnu/libnsl-2.17.so
7f3fff0d0000-7f3fff2cf000 ---p 00017000 08:01 2363252                    /lib/x86_64-linux-gnu/libnsl-2.17.so
7f3fff2cf000-7f3fff2d0000 r--p 00016000 08:01 2363252                    /lib/x86_64-linux-gnu/libnsl-2.17.so
7f3fff2d0000-7f3fff2d1000 rw-p 00017000 08:01 2363252                    /lib/x86_64-linux-gnu/libnsl-2.17.so
7f3fff2d1000-7f3fff2d3000 rw-p 00000000 00:00 0 
7f3fff2d3000-7f3fff2db000 r-xp 00000000 08:01 2363254                    /lib/x86_64-linux-gnu/libnss_compat-2.17.so
7f3fff2db000-7f3fff4da000 ---p 00008000 08:01 2363254                    /lib/x86_64-linux-gnu/libnss_compat-2.17.so
7f3fff4da000-7f3fff4db000 r--p 00007000 08:01 2363254                    /lib/x86_64-linux-gnu/libnss_compat-2.17.so
7f3fff4db000-7f3fff4dc000 rw-p 00008000 08:01 2363254                    /lib/x86_64-linux-gnu/libnss_compat-2.17.so
7f3fff4dc000-7f3fffbc3000 r--p 00000000 08:01 268937                     /usr/lib/locale/locale-archive
7f3fffbc3000-7f3fffbc5000 r-xp 00000000 08:03 107611300                  /home/calcul/Téléchargements/jdk1.8.0_40/jre/lib/amd64/libnpt.so
7f3fffbc5000-7f3fffdc5000 ---p 00002000 08:03 107611300                  /home/calcul/Téléchargements/jdk1.8.0_40/jre/lib/amd64/libnpt.so
7f3fffdc5000-7f3fffdc6000 rw-p 00002000 08:03 107611300                  /home/calcul/Téléchargements/jdk1.8.0_40/jre/lib/amd64/libnpt.so
7f3fffdc6000-7f3fffdff000 r-xp 00000000 08:03 107611307                  /home/calcul/Téléchargements/jdk1.8.0_40/jre/lib/amd64/libjdwp.so
7f3fffdff000-7f3fffffe000 ---p 00039000 08:03 107611307                  /home/calcul/Téléchargements/jdk1.8.0_40/jre/lib/amd64/libjdwp.so
7f3fffffe000-7f4000000000 rw-p 00038000 08:03 107611307                  /home/calcul/Téléchargements/jdk1.8.0_40/jre/lib/amd64/libjdwp.so
7f4000000000-7f40005f1000 rw-p 00000000 00:00 0 
7f40005f1000-7f4004000000 ---p 00000000 00:00 0 
7f4004000000-7f4004001000 r--s 00001000 08:03 110627262                  /home/calcul/Documents/Julien/VoxeLidar/trunk/VoxeLidarGUIFX/target/lib/gluegen-rt-2.3.0-natives-macosx-universal.jar
7f4004001000-7f4004003000 r--s 00000000 08:03 110625172                  /home/calcul/Documents/Julien/VoxeLidar/trunk/VoxeLidarGUIFX/target/lib/gluegen-rt-2.3.0-natives-linux-i586.jar
7f4004003000-7f4004004000 r--s 00000000 08:03 110625163                  /home/calcul/Documents/Julien/VoxeLidar/trunk/VoxeLidarGUIFX/target/lib/gluegen-rt-2.3.0-natives-linux-armv6hf.jar
7f4004004000-7f4004005000 r--s 00000000 08:03 110625175                  /home/calcul/Documents/Julien/VoxeLidar/trunk/VoxeLidarGUIFX/target/lib/gluegen-rt-2.3.0-natives-linux-armv6.jar
7f4004005000-7f4004007000 r--s 00000000 08:03 110627279                  /home/calcul/Documents/Julien/VoxeLidar/trunk/VoxeLidarGUIFX/target/lib/gluegen-rt-2.3.0-natives-linux-amd64.jar
7f4004007000-7f400400d000 r--s 0004a000 08:03 110625173                  /home/calcul/Documents/Julien/VoxeLidar/trunk/VoxeLidarGUIFX/target/lib/gluegen-rt-2.3.0.jar
7f400400d000-7f400401c000 r--p 00000000 08:01 2103070                    /usr/share/locale-langpack/fr/LC_MESSAGES/gtk20.mo
7f400401c000-7f40040b1000 r--s 010fa000 08:03 107611382                  /home/calcul/Téléchargements/jdk1.8.0_40/jre/lib/ext/jfxrt.jar
7f40040b1000-7f4004100000 rw-p 00000000 00:00 0 
7f4004100000-7f400412a000 r-xp 00000000 08:03 107611296                  /home/calcul/Téléchargements/jdk1.8.0_40/jre/lib/amd64/libjava.so
7f400412a000-7f400432a000 ---p 0002a000 08:03 107611296                  /home/calcul/Téléchargements/jdk1.8.0_40/jre/lib/amd64/libjava.so
7f400432a000-7f400432c000 rw-p 0002a000 08:03 107611296                  /home/calcul/Téléchargements/jdk1.8.0_40/jre/lib/amd64/libjava.so
7f400432c000-7f4004339000 r-xp 00000000 08:03 107611312                  /home/calcul/Téléchargements/jdk1.8.0_40/jre/lib/amd64/libverify.so
7f4004339000-7f4004539000 ---p 0000d000 08:03 107611312                  /home/calcul/Téléchargements/jdk1.8.0_40/jre/lib/amd64/libverify.so
7f4004539000-7f400453b000 rw-p 0000d000 08:03 107611312                  /home/calcul/Téléchargements/jdk1.8.0_40/jre/lib/amd64/libverify.so
7f400453b000-7f4004542000 r-xp 00000000 08:01 2363305                    /lib/x86_64-linux-gnu/librt-2.17.so
7f4004542000-7f4004741000 ---p 00007000 08:01 2363305                    /lib/x86_64-linux-gnu/librt-2.17.so
7f4004741000-7f4004742000 r--p 00006000 08:01 2363305                    /lib/x86_64-linux-gnu/librt-2.17.so
7f4004742000-7f4004743000 rw-p 00007000 08:01 2363305                    /lib/x86_64-linux-gnu/librt-2.17.so
7f4004743000-7f4004846000 r-xp 00000000 08:01 2363233                    /lib/x86_64-linux-gnu/libm-2.17.so
7f4004846000-7f4004a45000 ---p 00103000 08:01 2363233                    /lib/x86_64-linux-gnu/libm-2.17.so
7f4004a45000-7f4004a46000 r--p 00102000 08:01 2363233                    /lib/x86_64-linux-gnu/libm-2.17.so
7f4004a46000-7f4004a47000 rw-p 00103000 08:01 2363233                    /lib/x86_64-linux-gnu/libm-2.17.so
7f4004a47000-7f40056f5000 r-xp 00000000 08:03 107611334                  /home/calcul/Téléchargements/jdk1.8.0_40/jre/lib/amd64/server/libjvm.so
7f40056f5000-7f40058f4000 ---p 00cae000 08:03 107611334                  /home/calcul/Téléchargements/jdk1.8.0_40/jre/lib/amd64/server/libjvm.so
7f40058f4000-7f40059cb000 rw-p 00cad000 08:03 107611334                  /home/calcul/Téléchargements/jdk1.8.0_40/jre/lib/amd64/server/libjvm.so
7f40059cb000-7f4005a0f000 rw-p 00000000 00:00 0 
7f4005a0f000-7f4005bcc000 r-xp 00000000 08:01 2363182                    /lib/x86_64-linux-gnu/libc-2.17.so
7f4005bcc000-7f4005dcc000 ---p 001bd000 08:01 2363182                    /lib/x86_64-linux-gnu/libc-2.17.so
7f4005dcc000-7f4005dd0000 r--p 001bd000 08:01 2363182                    /lib/x86_64-linux-gnu/libc-2.17.so
7f4005dd0000-7f4005dd2000 rw-p 001c1000 08:01 2363182                    /lib/x86_64-linux-gnu/libc-2.17.so
7f4005dd2000-7f4005dd7000 rw-p 00000000 00:00 0 
7f4005dd7000-7f4005dda000 r-xp 00000000 08:01 2363197                    /lib/x86_64-linux-gnu/libdl-2.17.so
7f4005dda000-7f4005fd9000 ---p 00003000 08:01 2363197                    /lib/x86_64-linux-gnu/libdl-2.17.so
7f4005fd9000-7f4005fda000 r--p 00002000 08:01 2363197                    /lib/x86_64-linux-gnu/libdl-2.17.so
7f4005fda000-7f4005fdb000 rw-p 00003000 08:01 2363197                    /lib/x86_64-linux-gnu/libdl-2.17.so
7f4005fdb000-7f4005ff0000 r-xp 00000000 08:03 107611306                  /home/calcul/Téléchargements/jdk1.8.0_40/jre/lib/amd64/jli/libjli.so
7f4005ff0000-7f40061f0000 ---p 00015000 08:03 107611306                  /home/calcul/Téléchargements/jdk1.8.0_40/jre/lib/amd64/jli/libjli.so
7f40061f0000-7f40061f1000 rw-p 00015000 08:03 107611306                  /home/calcul/Téléchargements/jdk1.8.0_40/jre/lib/amd64/jli/libjli.so
7f40061f1000-7f4006208000 r-xp 00000000 08:01 2363297                    /lib/x86_64-linux-gnu/libpthread-2.17.so
7f4006208000-7f4006408000 ---p 00017000 08:01 2363297                    /lib/x86_64-linux-gnu/libpthread-2.17.so
7f4006408000-7f4006409000 r--p 00017000 08:01 2363297                    /lib/x86_64-linux-gnu/libpthread-2.17.so
7f4006409000-7f400640a000 rw-p 00018000 08:01 2363297                    /lib/x86_64-linux-gnu/libpthread-2.17.so
7f400640a000-7f400640e000 rw-p 00000000 00:00 0 
7f400640e000-7f4006431000 r-xp 00000000 08:01 2363158                    /lib/x86_64-linux-gnu/ld-2.17.so
7f4006431000-7f4006432000 r--s 00001000 08:03 110627274                  /home/calcul/Documents/Julien/VoxeLidar/trunk/VoxeLidarGUIFX/target/lib/gluegen-rt-2.3.0-natives-android-armv6.jar
7f4006432000-7f4006433000 r--s 00000000 08:03 110627258                  /home/calcul/Documents/Julien/VoxeLidar/trunk/VoxeLidarGUIFX/target/lib/gluegen-rt-2.3.0-natives-android-aarch64.jar
7f4006433000-7f4006434000 r--s 00000000 08:03 110625127                  /home/calcul/Documents/Julien/VoxeLidar/trunk/VoxeLidarGUIFX/target/lib/gluegen-rt-main-2.3.0.jar
7f4006434000-7f4006435000 rw-s 4d495e000 00:05 12468                     /dev/dri/card0
7f4006435000-7f4006506000 rw-p 00000000 00:00 0 
7f4006506000-7f4006509000 ---p 00000000 00:00 0 
7f4006509000-7f400660b000 rw-p 00000000 00:00 0                          [stack:23557]
7f400660b000-7f4006612000 r--p 00000000 08:03 68423856                   /home/calcul/.config/dconf/user
7f4006612000-7f4006613000 r--s 00000000 00:14 7452785                    /run/user/1000/dconf/user
7f4006613000-7f400661a000 r--s 00000000 08:01 656385                     /usr/lib/x86_64-linux-gnu/gconv/gconv-modules.cache
7f400661a000-7f400661b000 rw-s 4d4013000 00:05 12468                     /dev/dri/card0
7f400661b000-7f4006624000 r--s 001b9000 08:03 110495266                  /home/calcul/Documents/Julien/VoxeLidar/trunk/VoxeLidarGUIFX/target/VoxeLidarGUIFX-1.0.jar
7f4006624000-7f400662c000 rw-s 00000000 08:01 401737                     /tmp/hsperfdata_calcul/23553
7f400662c000-7f400662d000 rw-p 00000000 00:00 0 
7f400662d000-7f400662e000 r--p 00000000 00:00 0 
7f400662e000-7f4006630000 rw-p 00000000 00:00 0 
7f4006630000-7f4006631000 r--p 00022000 08:01 2363158                    /lib/x86_64-linux-gnu/ld-2.17.so
7f4006631000-7f4006633000 rw-p 00023000 08:01 2363158                    /lib/x86_64-linux-gnu/ld-2.17.so
7fff3d2f7000-7fff3d318000 rw-p 00000000 00:00 0                          [stack]
7fff3d33a000-7fff3d33c000 r-xp 00000000 00:00 0                          [vdso]
ffffffffff600000-ffffffffff601000 r-xp 00000000 00:00 0                  [vsyscall]

VM Arguments:
jvm_args: -Xdebug -Xmx50g -Xrunjdwp:transport=dt_socket,server=n,address=60127 
java_command: /home/calcul/Documents/Julien/VoxeLidar/trunk/VoxeLidarGUIFX/target/VoxeLidarGUIFX-1.0.jar
java_class_path (initial): /home/calcul/Documents/Julien/VoxeLidar/trunk/VoxeLidarGUIFX/target/VoxeLidarGUIFX-1.0.jar
Launcher Type: SUN_STANDARD

Environment Variables:
JAVA_HOME=/home/calcul/Téléchargements/jdk1.8.0_40
PATH=JAVA_HOME/bin:/usr/lib/lightdm/lightdm:/usr/local/sbin:/usr/local/bin:/usr/sbin:/usr/bin:/sbin:/bin:/usr/games:/usr/local/games
LD_LIBRARY_PATH=/home/calcul/Téléchargements/jdk1.8.0_40/jre/lib/amd64:/home/calcul/Téléchargements/jdk1.8.0_40/jre/lib/i386:
SHELL=/bin/bash
DISPLAY=:0.0

Signal Handlers:
SIGSEGV: [libjvm.so+0xaad2e0], sa_mask[0]=11111111011111111101111111111110, sa_flags=SA_RESTART|SA_SIGINFO
SIGBUS: [libjvm.so+0xaad2e0], sa_mask[0]=11111111011111111101111111111110, sa_flags=SA_RESTART|SA_SIGINFO
SIGFPE: [libjvm.so+0x90b550], sa_mask[0]=11111111011111111101111111111110, sa_flags=SA_RESTART|SA_SIGINFO
SIGPIPE: SIG_IGN, sa_mask[0]=00000000000010000000000000000000, sa_flags=SA_RESTART
SIGXFSZ: [libjvm.so+0x90b550], sa_mask[0]=11111111011111111101111111111110, sa_flags=SA_RESTART|SA_SIGINFO
SIGILL: [libjvm.so+0x90b550], sa_mask[0]=11111111011111111101111111111110, sa_flags=SA_RESTART|SA_SIGINFO
SIGUSR1: SIG_DFL, sa_mask[0]=00000000000000000000000000000000, sa_flags=none
SIGUSR2: [libjvm.so+0x90cb90], sa_mask[0]=00100000000000000000000000000000, sa_flags=SA_RESTART|SA_SIGINFO
SIGHUP: [libjvm.so+0x90dee0], sa_mask[0]=11111111011111111101111111111110, sa_flags=SA_RESTART|SA_SIGINFO
SIGINT: SIG_IGN, sa_mask[0]=00000000000000000000000000000000, sa_flags=none
SIGTERM: [libjvm.so+0x90dee0], sa_mask[0]=11111111011111111101111111111110, sa_flags=SA_RESTART|SA_SIGINFO
SIGQUIT: [libjvm.so+0x90dee0], sa_mask[0]=11111111011111111101111111111110, sa_flags=SA_RESTART|SA_SIGINFO


---------------  S Y S T E M  ---------------

OS:DISTRIB_ID=Ubuntu
DISTRIB_RELEASE=13.10
DISTRIB_CODENAME=saucy
DISTRIB_DESCRIPTION="Ubuntu 13.10"

uname:Linux 3.11.0-26-generic #45-Ubuntu SMP Tue Jul 15 04:02:06 UTC 2014 x86_64
libc:glibc 2.17 NPTL 2.17 
rlimit: STACK 8192k, CORE 0k, NPROC 514862, NOFILE 4096, AS infinity
load average:6,13 7,58 12,55

/proc/meminfo:
MemTotal:       65922644 kB
MemFree:          270460 kB
Buffers:        13318264 kB
Cached:         27787944 kB
SwapCached:           36 kB
Active:         22600464 kB
Inactive:       41074232 kB
Active(anon):   19885020 kB
Inactive(anon):  2740136 kB
Active(file):    2715444 kB
Inactive(file): 38334096 kB
Unevictable:        1276 kB
Mlocked:            1276 kB
SwapTotal:      31250428 kB
SwapFree:       31249500 kB
Dirty:            665604 kB
Writeback:         18464 kB
AnonPages:      22571064 kB
Mapped:           285604 kB
Shmem:             55444 kB
Slab:             953344 kB
SReclaimable:     853228 kB
SUnreclaim:       100116 kB
KernelStack:        8184 kB
PageTables:       103104 kB
NFS_Unstable:          0 kB
Bounce:                0 kB
WritebackTmp:          0 kB
CommitLimit:    64211748 kB
Committed_AS:   34681432 kB
VmallocTotal:   34359738367 kB
VmallocUsed:      446988 kB
VmallocChunk:   34325143648 kB
HardwareCorrupted:     0 kB
AnonHugePages:         0 kB
HugePages_Total:       0
HugePages_Free:        0
HugePages_Rsvd:        0
HugePages_Surp:        0
Hugepagesize:       2048 kB
DirectMap4k:    22346356 kB
DirectMap2M:    44705792 kB
DirectMap1G:           0 kB


CPU:total 8 (4 cores per cpu, 1 threads per core) family 6 model 62 stepping 4, cmov, cx8, fxsr, mmx, sse, sse2, sse3, ssse3, sse4.1, sse4.2, popcnt, avx, aes, clmul, erms, tsc, tscinvbit

/proc/cpuinfo:
processor	: 0
vendor_id	: GenuineIntel
cpu family	: 6
model		: 62
model name	: Intel(R) Xeon(R) CPU E5-2609 v2 @ 2.50GHz
stepping	: 4
microcode	: 0x416
cpu MHz		: 1200.000
cache size	: 10240 KB
physical id	: 0
siblings	: 4
core id		: 0
cpu cores	: 4
apicid		: 0
initial apicid	: 0
fpu		: yes
fpu_exception	: yes
cpuid level	: 13
wp		: yes
flags		: fpu vme de pse tsc msr pae mce cx8 apic sep mtrr pge mca cmov pat pse36 clflush dts acpi mmx fxsr sse sse2 ss ht tm pbe syscall nx pdpe1gb rdtscp lm constant_tsc arch_perfmon pebs bts rep_good nopl xtopology nonstop_tsc aperfmperf eagerfpu pni pclmulqdq dtes64 monitor ds_cpl vmx smx est tm2 ssse3 cx16 xtpr pdcm pcid dca sse4_1 sse4_2 x2apic popcnt tsc_deadline_timer aes xsave avx f16c rdrand lahf_lm arat epb xsaveopt pln pts dtherm tpr_shadow vnmi flexpriority ept vpid fsgsbase smep erms
bogomips	: 4987.69
clflush size	: 64
cache_alignment	: 64
address sizes	: 46 bits physical, 48 bits virtual
power management:

processor	: 1
vendor_id	: GenuineIntel
cpu family	: 6
model		: 62
model name	: Intel(R) Xeon(R) CPU E5-2609 v2 @ 2.50GHz
stepping	: 4
microcode	: 0x416
cpu MHz		: 2500.000
cache size	: 10240 KB
physical id	: 0
siblings	: 4
core id		: 1
cpu cores	: 4
apicid		: 2
initial apicid	: 2
fpu		: yes
fpu_exception	: yes
cpuid level	: 13
wp		: yes
flags		: fpu vme de pse tsc msr pae mce cx8 apic sep mtrr pge mca cmov pat pse36 clflush dts acpi mmx fxsr sse sse2 ss ht tm pbe syscall nx pdpe1gb rdtscp lm constant_tsc arch_perfmon pebs bts rep_good nopl xtopology nonstop_tsc aperfmperf eagerfpu pni pclmulqdq dtes64 monitor ds_cpl vmx smx est tm2 ssse3 cx16 xtpr pdcm pcid dca sse4_1 sse4_2 x2apic popcnt tsc_deadline_timer aes xsave avx f16c rdrand lahf_lm arat epb xsaveopt pln pts dtherm tpr_shadow vnmi flexpriority ept vpid fsgsbase smep erms
bogomips	: 4987.69
clflush size	: 64
cache_alignment	: 64
address sizes	: 46 bits physical, 48 bits virtual
power management:

processor	: 2
vendor_id	: GenuineIntel
cpu family	: 6
model		: 62
model name	: Intel(R) Xeon(R) CPU E5-2609 v2 @ 2.50GHz
stepping	: 4
microcode	: 0x416
cpu MHz		: 1500.000
cache size	: 10240 KB
physical id	: 0
siblings	: 4
core id		: 2
cpu cores	: 4
apicid		: 4
initial apicid	: 4
fpu		: yes
fpu_exception	: yes
cpuid level	: 13
wp		: yes
flags		: fpu vme de pse tsc msr pae mce cx8 apic sep mtrr pge mca cmov pat pse36 clflush dts acpi mmx fxsr sse sse2 ss ht tm pbe syscall nx pdpe1gb rdtscp lm constant_tsc arch_perfmon pebs bts rep_good nopl xtopology nonstop_tsc aperfmperf eagerfpu pni pclmulqdq dtes64 monitor ds_cpl vmx smx est tm2 ssse3 cx16 xtpr pdcm pcid dca sse4_1 sse4_2 x2apic popcnt tsc_deadline_timer aes xsave avx f16c rdrand lahf_lm arat epb xsaveopt pln pts dtherm tpr_shadow vnmi flexpriority ept vpid fsgsbase smep erms
bogomips	: 4987.69
clflush size	: 64
cache_alignment	: 64
address sizes	: 46 bits physical, 48 bits virtual
power management:

processor	: 3
vendor_id	: GenuineIntel
cpu family	: 6
model		: 62
model name	: Intel(R) Xeon(R) CPU E5-2609 v2 @ 2.50GHz
stepping	: 4
microcode	: 0x416
cpu MHz		: 2500.000
cache size	: 10240 KB
physical id	: 0
siblings	: 4
core id		: 3
cpu cores	: 4
apicid		: 6
initial apicid	: 6
fpu		: yes
fpu_exception	: yes
cpuid level	: 13
wp		: yes
flags		: fpu vme de pse tsc msr pae mce cx8 apic sep mtrr pge mca cmov pat pse36 clflush dts acpi mmx fxsr sse sse2 ss ht tm pbe syscall nx pdpe1gb rdtscp lm constant_tsc arch_perfmon pebs bts rep_good nopl xtopology nonstop_tsc aperfmperf eagerfpu pni pclmulqdq dtes64 monitor ds_cpl vmx smx est tm2 ssse3 cx16 xtpr pdcm pcid dca sse4_1 sse4_2 x2apic popcnt tsc_deadline_timer aes xsave avx f16c rdrand lahf_lm arat epb xsaveopt pln pts dtherm tpr_shadow vnmi flexpriority ept vpid fsgsbase smep erms
bogomips	: 4987.69
clflush size	: 64
cache_alignment	: 64
address sizes	: 46 bits physical, 48 bits virtual
power management:

processor	: 4
vendor_id	: GenuineIntel
cpu family	: 6
model		: 62
model name	: Intel(R) Xeon(R) CPU E5-2609 v2 @ 2.50GHz
stepping	: 4
microcode	: 0x416
cpu MHz		: 1200.000
cache size	: 10240 KB
physical id	: 1
siblings	: 4
core id		: 0
cpu cores	: 4
apicid		: 32
initial apicid	: 32
fpu		: yes
fpu_exception	: yes
cpuid level	: 13
wp		: yes
flags		: fpu vme de pse tsc msr pae mce cx8 apic sep mtrr pge mca cmov pat pse36 clflush dts acpi mmx fxsr sse sse2 ss ht tm pbe syscall nx pdpe1gb rdtscp lm constant_tsc arch_perfmon pebs bts rep_good nopl xtopology nonstop_tsc aperfmperf eagerfpu pni pclmulqdq dtes64 monitor ds_cpl vmx smx est tm2 ssse3 cx16 xtpr pdcm pcid dca sse4_1 sse4_2 x2apic popcnt tsc_deadline_timer aes xsave avx f16c rdrand lahf_lm arat epb xsaveopt pln pts dtherm tpr_shadow vnmi flexpriority ept vpid fsgsbase smep erms
bogomips	: 4989.30
clflush size	: 64
cache_alignment	: 64
address sizes	: 46 bits physical, 48 bits virtual
power management:

processor	: 5
vendor_id	: GenuineIntel
cpu family	: 6
model		: 62
model name	: Intel(R) Xeon(R) CPU E5-2609 v2 @ 2.50GHz
stepping	: 4
microcode	: 0x416
cpu MHz		: 2500.000
cache size	: 10240 KB
physical id	: 1
siblings	: 4
core id		: 1
cpu cores	: 4
apicid		: 34
initial apicid	: 34
fpu		: yes
fpu_exception	: yes
cpuid level	: 13
wp		: yes
flags		: fpu vme de pse tsc msr pae mce cx8 apic sep mtrr pge mca cmov pat pse36 clflush dts acpi mmx fxsr sse sse2 ss ht tm pbe syscall nx pdpe1gb rdtscp lm constant_tsc arch_perfmon pebs bts rep_good nopl xtopology nonstop_tsc aperfmperf eagerfpu pni pclmulqdq dtes64 monitor ds_cpl vmx smx est tm2 ssse3 cx16 xtpr pdcm pcid dca sse4_1 sse4_2 x2apic popcnt tsc_deadline_timer aes xsave avx f16c rdrand lahf_lm arat epb xsaveopt pln pts dtherm tpr_shadow vnmi flexpriority ept vpid fsgsbase smep erms
bogomips	: 4989.30
clflush size	: 64
cache_alignment	: 64
address sizes	: 46 bits physical, 48 bits virtual
power management:

processor	: 6
vendor_id	: GenuineIntel
cpu family	: 6
model		: 62
model name	: Intel(R) Xeon(R) CPU E5-2609 v2 @ 2.50GHz
stepping	: 4
microcode	: 0x416
cpu MHz		: 2500.000
cache size	: 10240 KB
physical id	: 1
siblings	: 4
core id		: 2
cpu cores	: 4
apicid		: 36
initial apicid	: 36
fpu		: yes
fpu_exception	: yes
cpuid level	: 13
wp		: yes
flags		: fpu vme de pse tsc msr pae mce cx8 apic sep mtrr pge mca cmov pat pse36 clflush dts acpi mmx fxsr sse sse2 ss ht tm pbe syscall nx pdpe1gb rdtscp lm constant_tsc arch_perfmon pebs bts rep_good nopl xtopology nonstop_tsc aperfmperf eagerfpu pni pclmulqdq dtes64 monitor ds_cpl vmx smx est tm2 ssse3 cx16 xtpr pdcm pcid dca sse4_1 sse4_2 x2apic popcnt tsc_deadline_timer aes xsave avx f16c rdrand lahf_lm arat epb xsaveopt pln pts dtherm tpr_shadow vnmi flexpriority ept vpid fsgsbase smep erms
bogomips	: 4989.30
clflush size	: 64
cache_alignment	: 64
address sizes	: 46 bits physical, 48 bits virtual
power management:

processor	: 7
vendor_id	: GenuineIntel
cpu family	: 6
model		: 62
model name	: Intel(R) Xeon(R) CPU E5-2609 v2 @ 2.50GHz
stepping	: 4
microcode	: 0x416
cpu MHz		: 2500.000
cache size	: 10240 KB
physical id	: 1
siblings	: 4
core id		: 3
cpu cores	: 4
apicid		: 38
initial apicid	: 38
fpu		: yes
fpu_exception	: yes
cpuid level	: 13
wp		: yes
flags		: fpu vme de pse tsc msr pae mce cx8 apic sep mtrr pge mca cmov pat pse36 clflush dts acpi mmx fxsr sse sse2 ss ht tm pbe syscall nx pdpe1gb rdtscp lm constant_tsc arch_perfmon pebs bts rep_good nopl xtopology nonstop_tsc aperfmperf eagerfpu pni pclmulqdq dtes64 monitor ds_cpl vmx smx est tm2 ssse3 cx16 xtpr pdcm pcid dca sse4_1 sse4_2 x2apic popcnt tsc_deadline_timer aes xsave avx f16c rdrand lahf_lm arat epb xsaveopt pln pts dtherm tpr_shadow vnmi flexpriority ept vpid fsgsbase smep erms
bogomips	: 4989.30
clflush size	: 64
cache_alignment	: 64
address sizes	: 46 bits physical, 48 bits virtual
power management:



Memory: 4k page, physical 65922644k(270460k free), swap 31250428k(31249500k free)

vm_info: Java HotSpot(TM) 64-Bit Server VM (25.40-b25) for linux-amd64 JRE (1.8.0_40-b26), built on Mar  7 2015 15:08:31 by "java_re" with gcc 4.3.0 20080428 (Red Hat 4.3.0-8)

time: Thu Apr  9 11:56:31 2015
elapsed time: 0 seconds (0d 0h 0m 0s)

