#
# A fatal error has been detected by the Java Runtime Environment:
#
#  SIGSEGV (0xb) at pc=0x00007fde6eeed793, pid=6039, tid=140593094276864
#
# JRE version: Java(TM) SE Runtime Environment (8.0_40-b26) (build 1.8.0_40-b26)
# Java VM: Java HotSpot(TM) 64-Bit Server VM (25.40-b25 mixed mode linux-amd64 compressed oops)
# Problematic frame:
# C  [libstdc++.so.6+0x93793]  std::basic_ostream<char, std::char_traits<char> >& std::operator<< <char, std::char_traits<char>, std::allocator<char> >(std::basic_ostream<char, std::char_traits<char> >&, std::basic_string<char, std::char_traits<char>, std::allocator<char> > const&)+0x3
#
# Failed to write core dump. Core dumps have been disabled. To enable core dumping, try "ulimit -c unlimited" before starting Java again
#
# If you would like to submit a bug report, please visit:
#   http://bugreport.java.com/bugreport/crash.jsp
# The crash happened outside the Java Virtual Machine in native code.
# See problematic frame for where to report the bug.
#

---------------  T H R E A D  ---------------

Current thread (0x00007fdef043d800):  JavaThread "JavaFX Application Thread" [_thread_in_native, id=6072, stack(0x00007fde61613000,0x00007fde61714000)]

siginfo: si_signo: 11 (SIGSEGV), si_code: 1 (SEGV_MAPERR), si_addr: 0xffffffffffffffee

Registers:
RAX=0x00007fde6f15b700, RBX=0x00007fdedd898cd0, RCX=0xffffffffffffffff, RDX=0x0000000000000008
RSP=0x00007fde617110b8, RBP=0x00007fde617110f0, RSI=0x0000000000000006, RDI=0x00007fde6f15b700
R8 =0x00000000ffffffff, R9 =0x00007fde61713700, R10=0x00007fde61710e60, R11=0x00007fde6eeed790
R12=0x0000000000000000, R13=0x00007fdedd898cd0, R14=0x00007fde61711188, R15=0x00007fdef043d800
RIP=0x00007fde6eeed793, EFLAGS=0x0000000000010206, CSGSFS=0x0000000000000033, ERR=0x0000000000000005
  TRAPNO=0x000000000000000e

Top of Stack: (sp=0x00007fde617110b8)
0x00007fde617110b8:   00007fde610abeea 00007fde61711100
0x00007fde617110c8:   00007fde4c314480 00007fde61711188
0x00007fde617110d8:   00007fdef043d9f8 00007fde4c314480
0x00007fde617110e8:   00007fde4c314480 00007fde61711158
0x00007fde617110f8:   00007fdee101ce84 00007fde61711158
0x00007fde61711108:   00007fdee101c947 00007fdee101c902
0x00007fde61711118:   00007fde61711118 00007fdedd898cd0
0x00007fde61711128:   00007fde61711188 00007fdedd8994f0
0x00007fde61711138:   0000000000000000 00007fdedd898cd0
0x00007fde61711148:   0000000000000000 00007fde61711178
0x00007fde61711158:   00007fde617111d0 00007fdee1007ccd
0x00007fde61711168:   0000000000000000 00007fdee10137d8
0x00007fde61711178:   00007fde4c314480 00000006ec9018f8
0x00007fde61711188:   00000006ec9018f8 00007fde61711190
0x00007fde61711198:   00007fdedd89903d 00007fde617111e0
0x00007fde617111a8:   00007fdedd8994f0 0000000000000000
0x00007fde617111b8:   00007fdedd899058 00007fde61711178
0x00007fde617111c8:   00007fde617111e0 00007fde61711228
0x00007fde617111d8:   00007fdee1007ccd 00000006ec9018f8
0x00007fde617111e8:   00007fde617111e8 00007fdedd6a96e8
0x00007fde617111f8:   00007fde61711278 00007fdedd6a9900
0x00007fde61711208:   0000000000000000 00007fdedd6a97d8
0x00007fde61711218:   00007fde617111e0 00007fde61711270
0x00007fde61711228:   00007fde617112c0 00007fdee1007ccd
0x00007fde61711238:   0000000000000000 0000000000000000
0x00007fde61711248:   0000000000000000 0000000000000000
0x00007fde61711258:   0000000000000000 00000006ec909cb8
0x00007fde61711268:   00000006ec9018f8 00000006ec521218
0x00007fde61711278:   00000006ec4bfc10 00007fde61711280
0x00007fde61711288:   00007fdedd6b052c 00007fde617112e0
0x00007fde61711298:   00007fdedd6b2eb0 0000000000000000
0x00007fde617112a8:   00007fdedd6b0560 00007fde61711270 

Instructions: (pc=0x00007fde6eeed793)
0x00007fde6eeed773:   fc ff 85 c0 0f 95 c0 48 83 c4 08 0f b6 c0 f7 d8
0x00007fde6eeed783:   c3 66 2e 0f 1f 84 00 00 00 00 00 66 90 48 8b 36
0x00007fde6eeed793:   48 8b 56 e8 e9 e4 6d fc ff 0f 1f 40 00 41 54 55
0x00007fde6eeed7a3:   48 89 fd 53 48 8b 07 48 8b 40 e8 48 8b 9c 07 f0 

Register to memory mapping:

RAX=0x00007fde6f15b700: _ZSt4cout+0 in /usr/lib/x86_64-linux-gnu/libstdc++.so.6 at 0x00007fde6ee5a000
RBX={method} {0x00007fdedd898cd0} 'closeConnexion' '(J)V' in 'fr/ird/voxelidar/voxelisation/extraction/tls/RxpExtraction'
RCX=0xffffffffffffffff is an unknown value
RDX=0x0000000000000008 is an unknown value
RSP=0x00007fde617110b8 is pointing into the stack for thread: 0x00007fdef043d800
RBP=0x00007fde617110f0 is pointing into the stack for thread: 0x00007fdef043d800
RSI=0x0000000000000006 is an unknown value
RDI=0x00007fde6f15b700: _ZSt4cout+0 in /usr/lib/x86_64-linux-gnu/libstdc++.so.6 at 0x00007fde6ee5a000
R8 =0x00000000ffffffff is an unknown value
R9 =0x00007fde61713700 is pointing into the stack for thread: 0x00007fdef043d800
R10=0x00007fde61710e60 is pointing into the stack for thread: 0x00007fdef043d800
R11=0x00007fde6eeed790: _ZStlsIcSt11char_traitsIcESaIcEERSt13basic_ostreamIT_T0_ES7_RKSbIS4_S5_T1_E+0 in /usr/lib/x86_64-linux-gnu/libstdc++.so.6 at 0x00007fde6ee5a000
R12=0x0000000000000000 is an unknown value
R13={method} {0x00007fdedd898cd0} 'closeConnexion' '(J)V' in 'fr/ird/voxelidar/voxelisation/extraction/tls/RxpExtraction'
R14=0x00007fde61711188 is pointing into the stack for thread: 0x00007fdef043d800
R15=0x00007fdef043d800 is a thread


Stack: [0x00007fde61613000,0x00007fde61714000],  sp=0x00007fde617110b8,  free space=1016k
Native frames: (J=compiled Java code, j=interpreted, Vv=VM code, C=native code)
C  [libstdc++.so.6+0x93793]  std::basic_ostream<char, std::char_traits<char> >& std::operator<< <char, std::char_traits<char>, std::allocator<char> >(std::basic_ostream<char, std::char_traits<char> >&, std::basic_string<char, std::char_traits<char>, std::allocator<char> > const&)+0x3
j  fr.ird.voxelidar.voxelisation.extraction.tls.RxpExtraction.closeConnexion(J)V+0
j  fr.ird.voxelidar.voxelisation.extraction.tls.RxpExtraction.close()V+5
j  fr.ird.voxelidar.FXPrincipal.start(Ljavafx/stage/Stage;)V+56
j  com.sun.javafx.application.LauncherImpl.lambda$launchApplication1$159(Ljava/util/concurrent/atomic/AtomicBoolean;Ljavafx/application/Application;)V+20
j  com.sun.javafx.application.LauncherImpl$$Lambda$58.run()V+8
j  com.sun.javafx.application.PlatformImpl.lambda$runAndWait$172(Ljava/lang/Runnable;Ljava/util/concurrent/CountDownLatch;)V+1
j  com.sun.javafx.application.PlatformImpl$$Lambda$50.run()V+8
j  com.sun.javafx.application.PlatformImpl.lambda$null$170(Ljava/lang/Runnable;)Ljava/lang/Void;+1
j  com.sun.javafx.application.PlatformImpl$$Lambda$53.run()Ljava/lang/Object;+4
v  ~StubRoutines::call_stub
V  [libjvm.so+0x681a56]  JavaCalls::call_helper(JavaValue*, methodHandle*, JavaCallArguments*, Thread*)+0x1056
V  [libjvm.so+0x71980c]  JVM_DoPrivileged+0x27c
j  java.security.AccessController.doPrivileged(Ljava/security/PrivilegedAction;Ljava/security/AccessControlContext;)Ljava/lang/Object;+0
j  com.sun.javafx.application.PlatformImpl.lambda$runLater$171(Ljava/lang/Runnable;Ljava/security/AccessControlContext;)V+7
j  com.sun.javafx.application.PlatformImpl$$Lambda$52.run()V+8
j  com.sun.glass.ui.InvokeLaterDispatcher$Future.run()V+4
v  ~StubRoutines::call_stub
V  [libjvm.so+0x681a56]  JavaCalls::call_helper(JavaValue*, methodHandle*, JavaCallArguments*, Thread*)+0x1056
V  [libjvm.so+0x6c435b]  jni_invoke_nonstatic(JNIEnv_*, JavaValue*, _jobject*, JNICallType, _jmethodID*, JNI_ArgumentPusher*, Thread*)+0x41b
V  [libjvm.so+0x6c871f]  jni_CallVoidMethodV+0x10f
C  [libglass.so+0x1b798]  JNIEnv_::CallVoidMethod(_jobject*, _jmethodID*, ...)+0x98
C  [libglass.so+0x25144]  call_runnable(void*)+0x34
C  [libgdk-x11-2.0.so.0+0x1dcf7]

Java frames: (J=compiled Java code, j=interpreted, Vv=VM code)
j  fr.ird.voxelidar.voxelisation.extraction.tls.RxpExtraction.closeConnexion(J)V+0
j  fr.ird.voxelidar.voxelisation.extraction.tls.RxpExtraction.close()V+5
j  fr.ird.voxelidar.FXPrincipal.start(Ljavafx/stage/Stage;)V+56
j  com.sun.javafx.application.LauncherImpl.lambda$launchApplication1$159(Ljava/util/concurrent/atomic/AtomicBoolean;Ljavafx/application/Application;)V+20
j  com.sun.javafx.application.LauncherImpl$$Lambda$58.run()V+8
j  com.sun.javafx.application.PlatformImpl.lambda$runAndWait$172(Ljava/lang/Runnable;Ljava/util/concurrent/CountDownLatch;)V+1
j  com.sun.javafx.application.PlatformImpl$$Lambda$50.run()V+8
j  com.sun.javafx.application.PlatformImpl.lambda$null$170(Ljava/lang/Runnable;)Ljava/lang/Void;+1
j  com.sun.javafx.application.PlatformImpl$$Lambda$53.run()Ljava/lang/Object;+4
v  ~StubRoutines::call_stub
j  java.security.AccessController.doPrivileged(Ljava/security/PrivilegedAction;Ljava/security/AccessControlContext;)Ljava/lang/Object;+0
j  com.sun.javafx.application.PlatformImpl.lambda$runLater$171(Ljava/lang/Runnable;Ljava/security/AccessControlContext;)V+7
j  com.sun.javafx.application.PlatformImpl$$Lambda$52.run()V+8
j  com.sun.glass.ui.InvokeLaterDispatcher$Future.run()V+4
v  ~StubRoutines::call_stub
j  com.sun.glass.ui.gtk.GtkApplication._runLoop(Ljava/lang/Runnable;Z)V+0
j  com.sun.glass.ui.gtk.GtkApplication.lambda$null$48(Ljava/lang/Runnable;Z)V+7
j  com.sun.glass.ui.gtk.GtkApplication$$Lambda$41.run()V+12
j  java.lang.Thread.run()V+11
v  ~StubRoutines::call_stub

---------------  P R O C E S S  ---------------

Java Threads: ( => current thread )
  0x00007fdef0442000 JavaThread "JavaFX-Launcher" [_thread_blocked, id=6073, stack(0x00007fde61412000,0x00007fde61513000)]
=>0x00007fdef043d800 JavaThread "JavaFX Application Thread" [_thread_in_native, id=6072, stack(0x00007fde61613000,0x00007fde61714000)]
  0x00007fdef0439000 JavaThread "Thread-1" daemon [_thread_blocked, id=6071, stack(0x00007fde61714000,0x00007fde61815000)]
  0x00007fdef0373800 JavaThread "QuantumRenderer-0" daemon [_thread_blocked, id=6068, stack(0x00007fdea65e4000,0x00007fdea66e5000)]
  0x00007fdef022e000 JavaThread "Service Thread" daemon [_thread_blocked, id=6066, stack(0x00007fdea67e6000,0x00007fdea68e7000)]
  0x00007fdef0220800 JavaThread "C1 CompilerThread3" daemon [_thread_blocked, id=6065, stack(0x00007fdea68e7000,0x00007fdea69e8000)]
  0x00007fdef021e800 JavaThread "C2 CompilerThread2" daemon [_thread_blocked, id=6064, stack(0x00007fdea69e8000,0x00007fdea6ae9000)]
  0x00007fdef021c800 JavaThread "C2 CompilerThread1" daemon [_thread_blocked, id=6063, stack(0x00007fdea6ae9000,0x00007fdea6bea000)]
  0x00007fdef0219800 JavaThread "C2 CompilerThread0" daemon [_thread_blocked, id=6062, stack(0x00007fdea6bea000,0x00007fdea6ceb000)]
  0x00007fde94001000 JavaThread "JDWP Command Reader" daemon [_thread_in_native, id=6060, stack(0x00007fdea6ceb000,0x00007fdea6dec000)]
  0x00007fdef0217800 JavaThread "JDWP Event Helper Thread" daemon [_thread_blocked, id=6059, stack(0x00007fdea6dec000,0x00007fdea6eed000)]
  0x00007fdef0214000 JavaThread "JDWP Transport Listener: dt_socket" daemon [_thread_blocked, id=6056, stack(0x00007fdea6eed000,0x00007fdea6fee000)]
  0x00007fdef0208000 JavaThread "Signal Dispatcher" daemon [_thread_blocked, id=6055, stack(0x00007fdea71f2000,0x00007fdea72f3000)]
  0x00007fdef01d0800 JavaThread "Finalizer" daemon [_thread_blocked, id=6054, stack(0x00007fdea72f3000,0x00007fdea73f4000)]
  0x00007fdef01ce800 JavaThread "Reference Handler" daemon [_thread_blocked, id=6053, stack(0x00007fdea73f4000,0x00007fdea74f5000)]
  0x00007fdef000c000 JavaThread "main" [_thread_blocked, id=6043, stack(0x00007fdef87d4000,0x00007fdef88d5000)]

Other Threads:
  0x00007fdef01c9800 VMThread [stack: 0x00007fdea74f5000,0x00007fdea75f6000] [id=6052]
  0x00007fdef0230800 WatcherThread [stack: 0x00007fdea66e5000,0x00007fdea67e6000] [id=6067]

VM state:not at safepoint (normal execution)

VM Mutex/Monitor currently owned by a thread: None

Heap:
 PSYoungGen      total 300544K, used 41288K [0x00000006eab00000, 0x00000006ffa00000, 0x00000007c0000000)
  eden space 258048K, 16% used [0x00000006eab00000,0x00000006ed352090,0x00000006fa700000)
  from space 42496K, 0% used [0x00000006fd080000,0x00000006fd080000,0x00000006ffa00000)
  to   space 42496K, 0% used [0x00000006fa700000,0x00000006fa700000,0x00000006fd080000)
 ParOldGen       total 687104K, used 0K [0x0000000540000000, 0x0000000569f00000, 0x00000006eab00000)
  object space 687104K, 0% used [0x0000000540000000,0x0000000540000000,0x0000000569f00000)
 Metaspace       used 8265K, capacity 8582K, committed 8832K, reserved 1056768K
  class space    used 1006K, capacity 1133K, committed 1152K, reserved 1048576K

Card table byte_map: [0x00007fdedfbff000,0x00007fdee1000000] byte_map_base: 0x00007fdedd1ff000

Marking Bits: (ParMarkBitMap*) 0x00007fdef7cb26c0
 Begin Bits: [0x00007fdea8000000, 0x00007fdeb2000000)
 End Bits:   [0x00007fdeb2000000, 0x00007fdebc000000)

Polling page: 0x00007fdef88fb000

CodeCache: size=245760Kb used=2505Kb max_used=2505Kb free=243254Kb
 bounds [0x00007fdee1000000, 0x00007fdee1280000, 0x00007fdef0000000]
 total_blobs=1032 nmethods=609 adapters=345
 compilation: enabled

Compilation events (10 events):
Event: 0,637 Thread 0x00007fdef0220800  605   !   3       java.util.zip.InflaterInputStream::read (138 bytes)
Event: 0,638 Thread 0x00007fdef0220800 nmethod 605 0x00007fdee126ead0 code [0x00007fdee126ed80, 0x00007fdee126fec8]
Event: 0,638 Thread 0x00007fdef0220800  606       3       java.util.zip.InflaterInputStream::ensureOpen (18 bytes)
Event: 0,638 Thread 0x00007fdef0220800 nmethod 606 0x00007fdee126c3d0 code [0x00007fdee126c560, 0x00007fdee126c7c8]
Event: 0,648 Thread 0x00007fdef0220800  607       3       java.nio.Buffer::position (43 bytes)
Event: 0,649 Thread 0x00007fdef0220800 nmethod 607 0x00007fdee126b510 code [0x00007fdee126b6a0, 0x00007fdee126b968]
Event: 0,649 Thread 0x00007fdef0220800  608       3       java.lang.String::getBytes (27 bytes)
Event: 0,649 Thread 0x00007fdef0220800 nmethod 608 0x00007fdee126af10 code [0x00007fdee126b0a0, 0x00007fdee126b338]
Event: 0,649 Thread 0x00007fdef0220800  609   !   3       java.lang.StringCoding::encode (120 bytes)
Event: 0,651 Thread 0x00007fdef0220800 nmethod 609 0x00007fdee1270b90 code [0x00007fdee1270ee0, 0x00007fdee1272978]

GC Heap History (0 events):
No events

Deoptimization events (2 events):
Event: 0,511 Thread 0x00007fdef043d800 Uncommon trap: reason=unstable_if action=reinterpret pc=0x00007fdee11b22b8 method=java.lang.String.replace(CC)Ljava/lang/String; @ 2
Event: 0,532 Thread 0x00007fdef043d800 Uncommon trap: reason=unstable_if action=reinterpret pc=0x00007fdee11e5eb0 method=java.lang.String.indexOf([CII[CIII)I @ 134

Internal exceptions (10 events):
Event: 0,593 Thread 0x00007fdef043d800 Exception <a 'java/lang/ClassNotFoundException': org/apache/log4j/RollingFileAppenderBeanInfo> (0x00000006ec7f4050) thrown at [/HUDSON/workspace/8-2-build-linux-amd64/jdk8u40/3098/hotspot/src/share/vm/classfile/systemDictionary.cpp, line 210]
Event: 0,594 Thread 0x00007fdef043d800 Exception <a 'java/lang/ClassNotFoundException': org/apache/log4j/FileAppenderBeanInfo> (0x00000006ec7fc978) thrown at [/HUDSON/workspace/8-2-build-linux-amd64/jdk8u40/3098/hotspot/src/share/vm/classfile/systemDictionary.cpp, line 210]
Event: 0,594 Thread 0x00007fdef043d800 Exception <a 'java/lang/ClassNotFoundException': org/apache/log4j/WriterAppenderBeanInfo> (0x00000006ec805560) thrown at [/HUDSON/workspace/8-2-build-linux-amd64/jdk8u40/3098/hotspot/src/share/vm/classfile/systemDictionary.cpp, line 210]
Event: 0,595 Thread 0x00007fdef043d800 Exception <a 'java/lang/ClassNotFoundException': org/apache/log4j/AppenderSkeletonBeanInfo> (0x00000006ec80e478) thrown at [/HUDSON/workspace/8-2-build-linux-amd64/jdk8u40/3098/hotspot/src/share/vm/classfile/systemDictionary.cpp, line 210]
Event: 0,595 Thread 0x00007fdef043d800 Exception <a 'java/lang/ClassNotFoundException': org/apache/log4j/AppenderSkeletonCustomizer> (0x00000006ec817b18) thrown at [/HUDSON/workspace/8-2-build-linux-amd64/jdk8u40/3098/hotspot/src/share/vm/classfile/systemDictionary.cpp, line 210]
Event: 0,598 Thread 0x00007fdef043d800 Exception <a 'java/lang/ClassNotFoundException': org/apache/log4j/WriterAppenderCustomizer> (0x00000006ec8350d0) thrown at [/HUDSON/workspace/8-2-build-linux-amd64/jdk8u40/3098/hotspot/src/share/vm/classfile/systemDictionary.cpp, line 210]
Event: 0,600 Thread 0x00007fdef043d800 Exception <a 'java/lang/ClassNotFoundException': org/apache/log4j/FileAppenderCustomizer> (0x00000006ec84a338) thrown at [/HUDSON/workspace/8-2-build-linux-amd64/jdk8u40/3098/hotspot/src/share/vm/classfile/systemDictionary.cpp, line 210]
Event: 0,601 Thread 0x00007fdef043d800 Exception <a 'java/lang/ClassNotFoundException': org/apache/log4j/RollingFileAppenderCustomizer> (0x00000006ec860780) thrown at [/HUDSON/workspace/8-2-build-linux-amd64/jdk8u40/3098/hotspot/src/share/vm/classfile/systemDictionary.cpp, line 210]
Event: 0,607 Thread 0x00007fdef043d800 Exception <a 'java/lang/ClassNotFoundException': org/apache/log4j/ConsoleAppenderBeanInfo> (0x00000006ec8987b0) thrown at [/HUDSON/workspace/8-2-build-linux-amd64/jdk8u40/3098/hotspot/src/share/vm/classfile/systemDictionary.cpp, line 210]
Event: 0,608 Thread 0x00007fdef043d800 Exception <a 'java/lang/ClassNotFoundException': org/apache/log4j/ConsoleAppenderCustomizer> (0x00000006ec8a1628) thrown at [/HUDSON/workspace/8-2-build-linux-amd64/jdk8u40/3098/hotspot/src/share/vm/classfile/systemDictionary.cpp, line 210]

Events (10 events):
Event: 0,663 Thread 0x00007fdef043d800 DEOPT PACKING pc=0x00007fdee1180714 sp=0x00007fde6170ff60
Event: 0,663 Thread 0x00007fdef043d800 DEOPT UNPACKING pc=0x00007fdee1047633 sp=0x00007fde6170fda0 mode 1
Event: 0,663 Thread 0x00007fdef043d800 DEOPT PACKING pc=0x00007fdee11804b4 sp=0x00007fde617100f0
Event: 0,663 Thread 0x00007fdef043d800 DEOPT UNPACKING pc=0x00007fdee1047633 sp=0x00007fde6170ff30 mode 1
Event: 0,666 Executing VM operation: ChangeBreakpoints
Event: 0,666 Executing VM operation: ChangeBreakpoints done
Event: 0,674 loading class com/sun/javafx/WeakReferenceQueue$1
Event: 0,674 loading class com/sun/javafx/WeakReferenceQueue$1 done
Event: 4,099 Executing VM operation: EnableBiasedLocking
Event: 4,100 Executing VM operation: EnableBiasedLocking done


Dynamic libraries:
00400000-00401000 r-xp 00000000 08:03 107611431                          /home/calcul/Téléchargements/jdk1.8.0_40/jre/bin/java
00600000-00601000 rw-p 00000000 08:03 107611431                          /home/calcul/Téléchargements/jdk1.8.0_40/jre/bin/java
01cc6000-01ce7000 rw-p 00000000 00:00 0                                  [heap]
540000000-569f00000 rw-p 00000000 00:00 0 
569f00000-6eab00000 ---p 00000000 00:00 0 
6eab00000-6ffa00000 rw-p 00000000 00:00 0 
6ffa00000-7c0000000 ---p 00000000 00:00 0 
7c0000000-7c0120000 rw-p 00000000 00:00 0 
7c0120000-800000000 ---p 00000000 00:00 0 
7fde4c000000-7fde4c5da000 rw-p 00000000 00:00 0 
7fde4c5da000-7fde50000000 ---p 00000000 00:00 0 
7fde50000000-7fde50021000 rw-p 00000000 00:00 0 
7fde50021000-7fde54000000 ---p 00000000 00:00 0 
7fde54000000-7fde54022000 rw-p 00000000 00:00 0 
7fde54022000-7fde58000000 ---p 00000000 00:00 0 
7fde58000000-7fde58021000 rw-p 00000000 00:00 0 
7fde58021000-7fde5c000000 ---p 00000000 00:00 0 
7fde5c000000-7fde5c021000 rw-p 00000000 00:00 0 
7fde5c021000-7fde60000000 ---p 00000000 00:00 0 
7fde61058000-7fde6105c000 rw-p 00000000 00:00 0 
7fde6105c000-7fde6116f000 r-xp 00000000 08:01 131105                     /tmp/RivLibLibraryV2-2093579260782946190.tmp
7fde6116f000-7fde6136f000 ---p 00113000 08:01 131105                     /tmp/RivLibLibraryV2-2093579260782946190.tmp
7fde6136f000-7fde61378000 r--p 00113000 08:01 131105                     /tmp/RivLibLibraryV2-2093579260782946190.tmp
7fde61378000-7fde6137a000 rw-p 0011c000 08:01 131105                     /tmp/RivLibLibraryV2-2093579260782946190.tmp
7fde6137a000-7fde6137b000 rw-p 00000000 00:00 0 
7fde6137b000-7fde61380000 r--s 00094000 08:03 107611371                  /home/calcul/Téléchargements/jdk1.8.0_40/jre/lib/jsse.jar
7fde61380000-7fde6139c000 r--s 00393000 08:03 107611383                  /home/calcul/Téléchargements/jdk1.8.0_40/jre/lib/ext/cldrdata.jar
7fde6139c000-7fde613a7000 r--s 00116000 08:03 107611377                  /home/calcul/Téléchargements/jdk1.8.0_40/jre/lib/ext/localedata.jar
7fde613a7000-7fde613aa000 r--s 00022000 08:03 111940158                  /home/calcul/Documents/Julien/VoxeLidar/trunk/VoxeLidarGUIFX/target/release/lib/openjfx-dialogs-1.0.2.jar
7fde613aa000-7fde613bc000 r--s 000d8000 08:03 111940181                  /home/calcul/Documents/Julien/VoxeLidar/trunk/VoxeLidarGUIFX/target/release/lib/controlsfx-8.20.8.jar
7fde613bc000-7fde613c2000 r--s 0004b000 08:03 111940170                  /home/calcul/Documents/Julien/VoxeLidar/trunk/VoxeLidarGUIFX/target/release/lib/jcommon-1.0.23.jar
7fde613c2000-7fde613d3000 r--s 0016e000 08:03 111940157                  /home/calcul/Documents/Julien/VoxeLidar/trunk/VoxeLidarGUIFX/target/release/lib/jfreechart-1.0.19.jar
7fde613d3000-7fde613d4000 r--s 0001c000 08:03 111940184                  /home/calcul/Documents/Julien/VoxeLidar/trunk/VoxeLidarGUIFX/target/release/lib/swing-layout-1.0.3.jar
7fde613d4000-7fde613e3000 r--s 000ab000 08:03 111940179                  /home/calcul/Documents/Julien/VoxeLidar/trunk/VoxeLidarGUIFX/target/release/lib/commons-math-2.0.jar
7fde613e3000-7fde613e5000 r--s 00045000 08:03 111940163                  /home/calcul/Documents/Julien/VoxeLidar/trunk/VoxeLidarGUIFX/target/release/lib/vecmath-1.3.1.jar
7fde613e5000-7fde613ee000 r--s 0006f000 08:03 111940162                  /home/calcul/Documents/Julien/VoxeLidar/trunk/VoxeLidarGUIFX/target/release/lib/log4j-1.2.17.jar
7fde613ee000-7fde61412000 r--s 00306000 08:03 111940196                  /home/calcul/Documents/Julien/VoxeLidar/trunk/VoxeLidarGUIFX/target/release/lib/jogl-all-2.3.0.jar
7fde61412000-7fde61415000 ---p 00000000 00:00 0 
7fde61415000-7fde61513000 rw-p 00000000 00:00 0                          [stack:6073]
7fde61513000-7fde61593000 rw-s 12ed5a000 00:05 267                       /dev/dri/card0
7fde61593000-7fde61613000 rw-s 12aa3f000 00:05 267                       /dev/dri/card0
7fde61613000-7fde61616000 ---p 00000000 00:00 0 
7fde61616000-7fde61714000 rw-p 00000000 00:00 0                          [stack:6072]
7fde61714000-7fde61717000 ---p 00000000 00:00 0 
7fde61717000-7fde61815000 rw-p 00000000 00:00 0                          [stack:6071]
7fde61815000-7fde61816000 ---p 00000000 00:00 0 
7fde61816000-7fde62016000 rw-p 00000000 00:00 0                          [stack:6070]
7fde62016000-7fde62017000 ---p 00000000 00:00 0 
7fde62017000-7fde62817000 rw-p 00000000 00:00 0                          [stack:6069]
7fde62817000-7fde62822000 r-xp 00000000 08:01 656478                     /usr/lib/x86_64-linux-gnu/gio/modules/libdconfsettings.so
7fde62822000-7fde62a21000 ---p 0000b000 08:01 656478                     /usr/lib/x86_64-linux-gnu/gio/modules/libdconfsettings.so
7fde62a21000-7fde62a22000 r--p 0000a000 08:01 656478                     /usr/lib/x86_64-linux-gnu/gio/modules/libdconfsettings.so
7fde62a22000-7fde62a23000 rw-p 0000b000 08:01 656478                     /usr/lib/x86_64-linux-gnu/gio/modules/libdconfsettings.so
7fde62a23000-7fde62a7a000 r--p 00000000 08:01 1325739                    /usr/share/glib-2.0/schemas/gschemas.compiled
7fde62a7a000-7fde62a81000 r-xp 00000000 08:01 270532                     /usr/lib/x86_64-linux-gnu/libogg.so.0.8.1
7fde62a81000-7fde62c81000 ---p 00007000 08:01 270532                     /usr/lib/x86_64-linux-gnu/libogg.so.0.8.1
7fde62c81000-7fde62c82000 r--p 00007000 08:01 270532                     /usr/lib/x86_64-linux-gnu/libogg.so.0.8.1
7fde62c82000-7fde62c83000 rw-p 00008000 08:01 270532                     /usr/lib/x86_64-linux-gnu/libogg.so.0.8.1
7fde62c83000-7fde62cae000 r-xp 00000000 08:01 270763                     /usr/lib/x86_64-linux-gnu/libvorbis.so.0.4.5
7fde62cae000-7fde62eae000 ---p 0002b000 08:01 270763                     /usr/lib/x86_64-linux-gnu/libvorbis.so.0.4.5
7fde62eae000-7fde62eaf000 r--p 0002b000 08:01 270763                     /usr/lib/x86_64-linux-gnu/libvorbis.so.0.4.5
7fde62eaf000-7fde62eb0000 rw-p 0002c000 08:01 270763                     /usr/lib/x86_64-linux-gnu/libvorbis.so.0.4.5
7fde62eb0000-7fde62eb9000 r-xp 00000000 08:01 270454                     /usr/lib/x86_64-linux-gnu/libltdl.so.7.3.0
7fde62eb9000-7fde630b8000 ---p 00009000 08:01 270454                     /usr/lib/x86_64-linux-gnu/libltdl.so.7.3.0
7fde630b8000-7fde630b9000 r--p 00008000 08:01 270454                     /usr/lib/x86_64-linux-gnu/libltdl.so.7.3.0
7fde630b9000-7fde630ba000 rw-p 00009000 08:01 270454                     /usr/lib/x86_64-linux-gnu/libltdl.so.7.3.0
7fde630ba000-7fde630cc000 r-xp 00000000 08:01 270696                     /usr/lib/x86_64-linux-gnu/libtdb.so.1.2.11
7fde630cc000-7fde632cb000 ---p 00012000 08:01 270696                     /usr/lib/x86_64-linux-gnu/libtdb.so.1.2.11
7fde632cb000-7fde632cc000 r--p 00011000 08:01 270696                     /usr/lib/x86_64-linux-gnu/libtdb.so.1.2.11
7fde632cc000-7fde632cd000 rw-p 00012000 08:01 270696                     /usr/lib/x86_64-linux-gnu/libtdb.so.1.2.11
7fde632cd000-7fde632d4000 r-xp 00000000 08:01 270767                     /usr/lib/x86_64-linux-gnu/libvorbisfile.so.3.3.4
7fde632d4000-7fde634d3000 ---p 00007000 08:01 270767                     /usr/lib/x86_64-linux-gnu/libvorbisfile.so.3.3.4
7fde634d3000-7fde634d4000 r--p 00006000 08:01 270767                     /usr/lib/x86_64-linux-gnu/libvorbisfile.so.3.3.4
7fde634d4000-7fde634d5000 rw-p 00007000 08:01 270767                     /usr/lib/x86_64-linux-gnu/libvorbisfile.so.3.3.4
7fde634d5000-7fde634e4000 r-xp 00000000 08:01 269997                     /usr/lib/x86_64-linux-gnu/libcanberra.so.0.2.5
7fde634e4000-7fde636e3000 ---p 0000f000 08:01 269997                     /usr/lib/x86_64-linux-gnu/libcanberra.so.0.2.5
7fde636e3000-7fde636e4000 r--p 0000e000 08:01 269997                     /usr/lib/x86_64-linux-gnu/libcanberra.so.0.2.5
7fde636e4000-7fde636e5000 rw-p 0000f000 08:01 269997                     /usr/lib/x86_64-linux-gnu/libcanberra.so.0.2.5
7fde636e5000-7fde636e9000 r-xp 00000000 08:01 269993                     /usr/lib/x86_64-linux-gnu/libcanberra-gtk.so.0.1.9
7fde636e9000-7fde638e8000 ---p 00004000 08:01 269993                     /usr/lib/x86_64-linux-gnu/libcanberra-gtk.so.0.1.9
7fde638e8000-7fde638e9000 r--p 00003000 08:01 269993                     /usr/lib/x86_64-linux-gnu/libcanberra-gtk.so.0.1.9
7fde638e9000-7fde638ea000 rw-p 00004000 08:01 269993                     /usr/lib/x86_64-linux-gnu/libcanberra-gtk.so.0.1.9
7fde638ea000-7fde638ef000 r-xp 00000000 08:01 656734                     /usr/lib/x86_64-linux-gnu/gtk-2.0/modules/libcanberra-gtk-module.so
7fde638ef000-7fde63aee000 ---p 00005000 08:01 656734                     /usr/lib/x86_64-linux-gnu/gtk-2.0/modules/libcanberra-gtk-module.so
7fde63aee000-7fde63aef000 r--p 00004000 08:01 656734                     /usr/lib/x86_64-linux-gnu/gtk-2.0/modules/libcanberra-gtk-module.so
7fde63aef000-7fde63af0000 rw-p 00005000 08:01 656734                     /usr/lib/x86_64-linux-gnu/gtk-2.0/modules/libcanberra-gtk-module.so
7fde63af0000-7fde63b1f000 r-xp 00000000 08:01 656716                     /usr/lib/x86_64-linux-gnu/gtk-2.0/2.10.0/engines/libmurrine.so
7fde63b1f000-7fde63d1f000 ---p 0002f000 08:01 656716                     /usr/lib/x86_64-linux-gnu/gtk-2.0/2.10.0/engines/libmurrine.so
7fde63d1f000-7fde63d20000 r--p 0002f000 08:01 656716                     /usr/lib/x86_64-linux-gnu/gtk-2.0/2.10.0/engines/libmurrine.so
7fde63d20000-7fde63d21000 rw-p 00030000 08:01 656716                     /usr/lib/x86_64-linux-gnu/gtk-2.0/2.10.0/engines/libmurrine.so
7fde63d21000-7fde63d32000 r-xp 00000000 08:01 656737                     /usr/lib/x86_64-linux-gnu/gtk-2.0/modules/liboverlay-scrollbar.so
7fde63d32000-7fde63f31000 ---p 00011000 08:01 656737                     /usr/lib/x86_64-linux-gnu/gtk-2.0/modules/liboverlay-scrollbar.so
7fde63f31000-7fde63f32000 r--p 00010000 08:01 656737                     /usr/lib/x86_64-linux-gnu/gtk-2.0/modules/liboverlay-scrollbar.so
7fde63f32000-7fde63f33000 rw-p 00011000 08:01 656737                     /usr/lib/x86_64-linux-gnu/gtk-2.0/modules/liboverlay-scrollbar.so
7fde63f33000-7fde63f5e000 r-xp 00000000 08:03 107611297                  /home/calcul/Téléchargements/jdk1.8.0_40/jre/lib/amd64/libglass.so
7fde63f5e000-7fde6415d000 ---p 0002b000 08:03 107611297                  /home/calcul/Téléchargements/jdk1.8.0_40/jre/lib/amd64/libglass.so
7fde6415d000-7fde6415f000 r--p 0002a000 08:03 107611297                  /home/calcul/Téléchargements/jdk1.8.0_40/jre/lib/amd64/libglass.so
7fde6415f000-7fde64160000 rw-p 0002c000 08:03 107611297                  /home/calcul/Téléchargements/jdk1.8.0_40/jre/lib/amd64/libglass.so
7fde64160000-7fde64161000 rw-p 00000000 00:00 0 
7fde64161000-7fde64193000 r-xp 00000000 08:01 270722                     /usr/lib/x86_64-linux-gnu/libtxc_dxtn_s2tc.so.0.0.0
7fde64193000-7fde64392000 ---p 00032000 08:01 270722                     /usr/lib/x86_64-linux-gnu/libtxc_dxtn_s2tc.so.0.0.0
7fde64392000-7fde64393000 r--p 00031000 08:01 270722                     /usr/lib/x86_64-linux-gnu/libtxc_dxtn_s2tc.so.0.0.0
7fde64393000-7fde64394000 rw-p 00032000 08:01 270722                     /usr/lib/x86_64-linux-gnu/libtxc_dxtn_s2tc.so.0.0.0
7fde64394000-7fde658d7000 r-xp 00000000 08:01 269745                     /usr/lib/x86_64-linux-gnu/libLLVM-3.3.so.1
7fde658d7000-7fde658d8000 ---p 01543000 08:01 269745                     /usr/lib/x86_64-linux-gnu/libLLVM-3.3.so.1
7fde658d8000-7fde659ed000 r--p 01543000 08:01 269745                     /usr/lib/x86_64-linux-gnu/libLLVM-3.3.so.1
7fde659ed000-7fde659ef000 rw-p 01658000 08:01 269745                     /usr/lib/x86_64-linux-gnu/libLLVM-3.3.so.1
7fde659ef000-7fde65a02000 rw-p 00000000 00:00 0 
7fde65a02000-7fde65a07000 r-xp 00000000 08:01 268846                     /usr/lib/x86_64-linux-gnu/libdrm_nouveau.so.2.0.0
7fde65a07000-7fde65c06000 ---p 00005000 08:01 268846                     /usr/lib/x86_64-linux-gnu/libdrm_nouveau.so.2.0.0
7fde65c06000-7fde65c07000 r--p 00004000 08:01 268846                     /usr/lib/x86_64-linux-gnu/libdrm_nouveau.so.2.0.0
7fde65c07000-7fde65c08000 rw-p 00005000 08:01 268846                     /usr/lib/x86_64-linux-gnu/libdrm_nouveau.so.2.0.0
7fde65c08000-7fde65e26000 r-xp 00000000 08:01 270170                     /usr/lib/x86_64-linux-gnu/libgallium.so.0.0.0
7fde65e26000-7fde66025000 ---p 0021e000 08:01 270170                     /usr/lib/x86_64-linux-gnu/libgallium.so.0.0.0
7fde66025000-7fde66036000 r--p 0021d000 08:01 270170                     /usr/lib/x86_64-linux-gnu/libgallium.so.0.0.0
7fde66036000-7fde66039000 rw-p 0022e000 08:01 270170                     /usr/lib/x86_64-linux-gnu/libgallium.so.0.0.0
7fde66039000-7fde66201000 rw-p 00000000 00:00 0 
7fde66201000-7fde665bf000 r-xp 00000000 08:01 270081                     /usr/lib/x86_64-linux-gnu/libdricore9.2.1.so.1.0.0
7fde665bf000-7fde667be000 ---p 003be000 08:01 270081                     /usr/lib/x86_64-linux-gnu/libdricore9.2.1.so.1.0.0
7fde667be000-7fde667ce000 r--p 003bd000 08:01 270081                     /usr/lib/x86_64-linux-gnu/libdricore9.2.1.so.1.0.0
7fde667ce000-7fde667d6000 rw-p 003cd000 08:01 270081                     /usr/lib/x86_64-linux-gnu/libdricore9.2.1.so.1.0.0
7fde667d6000-7fde667ee000 rw-p 00000000 00:00 0 
7fde667ee000-7fde66940000 r-xp 00000000 08:01 655813                     /usr/lib/x86_64-linux-gnu/dri/nouveau_dri.so
7fde66940000-7fde66b3f000 ---p 00152000 08:01 655813                     /usr/lib/x86_64-linux-gnu/dri/nouveau_dri.so
7fde66b3f000-7fde66b42000 r--p 00151000 08:01 655813                     /usr/lib/x86_64-linux-gnu/dri/nouveau_dri.so
7fde66b42000-7fde66b44000 rw-p 00154000 08:01 655813                     /usr/lib/x86_64-linux-gnu/dri/nouveau_dri.so
7fde66b44000-7fde66b46000 rw-p 00000000 00:00 0 
7fde66b46000-7fde66b4c000 r-xp 00000000 08:01 270058                     /usr/lib/x86_64-linux-gnu/libdatrie.so.1.2.0
7fde66b4c000-7fde66d4b000 ---p 00006000 08:01 270058                     /usr/lib/x86_64-linux-gnu/libdatrie.so.1.2.0
7fde66d4b000-7fde66d4c000 r--p 00005000 08:01 270058                     /usr/lib/x86_64-linux-gnu/libdatrie.so.1.2.0
7fde66d4c000-7fde66d4d000 rw-p 00006000 08:01 270058                     /usr/lib/x86_64-linux-gnu/libdatrie.so.1.2.0
7fde66d4d000-7fde66d52000 r-xp 00000000 08:01 269880                     /usr/lib/x86_64-linux-gnu/libXdmcp.so.6.0.0
7fde66d52000-7fde66f51000 ---p 00005000 08:01 269880                     /usr/lib/x86_64-linux-gnu/libXdmcp.so.6.0.0
7fde66f51000-7fde66f52000 r--p 00004000 08:01 269880                     /usr/lib/x86_64-linux-gnu/libXdmcp.so.6.0.0
7fde66f52000-7fde66f53000 rw-p 00005000 08:01 269880                     /usr/lib/x86_64-linux-gnu/libXdmcp.so.6.0.0
7fde66f53000-7fde66f55000 r-xp 00000000 08:01 269869                     /usr/lib/x86_64-linux-gnu/libXau.so.6.0.0
7fde66f55000-7fde67155000 ---p 00002000 08:01 269869                     /usr/lib/x86_64-linux-gnu/libXau.so.6.0.0
7fde67155000-7fde67156000 r--p 00002000 08:01 269869                     /usr/lib/x86_64-linux-gnu/libXau.so.6.0.0
7fde67156000-7fde67157000 rw-p 00003000 08:01 269869                     /usr/lib/x86_64-linux-gnu/libXau.so.6.0.0
7fde67157000-7fde6716f000 r-xp 00000000 08:01 270266                     /usr/lib/x86_64-linux-gnu/libgraphite2.so.3.0.1
7fde6716f000-7fde6736e000 ---p 00018000 08:01 270266                     /usr/lib/x86_64-linux-gnu/libgraphite2.so.3.0.1
7fde6736e000-7fde67370000 r--p 00017000 08:01 270266                     /usr/lib/x86_64-linux-gnu/libgraphite2.so.3.0.1
7fde67370000-7fde67371000 rw-p 00019000 08:01 270266                     /usr/lib/x86_64-linux-gnu/libgraphite2.so.3.0.1
7fde67371000-7fde6737c000 r-xp 00000000 08:01 269859                     /usr/lib/x86_64-linux-gnu/libdrm.so.2.4.0
7fde6737c000-7fde6757b000 ---p 0000b000 08:01 269859                     /usr/lib/x86_64-linux-gnu/libdrm.so.2.4.0
7fde6757b000-7fde6757c000 r--p 0000a000 08:01 269859                     /usr/lib/x86_64-linux-gnu/libdrm.so.2.4.0
7fde6757c000-7fde6757d000 rw-p 0000b000 08:01 269859                     /usr/lib/x86_64-linux-gnu/libdrm.so.2.4.0
7fde6757d000-7fde67580000 r-xp 00000000 08:01 270795                     /usr/lib/x86_64-linux-gnu/libxcb-dri2.so.0.0.0
7fde67580000-7fde67780000 ---p 00003000 08:01 270795                     /usr/lib/x86_64-linux-gnu/libxcb-dri2.so.0.0.0
7fde67780000-7fde67781000 r--p 00003000 08:01 270795                     /usr/lib/x86_64-linux-gnu/libxcb-dri2.so.0.0.0
7fde67781000-7fde67782000 rw-p 00004000 08:01 270795                     /usr/lib/x86_64-linux-gnu/libxcb-dri2.so.0.0.0
7fde67782000-7fde67797000 r-xp 00000000 08:01 270797                     /usr/lib/x86_64-linux-gnu/libxcb-glx.so.0.0.0
7fde67797000-7fde67996000 ---p 00015000 08:01 270797                     /usr/lib/x86_64-linux-gnu/libxcb-glx.so.0.0.0
7fde67996000-7fde67998000 r--p 00014000 08:01 270797                     /usr/lib/x86_64-linux-gnu/libxcb-glx.so.0.0.0
7fde67998000-7fde67999000 rw-p 00016000 08:01 270797                     /usr/lib/x86_64-linux-gnu/libxcb-glx.so.0.0.0
7fde67999000-7fde6799a000 r-xp 00000000 08:01 269863                     /usr/lib/x86_64-linux-gnu/libX11-xcb.so.1.0.0
7fde6799a000-7fde67b99000 ---p 00001000 08:01 269863                     /usr/lib/x86_64-linux-gnu/libX11-xcb.so.1.0.0
7fde67b99000-7fde67b9a000 r--p 00000000 08:01 269863                     /usr/lib/x86_64-linux-gnu/libX11-xcb.so.1.0.0
7fde67b9a000-7fde67b9b000 rw-p 00001000 08:01 269863                     /usr/lib/x86_64-linux-gnu/libX11-xcb.so.1.0.0
7fde67b9b000-7fde67bbc000 r-xp 00000000 08:01 270224                     /usr/lib/x86_64-linux-gnu/libglapi.so.0.0.0
7fde67bbc000-7fde67dbc000 ---p 00021000 08:01 270224                     /usr/lib/x86_64-linux-gnu/libglapi.so.0.0.0
7fde67dbc000-7fde67dbf000 r--p 00021000 08:01 270224                     /usr/lib/x86_64-linux-gnu/libglapi.so.0.0.0
7fde67dbf000-7fde67dc0000 rw-p 00024000 08:01 270224                     /usr/lib/x86_64-linux-gnu/libglapi.so.0.0.0
7fde67dc0000-7fde67dc1000 rw-p 00000000 00:00 0 
7fde67dc1000-7fde67dfe000 r-xp 00000000 08:01 2363280                    /lib/x86_64-linux-gnu/libpcre.so.3.13.1
7fde67dfe000-7fde67ffe000 ---p 0003d000 08:01 2363280                    /lib/x86_64-linux-gnu/libpcre.so.3.13.1
7fde67ffe000-7fde67fff000 r--p 0003d000 08:01 2363280                    /lib/x86_64-linux-gnu/libpcre.so.3.13.1
7fde67fff000-7fde68000000 rw-p 0003e000 08:01 2363280                    /lib/x86_64-linux-gnu/libpcre.so.3.13.1
7fde68000000-7fde68217000 rw-p 00000000 00:00 0 
7fde68217000-7fde6c000000 ---p 00000000 00:00 0 
7fde6c000000-7fde6c006000 r--s 00044000 08:03 111940177                  /home/calcul/Documents/Julien/VoxeLidar/trunk/VoxeLidarGUIFX/target/release/lib/jdom2-2.0.5.jar
7fde6c006000-7fde6c01a000 r--s 000d1000 08:03 111940183                  /home/calcul/Documents/Julien/VoxeLidar/trunk/VoxeLidarGUIFX/target/release/lib/guava-r05.jar
7fde6c01a000-7fde6c021000 r-xp 00000000 08:01 270117                     /usr/lib/x86_64-linux-gnu/libffi.so.6.0.1
7fde6c021000-7fde6c220000 ---p 00007000 08:01 270117                     /usr/lib/x86_64-linux-gnu/libffi.so.6.0.1
7fde6c220000-7fde6c221000 r--p 00006000 08:01 270117                     /usr/lib/x86_64-linux-gnu/libffi.so.6.0.1
7fde6c221000-7fde6c222000 rw-p 00007000 08:01 270117                     /usr/lib/x86_64-linux-gnu/libffi.so.6.0.1
7fde6c222000-7fde6c249000 r-xp 00000000 08:01 2363202                    /lib/x86_64-linux-gnu/libexpat.so.1.6.0
7fde6c249000-7fde6c449000 ---p 00027000 08:01 2363202                    /lib/x86_64-linux-gnu/libexpat.so.1.6.0
7fde6c449000-7fde6c44b000 r--p 00027000 08:01 2363202                    /lib/x86_64-linux-gnu/libexpat.so.1.6.0
7fde6c44b000-7fde6c44c000 rw-p 00029000 08:01 2363202                    /lib/x86_64-linux-gnu/libexpat.so.1.6.0
7fde6c44c000-7fde6c454000 r-xp 00000000 08:01 270706                     /usr/lib/x86_64-linux-gnu/libthai.so.0.2.0
7fde6c454000-7fde6c653000 ---p 00008000 08:01 270706                     /usr/lib/x86_64-linux-gnu/libthai.so.0.2.0
7fde6c653000-7fde6c654000 r--p 00007000 08:01 270706                     /usr/lib/x86_64-linux-gnu/libthai.so.0.2.0
7fde6c654000-7fde6c655000 rw-p 00008000 08:01 270706                     /usr/lib/x86_64-linux-gnu/libthai.so.0.2.0
7fde6c655000-7fde6c672000 r-xp 00000000 08:01 270821                     /usr/lib/x86_64-linux-gnu/libxcb.so.1.1.0
7fde6c672000-7fde6c871000 ---p 0001d000 08:01 270821                     /usr/lib/x86_64-linux-gnu/libxcb.so.1.1.0
7fde6c871000-7fde6c872000 r--p 0001c000 08:01 270821                     /usr/lib/x86_64-linux-gnu/libxcb.so.1.1.0
7fde6c872000-7fde6c873000 rw-p 0001d000 08:01 270821                     /usr/lib/x86_64-linux-gnu/libxcb.so.1.1.0
7fde6c873000-7fde6c87b000 r-xp 00000000 08:01 270809                     /usr/lib/x86_64-linux-gnu/libxcb-render.so.0.0.0
7fde6c87b000-7fde6ca7a000 ---p 00008000 08:01 270809                     /usr/lib/x86_64-linux-gnu/libxcb-render.so.0.0.0
7fde6ca7a000-7fde6ca7b000 r--p 00007000 08:01 270809                     /usr/lib/x86_64-linux-gnu/libxcb-render.so.0.0.0
7fde6ca7b000-7fde6ca7c000 rw-p 00008000 08:01 270809                     /usr/lib/x86_64-linux-gnu/libxcb-render.so.0.0.0
7fde6ca7c000-7fde6ca7e000 r-xp 00000000 08:01 270813                     /usr/lib/x86_64-linux-gnu/libxcb-shm.so.0.0.0
7fde6ca7e000-7fde6cc7d000 ---p 00002000 08:01 270813                     /usr/lib/x86_64-linux-gnu/libxcb-shm.so.0.0.0
7fde6cc7d000-7fde6cc7e000 r--p 00001000 08:01 270813                     /usr/lib/x86_64-linux-gnu/libxcb-shm.so.0.0.0
7fde6cc7e000-7fde6cc7f000 rw-p 00002000 08:01 270813                     /usr/lib/x86_64-linux-gnu/libxcb-shm.so.0.0.0
7fde6cc7f000-7fde6cca4000 r-xp 00000000 08:01 2363292                    /lib/x86_64-linux-gnu/libpng12.so.0.49.0
7fde6cca4000-7fde6cea3000 ---p 00025000 08:01 2363292                    /lib/x86_64-linux-gnu/libpng12.so.0.49.0
7fde6cea3000-7fde6cea4000 r--p 00024000 08:01 2363292                    /lib/x86_64-linux-gnu/libpng12.so.0.49.0
7fde6cea4000-7fde6cea5000 rw-p 00025000 08:01 2363292                    /lib/x86_64-linux-gnu/libpng12.so.0.49.0
7fde6cea5000-7fde6cf46000 r-xp 00000000 08:01 268866                     /usr/lib/x86_64-linux-gnu/libpixman-1.so.0.30.2
7fde6cf46000-7fde6d146000 ---p 000a1000 08:01 268866                     /usr/lib/x86_64-linux-gnu/libpixman-1.so.0.30.2
7fde6d146000-7fde6d14d000 r--p 000a1000 08:01 268866                     /usr/lib/x86_64-linux-gnu/libpixman-1.so.0.30.2
7fde6d14d000-7fde6d14e000 rw-p 000a8000 08:01 268866                     /usr/lib/x86_64-linux-gnu/libpixman-1.so.0.30.2
7fde6d14e000-7fde6d19e000 r-xp 00000000 08:01 270374                     /usr/lib/x86_64-linux-gnu/libharfbuzz.so.0.919.0
7fde6d19e000-7fde6d39e000 ---p 00050000 08:01 270374                     /usr/lib/x86_64-linux-gnu/libharfbuzz.so.0.919.0
7fde6d39e000-7fde6d39f000 r--p 00050000 08:01 270374                     /usr/lib/x86_64-linux-gnu/libharfbuzz.so.0.919.0
7fde6d39f000-7fde6d3a0000 rw-p 00051000 08:01 270374                     /usr/lib/x86_64-linux-gnu/libharfbuzz.so.0.919.0
7fde6d3a0000-7fde6d3b6000 r-xp 00000000 08:01 2363303                    /lib/x86_64-linux-gnu/libresolv-2.17.so
7fde6d3b6000-7fde6d5b6000 ---p 00016000 08:01 2363303                    /lib/x86_64-linux-gnu/libresolv-2.17.so
7fde6d5b6000-7fde6d5b7000 r--p 00016000 08:01 2363303                    /lib/x86_64-linux-gnu/libresolv-2.17.so
7fde6d5b7000-7fde6d5b8000 rw-p 00017000 08:01 2363303                    /lib/x86_64-linux-gnu/libresolv-2.17.so
7fde6d5b8000-7fde6d5ba000 rw-p 00000000 00:00 0 
7fde6d5ba000-7fde6d5d9000 r-xp 00000000 08:01 2363307                    /lib/x86_64-linux-gnu/libselinux.so.1
7fde6d5d9000-7fde6d7d9000 ---p 0001f000 08:01 2363307                    /lib/x86_64-linux-gnu/libselinux.so.1
7fde6d7d9000-7fde6d7da000 r--p 0001f000 08:01 2363307                    /lib/x86_64-linux-gnu/libselinux.so.1
7fde6d7da000-7fde6d7db000 rw-p 00020000 08:01 2363307                    /lib/x86_64-linux-gnu/libselinux.so.1
7fde6d7db000-7fde6d7dc000 rw-p 00000000 00:00 0 
7fde6d7dc000-7fde6d7f4000 r-xp 00000000 08:01 2363340                    /lib/x86_64-linux-gnu/libz.so.1.2.8
7fde6d7f4000-7fde6d9f3000 ---p 00018000 08:01 2363340                    /lib/x86_64-linux-gnu/libz.so.1.2.8
7fde6d9f3000-7fde6d9f4000 r--p 00017000 08:01 2363340                    /lib/x86_64-linux-gnu/libz.so.1.2.8
7fde6d9f4000-7fde6d9f5000 rw-p 00018000 08:01 2363340                    /lib/x86_64-linux-gnu/libz.so.1.2.8
7fde6d9f5000-7fde6da06000 r-xp 00000000 08:01 269882                     /usr/lib/x86_64-linux-gnu/libXext.so.6.4.0
7fde6da06000-7fde6dc05000 ---p 00011000 08:01 269882                     /usr/lib/x86_64-linux-gnu/libXext.so.6.4.0
7fde6dc05000-7fde6dc06000 r--p 00010000 08:01 269882                     /usr/lib/x86_64-linux-gnu/libXext.so.6.4.0
7fde6dc06000-7fde6dc07000 rw-p 00011000 08:01 269882                     /usr/lib/x86_64-linux-gnu/libXext.so.6.4.0
7fde6dc07000-7fde6dc09000 r-xp 00000000 08:01 269878                     /usr/lib/x86_64-linux-gnu/libXdamage.so.1.1.0
7fde6dc09000-7fde6de08000 ---p 00002000 08:01 269878                     /usr/lib/x86_64-linux-gnu/libXdamage.so.1.1.0
7fde6de08000-7fde6de09000 r--p 00001000 08:01 269878                     /usr/lib/x86_64-linux-gnu/libXdamage.so.1.1.0
7fde6de09000-7fde6de0a000 rw-p 00002000 08:01 269878                     /usr/lib/x86_64-linux-gnu/libXdamage.so.1.1.0
7fde6de0a000-7fde6de0c000 r-xp 00000000 08:01 269874                     /usr/lib/x86_64-linux-gnu/libXcomposite.so.1.0.0
7fde6de0c000-7fde6e00b000 ---p 00002000 08:01 269874                     /usr/lib/x86_64-linux-gnu/libXcomposite.so.1.0.0
7fde6e00b000-7fde6e00c000 r--p 00001000 08:01 269874                     /usr/lib/x86_64-linux-gnu/libXcomposite.so.1.0.0
7fde6e00c000-7fde6e00d000 rw-p 00002000 08:01 269874                     /usr/lib/x86_64-linux-gnu/libXcomposite.so.1.0.0
7fde6e00d000-7fde6e016000 r-xp 00000000 08:01 269876                     /usr/lib/x86_64-linux-gnu/libXcursor.so.1.0.2
7fde6e016000-7fde6e215000 ---p 00009000 08:01 269876                     /usr/lib/x86_64-linux-gnu/libXcursor.so.1.0.2
7fde6e215000-7fde6e216000 r--p 00008000 08:01 269876                     /usr/lib/x86_64-linux-gnu/libXcursor.so.1.0.2
7fde6e216000-7fde6e217000 rw-p 00009000 08:01 269876                     /usr/lib/x86_64-linux-gnu/libXcursor.so.1.0.2
7fde6e217000-7fde6e220000 r-xp 00000000 08:01 269902                     /usr/lib/x86_64-linux-gnu/libXrandr.so.2.2.0
7fde6e220000-7fde6e41f000 ---p 00009000 08:01 269902                     /usr/lib/x86_64-linux-gnu/libXrandr.so.2.2.0
7fde6e41f000-7fde6e420000 r--p 00008000 08:01 269902                     /usr/lib/x86_64-linux-gnu/libXrandr.so.2.2.0
7fde6e420000-7fde6e421000 rw-p 00009000 08:01 269902                     /usr/lib/x86_64-linux-gnu/libXrandr.so.2.2.0
7fde6e421000-7fde6e430000 r-xp 00000000 08:01 269890                     /usr/lib/x86_64-linux-gnu/libXi.so.6.1.0
7fde6e430000-7fde6e62f000 ---p 0000f000 08:01 269890                     /usr/lib/x86_64-linux-gnu/libXi.so.6.1.0
7fde6e62f000-7fde6e630000 r--p 0000e000 08:01 269890                     /usr/lib/x86_64-linux-gnu/libXi.so.6.1.0
7fde6e630000-7fde6e631000 rw-p 0000f000 08:01 269890                     /usr/lib/x86_64-linux-gnu/libXi.so.6.1.0
7fde6e631000-7fde6e633000 r-xp 00000000 08:01 269892                     /usr/lib/x86_64-linux-gnu/libXinerama.so.1.0.0
7fde6e633000-7fde6e832000 ---p 00002000 08:01 269892                     /usr/lib/x86_64-linux-gnu/libXinerama.so.1.0.0
7fde6e832000-7fde6e833000 r--p 00001000 08:01 269892                     /usr/lib/x86_64-linux-gnu/libXinerama.so.1.0.0
7fde6e833000-7fde6e834000 rw-p 00002000 08:01 269892                     /usr/lib/x86_64-linux-gnu/libXinerama.so.1.0.0
7fde6e834000-7fde6e83d000 r-xp 00000000 08:01 269904                     /usr/lib/x86_64-linux-gnu/libXrender.so.1.3.0
7fde6e83d000-7fde6ea3c000 ---p 00009000 08:01 269904                     /usr/lib/x86_64-linux-gnu/libXrender.so.1.3.0
7fde6ea3c000-7fde6ea3d000 r--p 00008000 08:01 269904                     /usr/lib/x86_64-linux-gnu/libXrender.so.1.3.0
7fde6ea3d000-7fde6ea3e000 rw-p 00009000 08:01 269904                     /usr/lib/x86_64-linux-gnu/libXrender.so.1.3.0
7fde6ea3e000-7fde6ea43000 r-xp 00000000 08:01 269884                     /usr/lib/x86_64-linux-gnu/libXfixes.so.3.1.0
7fde6ea43000-7fde6ec42000 ---p 00005000 08:01 269884                     /usr/lib/x86_64-linux-gnu/libXfixes.so.3.1.0
7fde6ec42000-7fde6ec43000 r--p 00004000 08:01 269884                     /usr/lib/x86_64-linux-gnu/libXfixes.so.3.1.0
7fde6ec43000-7fde6ec44000 rw-p 00005000 08:01 269884                     /usr/lib/x86_64-linux-gnu/libXfixes.so.3.1.0
7fde6ec44000-7fde6ec59000 r-xp 00000000 08:01 2359301                    /lib/x86_64-linux-gnu/libgcc_s.so.1
7fde6ec59000-7fde6ee58000 ---p 00015000 08:01 2359301                    /lib/x86_64-linux-gnu/libgcc_s.so.1
7fde6ee58000-7fde6ee59000 r--p 00014000 08:01 2359301                    /lib/x86_64-linux-gnu/libgcc_s.so.1
7fde6ee59000-7fde6ee5a000 rw-p 00015000 08:01 2359301                    /lib/x86_64-linux-gnu/libgcc_s.so.1
7fde6ee5a000-7fde6ef40000 r-xp 00000000 08:01 266401                     /usr/lib/x86_64-linux-gnu/libstdc++.so.6.0.18
7fde6ef40000-7fde6f13f000 ---p 000e6000 08:01 266401                     /usr/lib/x86_64-linux-gnu/libstdc++.so.6.0.18
7fde6f13f000-7fde6f147000 r--p 000e5000 08:01 266401                     /usr/lib/x86_64-linux-gnu/libstdc++.so.6.0.18
7fde6f147000-7fde6f149000 rw-p 000ed000 08:01 266401                     /usr/lib/x86_64-linux-gnu/libstdc++.so.6.0.18
7fde6f149000-7fde6f15e000 rw-p 00000000 00:00 0 
7fde6f15e000-7fde6f1b8000 r-xp 00000000 08:01 656915                     /usr/lib/x86_64-linux-gnu/mesa/libGL.so.1.2.0
7fde6f1b8000-7fde6f3b8000 ---p 0005a000 08:01 656915                     /usr/lib/x86_64-linux-gnu/mesa/libGL.so.1.2.0
7fde6f3b8000-7fde6f3ba000 r--p 0005a000 08:01 656915                     /usr/lib/x86_64-linux-gnu/mesa/libGL.so.1.2.0
7fde6f3ba000-7fde6f3bb000 rw-p 0005c000 08:01 656915                     /usr/lib/x86_64-linux-gnu/mesa/libGL.so.1.2.0
7fde6f3bb000-7fde6f3bc000 rw-p 00000000 00:00 0 
7fde6f3bc000-7fde6f3c0000 r-xp 00000000 08:01 269914                     /usr/lib/x86_64-linux-gnu/libXxf86vm.so.1.0.0
7fde6f3c0000-7fde6f5c0000 ---p 00004000 08:01 269914                     /usr/lib/x86_64-linux-gnu/libXxf86vm.so.1.0.0
7fde6f5c0000-7fde6f5c1000 r--p 00004000 08:01 269914                     /usr/lib/x86_64-linux-gnu/libXxf86vm.so.1.0.0
7fde6f5c1000-7fde6f5c2000 rw-p 00005000 08:01 269914                     /usr/lib/x86_64-linux-gnu/libXxf86vm.so.1.0.0
7fde6f5c2000-7fde6f6f2000 r-xp 00000000 08:01 269865                     /usr/lib/x86_64-linux-gnu/libX11.so.6.3.0
7fde6f6f2000-7fde6f8f2000 ---p 00130000 08:01 269865                     /usr/lib/x86_64-linux-gnu/libX11.so.6.3.0
7fde6f8f2000-7fde6f8f3000 r--p 00130000 08:01 269865                     /usr/lib/x86_64-linux-gnu/libX11.so.6.3.0
7fde6f8f3000-7fde6f8f7000 rw-p 00131000 08:01 269865                     /usr/lib/x86_64-linux-gnu/libX11.so.6.3.0
7fde6f8f7000-7fde6f8fc000 r-xp 00000000 08:01 269908                     /usr/lib/x86_64-linux-gnu/libXtst.so.6.1.0
7fde6f8fc000-7fde6fafb000 ---p 00005000 08:01 269908                     /usr/lib/x86_64-linux-gnu/libXtst.so.6.1.0
7fde6fafb000-7fde6fafc000 r--p 00004000 08:01 269908                     /usr/lib/x86_64-linux-gnu/libXtst.so.6.1.0
7fde6fafc000-7fde6fafd000 rw-p 00005000 08:01 269908                     /usr/lib/x86_64-linux-gnu/libXtst.so.6.1.0
7fde6fafd000-7fde6fbfb000 r-xp 00000000 08:01 2363127                    /lib/x86_64-linux-gnu/libglib-2.0.so.0.3800.1
7fde6fbfb000-7fde6fdfb000 ---p 000fe000 08:01 2363127                    /lib/x86_64-linux-gnu/libglib-2.0.so.0.3800.1
7fde6fdfb000-7fde6fdfc000 r--p 000fe000 08:01 2363127                    /lib/x86_64-linux-gnu/libglib-2.0.so.0.3800.1
7fde6fdfc000-7fde6fdfd000 rw-p 000ff000 08:01 2363127                    /lib/x86_64-linux-gnu/libglib-2.0.so.0.3800.1
7fde6fdfd000-7fde6fdfe000 rw-p 00000000 00:00 0 
7fde6fdfe000-7fde6fdff000 r-xp 00000000 08:01 266608                     /usr/lib/x86_64-linux-gnu/libgthread-2.0.so.0.3800.1
7fde6fdff000-7fde6fffe000 ---p 00001000 08:01 266608                     /usr/lib/x86_64-linux-gnu/libgthread-2.0.so.0.3800.1
7fde6fffe000-7fde6ffff000 r--p 00000000 08:01 266608                     /usr/lib/x86_64-linux-gnu/libgthread-2.0.so.0.3800.1
7fde6ffff000-7fde70000000 rw-p 00001000 08:01 266608                     /usr/lib/x86_64-linux-gnu/libgthread-2.0.so.0.3800.1
7fde70000000-7fde70021000 rw-p 00000000 00:00 0 
7fde70021000-7fde74000000 ---p 00000000 00:00 0 
7fde74000000-7fde74021000 rw-p 00000000 00:00 0 
7fde74021000-7fde78000000 ---p 00000000 00:00 0 
7fde78000000-7fde7822e000 rw-p 00000000 00:00 0 
7fde7822e000-7fde7c000000 ---p 00000000 00:00 0 
7fde7c000000-7fde7c1e0000 rw-p 00000000 00:00 0 
7fde7c1e0000-7fde80000000 ---p 00000000 00:00 0 
7fde80000000-7fde802cf000 rw-p 00000000 00:00 0 
7fde802cf000-7fde84000000 ---p 00000000 00:00 0 
7fde84000000-7fde8419f000 rw-p 00000000 00:00 0 
7fde8419f000-7fde88000000 ---p 00000000 00:00 0 
7fde88000000-7fde88021000 rw-p 00000000 00:00 0 
7fde88021000-7fde8c000000 ---p 00000000 00:00 0 
7fde8c000000-7fde8c021000 rw-p 00000000 00:00 0 
7fde8c021000-7fde90000000 ---p 00000000 00:00 0 
7fde90000000-7fde90021000 rw-p 00000000 00:00 0 
7fde90021000-7fde94000000 ---p 00000000 00:00 0 
7fde94000000-7fde94021000 rw-p 00000000 00:00 0 
7fde94021000-7fde98000000 ---p 00000000 00:00 0 
7fde98000000-7fde98021000 rw-p 00000000 00:00 0 
7fde98021000-7fde9c000000 ---p 00000000 00:00 0 
7fde9c000000-7fde9c021000 rw-p 00000000 00:00 0 
7fde9c021000-7fdea0000000 ---p 00000000 00:00 0 
7fdea0000000-7fdea0021000 rw-p 00000000 00:00 0 
7fdea0021000-7fdea4000000 ---p 00000000 00:00 0 
7fdea4000000-7fdea4001000 r--s 00006000 08:03 111940190                  /home/calcul/Documents/Julien/VoxeLidar/trunk/VoxeLidarGUIFX/target/release/lib/sax-2.0.1.jar
7fdea4001000-7fdea4002000 r--s 00003000 08:03 111940193                  /home/calcul/Documents/Julien/VoxeLidar/trunk/VoxeLidarGUIFX/target/release/lib/opencsv-2.0.jar
7fdea4002000-7fdea4005000 r--s 00013000 08:03 111940189                  /home/calcul/Documents/Julien/VoxeLidar/trunk/VoxeLidarGUIFX/target/release/lib/commons-io-1.3.2.jar
7fdea4005000-7fdea400c000 r--s 0005e000 08:03 111940192                  /home/calcul/Documents/Julien/VoxeLidar/trunk/VoxeLidarGUIFX/target/release/lib/commons-lang3-3.3.2.jar
7fdea400c000-7fdea401a000 r--s 0007f000 08:03 111940167                  /home/calcul/Documents/Julien/VoxeLidar/trunk/VoxeLidarGUIFX/target/release/lib/commons-collections-3.2.1.jar
7fdea401a000-7fdea409a000 rw-s 12b820000 00:05 267                       /dev/dri/card0
7fdea409a000-7fdea409d000 r-xp 00000000 08:01 266609                     /usr/lib/x86_64-linux-gnu/libgmodule-2.0.so.0.3800.1
7fdea409d000-7fdea429c000 ---p 00003000 08:01 266609                     /usr/lib/x86_64-linux-gnu/libgmodule-2.0.so.0.3800.1
7fdea429c000-7fdea429d000 r--p 00002000 08:01 266609                     /usr/lib/x86_64-linux-gnu/libgmodule-2.0.so.0.3800.1
7fdea429d000-7fdea429e000 rw-p 00003000 08:01 266609                     /usr/lib/x86_64-linux-gnu/libgmodule-2.0.so.0.3800.1
7fdea429e000-7fdea42ed000 r-xp 00000000 08:01 262548                     /usr/lib/x86_64-linux-gnu/libgobject-2.0.so.0.3800.1
7fdea42ed000-7fdea44ed000 ---p 0004f000 08:01 262548                     /usr/lib/x86_64-linux-gnu/libgobject-2.0.so.0.3800.1
7fdea44ed000-7fdea44ee000 r--p 0004f000 08:01 262548                     /usr/lib/x86_64-linux-gnu/libgobject-2.0.so.0.3800.1
7fdea44ee000-7fdea44ef000 rw-p 00050000 08:01 262548                     /usr/lib/x86_64-linux-gnu/libgobject-2.0.so.0.3800.1
7fdea44ef000-7fdea4528000 r-xp 00000000 08:01 270131                     /usr/lib/x86_64-linux-gnu/libfontconfig.so.1.7.0
7fdea4528000-7fdea4728000 ---p 00039000 08:01 270131                     /usr/lib/x86_64-linux-gnu/libfontconfig.so.1.7.0
7fdea4728000-7fdea472a000 r--p 00039000 08:01 270131                     /usr/lib/x86_64-linux-gnu/libfontconfig.so.1.7.0
7fdea472a000-7fdea472b000 rw-p 0003b000 08:01 270131                     /usr/lib/x86_64-linux-gnu/libfontconfig.so.1.7.0
7fdea472b000-7fdea47c7000 r-xp 00000000 08:01 262656                     /usr/lib/x86_64-linux-gnu/libfreetype.so.6.10.1
7fdea47c7000-7fdea49c7000 ---p 0009c000 08:01 262656                     /usr/lib/x86_64-linux-gnu/libfreetype.so.6.10.1
7fdea49c7000-7fdea49cc000 r--p 0009c000 08:01 262656                     /usr/lib/x86_64-linux-gnu/libfreetype.so.6.10.1
7fdea49cc000-7fdea49cd000 rw-p 000a1000 08:01 262656                     /usr/lib/x86_64-linux-gnu/libfreetype.so.6.10.1
7fdea49cd000-7fdea4a17000 r-xp 00000000 08:01 270548                     /usr/lib/x86_64-linux-gnu/libpango-1.0.so.0.3200.5
7fdea4a17000-7fdea4c16000 ---p 0004a000 08:01 270548                     /usr/lib/x86_64-linux-gnu/libpango-1.0.so.0.3200.5
7fdea4c16000-7fdea4c18000 r--p 00049000 08:01 270548                     /usr/lib/x86_64-linux-gnu/libpango-1.0.so.0.3200.5
7fdea4c18000-7fdea4c19000 rw-p 0004b000 08:01 270548                     /usr/lib/x86_64-linux-gnu/libpango-1.0.so.0.3200.5
7fdea4c19000-7fdea4d1d000 r-xp 00000000 08:01 269989                     /usr/lib/x86_64-linux-gnu/libcairo.so.2.11200.16
7fdea4d1d000-7fdea4f1c000 ---p 00104000 08:01 269989                     /usr/lib/x86_64-linux-gnu/libcairo.so.2.11200.16
7fdea4f1c000-7fdea4f1f000 r--p 00103000 08:01 269989                     /usr/lib/x86_64-linux-gnu/libcairo.so.2.11200.16
7fdea4f1f000-7fdea4f20000 rw-p 00106000 08:01 269989                     /usr/lib/x86_64-linux-gnu/libcairo.so.2.11200.16
7fdea4f20000-7fdea4f22000 rw-p 00000000 00:00 0 
7fdea4f22000-7fdea4f2d000 r-xp 00000000 08:01 270550                     /usr/lib/x86_64-linux-gnu/libpangocairo-1.0.so.0.3200.5
7fdea4f2d000-7fdea512d000 ---p 0000b000 08:01 270550                     /usr/lib/x86_64-linux-gnu/libpangocairo-1.0.so.0.3200.5
7fdea512d000-7fdea512e000 r--p 0000b000 08:01 270550                     /usr/lib/x86_64-linux-gnu/libpangocairo-1.0.so.0.3200.5
7fdea512e000-7fdea512f000 rw-p 0000c000 08:01 270550                     /usr/lib/x86_64-linux-gnu/libpangocairo-1.0.so.0.3200.5
7fdea512f000-7fdea514e000 r-xp 00000000 08:01 270198                     /usr/lib/x86_64-linux-gnu/libgdk_pixbuf-2.0.so.0.2800.1
7fdea514e000-7fdea534d000 ---p 0001f000 08:01 270198                     /usr/lib/x86_64-linux-gnu/libgdk_pixbuf-2.0.so.0.2800.1
7fdea534d000-7fdea534e000 r--p 0001e000 08:01 270198                     /usr/lib/x86_64-linux-gnu/libgdk_pixbuf-2.0.so.0.2800.1
7fdea534e000-7fdea534f000 rw-p 0001f000 08:01 270198                     /usr/lib/x86_64-linux-gnu/libgdk_pixbuf-2.0.so.0.2800.1
7fdea534f000-7fdea5363000 r-xp 00000000 08:01 270552                     /usr/lib/x86_64-linux-gnu/libpangoft2-1.0.so.0.3200.5
7fdea5363000-7fdea5562000 ---p 00014000 08:01 270552                     /usr/lib/x86_64-linux-gnu/libpangoft2-1.0.so.0.3200.5
7fdea5562000-7fdea5563000 r--p 00013000 08:01 270552                     /usr/lib/x86_64-linux-gnu/libpangoft2-1.0.so.0.3200.5
7fdea5563000-7fdea5564000 rw-p 00014000 08:01 270552                     /usr/lib/x86_64-linux-gnu/libpangoft2-1.0.so.0.3200.5
7fdea5564000-7fdea56c0000 r-xp 00000000 08:01 262529                     /usr/lib/x86_64-linux-gnu/libgio-2.0.so.0.3800.1
7fdea56c0000-7fdea58bf000 ---p 0015c000 08:01 262529                     /usr/lib/x86_64-linux-gnu/libgio-2.0.so.0.3800.1
7fdea58bf000-7fdea58c3000 r--p 0015b000 08:01 262529                     /usr/lib/x86_64-linux-gnu/libgio-2.0.so.0.3800.1
7fdea58c3000-7fdea58c5000 rw-p 0015f000 08:01 262529                     /usr/lib/x86_64-linux-gnu/libgio-2.0.so.0.3800.1
7fdea58c5000-7fdea58c7000 rw-p 00000000 00:00 0 
7fdea58c7000-7fdea58e6000 r-xp 00000000 08:01 269949                     /usr/lib/x86_64-linux-gnu/libatk-1.0.so.0.21009.1
7fdea58e6000-7fdea5ae6000 ---p 0001f000 08:01 269949                     /usr/lib/x86_64-linux-gnu/libatk-1.0.so.0.21009.1
7fdea5ae6000-7fdea5ae8000 r--p 0001f000 08:01 269949                     /usr/lib/x86_64-linux-gnu/libatk-1.0.so.0.21009.1
7fdea5ae8000-7fdea5ae9000 rw-p 00021000 08:01 269949                     /usr/lib/x86_64-linux-gnu/libatk-1.0.so.0.21009.1
7fdea5ae9000-7fdea5b96000 r-xp 00000000 08:01 270196                     /usr/lib/x86_64-linux-gnu/libgdk-x11-2.0.so.0.2400.20
7fdea5b96000-7fdea5d95000 ---p 000ad000 08:01 270196                     /usr/lib/x86_64-linux-gnu/libgdk-x11-2.0.so.0.2400.20
7fdea5d95000-7fdea5d99000 r--p 000ac000 08:01 270196                     /usr/lib/x86_64-linux-gnu/libgdk-x11-2.0.so.0.2400.20
7fdea5d99000-7fdea5d9b000 rw-p 000b0000 08:01 270196                     /usr/lib/x86_64-linux-gnu/libgdk-x11-2.0.so.0.2400.20
7fdea5d9b000-7fdea61ca000 r-xp 00000000 08:01 270356                     /usr/lib/x86_64-linux-gnu/libgtk-x11-2.0.so.0.2400.20
7fdea61ca000-7fdea63c9000 ---p 0042f000 08:01 270356                     /usr/lib/x86_64-linux-gnu/libgtk-x11-2.0.so.0.2400.20
7fdea63c9000-7fdea63d0000 r--p 0042e000 08:01 270356                     /usr/lib/x86_64-linux-gnu/libgtk-x11-2.0.so.0.2400.20
7fdea63d0000-7fdea63d4000 rw-p 00435000 08:01 270356                     /usr/lib/x86_64-linux-gnu/libgtk-x11-2.0.so.0.2400.20
7fdea63d4000-7fdea63d7000 rw-p 00000000 00:00 0 
7fdea63d7000-7fdea63e3000 r-xp 00000000 08:03 107611340                  /home/calcul/Téléchargements/jdk1.8.0_40/jre/lib/amd64/libprism_es2.so
7fdea63e3000-7fdea65e2000 ---p 0000c000 08:03 107611340                  /home/calcul/Téléchargements/jdk1.8.0_40/jre/lib/amd64/libprism_es2.so
7fdea65e2000-7fdea65e3000 r--p 0000b000 08:03 107611340                  /home/calcul/Téléchargements/jdk1.8.0_40/jre/lib/amd64/libprism_es2.so
7fdea65e3000-7fdea65e4000 rw-p 0000c000 08:03 107611340                  /home/calcul/Téléchargements/jdk1.8.0_40/jre/lib/amd64/libprism_es2.so
7fdea65e4000-7fdea65e7000 ---p 00000000 00:00 0 
7fdea65e7000-7fdea66e5000 rw-p 00000000 00:00 0                          [stack:6068]
7fdea66e5000-7fdea66e6000 ---p 00000000 00:00 0 
7fdea66e6000-7fdea67e6000 rw-p 00000000 00:00 0                          [stack:6067]
7fdea67e6000-7fdea67e9000 ---p 00000000 00:00 0 
7fdea67e9000-7fdea68e7000 rw-p 00000000 00:00 0                          [stack:6066]
7fdea68e7000-7fdea68ea000 ---p 00000000 00:00 0 
7fdea68ea000-7fdea69e8000 rw-p 00000000 00:00 0                          [stack:6065]
7fdea69e8000-7fdea69eb000 ---p 00000000 00:00 0 
7fdea69eb000-7fdea6ae9000 rw-p 00000000 00:00 0                          [stack:6064]
7fdea6ae9000-7fdea6aec000 ---p 00000000 00:00 0 
7fdea6aec000-7fdea6bea000 rw-p 00000000 00:00 0                          [stack:6063]
7fdea6bea000-7fdea6bed000 ---p 00000000 00:00 0 
7fdea6bed000-7fdea6ceb000 rw-p 00000000 00:00 0                          [stack:6062]
7fdea6ceb000-7fdea6cee000 ---p 00000000 00:00 0 
7fdea6cee000-7fdea6dec000 rw-p 00000000 00:00 0                          [stack:6060]
7fdea6dec000-7fdea6def000 ---p 00000000 00:00 0 
7fdea6def000-7fdea6eed000 rw-p 00000000 00:00 0                          [stack:6059]
7fdea6eed000-7fdea6ef0000 ---p 00000000 00:00 0 
7fdea6ef0000-7fdea6fee000 rw-p 00000000 00:00 0                          [stack:6056]
7fdea6fee000-7fdea6ff2000 r-xp 00000000 08:03 107611290                  /home/calcul/Téléchargements/jdk1.8.0_40/jre/lib/amd64/libdt_socket.so
7fdea6ff2000-7fdea71f1000 ---p 00004000 08:03 107611290                  /home/calcul/Téléchargements/jdk1.8.0_40/jre/lib/amd64/libdt_socket.so
7fdea71f1000-7fdea71f2000 rw-p 00003000 08:03 107611290                  /home/calcul/Téléchargements/jdk1.8.0_40/jre/lib/amd64/libdt_socket.so
7fdea71f2000-7fdea71f5000 ---p 00000000 00:00 0 
7fdea71f5000-7fdea72f3000 rw-p 00000000 00:00 0                          [stack:6055]
7fdea72f3000-7fdea72f6000 ---p 00000000 00:00 0 
7fdea72f6000-7fdea73f4000 rw-p 00000000 00:00 0                          [stack:6054]
7fdea73f4000-7fdea73f7000 ---p 00000000 00:00 0 
7fdea73f7000-7fdea74f5000 rw-p 00000000 00:00 0                          [stack:6053]
7fdea74f5000-7fdea74f6000 ---p 00000000 00:00 0 
7fdea74f6000-7fdebc000000 rw-p 00000000 00:00 0                          [stack:6052]
7fdebc000000-7fdebc021000 rw-p 00000000 00:00 0 
7fdebc021000-7fdec0000000 ---p 00000000 00:00 0 
7fdec0000000-7fdec0021000 rw-p 00000000 00:00 0 
7fdec0021000-7fdec4000000 ---p 00000000 00:00 0 
7fdec4000000-7fdec4021000 rw-p 00000000 00:00 0 
7fdec4021000-7fdec8000000 ---p 00000000 00:00 0 
7fdec8000000-7fdec8021000 rw-p 00000000 00:00 0 
7fdec8021000-7fdecc000000 ---p 00000000 00:00 0 
7fdecc000000-7fdecc021000 rw-p 00000000 00:00 0 
7fdecc021000-7fded0000000 ---p 00000000 00:00 0 
7fded0000000-7fded0021000 rw-p 00000000 00:00 0 
7fded0021000-7fded4000000 ---p 00000000 00:00 0 
7fded4000000-7fded4021000 rw-p 00000000 00:00 0 
7fded4021000-7fded8000000 ---p 00000000 00:00 0 
7fded8000000-7fded8021000 rw-p 00000000 00:00 0 
7fded8021000-7fdedc000000 ---p 00000000 00:00 0 
7fdedc000000-7fdedc003000 r--s 00008000 08:03 111940197                  /home/calcul/Documents/Julien/VoxeLidar/trunk/VoxeLidarGUIFX/target/release/lib/exp4j-0.4.0.ALPHA-3.jar
7fdedc003000-7fdedc004000 r--s 00031000 08:03 111940161                  /home/calcul/Documents/Julien/VoxeLidar/trunk/VoxeLidarGUIFX/target/release/lib/jogl-all-2.3.0-natives-windows-i586.jar
7fdedc004000-7fdedc006000 r--s 00038000 08:03 111940160                  /home/calcul/Documents/Julien/VoxeLidar/trunk/VoxeLidarGUIFX/target/release/lib/jogl-all-2.3.0-natives-windows-amd64.jar
7fdedc006000-7fdedc008000 r--s 00024000 08:03 111940176                  /home/calcul/Documents/Julien/VoxeLidar/trunk/VoxeLidarGUIFX/target/release/lib/jogl-all-2.3.0-natives-solaris-i586.jar
7fdedc008000-7fdedc009000 r--s 00032000 08:03 111940191                  /home/calcul/Documents/Julien/VoxeLidar/trunk/VoxeLidarGUIFX/target/release/lib/jogl-all-2.3.0-natives-solaris-amd64.jar
7fdedc009000-7fdedc00a000 r--s 0006d000 08:03 111940169                  /home/calcul/Documents/Julien/VoxeLidar/trunk/VoxeLidarGUIFX/target/release/lib/jogl-all-2.3.0-natives-macosx-universal.jar
7fdedc00a000-7fdedc00c000 r--s 00031000 08:03 111940171                  /home/calcul/Documents/Julien/VoxeLidar/trunk/VoxeLidarGUIFX/target/release/lib/jogl-all-2.3.0-natives-linux-i586.jar
7fdedc00c000-7fdedc00e000 r--s 00025000 08:03 111940159                  /home/calcul/Documents/Julien/VoxeLidar/trunk/VoxeLidarGUIFX/target/release/lib/jogl-all-2.3.0-natives-linux-armv6hf.jar
7fdedc00e000-7fdedc00f000 r--s 00025000 08:03 111940168                  /home/calcul/Documents/Julien/VoxeLidar/trunk/VoxeLidarGUIFX/target/release/lib/jogl-all-2.3.0-natives-linux-armv6.jar
7fdedc00f000-7fdedc010000 r--s 00033000 08:03 111940188                  /home/calcul/Documents/Julien/VoxeLidar/trunk/VoxeLidarGUIFX/target/release/lib/jogl-all-2.3.0-natives-linux-amd64.jar
7fdedc010000-7fdedc011000 r--s 0000e000 08:03 111940185                  /home/calcul/Documents/Julien/VoxeLidar/trunk/VoxeLidarGUIFX/target/release/lib/jogl-all-2.3.0-natives-android-armv6.jar
7fdedc011000-7fdedc012000 r--s 0000f000 08:03 111940187                  /home/calcul/Documents/Julien/VoxeLidar/trunk/VoxeLidarGUIFX/target/release/lib/jogl-all-2.3.0-natives-android-aarch64.jar
7fdedc012000-7fdedc02c000 r--p 00000000 08:01 2103031                    /usr/share/locale-langpack/fr/LC_MESSAGES/glib20.mo
7fdedc02c000-7fdedc0c1000 r--s 010fa000 08:03 107611382                  /home/calcul/Téléchargements/jdk1.8.0_40/jre/lib/ext/jfxrt.jar
7fdedc0c1000-7fdedd0d1000 rw-p 00000000 00:00 0 
7fdedd0d1000-7fdedd2a9000 r--s 03d09000 08:03 107611368                  /home/calcul/Téléchargements/jdk1.8.0_40/jre/lib/rt.jar
7fdedd2a9000-7fdedda29000 rw-p 00000000 00:00 0 
7fdedda29000-7fdeddaa9000 ---p 00000000 00:00 0 
7fdeddaa9000-7fdedeff9000 rw-p 00000000 00:00 0 
7fdedeff9000-7fdedfbff000 ---p 00000000 00:00 0 
7fdedfbff000-7fdedfd4f000 rw-p 00000000 00:00 0 
7fdedfd4f000-7fdee0954000 ---p 00000000 00:00 0 
7fdee0954000-7fdee09fc000 rw-p 00000000 00:00 0 
7fdee09fc000-7fdee0fff000 ---p 00000000 00:00 0 
7fdee0fff000-7fdee1000000 rw-p 00000000 00:00 0 
7fdee1000000-7fdee1280000 rwxp 00000000 00:00 0 
7fdee1280000-7fdef0000000 ---p 00000000 00:00 0 
7fdef0000000-7fdef05ba000 rw-p 00000000 00:00 0 
7fdef05ba000-7fdef4000000 ---p 00000000 00:00 0 
7fdef4000000-7fdef4001000 r--s 00000000 08:03 111940156                  /home/calcul/Documents/Julien/VoxeLidar/trunk/VoxeLidarGUIFX/target/release/lib/jogl-all-main-2.3.0.jar
7fdef4001000-7fdef4002000 r--s 00001000 08:03 111940186                  /home/calcul/Documents/Julien/VoxeLidar/trunk/VoxeLidarGUIFX/target/release/lib/gluegen-rt-2.3.0-natives-windows-i586.jar
7fdef4002000-7fdef4003000 r--s 00001000 08:03 111940180                  /home/calcul/Documents/Julien/VoxeLidar/trunk/VoxeLidarGUIFX/target/release/lib/gluegen-rt-2.3.0-natives-windows-amd64.jar
7fdef4003000-7fdef4004000 r--s 00000000 08:03 111940166                  /home/calcul/Documents/Julien/VoxeLidar/trunk/VoxeLidarGUIFX/target/release/lib/gluegen-rt-2.3.0-natives-solaris-i586.jar
7fdef4004000-7fdef4005000 r--s 00001000 08:03 111940174                  /home/calcul/Documents/Julien/VoxeLidar/trunk/VoxeLidarGUIFX/target/release/lib/gluegen-rt-2.3.0-natives-solaris-amd64.jar
7fdef4005000-7fdef4006000 r--s 00001000 08:03 111940182                  /home/calcul/Documents/Julien/VoxeLidar/trunk/VoxeLidarGUIFX/target/release/lib/gluegen-rt-2.3.0-natives-macosx-universal.jar
7fdef4006000-7fdef4008000 r--s 00000000 08:03 111940172                  /home/calcul/Documents/Julien/VoxeLidar/trunk/VoxeLidarGUIFX/target/release/lib/gluegen-rt-2.3.0-natives-linux-i586.jar
7fdef4008000-7fdef4009000 r--s 00000000 08:03 111940165                  /home/calcul/Documents/Julien/VoxeLidar/trunk/VoxeLidarGUIFX/target/release/lib/gluegen-rt-2.3.0-natives-linux-armv6hf.jar
7fdef4009000-7fdef400a000 r--s 00000000 08:03 111940175                  /home/calcul/Documents/Julien/VoxeLidar/trunk/VoxeLidarGUIFX/target/release/lib/gluegen-rt-2.3.0-natives-linux-armv6.jar
7fdef400a000-7fdef4035000 r--p 00000000 08:01 2103067                    /usr/share/locale-langpack/fr/LC_MESSAGES/gtk20-properties.mo
7fdef4035000-7fdef4044000 r--p 00000000 08:01 2103070                    /usr/share/locale-langpack/fr/LC_MESSAGES/gtk20.mo
7fdef4044000-7fdef406a000 r--p 00000000 08:01 2102789                    /usr/share/locale-langpack/fr/LC_MESSAGES/libc.mo
7fdef406a000-7fdef428b000 rw-p 00000000 00:00 0 
7fdef428b000-7fdef428c000 ---p 00000000 00:00 0 
7fdef428c000-7fdef438c000 rw-p 00000000 00:00 0                          [stack:6051]
7fdef438c000-7fdef438d000 ---p 00000000 00:00 0 
7fdef438d000-7fdef448d000 rw-p 00000000 00:00 0                          [stack:6050]
7fdef448d000-7fdef448e000 ---p 00000000 00:00 0 
7fdef448e000-7fdef458e000 rw-p 00000000 00:00 0                          [stack:6049]
7fdef458e000-7fdef458f000 ---p 00000000 00:00 0 
7fdef458f000-7fdef468f000 rw-p 00000000 00:00 0                          [stack:6048]
7fdef468f000-7fdef4690000 ---p 00000000 00:00 0 
7fdef4690000-7fdef4790000 rw-p 00000000 00:00 0                          [stack:6047]
7fdef4790000-7fdef4791000 ---p 00000000 00:00 0 
7fdef4791000-7fdef4891000 rw-p 00000000 00:00 0                          [stack:6046]
7fdef4891000-7fdef4892000 ---p 00000000 00:00 0 
7fdef4892000-7fdef4992000 rw-p 00000000 00:00 0                          [stack:6045]
7fdef4992000-7fdef4993000 ---p 00000000 00:00 0 
7fdef4993000-7fdef4a9d000 rw-p 00000000 00:00 0                          [stack:6044]
7fdef4a9d000-7fdef4e53000 ---p 00000000 00:00 0 
7fdef4e53000-7fdef4e6d000 r-xp 00000000 08:03 107611318                  /home/calcul/Téléchargements/jdk1.8.0_40/jre/lib/amd64/libzip.so
7fdef4e6d000-7fdef506d000 ---p 0001a000 08:03 107611318                  /home/calcul/Téléchargements/jdk1.8.0_40/jre/lib/amd64/libzip.so
7fdef506d000-7fdef506e000 rw-p 0001a000 08:03 107611318                  /home/calcul/Téléchargements/jdk1.8.0_40/jre/lib/amd64/libzip.so
7fdef506e000-7fdef507a000 r-xp 00000000 08:01 2363258                    /lib/x86_64-linux-gnu/libnss_files-2.17.so
7fdef507a000-7fdef5279000 ---p 0000c000 08:01 2363258                    /lib/x86_64-linux-gnu/libnss_files-2.17.so
7fdef5279000-7fdef527a000 r--p 0000b000 08:01 2363258                    /lib/x86_64-linux-gnu/libnss_files-2.17.so
7fdef527a000-7fdef527b000 rw-p 0000c000 08:01 2363258                    /lib/x86_64-linux-gnu/libnss_files-2.17.so
7fdef527b000-7fdef5286000 r-xp 00000000 08:01 2363262                    /lib/x86_64-linux-gnu/libnss_nis-2.17.so
7fdef5286000-7fdef5485000 ---p 0000b000 08:01 2363262                    /lib/x86_64-linux-gnu/libnss_nis-2.17.so
7fdef5485000-7fdef5486000 r--p 0000a000 08:01 2363262                    /lib/x86_64-linux-gnu/libnss_nis-2.17.so
7fdef5486000-7fdef5487000 rw-p 0000b000 08:01 2363262                    /lib/x86_64-linux-gnu/libnss_nis-2.17.so
7fdef5487000-7fdef549e000 r-xp 00000000 08:01 2363252                    /lib/x86_64-linux-gnu/libnsl-2.17.so
7fdef549e000-7fdef569d000 ---p 00017000 08:01 2363252                    /lib/x86_64-linux-gnu/libnsl-2.17.so
7fdef569d000-7fdef569e000 r--p 00016000 08:01 2363252                    /lib/x86_64-linux-gnu/libnsl-2.17.so
7fdef569e000-7fdef569f000 rw-p 00017000 08:01 2363252                    /lib/x86_64-linux-gnu/libnsl-2.17.so
7fdef569f000-7fdef56a1000 rw-p 00000000 00:00 0 
7fdef56a1000-7fdef56a9000 r-xp 00000000 08:01 2363254                    /lib/x86_64-linux-gnu/libnss_compat-2.17.so
7fdef56a9000-7fdef58a8000 ---p 00008000 08:01 2363254                    /lib/x86_64-linux-gnu/libnss_compat-2.17.so
7fdef58a8000-7fdef58a9000 r--p 00007000 08:01 2363254                    /lib/x86_64-linux-gnu/libnss_compat-2.17.so
7fdef58a9000-7fdef58aa000 rw-p 00008000 08:01 2363254                    /lib/x86_64-linux-gnu/libnss_compat-2.17.so
7fdef58aa000-7fdef5f91000 r--p 00000000 08:01 268937                     /usr/lib/locale/locale-archive
7fdef5f91000-7fdef5f93000 r-xp 00000000 08:03 107611300                  /home/calcul/Téléchargements/jdk1.8.0_40/jre/lib/amd64/libnpt.so
7fdef5f93000-7fdef6193000 ---p 00002000 08:03 107611300                  /home/calcul/Téléchargements/jdk1.8.0_40/jre/lib/amd64/libnpt.so
7fdef6193000-7fdef6194000 rw-p 00002000 08:03 107611300                  /home/calcul/Téléchargements/jdk1.8.0_40/jre/lib/amd64/libnpt.so
7fdef6194000-7fdef61cd000 r-xp 00000000 08:03 107611307                  /home/calcul/Téléchargements/jdk1.8.0_40/jre/lib/amd64/libjdwp.so
7fdef61cd000-7fdef63cc000 ---p 00039000 08:03 107611307                  /home/calcul/Téléchargements/jdk1.8.0_40/jre/lib/amd64/libjdwp.so
7fdef63cc000-7fdef63ce000 rw-p 00038000 08:03 107611307                  /home/calcul/Téléchargements/jdk1.8.0_40/jre/lib/amd64/libjdwp.so
7fdef63ce000-7fdef63f8000 r-xp 00000000 08:03 107611296                  /home/calcul/Téléchargements/jdk1.8.0_40/jre/lib/amd64/libjava.so
7fdef63f8000-7fdef65f8000 ---p 0002a000 08:03 107611296                  /home/calcul/Téléchargements/jdk1.8.0_40/jre/lib/amd64/libjava.so
7fdef65f8000-7fdef65fa000 rw-p 0002a000 08:03 107611296                  /home/calcul/Téléchargements/jdk1.8.0_40/jre/lib/amd64/libjava.so
7fdef65fa000-7fdef6607000 r-xp 00000000 08:03 107611312                  /home/calcul/Téléchargements/jdk1.8.0_40/jre/lib/amd64/libverify.so
7fdef6607000-7fdef6807000 ---p 0000d000 08:03 107611312                  /home/calcul/Téléchargements/jdk1.8.0_40/jre/lib/amd64/libverify.so
7fdef6807000-7fdef6809000 rw-p 0000d000 08:03 107611312                  /home/calcul/Téléchargements/jdk1.8.0_40/jre/lib/amd64/libverify.so
7fdef6809000-7fdef6810000 r-xp 00000000 08:01 2363305                    /lib/x86_64-linux-gnu/librt-2.17.so
7fdef6810000-7fdef6a0f000 ---p 00007000 08:01 2363305                    /lib/x86_64-linux-gnu/librt-2.17.so
7fdef6a0f000-7fdef6a10000 r--p 00006000 08:01 2363305                    /lib/x86_64-linux-gnu/librt-2.17.so
7fdef6a10000-7fdef6a11000 rw-p 00007000 08:01 2363305                    /lib/x86_64-linux-gnu/librt-2.17.so
7fdef6a11000-7fdef6b14000 r-xp 00000000 08:01 2363233                    /lib/x86_64-linux-gnu/libm-2.17.so
7fdef6b14000-7fdef6d13000 ---p 00103000 08:01 2363233                    /lib/x86_64-linux-gnu/libm-2.17.so
7fdef6d13000-7fdef6d14000 r--p 00102000 08:01 2363233                    /lib/x86_64-linux-gnu/libm-2.17.so
7fdef6d14000-7fdef6d15000 rw-p 00103000 08:01 2363233                    /lib/x86_64-linux-gnu/libm-2.17.so
7fdef6d15000-7fdef79c3000 r-xp 00000000 08:03 107611334                  /home/calcul/Téléchargements/jdk1.8.0_40/jre/lib/amd64/server/libjvm.so
7fdef79c3000-7fdef7bc2000 ---p 00cae000 08:03 107611334                  /home/calcul/Téléchargements/jdk1.8.0_40/jre/lib/amd64/server/libjvm.so
7fdef7bc2000-7fdef7c99000 rw-p 00cad000 08:03 107611334                  /home/calcul/Téléchargements/jdk1.8.0_40/jre/lib/amd64/server/libjvm.so
7fdef7c99000-7fdef7cdd000 rw-p 00000000 00:00 0 
7fdef7cdd000-7fdef7e9a000 r-xp 00000000 08:01 2363182                    /lib/x86_64-linux-gnu/libc-2.17.so
7fdef7e9a000-7fdef809a000 ---p 001bd000 08:01 2363182                    /lib/x86_64-linux-gnu/libc-2.17.so
7fdef809a000-7fdef809e000 r--p 001bd000 08:01 2363182                    /lib/x86_64-linux-gnu/libc-2.17.so
7fdef809e000-7fdef80a0000 rw-p 001c1000 08:01 2363182                    /lib/x86_64-linux-gnu/libc-2.17.so
7fdef80a0000-7fdef80a5000 rw-p 00000000 00:00 0 
7fdef80a5000-7fdef80a8000 r-xp 00000000 08:01 2363197                    /lib/x86_64-linux-gnu/libdl-2.17.so
7fdef80a8000-7fdef82a7000 ---p 00003000 08:01 2363197                    /lib/x86_64-linux-gnu/libdl-2.17.so
7fdef82a7000-7fdef82a8000 r--p 00002000 08:01 2363197                    /lib/x86_64-linux-gnu/libdl-2.17.so
7fdef82a8000-7fdef82a9000 rw-p 00003000 08:01 2363197                    /lib/x86_64-linux-gnu/libdl-2.17.so
7fdef82a9000-7fdef82be000 r-xp 00000000 08:03 107611306                  /home/calcul/Téléchargements/jdk1.8.0_40/jre/lib/amd64/jli/libjli.so
7fdef82be000-7fdef84be000 ---p 00015000 08:03 107611306                  /home/calcul/Téléchargements/jdk1.8.0_40/jre/lib/amd64/jli/libjli.so
7fdef84be000-7fdef84bf000 rw-p 00015000 08:03 107611306                  /home/calcul/Téléchargements/jdk1.8.0_40/jre/lib/amd64/jli/libjli.so
7fdef84bf000-7fdef84d6000 r-xp 00000000 08:01 2363297                    /lib/x86_64-linux-gnu/libpthread-2.17.so
7fdef84d6000-7fdef86d6000 ---p 00017000 08:01 2363297                    /lib/x86_64-linux-gnu/libpthread-2.17.so
7fdef86d6000-7fdef86d7000 r--p 00017000 08:01 2363297                    /lib/x86_64-linux-gnu/libpthread-2.17.so
7fdef86d7000-7fdef86d8000 rw-p 00018000 08:01 2363297                    /lib/x86_64-linux-gnu/libpthread-2.17.so
7fdef86d8000-7fdef86dc000 rw-p 00000000 00:00 0 
7fdef86dc000-7fdef86ff000 r-xp 00000000 08:01 2363158                    /lib/x86_64-linux-gnu/ld-2.17.so
7fdef86ff000-7fdef8705000 r--s 0004a000 08:03 111940173                  /home/calcul/Documents/Julien/VoxeLidar/trunk/VoxeLidarGUIFX/target/release/lib/gluegen-rt-2.3.0.jar
7fdef8705000-7fdef870c000 r--p 00000000 08:03 68424776                   /home/calcul/.config/dconf/user
7fdef870c000-7fdef87d4000 rw-p 00000000 00:00 0 
7fdef87d4000-7fdef87d7000 ---p 00000000 00:00 0 
7fdef87d7000-7fdef88d9000 rw-p 00000000 00:00 0                          [stack:6043]
7fdef88d9000-7fdef88db000 r--s 00000000 08:03 111940195                  /home/calcul/Documents/Julien/VoxeLidar/trunk/VoxeLidarGUIFX/target/release/lib/gluegen-rt-2.3.0-natives-linux-amd64.jar
7fdef88db000-7fdef88dc000 r--s 00001000 08:03 111940194                  /home/calcul/Documents/Julien/VoxeLidar/trunk/VoxeLidarGUIFX/target/release/lib/gluegen-rt-2.3.0-natives-android-armv6.jar
7fdef88dc000-7fdef88dd000 r--s 00000000 08:03 111940178                  /home/calcul/Documents/Julien/VoxeLidar/trunk/VoxeLidarGUIFX/target/release/lib/gluegen-rt-2.3.0-natives-android-aarch64.jar
7fdef88dd000-7fdef88de000 r--s 00000000 08:03 111940164                  /home/calcul/Documents/Julien/VoxeLidar/trunk/VoxeLidarGUIFX/target/release/lib/gluegen-rt-main-2.3.0.jar
7fdef88de000-7fdef88df000 rw-s 12f029000 00:05 267                       /dev/dri/card0
7fdef88df000-7fdef88e0000 r--s 00000000 00:14 100207                     /run/user/1000/dconf/user
7fdef88e0000-7fdef88e7000 r--s 00000000 08:01 656385                     /usr/lib/x86_64-linux-gnu/gconv/gconv-modules.cache
7fdef88e7000-7fdef88e8000 rw-s 12ba20000 00:05 267                       /dev/dri/card0
7fdef88e8000-7fdef88f2000 r--s 008f3000 08:03 111937691                  /home/calcul/Documents/Julien/VoxeLidar/trunk/VoxeLidarGUIFX/target/release/VoxeLidarGUIFX-1.0-r42cac8de.jar
7fdef88f2000-7fdef88fa000 rw-s 00000000 08:01 397778                     /tmp/hsperfdata_calcul/6039
7fdef88fa000-7fdef88fb000 rw-p 00000000 00:00 0 
7fdef88fb000-7fdef88fc000 r--p 00000000 00:00 0 
7fdef88fc000-7fdef88fe000 rw-p 00000000 00:00 0 
7fdef88fe000-7fdef88ff000 r--p 00022000 08:01 2363158                    /lib/x86_64-linux-gnu/ld-2.17.so
7fdef88ff000-7fdef8901000 rw-p 00023000 08:01 2363158                    /lib/x86_64-linux-gnu/ld-2.17.so
7fff3baed000-7fff3bb0e000 rw-p 00000000 00:00 0                          [stack]
7fff3bb62000-7fff3bb64000 r-xp 00000000 00:00 0                          [vdso]
ffffffffff600000-ffffffffff601000 r-xp 00000000 00:00 0                  [vsyscall]

VM Arguments:
jvm_args: -Xdebug -Xmx10g -Xrunjdwp:transport=dt_socket,server=n,address=60858 
java_command: /home/calcul/Documents/Julien/VoxeLidar/trunk/VoxeLidarGUIFX/target/release/VoxeLidarGUIFX-1.0-r42cac8de.jar
java_class_path (initial): /home/calcul/Documents/Julien/VoxeLidar/trunk/VoxeLidarGUIFX/target/release/VoxeLidarGUIFX-1.0-r42cac8de.jar
Launcher Type: SUN_STANDARD

Environment Variables:
JAVA_HOME=/home/calcul/Téléchargements/jdk1.8.0_40
PATH=JAVA_HOME/bin:/usr/lib/lightdm/lightdm:/usr/local/sbin:/usr/local/bin:/usr/sbin:/usr/bin:/sbin:/bin:/usr/games:/usr/local/games
LD_LIBRARY_PATH=/home/calcul/Téléchargements/jdk1.8.0_40/jre/lib/amd64:/home/calcul/Téléchargements/jdk1.8.0_40/jre/lib/i386:
SHELL=/bin/bash
DISPLAY=:0.0

Signal Handlers:
SIGSEGV: [libjvm.so+0xaad2e0], sa_mask[0]=11111111011111111101111111111110, sa_flags=SA_RESTART|SA_SIGINFO
SIGBUS: [libjvm.so+0xaad2e0], sa_mask[0]=11111111011111111101111111111110, sa_flags=SA_RESTART|SA_SIGINFO
SIGFPE: [libjvm.so+0x90b550], sa_mask[0]=11111111011111111101111111111110, sa_flags=SA_RESTART|SA_SIGINFO
SIGPIPE: SIG_IGN, sa_mask[0]=00000000000010000000000000000000, sa_flags=SA_RESTART
SIGXFSZ: [libjvm.so+0x90b550], sa_mask[0]=11111111011111111101111111111110, sa_flags=SA_RESTART|SA_SIGINFO
SIGILL: [libjvm.so+0x90b550], sa_mask[0]=11111111011111111101111111111110, sa_flags=SA_RESTART|SA_SIGINFO
SIGUSR1: SIG_DFL, sa_mask[0]=00000000000000000000000000000000, sa_flags=none
SIGUSR2: [libjvm.so+0x90cb90], sa_mask[0]=00100000000000000000000000000000, sa_flags=SA_RESTART|SA_SIGINFO
SIGHUP: [libjvm.so+0x90dee0], sa_mask[0]=11111111011111111101111111111110, sa_flags=SA_RESTART|SA_SIGINFO
SIGINT: SIG_IGN, sa_mask[0]=00000000000000000000000000000000, sa_flags=none
SIGTERM: [libjvm.so+0x90dee0], sa_mask[0]=11111111011111111101111111111110, sa_flags=SA_RESTART|SA_SIGINFO
SIGQUIT: [libjvm.so+0x90dee0], sa_mask[0]=11111111011111111101111111111110, sa_flags=SA_RESTART|SA_SIGINFO


---------------  S Y S T E M  ---------------

OS:DISTRIB_ID=Ubuntu
DISTRIB_RELEASE=13.10
DISTRIB_CODENAME=saucy
DISTRIB_DESCRIPTION="Ubuntu 13.10"

uname:Linux 3.11.0-26-generic #45-Ubuntu SMP Tue Jul 15 04:02:06 UTC 2014 x86_64
libc:glibc 2.17 NPTL 2.17 
rlimit: STACK 8192k, CORE 0k, NPROC 514862, NOFILE 4096, AS infinity
load average:0,91 0,51 0,52

/proc/meminfo:
MemTotal:       65922644 kB
MemFree:        61498916 kB
Buffers:          151784 kB
Cached:          1188800 kB
SwapCached:            0 kB
Active:          3029476 kB
Inactive:         758840 kB
Active(anon):    2449072 kB
Inactive(anon):    24100 kB
Active(file):     580404 kB
Inactive(file):   734740 kB
Unevictable:         564 kB
Mlocked:             564 kB
SwapTotal:      31250428 kB
SwapFree:       31250428 kB
Dirty:              3800 kB
Writeback:             0 kB
AnonPages:       2448512 kB
Mapped:           260860 kB
Shmem:             25444 kB
Slab:             135260 kB
SReclaimable:      78696 kB
SUnreclaim:        56564 kB
KernelStack:        5912 kB
PageTables:        40080 kB
NFS_Unstable:          0 kB
Bounce:                0 kB
WritebackTmp:          0 kB
CommitLimit:    64211748 kB
Committed_AS:    8319756 kB
VmallocTotal:   34359738367 kB
VmallocUsed:      445508 kB
VmallocChunk:   34325113608 kB
HardwareCorrupted:     0 kB
AnonHugePages:         0 kB
HugePages_Total:       0
HugePages_Free:        0
HugePages_Rsvd:        0
HugePages_Surp:        0
Hugepagesize:       2048 kB
DirectMap4k:      109172 kB
DirectMap2M:     5076992 kB
DirectMap1G:    61865984 kB


CPU:total 8 (4 cores per cpu, 1 threads per core) family 6 model 62 stepping 4, cmov, cx8, fxsr, mmx, sse, sse2, sse3, ssse3, sse4.1, sse4.2, popcnt, avx, aes, clmul, erms, tsc, tscinvbit

/proc/cpuinfo:
processor	: 0
vendor_id	: GenuineIntel
cpu family	: 6
model		: 62
model name	: Intel(R) Xeon(R) CPU E5-2609 v2 @ 2.50GHz
stepping	: 4
microcode	: 0x416
cpu MHz		: 1200.000
cache size	: 10240 KB
physical id	: 0
siblings	: 4
core id		: 0
cpu cores	: 4
apicid		: 0
initial apicid	: 0
fpu		: yes
fpu_exception	: yes
cpuid level	: 13
wp		: yes
flags		: fpu vme de pse tsc msr pae mce cx8 apic sep mtrr pge mca cmov pat pse36 clflush dts acpi mmx fxsr sse sse2 ss ht tm pbe syscall nx pdpe1gb rdtscp lm constant_tsc arch_perfmon pebs bts rep_good nopl xtopology nonstop_tsc aperfmperf eagerfpu pni pclmulqdq dtes64 monitor ds_cpl vmx smx est tm2 ssse3 cx16 xtpr pdcm pcid dca sse4_1 sse4_2 x2apic popcnt tsc_deadline_timer aes xsave avx f16c rdrand lahf_lm arat epb xsaveopt pln pts dtherm tpr_shadow vnmi flexpriority ept vpid fsgsbase smep erms
bogomips	: 4988.12
clflush size	: 64
cache_alignment	: 64
address sizes	: 46 bits physical, 48 bits virtual
power management:

processor	: 1
vendor_id	: GenuineIntel
cpu family	: 6
model		: 62
model name	: Intel(R) Xeon(R) CPU E5-2609 v2 @ 2.50GHz
stepping	: 4
microcode	: 0x416
cpu MHz		: 1200.000
cache size	: 10240 KB
physical id	: 0
siblings	: 4
core id		: 1
cpu cores	: 4
apicid		: 2
initial apicid	: 2
fpu		: yes
fpu_exception	: yes
cpuid level	: 13
wp		: yes
flags		: fpu vme de pse tsc msr pae mce cx8 apic sep mtrr pge mca cmov pat pse36 clflush dts acpi mmx fxsr sse sse2 ss ht tm pbe syscall nx pdpe1gb rdtscp lm constant_tsc arch_perfmon pebs bts rep_good nopl xtopology nonstop_tsc aperfmperf eagerfpu pni pclmulqdq dtes64 monitor ds_cpl vmx smx est tm2 ssse3 cx16 xtpr pdcm pcid dca sse4_1 sse4_2 x2apic popcnt tsc_deadline_timer aes xsave avx f16c rdrand lahf_lm arat epb xsaveopt pln pts dtherm tpr_shadow vnmi flexpriority ept vpid fsgsbase smep erms
bogomips	: 4988.12
clflush size	: 64
cache_alignment	: 64
address sizes	: 46 bits physical, 48 bits virtual
power management:

processor	: 2
vendor_id	: GenuineIntel
cpu family	: 6
model		: 62
model name	: Intel(R) Xeon(R) CPU E5-2609 v2 @ 2.50GHz
stepping	: 4
microcode	: 0x416
cpu MHz		: 1200.000
cache size	: 10240 KB
physical id	: 0
siblings	: 4
core id		: 2
cpu cores	: 4
apicid		: 4
initial apicid	: 4
fpu		: yes
fpu_exception	: yes
cpuid level	: 13
wp		: yes
flags		: fpu vme de pse tsc msr pae mce cx8 apic sep mtrr pge mca cmov pat pse36 clflush dts acpi mmx fxsr sse sse2 ss ht tm pbe syscall nx pdpe1gb rdtscp lm constant_tsc arch_perfmon pebs bts rep_good nopl xtopology nonstop_tsc aperfmperf eagerfpu pni pclmulqdq dtes64 monitor ds_cpl vmx smx est tm2 ssse3 cx16 xtpr pdcm pcid dca sse4_1 sse4_2 x2apic popcnt tsc_deadline_timer aes xsave avx f16c rdrand lahf_lm arat epb xsaveopt pln pts dtherm tpr_shadow vnmi flexpriority ept vpid fsgsbase smep erms
bogomips	: 4988.12
clflush size	: 64
cache_alignment	: 64
address sizes	: 46 bits physical, 48 bits virtual
power management:

processor	: 3
vendor_id	: GenuineIntel
cpu family	: 6
model		: 62
model name	: Intel(R) Xeon(R) CPU E5-2609 v2 @ 2.50GHz
stepping	: 4
microcode	: 0x416
cpu MHz		: 1200.000
cache size	: 10240 KB
physical id	: 0
siblings	: 4
core id		: 3
cpu cores	: 4
apicid		: 6
initial apicid	: 6
fpu		: yes
fpu_exception	: yes
cpuid level	: 13
wp		: yes
flags		: fpu vme de pse tsc msr pae mce cx8 apic sep mtrr pge mca cmov pat pse36 clflush dts acpi mmx fxsr sse sse2 ss ht tm pbe syscall nx pdpe1gb rdtscp lm constant_tsc arch_perfmon pebs bts rep_good nopl xtopology nonstop_tsc aperfmperf eagerfpu pni pclmulqdq dtes64 monitor ds_cpl vmx smx est tm2 ssse3 cx16 xtpr pdcm pcid dca sse4_1 sse4_2 x2apic popcnt tsc_deadline_timer aes xsave avx f16c rdrand lahf_lm arat epb xsaveopt pln pts dtherm tpr_shadow vnmi flexpriority ept vpid fsgsbase smep erms
bogomips	: 4988.12
clflush size	: 64
cache_alignment	: 64
address sizes	: 46 bits physical, 48 bits virtual
power management:

processor	: 4
vendor_id	: GenuineIntel
cpu family	: 6
model		: 62
model name	: Intel(R) Xeon(R) CPU E5-2609 v2 @ 2.50GHz
stepping	: 4
microcode	: 0x416
cpu MHz		: 2500.000
cache size	: 10240 KB
physical id	: 1
siblings	: 4
core id		: 0
cpu cores	: 4
apicid		: 32
initial apicid	: 32
fpu		: yes
fpu_exception	: yes
cpuid level	: 13
wp		: yes
flags		: fpu vme de pse tsc msr pae mce cx8 apic sep mtrr pge mca cmov pat pse36 clflush dts acpi mmx fxsr sse sse2 ss ht tm pbe syscall nx pdpe1gb rdtscp lm constant_tsc arch_perfmon pebs bts rep_good nopl xtopology nonstop_tsc aperfmperf eagerfpu pni pclmulqdq dtes64 monitor ds_cpl vmx smx est tm2 ssse3 cx16 xtpr pdcm pcid dca sse4_1 sse4_2 x2apic popcnt tsc_deadline_timer aes xsave avx f16c rdrand lahf_lm arat epb xsaveopt pln pts dtherm tpr_shadow vnmi flexpriority ept vpid fsgsbase smep erms
bogomips	: 4989.71
clflush size	: 64
cache_alignment	: 64
address sizes	: 46 bits physical, 48 bits virtual
power management:

processor	: 5
vendor_id	: GenuineIntel
cpu family	: 6
model		: 62
model name	: Intel(R) Xeon(R) CPU E5-2609 v2 @ 2.50GHz
stepping	: 4
microcode	: 0x416
cpu MHz		: 1200.000
cache size	: 10240 KB
physical id	: 1
siblings	: 4
core id		: 1
cpu cores	: 4
apicid		: 34
initial apicid	: 34
fpu		: yes
fpu_exception	: yes
cpuid level	: 13
wp		: yes
flags		: fpu vme de pse tsc msr pae mce cx8 apic sep mtrr pge mca cmov pat pse36 clflush dts acpi mmx fxsr sse sse2 ss ht tm pbe syscall nx pdpe1gb rdtscp lm constant_tsc arch_perfmon pebs bts rep_good nopl xtopology nonstop_tsc aperfmperf eagerfpu pni pclmulqdq dtes64 monitor ds_cpl vmx smx est tm2 ssse3 cx16 xtpr pdcm pcid dca sse4_1 sse4_2 x2apic popcnt tsc_deadline_timer aes xsave avx f16c rdrand lahf_lm arat epb xsaveopt pln pts dtherm tpr_shadow vnmi flexpriority ept vpid fsgsbase smep erms
bogomips	: 4989.71
clflush size	: 64
cache_alignment	: 64
address sizes	: 46 bits physical, 48 bits virtual
power management:

processor	: 6
vendor_id	: GenuineIntel
cpu family	: 6
model		: 62
model name	: Intel(R) Xeon(R) CPU E5-2609 v2 @ 2.50GHz
stepping	: 4
microcode	: 0x416
cpu MHz		: 1200.000
cache size	: 10240 KB
physical id	: 1
siblings	: 4
core id		: 2
cpu cores	: 4
apicid		: 36
initial apicid	: 36
fpu		: yes
fpu_exception	: yes
cpuid level	: 13
wp		: yes
flags		: fpu vme de pse tsc msr pae mce cx8 apic sep mtrr pge mca cmov pat pse36 clflush dts acpi mmx fxsr sse sse2 ss ht tm pbe syscall nx pdpe1gb rdtscp lm constant_tsc arch_perfmon pebs bts rep_good nopl xtopology nonstop_tsc aperfmperf eagerfpu pni pclmulqdq dtes64 monitor ds_cpl vmx smx est tm2 ssse3 cx16 xtpr pdcm pcid dca sse4_1 sse4_2 x2apic popcnt tsc_deadline_timer aes xsave avx f16c rdrand lahf_lm arat epb xsaveopt pln pts dtherm tpr_shadow vnmi flexpriority ept vpid fsgsbase smep erms
bogomips	: 4989.71
clflush size	: 64
cache_alignment	: 64
address sizes	: 46 bits physical, 48 bits virtual
power management:

processor	: 7
vendor_id	: GenuineIntel
cpu family	: 6
model		: 62
model name	: Intel(R) Xeon(R) CPU E5-2609 v2 @ 2.50GHz
stepping	: 4
microcode	: 0x416
cpu MHz		: 1200.000
cache size	: 10240 KB
physical id	: 1
siblings	: 4
core id		: 3
cpu cores	: 4
apicid		: 38
initial apicid	: 38
fpu		: yes
fpu_exception	: yes
cpuid level	: 13
wp		: yes
flags		: fpu vme de pse tsc msr pae mce cx8 apic sep mtrr pge mca cmov pat pse36 clflush dts acpi mmx fxsr sse sse2 ss ht tm pbe syscall nx pdpe1gb rdtscp lm constant_tsc arch_perfmon pebs bts rep_good nopl xtopology nonstop_tsc aperfmperf eagerfpu pni pclmulqdq dtes64 monitor ds_cpl vmx smx est tm2 ssse3 cx16 xtpr pdcm pcid dca sse4_1 sse4_2 x2apic popcnt tsc_deadline_timer aes xsave avx f16c rdrand lahf_lm arat epb xsaveopt pln pts dtherm tpr_shadow vnmi flexpriority ept vpid fsgsbase smep erms
bogomips	: 4989.71
clflush size	: 64
cache_alignment	: 64
address sizes	: 46 bits physical, 48 bits virtual
power management:



Memory: 4k page, physical 65922644k(61498916k free), swap 31250428k(31250428k free)

vm_info: Java HotSpot(TM) 64-Bit Server VM (25.40-b25) for linux-amd64 JRE (1.8.0_40-b26), built on Mar  7 2015 15:08:31 by "java_re" with gcc 4.3.0 20080428 (Red Hat 4.3.0-8)

time: Fri Apr 24 19:34:23 2015
elapsed time: 15 seconds (0d 0h 0m 15s)

