#
# A fatal error has been detected by the Java Runtime Environment:
#
#  EXCEPTION_ACCESS_VIOLATION (0xc0000005) at pc=0x0000000060ec0539, pid=5760, tid=1620
#
# JRE version: Java(TM) SE Runtime Environment (7.0_67-b01) (build 1.7.0_67-b01)
# Java VM: Java HotSpot(TM) 64-Bit Server VM (24.65-b04 mixed mode windows-amd64 compressed oops)
# Problematic frame:
# C  0x0000000060ec0539
#
# Failed to write core dump. Minidumps are not enabled by default on client versions of Windows
#
# If you would like to submit a bug report, please visit:
#   http://bugreport.sun.com/bugreport/crash.jsp
# The crash happened outside the Java Virtual Machine in native code.
# See problematic frame for where to report the bug.
#

---------------  T H R E A D  ---------------

Current thread (0x000000001a64d800):  JavaThread "AWT-EventQueue-0" [_thread_in_native, id=1620, stack(0x0000000022be0000,0x0000000022ce0000)]

siginfo: ExceptionCode=0xc0000005, reading address 0x0000000000001100

Registers:
RAX=0x0000000000000000, RBX=0x00000005fc04c068, RCX=0x0000000000000003, RDX=0x0000000022cdcf70
RSP=0x0000000022cdcea8, RBP=0x0000000022cdcf38, RSI=0x00000000bf5e2b30, RDI=0x0000000010000030
R8 =0x0000000000000003, R9 =0x0000000060ec0530, R10=0x00000000024a94dd, R11=0x0000000064512a70
R12=0x0000000000000000, R13=0x00000005fc04c068, R14=0x0000000022cdcf70, R15=0x000000001a64d800
RIP=0x0000000060ec0539, EFLAGS=0x0000000000010287

Top of Stack: (sp=0x0000000022cdcea8)
0x0000000022cdcea8:   00000000024a9509 0000000022cdcf38
0x0000000022cdceb8:   0000000022cdcef8 0000000022cdcf38
0x0000000022cdcec8:   00000000024a90cc 00000005fc04c068
0x0000000022cdced8:   00000000bf5e2b30 0000000010000030
0x0000000022cdcee8:   00000000024b6d54 00000000024a9086
0x0000000022cdcef8:   0000000022cdcef8 00000005fc04c068
0x0000000022cdcf08:   0000000022cdcf70 00000005fc09e218
0x0000000022cdcf18:   0000000000000000 00000005fc04c068
0x0000000022cdcf28:   0000000000000000 0000000022cdcf58
0x0000000022cdcf38:   0000000022cdcfb8 0000000002496198
0x0000000022cdcf48:   0000000000000000 00000000024a3a58
0x0000000022cdcf58:   0000000060ec0530 0000000022cdcfb8
0x0000000022cdcf68:   0000000000000003 00000006020e0930
0x0000000022cdcf78:   0000000022cdcf78 00000005fc04bf96
0x0000000022cdcf88:   0000000022cdcfe0 00000005fc09e218
0x0000000022cdcf98:   0000000000000000 00000005fc04bfa8 

Instructions: (pc=0x0000000060ec0539)
0x0000000060ec0519:   af af af af af af af c3 cc cc cc cc cc cc cc cc
0x0000000060ec0529:   cc cc cc cc cc cc cc 65 48 8b 04 25 20 16 00 00
0x0000000060ec0539:   ff a0 00 11 00 00 cc cc cc cc cc cc cc cc cc cc
0x0000000060ec0549:   cc cc cc cc cc cc cc cc cc cc cc cc cc cc cc cc 


Register to memory mapping:

RAX=0x0000000000000000 is an unknown value
RBX=0x00000005fc04c068 is an oop
{method} 
 - klass: {other class}
RCX=0x0000000000000003 is an unknown value
RDX=0x0000000022cdcf70 is pointing into the stack for thread: 0x000000001a64d800
RSP=0x0000000022cdcea8 is pointing into the stack for thread: 0x000000001a64d800
RBP=0x0000000022cdcf38 is pointing into the stack for thread: 0x000000001a64d800
RSI=0x00000000bf5e2b30 is an unknown value
RDI=0x0000000010000030 is an unknown value
R8 =0x0000000000000003 is an unknown value
R9 =0x0000000060ec0530 is an unknown value
R10=0x00000000024a94dd is at code_begin+1277 in an Interpreter codelet
method entry point (kind = native)  [0x00000000024a8fe0, 0x00000000024a9ea0]  3776 bytes
R11=0x0000000064512a70 is an unknown value
R12=0x0000000000000000 is an unknown value
R13=0x00000005fc04c068 is an oop
{method} 
 - klass: {other class}
R14=0x0000000022cdcf70 is pointing into the stack for thread: 0x000000001a64d800
R15=0x000000001a64d800 is a thread


Stack: [0x0000000022be0000,0x0000000022ce0000],  sp=0x0000000022cdcea8,  free space=1011k
Native frames: (J=compiled Java code, j=interpreted, Vv=VM code, C=native code)
C  0x0000000060ec0539
j  jogamp.opengl.gl4.GL4bcImpl.glUseProgram(I)V+46
j  fr.ird.voxelidar.graphics3d.jogl.JoglListener$1.viewMatrixChanged(Lfr/ird/voxelidar/math/matrix/Mat4F;)V+82
j  fr.ird.voxelidar.graphics3d.object.camera.TrackballCamera.fireViewMatrixChanged(Lfr/ird/voxelidar/math/matrix/Mat4F;)V+34
j  fr.ird.voxelidar.graphics3d.object.camera.TrackballCamera.updateViewMatrix()V+40
j  fr.ird.voxelidar.graphics3d.object.camera.Camera.project(Lfr/ird/voxelidar/math/vector/Vec3F;Lfr/ird/voxelidar/math/vector/Vec3F;)V+67
j  fr.ird.voxelidar.graphics3d.object.camera.Camera.projectRight()V+39
j  fr.ird.voxelidar.frame.JFrameTools.jButton6ActionPerformed(Ljava/awt/event/ActionEvent;)V+7
j  fr.ird.voxelidar.frame.JFrameTools.access$2400(Lfr/ird/voxelidar/frame/JFrameTools;Ljava/awt/event/ActionEvent;)V+2
j  fr.ird.voxelidar.frame.JFrameTools$24.actionPerformed(Ljava/awt/event/ActionEvent;)V+5
j  javax.swing.AbstractButton.fireActionPerformed(Ljava/awt/event/ActionEvent;)V+84
j  javax.swing.AbstractButton$Handler.actionPerformed(Ljava/awt/event/ActionEvent;)V+5
j  javax.swing.DefaultButtonModel.fireActionPerformed(Ljava/awt/event/ActionEvent;)V+35
j  javax.swing.DefaultButtonModel.setPressed(Z)V+117
j  javax.swing.plaf.basic.BasicButtonListener.mouseReleased(Ljava/awt/event/MouseEvent;)V+35
j  java.awt.Component.processMouseEvent(Ljava/awt/event/MouseEvent;)V+64
j  javax.swing.JComponent.processMouseEvent(Ljava/awt/event/MouseEvent;)V+23
j  java.awt.Component.processEvent(Ljava/awt/AWTEvent;)V+81
j  java.awt.Container.processEvent(Ljava/awt/AWTEvent;)V+18
j  java.awt.Component.dispatchEventImpl(Ljava/awt/AWTEvent;)V+581
j  java.awt.Container.dispatchEventImpl(Ljava/awt/AWTEvent;)V+42
J 334 C2 java.awt.LightweightDispatcher.retargetMouseEvent(Ljava/awt/Component;ILjava/awt/event/MouseEvent;)V (350 bytes) @ 0x00000000025c5064 [0x00000000025c4ac0+0x5a4]
j  java.awt.LightweightDispatcher.processMouseEvent(Ljava/awt/event/MouseEvent;)Z+139
j  java.awt.LightweightDispatcher.dispatchEvent(Ljava/awt/AWTEvent;)Z+50
j  java.awt.Container.dispatchEventImpl(Ljava/awt/AWTEvent;)V+12
j  java.awt.Window.dispatchEventImpl(Ljava/awt/AWTEvent;)V+19
j  java.awt.Component.dispatchEvent(Ljava/awt/AWTEvent;)V+2
j  java.awt.EventQueue.dispatchEventImpl(Ljava/awt/AWTEvent;Ljava/lang/Object;)V+41
j  java.awt.EventQueue.access$200(Ljava/awt/EventQueue;Ljava/awt/AWTEvent;Ljava/lang/Object;)V+3
j  java.awt.EventQueue$3.run()Ljava/lang/Void;+12
j  java.awt.EventQueue$3.run()Ljava/lang/Object;+1
v  ~StubRoutines::call_stub

Java frames: (J=compiled Java code, j=interpreted, Vv=VM code)
j  jogamp.opengl.gl4.GL4bcImpl.dispatch_glUseProgram1(IJ)V+0
j  jogamp.opengl.gl4.GL4bcImpl.glUseProgram(I)V+46
j  fr.ird.voxelidar.graphics3d.jogl.JoglListener$1.viewMatrixChanged(Lfr/ird/voxelidar/math/matrix/Mat4F;)V+82
j  fr.ird.voxelidar.graphics3d.object.camera.TrackballCamera.fireViewMatrixChanged(Lfr/ird/voxelidar/math/matrix/Mat4F;)V+34
j  fr.ird.voxelidar.graphics3d.object.camera.TrackballCamera.updateViewMatrix()V+40
j  fr.ird.voxelidar.graphics3d.object.camera.Camera.project(Lfr/ird/voxelidar/math/vector/Vec3F;Lfr/ird/voxelidar/math/vector/Vec3F;)V+67
j  fr.ird.voxelidar.graphics3d.object.camera.Camera.projectRight()V+39
j  fr.ird.voxelidar.frame.JFrameTools.jButton6ActionPerformed(Ljava/awt/event/ActionEvent;)V+7
j  fr.ird.voxelidar.frame.JFrameTools.access$2400(Lfr/ird/voxelidar/frame/JFrameTools;Ljava/awt/event/ActionEvent;)V+2
j  fr.ird.voxelidar.frame.JFrameTools$24.actionPerformed(Ljava/awt/event/ActionEvent;)V+5
j  javax.swing.AbstractButton.fireActionPerformed(Ljava/awt/event/ActionEvent;)V+84
j  javax.swing.AbstractButton$Handler.actionPerformed(Ljava/awt/event/ActionEvent;)V+5
j  javax.swing.DefaultButtonModel.fireActionPerformed(Ljava/awt/event/ActionEvent;)V+35
j  javax.swing.DefaultButtonModel.setPressed(Z)V+117
j  javax.swing.plaf.basic.BasicButtonListener.mouseReleased(Ljava/awt/event/MouseEvent;)V+35
j  java.awt.Component.processMouseEvent(Ljava/awt/event/MouseEvent;)V+64
j  javax.swing.JComponent.processMouseEvent(Ljava/awt/event/MouseEvent;)V+23
j  java.awt.Component.processEvent(Ljava/awt/AWTEvent;)V+81
j  java.awt.Container.processEvent(Ljava/awt/AWTEvent;)V+18
j  java.awt.Component.dispatchEventImpl(Ljava/awt/AWTEvent;)V+581
j  java.awt.Container.dispatchEventImpl(Ljava/awt/AWTEvent;)V+42
J 334 C2 java.awt.LightweightDispatcher.retargetMouseEvent(Ljava/awt/Component;ILjava/awt/event/MouseEvent;)V (350 bytes) @ 0x00000000025c5064 [0x00000000025c4ac0+0x5a4]
j  java.awt.LightweightDispatcher.processMouseEvent(Ljava/awt/event/MouseEvent;)Z+139
j  java.awt.LightweightDispatcher.dispatchEvent(Ljava/awt/AWTEvent;)Z+50
j  java.awt.Container.dispatchEventImpl(Ljava/awt/AWTEvent;)V+12
j  java.awt.Window.dispatchEventImpl(Ljava/awt/AWTEvent;)V+19
j  java.awt.Component.dispatchEvent(Ljava/awt/AWTEvent;)V+2
j  java.awt.EventQueue.dispatchEventImpl(Ljava/awt/AWTEvent;Ljava/lang/Object;)V+41
j  java.awt.EventQueue.access$200(Ljava/awt/EventQueue;Ljava/awt/AWTEvent;Ljava/lang/Object;)V+3
j  java.awt.EventQueue$3.run()Ljava/lang/Void;+12
j  java.awt.EventQueue$3.run()Ljava/lang/Object;+1
v  ~StubRoutines::call_stub
j  java.security.AccessController.doPrivileged(Ljava/security/PrivilegedAction;Ljava/security/AccessControlContext;)Ljava/lang/Object;+0
j  java.security.ProtectionDomain$1.doIntersectionPrivilege(Ljava/security/PrivilegedAction;Ljava/security/AccessControlContext;Ljava/security/AccessControlContext;)Ljava/lang/Object;+28
j  java.security.ProtectionDomain$1.doIntersectionPrivilege(Ljava/security/PrivilegedAction;Ljava/security/AccessControlContext;)Ljava/lang/Object;+6
j  java.awt.EventQueue$4.run()Ljava/lang/Void;+11
j  java.awt.EventQueue$4.run()Ljava/lang/Object;+1
v  ~StubRoutines::call_stub
j  java.security.AccessController.doPrivileged(Ljava/security/PrivilegedAction;Ljava/security/AccessControlContext;)Ljava/lang/Object;+0
J 382 C2 java.awt.EventDispatchThread.pumpOneEventForFilters(I)V (295 bytes) @ 0x00000000025f11c8 [0x00000000025f02e0+0xee8]
j  java.awt.EventDispatchThread.pumpEventsForFilter(ILjava/awt/Conditional;Ljava/awt/EventFilter;)V+35
j  java.awt.EventDispatchThread.pumpEventsForHierarchy(ILjava/awt/Conditional;Ljava/awt/Component;)V+11
j  java.awt.EventDispatchThread.pumpEvents(ILjava/awt/Conditional;)V+4
j  java.awt.EventDispatchThread.pumpEvents(Ljava/awt/Conditional;)V+3
j  java.awt.EventDispatchThread.run()V+9
v  ~StubRoutines::call_stub

---------------  P R O C E S S  ---------------

Java Threads: ( => current thread )
  0x000000001cb6c800 JavaThread "Image Animator 0" daemon [_thread_blocked, id=7040, stack(0x0000000026e40000,0x0000000026f40000)]
  0x000000001cb6e000 JavaThread "SwingWorker-pool-2-thread-1" daemon [_thread_blocked, id=6964, stack(0x0000000029960000,0x0000000029a60000)]
  0x000000001cb6d000 JavaThread "AWT-EventQueue-0-FPSAWTAnimator#00-Timer0" [_thread_blocked, id=7224, stack(0x0000000026f50000,0x0000000027050000)]
  0x000000001cb6b800 JavaThread "AWT-EventQueue-0-Display-.windows_nil-1-EDT-1" daemon [_thread_blocked, id=5688, stack(0x00000000225e0000,0x00000000226e0000)]
  0x000000001cb6b000 JavaThread "AWT-EventQueue-0-SharedResourceRunner" daemon [_thread_blocked, id=5812, stack(0x00000000220f0000,0x00000000221f0000)]
  0x000000001cab1800 JavaThread "D3D Screen Updater" daemon [_thread_blocked, id=4828, stack(0x00000000258f0000,0x00000000259f0000)]
  0x000000000210a000 JavaThread "DestroyJavaVM" [_thread_blocked, id=8132, stack(0x0000000002390000,0x0000000002490000)]
  0x000000001cf95800 JavaThread "TimerQueue" daemon [_thread_blocked, id=4532, stack(0x0000000025170000,0x0000000025270000)]
  0x000000001c956000 JavaThread "org.netbeans.modules.debugger.jpda.visual AWT Access Loop" daemon [_thread_blocked, id=2444, stack(0x00000000236b0000,0x00000000237b0000)]
  0x000000001c862000 JavaThread "Swing-Shell" daemon [_thread_blocked, id=5608, stack(0x0000000022e70000,0x0000000022f70000)]
=>0x000000001a64d800 JavaThread "AWT-EventQueue-0" [_thread_in_native, id=1620, stack(0x0000000022be0000,0x0000000022ce0000)]
  0x000000001a686000 JavaThread "AWT-Windows" daemon [_thread_in_native, id=6904, stack(0x000000001d320000,0x000000001d420000)]
  0x000000001a683000 JavaThread "AWT-Shutdown" [_thread_blocked, id=8052, stack(0x000000001d190000,0x000000001d290000)]
  0x000000001a682000 JavaThread "Java2D Disposer" daemon [_thread_blocked, id=7208, stack(0x000000001d020000,0x000000001d120000)]
  0x000000001a3e8800 JavaThread "Service Thread" daemon [_thread_blocked, id=4688, stack(0x000000001c540000,0x000000001c640000)]
  0x000000001a3e8000 JavaThread "C2 CompilerThread1" daemon [_thread_blocked, id=6960, stack(0x000000001c1d0000,0x000000001c2d0000)]
  0x000000001a3e6800 JavaThread "C2 CompilerThread0" daemon [_thread_blocked, id=1196, stack(0x000000001c390000,0x000000001c490000)]
  0x000000001a3d3800 JavaThread "JDWP Command Reader" daemon [_thread_in_native, id=6592, stack(0x000000001beb0000,0x000000001bfb0000)]
  0x000000001a3d1000 JavaThread "JDWP Event Helper Thread" daemon [_thread_blocked, id=2684, stack(0x000000001b330000,0x000000001b430000)]
  0x000000001a3c3800 JavaThread "JDWP Transport Listener: dt_socket" daemon [_thread_blocked, id=1248, stack(0x000000001c0c0000,0x000000001c1c0000)]
  0x000000001a3bc800 JavaThread "Attach Listener" daemon [_thread_blocked, id=7144, stack(0x000000001baa0000,0x000000001bba0000)]
  0x000000001a3bb800 JavaThread "Signal Dispatcher" daemon [_thread_blocked, id=7908, stack(0x000000001b8f0000,0x000000001b9f0000)]
  0x000000000219d000 JavaThread "Finalizer" daemon [_thread_blocked, id=7496, stack(0x000000001b6e0000,0x000000001b7e0000)]
  0x000000000219c000 JavaThread "Reference Handler" daemon [_thread_blocked, id=4580, stack(0x000000001b5d0000,0x000000001b6d0000)]

Other Threads:
  0x000000001a373800 VMThread [stack: 0x000000001b490000,0x000000001b590000] [id=6428]
  0x000000001a3f3800 WatcherThread [stack: 0x000000001c6c0000,0x000000001c7c0000] [id=8084]

VM state:not at safepoint (normal execution)

VM Mutex/Monitor currently owned by a thread: None

Heap
 PSYoungGen      total 482816K, used 94649K [0x0000000755500000, 0x0000000781e00000, 0x0000000800000000)
  eden space 378880K, 7% used [0x0000000755500000,0x0000000757254768,0x000000076c700000)
  from space 103936K, 62% used [0x000000076c700000,0x000000077061a090,0x0000000772c80000)
  to   space 105984K, 0% used [0x000000077b680000,0x000000077b680000,0x0000000781e00000)
 ParOldGen       total 456192K, used 286318K [0x0000000600000000, 0x000000061bd80000, 0x0000000755500000)
  object space 456192K, 62% used [0x0000000600000000,0x000000061179b8f0,0x000000061bd80000)
 PSPermGen       total 46080K, used 23284K [0x00000005fae00000, 0x00000005fdb00000, 0x0000000600000000)
  object space 46080K, 50% used [0x00000005fae00000,0x00000005fc4bd188,0x00000005fdb00000)

Card table byte_map: [0x0000000005550000,0x0000000006580000] byte_map_base: 0x0000000002579000

Polling page: 0x0000000001b60000

Code Cache  [0x0000000002490000, 0x0000000002700000, 0x0000000005490000)
 total_blobs=1387 nmethods=555 adapters=793 free_code_cache=46966Kb largest_free_block=47991104

Compilation events (10 events):
Event: 94.793 Thread 0x000000001a3e8000  592             java.util.concurrent.locks.AbstractQueuedSynchronizer$ConditionObject::awaitNanos (158 bytes)
Event: 94.825 Thread 0x000000001a3e8000 nmethod 592 0x00000000026c9210 code [0x00000000026c9440, 0x00000000026ca4c8]
Event: 98.829 Thread 0x000000001a3e6800  593   !         sun.awt.image.GifImageDecoder::readBytes (44 bytes)
Event: 98.831 Thread 0x000000001a3e6800 nmethod 593 0x0000000002623710 code [0x0000000002623860, 0x00000000026239a8]
Event: 105.429 Thread 0x000000001a3e8000  594  s          java.io.BufferedInputStream::read (49 bytes)
Event: 105.434 Thread 0x000000001a3e8000 nmethod 594 0x0000000002528990 code [0x0000000002528b00, 0x0000000002529118]
Event: 109.925 Thread 0x000000001a3e6800  595             java.util.PriorityQueue::peek (16 bytes)
Event: 109.926 Thread 0x000000001a3e6800 nmethod 595 0x00000000026b51d0 code [0x00000000026b5300, 0x00000000026b53b8]
Event: 123.235 Thread 0x000000001a3e8000  597             jogamp.newt.DisplayImpl$7::run (8 bytes)
Event: 123.244 Thread 0x000000001a3e8000 nmethod 597 0x000000000255a150 code [0x000000000255a2e0, 0x000000000255a9e0]

GC Heap History (10 events):
Event: 22.319 GC heap before
{Heap before GC invocations=10 (full 0):
 PSYoungGen      total 224256K, used 224241K [0x0000000755500000, 0x000000076fb00000, 0x0000000800000000)
  eden space 154112K, 100% used [0x0000000755500000,0x000000075eb80000,0x000000075eb80000)
  from space 70144K, 99% used [0x000000075eb80000,0x0000000762ffc518,0x0000000763000000)
  to   space 92672K, 0% used [0x000000076a080000,0x000000076a080000,0x000000076fb00000)
 ParOldGen       total 261632K, used 64400K [0x0000000600000000, 0x000000060ff80000, 0x0000000755500000)
  object space 261632K, 24% used [0x0000000600000000,0x0000000603ee41c0,0x000000060ff80000)
 PSPermGen       total 23040K, used 22992K [0x00000005fae00000, 0x00000005fc480000, 0x0000000600000000)
  object space 23040K, 99% used [0x00000005fae00000,0x00000005fc474110,0x00000005fc480000)
Event: 22.400 GC heap after
Heap after GC invocations=10 (full 0):
 PSYoungGen      total 329728K, used 75593K [0x0000000755500000, 0x0000000770e00000, 0x0000000800000000)
  eden space 237056K, 0% used [0x0000000755500000,0x0000000755500000,0x0000000763c80000)
  from space 92672K, 81% used [0x000000076a080000,0x000000076ea52798,0x000000076fb00000)
  to   space 102400K, 0% used [0x0000000763c80000,0x0000000763c80000,0x000000076a080000)
 ParOldGen       total 261632K, used 96664K [0x0000000600000000, 0x000000060ff80000, 0x0000000755500000)
  object space 261632K, 36% used [0x0000000600000000,0x0000000605e661c0,0x000000060ff80000)
 PSPermGen       total 23040K, used 22992K [0x00000005fae00000, 0x00000005fc480000, 0x0000000600000000)
  object space 23040K, 99% used [0x00000005fae00000,0x00000005fc474110,0x00000005fc480000)
}
Event: 22.708 GC heap before
{Heap before GC invocations=11 (full 0):
 PSYoungGen      total 329728K, used 312649K [0x0000000755500000, 0x0000000770e00000, 0x0000000800000000)
  eden space 237056K, 100% used [0x0000000755500000,0x0000000763c80000,0x0000000763c80000)
  from space 92672K, 81% used [0x000000076a080000,0x000000076ea52798,0x000000076fb00000)
  to   space 102400K, 0% used [0x0000000763c80000,0x0000000763c80000,0x000000076a080000)
 ParOldGen       total 261632K, used 96664K [0x0000000600000000, 0x000000060ff80000, 0x0000000755500000)
  object space 261632K, 36% used [0x0000000600000000,0x0000000605e661c0,0x000000060ff80000)
 PSPermGen       total 23040K, used 22995K [0x00000005fae00000, 0x00000005fc480000, 0x0000000600000000)
  object space 23040K, 99% used [0x00000005fae00000,0x00000005fc474ed0,0x00000005fc480000)
Event: 22.824 GC heap after
Heap after GC invocations=11 (full 0):
 PSYoungGen      total 339456K, used 58750K [0x0000000755500000, 0x0000000779180000, 0x0000000800000000)
  eden space 237056K, 0% used [0x0000000755500000,0x0000000755500000,0x0000000763c80000)
  from space 102400K, 57% used [0x0000000763c80000,0x00000007675dfb58,0x000000076a080000)
  to   space 103424K, 0% used [0x0000000772c80000,0x0000000772c80000,0x0000000779180000)
 ParOldGen       total 261632K, used 171416K [0x0000000600000000, 0x000000060ff80000, 0x0000000755500000)
  object space 261632K, 65% used [0x0000000600000000,0x000000060a7661c0,0x000000060ff80000)
 PSPermGen       total 23040K, used 22995K [0x00000005fae00000, 0x00000005fc480000, 0x0000000600000000)
  object space 23040K, 99% used [0x00000005fae00000,0x00000005fc474ed0,0x00000005fc480000)
}
Event: 23.134 GC heap before
{Heap before GC invocations=12 (full 0):
 PSYoungGen      total 339456K, used 295806K [0x0000000755500000, 0x0000000779180000, 0x0000000800000000)
  eden space 237056K, 100% used [0x0000000755500000,0x0000000763c80000,0x0000000763c80000)
  from space 102400K, 57% used [0x0000000763c80000,0x00000007675dfb58,0x000000076a080000)
  to   space 103424K, 0% used [0x0000000772c80000,0x0000000772c80000,0x0000000779180000)
 ParOldGen       total 261632K, used 171416K [0x0000000600000000, 0x000000060ff80000, 0x0000000755500000)
  object space 261632K, 65% used [0x0000000600000000,0x000000060a7661c0,0x000000060ff80000)
 PSPermGen       total 23040K, used 22998K [0x00000005fae00000, 0x00000005fc480000, 0x0000000600000000)
  object space 23040K, 99% used [0x00000005fae00000,0x00000005fc475980,0x00000005fc480000)
Event: 23.239 GC heap after
Heap after GC invocations=12 (full 0):
 PSYoungGen      total 482304K, used 58016K [0x0000000755500000, 0x0000000779280000, 0x0000000800000000)
  eden space 378880K, 0% used [0x0000000755500000,0x0000000755500000,0x000000076c700000)
  from space 103424K, 56% used [0x0000000772c80000,0x0000000776528000,0x0000000779180000)
  to   space 103936K, 0% used [0x000000076c700000,0x000000076c700000,0x0000000772c80000)
 ParOldGen       total 261632K, used 230199K [0x0000000600000000, 0x000000060ff80000, 0x0000000755500000)
  object space 261632K, 87% used [0x0000000600000000,0x000000060e0cdd18,0x000000060ff80000)
 PSPermGen       total 23040K, used 22998K [0x00000005fae00000, 0x00000005fc480000, 0x0000000600000000)
  object space 23040K, 99% used [0x00000005fae00000,0x00000005fc475980,0x00000005fc480000)
}
Event: 23.239 GC heap before
{Heap before GC invocations=13 (full 1):
 PSYoungGen      total 482304K, used 58016K [0x0000000755500000, 0x0000000779280000, 0x0000000800000000)
  eden space 378880K, 0% used [0x0000000755500000,0x0000000755500000,0x000000076c700000)
  from space 103424K, 56% used [0x0000000772c80000,0x0000000776528000,0x0000000779180000)
  to   space 103936K, 0% used [0x000000076c700000,0x000000076c700000,0x0000000772c80000)
 ParOldGen       total 261632K, used 230199K [0x0000000600000000, 0x000000060ff80000, 0x0000000755500000)
  object space 261632K, 87% used [0x0000000600000000,0x000000060e0cdd18,0x000000060ff80000)
 PSPermGen       total 23040K, used 22998K [0x00000005fae00000, 0x00000005fc480000, 0x0000000600000000)
  object space 23040K, 99% used [0x00000005fae00000,0x00000005fc475980,0x00000005fc480000)
Event: 26.244 GC heap after
Heap after GC invocations=13 (full 1):
 PSYoungGen      total 482304K, used 24566K [0x0000000755500000, 0x0000000779280000, 0x0000000800000000)
  eden space 378880K, 0% used [0x0000000755500000,0x0000000755500000,0x000000076c700000)
  from space 103424K, 23% used [0x0000000772c80000,0x000000077447d860,0x0000000779180000)
  to   space 103936K, 0% used [0x000000076c700000,0x000000076c700000,0x0000000772c80000)
 ParOldGen       total 456192K, used 261622K [0x0000000600000000, 0x000000061bd80000, 0x0000000755500000)
  object space 456192K, 57% used [0x0000000600000000,0x000000060ff7d8f0,0x000000061bd80000)
 PSPermGen       total 46080K, used 22989K [0x00000005fae00000, 0x00000005fdb00000, 0x0000000600000000)
  object space 46080K, 49% used [0x00000005fae00000,0x00000005fc473690,0x00000005fdb00000)
}
Event: 30.000 GC heap before
{Heap before GC invocations=14 (full 1):
 PSYoungGen      total 482304K, used 398050K [0x0000000755500000, 0x0000000779280000, 0x0000000800000000)
  eden space 378880K, 98% used [0x0000000755500000,0x000000076c1bb2e0,0x000000076c700000)
  from space 103424K, 23% used [0x0000000772c80000,0x000000077447d860,0x0000000779180000)
  to   space 103936K, 0% used [0x000000076c700000,0x000000076c700000,0x0000000772c80000)
 ParOldGen       total 456192K, used 261622K [0x0000000600000000, 0x000000061bd80000, 0x0000000755500000)
  object space 456192K, 57% used [0x0000000600000000,0x000000060ff7d8f0,0x000000061bd80000)
 PSPermGen       total 46080K, used 23234K [0x00000005fae00000, 0x00000005fdb00000, 0x0000000600000000)
  object space 46080K, 50% used [0x00000005fae00000,0x00000005fc4b0bc8,0x00000005fdb00000)
Event: 30.151 GC heap after
Heap after GC invocations=14 (full 1):
 PSYoungGen      total 482816K, used 64616K [0x0000000755500000, 0x0000000781e00000, 0x0000000800000000)
  eden space 378880K, 0% used [0x0000000755500000,0x0000000755500000,0x000000076c700000)
  from space 103936K, 62% used [0x000000076c700000,0x000000077061a090,0x0000000772c80000)
  to   space 105984K, 0% used [0x000000077b680000,0x000000077b680000,0x0000000781e00000)
 ParOldGen       total 456192K, used 286318K [0x0000000600000000, 0x000000061bd80000, 0x0000000755500000)
  object space 456192K, 62% used [0x0000000600000000,0x000000061179b8f0,0x000000061bd80000)
 PSPermGen       total 46080K, used 23234K [0x00000005fae00000, 0x00000005fdb00000, 0x0000000600000000)
  object space 46080K, 50% used [0x00000005fae00000,0x00000005fc4b0bc8,0x00000005fdb00000)
}

Deoptimization events (10 events):
Event: 26.994 Thread 0x000000001cb6e000 Uncommon trap: reason=intrinsic action=make_not_entrant pc=0x00000000026718c4 method=fr.ird.voxelidar.util.StandardDeviation.getFromFloatArray([F)F @ 58
Event: 30.344 Thread 0x000000001cb6d000 Uncommon trap: reason=class_check action=maybe_recompile pc=0x000000000264d8a0 method=javax.swing.event.EventListenerList.getListeners(Ljava/lang/Class;)[Ljava/util/EventListener; @ 17
Event: 30.345 Thread 0x000000001cb6d000 Uncommon trap: reason=class_check action=maybe_recompile pc=0x000000000264d8a0 method=javax.swing.event.EventListenerList.getListeners(Ljava/lang/Class;)[Ljava/util/EventListener; @ 17
Event: 30.346 Thread 0x000000001cb6d000 Uncommon trap: reason=class_check action=maybe_recompile pc=0x000000000264d8a0 method=javax.swing.event.EventListenerList.getListeners(Ljava/lang/Class;)[Ljava/util/EventListener; @ 17
Event: 31.238 Thread 0x000000001cb6d000 Uncommon trap: reason=class_check action=maybe_recompile pc=0x000000000264d8a0 method=javax.swing.event.EventListenerList.getListeners(Ljava/lang/Class;)[Ljava/util/EventListener; @ 17
Event: 31.440 Thread 0x000000001cb6d000 Uncommon trap: reason=predicate action=maybe_recompile pc=0x000000000269a9f4 method=javax.swing.event.EventListenerList.getListeners(Ljava/lang/Class;)[Ljava/util/EventListener; @ 39
Event: 31.541 Thread 0x000000001cb6d000 Uncommon trap: reason=array_check action=maybe_recompile pc=0x00000000026ab6fc method=javax.swing.event.EventListenerList.getListeners(Ljava/lang/Class;)[Ljava/util/EventListener; @ 63
Event: 31.542 Thread 0x000000001cb6d000 Uncommon trap: reason=array_check action=maybe_recompile pc=0x00000000026ab6fc method=javax.swing.event.EventListenerList.getListeners(Ljava/lang/Class;)[Ljava/util/EventListener; @ 63
Event: 31.543 Thread 0x000000001cb6d000 Uncommon trap: reason=array_check action=maybe_recompile pc=0x00000000026ab6fc method=javax.swing.event.EventListenerList.getListeners(Ljava/lang/Class;)[Ljava/util/EventListener; @ 63
Event: 31.543 Thread 0x000000001cb6d000 Uncommon trap: reason=array_check action=maybe_recompile pc=0x00000000026ab6fc method=javax.swing.event.EventListenerList.getListeners(Ljava/lang/Class;)[Ljava/util/EventListener; @ 63

Internal exceptions (10 events):
Event: 29.851 Thread 0x000000001cb6d000 Threw 0x000000076bbf7970 at C:\re\jdk7u67\1368\hotspot\src\share\vm\prims\jvm.cpp:1244
Event: 29.851 Thread 0x000000001cb6d000 Threw 0x000000076bbfd618 at C:\re\jdk7u67\1368\hotspot\src\share\vm\prims\jvm.cpp:1244
Event: 29.852 Thread 0x000000001cb6d000 Threw 0x000000076bc02e80 at C:\re\jdk7u67\1368\hotspot\src\share\vm\prims\jvm.cpp:1244
Event: 29.852 Thread 0x000000001cb6d000 Threw 0x000000076bc084f0 at C:\re\jdk7u67\1368\hotspot\src\share\vm\prims\jvm.cpp:1244
Event: 29.853 Thread 0x000000001cb6d000 Threw 0x000000076bc0de20 at C:\re\jdk7u67\1368\hotspot\src\share\vm\prims\jvm.cpp:1244
Event: 29.854 Thread 0x000000001cb6d000 Threw 0x000000076bc14b08 at C:\re\jdk7u67\1368\hotspot\src\share\vm\prims\jvm.cpp:1244
Event: 29.857 Thread 0x000000001cb6d000 Threw 0x000000076bc1c1b0 at C:\re\jdk7u67\1368\hotspot\src\share\vm\prims\jvm.cpp:1244
Event: 29.857 Thread 0x000000001cb6d000 Threw 0x000000076bc21150 at C:\re\jdk7u67\1368\hotspot\src\share\vm\prims\jvm.cpp:1244
Event: 29.858 Thread 0x000000001cb6d000 Threw 0x000000076bc27f68 at C:\re\jdk7u67\1368\hotspot\src\share\vm\prims\jvm.cpp:1244
Event: 29.999 Thread 0x000000001cb6d000 Threw 0x000000076bd54058 at C:\re\jdk7u67\1368\hotspot\src\share\vm\prims\jvm.cpp:1244

Events (10 events):
Event: 123.272 Executing VM operation: EnterInterpOnlyMode
Event: 123.272 Executing nested VM operation: Deoptimize
Event: 123.272 Executing nested VM operation: Deoptimize done
Event: 123.272 Executing VM operation: EnterInterpOnlyMode done
Event: 123.272 Executing VM operation: GetCurrentLocation
Event: 123.272 Executing VM operation: GetCurrentLocation done
Event: 123.272 Executing VM operation: ChangeSingleStep
Event: 123.272 Executing VM operation: ChangeSingleStep done
Event: 123.276 Executing VM operation: ChangeSingleStep
Event: 123.276 Executing VM operation: ChangeSingleStep done


Dynamic libraries:
0x000000013fb70000 - 0x000000013fba3000 	C:\Program Files\Java\jdk1.7.0_67\bin\java.exe
0x0000000077870000 - 0x0000000077a19000 	C:\Windows\SYSTEM32\ntdll.dll
0x0000000077750000 - 0x000000007786f000 	C:\Windows\system32\kernel32.dll
0x000007fefd8e0000 - 0x000007fefd94c000 	C:\Windows\system32\KERNELBASE.dll
0x000007feff990000 - 0x000007feffa6b000 	C:\Windows\system32\ADVAPI32.dll
0x000007feffa70000 - 0x000007feffb0f000 	C:\Windows\system32\msvcrt.dll
0x000007feff220000 - 0x000007feff23f000 	C:\Windows\SYSTEM32\sechost.dll
0x000007fefe0d0000 - 0x000007fefe1fd000 	C:\Windows\system32\RPCRT4.dll
0x0000000077650000 - 0x000000007774a000 	C:\Windows\system32\USER32.dll
0x000007feffb10000 - 0x000007feffb77000 	C:\Windows\system32\GDI32.dll
0x000007feff4e0000 - 0x000007feff4ee000 	C:\Windows\system32\LPK.dll
0x000007fefdae0000 - 0x000007fefdba9000 	C:\Windows\system32\USP10.dll
0x000007fefbeb0000 - 0x000007fefc0a4000 	C:\Windows\WinSxS\amd64_microsoft.windows.common-controls_6595b64144ccf1df_6.0.7601.17514_none_fa396087175ac9ac\COMCTL32.dll
0x000007feff4f0000 - 0x000007feff561000 	C:\Windows\system32\SHLWAPI.dll
0x000007feff4b0000 - 0x000007feff4de000 	C:\Windows\system32\IMM32.DLL
0x000007feff650000 - 0x000007feff759000 	C:\Windows\system32\MSCTF.dll
0x000000006aef0000 - 0x000000006afc2000 	C:\Program Files\Java\jdk1.7.0_67\jre\bin\msvcr100.dll
0x0000000064330000 - 0x0000000064b02000 	C:\Program Files\Java\jdk1.7.0_67\jre\bin\server\jvm.dll
0x000007fefaae0000 - 0x000007fefaae9000 	C:\Windows\system32\WSOCK32.dll
0x000007fefda90000 - 0x000007fefdadd000 	C:\Windows\system32\WS2_32.dll
0x000007fefdee0000 - 0x000007fefdee8000 	C:\Windows\system32\NSI.dll
0x000007fefa2b0000 - 0x000007fefa2eb000 	C:\Windows\system32\WINMM.dll
0x0000000077a40000 - 0x0000000077a47000 	C:\Windows\system32\PSAPI.DLL
0x0000000072970000 - 0x000000007297f000 	C:\Program Files\Java\jdk1.7.0_67\jre\bin\verify.dll
0x0000000072860000 - 0x0000000072888000 	C:\Program Files\Java\jdk1.7.0_67\jre\bin\java.dll
0x000000006c2f0000 - 0x000000006c325000 	C:\Program Files\Java\jdk1.7.0_67\jre\bin\jdwp.dll
0x0000000071210000 - 0x0000000071218000 	C:\Program Files\Java\jdk1.7.0_67\jre\bin\npt.dll
0x0000000072840000 - 0x0000000072855000 	C:\Program Files\Java\jdk1.7.0_67\jre\bin\zip.dll
0x0000000071190000 - 0x0000000071199000 	C:\Program Files\Java\jdk1.7.0_67\jre\bin\dt_socket.dll
0x000007fefce50000 - 0x000007fefcea5000 	C:\Windows\system32\mswsock.dll
0x000007fefc810000 - 0x000007fefc817000 	C:\Windows\System32\wshtcpip.dll
0x0000000065150000 - 0x00000000652e5000 	C:\Program Files\Java\jdk1.7.0_67\jre\bin\awt.dll
0x000007feff570000 - 0x000007feff647000 	C:\Windows\system32\OLEAUT32.dll
0x000007fefdc50000 - 0x000007fefde53000 	C:\Windows\system32\ole32.dll
0x000007fefb6b0000 - 0x000007fefb6c8000 	C:\Windows\system32\DWMAPI.DLL
0x000007fefbbd0000 - 0x000007fefbc26000 	C:\Windows\system32\uxtheme.dll
0x000000006c110000 - 0x000000006c144000 	C:\Fraps\fraps64.dll
0x000007fefd510000 - 0x000007fefd51f000 	C:\Windows\system32\CRYPTBASE.dll
0x000007feebf20000 - 0x000007feec11f000 	C:\Windows\system32\d3d9.dll
0x000007fefcb20000 - 0x000007fefcb2c000 	C:\Windows\system32\VERSION.dll
0x000007fef9ca0000 - 0x000007fef9ca7000 	C:\Windows\system32\d3d8thk.dll
0x000007fee6ed0000 - 0x000007fee7f85000 	C:\Windows\system32\nvd3dumx.dll
0x000007fefbe80000 - 0x000007fefbeac000 	C:\Windows\system32\powrprof.dll
0x000007fefdef0000 - 0x000007fefe0c7000 	C:\Windows\system32\SETUPAPI.dll
0x000007fefd950000 - 0x000007fefd986000 	C:\Windows\system32\CFGMGR32.dll
0x000007fefd9d0000 - 0x000007fefd9ea000 	C:\Windows\system32\DEVOBJ.dll
0x000007fee9c90000 - 0x000007fee9dfa000 	C:\Program Files (x86)\NVIDIA Corporation\3D Vision\nvSCPAPI64.dll
0x000007fefe200000 - 0x000007fefef88000 	C:\Windows\system32\SHELL32.dll
0x000007fef9d10000 - 0x000007fefa043000 	C:\Windows\system32\nvapi64.dll
0x000007fefda30000 - 0x000007fefda6a000 	C:\Windows\system32\WINTRUST.dll
0x000007fefd6d0000 - 0x000007fefd83c000 	C:\Windows\system32\CRYPT32.dll
0x000007fefd6b0000 - 0x000007fefd6bf000 	C:\Windows\system32\MSASN1.dll
0x000007fefa200000 - 0x000007fefa2a0000 	C:\Windows\WinSxS\amd64_microsoft.windows.common-controls_6595b64144ccf1df_5.82.7601.18201_none_a4d3b9377117c3df\comctl32.dll
0x0000000065520000 - 0x0000000065567000 	C:\Program Files\Java\jdk1.7.0_67\jre\bin\fontmanager.dll
0x000000006ba90000 - 0x000000006baa9000 	C:\Program Files\Java\jdk1.7.0_67\jre\bin\net.dll
0x000007fefce40000 - 0x000007fefce47000 	C:\Windows\System32\wship6.dll
0x000000006ad40000 - 0x000000006ad51000 	C:\Program Files\Java\jdk1.7.0_67\jre\bin\nio.dll
0x00000000654d0000 - 0x0000000065511000 	C:\Program Files\Java\jdk1.7.0_67\jre\bin\t2k.dll
0x000007fefdbb0000 - 0x000007fefdc49000 	C:\Windows\system32\CLBCatQ.DLL
0x000007fefbd00000 - 0x000007fefbe2c000 	C:\Windows\system32\propsys.dll
0x000007fefbc80000 - 0x000007fefbcad000 	C:\Windows\system32\ntmarta.dll
0x000007feff2e0000 - 0x000007feff332000 	C:\Windows\system32\WLDAP32.dll
0x000007fefd4b0000 - 0x000007fefd507000 	C:\Windows\system32\apphelp.dll
0x000007feef0b0000 - 0x000007feef24c000 	C:\Windows\system32\NetworkExplorer.dll
0x000007fef01c0000 - 0x000007fef01f4000 	C:\Windows\System32\shdocvw.dll
0x000007fefd6c0000 - 0x000007fefd6cf000 	C:\Windows\system32\profapi.dll
0x000007fefb810000 - 0x000007fefb81b000 	C:\Windows\system32\slc.dll
0x000007fefab00000 - 0x000007fefab18000 	C:\Windows\system32\MPR.dll
0x000000006d0e0000 - 0x000000006d0f2000 	C:\Windows\system32\snacnp.dll
0x000007fef9820000 - 0x000007fef9917000 	C:\Windows\system32\ncnetprovider.dll
0x000007fefaba0000 - 0x000007fefabbe000 	C:\Windows\system32\NCLangID.dll
0x000007fef97b0000 - 0x000007fef97dc000 	C:\Windows\system32\MAPBASE.dll
0x0000000050d20000 - 0x0000000050d67000 	C:\Windows\system32\CALWIN32.DLL
0x0000000007310000 - 0x0000000007331000 	C:\Windows\system32\CLNWIN32.DLL
0x0000000050df0000 - 0x0000000050e22000 	C:\Windows\system32\LOCWIN32.DLL
0x00000000076a0000 - 0x00000000076e5000 	C:\Windows\system32\NCPWIN32.dll
0x0000000050da0000 - 0x0000000050db3000 	C:\Windows\system32\CLXWIN32.DLL
0x00000000076f0000 - 0x0000000007735000 	C:\Windows\system32\NETWIN32.DLL
0x000007fef9760000 - 0x000007fef97a5000 	C:\Windows\system32\NWSHLXNT.dll
0x000007fefad70000 - 0x000007fefad86000 	C:\Windows\system32\NETAPI32.dll
0x000007fefad60000 - 0x000007fefad6c000 	C:\Windows\system32\netutils.dll
0x000007fefd0c0000 - 0x000007fefd0e3000 	C:\Windows\system32\srvcli.dll
0x000007fefad40000 - 0x000007fefad55000 	C:\Windows\system32\wkscli.dll
0x000007fefad20000 - 0x000007fefad34000 	C:\Windows\system32\SAMCLI.DLL
0x000007fef9800000 - 0x000007fef9812000 	C:\Windows\system32\BROWCLI.DLL
0x000007fefc8f0000 - 0x000007fefc901000 	C:\Windows\system32\WTSAPI32.dll
0x00000000751e0000 - 0x00000000751e5000 	C:\Windows\system32\nls\FRANCAIS\NCLangIDR.DLL
0x0000000074210000 - 0x0000000074227000 	C:\Windows\system32\nls\FRANCAIS\MAPBASER.DLL
0x00000000741f0000 - 0x000000007420a000 	C:\Windows\system32\nls\FRANCAIS\NWSHLXNTR.DLL
0x0000000074170000 - 0x00000000741ec000 	C:\Windows\system32\nls\FRANCAIS\ncnetproviderR.DLL
0x000007fefd480000 - 0x000007fefd4a5000 	C:\Windows\system32\SspiCli.dll
0x000007feef2e0000 - 0x000007feef2ea000 	C:\Windows\System32\drprov.dll
0x000007fefd5c0000 - 0x000007fefd5fd000 	C:\Windows\System32\WINSTA.dll
0x000007feef080000 - 0x000007feef0a2000 	C:\Windows\System32\ntlanman.dll
0x000007feef060000 - 0x000007feef07d000 	C:\Windows\System32\davclnt.dll
0x000007feef050000 - 0x000007feef05a000 	C:\Windows\System32\DAVHLPR.dll
0x000007fef6690000 - 0x000007fef669f000 	C:\Windows\system32\cscapi.dll
0x000007fee53f0000 - 0x000007fee5661000 	C:\Windows\system32\wpdshext.dll
0x000007fefb9b0000 - 0x000007fefbbc6000 	C:\Windows\WinSxS\amd64_microsoft.windows.gdiplus_6595b64144ccf1df_1.1.7601.18455_none_2b283fd671e9bf4d\gdiplus.dll
0x000007fef70f0000 - 0x000007fef71ad000 	C:\Windows\system32\PortableDeviceApi.dll
0x000007fef18d0000 - 0x000007fef1905000 	C:\Windows\system32\EhStorShell.dll
0x000007fef75b0000 - 0x000007fef75d7000 	C:\Windows\system32\EhStorAPI.dll
0x000007feef500000 - 0x000007feef50c000 	C:\Windows\system32\LINKINFO.dll
0x000007fefb180000 - 0x000007fefb2e1000 	C:\Windows\system32\WindowsCodecs.dll
0x0000000070d10000 - 0x0000000070d26000 	C:\Program Files\Common Files\TortoiseOverlays\TortoiseOverlays.dll
0x0000000070d30000 - 0x0000000070d47000 	C:\Program Files\TortoiseSVN\bin\TortoiseStub.dll
0x000000006d2d0000 - 0x000000006d34d000 	C:\Program Files\TortoiseSVN\bin\TortoiseSVN.dll
0x000007feff760000 - 0x000007feff98c000 	C:\Windows\system32\WININET.dll
0x000007fefd9a0000 - 0x000007fefd9a4000 	C:\Windows\system32\api-ms-win-downlevel-user32-l1-1-0.dll
0x000007fefd9c0000 - 0x000007fefd9c5000 	C:\Windows\system32\api-ms-win-downlevel-advapi32-l1-1-0.dll
0x000007fefda20000 - 0x000007fefda24000 	C:\Windows\system32\api-ms-win-downlevel-shlwapi-l1-1-0.dll
0x000007fefd990000 - 0x000007fefd994000 	C:\Windows\system32\api-ms-win-downlevel-version-l1-1-0.dll
0x000007fefd9b0000 - 0x000007fefd9b3000 	C:\Windows\system32\api-ms-win-downlevel-normaliz-l1-1-0.dll
0x0000000077a30000 - 0x0000000077a33000 	C:\Windows\system32\normaliz.DLL
0x000007fefef90000 - 0x000007feff21e000 	C:\Windows\system32\iertutil.dll
0x000007fefd9f0000 - 0x000007fefda0e000 	C:\Windows\system32\USERENV.dll
0x000007feefb70000 - 0x000007feeffe6000 	C:\Program Files\TortoiseSVN\bin\libsvn_tsvn.dll
0x0000000070ce0000 - 0x0000000070d0e000 	C:\Program Files\TortoiseSVN\bin\libapr_tsvn.dll
0x000007fef1990000 - 0x000007fef1a64000 	C:\Windows\system32\MSVCR110.dll
0x000000006d280000 - 0x000000006d2c5000 	C:\Program Files\TortoiseSVN\bin\libaprutil_tsvn.dll
0x000007fef1970000 - 0x000007fef1981000 	C:\Program Files\TortoiseSVN\bin\intl3_tsvn.dll
0x000007fef1950000 - 0x000007fef1969000 	C:\Program Files\TortoiseSVN\bin\libsasl.dll
0x000007fefd1f0000 - 0x000007fefd1fb000 	C:\Windows\system32\Secur32.dll
0x000007fef02e0000 - 0x000007fef0387000 	C:\Windows\system32\MSVCP110.dll
0x00000000708d0000 - 0x00000000708eb000 	C:\Program Files\TortoiseGit\bin\TortoiseGitStub.dll
0x000000006d1f0000 - 0x000000006d27e000 	C:\Program Files\TortoiseGit\bin\TortoiseGit.dll
0x000007fef0210000 - 0x000007fef02de000 	C:\Program Files\TortoiseGit\bin\libgit2_tgit.dll
0x000007fef1930000 - 0x000007fef1948000 	C:\Program Files\TortoiseGit\bin\zlib1_tgit.dll

VM Arguments:
jvm_args: -Xdebug -Xrunjdwp:transport=dt_socket,server=n,address=52164 -Xmx8G 
java_command: fr.ird.voxelidar.Principal
Launcher Type: SUN_STANDARD

Environment Variables:
JAVA_HOME=C:\Program Files\Java\jdk1.7.0_67
CLASSPATH=C:\Program Files\OpenNI\Bin64\org.OpenNI.jar
PATH=C:\Program Files\Java\jdk1.7.0_67\bin;C:\Python27\Lib\site-packages\PyQt4;C:\Program Files (x86)\Common Files\Intergraph\Grid Analysis SDK\1.0\Program;C:\Windows\system32;C:\Windows;C:\Windows\System32\Wbem;C:\Windows\System32\WindowsPowerShell\v1.0\;C:\Windows\Program Files (x86)\Common Files\Roxio Shared\DLLShared\;C:\Program Files (x86)\Common Files\Roxio Shared\10.0\DLLShared\;C:\Windows\Program Files\Java\jdk1.7.0_67\bin;C:\Program Files\java\ssj\lib\;C:\Program Files\MATLAB\R2010a\bin;C:\Program Files\OpenNI\Bin64;C:\Program Files\PCL 1.6.0\bin;C:\Program Files\TortoiseSVN\bin;C:\Program Files\Microsoft SQL Server\110\Tools\Binn\;C:\MinGW3\bin;C:\Program Files\TortoiseGit\bin;c:\users\julien\appdata\local\enthought\canopy\user;c:\users\julien\appdata\local\enthought\canopy\user\scripts
USERNAME=Julien
OS=Windows_NT
PROCESSOR_IDENTIFIER=Intel64 Family 6 Model 44 Stepping 2, GenuineIntel



---------------  S Y S T E M  ---------------

OS: Windows 7 , 64 bit Build 7601 Service Pack 1

CPU:total 8 (4 cores per cpu, 2 threads per core) family 6 model 44 stepping 2, cmov, cx8, fxsr, mmx, sse, sse2, sse3, ssse3, sse4.1, sse4.2, popcnt, aes, ht, tsc, tscinvbit, tscinv

Memory: 4k page, physical 25148644k(17879792k free), swap 50295424k(40998636k free)

vm_info: Java HotSpot(TM) 64-Bit Server VM (24.65-b04) for windows-amd64 JRE (1.7.0_67-b01), built on Jul 25 2014 08:55:00 by "java_re" with unknown MS VC++:1600

time: Wed Jan 21 18:18:59 2015
elapsed time: 123 seconds

