#
# A fatal error has been detected by the Java Runtime Environment:
#
#  EXCEPTION_ACCESS_VIOLATION (0xc0000005) at pc=0x00000000610b0539, pid=5776, tid=4668
#
# JRE version: Java(TM) SE Runtime Environment (7.0_67-b01) (build 1.7.0_67-b01)
# Java VM: Java HotSpot(TM) 64-Bit Server VM (24.65-b04 mixed mode windows-amd64 compressed oops)
# Problematic frame:
# C  0x00000000610b0539
#
# Failed to write core dump. Minidumps are not enabled by default on client versions of Windows
#
# If you would like to submit a bug report, please visit:
#   http://bugreport.sun.com/bugreport/crash.jsp
# The crash happened outside the Java Virtual Machine in native code.
# See problematic frame for where to report the bug.
#

---------------  T H R E A D  ---------------

Current thread (0x000000000e8e0000):  JavaThread "AWT-EventQueue-0" [_thread_in_native, id=4668, stack(0x0000000010cb0000,0x0000000010db0000)]

siginfo: ExceptionCode=0xc0000005, reading address 0x0000000000001100

Registers:
RAX=0x0000000000000000, RBX=0x000000077c0186f8, RCX=0x0000000000000003, RDX=0x0000000010dad160
RSP=0x0000000010dad098, RBP=0x0000000010dad128, RSI=0x000000000000000f, RDI=0x0000000003ece2ec
R8 =0x0000000000000003, R9 =0x00000000610b0530, R10=0x00000000027b94dd, R11=0x0000000064072a70
R12=0x0000000000000000, R13=0x000000077c0186f8, R14=0x0000000010dad160, R15=0x000000000e8e0000
RIP=0x00000000610b0539, EFLAGS=0x0000000000010202

Top of Stack: (sp=0x0000000010dad098)
0x0000000010dad098:   00000000027b9509 0000000010dad128
0x0000000010dad0a8:   0000000010dad0e8 0000000010dad128
0x0000000010dad0b8:   00000000027b90cc 000000077c0186f8
0x0000000010dad0c8:   000000000000000f 0000000003ece2ec
0x0000000010dad0d8:   00000000027c6d54 00000000027b9086
0x0000000010dad0e8:   0000000010dad0e8 000000077c0186f8
0x0000000010dad0f8:   0000000010dad160 000000077c165260
0x0000000010dad108:   0000000000000000 000000077c0186f8
0x0000000010dad118:   0000000000000000 0000000010dad148
0x0000000010dad128:   0000000010dad1a8 00000000027a6198
0x0000000010dad138:   0000000000000000 00000000027b3a58
0x0000000010dad148:   00000000610b0530 0000000010dad1a8
0x0000000010dad158:   0000000000000003 00000007841004a8
0x0000000010dad168:   0000000010dad168 000000077c01862a
0x0000000010dad178:   0000000010dad1d0 000000077c165260
0x0000000010dad188:   0000000000000000 000000077c018638 

Instructions: (pc=0x00000000610b0539)
0x00000000610b0519:   af af af af af af af c3 cc cc cc cc cc cc cc cc
0x00000000610b0529:   cc cc cc cc cc cc cc 65 48 8b 04 25 20 16 00 00
0x00000000610b0539:   ff a0 00 11 00 00 cc cc cc cc cc cc cc cc cc cc
0x00000000610b0549:   cc cc cc cc cc cc cc cc cc cc cc cc cc cc cc cc 


Register to memory mapping:

RAX=0x0000000000000000 is an unknown value
RBX=0x000000077c0186f8 is an oop
{method} 
 - klass: {other class}
RCX=0x0000000000000003 is an unknown value
RDX=0x0000000010dad160 is pointing into the stack for thread: 0x000000000e8e0000
RSP=0x0000000010dad098 is pointing into the stack for thread: 0x000000000e8e0000
RBP=0x0000000010dad128 is pointing into the stack for thread: 0x000000000e8e0000
RSI=0x000000000000000f is an unknown value
RDI=0x0000000003ece2ec is an unknown value
R8 =0x0000000000000003 is an unknown value
R9 =0x00000000610b0530 is an unknown value
R10=0x00000000027b94dd is at code_begin+1277 in an Interpreter codelet
method entry point (kind = native)  [0x00000000027b8fe0, 0x00000000027b9ea0]  3776 bytes
R11=0x0000000064072a70 is an unknown value
R12=0x0000000000000000 is an unknown value
R13=0x000000077c0186f8 is an oop
{method} 
 - klass: {other class}
R14=0x0000000010dad160 is pointing into the stack for thread: 0x000000000e8e0000
R15=0x000000000e8e0000 is a thread


Stack: [0x0000000010cb0000,0x0000000010db0000],  sp=0x0000000010dad098,  free space=1012k
Native frames: (J=compiled Java code, j=interpreted, Vv=VM code, C=native code)
C  0x00000000610b0539
j  jogamp.opengl.gl4.GL4bcImpl.glUseProgram(I)V+34
j  fr.ird.voxelidar.graphics3d.jogl.JoglListener$1.projMatrixChanged(Lfr/ird/voxelidar/math/matrix/Mat4F;)V+99
j  fr.ird.voxelidar.graphics3d.object.camera.TrackballCamera.fireProjectionMatrixChanged(Lfr/ird/voxelidar/math/matrix/Mat4F;)V+35
j  fr.ird.voxelidar.graphics3d.object.camera.TrackballCamera.updateProjMatrix()V+69
j  fr.ird.voxelidar.graphics3d.object.camera.TrackballCamera.setOrthographic(FFFFFF)V+39
j  fr.ird.voxelidar.frame.JFrameTools.jPanel21MouseClicked(Ljava/awt/event/MouseEvent;)V+141
j  fr.ird.voxelidar.frame.JFrameTools.access$1100(Lfr/ird/voxelidar/frame/JFrameTools;Ljava/awt/event/MouseEvent;)V+2
j  fr.ird.voxelidar.frame.JFrameTools$12.mouseClicked(Ljava/awt/event/MouseEvent;)V+5
j  java.awt.Component.processMouseEvent(Ljava/awt/event/MouseEvent;)V+74
j  javax.swing.JComponent.processMouseEvent(Ljava/awt/event/MouseEvent;)V+23
j  java.awt.Component.processEvent(Ljava/awt/AWTEvent;)V+81
j  java.awt.Container.processEvent(Ljava/awt/AWTEvent;)V+18
j  java.awt.Component.dispatchEventImpl(Ljava/awt/AWTEvent;)V+581
j  java.awt.Container.dispatchEventImpl(Ljava/awt/AWTEvent;)V+42
J 339 C2 java.awt.LightweightDispatcher.retargetMouseEvent(Ljava/awt/Component;ILjava/awt/event/MouseEvent;)V (350 bytes) @ 0x00000000028cb298 [0x00000000028cad40+0x558]
j  java.awt.LightweightDispatcher.processMouseEvent(Ljava/awt/event/MouseEvent;)Z+157
j  java.awt.LightweightDispatcher.dispatchEvent(Ljava/awt/AWTEvent;)Z+50
j  java.awt.Container.dispatchEventImpl(Ljava/awt/AWTEvent;)V+12
j  java.awt.Window.dispatchEventImpl(Ljava/awt/AWTEvent;)V+19
j  java.awt.Component.dispatchEvent(Ljava/awt/AWTEvent;)V+2
j  java.awt.EventQueue.dispatchEventImpl(Ljava/awt/AWTEvent;Ljava/lang/Object;)V+41
j  java.awt.EventQueue.access$200(Ljava/awt/EventQueue;Ljava/awt/AWTEvent;Ljava/lang/Object;)V+3
j  java.awt.EventQueue$3.run()Ljava/lang/Void;+12
j  java.awt.EventQueue$3.run()Ljava/lang/Object;+1
v  ~StubRoutines::call_stub

Java frames: (J=compiled Java code, j=interpreted, Vv=VM code)
j  jogamp.opengl.gl4.GL4bcImpl.dispatch_glUseProgram1(IJ)V+0
j  jogamp.opengl.gl4.GL4bcImpl.glUseProgram(I)V+34
j  fr.ird.voxelidar.graphics3d.jogl.JoglListener$1.projMatrixChanged(Lfr/ird/voxelidar/math/matrix/Mat4F;)V+99
j  fr.ird.voxelidar.graphics3d.object.camera.TrackballCamera.fireProjectionMatrixChanged(Lfr/ird/voxelidar/math/matrix/Mat4F;)V+35
j  fr.ird.voxelidar.graphics3d.object.camera.TrackballCamera.updateProjMatrix()V+69
j  fr.ird.voxelidar.graphics3d.object.camera.TrackballCamera.setOrthographic(FFFFFF)V+39
j  fr.ird.voxelidar.frame.JFrameTools.jPanel21MouseClicked(Ljava/awt/event/MouseEvent;)V+141
j  fr.ird.voxelidar.frame.JFrameTools.access$1100(Lfr/ird/voxelidar/frame/JFrameTools;Ljava/awt/event/MouseEvent;)V+2
j  fr.ird.voxelidar.frame.JFrameTools$12.mouseClicked(Ljava/awt/event/MouseEvent;)V+5
j  java.awt.Component.processMouseEvent(Ljava/awt/event/MouseEvent;)V+74
j  javax.swing.JComponent.processMouseEvent(Ljava/awt/event/MouseEvent;)V+23
j  java.awt.Component.processEvent(Ljava/awt/AWTEvent;)V+81
j  java.awt.Container.processEvent(Ljava/awt/AWTEvent;)V+18
j  java.awt.Component.dispatchEventImpl(Ljava/awt/AWTEvent;)V+581
j  java.awt.Container.dispatchEventImpl(Ljava/awt/AWTEvent;)V+42
J 339 C2 java.awt.LightweightDispatcher.retargetMouseEvent(Ljava/awt/Component;ILjava/awt/event/MouseEvent;)V (350 bytes) @ 0x00000000028cb298 [0x00000000028cad40+0x558]
j  java.awt.LightweightDispatcher.processMouseEvent(Ljava/awt/event/MouseEvent;)Z+157
j  java.awt.LightweightDispatcher.dispatchEvent(Ljava/awt/AWTEvent;)Z+50
j  java.awt.Container.dispatchEventImpl(Ljava/awt/AWTEvent;)V+12
j  java.awt.Window.dispatchEventImpl(Ljava/awt/AWTEvent;)V+19
j  java.awt.Component.dispatchEvent(Ljava/awt/AWTEvent;)V+2
j  java.awt.EventQueue.dispatchEventImpl(Ljava/awt/AWTEvent;Ljava/lang/Object;)V+41
j  java.awt.EventQueue.access$200(Ljava/awt/EventQueue;Ljava/awt/AWTEvent;Ljava/lang/Object;)V+3
j  java.awt.EventQueue$3.run()Ljava/lang/Void;+12
j  java.awt.EventQueue$3.run()Ljava/lang/Object;+1
v  ~StubRoutines::call_stub
j  java.security.AccessController.doPrivileged(Ljava/security/PrivilegedAction;Ljava/security/AccessControlContext;)Ljava/lang/Object;+0
j  java.security.ProtectionDomain$1.doIntersectionPrivilege(Ljava/security/PrivilegedAction;Ljava/security/AccessControlContext;Ljava/security/AccessControlContext;)Ljava/lang/Object;+28
j  java.security.ProtectionDomain$1.doIntersectionPrivilege(Ljava/security/PrivilegedAction;Ljava/security/AccessControlContext;)Ljava/lang/Object;+6
j  java.awt.EventQueue$4.run()Ljava/lang/Void;+11
j  java.awt.EventQueue$4.run()Ljava/lang/Object;+1
v  ~StubRoutines::call_stub
j  java.security.AccessController.doPrivileged(Ljava/security/PrivilegedAction;Ljava/security/AccessControlContext;)Ljava/lang/Object;+0
J 542 C2 java.awt.EventDispatchThread.pumpOneEventForFilters(I)V (295 bytes) @ 0x00000000029a381c [0x00000000029a23e0+0x143c]
j  java.awt.EventDispatchThread.pumpEventsForFilter(ILjava/awt/Conditional;Ljava/awt/EventFilter;)V+35
j  java.awt.EventDispatchThread.pumpEventsForHierarchy(ILjava/awt/Conditional;Ljava/awt/Component;)V+11
j  java.awt.EventDispatchThread.pumpEvents(ILjava/awt/Conditional;)V+4
j  java.awt.EventDispatchThread.pumpEvents(Ljava/awt/Conditional;)V+3
j  java.awt.EventDispatchThread.run()V+9
v  ~StubRoutines::call_stub

---------------  P R O C E S S  ---------------

Java Threads: ( => current thread )
  0x0000000013bfc800 JavaThread "SwingWorker-pool-2-thread-1" daemon [_thread_blocked, id=4260, stack(0x0000000015190000,0x0000000015290000)]
  0x000000000ef08000 JavaThread "AWT-EventQueue-0-FPSAWTAnimator-Timer0" [_thread_blocked, id=3336, stack(0x00000000186e0000,0x00000000187e0000)]
  0x000000000ea58800 JavaThread "AWT-EventQueue-0-Display-.windows_nil-1-EDT-1" daemon [_thread_blocked, id=7128, stack(0x0000000017390000,0x0000000017490000)]
  0x000000000ee4d000 JavaThread "AWT-EventQueue-0-SharedResourceRunner" daemon [_thread_blocked, id=592, stack(0x00000000171f0000,0x00000000172f0000)]
  0x000000000ed11000 JavaThread "D3D Screen Updater" daemon [_thread_blocked, id=3148, stack(0x0000000014d30000,0x0000000014e30000)]
  0x00000000022ea000 JavaThread "DestroyJavaVM" [_thread_blocked, id=5988, stack(0x00000000026a0000,0x00000000027a0000)]
  0x000000000ee26800 JavaThread "TimerQueue" daemon [_thread_blocked, id=3688, stack(0x00000000146d0000,0x00000000147d0000)]
  0x000000000e979000 JavaThread "org.netbeans.modules.debugger.jpda.visual AWT Access Loop" daemon [_thread_blocked, id=3584, stack(0x0000000012950000,0x0000000012a50000)]
  0x000000000e917800 JavaThread "Swing-Shell" daemon [_thread_blocked, id=7072, stack(0x00000000123e0000,0x00000000124e0000)]
=>0x000000000e8e0000 JavaThread "AWT-EventQueue-0" [_thread_in_native, id=4668, stack(0x0000000010cb0000,0x0000000010db0000)]
  0x000000000c4f5800 JavaThread "AWT-Windows" daemon [_thread_in_native, id=4336, stack(0x000000000f3a0000,0x000000000f4a0000)]
  0x000000000c4f4800 JavaThread "AWT-Shutdown" [_thread_blocked, id=3280, stack(0x000000000f1c0000,0x000000000f2c0000)]
  0x000000000c4f4000 JavaThread "Java2D Disposer" daemon [_thread_blocked, id=2744, stack(0x000000000f060000,0x000000000f160000)]
  0x000000000c2c5000 JavaThread "Service Thread" daemon [_thread_blocked, id=2568, stack(0x000000000e5f0000,0x000000000e6f0000)]
  0x000000000c2c4000 JavaThread "C2 CompilerThread1" daemon [_thread_blocked, id=1588, stack(0x000000000e3d0000,0x000000000e4d0000)]
  0x000000000c2c1800 JavaThread "C2 CompilerThread0" daemon [_thread_blocked, id=5256, stack(0x000000000e1b0000,0x000000000e2b0000)]
  0x000000000c2a5800 JavaThread "JDWP Command Reader" daemon [_thread_in_native, id=6948, stack(0x000000000e090000,0x000000000e190000)]
  0x000000000c2a1000 JavaThread "JDWP Event Helper Thread" daemon [_thread_blocked, id=5220, stack(0x000000000dee0000,0x000000000dfe0000)]
  0x000000000b0ef000 JavaThread "JDWP Transport Listener: dt_socket" daemon [_thread_blocked, id=2880, stack(0x000000000d1b0000,0x000000000d2b0000)]
  0x000000000b0e8000 JavaThread "Attach Listener" daemon [_thread_blocked, id=6872, stack(0x000000000d990000,0x000000000da90000)]
  0x000000000b0e7000 JavaThread "Signal Dispatcher" daemon [_thread_blocked, id=5016, stack(0x000000000d800000,0x000000000d900000)]
  0x000000000237e800 JavaThread "Finalizer" daemon [_thread_blocked, id=6392, stack(0x000000000d6d0000,0x000000000d7d0000)]
  0x0000000002378000 JavaThread "Reference Handler" daemon [_thread_blocked, id=3540, stack(0x000000000d520000,0x000000000d620000)]

Other Threads:
  0x000000000c253800 VMThread [stack: 0x000000000d330000,0x000000000d430000] [id=196]
  0x000000000c2d7800 WatcherThread [stack: 0x000000000e700000,0x000000000e800000] [id=3300]

VM state:not at safepoint (normal execution)

VM Mutex/Monitor currently owned by a thread: None

Heap
 PSYoungGen      total 434176K, used 155865K [0x00000007d5500000, 0x00000007f8e00000, 0x0000000800000000)
  eden space 351744K, 20% used [0x00000007d5500000,0x00000007d9cbc1b8,0x00000007eac80000)
  from space 82432K, 99% used [0x00000007f1280000,0x00000007f62fa428,0x00000007f6300000)
  to   space 104448K, 0% used [0x00000007eac80000,0x00000007eac80000,0x00000007f1280000)
 ParOldGen       total 261632K, used 79247K [0x0000000780000000, 0x000000078ff80000, 0x00000007d5500000)
  object space 261632K, 30% used [0x0000000780000000,0x0000000784d63d20,0x000000078ff80000)
 PSPermGen       total 22528K, used 22361K [0x000000077ae00000, 0x000000077c400000, 0x0000000780000000)
  object space 22528K, 99% used [0x000000077ae00000,0x000000077c3d6638,0x000000077c400000)

Card table byte_map: [0x00000000057a0000,0x0000000005bd0000] byte_map_base: 0x0000000001bc9000

Polling page: 0x0000000000130000

Code Cache  [0x00000000027a0000, 0x0000000002a10000, 0x00000000057a0000)
 total_blobs=1315 nmethods=505 adapters=771 free_code_cache=47152Kb largest_free_block=48185408

Compilation events (10 events):
Event: 31.977 Thread 0x000000000c2c1800  539             javax.swing.JComponent::getX (5 bytes)
Event: 31.977 Thread 0x000000000c2c4000  540             javax.swing.JComponent::getY (5 bytes)
Event: 31.977 Thread 0x000000000c2c1800 nmethod 539 0x000000000283dc90 code [0x000000000283ddc0, 0x000000000283de18]
Event: 31.977 Thread 0x000000000c2c4000 nmethod 540 0x0000000002978290 code [0x00000000029783c0, 0x0000000002978418]
Event: 32.259 Thread 0x000000000c2c1800  541             javax.swing.SwingUtilities::getWindowAncestor (31 bytes)
Event: 32.259 Thread 0x000000000c2c4000  542   !         java.awt.EventDispatchThread::pumpOneEventForFilters (295 bytes)
Event: 32.260 Thread 0x000000000c2c1800 nmethod 541 0x0000000002977e90 code [0x0000000002977fe0, 0x00000000029780b8]
Event: 32.400 Thread 0x000000000c2c4000 nmethod 542 0x00000000029a1e10 code [0x00000000029a23e0, 0x00000000029a6c08]
Event: 32.957 Thread 0x000000000c2c1800  543             sun.java2d.pipe.RenderQueue::getBuffer (5 bytes)
Event: 32.957 Thread 0x000000000c2c1800 nmethod 543 0x0000000002872a50 code [0x0000000002872b80, 0x0000000002872bf8]

GC Heap History (10 events):
Event: 14.100 GC heap before
{Heap before GC invocations=4 (full 0):
 PSYoungGen      total 114688K, used 114683K [0x00000007d5500000, 0x00000007dd500000, 0x0000000800000000)
  eden space 98304K, 100% used [0x00000007d5500000,0x00000007db500000,0x00000007db500000)
  from space 16384K, 99% used [0x00000007db500000,0x00000007dc4feea8,0x00000007dc500000)
  to   space 16384K, 0% used [0x00000007dc500000,0x00000007dc500000,0x00000007dd500000)
 ParOldGen       total 261632K, used 328K [0x0000000780000000, 0x000000078ff80000, 0x00000007d5500000)
  object space 261632K, 0% used [0x0000000780000000,0x0000000780052300,0x000000078ff80000)
 PSPermGen       total 22528K, used 22067K [0x000000077ae00000, 0x000000077c400000, 0x0000000780000000)
  object space 22528K, 97% used [0x000000077ae00000,0x000000077c38cc08,0x000000077c400000)
Event: 14.121 GC heap after
Heap after GC invocations=4 (full 0):
 PSYoungGen      total 114688K, used 16357K [0x00000007d5500000, 0x00000007e3500000, 0x0000000800000000)
  eden space 98304K, 0% used [0x00000007d5500000,0x00000007d5500000,0x00000007db500000)
  from space 16384K, 99% used [0x00000007dc500000,0x00000007dd4f9788,0x00000007dd500000)
  to   space 16384K, 0% used [0x00000007db500000,0x00000007db500000,0x00000007dc500000)
 ParOldGen       total 261632K, used 5160K [0x0000000780000000, 0x000000078ff80000, 0x00000007d5500000)
  object space 261632K, 1% used [0x0000000780000000,0x000000078050a300,0x000000078ff80000)
 PSPermGen       total 22528K, used 22067K [0x000000077ae00000, 0x000000077c400000, 0x0000000780000000)
  object space 22528K, 97% used [0x000000077ae00000,0x000000077c38cc08,0x000000077c400000)
}
Event: 14.229 GC heap before
{Heap before GC invocations=5 (full 0):
 PSYoungGen      total 114688K, used 114661K [0x00000007d5500000, 0x00000007e3500000, 0x0000000800000000)
  eden space 98304K, 100% used [0x00000007d5500000,0x00000007db500000,0x00000007db500000)
  from space 16384K, 99% used [0x00000007dc500000,0x00000007dd4f9788,0x00000007dd500000)
  to   space 16384K, 0% used [0x00000007db500000,0x00000007db500000,0x00000007dc500000)
 ParOldGen       total 261632K, used 5160K [0x0000000780000000, 0x000000078ff80000, 0x00000007d5500000)
  object space 261632K, 1% used [0x0000000780000000,0x000000078050a300,0x000000078ff80000)
 PSPermGen       total 22528K, used 22074K [0x000000077ae00000, 0x000000077c400000, 0x0000000780000000)
  object space 22528K, 97% used [0x000000077ae00000,0x000000077c38eb50,0x000000077c400000)
Event: 14.279 GC heap after
Heap after GC invocations=5 (full 0):
 PSYoungGen      total 114688K, used 16357K [0x00000007d5500000, 0x00000007e6900000, 0x0000000800000000)
  eden space 98304K, 0% used [0x00000007d5500000,0x00000007d5500000,0x00000007db500000)
  from space 16384K, 99% used [0x00000007db500000,0x00000007dc4f9650,0x00000007dc500000)
  to   space 43008K, 0% used [0x00000007e3f00000,0x00000007e3f00000,0x00000007e6900000)
 ParOldGen       total 261632K, used 29880K [0x0000000780000000, 0x000000078ff80000, 0x00000007d5500000)
  object space 261632K, 11% used [0x0000000780000000,0x0000000781d2e300,0x000000078ff80000)
 PSPermGen       total 22528K, used 22074K [0x000000077ae00000, 0x000000077c400000, 0x0000000780000000)
  object space 22528K, 97% used [0x000000077ae00000,0x000000077c38eb50,0x000000077c400000)
}
Event: 14.389 GC heap before
{Heap before GC invocations=6 (full 0):
 PSYoungGen      total 114688K, used 114661K [0x00000007d5500000, 0x00000007e6900000, 0x0000000800000000)
  eden space 98304K, 100% used [0x00000007d5500000,0x00000007db500000,0x00000007db500000)
  from space 16384K, 99% used [0x00000007db500000,0x00000007dc4f9650,0x00000007dc500000)
  to   space 43008K, 0% used [0x00000007e3f00000,0x00000007e3f00000,0x00000007e6900000)
 ParOldGen       total 261632K, used 29880K [0x0000000780000000, 0x000000078ff80000, 0x00000007d5500000)
  object space 261632K, 11% used [0x0000000780000000,0x0000000781d2e300,0x000000078ff80000)
 PSPermGen       total 22528K, used 22076K [0x000000077ae00000, 0x000000077c400000, 0x0000000780000000)
  object space 22528K, 97% used [0x000000077ae00000,0x000000077c38f170,0x000000077c400000)
Event: 14.430 GC heap after
Heap after GC invocations=6 (full 0):
 PSYoungGen      total 229888K, used 41134K [0x00000007d5500000, 0x00000007e7c00000, 0x0000000800000000)
  eden space 186880K, 0% used [0x00000007d5500000,0x00000007d5500000,0x00000007e0b80000)
  from space 43008K, 95% used [0x00000007e3f00000,0x00000007e672ba58,0x00000007e6900000)
  to   space 52736K, 0% used [0x00000007e0b80000,0x00000007e0b80000,0x00000007e3f00000)
 ParOldGen       total 261632K, used 29888K [0x0000000780000000, 0x000000078ff80000, 0x00000007d5500000)
  object space 261632K, 11% used [0x0000000780000000,0x0000000781d30300,0x000000078ff80000)
 PSPermGen       total 22528K, used 22076K [0x000000077ae00000, 0x000000077c400000, 0x0000000780000000)
  object space 22528K, 97% used [0x000000077ae00000,0x000000077c38f170,0x000000077c400000)
}
Event: 14.679 GC heap before
{Heap before GC invocations=7 (full 0):
 PSYoungGen      total 229888K, used 228014K [0x00000007d5500000, 0x00000007e7c00000, 0x0000000800000000)
  eden space 186880K, 100% used [0x00000007d5500000,0x00000007e0b80000,0x00000007e0b80000)
  from space 43008K, 95% used [0x00000007e3f00000,0x00000007e672ba58,0x00000007e6900000)
  to   space 52736K, 0% used [0x00000007e0b80000,0x00000007e0b80000,0x00000007e3f00000)
 ParOldGen       total 261632K, used 29888K [0x0000000780000000, 0x000000078ff80000, 0x00000007d5500000)
  object space 261632K, 11% used [0x0000000780000000,0x0000000781d30300,0x000000078ff80000)
 PSPermGen       total 22528K, used 22078K [0x000000077ae00000, 0x000000077c400000, 0x0000000780000000)
  object space 22528K, 98% used [0x000000077ae00000,0x000000077c38fa60,0x000000077c400000)
Event: 14.766 GC heap after
Heap after GC invocations=7 (full 0):
 PSYoungGen      total 239616K, used 52723K [0x00000007d5500000, 0x00000007f6300000, 0x0000000800000000)
  eden space 186880K, 0% used [0x00000007d5500000,0x00000007d5500000,0x00000007e0b80000)
  from space 52736K, 99% used [0x00000007e0b80000,0x00000007e3efcd10,0x00000007e3f00000)
  to   space 82432K, 0% used [0x00000007f1280000,0x00000007f1280000,0x00000007f6300000)
 ParOldGen       total 261632K, used 66404K [0x0000000780000000, 0x000000078ff80000, 0x00000007d5500000)
  object space 261632K, 25% used [0x0000000780000000,0x00000007840d90b8,0x000000078ff80000)
 PSPermGen       total 22528K, used 22078K [0x000000077ae00000, 0x000000077c400000, 0x0000000780000000)
  object space 22528K, 98% used [0x000000077ae00000,0x000000077c38fa60,0x000000077c400000)
}
Event: 15.119 GC heap before
{Heap before GC invocations=8 (full 0):
 PSYoungGen      total 239616K, used 239603K [0x00000007d5500000, 0x00000007f6300000, 0x0000000800000000)
  eden space 186880K, 100% used [0x00000007d5500000,0x00000007e0b80000,0x00000007e0b80000)
  from space 52736K, 99% used [0x00000007e0b80000,0x00000007e3efcd10,0x00000007e3f00000)
  to   space 82432K, 0% used [0x00000007f1280000,0x00000007f1280000,0x00000007f6300000)
 ParOldGen       total 261632K, used 66404K [0x0000000780000000, 0x000000078ff80000, 0x00000007d5500000)
  object space 261632K, 25% used [0x0000000780000000,0x00000007840d90b8,0x000000078ff80000)
 PSPermGen       total 22528K, used 22096K [0x000000077ae00000, 0x000000077c400000, 0x0000000780000000)
  object space 22528K, 98% used [0x000000077ae00000,0x000000077c394168,0x000000077c400000)
Event: 15.196 GC heap after
Heap after GC invocations=8 (full 0):
 PSYoungGen      total 434176K, used 82409K [0x00000007d5500000, 0x00000007f8e00000, 0x0000000800000000)
  eden space 351744K, 0% used [0x00000007d5500000,0x00000007d5500000,0x00000007eac80000)
  from space 82432K, 99% used [0x00000007f1280000,0x00000007f62fa428,0x00000007f6300000)
  to   space 104448K, 0% used [0x00000007eac80000,0x00000007eac80000,0x00000007f1280000)
 ParOldGen       total 261632K, used 79247K [0x0000000780000000, 0x000000078ff80000, 0x00000007d5500000)
  object space 261632K, 30% used [0x0000000780000000,0x0000000784d63d20,0x000000078ff80000)
 PSPermGen       total 22528K, used 22096K [0x000000077ae00000, 0x000000077c400000, 0x0000000780000000)
  object space 22528K, 98% used [0x000000077ae00000,0x000000077c394168,0x000000077c400000)
}

Deoptimization events (10 events):
Event: 14.948 Thread 0x0000000013bfc800 Uncommon trap: reason=unreached action=reinterpret pc=0x0000000002962854 method=fr.ird.voxelidar.graphics3d.object.voxelspace.VoxelSpace.readVoxelFormat2(Ljava/io/File;)V @ 160
Event: 15.331 Thread 0x0000000013bfc800 Uncommon trap: reason=unloaded action=reinterpret pc=0x000000000296e094 method=fr.ird.voxelidar.graphics3d.object.voxelspace.VoxelSpace.updateValue(Lfr/ird/voxelidar/graphics3d/mesh/Attribut;)V @ 318
Event: 15.353 Thread 0x0000000013bfc800 Uncommon trap: reason=intrinsic action=make_not_entrant pc=0x000000000297dc70 method=fr.ird.voxelidar.util.StandardDeviation.getFromFloatArray([F)F @ 58
Event: 15.479 Thread 0x000000000ee26800 Uncommon trap: reason=unreached action=reinterpret pc=0x000000000289d8f0 method=java.util.concurrent.locks.AbstractQueuedSynchronizer$ConditionObject.addConditionWaiter()Ljava/util/concurrent/locks/AbstractQueuedSynchronizer$Node; @ 6
Event: 17.164 Thread 0x000000000ea58800 Uncommon trap: reason=unreached action=reinterpret pc=0x000000000283ed38 method=java.lang.String.valueOf(Ljava/lang/Object;)Ljava/lang/String; @ 1
Event: 18.625 Thread 0x000000000ef08000 Uncommon trap: reason=unreached action=reinterpret pc=0x000000000282f320 method=java.lang.String.valueOf(Ljava/lang/Object;)Ljava/lang/String; @ 1
Event: 29.217 Thread 0x000000000ef08000 Uncommon trap: reason=class_check action=maybe_recompile pc=0x000000000285f504 method=javax.swing.event.EventListenerList.getListeners(Ljava/lang/Class;)[Ljava/util/EventListener; @ 17
Event: 29.218 Thread 0x000000000ef08000 Uncommon trap: reason=class_check action=maybe_recompile pc=0x000000000285f504 method=javax.swing.event.EventListenerList.getListeners(Ljava/lang/Class;)[Ljava/util/EventListener; @ 17
Event: 29.219 Thread 0x000000000ef08000 Uncommon trap: reason=class_check action=maybe_recompile pc=0x000000000285f504 method=javax.swing.event.EventListenerList.getListeners(Ljava/lang/Class;)[Ljava/util/EventListener; @ 17
Event: 31.081 Thread 0x000000000ef08000 Uncommon trap: reason=class_check action=maybe_recompile pc=0x000000000285f504 method=javax.swing.event.EventListenerList.getListeners(Ljava/lang/Class;)[Ljava/util/EventListener; @ 17

Internal exceptions (10 events):
Event: 29.032 Thread 0x000000000ef08000 Threw 0x00000007d94e4ed8 at C:\re\jdk7u67\1368\hotspot\src\share\vm\prims\jvm.cpp:1244
Event: 29.033 Thread 0x000000000ef08000 Threw 0x00000007d94ebb50 at C:\re\jdk7u67\1368\hotspot\src\share\vm\prims\jvm.cpp:1244
Event: 29.035 Thread 0x000000000ef08000 Threw 0x00000007d94f1b98 at C:\re\jdk7u67\1368\hotspot\src\share\vm\prims\jvm.cpp:1244
Event: 29.035 Thread 0x000000000ef08000 Threw 0x00000007d94f6b48 at C:\re\jdk7u67\1368\hotspot\src\share\vm\prims\jvm.cpp:1244
Event: 29.036 Thread 0x000000000ef08000 Threw 0x00000007d94fbf90 at C:\re\jdk7u67\1368\hotspot\src\share\vm\prims\jvm.cpp:1244
Event: 29.132 Thread 0x000000000ef08000 Threw 0x00000007d95b92f8 at C:\re\jdk7u67\1368\hotspot\src\share\vm\prims\jvm.cpp:1244
Event: 29.132 Thread 0x000000000ef08000 Threw 0x00000007d95bb3b0 at C:\re\jdk7u67\1368\hotspot\src\share\vm\prims\jvm.cpp:1244
Event: 29.133 Thread 0x000000000ef08000 Threw 0x00000007d95bee20 at C:\re\jdk7u67\1368\hotspot\src\share\vm\prims\jvm.cpp:1244
Event: 29.134 Thread 0x000000000ef08000 Threw 0x00000007d95c2848 at C:\re\jdk7u67\1368\hotspot\src\share\vm\prims\jvm.cpp:1244
Event: 32.869 Thread 0x000000000e8e0000 Threw 0x00000007d9c5b5e8 at C:\re\jdk7u67\1368\hotspot\src\share\vm\prims\jvm.cpp:1244

Events (10 events):
Event: 47.212 Executing VM operation: ChangeSingleStep
Event: 47.212 Executing VM operation: ChangeSingleStep done
Event: 47.212 Executing VM operation: ChangeSingleStep
Event: 47.212 Executing VM operation: ChangeSingleStep done
Event: 47.212 Executing VM operation: GetCurrentLocation
Event: 47.212 Executing VM operation: GetCurrentLocation done
Event: 47.212 Executing VM operation: ChangeSingleStep
Event: 47.212 Executing VM operation: ChangeSingleStep done
Event: 47.212 Executing VM operation: ChangeSingleStep
Event: 47.212 Executing VM operation: ChangeSingleStep done


Dynamic libraries:
0x000000013f580000 - 0x000000013f5b3000 	C:\Program Files\Java\jdk1.7.0_67\bin\java.exe
0x0000000076cb0000 - 0x0000000076e59000 	C:\Windows\SYSTEM32\ntdll.dll
0x0000000076b90000 - 0x0000000076caf000 	C:\Windows\system32\kernel32.dll
0x000007fefcba0000 - 0x000007fefcc0c000 	C:\Windows\system32\KERNELBASE.dll
0x000007fefea70000 - 0x000007fefeb4b000 	C:\Windows\system32\ADVAPI32.dll
0x000007fefd0c0000 - 0x000007fefd15f000 	C:\Windows\system32\msvcrt.dll
0x000007fefec10000 - 0x000007fefec2f000 	C:\Windows\SYSTEM32\sechost.dll
0x000007fefd160000 - 0x000007fefd28d000 	C:\Windows\system32\RPCRT4.dll
0x0000000076a90000 - 0x0000000076b8a000 	C:\Windows\system32\USER32.dll
0x000007fefd290000 - 0x000007fefd2f7000 	C:\Windows\system32\GDI32.dll
0x000007fefd660000 - 0x000007fefd66e000 	C:\Windows\system32\LPK.dll
0x000007fefd300000 - 0x000007fefd3c9000 	C:\Windows\system32\USP10.dll
0x000007fefb1f0000 - 0x000007fefb3e4000 	C:\Windows\WinSxS\amd64_microsoft.windows.common-controls_6595b64144ccf1df_6.0.7601.17514_none_fa396087175ac9ac\COMCTL32.dll
0x000007fefe9f0000 - 0x000007fefea61000 	C:\Windows\system32\SHLWAPI.dll
0x000007fefebc0000 - 0x000007fefebee000 	C:\Windows\system32\IMM32.DLL
0x000007fefe630000 - 0x000007fefe739000 	C:\Windows\system32\MSCTF.dll
0x0000000065db0000 - 0x0000000065e82000 	C:\Program Files\Java\jdk1.7.0_67\jre\bin\msvcr100.dll
0x0000000063e90000 - 0x0000000064662000 	C:\Program Files\Java\jdk1.7.0_67\jre\bin\server\jvm.dll
0x000007fef9f20000 - 0x000007fef9f29000 	C:\Windows\system32\WSOCK32.dll
0x000007fefeef0000 - 0x000007fefef3d000 	C:\Windows\system32\WS2_32.dll
0x000007fefebb0000 - 0x000007fefebb8000 	C:\Windows\system32\NSI.dll
0x000007fef9510000 - 0x000007fef954b000 	C:\Windows\system32\WINMM.dll
0x0000000076e70000 - 0x0000000076e77000 	C:\Windows\system32\PSAPI.DLL
0x0000000068f20000 - 0x0000000068f2f000 	C:\Program Files\Java\jdk1.7.0_67\jre\bin\verify.dll
0x0000000065d40000 - 0x0000000065d68000 	C:\Program Files\Java\jdk1.7.0_67\jre\bin\java.dll
0x0000000063e50000 - 0x0000000063e85000 	C:\Program Files\Java\jdk1.7.0_67\jre\bin\jdwp.dll
0x0000000073600000 - 0x0000000073608000 	C:\Program Files\Java\jdk1.7.0_67\jre\bin\npt.dll
0x0000000065b80000 - 0x0000000065b95000 	C:\Program Files\Java\jdk1.7.0_67\jre\bin\zip.dll
0x00000000735f0000 - 0x00000000735f9000 	C:\Program Files\Java\jdk1.7.0_67\jre\bin\dt_socket.dll
0x000007fefc1e0000 - 0x000007fefc235000 	C:\Windows\system32\mswsock.dll
0x000007fefbc50000 - 0x000007fefbc57000 	C:\Windows\System32\wshtcpip.dll
0x0000000065430000 - 0x00000000655c5000 	C:\Program Files\Java\jdk1.7.0_67\jre\bin\awt.dll
0x000007fefee10000 - 0x000007fefeee7000 	C:\Windows\system32\OLEAUT32.dll
0x000007fefe740000 - 0x000007fefe943000 	C:\Windows\system32\ole32.dll
0x000007fefa810000 - 0x000007fefa828000 	C:\Windows\system32\DWMAPI.DLL
0x000007fefaf90000 - 0x000007fefafe6000 	C:\Windows\system32\uxtheme.dll
0x000007fefc950000 - 0x000007fefc95f000 	C:\Windows\system32\CRYPTBASE.dll
0x000007fee9770000 - 0x000007fee996f000 	C:\Windows\system32\d3d9.dll
0x000007fefbf60000 - 0x000007fefbf6c000 	C:\Windows\system32\VERSION.dll
0x000007fef9db0000 - 0x000007fef9db7000 	C:\Windows\system32\d3d8thk.dll
0x000007fee3f60000 - 0x000007fee5015000 	C:\Windows\system32\nvd3dumx.dll
0x000007fefb5f0000 - 0x000007fefb61c000 	C:\Windows\system32\powrprof.dll
0x000007fefec30000 - 0x000007fefee07000 	C:\Windows\system32\SETUPAPI.dll
0x000007fefcce0000 - 0x000007fefcd16000 	C:\Windows\system32\CFGMGR32.dll
0x000007fefccc0000 - 0x000007fefccda000 	C:\Windows\system32\DEVOBJ.dll
0x000007fee8890000 - 0x000007fee89fa000 	C:\Program Files (x86)\NVIDIA Corporation\3D Vision\nvSCPAPI64.dll
0x000007fefd670000 - 0x000007fefe3f8000 	C:\Windows\system32\SHELL32.dll
0x000007fef8fe0000 - 0x000007fef9313000 	C:\Windows\system32\nvapi64.dll
0x000007fefcb60000 - 0x000007fefcb9a000 	C:\Windows\system32\WINTRUST.dll
0x000007fefcd40000 - 0x000007fefceac000 	C:\Windows\system32\CRYPT32.dll
0x000007fefcaf0000 - 0x000007fefcaff000 	C:\Windows\system32\MSASN1.dll
0x000007fef93a0000 - 0x000007fef9440000 	C:\Windows\WinSxS\amd64_microsoft.windows.common-controls_6595b64144ccf1df_5.82.7601.18201_none_a4d3b9377117c3df\comctl32.dll
0x00000000653e0000 - 0x0000000065427000 	C:\Program Files\Java\jdk1.7.0_67\jre\bin\fontmanager.dll
0x0000000065630000 - 0x0000000065649000 	C:\Program Files\Java\jdk1.7.0_67\jre\bin\net.dll
0x000007fefc2e0000 - 0x000007fefc2e7000 	C:\Windows\System32\wship6.dll
0x00000000655d0000 - 0x00000000655e1000 	C:\Program Files\Java\jdk1.7.0_67\jre\bin\nio.dll
0x0000000065390000 - 0x00000000653d1000 	C:\Program Files\Java\jdk1.7.0_67\jre\bin\t2k.dll
0x000007fefe950000 - 0x000007fefe9e9000 	C:\Windows\system32\CLBCatQ.DLL
0x000007fefb470000 - 0x000007fefb59c000 	C:\Windows\system32\propsys.dll
0x000007fefb3f0000 - 0x000007fefb41d000 	C:\Windows\system32\ntmarta.dll
0x000007fefeb50000 - 0x000007fefeba2000 	C:\Windows\system32\WLDAP32.dll
0x000007fefc8f0000 - 0x000007fefc947000 	C:\Windows\system32\apphelp.dll
0x000007fef51d0000 - 0x000007fef536c000 	C:\Windows\system32\NetworkExplorer.dll
0x000007fef5630000 - 0x000007fef5664000 	C:\Windows\System32\shdocvw.dll
0x000007fefcb00000 - 0x000007fefcb0f000 	C:\Windows\system32\profapi.dll
0x000007fefb020000 - 0x000007fefb02b000 	C:\Windows\system32\slc.dll
0x000007fef9f30000 - 0x000007fef9f48000 	C:\Windows\system32\MPR.dll
0x00000000711c0000 - 0x00000000711d2000 	C:\Windows\system32\snacnp.dll
0x000007fef8ee0000 - 0x000007fef8fd7000 	C:\Windows\system32\ncnetprovider.dll
0x000007fef9f50000 - 0x000007fef9f6e000 	C:\Windows\system32\NCLangID.dll
0x000007fef8c30000 - 0x000007fef8c5c000 	C:\Windows\system32\MAPBASE.dll
0x0000000050d20000 - 0x0000000050d67000 	C:\Windows\system32\CALWIN32.DLL
0x0000000005e80000 - 0x0000000005ea1000 	C:\Windows\system32\CLNWIN32.DLL
0x0000000050df0000 - 0x0000000050e22000 	C:\Windows\system32\LOCWIN32.DLL
0x0000000005fc0000 - 0x0000000006005000 	C:\Windows\system32\NCPWIN32.dll
0x0000000050da0000 - 0x0000000050db3000 	C:\Windows\system32\CLXWIN32.DLL
0x000000000d2b0000 - 0x000000000d2f5000 	C:\Windows\system32\NETWIN32.DLL
0x000007fef8be0000 - 0x000007fef8c25000 	C:\Windows\system32\NWSHLXNT.dll
0x000007fefa2d0000 - 0x000007fefa2e6000 	C:\Windows\system32\NETAPI32.dll
0x000007fefa2c0000 - 0x000007fefa2cc000 	C:\Windows\system32\netutils.dll
0x000007fefc590000 - 0x000007fefc5b3000 	C:\Windows\system32\srvcli.dll
0x000007fefa290000 - 0x000007fefa2a5000 	C:\Windows\system32\wkscli.dll
0x000007fefa050000 - 0x000007fefa064000 	C:\Windows\system32\SAMCLI.DLL
0x000007fef8bc0000 - 0x000007fef8bd2000 	C:\Windows\system32\BROWCLI.DLL
0x000007fefbd30000 - 0x000007fefbd41000 	C:\Windows\system32\WTSAPI32.dll
0x0000000074620000 - 0x0000000074625000 	C:\Windows\system32\nls\FRANCAIS\NCLangIDR.DLL
0x00000000738b0000 - 0x00000000738c7000 	C:\Windows\system32\nls\FRANCAIS\MAPBASER.DLL
0x0000000073890000 - 0x00000000738aa000 	C:\Windows\system32\nls\FRANCAIS\NWSHLXNTR.DLL
0x0000000073170000 - 0x00000000731ec000 	C:\Windows\system32\nls\FRANCAIS\ncnetproviderR.DLL
0x000007fefc8c0000 - 0x000007fefc8e5000 	C:\Windows\system32\SspiCli.dll
0x000007fef51c0000 - 0x000007fef51ca000 	C:\Windows\System32\drprov.dll
0x000007fefc960000 - 0x000007fefc99d000 	C:\Windows\System32\WINSTA.dll
0x000007fef5190000 - 0x000007fef51b2000 	C:\Windows\System32\ntlanman.dll
0x000007fef5170000 - 0x000007fef518d000 	C:\Windows\System32\davclnt.dll
0x000007fef5160000 - 0x000007fef516a000 	C:\Windows\System32\DAVHLPR.dll
0x000007fef5a40000 - 0x000007fef5a4f000 	C:\Windows\system32\cscapi.dll
0x000007feee5b0000 - 0x000007feee821000 	C:\Windows\system32\wpdshext.dll
0x000007fefaa50000 - 0x000007fefac66000 	C:\Windows\WinSxS\amd64_microsoft.windows.gdiplus_6595b64144ccf1df_1.1.7601.18455_none_2b283fd671e9bf4d\gdiplus.dll
0x000007fef4940000 - 0x000007fef49fd000 	C:\Windows\system32\PortableDeviceApi.dll
0x000007fef5910000 - 0x000007fef5945000 	C:\Windows\system32\EhStorShell.dll
0x000007fef5570000 - 0x000007fef5597000 	C:\Windows\system32\EhStorAPI.dll
0x000007fef5620000 - 0x000007fef562c000 	C:\Windows\system32\LINKINFO.dll
0x000007fefa470000 - 0x000007fefa5d1000 	C:\Windows\system32\WindowsCodecs.dll
0x0000000073410000 - 0x0000000073426000 	C:\Program Files\Common Files\TortoiseOverlays\TortoiseOverlays.dll
0x0000000073250000 - 0x0000000073267000 	C:\Program Files\TortoiseSVN\bin\TortoiseStub.dll
0x0000000071780000 - 0x00000000717fd000 	C:\Program Files\TortoiseSVN\bin\TortoiseSVN.dll
0x000007fefe400000 - 0x000007fefe62c000 	C:\Windows\system32\WININET.dll
0x000007fefcd20000 - 0x000007fefcd24000 	C:\Windows\system32\api-ms-win-downlevel-user32-l1-1-0.dll
0x000007fefcb10000 - 0x000007fefcb15000 	C:\Windows\system32\api-ms-win-downlevel-advapi32-l1-1-0.dll
0x000007fefcb50000 - 0x000007fefcb54000 	C:\Windows\system32\api-ms-win-downlevel-shlwapi-l1-1-0.dll
0x000007fefcd30000 - 0x000007fefcd34000 	C:\Windows\system32\api-ms-win-downlevel-version-l1-1-0.dll
0x000007fefcb40000 - 0x000007fefcb43000 	C:\Windows\system32\api-ms-win-downlevel-normaliz-l1-1-0.dll
0x0000000076e80000 - 0x0000000076e83000 	C:\Windows\system32\normaliz.DLL
0x000007fefd3d0000 - 0x000007fefd65e000 	C:\Windows\system32\iertutil.dll
0x000007fefcb20000 - 0x000007fefcb3e000 	C:\Windows\system32\USERENV.dll
0x000007fef64e0000 - 0x000007fef6956000 	C:\Program Files\TortoiseSVN\bin\libsvn_tsvn.dll
0x0000000073220000 - 0x000000007324e000 	C:\Program Files\TortoiseSVN\bin\libapr_tsvn.dll
0x000007fef6400000 - 0x000007fef64d4000 	C:\Windows\system32\MSVCR110.dll
0x0000000071460000 - 0x00000000714a5000 	C:\Program Files\TortoiseSVN\bin\libaprutil_tsvn.dll
0x000007fef6380000 - 0x000007fef6391000 	C:\Program Files\TortoiseSVN\bin\intl3_tsvn.dll
0x000007fef6360000 - 0x000007fef6379000 	C:\Program Files\TortoiseSVN\bin\libsasl.dll
0x000007fefc880000 - 0x000007fefc88b000 	C:\Windows\system32\Secur32.dll
0x000007fef62b0000 - 0x000007fef6357000 	C:\Windows\system32\MSVCP110.dll
0x0000000071350000 - 0x000000007136b000 	C:\Program Files\TortoiseGit\bin\TortoiseGitStub.dll
0x00000000712c0000 - 0x000000007134e000 	C:\Program Files\TortoiseGit\bin\TortoiseGit.dll
0x000007fef5f80000 - 0x000007fef604e000 	C:\Program Files\TortoiseGit\bin\libgit2_tgit.dll
0x000007fef5ea0000 - 0x000007fef5eb8000 	C:\Program Files\TortoiseGit\bin\zlib1_tgit.dll
0x000007fef5d80000 - 0x000007fef5e6f000 	C:\Windows\system32\MSVCR120.dll

VM Arguments:
jvm_args: -Xdebug -Xrunjdwp:transport=dt_socket,server=n,address=51171 -Xmx2G 
java_command: fr.ird.voxelidar.Principal
Launcher Type: SUN_STANDARD

Environment Variables:
JAVA_HOME=C:\Program Files\Java\jdk1.7.0_67
CLASSPATH=C:\Program Files\OpenNI\Bin64\org.OpenNI.jar
PATH=C:\Program Files\Java\jdk1.7.0_67\bin;C:\Python27\Lib\site-packages\PyQt4;C:\Program Files (x86)\Common Files\Intergraph\Grid Analysis SDK\1.0\Program;C:\Windows\system32;C:\Windows;C:\Windows\System32\Wbem;C:\Windows\System32\WindowsPowerShell\v1.0\;C:\Windows\Program Files (x86)\Common Files\Roxio Shared\DLLShared\;C:\Program Files (x86)\Common Files\Roxio Shared\10.0\DLLShared\;C:\Windows\Program Files\Java\jdk1.7.0_67\bin;C:\Program Files\java\ssj\lib\;C:\Program Files\MATLAB\R2010a\bin;C:\Program Files\OpenNI\Bin64;C:\Program Files\PCL 1.6.0\bin;C:\Program Files\TortoiseSVN\bin;C:\Program Files\Microsoft SQL Server\110\Tools\Binn\;C:\MinGW3\bin;C:\Program Files\TortoiseGit\bin;c:\users\julien\appdata\local\enthought\canopy\user;c:\users\julien\appdata\local\enthought\canopy\user\scripts
USERNAME=Julien
OS=Windows_NT
PROCESSOR_IDENTIFIER=Intel64 Family 6 Model 44 Stepping 2, GenuineIntel



---------------  S Y S T E M  ---------------

OS: Windows 7 , 64 bit Build 7601 Service Pack 1

CPU:total 8 (4 cores per cpu, 2 threads per core) family 6 model 44 stepping 2, cmov, cx8, fxsr, mmx, sse, sse2, sse3, ssse3, sse4.1, sse4.2, popcnt, aes, ht, tsc, tscinvbit, tscinv

Memory: 4k page, physical 25148644k(17645240k free), swap 50295424k(41352168k free)

vm_info: Java HotSpot(TM) 64-Bit Server VM (24.65-b04) for windows-amd64 JRE (1.7.0_67-b01), built on Jul 25 2014 08:55:00 by "java_re" with unknown MS VC++:1600

time: Tue Dec 16 18:36:04 2014
elapsed time: 47 seconds

