#
# A fatal error has been detected by the Java Runtime Environment:
#
#  EXCEPTION_ACCESS_VIOLATION (0xc0000005) at pc=0x0000000060ea0539, pid=2256, tid=3040
#
# JRE version: Java(TM) SE Runtime Environment (7.0_67-b01) (build 1.7.0_67-b01)
# Java VM: Java HotSpot(TM) 64-Bit Server VM (24.65-b04 mixed mode windows-amd64 compressed oops)
# Problematic frame:
# C  0x0000000060ea0539
#
# Failed to write core dump. Minidumps are not enabled by default on client versions of Windows
#
# If you would like to submit a bug report, please visit:
#   http://bugreport.sun.com/bugreport/crash.jsp
# The crash happened outside the Java Virtual Machine in native code.
# See problematic frame for where to report the bug.
#

---------------  T H R E A D  ---------------

Current thread (0x000000000e580800):  JavaThread "AWT-EventQueue-0" [_thread_in_native, id=3040, stack(0x0000000012360000,0x0000000012460000)]

siginfo: ExceptionCode=0xc0000005, reading address 0x0000000000001100

Registers:
RAX=0x0000000000000000, RBX=0x000000077c03c618, RCX=0x0000000000000003, RDX=0x000000001245e3f0
RSP=0x000000001245e328, RBP=0x000000001245e3b8, RSI=0x00000000ef5c1601, RDI=0x00000000025a6198
R8 =0x0000000000000003, R9 =0x0000000060ea0530, R10=0x00000000025b94dd, R11=0x00000000626a2a70
R12=0x0000000000000000, R13=0x000000077c03c618, R14=0x000000001245e3f0, R15=0x000000000e580800
RIP=0x0000000060ea0539, EFLAGS=0x0000000000010206

Top of Stack: (sp=0x000000001245e328)
0x000000001245e328:   00000000025b9509 00000000fffffffe
0x000000001245e338:   0000000000000000 0000000000000000
0x000000001245e348:   000000000c204d40 000000000c204d80
0x000000001245e358:   0000000013719c90 000005c100000000
0x000000001245e368:   0000000b00002e18 000000000e580800
0x000000001245e378:   000000001245e378 000000077c03c618
0x000000001245e388:   000000001245e3f0 000000077c188c50
0x000000001245e398:   0000000000000000 000000077c03c618
0x000000001245e3a8:   0000000000000000 000000001245e3d8
0x000000001245e3b8:   000000001245e438 00000000025a6198
0x000000001245e3c8:   0000000000000000 00000000025b3a58
0x000000001245e3d8:   0000000060ea0530 000000001245e438
0x000000001245e3e8:   0000000000000003 0000000783e042f0
0x000000001245e3f8:   000000001245e3f8 000000077c03c54a
0x000000001245e408:   000000001245e460 000000077c188c50
0x000000001245e418:   0000000000000000 000000077c03c558 

Instructions: (pc=0x0000000060ea0539)
0x0000000060ea0519:   af af af af af af af c3 cc cc cc cc cc cc cc cc
0x0000000060ea0529:   cc cc cc cc cc cc cc 65 48 8b 04 25 38 16 00 00
0x0000000060ea0539:   ff a0 00 11 00 00 cc cc cc cc cc cc cc cc cc cc
0x0000000060ea0549:   cc cc cc cc cc cc cc cc cc cc cc cc cc cc cc cc 


Register to memory mapping:

RAX=0x0000000000000000 is an unknown value
RBX=0x000000077c03c618 is an oop
{method} 
 - klass: {other class}
RCX=0x0000000000000003 is an unknown value
RDX=0x000000001245e3f0 is pointing into the stack for thread: 0x000000000e580800
RSP=0x000000001245e328 is pointing into the stack for thread: 0x000000000e580800
RBP=0x000000001245e3b8 is pointing into the stack for thread: 0x000000000e580800
RSI=0x00000000ef5c1601 is an unknown value
RDI=0x00000000025a6198 is at code_begin+2520 in an Interpreter codelet
return entry points  [0x00000000025a57c0, 0x00000000025a75c0]  7680 bytes
R8 =0x0000000000000003 is an unknown value
R9 =0x0000000060ea0530 is an unknown value
R10=0x00000000025b94dd is at code_begin+1277 in an Interpreter codelet
method entry point (kind = native)  [0x00000000025b8fe0, 0x00000000025b9ea0]  3776 bytes
R11=0x00000000626a2a70 is an unknown value
R12=0x0000000000000000 is an unknown value
R13=0x000000077c03c618 is an oop
{method} 
 - klass: {other class}
R14=0x000000001245e3f0 is pointing into the stack for thread: 0x000000000e580800
R15=0x000000000e580800 is a thread


Stack: [0x0000000012360000,0x0000000012460000],  sp=0x000000001245e328,  free space=1016k
Native frames: (J=compiled Java code, j=interpreted, Vv=VM code, C=native code)
C  0x0000000060ea0539
j  jogamp.opengl.gl4.GL4bcImpl.glUseProgram(I)V+34
j  fr.ird.voxelidar.graphics3d.jogl.JoglListener$1$1.run()V+99
j  java.awt.event.InvocationEvent.dispatch()V+11
j  java.awt.EventQueue.dispatchEventImpl(Ljava/awt/AWTEvent;Ljava/lang/Object;)V+21
j  java.awt.EventQueue.access$200(Ljava/awt/EventQueue;Ljava/awt/AWTEvent;Ljava/lang/Object;)V+3
j  java.awt.EventQueue$3.run()Ljava/lang/Void;+12
j  java.awt.EventQueue$3.run()Ljava/lang/Object;+1
v  ~StubRoutines::call_stub

Java frames: (J=compiled Java code, j=interpreted, Vv=VM code)
j  jogamp.opengl.gl4.GL4bcImpl.dispatch_glUseProgram1(IJ)V+0
j  jogamp.opengl.gl4.GL4bcImpl.glUseProgram(I)V+34
j  fr.ird.voxelidar.graphics3d.jogl.JoglListener$1$1.run()V+99
j  java.awt.event.InvocationEvent.dispatch()V+11
j  java.awt.EventQueue.dispatchEventImpl(Ljava/awt/AWTEvent;Ljava/lang/Object;)V+21
j  java.awt.EventQueue.access$200(Ljava/awt/EventQueue;Ljava/awt/AWTEvent;Ljava/lang/Object;)V+3
j  java.awt.EventQueue$3.run()Ljava/lang/Void;+12
j  java.awt.EventQueue$3.run()Ljava/lang/Object;+1
v  ~StubRoutines::call_stub
J 363  java.security.AccessController.doPrivileged(Ljava/security/PrivilegedAction;Ljava/security/AccessControlContext;)Ljava/lang/Object; (0 bytes) @ 0x0000000002647146 [0x00000000026470e0+0x66]
J 499 C2 java.awt.EventDispatchThread.pumpOneEventForFilters(I)V (295 bytes) @ 0x0000000002781b90 [0x0000000002780cc0+0xed0]
j  java.awt.EventDispatchThread.pumpEventsForFilter(ILjava/awt/Conditional;Ljava/awt/EventFilter;)V+35
j  java.awt.EventDispatchThread.pumpEventsForHierarchy(ILjava/awt/Conditional;Ljava/awt/Component;)V+11
j  java.awt.EventDispatchThread.pumpEvents(ILjava/awt/Conditional;)V+4
j  java.awt.EventDispatchThread.pumpEvents(Ljava/awt/Conditional;)V+3
j  java.awt.EventDispatchThread.run()V+9
v  ~StubRoutines::call_stub

---------------  P R O C E S S  ---------------

Java Threads: ( => current thread )
  0x000000000c152000 JavaThread "SwingWorker-pool-2-thread-1" daemon [_thread_blocked, id=1752, stack(0x0000000018ee0000,0x0000000018fe0000)]
  0x0000000013708800 JavaThread "AWT-EventQueue-0-FPSAWTAnimator-Timer0" [_thread_blocked, id=6032, stack(0x0000000015b10000,0x0000000015c10000)]
  0x0000000013709800 JavaThread "AWT-EventQueue-0-Display-.windows_nil-1-EDT-1" daemon [_thread_blocked, id=5988, stack(0x00000000156d0000,0x00000000157d0000)]
  0x000000000e894000 JavaThread "AWT-EventQueue-0-SharedResourceRunner" daemon [_thread_blocked, id=5336, stack(0x0000000015380000,0x0000000015480000)]
  0x000000000e66d800 JavaThread "D3D Screen Updater" daemon [_thread_blocked, id=3816, stack(0x0000000014dc0000,0x0000000014ec0000)]
  0x000000000228a000 JavaThread "DestroyJavaVM" [_thread_blocked, id=6304, stack(0x00000000024a0000,0x00000000025a0000)]
  0x000000000ebae800 JavaThread "TimerQueue" daemon [_thread_blocked, id=3552, stack(0x0000000014870000,0x0000000014970000)]
  0x000000000e621000 JavaThread "org.netbeans.modules.debugger.jpda.visual AWT Access Loop" daemon [_thread_blocked, id=2484, stack(0x0000000013500000,0x0000000013600000)]
  0x000000000e58d800 JavaThread "Swing-Shell" daemon [_thread_blocked, id=2840, stack(0x0000000012620000,0x0000000012720000)]
=>0x000000000e580800 JavaThread "AWT-EventQueue-0" [_thread_in_native, id=3040, stack(0x0000000012360000,0x0000000012460000)]
  0x000000000e50f800 JavaThread "AWT-Windows" daemon [_thread_in_native, id=5392, stack(0x000000000f1e0000,0x000000000f2e0000)]
  0x000000000e50e800 JavaThread "AWT-Shutdown" [_thread_blocked, id=6368, stack(0x000000000efc0000,0x000000000f0c0000)]
  0x000000000e50e000 JavaThread "Java2D Disposer" daemon [_thread_blocked, id=6316, stack(0x000000000ed60000,0x000000000ee60000)]
  0x000000000c15d800 JavaThread "Service Thread" daemon [_thread_blocked, id=4868, stack(0x000000000d0a0000,0x000000000d1a0000)]
  0x000000000c15d000 JavaThread "C2 CompilerThread1" daemon [_thread_blocked, id=6344, stack(0x000000000e240000,0x000000000e340000)]
  0x000000000c150800 JavaThread "C2 CompilerThread0" daemon [_thread_blocked, id=4140, stack(0x000000000d590000,0x000000000d690000)]
  0x000000000c13e800 JavaThread "JDWP Command Reader" daemon [_thread_in_native, id=3588, stack(0x000000000e040000,0x000000000e140000)]
  0x000000000c139800 JavaThread "JDWP Event Helper Thread" daemon [_thread_blocked, id=548, stack(0x000000000def0000,0x000000000dff0000)]
  0x000000000c12c000 JavaThread "JDWP Transport Listener: dt_socket" daemon [_thread_blocked, id=4244, stack(0x000000000dce0000,0x000000000dde0000)]
  0x000000000c125000 JavaThread "Attach Listener" daemon [_thread_blocked, id=6472, stack(0x000000000d840000,0x000000000d940000)]
  0x000000000c124000 JavaThread "Signal Dispatcher" daemon [_thread_blocked, id=3776, stack(0x000000000d6d0000,0x000000000d7d0000)]
  0x000000000231e800 JavaThread "Finalizer" daemon [_thread_blocked, id=3876, stack(0x000000000d490000,0x000000000d590000)]
  0x0000000002318000 JavaThread "Reference Handler" daemon [_thread_blocked, id=3032, stack(0x000000000d320000,0x000000000d420000)]

Other Threads:
  0x000000000c0e3800 VMThread [stack: 0x000000000d1b0000,0x000000000d2b0000] [id=5840]
  0x000000000c168800 WatcherThread [stack: 0x000000000e3a0000,0x000000000e4a0000] [id=1572]

VM state:not at safepoint (normal execution)

VM Mutex/Monitor currently owned by a thread: None

Heap
 PSYoungGen      total 425984K, used 179147K [0x00000007d5500000, 0x00000007f8700000, 0x0000000800000000)
  eden space 347136K, 28% used [0x00000007d5500000,0x00000007db6f8aa0,0x00000007ea800000)
  from space 78848K, 99% used [0x00000007f0c00000,0x00000007f58fa428,0x00000007f5900000)
  to   space 102400K, 0% used [0x00000007ea800000,0x00000007ea800000,0x00000007f0c00000)
 ParOldGen       total 261632K, used 80779K [0x0000000780000000, 0x000000078ff80000, 0x00000007d5500000)
  object space 261632K, 30% used [0x0000000780000000,0x0000000784ee2e38,0x000000078ff80000)
 PSPermGen       total 22528K, used 22272K [0x000000077ae00000, 0x000000077c400000, 0x0000000780000000)
  object space 22528K, 98% used [0x000000077ae00000,0x000000077c3c0040,0x000000077c400000)

Card table byte_map: [0x00000000055a0000,0x00000000059d0000] byte_map_base: 0x00000000019c9000

Polling page: 0x0000000000130000

Code Cache  [0x00000000025a0000, 0x0000000002810000, 0x00000000055a0000)
 total_blobs=1326 nmethods=520 adapters=767 free_code_cache=47146Kb largest_free_block=48230848

Compilation events (10 events):
Event: 28.310 Thread 0x000000000c15d000 nmethod 551 0x0000000002748210 code [0x0000000002748340, 0x00000000027483b8]
Event: 28.310 Thread 0x000000000c150800 nmethod 550 0x000000000273a910 code [0x000000000273aa40, 0x000000000273aab8]
Event: 28.310 Thread 0x000000000c15d000  552             java.awt.Color::getBlue (11 bytes)
Event: 28.310 Thread 0x000000000c150800  553             fr.ird.voxelidar.math.vector.Vec3F::<init> (20 bytes)
Event: 28.310 Thread 0x000000000c15d000 nmethod 552 0x000000000279dfd0 code [0x000000000279e100, 0x000000000279e158]
Event: 28.310 Thread 0x000000000c15d000  554             fr.ird.voxelidar.util.ColorGradient::getColor (62 bytes)
Event: 28.310 Thread 0x000000000c150800 nmethod 553 0x000000000273a710 code [0x000000000273a840, 0x000000000273a8b8]
Event: 28.311 Thread 0x000000000c15d000 nmethod 554 0x000000000273a3d0 code [0x000000000273a520, 0x000000000273a658]
Event: 28.312 Thread 0x000000000c150800  555 %           fr.ird.voxelidar.graphics3d.object.voxelspace.VoxelSpace::setGradientColor @ 31 (160 bytes)
Event: 28.339 Thread 0x000000000c150800 nmethod 555% 0x000000000278de50 code [0x000000000278e080, 0x000000000278f318]

GC Heap History (10 events):
Event: 27.018 GC heap before
{Heap before GC invocations=4 (full 0):
 PSYoungGen      total 114688K, used 109623K [0x00000007d5500000, 0x00000007dd500000, 0x0000000800000000)
  eden space 98304K, 100% used [0x00000007d5500000,0x00000007db500000,0x00000007db500000)
  from space 16384K, 69% used [0x00000007db500000,0x00000007dc00dce0,0x00000007dc500000)
  to   space 16384K, 0% used [0x00000007dc500000,0x00000007dc500000,0x00000007dd500000)
 ParOldGen       total 261632K, used 24K [0x0000000780000000, 0x000000078ff80000, 0x00000007d5500000)
  object space 261632K, 0% used [0x0000000780000000,0x0000000780006000,0x000000078ff80000)
 PSPermGen       total 22528K, used 22202K [0x000000077ae00000, 0x000000077c400000, 0x0000000780000000)
  object space 22528K, 98% used [0x000000077ae00000,0x000000077c3ae8a0,0x000000077c400000)
Event: 27.034 GC heap after
Heap after GC invocations=4 (full 0):
 PSYoungGen      total 114688K, used 16382K [0x00000007d5500000, 0x00000007dd500000, 0x0000000800000000)
  eden space 98304K, 0% used [0x00000007d5500000,0x00000007d5500000,0x00000007db500000)
  from space 16384K, 99% used [0x00000007dc500000,0x00000007dd4ffa88,0x00000007dd500000)
  to   space 16384K, 0% used [0x00000007db500000,0x00000007db500000,0x00000007dc500000)
 ParOldGen       total 261632K, used 711K [0x0000000780000000, 0x000000078ff80000, 0x00000007d5500000)
  object space 261632K, 0% used [0x0000000780000000,0x00000007800b1d58,0x000000078ff80000)
 PSPermGen       total 22528K, used 22202K [0x000000077ae00000, 0x000000077c400000, 0x0000000780000000)
  object space 22528K, 98% used [0x000000077ae00000,0x000000077c3ae8a0,0x000000077c400000)
}
Event: 27.160 GC heap before
{Heap before GC invocations=5 (full 0):
 PSYoungGen      total 114688K, used 114686K [0x00000007d5500000, 0x00000007dd500000, 0x0000000800000000)
  eden space 98304K, 100% used [0x00000007d5500000,0x00000007db500000,0x00000007db500000)
  from space 16384K, 99% used [0x00000007dc500000,0x00000007dd4ffa88,0x00000007dd500000)
  to   space 16384K, 0% used [0x00000007db500000,0x00000007db500000,0x00000007dc500000)
 ParOldGen       total 261632K, used 711K [0x0000000780000000, 0x000000078ff80000, 0x00000007d5500000)
  object space 261632K, 0% used [0x0000000780000000,0x00000007800b1d58,0x000000078ff80000)
 PSPermGen       total 22528K, used 22206K [0x000000077ae00000, 0x000000077c400000, 0x0000000780000000)
  object space 22528K, 98% used [0x000000077ae00000,0x000000077c3af980,0x000000077c400000)
Event: 27.203 GC heap after
Heap after GC invocations=5 (full 0):
 PSYoungGen      total 114688K, used 16369K [0x00000007d5500000, 0x00000007e6000000, 0x0000000800000000)
  eden space 98304K, 0% used [0x00000007d5500000,0x00000007d5500000,0x00000007db500000)
  from space 16384K, 99% used [0x00000007db500000,0x00000007dc4fc480,0x00000007dc500000)
  to   space 38400K, 0% used [0x00000007e3a80000,0x00000007e3a80000,0x00000007e6000000)
 ParOldGen       total 261632K, used 24335K [0x0000000780000000, 0x000000078ff80000, 0x00000007d5500000)
  object space 261632K, 9% used [0x0000000780000000,0x00000007817c3d58,0x000000078ff80000)
 PSPermGen       total 22528K, used 22206K [0x000000077ae00000, 0x000000077c400000, 0x0000000780000000)
  object space 22528K, 98% used [0x000000077ae00000,0x000000077c3af980,0x000000077c400000)
}
Event: 27.313 GC heap before
{Heap before GC invocations=6 (full 0):
 PSYoungGen      total 114688K, used 114673K [0x00000007d5500000, 0x00000007e6000000, 0x0000000800000000)
  eden space 98304K, 100% used [0x00000007d5500000,0x00000007db500000,0x00000007db500000)
  from space 16384K, 99% used [0x00000007db500000,0x00000007dc4fc480,0x00000007dc500000)
  to   space 38400K, 0% used [0x00000007e3a80000,0x00000007e3a80000,0x00000007e6000000)
 ParOldGen       total 261632K, used 24335K [0x0000000780000000, 0x000000078ff80000, 0x00000007d5500000)
  object space 261632K, 9% used [0x0000000780000000,0x00000007817c3d58,0x000000078ff80000)
 PSPermGen       total 22528K, used 22213K [0x000000077ae00000, 0x000000077c400000, 0x0000000780000000)
  object space 22528K, 98% used [0x000000077ae00000,0x000000077c3b16d0,0x000000077c400000)
Event: 27.353 GC heap after
Heap after GC invocations=6 (full 0):
 PSYoungGen      total 223744K, used 38378K [0x00000007d5500000, 0x00000007e7600000, 0x0000000800000000)
  eden space 185344K, 0% used [0x00000007d5500000,0x00000007d5500000,0x00000007e0a00000)
  from space 38400K, 99% used [0x00000007e3a80000,0x00000007e5ffa9a0,0x00000007e6000000)
  to   space 49664K, 0% used [0x00000007e0a00000,0x00000007e0a00000,0x00000007e3a80000)
 ParOldGen       total 261632K, used 26999K [0x0000000780000000, 0x000000078ff80000, 0x00000007d5500000)
  object space 261632K, 10% used [0x0000000780000000,0x0000000781a5dd58,0x000000078ff80000)
 PSPermGen       total 22528K, used 22213K [0x000000077ae00000, 0x000000077c400000, 0x0000000780000000)
  object space 22528K, 98% used [0x000000077ae00000,0x000000077c3b16d0,0x000000077c400000)
}
Event: 27.584 GC heap before
{Heap before GC invocations=7 (full 0):
 PSYoungGen      total 223744K, used 223722K [0x00000007d5500000, 0x00000007e7600000, 0x0000000800000000)
  eden space 185344K, 100% used [0x00000007d5500000,0x00000007e0a00000,0x00000007e0a00000)
  from space 38400K, 99% used [0x00000007e3a80000,0x00000007e5ffa9a0,0x00000007e6000000)
  to   space 49664K, 0% used [0x00000007e0a00000,0x00000007e0a00000,0x00000007e3a80000)
 ParOldGen       total 261632K, used 26999K [0x0000000780000000, 0x000000078ff80000, 0x00000007d5500000)
  object space 261632K, 10% used [0x0000000780000000,0x0000000781a5dd58,0x000000078ff80000)
 PSPermGen       total 22528K, used 22215K [0x000000077ae00000, 0x000000077c400000, 0x0000000780000000)
  object space 22528K, 98% used [0x000000077ae00000,0x000000077c3b1f30,0x000000077c400000)
Event: 27.669 GC heap after
Heap after GC invocations=7 (full 0):
 PSYoungGen      total 235008K, used 49653K [0x00000007d5500000, 0x00000007f5900000, 0x0000000800000000)
  eden space 185344K, 0% used [0x00000007d5500000,0x00000007d5500000,0x00000007e0a00000)
  from space 49664K, 99% used [0x00000007e0a00000,0x00000007e3a7d688,0x00000007e3a80000)
  to   space 78848K, 0% used [0x00000007f0c00000,0x00000007f0c00000,0x00000007f5900000)
 ParOldGen       total 261632K, used 63195K [0x0000000780000000, 0x000000078ff80000, 0x00000007d5500000)
  object space 261632K, 24% used [0x0000000780000000,0x0000000783db6e38,0x000000078ff80000)
 PSPermGen       total 22528K, used 22215K [0x000000077ae00000, 0x000000077c400000, 0x0000000780000000)
  object space 22528K, 98% used [0x000000077ae00000,0x000000077c3b1f30,0x000000077c400000)
}
Event: 27.941 GC heap before
{Heap before GC invocations=8 (full 0):
 PSYoungGen      total 235008K, used 234997K [0x00000007d5500000, 0x00000007f5900000, 0x0000000800000000)
  eden space 185344K, 100% used [0x00000007d5500000,0x00000007e0a00000,0x00000007e0a00000)
  from space 49664K, 99% used [0x00000007e0a00000,0x00000007e3a7d688,0x00000007e3a80000)
  to   space 78848K, 0% used [0x00000007f0c00000,0x00000007f0c00000,0x00000007f5900000)
 ParOldGen       total 261632K, used 63195K [0x0000000780000000, 0x000000078ff80000, 0x00000007d5500000)
  object space 261632K, 24% used [0x0000000780000000,0x0000000783db6e38,0x000000078ff80000)
 PSPermGen       total 22528K, used 22231K [0x000000077ae00000, 0x000000077c400000, 0x0000000780000000)
  object space 22528K, 98% used [0x000000077ae00000,0x000000077c3b5db8,0x000000077c400000)
Event: 28.048 GC heap after
Heap after GC invocations=8 (full 0):
 PSYoungGen      total 425984K, used 78825K [0x00000007d5500000, 0x00000007f8700000, 0x0000000800000000)
  eden space 347136K, 0% used [0x00000007d5500000,0x00000007d5500000,0x00000007ea800000)
  from space 78848K, 99% used [0x00000007f0c00000,0x00000007f58fa428,0x00000007f5900000)
  to   space 102400K, 0% used [0x00000007ea800000,0x00000007ea800000,0x00000007f0c00000)
 ParOldGen       total 261632K, used 80779K [0x0000000780000000, 0x000000078ff80000, 0x00000007d5500000)
  object space 261632K, 30% used [0x0000000780000000,0x0000000784ee2e38,0x000000078ff80000)
 PSPermGen       total 22528K, used 22231K [0x000000077ae00000, 0x000000077c400000, 0x0000000780000000)
  object space 22528K, 98% used [0x000000077ae00000,0x000000077c3b5db8,0x000000077c400000)
}

Deoptimization events (10 events):
Event: 26.864 Thread 0x000000000c152000 Uncommon trap: reason=unreached action=reinterpret pc=0x00000000026e4060 method=java.io.BufferedReader.readLine(Z)Ljava/lang/String; @ 192
Event: 26.889 Thread 0x000000000c152000 Uncommon trap: reason=array_check action=maybe_recompile pc=0x00000000026e24b8 method=java.util.AbstractCollection.toArray([Ljava/lang/Object;)[Ljava/lang/Object; @ 119
Event: 26.889 Thread 0x000000000c152000 Uncommon trap: reason=array_check action=maybe_recompile pc=0x00000000026e24b8 method=java.util.AbstractCollection.toArray([Ljava/lang/Object;)[Ljava/lang/Object; @ 119
Event: 26.889 Thread 0x000000000c152000 Uncommon trap: reason=array_check action=maybe_recompile pc=0x00000000026e24b8 method=java.util.AbstractCollection.toArray([Ljava/lang/Object;)[Ljava/lang/Object; @ 119
Event: 26.889 Thread 0x000000000c152000 Uncommon trap: reason=array_check action=maybe_recompile pc=0x00000000026e24b8 method=java.util.AbstractCollection.toArray([Ljava/lang/Object;)[Ljava/lang/Object; @ 119
Event: 27.035 Thread 0x000000000e580800 Uncommon trap: reason=unreached action=reinterpret pc=0x00000000026b6150 method=java.util.concurrent.locks.AbstractQueuedSynchronizer.acquireQueued(Ljava/util/concurrent/locks/AbstractQueuedSynchronizer$Node;I)Z @ 17
Event: 27.884 Thread 0x000000000c152000 Uncommon trap: reason=unreached action=reinterpret pc=0x0000000002772de4 method=fr.ird.voxelidar.graphics3d.object.voxelspace.VoxelSpace.readVoxelFormat2(Ljava/io/File;)V @ 160
Event: 28.263 Thread 0x000000000c152000 Uncommon trap: reason=unloaded action=reinterpret pc=0x000000000277c758 method=fr.ird.voxelidar.graphics3d.object.voxelspace.VoxelSpace.updateValue(Lfr/ird/voxelidar/graphics3d/mesh/Attribut;)V @ 318
Event: 28.285 Thread 0x000000000c152000 Uncommon trap: reason=intrinsic action=make_not_entrant pc=0x00000000027903b0 method=fr.ird.voxelidar.util.StandardDeviation.getFromFloatArray([F)F @ 58
Event: 29.307 Thread 0x0000000013709800 Uncommon trap: reason=unreached action=reinterpret pc=0x000000000263cb78 method=java.lang.String.valueOf(Ljava/lang/Object;)Ljava/lang/String; @ 1

Internal exceptions (10 events):
Event: 28.263 Thread 0x000000000c152000 Threw 0x00000007da7421c8 at C:\re\jdk7u67\1368\hotspot\src\share\vm\prims\jvm.cpp:1244
Event: 29.182 Thread 0x0000000013708800 Threw 0x00000007db277fa8 at C:\re\jdk7u67\1368\hotspot\src\share\vm\prims\jvm.cpp:1244
Event: 29.187 Thread 0x0000000013708800 Threw 0x00000007db27a530 at C:\re\jdk7u67\1368\hotspot\src\share\vm\prims\jvm.cpp:1244
Event: 29.192 Thread 0x0000000013708800 Threw 0x00000007db27e3b0 at C:\re\jdk7u67\1368\hotspot\src\share\vm\prims\jvm.cpp:1244
Event: 29.194 Thread 0x0000000013708800 Threw 0x00000007db284398 at C:\re\jdk7u67\1368\hotspot\src\share\vm\prims\jvm.cpp:1244
Event: 29.195 Thread 0x0000000013708800 Threw 0x00000007db28a258 at C:\re\jdk7u67\1368\hotspot\src\share\vm\prims\jvm.cpp:1244
Event: 29.197 Thread 0x0000000013708800 Threw 0x00000007db28e6b8 at C:\re\jdk7u67\1368\hotspot\src\share\vm\prims\jvm.cpp:1244
Event: 29.198 Thread 0x0000000013708800 Threw 0x00000007db293280 at C:\re\jdk7u67\1368\hotspot\src\share\vm\prims\jvm.cpp:1244
Event: 29.200 Thread 0x0000000013708800 Threw 0x00000007db296e58 at C:\re\jdk7u67\1368\hotspot\src\share\vm\prims\jvm.cpp:1244
Event: 29.201 Thread 0x0000000013708800 Threw 0x00000007db29ac30 at C:\re\jdk7u67\1368\hotspot\src\share\vm\prims\jvm.cpp:1244

Events (10 events):
Event: 30.691 Executing VM operation: GetOrSetLocal
Event: 30.691 Executing VM operation: GetOrSetLocal done
Event: 30.691 Executing VM operation: GetOrSetLocal
Event: 30.691 Executing VM operation: GetOrSetLocal done
Event: 31.387 Executing VM operation: GetOrSetLocal
Event: 31.387 Executing VM operation: GetOrSetLocal done
Event: 31.399 Executing VM operation: GetOrSetLocal
Event: 31.399 Executing VM operation: GetOrSetLocal done
Event: 32.178 Executing VM operation: ForceSafepoint
Event: 32.178 Executing VM operation: ForceSafepoint done


Dynamic libraries:
0x000000013f7b0000 - 0x000000013f7e3000 	C:\Program Files\Java\jdk1.7.0_67\bin\java.exe
0x0000000077090000 - 0x0000000077239000 	C:\Windows\SYSTEM32\ntdll.dll
0x0000000076e70000 - 0x0000000076f8f000 	C:\Windows\system32\kernel32.dll
0x000007fefcfd0000 - 0x000007fefd03c000 	C:\Windows\system32\KERNELBASE.dll
0x000007feff070000 - 0x000007feff14b000 	C:\Windows\system32\ADVAPI32.dll
0x000007fefda00000 - 0x000007fefda9f000 	C:\Windows\system32\msvcrt.dll
0x000007fefd6f0000 - 0x000007fefd70f000 	C:\Windows\SYSTEM32\sechost.dll
0x000007feff200000 - 0x000007feff32d000 	C:\Windows\system32\RPCRT4.dll
0x0000000076f90000 - 0x000000007708a000 	C:\Windows\system32\USER32.dll
0x000007feff330000 - 0x000007feff397000 	C:\Windows\system32\GDI32.dll
0x000007fefd9f0000 - 0x000007fefd9fe000 	C:\Windows\system32\LPK.dll
0x000007fefefa0000 - 0x000007feff069000 	C:\Windows\system32\USP10.dll
0x000007fefb8b0000 - 0x000007fefbaa4000 	C:\Windows\WinSxS\amd64_microsoft.windows.common-controls_6595b64144ccf1df_6.0.7601.17514_none_fa396087175ac9ac\COMCTL32.dll
0x000007fefef20000 - 0x000007fefef91000 	C:\Windows\system32\SHLWAPI.dll
0x000007fefd9c0000 - 0x000007fefd9ee000 	C:\Windows\system32\IMM32.DLL
0x000007fefd5e0000 - 0x000007fefd6e9000 	C:\Windows\system32\MSCTF.dll
0x000000006a320000 - 0x000000006a3f2000 	C:\Program Files\Java\jdk1.7.0_67\jre\bin\msvcr100.dll
0x00000000624c0000 - 0x0000000062c92000 	C:\Program Files\Java\jdk1.7.0_67\jre\bin\server\jvm.dll
0x000007fefa310000 - 0x000007fefa319000 	C:\Windows\system32\WSOCK32.dll
0x000007feff1b0000 - 0x000007feff1fd000 	C:\Windows\system32\WS2_32.dll
0x000007fefdb80000 - 0x000007fefdb88000 	C:\Windows\system32\NSI.dll
0x000007fef9910000 - 0x000007fef994b000 	C:\Windows\system32\WINMM.dll
0x0000000077250000 - 0x0000000077257000 	C:\Windows\system32\PSAPI.DLL
0x0000000072f80000 - 0x0000000072f8f000 	C:\Program Files\Java\jdk1.7.0_67\jre\bin\verify.dll
0x0000000072e90000 - 0x0000000072eb8000 	C:\Program Files\Java\jdk1.7.0_67\jre\bin\java.dll
0x0000000064e30000 - 0x0000000064e65000 	C:\Program Files\Java\jdk1.7.0_67\jre\bin\jdwp.dll
0x0000000064ea0000 - 0x0000000064ea8000 	C:\Program Files\Java\jdk1.7.0_67\jre\bin\npt.dll
0x0000000072f20000 - 0x0000000072f35000 	C:\Program Files\Java\jdk1.7.0_67\jre\bin\zip.dll
0x0000000064e90000 - 0x0000000064e99000 	C:\Program Files\Java\jdk1.7.0_67\jre\bin\dt_socket.dll
0x000007fefc670000 - 0x000007fefc6c5000 	C:\Windows\system32\mswsock.dll
0x000007fefc030000 - 0x000007fefc037000 	C:\Windows\System32\wshtcpip.dll
0x0000000072c30000 - 0x0000000072dc5000 	C:\Program Files\Java\jdk1.7.0_67\jre\bin\awt.dll
0x000007fefdaa0000 - 0x000007fefdb77000 	C:\Windows\system32\OLEAUT32.dll
0x000007fefd790000 - 0x000007fefd993000 	C:\Windows\system32\ole32.dll
0x000007fefb550000 - 0x000007fefb568000 	C:\Windows\system32\DWMAPI.DLL
0x000007fefb3c0000 - 0x000007fefb416000 	C:\Windows\system32\uxtheme.dll
0x000007fefcd70000 - 0x000007fefcd7f000 	C:\Windows\system32\CRYPTBASE.dll
0x000007feee910000 - 0x000007feeeb0f000 	C:\Windows\system32\d3d9.dll
0x000007fefc340000 - 0x000007fefc34c000 	C:\Windows\system32\VERSION.dll
0x000007fef8c70000 - 0x000007fef8c77000 	C:\Windows\system32\d3d8thk.dll
0x000007fee7250000 - 0x000007fee8305000 	C:\Windows\system32\nvd3dumx.dll
0x000007fefb6a0000 - 0x000007fefb6cc000 	C:\Windows\system32\powrprof.dll
0x000007fefd400000 - 0x000007fefd5d7000 	C:\Windows\system32\SETUPAPI.dll
0x000007fefd230000 - 0x000007fefd266000 	C:\Windows\system32\CFGMGR32.dll
0x000007fefcef0000 - 0x000007fefcf0a000 	C:\Windows\system32\DEVOBJ.dll
0x000007fef1cd0000 - 0x000007fef1e3a000 	C:\Program Files (x86)\NVIDIA Corporation\3D Vision\nvSCPAPI64.dll
0x000007fefdf60000 - 0x000007fefece8000 	C:\Windows\system32\SHELL32.dll
0x000007fef93c0000 - 0x000007fef96f3000 	C:\Windows\system32\nvapi64.dll
0x000007fefd040000 - 0x000007fefd07a000 	C:\Windows\system32\WINTRUST.dll
0x000007fefd0b0000 - 0x000007fefd21c000 	C:\Windows\system32\CRYPT32.dll
0x000007fefced0000 - 0x000007fefcedf000 	C:\Windows\system32\MSASN1.dll
0x000007fef9790000 - 0x000007fef9830000 	C:\Windows\WinSxS\amd64_microsoft.windows.common-controls_6595b64144ccf1df_5.82.7601.18201_none_a4d3b9377117c3df\comctl32.dll
0x0000000072e20000 - 0x0000000072e67000 	C:\Program Files\Java\jdk1.7.0_67\jre\bin\fontmanager.dll
0x0000000072f00000 - 0x0000000072f19000 	C:\Program Files\Java\jdk1.7.0_67\jre\bin\net.dll
0x000007fefc660000 - 0x000007fefc667000 	C:\Windows\System32\wship6.dll
0x0000000072e70000 - 0x0000000072e81000 	C:\Program Files\Java\jdk1.7.0_67\jre\bin\nio.dll
0x0000000072be0000 - 0x0000000072c21000 	C:\Program Files\Java\jdk1.7.0_67\jre\bin\t2k.dll
0x000007fefdb90000 - 0x000007fefdc29000 	C:\Windows\system32\CLBCatQ.DLL
0x000007fefb420000 - 0x000007fefb54c000 	C:\Windows\system32\propsys.dll
0x000007fefb580000 - 0x000007fefb5ad000 	C:\Windows\system32\ntmarta.dll
0x000007feff150000 - 0x000007feff1a2000 	C:\Windows\system32\WLDAP32.dll
0x000007fefccd0000 - 0x000007fefcd27000 	C:\Windows\system32\apphelp.dll
0x000007fef5610000 - 0x000007fef57ac000 	C:\Windows\system32\NetworkExplorer.dll
0x000007fef5a10000 - 0x000007fef5a44000 	C:\Windows\System32\shdocvw.dll
0x000007fefcee0000 - 0x000007fefceef000 	C:\Windows\system32\profapi.dll
0x000007fefac80000 - 0x000007fefac8b000 	C:\Windows\system32\slc.dll
0x000007fefa320000 - 0x000007fefa338000 	C:\Windows\system32\MPR.dll
0x0000000072f40000 - 0x0000000072f52000 	C:\Windows\system32\snacnp.dll
0x000007fef8ff0000 - 0x000007fef90e7000 	C:\Windows\system32\ncnetprovider.dll
0x000007fefa340000 - 0x000007fefa35e000 	C:\Windows\system32\NCLangID.dll
0x000007fef9100000 - 0x000007fef912c000 	C:\Windows\system32\MAPBASE.dll
0x0000000050d20000 - 0x0000000050d67000 	C:\Windows\system32\CALWIN32.DLL
0x0000000006560000 - 0x0000000006581000 	C:\Windows\system32\CLNWIN32.DLL
0x0000000050df0000 - 0x0000000050e22000 	C:\Windows\system32\LOCWIN32.DLL
0x000000000d420000 - 0x000000000d465000 	C:\Windows\system32\NCPWIN32.dll
0x0000000050da0000 - 0x0000000050db3000 	C:\Windows\system32\CLXWIN32.DLL
0x000000000d7d0000 - 0x000000000d815000 	C:\Windows\system32\NETWIN32.DLL
0x000007fef8ee0000 - 0x000007fef8f25000 	C:\Windows\system32\NWSHLXNT.dll
0x000007fefa5a0000 - 0x000007fefa5b6000 	C:\Windows\system32\NETAPI32.dll
0x000007fefa580000 - 0x000007fefa58c000 	C:\Windows\system32\netutils.dll
0x000007fefc950000 - 0x000007fefc973000 	C:\Windows\system32\srvcli.dll
0x000007fefa560000 - 0x000007fefa575000 	C:\Windows\system32\wkscli.dll
0x000007fefa540000 - 0x000007fefa554000 	C:\Windows\system32\SAMCLI.DLL
0x000007fef8fd0000 - 0x000007fef8fe2000 	C:\Windows\system32\BROWCLI.DLL
0x000007fefc110000 - 0x000007fefc121000 	C:\Windows\system32\WTSAPI32.dll
0x0000000074a00000 - 0x0000000074a05000 	C:\Windows\system32\nls\FRANCAIS\NCLangIDR.DLL
0x0000000073ae0000 - 0x0000000073af7000 	C:\Windows\system32\nls\FRANCAIS\MAPBASER.DLL
0x0000000073ac0000 - 0x0000000073ada000 	C:\Windows\system32\nls\FRANCAIS\NWSHLXNTR.DLL
0x0000000073a40000 - 0x0000000073abc000 	C:\Windows\system32\nls\FRANCAIS\ncnetproviderR.DLL
0x000007fefcca0000 - 0x000007fefccc5000 	C:\Windows\system32\SspiCli.dll
0x000007fef59b0000 - 0x000007fef59ba000 	C:\Windows\System32\drprov.dll
0x000007fefcd30000 - 0x000007fefcd6d000 	C:\Windows\System32\WINSTA.dll
0x000007fef5590000 - 0x000007fef55b2000 	C:\Windows\System32\ntlanman.dll
0x000007fef5570000 - 0x000007fef558d000 	C:\Windows\System32\davclnt.dll
0x000007fef5560000 - 0x000007fef556a000 	C:\Windows\System32\DAVHLPR.dll
0x000007fef6420000 - 0x000007fef642f000 	C:\Windows\system32\cscapi.dll
0x000007feee3e0000 - 0x000007feee651000 	C:\Windows\system32\wpdshext.dll
0x000007fefb1a0000 - 0x000007fefb3b6000 	C:\Windows\WinSxS\amd64_microsoft.windows.gdiplus_6595b64144ccf1df_1.1.7601.18455_none_2b283fd671e9bf4d\gdiplus.dll
0x000007fef4cf0000 - 0x000007fef4dad000 	C:\Windows\system32\PortableDeviceApi.dll
0x000007fef5cf0000 - 0x000007fef5d25000 	C:\Windows\system32\EhStorShell.dll
0x000007fef4a60000 - 0x000007fef4a87000 	C:\Windows\system32\EhStorAPI.dll
0x000007fef5a00000 - 0x000007fef5a0c000 	C:\Windows\system32\LINKINFO.dll
0x000007fefaa70000 - 0x000007fefabd1000 	C:\Windows\system32\WindowsCodecs.dll
0x0000000071980000 - 0x0000000071996000 	C:\Program Files\Common Files\TortoiseOverlays\TortoiseOverlays.dll
0x0000000071960000 - 0x0000000071977000 	C:\Program Files\TortoiseSVN\bin\TortoiseStub.dll
0x00000000718e0000 - 0x000000007195d000 	C:\Program Files\TortoiseSVN\bin\TortoiseSVN.dll
0x000007fefecf0000 - 0x000007fefef1c000 	C:\Windows\system32\WININET.dll
0x000007fefd280000 - 0x000007fefd284000 	C:\Windows\system32\api-ms-win-downlevel-user32-l1-1-0.dll
0x000007fefcfc0000 - 0x000007fefcfc5000 	C:\Windows\system32\api-ms-win-downlevel-advapi32-l1-1-0.dll
0x000007fefd080000 - 0x000007fefd084000 	C:\Windows\system32\api-ms-win-downlevel-shlwapi-l1-1-0.dll
0x000007fefd220000 - 0x000007fefd224000 	C:\Windows\system32\api-ms-win-downlevel-version-l1-1-0.dll
0x000007fefcfb0000 - 0x000007fefcfb3000 	C:\Windows\system32\api-ms-win-downlevel-normaliz-l1-1-0.dll
0x0000000077260000 - 0x0000000077263000 	C:\Windows\system32\normaliz.DLL
0x000007fefdc30000 - 0x000007fefdebe000 	C:\Windows\system32\iertutil.dll
0x000007fefd090000 - 0x000007fefd0ae000 	C:\Windows\system32\USERENV.dll
0x000007fef6580000 - 0x000007fef69f6000 	C:\Program Files\TortoiseSVN\bin\libsvn_tsvn.dll
0x00000000718b0000 - 0x00000000718de000 	C:\Program Files\TortoiseSVN\bin\libapr_tsvn.dll
0x000007fef6470000 - 0x000007fef6544000 	C:\Windows\system32\MSVCR110.dll
0x0000000071850000 - 0x0000000071895000 	C:\Program Files\TortoiseSVN\bin\libaprutil_tsvn.dll
0x000007fef6450000 - 0x000007fef6461000 	C:\Program Files\TortoiseSVN\bin\intl3_tsvn.dll
0x000007fef6430000 - 0x000007fef6449000 	C:\Program Files\TortoiseSVN\bin\libsasl.dll
0x000007fefcaf0000 - 0x000007fefcafb000 	C:\Windows\system32\Secur32.dll
0x000007fef6370000 - 0x000007fef6417000 	C:\Windows\system32\MSVCP110.dll
0x0000000071740000 - 0x000000007175b000 	C:\Program Files\TortoiseGit\bin\TortoiseGitStub.dll
0x00000000716b0000 - 0x000000007173e000 	C:\Program Files\TortoiseGit\bin\TortoiseGit.dll
0x000007fef6240000 - 0x000007fef630e000 	C:\Program Files\TortoiseGit\bin\libgit2_tgit.dll
0x000007fef6220000 - 0x000007fef6238000 	C:\Program Files\TortoiseGit\bin\zlib1_tgit.dll
0x000007fef6130000 - 0x000007fef621f000 	C:\Windows\system32\MSVCR120.dll

VM Arguments:
jvm_args: -Xdebug -Xrunjdwp:transport=dt_socket,server=n,address=50181 -Xmx2G 
java_command: fr.ird.voxelidar.Principal
Launcher Type: SUN_STANDARD

Environment Variables:
JAVA_HOME=C:\Program Files\Java\jdk1.7.0_67
CLASSPATH=C:\Program Files\OpenNI\Bin64\org.OpenNI.jar
PATH=C:\Program Files\Java\jdk1.7.0_67\bin;C:\Python27\Lib\site-packages\PyQt4;C:\Program Files (x86)\Common Files\Intergraph\Grid Analysis SDK\1.0\Program;C:\Windows\system32;C:\Windows;C:\Windows\System32\Wbem;C:\Windows\System32\WindowsPowerShell\v1.0\;C:\Windows\Program Files (x86)\Common Files\Roxio Shared\DLLShared\;C:\Program Files (x86)\Common Files\Roxio Shared\10.0\DLLShared\;C:\Windows\Program Files\Java\jdk1.7.0_67\bin;C:\Program Files\java\ssj\lib\;C:\Program Files\MATLAB\R2010a\bin;C:\Program Files\OpenNI\Bin64;C:\Program Files\PCL 1.6.0\bin;C:\Program Files\TortoiseSVN\bin;C:\Program Files\Microsoft SQL Server\110\Tools\Binn\;C:\MinGW3\bin;C:\Program Files\TortoiseGit\bin;c:\users\julien\appdata\local\enthought\canopy\user;c:\users\julien\appdata\local\enthought\canopy\user\scripts
USERNAME=Julien
OS=Windows_NT
PROCESSOR_IDENTIFIER=Intel64 Family 6 Model 44 Stepping 2, GenuineIntel



---------------  S Y S T E M  ---------------

OS: Windows 7 , 64 bit Build 7601 Service Pack 1

CPU:total 8 (4 cores per cpu, 2 threads per core) family 6 model 44 stepping 2, cmov, cx8, fxsr, mmx, sse, sse2, sse3, ssse3, sse4.1, sse4.2, popcnt, aes, ht, tsc, tscinvbit, tscinv

Memory: 4k page, physical 25148644k(18476524k free), swap 50295424k(43178932k free)

vm_info: Java HotSpot(TM) 64-Bit Server VM (24.65-b04) for windows-amd64 JRE (1.7.0_67-b01), built on Jul 25 2014 08:55:00 by "java_re" with unknown MS VC++:1600

time: Wed Dec 17 09:50:57 2014
elapsed time: 33 seconds

