#
# A fatal error has been detected by the Java Runtime Environment:
#
#  EXCEPTION_ACCESS_VIOLATION (0xc0000005) at pc=0x000000006f775014, pid=5088, tid=6424
#
# JRE version: Java(TM) SE Runtime Environment (8.0_31-b13) (build 1.8.0_31-b13)
# Java VM: Java HotSpot(TM) 64-Bit Server VM (25.31-b07 mixed mode windows-amd64 compressed oops)
# Problematic frame:
# V  [jvm.dll+0x135014]
#
# Failed to write core dump. Minidumps are not enabled by default on client versions of Windows
#
# If you would like to submit a bug report, please visit:
#   http://bugreport.java.com/bugreport/crash.jsp
#

---------------  T H R E A D  ---------------

Current thread (0x000000001f8f3000):  JavaThread "Thread-0" [_thread_in_vm, id=6424, stack(0x0000000020120000,0x0000000020220000)]

siginfo: ExceptionCode=0xc0000005, reading address 0x0000000000000000

Registers:
RAX=0x0000000000000000, RBX=0x000000001f8f3000, RCX=0x0000000000000300, RDX=0x0000000000000000
RSP=0x000000002021ea10, RBP=0x0000000000000000, RSI=0x0000000000000000, RDI=0x0000000000000000
R8 =0x0000000000000000, R9 =0x0000000000000000, R10=0x3ff0000000000000, R11=0x0000000000000246
R12=0x0000000000000000, R13=0x0000000000000000, R14=0x000000002021ee20, R15=0x000000001f8f3000
RIP=0x000000006f775014, EFLAGS=0x0000000000010202

Top of Stack: (sp=0x000000002021ea10)
0x000000002021ea10:   fffffffffffffffe 000007fef5938b10
0x000000002021ea20:   ffffffffffffff01 000007fef5938b10
0x000000002021ea30:   000000001f8f3000 0000000000000000
0x000000002021ea40:   000007fef5938b10 000007fef5938b10
0x000000002021ea50:   000000001beda898 000000001d71e548
0x000000002021ea60:   000000001f8e4000 000007fef6d2be6e
0x000000002021ea70:   0000000000000000 000000001f8f31e8
0x000000002021ea80:   000000001f8e4000 0000000000000000
0x000000002021ea90:   000000002021eae8 000000002021ea48
0x000000002021eaa0:   000000006fc0bea8 000000001d71c610
0x000000002021eab0:   000000020000003b 000000000000003c
0x000000002021eac0:   0000000000010000 0000000000000000
0x000000002021ead0:   0000000000000000 0000000000000000
0x000000002021eae0:   0000000000000000 0000002800000000
0x000000002021eaf0:   0000000000000000 0000000000000000
0x000000002021eb00:   000000001beda800 0000000000000000 

Instructions: (pc=0x000000006f775014)
0x000000006f774ff4:   89 5c 24 20 48 89 74 24 28 48 39 73 08 74 0a 48
0x000000006f775004:   8d 4c 24 20 e8 33 05 13 00 40 38 35 94 f3 69 00
0x000000006f775014:   48 8b 3f 48 63 05 da 6f 68 00 74 1b 8b 0c 38 85
0x000000006f775024:   c9 74 77 8b c1 8b 0d 09 75 63 00 48 d3 e0 48 03 


Register to memory mapping:

RAX=0x0000000000000000 is an unknown value
RBX=0x000000001f8f3000 is a thread
RCX=0x0000000000000300 is an unknown value
RDX=0x0000000000000000 is an unknown value
RSP=0x000000002021ea10 is pointing into the stack for thread: 0x000000001f8f3000
RBP=0x0000000000000000 is an unknown value
RSI=0x0000000000000000 is an unknown value
RDI=0x0000000000000000 is an unknown value
R8 =0x0000000000000000 is an unknown value
R9 =0x0000000000000000 is an unknown value
R10=0x3ff0000000000000 is an unknown value
R11=0x0000000000000246 is an unknown value
R12=0x0000000000000000 is an unknown value
R13=0x0000000000000000 is an unknown value
R14=0x000000002021ee20 is pointing into the stack for thread: 0x000000001f8f3000
R15=0x000000001f8f3000 is a thread


Stack: [0x0000000020120000,0x0000000020220000],  sp=0x000000002021ea10,  free space=1018k
Native frames: (J=compiled Java code, j=interpreted, Vv=VM code, C=native code)

Java frames: (J=compiled Java code, j=interpreted, Vv=VM code)
j  fr.ird.voxelidar.extraction.LasExtraction.simpleExtract(Ljava/lang/String;Lfr/ird/voxelidar/extraction/LasPoints;)Z+0
j  fr.ird.voxelidar.extraction.LasExtraction.run()V+30
j  java.lang.Thread.run()V+11
v  ~StubRoutines::call_stub

---------------  P R O C E S S  ---------------

Java Threads: ( => current thread )
=>0x000000001f8f3000 JavaThread "Thread-0" [_thread_in_vm, id=6424, stack(0x0000000020120000,0x0000000020220000)]
  0x000000001d4d1800 JavaThread "Service Thread" daemon [_thread_blocked, id=6136, stack(0x000000001f630000,0x000000001f730000)]
  0x000000001d48c000 JavaThread "C1 CompilerThread3" daemon [_thread_blocked, id=6268, stack(0x000000001f4e0000,0x000000001f5e0000)]
  0x000000001d459800 JavaThread "C2 CompilerThread2" daemon [_thread_blocked, id=1360, stack(0x000000001ed20000,0x000000001ee20000)]
  0x000000001d458800 JavaThread "C2 CompilerThread1" daemon [_thread_blocked, id=6496, stack(0x000000001f340000,0x000000001f440000)]
  0x000000001d451000 JavaThread "C2 CompilerThread0" daemon [_thread_blocked, id=5268, stack(0x000000001f230000,0x000000001f330000)]
  0x000000001d43e000 JavaThread "JDWP Command Reader" daemon [_thread_in_native, id=7004, stack(0x000000001f0c0000,0x000000001f1c0000)]
  0x000000001d43d000 JavaThread "JDWP Event Helper Thread" daemon [_thread_blocked, id=6444, stack(0x000000001ef90000,0x000000001f090000)]
  0x000000001d430000 JavaThread "JDWP Transport Listener: dt_socket" daemon [_thread_blocked, id=6844, stack(0x000000001ea70000,0x000000001eb70000)]
  0x000000001d429000 JavaThread "Attach Listener" daemon [_thread_blocked, id=5740, stack(0x000000001ebe0000,0x000000001ece0000)]
  0x000000001d428000 JavaThread "Signal Dispatcher" daemon [_thread_blocked, id=6180, stack(0x000000001e900000,0x000000001ea00000)]
  0x000000001c480000 JavaThread "Finalizer" daemon [_thread_blocked, id=6724, stack(0x000000001e7a0000,0x000000001e8a0000)]
  0x000000001c477800 JavaThread "Reference Handler" daemon [_thread_blocked, id=6828, stack(0x000000001e600000,0x000000001e700000)]
  0x0000000001d7a800 JavaThread "main" [_thread_in_vm, id=1812, stack(0x0000000001f90000,0x0000000002090000)]

Other Threads:
  0x000000001d3d3000 VMThread [stack: 0x000000001e410000,0x000000001e510000] [id=1020]
  0x000000001d4e2000 WatcherThread [stack: 0x000000001f750000,0x000000001f850000] [id=4756]

VM state:not at safepoint (normal execution)

VM Mutex/Monitor currently owned by a thread: None

Heap:
 PSYoungGen      total 114688K, used 13780K [0x000000076ab00000, 0x0000000772b00000, 0x00000007c0000000)
  eden space 98304K, 14% used [0x000000076ab00000,0x000000076b8752e8,0x0000000770b00000)
  from space 16384K, 0% used [0x0000000771b00000,0x0000000771b00000,0x0000000772b00000)
  to   space 16384K, 0% used [0x0000000770b00000,0x0000000770b00000,0x0000000771b00000)
 ParOldGen       total 262144K, used 0K [0x00000006c0000000, 0x00000006d0000000, 0x000000076ab00000)
  object space 262144K, 0% used [0x00000006c0000000,0x00000006c0000000,0x00000006d0000000)
 Metaspace       used 5157K, capacity 5372K, committed 5632K, reserved 1056768K
  class space    used 607K, capacity 660K, committed 768K, reserved 1048576K

Card table byte_map: [0x00000000117c0000,0x0000000011fd0000] byte_map_base: 0x000000000e1c0000

Marking Bits: (ParMarkBitMap*) 0x000000006fe1d4f0
 Begin Bits: [0x0000000013290000, 0x0000000017290000)
 End Bits:   [0x0000000017290000, 0x000000001b290000)

Polling page: 0x0000000000110000

CodeCache: size=245760Kb used=1598Kb max_used=1598Kb free=244161Kb
 bounds [0x0000000002400000, 0x0000000002670000, 0x0000000011400000]
 total_blobs=492 nmethods=235 adapters=180
 compilation: enabled

Compilation events (10 events):
Event: 0.423 Thread 0x000000001d48c000  229       3       java.lang.reflect.Proxy::isProxyClass (25 bytes)
Event: 0.423 Thread 0x000000001d48c000 nmethod 229 0x00000000025817d0 code [0x00000000025819e0, 0x00000000025823d8]
Event: 0.423 Thread 0x000000001d48c000  228       3       sun.reflect.ReflectionFactory::langReflectAccess (15 bytes)
Event: 0.423 Thread 0x000000001d48c000 nmethod 228 0x00000000025813d0 code [0x0000000002581540, 0x0000000002581750]
Event: 0.423 Thread 0x000000001d48c000  226       3       java.net.URL::<init> (8 bytes)
Event: 0.423 Thread 0x000000001d48c000 nmethod 226 0x0000000002581010 code [0x0000000002581180, 0x0000000002581328]
Event: 0.423 Thread 0x000000001d48c000  230       1       java.security.PrivilegedActionException::getException (5 bytes)
Event: 0.423 Thread 0x000000001d48c000 nmethod 230 0x0000000002580d50 code [0x0000000002580ea0, 0x0000000002580fb0]
Event: 1.547 Thread 0x000000001d458800  231 %     4       java.lang.String::indexOf @ 69 (166 bytes)
Event: 1.557 Thread 0x000000001d458800 nmethod 231% 0x000000000257ff50 code [0x00000000025800a0, 0x00000000025808b8]

GC Heap History (0 events):
No events

Deoptimization events (0 events):
No events

Internal exceptions (10 events):
Event: 0.419 Thread 0x0000000001d7a800 Exception <a 'java/security/PrivilegedActionException'> (0x000000076b4e8c40) thrown at [C:\workspace\8-2-build-windows-amd64-cygwin\jdk8u31\2394\hotspot\src\share\vm\prims\jvm.cpp, line 1312]
Event: 0.419 Thread 0x0000000001d7a800 Exception <a 'java/lang/ClassNotFoundException': org/apache/log4j/ConsoleAppenderCustomizer> (0x000000076b4e8e78) thrown at [C:\workspace\8-2-build-windows-amd64-cygwin\jdk8u31\2394\hotspot\src\share\vm\classfile\systemDictionary.cpp, line 202]
Event: 0.420 Thread 0x0000000001d7a800 Exception <a 'java/security/PrivilegedActionException'> (0x000000076b4f3d80) thrown at [C:\workspace\8-2-build-windows-amd64-cygwin\jdk8u31\2394\hotspot\src\share\vm\prims\jvm.cpp, line 1312]
Event: 0.420 Thread 0x0000000001d7a800 Exception <a 'java/security/PrivilegedActionException'> (0x000000076b4f93f8) thrown at [C:\workspace\8-2-build-windows-amd64-cygwin\jdk8u31\2394\hotspot\src\share\vm\prims\jvm.cpp, line 1312]
Event: 1.546 Thread 0x0000000001d7a800 Exception <a 'java/security/PrivilegedActionException'> (0x000000076b4ff9b8) thrown at [C:\workspace\8-2-build-windows-amd64-cygwin\jdk8u31\2394\hotspot\src\share\vm\prims\jvm.cpp, line 1312]
Event: 1.547 Thread 0x0000000001d7a800 Exception <a 'java/security/PrivilegedActionException'> (0x000000076b5020c8) thrown at [C:\workspace\8-2-build-windows-amd64-cygwin\jdk8u31\2394\hotspot\src\share\vm\prims\jvm.cpp, line 1312]
Event: 1.565 Thread 0x0000000001d7a800 Exception <a 'java/security/PrivilegedActionException'> (0x000000076b507f60) thrown at [C:\workspace\8-2-build-windows-amd64-cygwin\jdk8u31\2394\hotspot\src\share\vm\prims\jvm.cpp, line 1312]
Event: 1.571 Thread 0x0000000001d7a800 Exception <a 'java/security/PrivilegedActionException'> (0x000000076b509bb0) thrown at [C:\workspace\8-2-build-windows-amd64-cygwin\jdk8u31\2394\hotspot\src\share\vm\prims\jvm.cpp, line 1312]
Event: 1.571 Thread 0x000000001f8f3000 Exception <a 'java/security/PrivilegedActionException'> (0x000000076b689f88) thrown at [C:\workspace\8-2-build-windows-amd64-cygwin\jdk8u31\2394\hotspot\src\share\vm\prims\jvm.cpp, line 1312]
Event: 1.572 Thread 0x000000001f8f3000 Exception <a 'java/security/PrivilegedActionException'> (0x000000076b68c1d8) thrown at [C:\workspace\8-2-build-windows-amd64-cygwin\jdk8u31\2394\hotspot\src\share\vm\prims\jvm.cpp, line 1312]

Events (10 events):
Event: 1.575 loading class java/awt/Frame done
Event: 1.575 loading class javax/swing/JFrame done
Event: 1.576 Executing VM operation: ChangeBreakpoints
Event: 1.577 Executing VM operation: ChangeBreakpoints done
Event: 1.577 loading class javax/swing/border/Border
Event: 1.577 loading class javax/swing/border/Border done
Event: 1.577 loading class javax/swing/ListModel
Event: 1.577 loading class javax/swing/ListModel done
Event: 1.577 loading class java/awt/event/ActionListener
Event: 1.577 loading class java/awt/event/ActionListener done


Dynamic libraries:
0x000000013f540000 - 0x000000013f574000 	C:\Program Files\Java\jdk1.8.0_31\bin\java.exe
0x00000000774e0000 - 0x0000000077689000 	C:\Windows\SYSTEM32\ntdll.dll
0x00000000772c0000 - 0x00000000773df000 	C:\Windows\system32\kernel32.dll
0x000007fefd380000 - 0x000007fefd3ec000 	C:\Windows\system32\KERNELBASE.dll
0x000007feff290000 - 0x000007feff36b000 	C:\Windows\system32\ADVAPI32.dll
0x000007fefd760000 - 0x000007fefd7ff000 	C:\Windows\system32\msvcrt.dll
0x000007fefda30000 - 0x000007fefda4f000 	C:\Windows\SYSTEM32\sechost.dll
0x000007fefe9a0000 - 0x000007fefeacd000 	C:\Windows\system32\RPCRT4.dll
0x00000000773e0000 - 0x00000000774da000 	C:\Windows\system32\USER32.dll
0x000007fefd6f0000 - 0x000007fefd757000 	C:\Windows\system32\GDI32.dll
0x000007fefe940000 - 0x000007fefe94e000 	C:\Windows\system32\LPK.dll
0x000007feff410000 - 0x000007feff4d9000 	C:\Windows\system32\USP10.dll
0x000007fefbc50000 - 0x000007fefbe44000 	C:\Windows\WinSxS\amd64_microsoft.windows.common-controls_6595b64144ccf1df_6.0.7601.17514_none_fa396087175ac9ac\COMCTL32.dll
0x000007feff6f0000 - 0x000007feff761000 	C:\Windows\system32\SHLWAPI.dll
0x000007fefdb60000 - 0x000007fefdb8e000 	C:\Windows\system32\IMM32.DLL
0x000007fefda50000 - 0x000007fefdb59000 	C:\Windows\system32\MSCTF.dll
0x0000000051180000 - 0x0000000051252000 	C:\Program Files\Java\jdk1.8.0_31\jre\bin\msvcr100.dll
0x000000006f640000 - 0x000000006fe9a000 	C:\Program Files\Java\jdk1.8.0_31\jre\bin\server\jvm.dll
0x000007fef76c0000 - 0x000007fef76c9000 	C:\Windows\system32\WSOCK32.dll
0x000007fefe950000 - 0x000007fefe99d000 	C:\Windows\system32\WS2_32.dll
0x000007fefd6e0000 - 0x000007fefd6e8000 	C:\Windows\system32\NSI.dll
0x000007fef73f0000 - 0x000007fef742b000 	C:\Windows\system32\WINMM.dll
0x00000000776a0000 - 0x00000000776a7000 	C:\Windows\system32\PSAPI.DLL
0x0000000054c60000 - 0x0000000054c6f000 	C:\Program Files\Java\jdk1.8.0_31\jre\bin\verify.dll
0x0000000054c30000 - 0x0000000054c58000 	C:\Program Files\Java\jdk1.8.0_31\jre\bin\java.dll
0x00000000534f0000 - 0x0000000053525000 	C:\Program Files\Java\jdk1.8.0_31\jre\bin\jdwp.dll
0x0000000058970000 - 0x0000000058978000 	C:\Program Files\Java\jdk1.8.0_31\jre\bin\npt.dll
0x0000000054c10000 - 0x0000000054c26000 	C:\Program Files\Java\jdk1.8.0_31\jre\bin\zip.dll
0x000007fefdbb0000 - 0x000007fefe938000 	C:\Windows\system32\SHELL32.dll
0x000007feff4e0000 - 0x000007feff6e3000 	C:\Windows\system32\ole32.dll
0x000007fefd330000 - 0x000007fefd33f000 	C:\Windows\system32\profapi.dll
0x0000000054ae0000 - 0x0000000054ae9000 	C:\Program Files\Java\jdk1.8.0_31\jre\bin\dt_socket.dll
0x000007fefc9f0000 - 0x000007fefca45000 	C:\Windows\system32\mswsock.dll
0x000007fefc720000 - 0x000007fefc727000 	C:\Windows\System32\wshtcpip.dll
0x000007fef6d20000 - 0x000007fef6de8000 	C:\Users\Julien\Documents\NetBeansProjects\VoxeLidar\LASlib.dll
0x000007fef56e0000 - 0x000007fef57cf000 	C:\Windows\system32\MSVCR120.dll
0x000007fef58a0000 - 0x000007fef5946000 	C:\Windows\system32\MSVCP120.dll
0x000007fefaeb0000 - 0x000007fefafd5000 	C:\Windows\system32\dbghelp.dll

VM Arguments:
jvm_args: -Xdebug -Xrunjdwp:transport=dt_socket,server=n,address=1429 -Xmx4G 
java_command: fr.ird.voxelidar.Principal
java_class_path (initial): C:\Users\Julien\Documents\NetBeansProjects\VoxeLidar\target\classes;C:\Users\Julien\.m2\repository\org\jogamp\gluegen\gluegen-rt-main\2.2.4\gluegen-rt-main-2.2.4.jar;C:\Users\Julien\.m2\repository\org\jogamp\gluegen\gluegen-rt\2.2.4\gluegen-rt-2.2.4.jar;C:\Users\Julien\.m2\repository\org\jogamp\gluegen\gluegen-rt\2.2.4\gluegen-rt-2.2.4-natives-android-armv6.jar;C:\Users\Julien\.m2\repository\org\jogamp\gluegen\gluegen-rt\2.2.4\gluegen-rt-2.2.4-natives-linux-amd64.jar;C:\Users\Julien\.m2\repository\org\jogamp\gluegen\gluegen-rt\2.2.4\gluegen-rt-2.2.4-natives-linux-armv6.jar;C:\Users\Julien\.m2\repository\org\jogamp\gluegen\gluegen-rt\2.2.4\gluegen-rt-2.2.4-natives-linux-armv6hf.jar;C:\Users\Julien\.m2\repository\org\jogamp\gluegen\gluegen-rt\2.2.4\gluegen-rt-2.2.4-natives-linux-i586.jar;C:\Users\Julien\.m2\repository\org\jogamp\gluegen\gluegen-rt\2.2.4\gluegen-rt-2.2.4-natives-macosx-universal.jar;C:\Users\Julien\.m2\repository\org\jogamp\gluegen\gluegen-rt\2.2.4\gluegen-rt-2.2.4-natives-solaris-amd64.jar;C:\Users\Julien\.m2\repository\org\jogamp\gluegen\gluegen-rt\2.2.4\gluegen-rt-2.2.4-natives-solaris-i586.jar;C:\Users\Julien\.m2\repository\org\jogamp\gluegen\gluegen-rt\2.2.4\gluegen-rt-2.2.4-natives-windows-amd64.jar;C:\Users\Julien\.m2\repository\org\jogamp\gluegen\gluegen-rt\2.2.4\gluegen-rt-2.2.4-natives-windows-i586.jar;C:\Users\Julien\.m2\repository\org\jogamp\jogl\jogl-all-main\2.2.4\jogl-all-main-2.2.4.jar;C:\Users\Julien\.m2\repository\org\jogamp\jogl\jogl-all\2.2.4\jogl-all-2.2.4.jar;C:\Users\Julien\.m2\repository\org\jogamp\jogl\jogl-all\2.2.4\jogl-all-2.2.4-natives-android-armv6.jar;C:\Users\Julien\.m2\repository\org\jogamp\jogl\jogl-all\2.2.4\jogl-all-2.2.4-natives-linux-amd64.jar;C:\Users\Julien\.m2\repository\org\jogamp\jogl\jogl-all\2.2.4\jogl-all-2.2.4-natives-linux-armv6.jar;C:\Users\Julien\.m2\repository\org\jogamp\jogl\jogl-all\2.2.4\jogl-all-2.2.4-natives-linux-armv6hf.jar;C:\Users\Julien\.m2\repository\org\jogamp\j
Launcher Type: SUN_STANDARD

Environment Variables:
JAVA_HOME=C:\Program Files\Java\jdk1.8.0_31
CLASSPATH=C:\Program Files\OpenNI\Bin64\org.OpenNI.jar
PATH=C:\ProgramData\Oracle\Java\javapath;C:\Program Files\Java\jdk1.7.0_67\bin;C:\Python27\Lib\site-packages\PyQt4;C:\Program Files (x86)\Common Files\Intergraph\Grid Analysis SDK\1.0\Program;C:\Windows\system32;C:\Windows;C:\Windows\System32\Wbem;C:\Windows\System32\WindowsPowerShell\v1.0\;C:\Windows\Program Files (x86)\Common Files\Roxio Shared\DLLShared\;C:\Program Files (x86)\Common Files\Roxio Shared\10.0\DLLShared\;C:\Windows\Program Files\Java\jdk1.7.0_67\bin;C:\Program Files\java\ssj\lib\;C:\Program Files\MATLAB\R2010a\bin;C:\Program Files\OpenNI\Bin64;C:\Program Files\PCL 1.6.0\bin;C:\Program Files\TortoiseSVN\bin;C:\Program Files\Microsoft SQL Server\110\Tools\Binn\;C:\MinGW3\bin;C:\Program Files\TortoiseGit\bin;C:\Program Files (x86)\Windows Kits\8.1\Windows Performance Toolkit\;c:\users\julien\appdata\local\enthought\canopy\user;c:\users\julien\appdata\local\enthought\canopy\user\scripts
USERNAME=Julien
OS=Windows_NT
PROCESSOR_IDENTIFIER=Intel64 Family 6 Model 44 Stepping 2, GenuineIntel



---------------  S Y S T E M  ---------------

OS: Windows 7 , 64 bit Build 7601 Service Pack 1

CPU:total 8 (4 cores per cpu, 2 threads per core) family 6 model 44 stepping 2, cmov, cx8, fxsr, mmx, sse, sse2, sse3, ssse3, sse4.1, sse4.2, popcnt, aes, clmul, ht, tsc, tscinvbit, tscinv

Memory: 4k page, physical 25148644k(19731492k free), swap 50295424k(43517040k free)

vm_info: Java HotSpot(TM) 64-Bit Server VM (25.31-b07) for windows-amd64 JRE (1.8.0_31-b13), built on Dec 17 2014 21:00:28 by "java_re" with MS VC++ 10.0 (VS2010)

time: Thu Feb 05 10:39:28 2015
elapsed time: 1 seconds (0d 0h 0m 1s)

