#
# A fatal error has been detected by the Java Runtime Environment:
#
#  EXCEPTION_ACCESS_VIOLATION (0xc0000005) at pc=0x00000000610b0539, pid=5756, tid=4976
#
# JRE version: Java(TM) SE Runtime Environment (7.0_67-b01) (build 1.7.0_67-b01)
# Java VM: Java HotSpot(TM) 64-Bit Server VM (24.65-b04 mixed mode windows-amd64 compressed oops)
# Problematic frame:
# C  0x00000000610b0539
#
# Failed to write core dump. Minidumps are not enabled by default on client versions of Windows
#
# If you would like to submit a bug report, please visit:
#   http://bugreport.sun.com/bugreport/crash.jsp
# The crash happened outside the Java Virtual Machine in native code.
# See problematic frame for where to report the bug.
#

---------------  T H R E A D  ---------------

Current thread (0x000000000e44d800):  JavaThread "AWT-EventQueue-0" [_thread_in_native, id=4976, stack(0x0000000012030000,0x0000000012130000)]

siginfo: ExceptionCode=0xc0000005, reading address 0x0000000000001100

Registers:
RAX=0x0000000000000000, RBX=0x000000077c01cea8, RCX=0x0000000000000003, RDX=0x000000001212d048
RSP=0x000000001212cf88, RBP=0x000000001212d010, RSI=0x000000000000000f, RDI=0x0000000003ed1615
R8 =0x0000000000000003, R9 =0x00000000610b0530, R10=0x00000000026994dd, R11=0x0000000064072a70
R12=0x0000000000000000, R13=0x000000077c01cea8, R14=0x000000001212d048, R15=0x000000000e44d800
RIP=0x00000000610b0539, EFLAGS=0x0000000000010206

Top of Stack: (sp=0x000000001212cf88)
0x000000001212cf88:   0000000002699509 000000001212d010
0x000000001212cf98:   00000000026990be 000000077c01cea8
0x000000001212cfa8:   000000000000000f 0000000003ed1615
0x000000001212cfb8:   00000000026a6d46 000000001212cff8
0x000000001212cfc8:   0000000002699086 000000001212cfd0
0x000000001212cfd8:   000000077c01cea8 000000001212d048
0x000000001212cfe8:   000000077c16c750 0000000000000000
0x000000001212cff8:   000000077c01cea8 0000000000000000
0x000000001212d008:   000000001212d030 000000001212d090
0x000000001212d018:   0000000002686198 0000000000000000
0x000000001212d028:   0000000002693a58 00000000610b0530
0x000000001212d038:   000000001212d090 0000000000000003
0x000000001212d048:   000000078410c828 000000001212d050
0x000000001212d058:   000000077c01cdda 000000001212d0b8
0x000000001212d068:   000000077c16c750 0000000000000000
0x000000001212d078:   000000077c01cde8 000000001212d030 

Instructions: (pc=0x00000000610b0539)
0x00000000610b0519:   af af af af af af af c3 cc cc cc cc cc cc cc cc
0x00000000610b0529:   cc cc cc cc cc cc cc 65 48 8b 04 25 20 16 00 00
0x00000000610b0539:   ff a0 00 11 00 00 cc cc cc cc cc cc cc cc cc cc
0x00000000610b0549:   cc cc cc cc cc cc cc cc cc cc cc cc cc cc cc cc 


Register to memory mapping:

RAX=0x0000000000000000 is an unknown value
RBX=0x000000077c01cea8 is an oop
{method} 
 - klass: {other class}
RCX=0x0000000000000003 is an unknown value
RDX=0x000000001212d048 is pointing into the stack for thread: 0x000000000e44d800
RSP=0x000000001212cf88 is pointing into the stack for thread: 0x000000000e44d800
RBP=0x000000001212d010 is pointing into the stack for thread: 0x000000000e44d800
RSI=0x000000000000000f is an unknown value
RDI=0x0000000003ed1615 is an unknown value
R8 =0x0000000000000003 is an unknown value
R9 =0x00000000610b0530 is an unknown value
R10=0x00000000026994dd is at code_begin+1277 in an Interpreter codelet
method entry point (kind = native)  [0x0000000002698fe0, 0x0000000002699ea0]  3776 bytes
R11=0x0000000064072a70 is an unknown value
R12=0x0000000000000000 is an unknown value
R13=0x000000077c01cea8 is an oop
{method} 
 - klass: {other class}
R14=0x000000001212d048 is pointing into the stack for thread: 0x000000000e44d800
R15=0x000000000e44d800 is a thread


Stack: [0x0000000012030000,0x0000000012130000],  sp=0x000000001212cf88,  free space=1011k
Native frames: (J=compiled Java code, j=interpreted, Vv=VM code, C=native code)
C  0x00000000610b0539
j  jogamp.opengl.gl4.GL4bcImpl.glUseProgram(I)V+34
j  fr.ird.voxelidar.graphics3d.jogl.JoglListener$1.projMatrixChanged(Lfr/ird/voxelidar/math/matrix/Mat4F;)V+85
j  fr.ird.voxelidar.graphics3d.object.camera.TrackballCamera.fireProjectionMatrixChanged(Lfr/ird/voxelidar/math/matrix/Mat4F;)V+35
j  fr.ird.voxelidar.graphics3d.object.camera.TrackballCamera.updateProjMatrix()V+69
j  fr.ird.voxelidar.graphics3d.object.camera.TrackballCamera.setOrthographic(FFFFFF)V+39
j  fr.ird.voxelidar.frame.JFrameTools.jPanel21MouseClicked(Ljava/awt/event/MouseEvent;)V+141
j  fr.ird.voxelidar.frame.JFrameTools.access$1100(Lfr/ird/voxelidar/frame/JFrameTools;Ljava/awt/event/MouseEvent;)V+2
j  fr.ird.voxelidar.frame.JFrameTools$12.mouseClicked(Ljava/awt/event/MouseEvent;)V+5
j  java.awt.Component.processMouseEvent(Ljava/awt/event/MouseEvent;)V+74
j  javax.swing.JComponent.processMouseEvent(Ljava/awt/event/MouseEvent;)V+23
j  java.awt.Component.processEvent(Ljava/awt/AWTEvent;)V+81
j  java.awt.Container.processEvent(Ljava/awt/AWTEvent;)V+18
j  java.awt.Component.dispatchEventImpl(Ljava/awt/AWTEvent;)V+581
j  java.awt.Container.dispatchEventImpl(Ljava/awt/AWTEvent;)V+42
J 310 C2 java.awt.LightweightDispatcher.retargetMouseEvent(Ljava/awt/Component;ILjava/awt/event/MouseEvent;)V (350 bytes) @ 0x00000000027a8ed8 [0x00000000027a8980+0x558]
j  java.awt.LightweightDispatcher.processMouseEvent(Ljava/awt/event/MouseEvent;)Z+157
j  java.awt.LightweightDispatcher.dispatchEvent(Ljava/awt/AWTEvent;)Z+50
j  java.awt.Container.dispatchEventImpl(Ljava/awt/AWTEvent;)V+12
j  java.awt.Window.dispatchEventImpl(Ljava/awt/AWTEvent;)V+19
j  java.awt.Component.dispatchEvent(Ljava/awt/AWTEvent;)V+2
j  java.awt.EventQueue.dispatchEventImpl(Ljava/awt/AWTEvent;Ljava/lang/Object;)V+41
j  java.awt.EventQueue.access$200(Ljava/awt/EventQueue;Ljava/awt/AWTEvent;Ljava/lang/Object;)V+3
j  java.awt.EventQueue$3.run()Ljava/lang/Void;+12
j  java.awt.EventQueue$3.run()Ljava/lang/Object;+1
v  ~StubRoutines::call_stub

Java frames: (J=compiled Java code, j=interpreted, Vv=VM code)
j  jogamp.opengl.gl4.GL4bcImpl.dispatch_glUseProgram1(IJ)V+0
j  jogamp.opengl.gl4.GL4bcImpl.glUseProgram(I)V+34
j  fr.ird.voxelidar.graphics3d.jogl.JoglListener$1.projMatrixChanged(Lfr/ird/voxelidar/math/matrix/Mat4F;)V+85
j  fr.ird.voxelidar.graphics3d.object.camera.TrackballCamera.fireProjectionMatrixChanged(Lfr/ird/voxelidar/math/matrix/Mat4F;)V+35
j  fr.ird.voxelidar.graphics3d.object.camera.TrackballCamera.updateProjMatrix()V+69
j  fr.ird.voxelidar.graphics3d.object.camera.TrackballCamera.setOrthographic(FFFFFF)V+39
j  fr.ird.voxelidar.frame.JFrameTools.jPanel21MouseClicked(Ljava/awt/event/MouseEvent;)V+141
j  fr.ird.voxelidar.frame.JFrameTools.access$1100(Lfr/ird/voxelidar/frame/JFrameTools;Ljava/awt/event/MouseEvent;)V+2
j  fr.ird.voxelidar.frame.JFrameTools$12.mouseClicked(Ljava/awt/event/MouseEvent;)V+5
j  java.awt.Component.processMouseEvent(Ljava/awt/event/MouseEvent;)V+74
j  javax.swing.JComponent.processMouseEvent(Ljava/awt/event/MouseEvent;)V+23
j  java.awt.Component.processEvent(Ljava/awt/AWTEvent;)V+81
j  java.awt.Container.processEvent(Ljava/awt/AWTEvent;)V+18
j  java.awt.Component.dispatchEventImpl(Ljava/awt/AWTEvent;)V+581
j  java.awt.Container.dispatchEventImpl(Ljava/awt/AWTEvent;)V+42
J 310 C2 java.awt.LightweightDispatcher.retargetMouseEvent(Ljava/awt/Component;ILjava/awt/event/MouseEvent;)V (350 bytes) @ 0x00000000027a8ed8 [0x00000000027a8980+0x558]
j  java.awt.LightweightDispatcher.processMouseEvent(Ljava/awt/event/MouseEvent;)Z+157
j  java.awt.LightweightDispatcher.dispatchEvent(Ljava/awt/AWTEvent;)Z+50
j  java.awt.Container.dispatchEventImpl(Ljava/awt/AWTEvent;)V+12
j  java.awt.Window.dispatchEventImpl(Ljava/awt/AWTEvent;)V+19
j  java.awt.Component.dispatchEvent(Ljava/awt/AWTEvent;)V+2
j  java.awt.EventQueue.dispatchEventImpl(Ljava/awt/AWTEvent;Ljava/lang/Object;)V+41
j  java.awt.EventQueue.access$200(Ljava/awt/EventQueue;Ljava/awt/AWTEvent;Ljava/lang/Object;)V+3
j  java.awt.EventQueue$3.run()Ljava/lang/Void;+12
j  java.awt.EventQueue$3.run()Ljava/lang/Object;+1
v  ~StubRoutines::call_stub
j  java.security.AccessController.doPrivileged(Ljava/security/PrivilegedAction;Ljava/security/AccessControlContext;)Ljava/lang/Object;+0
j  java.security.ProtectionDomain$1.doIntersectionPrivilege(Ljava/security/PrivilegedAction;Ljava/security/AccessControlContext;Ljava/security/AccessControlContext;)Ljava/lang/Object;+28
j  java.security.ProtectionDomain$1.doIntersectionPrivilege(Ljava/security/PrivilegedAction;Ljava/security/AccessControlContext;)Ljava/lang/Object;+6
j  java.awt.EventQueue$4.run()Ljava/lang/Void;+11
j  java.awt.EventQueue$4.run()Ljava/lang/Object;+1
v  ~StubRoutines::call_stub
j  java.security.AccessController.doPrivileged(Ljava/security/PrivilegedAction;Ljava/security/AccessControlContext;)Ljava/lang/Object;+0
J 366 C2 java.awt.EventDispatchThread.pumpOneEventForFilters(I)V (295 bytes) @ 0x00000000027cdbf0 [0x00000000027cd060+0xb90]
j  java.awt.EventDispatchThread.pumpEventsForFilter(ILjava/awt/Conditional;Ljava/awt/EventFilter;)V+35
j  java.awt.EventDispatchThread.pumpEventsForHierarchy(ILjava/awt/Conditional;Ljava/awt/Component;)V+11
j  java.awt.EventDispatchThread.pumpEvents(ILjava/awt/Conditional;)V+4
j  java.awt.EventDispatchThread.pumpEvents(Ljava/awt/Conditional;)V+3
j  java.awt.EventDispatchThread.run()V+9
v  ~StubRoutines::call_stub

---------------  P R O C E S S  ---------------

Java Threads: ( => current thread )
  0x000000000e78a800 JavaThread "SwingWorker-pool-2-thread-1" daemon [_thread_blocked, id=6736, stack(0x0000000018c80000,0x0000000018d80000)]
  0x000000000ebab800 JavaThread "AWT-EventQueue-0-FPSAWTAnimator-Timer0" [_thread_blocked, id=3164, stack(0x00000000189d0000,0x0000000018ad0000)]
  0x000000000ebe7000 JavaThread "AWT-EventQueue-0-Display-.windows_nil-1-EDT-1" daemon [_thread_blocked, id=4952, stack(0x00000000173a0000,0x00000000174a0000)]
  0x000000000e86e800 JavaThread "AWT-EventQueue-0-SharedResourceRunner" daemon [_thread_blocked, id=4484, stack(0x00000000175f0000,0x00000000176f0000)]
  0x000000000e784800 JavaThread "D3D Screen Updater" daemon [_thread_blocked, id=5128, stack(0x0000000014e20000,0x0000000014f20000)]
  0x000000000221a000 JavaThread "DestroyJavaVM" [_thread_blocked, id=2880, stack(0x0000000002580000,0x0000000002680000)]
  0x00000000135b5000 JavaThread "TimerQueue" daemon [_thread_blocked, id=7128, stack(0x00000000148c0000,0x00000000149c0000)]
  0x000000000e4c3800 JavaThread "org.netbeans.modules.debugger.jpda.visual AWT Access Loop" daemon [_thread_blocked, id=7084, stack(0x0000000013410000,0x0000000013510000)]
  0x000000000e45e800 JavaThread "Swing-Shell" daemon [_thread_blocked, id=4980, stack(0x00000000123e0000,0x00000000124e0000)]
=>0x000000000e44d800 JavaThread "AWT-EventQueue-0" [_thread_in_native, id=4976, stack(0x0000000012030000,0x0000000012130000)]
  0x000000000c429800 JavaThread "AWT-Windows" daemon [_thread_in_native, id=2568, stack(0x000000000ed10000,0x000000000ee10000)]
  0x000000000c428800 JavaThread "AWT-Shutdown" [_thread_blocked, id=5444, stack(0x000000000ee20000,0x000000000ef20000)]
  0x000000000c427800 JavaThread "Java2D Disposer" daemon [_thread_blocked, id=5312, stack(0x000000000ec10000,0x000000000ed10000)]
  0x000000000c1eb800 JavaThread "Service Thread" daemon [_thread_blocked, id=1588, stack(0x000000000e200000,0x000000000e300000)]
  0x000000000c1e3000 JavaThread "C2 CompilerThread1" daemon [_thread_blocked, id=6212, stack(0x000000000dee0000,0x000000000dfe0000)]
  0x000000000c1d6000 JavaThread "C2 CompilerThread0" daemon [_thread_blocked, id=6948, stack(0x000000000e080000,0x000000000e180000)]
  0x000000000c1c4000 JavaThread "JDWP Command Reader" daemon [_thread_in_native, id=5588, stack(0x000000000ddc0000,0x000000000dec0000)]
  0x000000000c1c3000 JavaThread "JDWP Event Helper Thread" daemon [_thread_blocked, id=6392, stack(0x000000000d750000,0x000000000d850000)]
  0x000000000c1b5800 JavaThread "JDWP Transport Listener: dt_socket" daemon [_thread_blocked, id=5220, stack(0x000000000dc50000,0x000000000dd50000)]
  0x000000000b11a800 JavaThread "Attach Listener" daemon [_thread_blocked, id=6380, stack(0x000000000d850000,0x000000000d950000)]
  0x000000000b11a000 JavaThread "Signal Dispatcher" daemon [_thread_blocked, id=3280, stack(0x000000000d650000,0x000000000d750000)]
  0x00000000022af800 JavaThread "Finalizer" daemon [_thread_blocked, id=6824, stack(0x000000000d490000,0x000000000d590000)]
  0x00000000022ae800 JavaThread "Reference Handler" daemon [_thread_blocked, id=2044, stack(0x000000000d320000,0x000000000d420000)]

Other Threads:
  0x000000000c173800 VMThread [stack: 0x000000000d1b0000,0x000000000d2b0000] [id=2492]
  0x000000000c1d7000 WatcherThread [stack: 0x000000000e300000,0x000000000e400000] [id=1604]

VM state:not at safepoint (normal execution)

VM Mutex/Monitor currently owned by a thread: None

Heap
 PSYoungGen      total 431616K, used 173705K [0x00000007d5500000, 0x00000007f8b00000, 0x0000000800000000)
  eden space 351232K, 26% used [0x00000007d5500000,0x00000007db0281f0,0x00000007eac00000)
  from space 80384K, 99% used [0x00000007f1080000,0x00000007f5efa428,0x00000007f5f00000)
  to   space 102912K, 0% used [0x00000007eac00000,0x00000007eac00000,0x00000007f1080000)
 ParOldGen       total 261632K, used 79959K [0x0000000780000000, 0x000000078ff80000, 0x00000007d5500000)
  object space 261632K, 30% used [0x0000000780000000,0x0000000784e15c98,0x000000078ff80000)
 PSPermGen       total 22528K, used 22368K [0x000000077ae00000, 0x000000077c400000, 0x0000000780000000)
  object space 22528K, 99% used [0x000000077ae00000,0x000000077c3d8110,0x000000077c400000)

Card table byte_map: [0x0000000005680000,0x0000000005ab0000] byte_map_base: 0x0000000001aa9000

Polling page: 0x0000000000430000

Code Cache  [0x0000000002680000, 0x00000000028f0000, 0x0000000005680000)
 total_blobs=1309 nmethods=499 adapters=771 free_code_cache=47177Kb largest_free_block=48227648

Compilation events (10 events):
Event: 21.826 Thread 0x000000000c1d6000  527             javax.swing.event.EventListenerList::getListeners (73 bytes)
Event: 21.826 Thread 0x000000000c1e3000  528             sun.awt.EventQueueItem::<init> (10 bytes)
Event: 21.827 Thread 0x000000000c1e3000 nmethod 528 0x000000000284c190 code [0x000000000284c2c0, 0x000000000284c338]
Event: 21.835 Thread 0x000000000c1d6000 nmethod 527 0x000000000286a590 code [0x000000000286a700, 0x000000000286aed8]
Event: 21.897 Thread 0x000000000c1e3000  529             javax.swing.event.EventListenerList::getListeners (73 bytes)
Event: 21.909 Thread 0x000000000c1e3000 nmethod 529 0x000000000286c0d0 code [0x000000000286c260, 0x000000000286cd58]
Event: 22.747 Thread 0x000000000c1d6000  530             java.awt.Point::<init> (15 bytes)
Event: 22.748 Thread 0x000000000c1d6000 nmethod 530 0x0000000002753d50 code [0x0000000002753e80, 0x0000000002753ed8]
Event: 22.781 Thread 0x000000000c1e3000  531             java.util.concurrent.locks.AbstractQueuedSynchronizer$ConditionObject::signalAll (33 bytes)
Event: 22.783 Thread 0x000000000c1e3000 nmethod 531 0x000000000284ed50 code [0x000000000284eec0, 0x000000000284f098]

GC Heap History (10 events):
Event: 15.923 GC heap before
{Heap before GC invocations=4 (full 0):
 PSYoungGen      total 114688K, used 108747K [0x00000007d5500000, 0x00000007dd500000, 0x0000000800000000)
  eden space 98304K, 100% used [0x00000007d5500000,0x00000007db500000,0x00000007db500000)
  from space 16384K, 63% used [0x00000007db500000,0x00000007dbf32d28,0x00000007dc500000)
  to   space 16384K, 0% used [0x00000007dc500000,0x00000007dc500000,0x00000007dd500000)
 ParOldGen       total 261632K, used 16K [0x0000000780000000, 0x000000078ff80000, 0x00000007d5500000)
  object space 261632K, 0% used [0x0000000780000000,0x0000000780004000,0x000000078ff80000)
 PSPermGen       total 22528K, used 22076K [0x000000077ae00000, 0x000000077c400000, 0x0000000780000000)
  object space 22528K, 97% used [0x000000077ae00000,0x000000077c38f298,0x000000077c400000)
Event: 15.939 GC heap after
Heap after GC invocations=4 (full 0):
 PSYoungGen      total 114688K, used 16376K [0x00000007d5500000, 0x00000007dd500000, 0x0000000800000000)
  eden space 98304K, 0% used [0x00000007d5500000,0x00000007d5500000,0x00000007db500000)
  from space 16384K, 99% used [0x00000007dc500000,0x00000007dd4fe1a0,0x00000007dd500000)
  to   space 16384K, 0% used [0x00000007db500000,0x00000007db500000,0x00000007dc500000)
 ParOldGen       total 261632K, used 2435K [0x0000000780000000, 0x000000078ff80000, 0x00000007d5500000)
  object space 261632K, 0% used [0x0000000780000000,0x0000000780260e88,0x000000078ff80000)
 PSPermGen       total 22528K, used 22076K [0x000000077ae00000, 0x000000077c400000, 0x0000000780000000)
  object space 22528K, 97% used [0x000000077ae00000,0x000000077c38f298,0x000000077c400000)
}
Event: 16.048 GC heap before
{Heap before GC invocations=5 (full 0):
 PSYoungGen      total 114688K, used 114680K [0x00000007d5500000, 0x00000007dd500000, 0x0000000800000000)
  eden space 98304K, 100% used [0x00000007d5500000,0x00000007db500000,0x00000007db500000)
  from space 16384K, 99% used [0x00000007dc500000,0x00000007dd4fe1a0,0x00000007dd500000)
  to   space 16384K, 0% used [0x00000007db500000,0x00000007db500000,0x00000007dc500000)
 ParOldGen       total 261632K, used 2435K [0x0000000780000000, 0x000000078ff80000, 0x00000007d5500000)
  object space 261632K, 0% used [0x0000000780000000,0x0000000780260e88,0x000000078ff80000)
 PSPermGen       total 22528K, used 22085K [0x000000077ae00000, 0x000000077c400000, 0x0000000780000000)
  object space 22528K, 98% used [0x000000077ae00000,0x000000077c391610,0x000000077c400000)
Event: 16.096 GC heap after
Heap after GC invocations=5 (full 0):
 PSYoungGen      total 114688K, used 16383K [0x00000007d5500000, 0x00000007e6400000, 0x0000000800000000)
  eden space 98304K, 0% used [0x00000007d5500000,0x00000007d5500000,0x00000007db500000)
  from space 16384K, 99% used [0x00000007db500000,0x00000007dc4ffea0,0x00000007dc500000)
  to   space 40448K, 0% used [0x00000007e3c80000,0x00000007e3c80000,0x00000007e6400000)
 ParOldGen       total 261632K, used 28051K [0x0000000780000000, 0x000000078ff80000, 0x00000007d5500000)
  object space 261632K, 10% used [0x0000000780000000,0x0000000781b64e88,0x000000078ff80000)
 PSPermGen       total 22528K, used 22085K [0x000000077ae00000, 0x000000077c400000, 0x0000000780000000)
  object space 22528K, 98% used [0x000000077ae00000,0x000000077c391610,0x000000077c400000)
}
Event: 16.212 GC heap before
{Heap before GC invocations=6 (full 0):
 PSYoungGen      total 114688K, used 114687K [0x00000007d5500000, 0x00000007e6400000, 0x0000000800000000)
  eden space 98304K, 100% used [0x00000007d5500000,0x00000007db500000,0x00000007db500000)
  from space 16384K, 99% used [0x00000007db500000,0x00000007dc4ffea0,0x00000007dc500000)
  to   space 40448K, 0% used [0x00000007e3c80000,0x00000007e3c80000,0x00000007e6400000)
 ParOldGen       total 261632K, used 28051K [0x0000000780000000, 0x000000078ff80000, 0x00000007d5500000)
  object space 261632K, 10% used [0x0000000780000000,0x0000000781b64e88,0x000000078ff80000)
 PSPermGen       total 22528K, used 22085K [0x000000077ae00000, 0x000000077c400000, 0x0000000780000000)
  object space 22528K, 98% used [0x000000077ae00000,0x000000077c3917d8,0x000000077c400000)
Event: 16.258 GC heap after
Heap after GC invocations=6 (full 0):
 PSYoungGen      total 227328K, used 40049K [0x00000007d5500000, 0x00000007e7700000, 0x0000000800000000)
  eden space 186880K, 0% used [0x00000007d5500000,0x00000007d5500000,0x00000007e0b80000)
  from space 40448K, 99% used [0x00000007e3c80000,0x00000007e639c4c0,0x00000007e6400000)
  to   space 50176K, 0% used [0x00000007e0b80000,0x00000007e0b80000,0x00000007e3c80000)
 ParOldGen       total 261632K, used 28051K [0x0000000780000000, 0x000000078ff80000, 0x00000007d5500000)
  object space 261632K, 10% used [0x0000000780000000,0x0000000781b64e88,0x000000078ff80000)
 PSPermGen       total 22528K, used 22085K [0x000000077ae00000, 0x000000077c400000, 0x0000000780000000)
  object space 22528K, 98% used [0x000000077ae00000,0x000000077c3917d8,0x000000077c400000)
}
Event: 16.487 GC heap before
{Heap before GC invocations=7 (full 0):
 PSYoungGen      total 227328K, used 226929K [0x00000007d5500000, 0x00000007e7700000, 0x0000000800000000)
  eden space 186880K, 100% used [0x00000007d5500000,0x00000007e0b80000,0x00000007e0b80000)
  from space 40448K, 99% used [0x00000007e3c80000,0x00000007e639c4c0,0x00000007e6400000)
  to   space 50176K, 0% used [0x00000007e0b80000,0x00000007e0b80000,0x00000007e3c80000)
 ParOldGen       total 261632K, used 28051K [0x0000000780000000, 0x000000078ff80000, 0x00000007d5500000)
  object space 261632K, 10% used [0x0000000780000000,0x0000000781b64e88,0x000000078ff80000)
 PSPermGen       total 22528K, used 22090K [0x000000077ae00000, 0x000000077c400000, 0x0000000780000000)
  object space 22528K, 98% used [0x000000077ae00000,0x000000077c392b88,0x000000077c400000)
Event: 16.574 GC heap after
Heap after GC invocations=7 (full 0):
 PSYoungGen      total 237056K, used 50148K [0x00000007d5500000, 0x00000007f5f00000, 0x0000000800000000)
  eden space 186880K, 0% used [0x00000007d5500000,0x00000007d5500000,0x00000007e0b80000)
  from space 50176K, 99% used [0x00000007e0b80000,0x00000007e3c792f0,0x00000007e3c80000)
  to   space 80384K, 0% used [0x00000007f1080000,0x00000007f1080000,0x00000007f5f00000)
 ParOldGen       total 261632K, used 66003K [0x0000000780000000, 0x000000078ff80000, 0x00000007d5500000)
  object space 261632K, 25% used [0x0000000780000000,0x0000000784074c50,0x000000078ff80000)
 PSPermGen       total 22528K, used 22090K [0x000000077ae00000, 0x000000077c400000, 0x0000000780000000)
  object space 22528K, 98% used [0x000000077ae00000,0x000000077c392b88,0x000000077c400000)
}
Event: 16.881 GC heap before
{Heap before GC invocations=8 (full 0):
 PSYoungGen      total 237056K, used 237028K [0x00000007d5500000, 0x00000007f5f00000, 0x0000000800000000)
  eden space 186880K, 100% used [0x00000007d5500000,0x00000007e0b80000,0x00000007e0b80000)
  from space 50176K, 99% used [0x00000007e0b80000,0x00000007e3c792f0,0x00000007e3c80000)
  to   space 80384K, 0% used [0x00000007f1080000,0x00000007f1080000,0x00000007f5f00000)
 ParOldGen       total 261632K, used 66003K [0x0000000780000000, 0x000000078ff80000, 0x00000007d5500000)
  object space 261632K, 25% used [0x0000000780000000,0x0000000784074c50,0x000000078ff80000)
 PSPermGen       total 22528K, used 22108K [0x000000077ae00000, 0x000000077c400000, 0x0000000780000000)
  object space 22528K, 98% used [0x000000077ae00000,0x000000077c397068,0x000000077c400000)
Event: 16.955 GC heap after
Heap after GC invocations=8 (full 0):
 PSYoungGen      total 431616K, used 80361K [0x00000007d5500000, 0x00000007f8b00000, 0x0000000800000000)
  eden space 351232K, 0% used [0x00000007d5500000,0x00000007d5500000,0x00000007eac00000)
  from space 80384K, 99% used [0x00000007f1080000,0x00000007f5efa428,0x00000007f5f00000)
  to   space 102912K, 0% used [0x00000007eac00000,0x00000007eac00000,0x00000007f1080000)
 ParOldGen       total 261632K, used 79959K [0x0000000780000000, 0x000000078ff80000, 0x00000007d5500000)
  object space 261632K, 30% used [0x0000000780000000,0x0000000784e15c98,0x000000078ff80000)
 PSPermGen       total 22528K, used 22108K [0x000000077ae00000, 0x000000077c400000, 0x0000000780000000)
  object space 22528K, 98% used [0x000000077ae00000,0x000000077c397068,0x000000077c400000)
}

Deoptimization events (10 events):
Event: 16.762 Thread 0x000000000e78a800 Uncommon trap: reason=unreached action=reinterpret pc=0x0000000002844d54 method=fr.ird.voxelidar.graphics3d.object.voxelspace.VoxelSpace.readVoxelFormat2(Ljava/io/File;)V @ 160
Event: 17.103 Thread 0x000000000e78a800 Uncommon trap: reason=unloaded action=reinterpret pc=0x0000000002851c14 method=fr.ird.voxelidar.graphics3d.object.voxelspace.VoxelSpace.updateValue(Lfr/ird/voxelidar/graphics3d/mesh/Attribut;)V @ 318
Event: 17.114 Thread 0x000000000e78a800 Uncommon trap: reason=intrinsic action=make_not_entrant pc=0x000000000284d704 method=fr.ird.voxelidar.util.StandardDeviation.getFromFloatArray([F)F @ 58
Event: 19.303 Thread 0x000000000ebe7000 Uncommon trap: reason=unreached action=reinterpret pc=0x000000000271e638 method=java.lang.String.valueOf(Ljava/lang/Object;)Ljava/lang/String; @ 1
Event: 19.996 Thread 0x000000000ebab800 Uncommon trap: reason=class_check action=maybe_recompile pc=0x000000000283f744 method=javax.swing.event.EventListenerList.getListeners(Ljava/lang/Class;)[Ljava/util/EventListener; @ 17
Event: 19.997 Thread 0x000000000ebab800 Uncommon trap: reason=class_check action=maybe_recompile pc=0x000000000283f744 method=javax.swing.event.EventListenerList.getListeners(Ljava/lang/Class;)[Ljava/util/EventListener; @ 17
Event: 19.998 Thread 0x000000000ebab800 Uncommon trap: reason=class_check action=maybe_recompile pc=0x000000000283f744 method=javax.swing.event.EventListenerList.getListeners(Ljava/lang/Class;)[Ljava/util/EventListener; @ 17
Event: 21.825 Thread 0x000000000ebab800 Uncommon trap: reason=class_check action=maybe_recompile pc=0x000000000283f744 method=javax.swing.event.EventListenerList.getListeners(Ljava/lang/Class;)[Ljava/util/EventListener; @ 17
Event: 21.896 Thread 0x000000000ebab800 Uncommon trap: reason=predicate action=maybe_recompile pc=0x000000000286acb4 method=javax.swing.event.EventListenerList.getListeners(Ljava/lang/Class;)[Ljava/util/EventListener; @ 39
Event: 29.091 Thread 0x000000000e44d800 Uncommon trap: reason=array_check action=maybe_recompile pc=0x000000000286cabc method=javax.swing.event.EventListenerList.getListeners(Ljava/lang/Class;)[Ljava/util/EventListener; @ 63

Internal exceptions (10 events):
Event: 19.810 Thread 0x000000000ebab800 Threw 0x00000007da538d38 at C:\re\jdk7u67\1368\hotspot\src\share\vm\prims\jvm.cpp:1244
Event: 19.811 Thread 0x000000000ebab800 Threw 0x00000007da53f9b0 at C:\re\jdk7u67\1368\hotspot\src\share\vm\prims\jvm.cpp:1244
Event: 19.812 Thread 0x000000000ebab800 Threw 0x00000007da5459f8 at C:\re\jdk7u67\1368\hotspot\src\share\vm\prims\jvm.cpp:1244
Event: 19.813 Thread 0x000000000ebab800 Threw 0x00000007da54a9a8 at C:\re\jdk7u67\1368\hotspot\src\share\vm\prims\jvm.cpp:1244
Event: 19.813 Thread 0x000000000ebab800 Threw 0x00000007da54fdf0 at C:\re\jdk7u67\1368\hotspot\src\share\vm\prims\jvm.cpp:1244
Event: 19.906 Thread 0x000000000ebab800 Threw 0x00000007da60bb78 at C:\re\jdk7u67\1368\hotspot\src\share\vm\prims\jvm.cpp:1244
Event: 19.907 Thread 0x000000000ebab800 Threw 0x00000007da60dc30 at C:\re\jdk7u67\1368\hotspot\src\share\vm\prims\jvm.cpp:1244
Event: 19.908 Thread 0x000000000ebab800 Threw 0x00000007da6116a0 at C:\re\jdk7u67\1368\hotspot\src\share\vm\prims\jvm.cpp:1244
Event: 19.908 Thread 0x000000000ebab800 Threw 0x00000007da6150c8 at C:\re\jdk7u67\1368\hotspot\src\share\vm\prims\jvm.cpp:1244
Event: 23.286 Thread 0x000000000e44d800 Threw 0x00000007da2c07a0 at C:\re\jdk7u67\1368\hotspot\src\share\vm\prims\jvm.cpp:1244

Events (10 events):
Event: 58.713 Executing VM operation: ChangeSingleStep
Event: 58.713 Executing VM operation: ChangeSingleStep done
Event: 58.713 Executing VM operation: ChangeSingleStep
Event: 58.713 Executing VM operation: ChangeSingleStep done
Event: 58.713 Executing VM operation: GetCurrentLocation
Event: 58.713 Executing VM operation: GetCurrentLocation done
Event: 58.713 Executing VM operation: ChangeSingleStep
Event: 58.713 Executing VM operation: ChangeSingleStep done
Event: 58.713 Executing VM operation: ChangeSingleStep
Event: 58.713 Executing VM operation: ChangeSingleStep done


Dynamic libraries:
0x000000013f240000 - 0x000000013f273000 	C:\Program Files\Java\jdk1.7.0_67\bin\java.exe
0x0000000076cb0000 - 0x0000000076e59000 	C:\Windows\SYSTEM32\ntdll.dll
0x0000000076b90000 - 0x0000000076caf000 	C:\Windows\system32\kernel32.dll
0x000007fefcba0000 - 0x000007fefcc0c000 	C:\Windows\system32\KERNELBASE.dll
0x000007fefea70000 - 0x000007fefeb4b000 	C:\Windows\system32\ADVAPI32.dll
0x000007fefd0c0000 - 0x000007fefd15f000 	C:\Windows\system32\msvcrt.dll
0x000007fefec10000 - 0x000007fefec2f000 	C:\Windows\SYSTEM32\sechost.dll
0x000007fefd160000 - 0x000007fefd28d000 	C:\Windows\system32\RPCRT4.dll
0x0000000076a90000 - 0x0000000076b8a000 	C:\Windows\system32\USER32.dll
0x000007fefd290000 - 0x000007fefd2f7000 	C:\Windows\system32\GDI32.dll
0x000007fefd660000 - 0x000007fefd66e000 	C:\Windows\system32\LPK.dll
0x000007fefd300000 - 0x000007fefd3c9000 	C:\Windows\system32\USP10.dll
0x000007fefb1f0000 - 0x000007fefb3e4000 	C:\Windows\WinSxS\amd64_microsoft.windows.common-controls_6595b64144ccf1df_6.0.7601.17514_none_fa396087175ac9ac\COMCTL32.dll
0x000007fefe9f0000 - 0x000007fefea61000 	C:\Windows\system32\SHLWAPI.dll
0x000007fefebc0000 - 0x000007fefebee000 	C:\Windows\system32\IMM32.DLL
0x000007fefe630000 - 0x000007fefe739000 	C:\Windows\system32\MSCTF.dll
0x0000000065db0000 - 0x0000000065e82000 	C:\Program Files\Java\jdk1.7.0_67\jre\bin\msvcr100.dll
0x0000000063e90000 - 0x0000000064662000 	C:\Program Files\Java\jdk1.7.0_67\jre\bin\server\jvm.dll
0x000007fef9f20000 - 0x000007fef9f29000 	C:\Windows\system32\WSOCK32.dll
0x000007fefeef0000 - 0x000007fefef3d000 	C:\Windows\system32\WS2_32.dll
0x000007fefebb0000 - 0x000007fefebb8000 	C:\Windows\system32\NSI.dll
0x000007fef9510000 - 0x000007fef954b000 	C:\Windows\system32\WINMM.dll
0x0000000076e70000 - 0x0000000076e77000 	C:\Windows\system32\PSAPI.DLL
0x0000000068f20000 - 0x0000000068f2f000 	C:\Program Files\Java\jdk1.7.0_67\jre\bin\verify.dll
0x0000000065d40000 - 0x0000000065d68000 	C:\Program Files\Java\jdk1.7.0_67\jre\bin\java.dll
0x0000000063e50000 - 0x0000000063e85000 	C:\Program Files\Java\jdk1.7.0_67\jre\bin\jdwp.dll
0x0000000073600000 - 0x0000000073608000 	C:\Program Files\Java\jdk1.7.0_67\jre\bin\npt.dll
0x0000000065b80000 - 0x0000000065b95000 	C:\Program Files\Java\jdk1.7.0_67\jre\bin\zip.dll
0x00000000735f0000 - 0x00000000735f9000 	C:\Program Files\Java\jdk1.7.0_67\jre\bin\dt_socket.dll
0x000007fefc1e0000 - 0x000007fefc235000 	C:\Windows\system32\mswsock.dll
0x000007fefbc50000 - 0x000007fefbc57000 	C:\Windows\System32\wshtcpip.dll
0x0000000065430000 - 0x00000000655c5000 	C:\Program Files\Java\jdk1.7.0_67\jre\bin\awt.dll
0x000007fefee10000 - 0x000007fefeee7000 	C:\Windows\system32\OLEAUT32.dll
0x000007fefe740000 - 0x000007fefe943000 	C:\Windows\system32\ole32.dll
0x000007fefa810000 - 0x000007fefa828000 	C:\Windows\system32\DWMAPI.DLL
0x000007fefaf90000 - 0x000007fefafe6000 	C:\Windows\system32\uxtheme.dll
0x000007fefc950000 - 0x000007fefc95f000 	C:\Windows\system32\CRYPTBASE.dll
0x000007fee9770000 - 0x000007fee996f000 	C:\Windows\system32\d3d9.dll
0x000007fefbf60000 - 0x000007fefbf6c000 	C:\Windows\system32\VERSION.dll
0x000007fef9db0000 - 0x000007fef9db7000 	C:\Windows\system32\d3d8thk.dll
0x000007fee3f60000 - 0x000007fee5015000 	C:\Windows\system32\nvd3dumx.dll
0x000007fefb5f0000 - 0x000007fefb61c000 	C:\Windows\system32\powrprof.dll
0x000007fefec30000 - 0x000007fefee07000 	C:\Windows\system32\SETUPAPI.dll
0x000007fefcce0000 - 0x000007fefcd16000 	C:\Windows\system32\CFGMGR32.dll
0x000007fefccc0000 - 0x000007fefccda000 	C:\Windows\system32\DEVOBJ.dll
0x000007fee9470000 - 0x000007fee95da000 	C:\Program Files (x86)\NVIDIA Corporation\3D Vision\nvSCPAPI64.dll
0x000007fefd670000 - 0x000007fefe3f8000 	C:\Windows\system32\SHELL32.dll
0x000007fef8fe0000 - 0x000007fef9313000 	C:\Windows\system32\nvapi64.dll
0x000007fefcb60000 - 0x000007fefcb9a000 	C:\Windows\system32\WINTRUST.dll
0x000007fefcd40000 - 0x000007fefceac000 	C:\Windows\system32\CRYPT32.dll
0x000007fefcaf0000 - 0x000007fefcaff000 	C:\Windows\system32\MSASN1.dll
0x000007fef93a0000 - 0x000007fef9440000 	C:\Windows\WinSxS\amd64_microsoft.windows.common-controls_6595b64144ccf1df_5.82.7601.18201_none_a4d3b9377117c3df\comctl32.dll
0x00000000653e0000 - 0x0000000065427000 	C:\Program Files\Java\jdk1.7.0_67\jre\bin\fontmanager.dll
0x0000000065630000 - 0x0000000065649000 	C:\Program Files\Java\jdk1.7.0_67\jre\bin\net.dll
0x000007fefc2e0000 - 0x000007fefc2e7000 	C:\Windows\System32\wship6.dll
0x00000000655d0000 - 0x00000000655e1000 	C:\Program Files\Java\jdk1.7.0_67\jre\bin\nio.dll
0x0000000065390000 - 0x00000000653d1000 	C:\Program Files\Java\jdk1.7.0_67\jre\bin\t2k.dll
0x000007fefe950000 - 0x000007fefe9e9000 	C:\Windows\system32\CLBCatQ.DLL
0x000007fefb470000 - 0x000007fefb59c000 	C:\Windows\system32\propsys.dll
0x000007fefb3f0000 - 0x000007fefb41d000 	C:\Windows\system32\ntmarta.dll
0x000007fefeb50000 - 0x000007fefeba2000 	C:\Windows\system32\WLDAP32.dll
0x000007fefc8f0000 - 0x000007fefc947000 	C:\Windows\system32\apphelp.dll
0x000007fef51d0000 - 0x000007fef536c000 	C:\Windows\system32\NetworkExplorer.dll
0x000007fef5630000 - 0x000007fef5664000 	C:\Windows\System32\shdocvw.dll
0x000007fefcb00000 - 0x000007fefcb0f000 	C:\Windows\system32\profapi.dll
0x000007fefb020000 - 0x000007fefb02b000 	C:\Windows\system32\slc.dll
0x000007fef9f30000 - 0x000007fef9f48000 	C:\Windows\system32\MPR.dll
0x00000000711c0000 - 0x00000000711d2000 	C:\Windows\system32\snacnp.dll
0x000007fef8ee0000 - 0x000007fef8fd7000 	C:\Windows\system32\ncnetprovider.dll
0x000007fef9f50000 - 0x000007fef9f6e000 	C:\Windows\system32\NCLangID.dll
0x000007fef8c30000 - 0x000007fef8c5c000 	C:\Windows\system32\MAPBASE.dll
0x0000000050d20000 - 0x0000000050d67000 	C:\Windows\system32\CALWIN32.DLL
0x00000000065f0000 - 0x0000000006611000 	C:\Windows\system32\CLNWIN32.DLL
0x0000000050df0000 - 0x0000000050e22000 	C:\Windows\system32\LOCWIN32.DLL
0x000000000d2b0000 - 0x000000000d2f5000 	C:\Windows\system32\NCPWIN32.dll
0x0000000050da0000 - 0x0000000050db3000 	C:\Windows\system32\CLXWIN32.DLL
0x000000000d420000 - 0x000000000d465000 	C:\Windows\system32\NETWIN32.DLL
0x000007fef8be0000 - 0x000007fef8c25000 	C:\Windows\system32\NWSHLXNT.dll
0x000007fefa2d0000 - 0x000007fefa2e6000 	C:\Windows\system32\NETAPI32.dll
0x000007fefa2c0000 - 0x000007fefa2cc000 	C:\Windows\system32\netutils.dll
0x000007fefc590000 - 0x000007fefc5b3000 	C:\Windows\system32\srvcli.dll
0x000007fefa290000 - 0x000007fefa2a5000 	C:\Windows\system32\wkscli.dll
0x000007fefa050000 - 0x000007fefa064000 	C:\Windows\system32\SAMCLI.DLL
0x000007fef8bc0000 - 0x000007fef8bd2000 	C:\Windows\system32\BROWCLI.DLL
0x000007fefbd30000 - 0x000007fefbd41000 	C:\Windows\system32\WTSAPI32.dll
0x0000000074620000 - 0x0000000074625000 	C:\Windows\system32\nls\FRANCAIS\NCLangIDR.DLL
0x00000000738b0000 - 0x00000000738c7000 	C:\Windows\system32\nls\FRANCAIS\MAPBASER.DLL
0x0000000073890000 - 0x00000000738aa000 	C:\Windows\system32\nls\FRANCAIS\NWSHLXNTR.DLL
0x0000000073170000 - 0x00000000731ec000 	C:\Windows\system32\nls\FRANCAIS\ncnetproviderR.DLL
0x000007fefc8c0000 - 0x000007fefc8e5000 	C:\Windows\system32\SspiCli.dll
0x000007fef51c0000 - 0x000007fef51ca000 	C:\Windows\System32\drprov.dll
0x000007fefc960000 - 0x000007fefc99d000 	C:\Windows\System32\WINSTA.dll
0x000007fef5190000 - 0x000007fef51b2000 	C:\Windows\System32\ntlanman.dll
0x000007fef5170000 - 0x000007fef518d000 	C:\Windows\System32\davclnt.dll
0x000007fef5160000 - 0x000007fef516a000 	C:\Windows\System32\DAVHLPR.dll
0x000007fef5a40000 - 0x000007fef5a4f000 	C:\Windows\system32\cscapi.dll
0x000007feee5b0000 - 0x000007feee821000 	C:\Windows\system32\wpdshext.dll
0x000007fefaa50000 - 0x000007fefac66000 	C:\Windows\WinSxS\amd64_microsoft.windows.gdiplus_6595b64144ccf1df_1.1.7601.18455_none_2b283fd671e9bf4d\gdiplus.dll
0x000007fef4940000 - 0x000007fef49fd000 	C:\Windows\system32\PortableDeviceApi.dll
0x000007fef5910000 - 0x000007fef5945000 	C:\Windows\system32\EhStorShell.dll
0x000007fef5570000 - 0x000007fef5597000 	C:\Windows\system32\EhStorAPI.dll
0x000007fef5620000 - 0x000007fef562c000 	C:\Windows\system32\LINKINFO.dll
0x000007fefa470000 - 0x000007fefa5d1000 	C:\Windows\system32\WindowsCodecs.dll
0x0000000073410000 - 0x0000000073426000 	C:\Program Files\Common Files\TortoiseOverlays\TortoiseOverlays.dll
0x0000000073250000 - 0x0000000073267000 	C:\Program Files\TortoiseSVN\bin\TortoiseStub.dll
0x0000000071780000 - 0x00000000717fd000 	C:\Program Files\TortoiseSVN\bin\TortoiseSVN.dll
0x000007fefe400000 - 0x000007fefe62c000 	C:\Windows\system32\WININET.dll
0x000007fefcd20000 - 0x000007fefcd24000 	C:\Windows\system32\api-ms-win-downlevel-user32-l1-1-0.dll
0x000007fefcb10000 - 0x000007fefcb15000 	C:\Windows\system32\api-ms-win-downlevel-advapi32-l1-1-0.dll
0x000007fefcb50000 - 0x000007fefcb54000 	C:\Windows\system32\api-ms-win-downlevel-shlwapi-l1-1-0.dll
0x000007fefcd30000 - 0x000007fefcd34000 	C:\Windows\system32\api-ms-win-downlevel-version-l1-1-0.dll
0x000007fefcb40000 - 0x000007fefcb43000 	C:\Windows\system32\api-ms-win-downlevel-normaliz-l1-1-0.dll
0x0000000076e80000 - 0x0000000076e83000 	C:\Windows\system32\normaliz.DLL
0x000007fefd3d0000 - 0x000007fefd65e000 	C:\Windows\system32\iertutil.dll
0x000007fefcb20000 - 0x000007fefcb3e000 	C:\Windows\system32\USERENV.dll
0x000007fef64e0000 - 0x000007fef6956000 	C:\Program Files\TortoiseSVN\bin\libsvn_tsvn.dll
0x0000000073220000 - 0x000000007324e000 	C:\Program Files\TortoiseSVN\bin\libapr_tsvn.dll
0x000007fef6400000 - 0x000007fef64d4000 	C:\Windows\system32\MSVCR110.dll
0x0000000071460000 - 0x00000000714a5000 	C:\Program Files\TortoiseSVN\bin\libaprutil_tsvn.dll
0x000007fef6380000 - 0x000007fef6391000 	C:\Program Files\TortoiseSVN\bin\intl3_tsvn.dll
0x000007fef6360000 - 0x000007fef6379000 	C:\Program Files\TortoiseSVN\bin\libsasl.dll
0x000007fefc880000 - 0x000007fefc88b000 	C:\Windows\system32\Secur32.dll
0x000007fef62b0000 - 0x000007fef6357000 	C:\Windows\system32\MSVCP110.dll
0x0000000071350000 - 0x000000007136b000 	C:\Program Files\TortoiseGit\bin\TortoiseGitStub.dll
0x00000000712c0000 - 0x000000007134e000 	C:\Program Files\TortoiseGit\bin\TortoiseGit.dll
0x000007fef5f80000 - 0x000007fef604e000 	C:\Program Files\TortoiseGit\bin\libgit2_tgit.dll
0x000007fef5ea0000 - 0x000007fef5eb8000 	C:\Program Files\TortoiseGit\bin\zlib1_tgit.dll
0x000007fef5d80000 - 0x000007fef5e6f000 	C:\Windows\system32\MSVCR120.dll

VM Arguments:
jvm_args: -Xdebug -Xrunjdwp:transport=dt_socket,server=n,address=51134 -Xmx2G 
java_command: fr.ird.voxelidar.Principal
Launcher Type: SUN_STANDARD

Environment Variables:
JAVA_HOME=C:\Program Files\Java\jdk1.7.0_67
CLASSPATH=C:\Program Files\OpenNI\Bin64\org.OpenNI.jar
PATH=C:\Program Files\Java\jdk1.7.0_67\bin;C:\Python27\Lib\site-packages\PyQt4;C:\Program Files (x86)\Common Files\Intergraph\Grid Analysis SDK\1.0\Program;C:\Windows\system32;C:\Windows;C:\Windows\System32\Wbem;C:\Windows\System32\WindowsPowerShell\v1.0\;C:\Windows\Program Files (x86)\Common Files\Roxio Shared\DLLShared\;C:\Program Files (x86)\Common Files\Roxio Shared\10.0\DLLShared\;C:\Windows\Program Files\Java\jdk1.7.0_67\bin;C:\Program Files\java\ssj\lib\;C:\Program Files\MATLAB\R2010a\bin;C:\Program Files\OpenNI\Bin64;C:\Program Files\PCL 1.6.0\bin;C:\Program Files\TortoiseSVN\bin;C:\Program Files\Microsoft SQL Server\110\Tools\Binn\;C:\MinGW3\bin;C:\Program Files\TortoiseGit\bin;c:\users\julien\appdata\local\enthought\canopy\user;c:\users\julien\appdata\local\enthought\canopy\user\scripts
USERNAME=Julien
OS=Windows_NT
PROCESSOR_IDENTIFIER=Intel64 Family 6 Model 44 Stepping 2, GenuineIntel



---------------  S Y S T E M  ---------------

OS: Windows 7 , 64 bit Build 7601 Service Pack 1

CPU:total 8 (4 cores per cpu, 2 threads per core) family 6 model 44 stepping 2, cmov, cx8, fxsr, mmx, sse, sse2, sse3, ssse3, sse4.1, sse4.2, popcnt, aes, ht, tsc, tscinvbit, tscinv

Memory: 4k page, physical 25148644k(17639948k free), swap 50295424k(41365232k free)

vm_info: Java HotSpot(TM) 64-Bit Server VM (24.65-b04) for windows-amd64 JRE (1.7.0_67-b01), built on Jul 25 2014 08:55:00 by "java_re" with unknown MS VC++:1600

time: Tue Dec 16 18:29:36 2014
elapsed time: 58 seconds

