#
# A fatal error has been detected by the Java Runtime Environment:
#
#  EXCEPTION_UNCAUGHT_CXX_EXCEPTION (0xe06d7363) at pc=0x000007fefcc1940d, pid=6368, tid=6412
#
# JRE version: Java(TM) SE Runtime Environment (8.0_31-b13) (build 1.8.0_31-b13)
# Java VM: Java HotSpot(TM) 64-Bit Server VM (25.31-b07 mixed mode windows-amd64 compressed oops)
# Problematic frame:
# C  [KERNELBASE.dll+0x940d]
#
# Failed to write core dump. Minidumps are not enabled by default on client versions of Windows
#
# If you would like to submit a bug report, please visit:
#   http://bugreport.java.com/bugreport/crash.jsp
# The crash happened outside the Java Virtual Machine in native code.
# See problematic frame for where to report the bug.
#

---------------  T H R E A D  ---------------

Current thread (0x000000002b2f9800):  JavaThread "Thread-3" daemon [_thread_in_native, id=6412, stack(0x000000002dd30000,0x000000002de30000)]

siginfo: ExceptionCode=0xe06d7363, ExceptionInformation=0x0000000019930520 0x000000002de2e2b0 0x000007fee7ffb8d0 0x000007fee7dc0000 

Registers:
RAX=0x000000005929f6c7, RBX=0x000000002de2db00, RCX=0x000000002de2b7c0, RDX=0x0000000000002340
RSP=0x000000002de2bdd0, RBP=0x000000002de2c470, RSI=0x000000002de2e130, RDI=0x000000002de2cbd0
R8 =0x0000000000000000, R9 =0x0000000000000000, R10=0x000007fee7dc0000, R11=0x000000002de2be10
R12=0x000000002de2bf18, R13=0x0000000000000000, R14=0x000000002de2d1f8, R15=0x0000000000000000
RIP=0x000007fefcc1940d, EFLAGS=0x0000000000000202

Top of Stack: (sp=0x000000002de2bdd0)
0x000000002de2bdd0:   000000002de2db00 000000002de2e130
0x000000002de2bde0:   000000002de2cbd0 0000000000000004
0x000000002de2bdf0:   00000001e06d7363 0000000000000000
0x000000002de2be00:   000007fefcc1940d 0000000000000004
0x000000002de2be10:   0000000019930520 000000002de2e2b0
0x000000002de2be20:   000007fee7ffb8d0 000007fee7dc0000
0x000000002de2be30:   000000002de2cbd0 000007fee7ef9418
0x000000002de2be40:   000000002de2bf18 0000000026000000
0x000000002de2be50:   0000000000000000 000000002de2c470
0x000000002de2be60:   000000002de2cbd0 000007fee7ef938b
0x000000002de2be70:   000000002de2db00 000000002de2e250
0x000000002de2be80:   000000002de2e250 0000000062d0bb1d
0x000000002de2be90:   000000002de2db00 000007fee7ef3f59
0x000000002de2bea0:   000007fee7f7f29c 000000002de2d1f8
0x000000002de2beb0:   0000000000000100 00000007472581b0
0x000000002de2bec0:   0000000000000001 000000002de2bd00 

Instructions: (pc=0x000007fefcc1940d)
0x000007fefcc193ed:   54 24 24 48 89 4c 24 28 4d 85 c9 0f 85 aa 18 00
0x000007fefcc193fd:   00 89 4c 24 38 48 8d 4c 24 20 ff 15 93 1e 04 00
0x000007fefcc1940d:   48 81 c4 c8 00 00 00 c3 90 90 90 90 90 90 90 90
0x000007fefcc1941d:   90 90 90 48 8b c4 48 83 ec 78 41 f7 c0 fe ff ff 


Register to memory mapping:

RAX=0x000000005929f6c7 is an unknown value
RBX=0x000000002de2db00 is pointing into the stack for thread: 0x000000002b2f9800
RCX=0x000000002de2b7c0 is pointing into the stack for thread: 0x000000002b2f9800
RDX=0x0000000000002340 is an unknown value
RSP=0x000000002de2bdd0 is pointing into the stack for thread: 0x000000002b2f9800
RBP=0x000000002de2c470 is pointing into the stack for thread: 0x000000002b2f9800
RSI=0x000000002de2e130 is pointing into the stack for thread: 0x000000002b2f9800
RDI=0x000000002de2cbd0 is pointing into the stack for thread: 0x000000002b2f9800
R8 =0x0000000000000000 is an unknown value
R9 =0x0000000000000000 is an unknown value
R10=0x000007fee7dc0000 is an unknown value
R11=0x000000002de2be10 is pointing into the stack for thread: 0x000000002b2f9800
R12=0x000000002de2bf18 is pointing into the stack for thread: 0x000000002b2f9800
R13=0x0000000000000000 is an unknown value
R14=0x000000002de2d1f8 is pointing into the stack for thread: 0x000000002b2f9800
R15=0x0000000000000000 is an unknown value


Stack: [0x000000002dd30000,0x000000002de30000],  sp=0x000000002de2bdd0,  free space=1007k
Native frames: (J=compiled Java code, j=interpreted, Vv=VM code, C=native code)
C  [KERNELBASE.dll+0x940d]
C  0x000007fee7ef3f59  __CxxCallCatchBlock+0x161
C  [ntdll.dll+0x50c51]
C  0x000007fee7e9542c  scanlib::file_rconnection::file_rconnection+0x6ec
C  0x000007fee7ddabcf  scanlib::basic_rconnection::create_impl+0x30f
C  0x000007fee7dcdcef  scanlib::basic_rconnection::create+0x3f
C  0x000007fee7dd8cf1  Java_fr_ird_voxelidar_extraction_RxpExtraction_simpleExtraction+0x1e1
C  0x00000000028aa5ac

Java frames: (J=compiled Java code, j=interpreted, Vv=VM code)
j  fr.ird.voxelidar.extraction.RxpExtraction.simpleExtraction(Ljava/lang/String;Lfr/ird/voxelidar/extraction/Shots;)Z+0
j  fr.ird.voxelidar.extraction.RxpExtraction.run()V+29
j  java.lang.Thread.run()V+11
v  ~StubRoutines::call_stub

---------------  P R O C E S S  ---------------

Java Threads: ( => current thread )
  0x000000002461b800 JavaThread "Thread-4" daemon [_thread_blocked, id=6396, stack(0x000000002ecc0000,0x000000002edc0000)]
=>0x000000002b2f9800 JavaThread "Thread-3" daemon [_thread_in_native, id=6412, stack(0x000000002dd30000,0x000000002de30000)]
  0x000000002cd84800 JavaThread "SwingWorker-pool-2-thread-1" daemon [_thread_blocked, id=5008, stack(0x000000002eb40000,0x000000002ec40000)]
  0x000000002b5d2800 JavaThread "D3D Screen Updater" daemon [_thread_blocked, id=5476, stack(0x000000002c140000,0x000000002c240000)]
  0x00000000022ba800 JavaThread "DestroyJavaVM" [_thread_blocked, id=6980, stack(0x00000000024c0000,0x00000000025c0000)]
  0x000000002b38a800 JavaThread "TimerQueue" daemon [_thread_blocked, id=5284, stack(0x000000002c240000,0x000000002c340000)]
  0x0000000024a04000 JavaThread "org.netbeans.modules.debugger.jpda.visual AWT Access Loop" daemon [_thread_blocked, id=5264, stack(0x0000000029de0000,0x0000000029ee0000)]
  0x000000002498f800 JavaThread "Swing-Shell" daemon [_thread_blocked, id=6384, stack(0x0000000029840000,0x0000000029940000)]
  0x0000000024951800 JavaThread "AWT-EventQueue-0" [_thread_blocked, id=6792, stack(0x0000000029470000,0x0000000029570000)]
  0x00000000247f4800 JavaThread "AWT-Windows" daemon [_thread_in_native, id=6692, stack(0x0000000025020000,0x0000000025120000)]
  0x0000000024646800 JavaThread "AWT-Shutdown" [_thread_blocked, id=4616, stack(0x0000000023380000,0x0000000023480000)]
  0x0000000024645000 JavaThread "Java2D Disposer" daemon [_thread_blocked, id=1048, stack(0x0000000024e40000,0x0000000024f40000)]
  0x0000000022284800 JavaThread "Service Thread" daemon [_thread_blocked, id=3324, stack(0x00000000243e0000,0x00000000244e0000)]
  0x0000000022221800 JavaThread "C1 CompilerThread3" daemon [_thread_blocked, id=1484, stack(0x00000000235b0000,0x00000000236b0000)]
  0x0000000022207000 JavaThread "C2 CompilerThread2" daemon [_thread_blocked, id=4876, stack(0x0000000024150000,0x0000000024250000)]
  0x0000000022205000 JavaThread "C2 CompilerThread1" daemon [_thread_blocked, id=6484, stack(0x0000000024050000,0x0000000024150000)]
  0x00000000221fd000 JavaThread "C2 CompilerThread0" daemon [_thread_blocked, id=6300, stack(0x0000000023eb0000,0x0000000023fb0000)]
  0x00000000221ee800 JavaThread "JDWP Command Reader" daemon [_thread_in_native, id=1192, stack(0x0000000023da0000,0x0000000023ea0000)]
  0x00000000221eb000 JavaThread "JDWP Event Helper Thread" daemon [_thread_blocked, id=6356, stack(0x0000000023a20000,0x0000000023b20000)]
  0x00000000221de000 JavaThread "JDWP Transport Listener: dt_socket" daemon [_thread_blocked, id=5292, stack(0x0000000023c10000,0x0000000023d10000)]
  0x00000000221d6800 JavaThread "Attach Listener" daemon [_thread_blocked, id=6440, stack(0x0000000023910000,0x0000000023a10000)]
  0x000000002123f800 JavaThread "Signal Dispatcher" daemon [_thread_blocked, id=3240, stack(0x0000000023720000,0x0000000023820000)]
  0x000000002122e000 JavaThread "Finalizer" daemon [_thread_blocked, id=4048, stack(0x00000000234a0000,0x00000000235a0000)]
  0x0000000021227800 JavaThread "Reference Handler" daemon [_thread_blocked, id=7084, stack(0x0000000023270000,0x0000000023370000)]

Other Threads:
  0x0000000022183000 VMThread [stack: 0x0000000023100000,0x0000000023200000] [id=3988]
  0x000000002228d800 WatcherThread [stack: 0x0000000024270000,0x0000000024370000] [id=6404]

VM state:not at safepoint (normal execution)

VM Mutex/Monitor currently owned by a thread: None

Heap:
 PSYoungGen      total 114688K, used 108742K [0x0000000740000000, 0x0000000748000000, 0x00000007c0000000)
  eden space 98304K, 93% used [0x0000000740000000,0x0000000745a33a60,0x0000000746000000)
  from space 16384K, 99% used [0x0000000747000000,0x0000000747ffe050,0x0000000748000000)
  to   space 16384K, 0% used [0x0000000746000000,0x0000000746000000,0x0000000747000000)
 ParOldGen       total 262144K, used 14761K [0x0000000640000000, 0x0000000650000000, 0x0000000740000000)
  object space 262144K, 5% used [0x0000000640000000,0x0000000640e6a5c0,0x0000000650000000)
 Metaspace       used 19726K, capacity 20020K, committed 20480K, reserved 1067008K
  class space    used 2387K, capacity 2445K, committed 2560K, reserved 1048576K

Card table byte_map: [0x0000000011c50000,0x0000000012860000] byte_map_base: 0x000000000ea50000

Marking Bits: (ParMarkBitMap*) 0x000000006348d4f0
 Begin Bits: [0x0000000013c40000, 0x0000000019c40000)
 End Bits:   [0x0000000019c40000, 0x000000001fc40000)

Polling page: 0x0000000000230000

CodeCache: size=245760Kb used=10750Kb max_used=11202Kb free=235009Kb
 bounds [0x0000000002890000, 0x00000000033c0000, 0x0000000011890000]
 total_blobs=3646 nmethods=3098 adapters=467
 compilation: enabled

Compilation events (10 events):
Event: 19.267 Thread 0x0000000022221800 3464       3       java.awt.geom.Rectangle2D$Float::getY (6 bytes)
Event: 19.267 Thread 0x0000000022221800 nmethod 3464 0x0000000002c6ab50 code [0x0000000002c6aca0, 0x0000000002c6adf0]
Event: 19.268 Thread 0x0000000022221800 3465       3       java.awt.geom.Rectangle2D$Float::getWidth (6 bytes)
Event: 19.268 Thread 0x0000000022221800 nmethod 3465 0x0000000003014c90 code [0x0000000003014de0, 0x0000000003014f30]
Event: 19.315 Thread 0x0000000022221800 3466       3       sun.java2d.loops.ProcessPath$DrawHandler::setBounds (65 bytes)
Event: 19.315 Thread 0x0000000022221800 nmethod 3466 0x0000000002ae3410 code [0x0000000002ae35a0, 0x0000000002ae3750]
Event: 19.413 Thread 0x0000000022207000 3467       4       sun.java2d.SunGraphics2D::dispose (12 bytes)
Event: 19.413 Thread 0x0000000022207000 nmethod 3467 0x0000000002dd5110 code [0x0000000002dd5240, 0x0000000002dd52d8]
Event: 19.572 Thread 0x0000000022221800 3468       1       javax.swing.JProgressBar::isBorderPainted (5 bytes)
Event: 19.572 Thread 0x0000000022221800 nmethod 3468 0x000000000301f050 code [0x000000000301f1a0, 0x000000000301f2b0]

GC Heap History (8 events):
Event: 2.082 GC heap before
{Heap before GC invocations=1 (full 0):
 PSYoungGen      total 114688K, used 98304K [0x0000000740000000, 0x0000000748000000, 0x00000007c0000000)
  eden space 98304K, 100% used [0x0000000740000000,0x0000000746000000,0x0000000746000000)
  from space 16384K, 0% used [0x0000000747000000,0x0000000747000000,0x0000000748000000)
  to   space 16384K, 0% used [0x0000000746000000,0x0000000746000000,0x0000000747000000)
 ParOldGen       total 262144K, used 0K [0x0000000640000000, 0x0000000650000000, 0x0000000740000000)
  object space 262144K, 0% used [0x0000000640000000,0x0000000640000000,0x0000000650000000)
 Metaspace       used 12887K, capacity 13132K, committed 13312K, reserved 1060864K
  class space    used 1654K, capacity 1689K, committed 1792K, reserved 1048576K
Event: 2.091 GC heap after
Heap after GC invocations=1 (full 0):
 PSYoungGen      total 114688K, used 3921K [0x0000000740000000, 0x0000000748000000, 0x00000007c0000000)
  eden space 98304K, 0% used [0x0000000740000000,0x0000000740000000,0x0000000746000000)
  from space 16384K, 23% used [0x0000000746000000,0x00000007463d47d8,0x0000000747000000)
  to   space 16384K, 0% used [0x0000000747000000,0x0000000747000000,0x0000000748000000)
 ParOldGen       total 262144K, used 16K [0x0000000640000000, 0x0000000650000000, 0x0000000740000000)
  object space 262144K, 0% used [0x0000000640000000,0x0000000640004000,0x0000000650000000)
 Metaspace       used 12887K, capacity 13132K, committed 13312K, reserved 1060864K
  class space    used 1654K, capacity 1689K, committed 1792K, reserved 1048576K
}
Event: 2.737 GC heap before
{Heap before GC invocations=2 (full 0):
 PSYoungGen      total 114688K, used 102225K [0x0000000740000000, 0x0000000748000000, 0x00000007c0000000)
  eden space 98304K, 100% used [0x0000000740000000,0x0000000746000000,0x0000000746000000)
  from space 16384K, 23% used [0x0000000746000000,0x00000007463d47d8,0x0000000747000000)
  to   space 16384K, 0% used [0x0000000747000000,0x0000000747000000,0x0000000748000000)
 ParOldGen       total 262144K, used 16K [0x0000000640000000, 0x0000000650000000, 0x0000000740000000)
  object space 262144K, 0% used [0x0000000640000000,0x0000000640004000,0x0000000650000000)
 Metaspace       used 14082K, capacity 14348K, committed 14464K, reserved 1062912K
  class space    used 1798K, capacity 1861K, committed 1920K, reserved 1048576K
Event: 2.746 GC heap after
Heap after GC invocations=2 (full 0):
 PSYoungGen      total 114688K, used 5016K [0x0000000740000000, 0x0000000748000000, 0x00000007c0000000)
  eden space 98304K, 0% used [0x0000000740000000,0x0000000740000000,0x0000000746000000)
  from space 16384K, 30% used [0x0000000747000000,0x00000007474e6010,0x0000000748000000)
  to   space 16384K, 0% used [0x0000000746000000,0x0000000746000000,0x0000000747000000)
 ParOldGen       total 262144K, used 24K [0x0000000640000000, 0x0000000650000000, 0x0000000740000000)
  object space 262144K, 0% used [0x0000000640000000,0x0000000640006000,0x0000000650000000)
 Metaspace       used 14082K, capacity 14348K, committed 14464K, reserved 1062912K
  class space    used 1798K, capacity 1861K, committed 1920K, reserved 1048576K
}
Event: 6.638 GC heap before
{Heap before GC invocations=3 (full 0):
 PSYoungGen      total 114688K, used 103320K [0x0000000740000000, 0x0000000748000000, 0x00000007c0000000)
  eden space 98304K, 100% used [0x0000000740000000,0x0000000746000000,0x0000000746000000)
  from space 16384K, 30% used [0x0000000747000000,0x00000007474e6010,0x0000000748000000)
  to   space 16384K, 0% used [0x0000000746000000,0x0000000746000000,0x0000000747000000)
 ParOldGen       total 262144K, used 24K [0x0000000640000000, 0x0000000650000000, 0x0000000740000000)
  object space 262144K, 0% used [0x0000000640000000,0x0000000640006000,0x0000000650000000)
 Metaspace       used 16403K, capacity 16706K, committed 17024K, reserved 1064960K
  class space    used 2084K, capacity 2154K, committed 2176K, reserved 1048576K
Event: 6.646 GC heap after
Heap after GC invocations=3 (full 0):
 PSYoungGen      total 114688K, used 5032K [0x0000000740000000, 0x0000000748000000, 0x00000007c0000000)
  eden space 98304K, 0% used [0x0000000740000000,0x0000000740000000,0x0000000746000000)
  from space 16384K, 30% used [0x0000000746000000,0x00000007464ea040,0x0000000747000000)
  to   space 16384K, 0% used [0x0000000747000000,0x0000000747000000,0x0000000748000000)
 ParOldGen       total 262144K, used 32K [0x0000000640000000, 0x0000000650000000, 0x0000000740000000)
  object space 262144K, 0% used [0x0000000640000000,0x0000000640008000,0x0000000650000000)
 Metaspace       used 16403K, capacity 16706K, committed 17024K, reserved 1064960K
  class space    used 2084K, capacity 2154K, committed 2176K, reserved 1048576K
}
Event: 13.624 GC heap before
{Heap before GC invocations=4 (full 0):
 PSYoungGen      total 114688K, used 103336K [0x0000000740000000, 0x0000000748000000, 0x00000007c0000000)
  eden space 98304K, 100% used [0x0000000740000000,0x0000000746000000,0x0000000746000000)
  from space 16384K, 30% used [0x0000000746000000,0x00000007464ea040,0x0000000747000000)
  to   space 16384K, 0% used [0x0000000747000000,0x0000000747000000,0x0000000748000000)
 ParOldGen       total 262144K, used 32K [0x0000000640000000, 0x0000000650000000, 0x0000000740000000)
  object space 262144K, 0% used [0x0000000640000000,0x0000000640008000,0x0000000650000000)
 Metaspace       used 19147K, capacity 19444K, committed 19840K, reserved 1067008K
  class space    used 2333K, capacity 2381K, committed 2432K, reserved 1048576K
Event: 13.651 GC heap after
Heap after GC invocations=4 (full 0):
 PSYoungGen      total 114688K, used 16376K [0x0000000740000000, 0x0000000748000000, 0x00000007c0000000)
  eden space 98304K, 0% used [0x0000000740000000,0x0000000740000000,0x0000000746000000)
  from space 16384K, 99% used [0x0000000747000000,0x0000000747ffe050,0x0000000748000000)
  to   space 16384K, 0% used [0x0000000746000000,0x0000000746000000,0x0000000747000000)
 ParOldGen       total 262144K, used 14761K [0x0000000640000000, 0x0000000650000000, 0x0000000740000000)
  object space 262144K, 5% used [0x0000000640000000,0x0000000640e6a5c0,0x0000000650000000)
 Metaspace       used 19147K, capacity 19444K, committed 19840K, reserved 1067008K
  class space    used 2333K, capacity 2381K, committed 2432K, reserved 1048576K
}

Deoptimization events (10 events):
Event: 16.453 Thread 0x0000000024951800 Uncommon trap: reason=unreached action=reinterpret pc=0x0000000002f2ea58 method=java.util.concurrent.ConcurrentHashMap.get(Ljava/lang/Object;)Ljava/lang/Object; @ 138
Event: 16.455 Thread 0x0000000024951800 Uncommon trap: reason=class_check action=maybe_recompile pc=0x0000000002ceab1c method=javax.swing.border.CompoundBorder.getBorderInsets(Ljava/awt/Component;Ljava/awt/Insets;)Ljava/awt/Insets; @ 102
Event: 16.456 Thread 0x0000000024951800 Uncommon trap: reason=class_check action=maybe_recompile pc=0x0000000002ceab1c method=javax.swing.border.CompoundBorder.getBorderInsets(Ljava/awt/Component;Ljava/awt/Insets;)Ljava/awt/Insets; @ 102
Event: 16.456 Thread 0x0000000024951800 Uncommon trap: reason=class_check action=maybe_recompile pc=0x0000000002ceab1c method=javax.swing.border.CompoundBorder.getBorderInsets(Ljava/awt/Component;Ljava/awt/Insets;)Ljava/awt/Insets; @ 102
Event: 16.456 Thread 0x0000000024951800 Uncommon trap: reason=class_check action=maybe_recompile pc=0x0000000002ceab1c method=javax.swing.border.CompoundBorder.getBorderInsets(Ljava/awt/Component;Ljava/awt/Insets;)Ljava/awt/Insets; @ 102
Event: 16.478 Thread 0x0000000024951800 Uncommon trap: reason=unreached action=reinterpret pc=0x0000000003141df4 method=java.awt.Component.eventTypeEnabled(I)Z @ 235
Event: 16.480 Thread 0x0000000024951800 Uncommon trap: reason=bimorphic action=maybe_recompile pc=0x00000000029d0a1c method=java.awt.Component.getBackground()Ljava/awt/Color; @ 21
Event: 16.497 Thread 0x0000000024951800 Uncommon trap: reason=bimorphic action=maybe_recompile pc=0x00000000029d0a1c method=java.awt.Component.getBackground()Ljava/awt/Color; @ 21
Event: 16.540 Thread 0x000000002cd84800 Uncommon trap: reason=unloaded action=reinterpret pc=0x000000000338b9a8 method=fr.ird.voxelidar.voxelisation.raytracing.voxel.VoxelAnalysis.createVoxelSpace()V @ 173
Event: 16.902 Thread 0x0000000024951800 Uncommon trap: reason=class_check action=maybe_recompile pc=0x0000000003359c60 method=java.awt.Container.getMouseEventTargetImpl(IIZLjava/awt/Container$EventTargetFilter;ZZ)Ljava/awt/Component; @ 191

Internal exceptions (10 events):
Event: 16.545 Thread 0x000000002cd84800 Exception <a 'java/security/PrivilegedActionException'> (0x000000074585e900) thrown at [C:\workspace\8-2-build-windows-amd64-cygwin\jdk8u31\2394\hotspot\src\share\vm\prims\jvm.cpp, line 1312]
Event: 16.545 Thread 0x000000002cd84800 Exception <a 'java/security/PrivilegedActionException'> (0x0000000745860cf0) thrown at [C:\workspace\8-2-build-windows-amd64-cygwin\jdk8u31\2394\hotspot\src\share\vm\prims\jvm.cpp, line 1312]
Event: 16.546 Thread 0x000000002cd84800 Exception <a 'java/security/PrivilegedActionException'> (0x0000000745862918) thrown at [C:\workspace\8-2-build-windows-amd64-cygwin\jdk8u31\2394\hotspot\src\share\vm\prims\jvm.cpp, line 1312]
Event: 16.548 Thread 0x000000002cd84800 Exception <a 'java/security/PrivilegedActionException'> (0x00000007458692c8) thrown at [C:\workspace\8-2-build-windows-amd64-cygwin\jdk8u31\2394\hotspot\src\share\vm\prims\jvm.cpp, line 1312]
Event: 16.548 Thread 0x000000002cd84800 Exception <a 'java/security/PrivilegedActionException'> (0x000000074586bd50) thrown at [C:\workspace\8-2-build-windows-amd64-cygwin\jdk8u31\2394\hotspot\src\share\vm\prims\jvm.cpp, line 1312]
Event: 16.552 Thread 0x000000002cd84800 Exception <a 'java/security/PrivilegedActionException'> (0x000000074586f3f8) thrown at [C:\workspace\8-2-build-windows-amd64-cygwin\jdk8u31\2394\hotspot\src\share\vm\prims\jvm.cpp, line 1312]
Event: 16.559 Thread 0x000000002cd84800 Exception <a 'java/security/PrivilegedActionException'> (0x00000007458752a0) thrown at [C:\workspace\8-2-build-windows-amd64-cygwin\jdk8u31\2394\hotspot\src\share\vm\prims\jvm.cpp, line 1312]
Event: 16.562 Thread 0x000000002b2f9800 Exception <a 'java/security/PrivilegedActionException'> (0x00000007458ab2b0) thrown at [C:\workspace\8-2-build-windows-amd64-cygwin\jdk8u31\2394\hotspot\src\share\vm\prims\jvm.cpp, line 1312]
Event: 19.565 Thread 0x000000002b2f9800 Exception <a 'java/security/PrivilegedActionException'> (0x00000007458ad628) thrown at [C:\workspace\8-2-build-windows-amd64-cygwin\jdk8u31\2394\hotspot\src\share\vm\prims\jvm.cpp, line 1312]
Event: 19.570 Thread 0x000000002b2f9800 Exception <a 'java/security/PrivilegedActionException'> (0x00000007458afc10) thrown at [C:\workspace\8-2-build-windows-amd64-cygwin\jdk8u31\2394\hotspot\src\share\vm\prims\jvm.cpp, line 1312]

Events (10 events):
Event: 19.570 Thread 0x000000002b2f9800 DEOPT PACKING pc=0x0000000002daf5e9 sp=0x000000002de2cdc0
Event: 19.570 Thread 0x000000002b2f9800 DEOPT UNPACKING pc=0x00000000028d71bf sp=0x000000002de2cb30 mode 1
Event: 19.570 Thread 0x000000002b2f9800 DEOPT PACKING pc=0x0000000002dafdd4 sp=0x000000002de2ce60
Event: 19.570 Thread 0x000000002b2f9800 DEOPT UNPACKING pc=0x00000000028d71bf sp=0x000000002de2cb90 mode 1
Event: 19.570 Thread 0x000000002b2f9800 DEOPT PACKING pc=0x0000000002d887b4 sp=0x000000002de2da40
Event: 19.570 Thread 0x000000002b2f9800 DEOPT UNPACKING pc=0x00000000028d71bf sp=0x000000002de2d788 mode 1
Event: 19.570 Thread 0x000000002b2f9800 DEOPT PACKING pc=0x00000000029fea24 sp=0x000000002de2dab0
Event: 19.570 Thread 0x000000002b2f9800 DEOPT UNPACKING pc=0x00000000028d71bf sp=0x000000002de2d8d0 mode 1
Event: 19.570 Thread 0x000000002b2f9800 DEOPT PACKING pc=0x00000000029fe7bc sp=0x000000002de2dc40
Event: 19.570 Thread 0x000000002b2f9800 DEOPT UNPACKING pc=0x00000000028d71bf sp=0x000000002de2da60 mode 1


Dynamic libraries:
0x000000013f6f0000 - 0x000000013f724000 	C:\Program Files\Java\jdk1.8.0_31\bin\java.exe
0x0000000076d90000 - 0x0000000076f39000 	C:\Windows\SYSTEM32\ntdll.dll
0x0000000076c70000 - 0x0000000076d8f000 	C:\Windows\system32\kernel32.dll
0x000007fefcc10000 - 0x000007fefcc7c000 	C:\Windows\system32\KERNELBASE.dll
0x000007fefdfe0000 - 0x000007fefe0bb000 	C:\Windows\system32\ADVAPI32.dll
0x000007fefed70000 - 0x000007fefee0f000 	C:\Windows\system32\msvcrt.dll
0x000007fefe0d0000 - 0x000007fefe0ef000 	C:\Windows\SYSTEM32\sechost.dll
0x000007fefec40000 - 0x000007fefed6d000 	C:\Windows\system32\RPCRT4.dll
0x0000000076b70000 - 0x0000000076c6a000 	C:\Windows\system32\USER32.dll
0x000007fefe6e0000 - 0x000007fefe747000 	C:\Windows\system32\GDI32.dll
0x000007fefdd20000 - 0x000007fefdd2e000 	C:\Windows\system32\LPK.dll
0x000007fefeb70000 - 0x000007fefec39000 	C:\Windows\system32\USP10.dll
0x000007fefb5e0000 - 0x000007fefb7d4000 	C:\Windows\WinSxS\amd64_microsoft.windows.common-controls_6595b64144ccf1df_6.0.7601.17514_none_fa396087175ac9ac\COMCTL32.dll
0x000007fefdd50000 - 0x000007fefddc1000 	C:\Windows\system32\SHLWAPI.dll
0x000007fefe750000 - 0x000007fefe77e000 	C:\Windows\system32\IMM32.DLL
0x000007fefee10000 - 0x000007fefef19000 	C:\Windows\system32\MSCTF.dll
0x0000000063c90000 - 0x0000000063d62000 	C:\Program Files\Java\jdk1.8.0_31\jre\bin\msvcr100.dll
0x0000000062cb0000 - 0x000000006350a000 	C:\Program Files\Java\jdk1.8.0_31\jre\bin\server\jvm.dll
0x000007fefa010000 - 0x000007fefa019000 	C:\Windows\system32\WSOCK32.dll
0x000007fefeb20000 - 0x000007fefeb6d000 	C:\Windows\system32\WS2_32.dll
0x000007fefe0c0000 - 0x000007fefe0c8000 	C:\Windows\system32\NSI.dll
0x000007fef9860000 - 0x000007fef989b000 	C:\Windows\system32\WINMM.dll
0x0000000076f50000 - 0x0000000076f57000 	C:\Windows\system32\PSAPI.DLL
0x0000000070050000 - 0x000000007005f000 	C:\Program Files\Java\jdk1.8.0_31\jre\bin\verify.dll
0x0000000063c20000 - 0x0000000063c48000 	C:\Program Files\Java\jdk1.8.0_31\jre\bin\java.dll
0x000000006cd80000 - 0x000000006cdb5000 	C:\Program Files\Java\jdk1.8.0_31\jre\bin\jdwp.dll
0x000000006fca0000 - 0x000000006fca8000 	C:\Program Files\Java\jdk1.8.0_31\jre\bin\npt.dll
0x0000000063c00000 - 0x0000000063c16000 	C:\Program Files\Java\jdk1.8.0_31\jre\bin\zip.dll
0x000007fefcf90000 - 0x000007fefdd18000 	C:\Windows\system32\SHELL32.dll
0x000007fefddd0000 - 0x000007fefdfd3000 	C:\Windows\system32\ole32.dll
0x000007fefcbd0000 - 0x000007fefcbdf000 	C:\Windows\system32\profapi.dll
0x000000006d160000 - 0x000000006d169000 	C:\Program Files\Java\jdk1.8.0_31\jre\bin\dt_socket.dll
0x000007fefc350000 - 0x000007fefc3a5000 	C:\Windows\system32\mswsock.dll
0x000007fefbd30000 - 0x000007fefbd37000 	C:\Windows\System32\wshtcpip.dll
0x00000000639f0000 - 0x0000000063b88000 	C:\Program Files\Java\jdk1.8.0_31\jre\bin\awt.dll
0x000007fefef20000 - 0x000007fefeff7000 	C:\Windows\system32\OLEAUT32.dll
0x000007fefb0b0000 - 0x000007fefb0c8000 	C:\Windows\system32\DWMAPI.DLL
0x000007fefb130000 - 0x000007fefb186000 	C:\Windows\system32\uxtheme.dll
0x000007fefca30000 - 0x000007fefca3f000 	C:\Windows\system32\CRYPTBASE.dll
0x000007feea0d0000 - 0x000007feea2cf000 	C:\Windows\system32\d3d9.dll
0x000007fefc080000 - 0x000007fefc08c000 	C:\Windows\system32\VERSION.dll
0x000007fef8be0000 - 0x000007fef8be7000 	C:\Windows\system32\d3d8thk.dll
0x000007fee5eb0000 - 0x000007fee6f65000 	C:\Windows\system32\nvd3dumx.dll
0x000007fefb3b0000 - 0x000007fefb3dc000 	C:\Windows\system32\powrprof.dll
0x000007fefe4a0000 - 0x000007fefe677000 	C:\Windows\system32\SETUPAPI.dll
0x000007fefcf50000 - 0x000007fefcf86000 	C:\Windows\system32\CFGMGR32.dll
0x000007fefcd60000 - 0x000007fefcd7a000 	C:\Windows\system32\DEVOBJ.dll
0x000007fef24e0000 - 0x000007fef264a000 	C:\Program Files (x86)\NVIDIA Corporation\3D Vision\nvSCPAPI64.dll
0x000007fef9300000 - 0x000007fef9633000 	C:\Windows\system32\nvapi64.dll
0x000007fefcd20000 - 0x000007fefcd5a000 	C:\Windows\system32\WINTRUST.dll
0x000007fefcd90000 - 0x000007fefcefc000 	C:\Windows\system32\CRYPT32.dll
0x000007fefcbe0000 - 0x000007fefcbef000 	C:\Windows\system32\MSASN1.dll
0x000007fef9640000 - 0x000007fef96e0000 	C:\Windows\WinSxS\amd64_microsoft.windows.common-controls_6595b64144ccf1df_5.82.7601.18201_none_a4d3b9377117c3df\comctl32.dll
0x00000000639a0000 - 0x00000000639e7000 	C:\Program Files\Java\jdk1.8.0_31\jre\bin\fontmanager.dll
0x0000000063bb0000 - 0x0000000063bca000 	C:\Program Files\Java\jdk1.8.0_31\jre\bin\net.dll
0x000007fefc5d0000 - 0x000007fefc5d7000 	C:\Windows\System32\wship6.dll
0x0000000063b90000 - 0x0000000063ba1000 	C:\Program Files\Java\jdk1.8.0_31\jre\bin\nio.dll
0x0000000063950000 - 0x0000000063991000 	C:\Program Files\Java\jdk1.8.0_31\jre\bin\t2k.dll
0x000007fefe380000 - 0x000007fefe419000 	C:\Windows\system32\CLBCatQ.DLL
0x000007fefb1b0000 - 0x000007fefb2dc000 	C:\Windows\system32\propsys.dll
0x000007fefacf0000 - 0x000007fefad1d000 	C:\Windows\system32\ntmarta.dll
0x000007fefe680000 - 0x000007fefe6d2000 	C:\Windows\system32\WLDAP32.dll
0x000007fefc9d0000 - 0x000007fefca27000 	C:\Windows\system32\apphelp.dll
0x000007fef26e0000 - 0x000007fef287c000 	C:\Windows\system32\NetworkExplorer.dll
0x000007fef3120000 - 0x000007fef3154000 	C:\Windows\System32\shdocvw.dll
0x000007fefa7e0000 - 0x000007fefa7eb000 	C:\Windows\system32\slc.dll
0x000007fefa0b0000 - 0x000007fefa0c8000 	C:\Windows\system32\MPR.dll
0x00000000702e0000 - 0x00000000702f2000 	C:\Windows\system32\snacnp.dll
0x000007fef8db0000 - 0x000007fef8ea7000 	C:\Windows\system32\ncnetprovider.dll
0x000007fefa150000 - 0x000007fefa16e000 	C:\Windows\system32\NCLangID.dll
0x000007fef8d80000 - 0x000007fef8dac000 	C:\Windows\system32\MAPBASE.dll
0x0000000050d20000 - 0x0000000050d67000 	C:\Windows\system32\CALWIN32.DLL
0x00000000230d0000 - 0x00000000230f1000 	C:\Windows\system32\CLNWIN32.DLL
0x0000000050df0000 - 0x0000000050e22000 	C:\Windows\system32\LOCWIN32.DLL
0x00000000236b0000 - 0x00000000236f5000 	C:\Windows\system32\NCPWIN32.dll
0x0000000050da0000 - 0x0000000050db3000 	C:\Windows\system32\CLXWIN32.DLL
0x0000000023820000 - 0x0000000023865000 	C:\Windows\system32\NETWIN32.DLL
0x000007fef8d30000 - 0x000007fef8d75000 	C:\Windows\system32\NWSHLXNT.dll
0x000007fefa5b0000 - 0x000007fefa5c6000 	C:\Windows\system32\NETAPI32.dll
0x000007fefa580000 - 0x000007fefa58c000 	C:\Windows\system32\netutils.dll
0x000007fefc660000 - 0x000007fefc683000 	C:\Windows\system32\srvcli.dll
0x000007fefa4d0000 - 0x000007fefa4e5000 	C:\Windows\system32\wkscli.dll
0x000007fefa4b0000 - 0x000007fefa4c4000 	C:\Windows\system32\SAMCLI.DLL
0x000007fef8d10000 - 0x000007fef8d22000 	C:\Windows\system32\BROWCLI.DLL
0x000007fefbe10000 - 0x000007fefbe21000 	C:\Windows\system32\WTSAPI32.dll
0x0000000074700000 - 0x0000000074705000 	C:\Windows\system32\nls\FRANCAIS\NCLangIDR.DLL
0x00000000737e0000 - 0x00000000737f7000 	C:\Windows\system32\nls\FRANCAIS\MAPBASER.DLL
0x00000000737c0000 - 0x00000000737da000 	C:\Windows\system32\nls\FRANCAIS\NWSHLXNTR.DLL
0x0000000073740000 - 0x00000000737bc000 	C:\Windows\system32\nls\FRANCAIS\ncnetproviderR.DLL
0x000007fefc9a0000 - 0x000007fefc9c5000 	C:\Windows\system32\SspiCli.dll
0x000007fef5c80000 - 0x000007fef5c8a000 	C:\Windows\System32\drprov.dll
0x000007fefcae0000 - 0x000007fefcb1d000 	C:\Windows\System32\WINSTA.dll
0x000007fef5c20000 - 0x000007fef5c42000 	C:\Windows\System32\ntlanman.dll
0x000007fef5c00000 - 0x000007fef5c1d000 	C:\Windows\System32\davclnt.dll
0x000007fef62c0000 - 0x000007fef62ca000 	C:\Windows\System32\DAVHLPR.dll
0x000007fef5c70000 - 0x000007fef5c7f000 	C:\Windows\system32\cscapi.dll
0x000007feea470000 - 0x000007feea6e1000 	C:\Windows\system32\wpdshext.dll
0x000007fefae90000 - 0x000007fefb0a6000 	C:\Windows\WinSxS\amd64_microsoft.windows.gdiplus_6595b64144ccf1df_1.1.7601.18455_none_2b283fd671e9bf4d\gdiplus.dll
0x000007fef6ab0000 - 0x000007fef6b6d000 	C:\Windows\system32\PortableDeviceApi.dll
0x000007fef3400000 - 0x000007fef3435000 	C:\Windows\system32\EhStorShell.dll
0x000007fef8b90000 - 0x000007fef8bb7000 	C:\Windows\system32\EhStorAPI.dll
0x000007fef2cf0000 - 0x000007fef2dc7000 	C:\Windows\system32\SearchFolder.dll
0x000007fef3110000 - 0x000007fef311c000 	C:\Windows\system32\LINKINFO.dll
0x000007fefad50000 - 0x000007fefad85000 	C:\Windows\system32\XmlLite.dll
0x000007fefc3b0000 - 0x000007fefc3c7000 	C:\Windows\system32\CRYPTSP.dll
0x000007fefc100000 - 0x000007fefc147000 	C:\Windows\system32\rsaenh.dll
0x000007fefcb20000 - 0x000007fefcb34000 	C:\Windows\system32\RpcRtRemote.dll
0x000007fefa890000 - 0x000007fefa9f1000 	C:\Windows\system32\WindowsCodecs.dll
0x000000006c670000 - 0x000000006c686000 	C:\Program Files\Common Files\TortoiseOverlays\TortoiseOverlays.dll
0x000000006c650000 - 0x000000006c667000 	C:\Program Files\TortoiseSVN\bin\TortoiseStub.dll
0x000000006c5d0000 - 0x000000006c64d000 	C:\Program Files\TortoiseSVN\bin\TortoiseSVN.dll
0x000007fefe8f0000 - 0x000007fefeb1c000 	C:\Windows\system32\WININET.dll
0x000007fefcd80000 - 0x000007fefcd84000 	C:\Windows\system32\api-ms-win-downlevel-user32-l1-1-0.dll
0x000007fefcf20000 - 0x000007fefcf25000 	C:\Windows\system32\api-ms-win-downlevel-advapi32-l1-1-0.dll
0x000007fefcf10000 - 0x000007fefcf14000 	C:\Windows\system32\api-ms-win-downlevel-shlwapi-l1-1-0.dll
0x000007fefcf00000 - 0x000007fefcf04000 	C:\Windows\system32\api-ms-win-downlevel-version-l1-1-0.dll
0x000007fefcbf0000 - 0x000007fefcbf3000 	C:\Windows\system32\api-ms-win-downlevel-normaliz-l1-1-0.dll
0x0000000076f60000 - 0x0000000076f63000 	C:\Windows\system32\normaliz.DLL
0x000007fefe0f0000 - 0x000007fefe37e000 	C:\Windows\system32\iertutil.dll
0x000007fefcf30000 - 0x000007fefcf4e000 	C:\Windows\system32\USERENV.dll
0x000007fef3ae0000 - 0x000007fef3f56000 	C:\Program Files\TortoiseSVN\bin\libsvn_tsvn.dll
0x000000006c5a0000 - 0x000000006c5ce000 	C:\Program Files\TortoiseSVN\bin\libapr_tsvn.dll
0x000007fef3a00000 - 0x000007fef3ad4000 	C:\Windows\system32\MSVCR110.dll
0x000000006c550000 - 0x000000006c595000 	C:\Program Files\TortoiseSVN\bin\libaprutil_tsvn.dll
0x000007fef5b50000 - 0x000007fef5b61000 	C:\Program Files\TortoiseSVN\bin\intl3_tsvn.dll
0x000007fef39e0000 - 0x000007fef39f9000 	C:\Program Files\TortoiseSVN\bin\libsasl.dll
0x000007fefc7f0000 - 0x000007fefc7fb000 	C:\Windows\system32\Secur32.dll
0x000007fef3930000 - 0x000007fef39d7000 	C:\Windows\system32\MSVCP110.dll

VM Arguments:
jvm_args: -Xdebug -Xrunjdwp:transport=dt_socket,server=n,address=3595 -Xmx6G 
java_command: fr.ird.voxelidar.Principal
java_class_path (initial): C:\Users\Julien\Documents\NetBeansProjects\VoxeLidar\target\classes;C:\Users\Julien\.m2\repository\org\jogamp\gluegen\gluegen-rt-main\2.2.4\gluegen-rt-main-2.2.4.jar;C:\Users\Julien\.m2\repository\org\jogamp\gluegen\gluegen-rt\2.2.4\gluegen-rt-2.2.4.jar;C:\Users\Julien\.m2\repository\org\jogamp\gluegen\gluegen-rt\2.2.4\gluegen-rt-2.2.4-natives-android-armv6.jar;C:\Users\Julien\.m2\repository\org\jogamp\gluegen\gluegen-rt\2.2.4\gluegen-rt-2.2.4-natives-linux-amd64.jar;C:\Users\Julien\.m2\repository\org\jogamp\gluegen\gluegen-rt\2.2.4\gluegen-rt-2.2.4-natives-linux-armv6.jar;C:\Users\Julien\.m2\repository\org\jogamp\gluegen\gluegen-rt\2.2.4\gluegen-rt-2.2.4-natives-linux-armv6hf.jar;C:\Users\Julien\.m2\repository\org\jogamp\gluegen\gluegen-rt\2.2.4\gluegen-rt-2.2.4-natives-linux-i586.jar;C:\Users\Julien\.m2\repository\org\jogamp\gluegen\gluegen-rt\2.2.4\gluegen-rt-2.2.4-natives-macosx-universal.jar;C:\Users\Julien\.m2\repository\org\jogamp\gluegen\gluegen-rt\2.2.4\gluegen-rt-2.2.4-natives-solaris-amd64.jar;C:\Users\Julien\.m2\repository\org\jogamp\gluegen\gluegen-rt\2.2.4\gluegen-rt-2.2.4-natives-solaris-i586.jar;C:\Users\Julien\.m2\repository\org\jogamp\gluegen\gluegen-rt\2.2.4\gluegen-rt-2.2.4-natives-windows-amd64.jar;C:\Users\Julien\.m2\repository\org\jogamp\gluegen\gluegen-rt\2.2.4\gluegen-rt-2.2.4-natives-windows-i586.jar;C:\Users\Julien\.m2\repository\org\jogamp\jogl\jogl-all-main\2.2.4\jogl-all-main-2.2.4.jar;C:\Users\Julien\.m2\repository\org\jogamp\jogl\jogl-all\2.2.4\jogl-all-2.2.4.jar;C:\Users\Julien\.m2\repository\org\jogamp\jogl\jogl-all\2.2.4\jogl-all-2.2.4-natives-android-armv6.jar;C:\Users\Julien\.m2\repository\org\jogamp\jogl\jogl-all\2.2.4\jogl-all-2.2.4-natives-linux-amd64.jar;C:\Users\Julien\.m2\repository\org\jogamp\jogl\jogl-all\2.2.4\jogl-all-2.2.4-natives-linux-armv6.jar;C:\Users\Julien\.m2\repository\org\jogamp\jogl\jogl-all\2.2.4\jogl-all-2.2.4-natives-linux-armv6hf.jar;C:\Users\Julien\.m2\repository\org\jogamp\j
Launcher Type: SUN_STANDARD

Environment Variables:
JAVA_HOME=C:\Program Files\Java\jdk1.8.0_31
CLASSPATH=C:\Program Files\OpenNI\Bin64\org.OpenNI.jar
PATH=C:\ProgramData\Oracle\Java\javapath;C:\Program Files\Java\jdk1.7.0_67\bin;C:\Python27\Lib\site-packages\PyQt4;C:\Program Files (x86)\Common Files\Intergraph\Grid Analysis SDK\1.0\Program;C:\Windows\system32;C:\Windows;C:\Windows\System32\Wbem;C:\Windows\System32\WindowsPowerShell\v1.0\;C:\Windows\Program Files (x86)\Common Files\Roxio Shared\DLLShared\;C:\Program Files (x86)\Common Files\Roxio Shared\10.0\DLLShared\;C:\Windows\Program Files\Java\jdk1.7.0_67\bin;C:\Program Files\java\ssj\lib\;C:\Program Files\MATLAB\R2010a\bin;C:\Program Files\OpenNI\Bin64;C:\Program Files\PCL 1.6.0\bin;C:\Program Files\TortoiseSVN\bin;C:\Program Files\Microsoft SQL Server\110\Tools\Binn\;C:\MinGW3\bin;C:\Program Files\TortoiseGit\bin;C:\Program Files (x86)\Windows Kits\8.1\Windows Performance Toolkit\;c:\users\julien\appdata\local\enthought\canopy\user;c:\users\julien\appdata\local\enthought\canopy\user\scripts
USERNAME=Julien
OS=Windows_NT
PROCESSOR_IDENTIFIER=Intel64 Family 6 Model 44 Stepping 2, GenuineIntel



---------------  S Y S T E M  ---------------

OS: Windows 7 , 64 bit Build 7601 Service Pack 1

CPU:total 8 (4 cores per cpu, 2 threads per core) family 6 model 44 stepping 2, cmov, cx8, fxsr, mmx, sse, sse2, sse3, ssse3, sse4.1, sse4.2, popcnt, aes, clmul, ht, tsc, tscinvbit, tscinv

Memory: 4k page, physical 25148644k(17587568k free), swap 50295424k(41716356k free)

vm_info: Java HotSpot(TM) 64-Bit Server VM (25.31-b07) for windows-amd64 JRE (1.8.0_31-b13), built on Dec 17 2014 21:00:28 by "java_re" with MS VC++ 10.0 (VS2010)

time: Fri Feb 13 18:12:41 2015
elapsed time: 19 seconds (0d 0h 0m 19s)

