#
# A fatal error has been detected by the Java Runtime Environment:
#
#  EXCEPTION_ACCESS_VIOLATION (0xc0000005) at pc=0x0000000070125014, pid=6804, tid=6944
#
# JRE version: Java(TM) SE Runtime Environment (8.0_31-b13) (build 1.8.0_31-b13)
# Java VM: Java HotSpot(TM) 64-Bit Server VM (25.31-b07 mixed mode windows-amd64 compressed oops)
# Problematic frame:
# V  [jvm.dll+0x135014]
#
# Failed to write core dump. Minidumps are not enabled by default on client versions of Windows
#
# If you would like to submit a bug report, please visit:
#   http://bugreport.java.com/bugreport/crash.jsp
#

---------------  T H R E A D  ---------------

Current thread (0x000000001fa13800):  JavaThread "Thread-0" [_thread_in_vm, id=6944, stack(0x0000000020210000,0x0000000020310000)]

siginfo: ExceptionCode=0xc0000005, reading address 0x0000000000000000

Registers:
RAX=0x0000000000000000, RBX=0x000000001fa13800, RCX=0x0000000000000380, RDX=0x0000000000000000
RSP=0x000000002030f030, RBP=0x000000002030f430, RSI=0x0000000000000000, RDI=0x0000000000000000
R8 =0x0000000000000000, R9 =0x0000000000000000, R10=0x3ff0000000000000, R11=0x000000001f974df8
R12=0x0000000000000000, R13=0x0000000000000000, R14=0x000000002030f440, R15=0x000000001fa13800
RIP=0x0000000070125014, EFLAGS=0x0000000000010202

Top of Stack: (sp=0x000000002030f030)
0x000000002030f030:   000000001fa13800 00000000b581296f
0x000000002030f040:   000000001fa162a0 000007fef2e373f0
0x000000002030f050:   000000001fa13800 0000000000000000
0x000000002030f060:   000000001fa13800 0000000000000000
0x000000002030f070:   000000001be1a898 000000001f974df8
0x000000002030f080:   0000000000000000 000007fef2dbbdfd
0x000000002030f090:   000000002030f430 000000001fa139e8
0x000000002030f0a0:   0000000000200020 000000002030f430
0x000000002030f0b0:   00000000705bbea8 000000001f972f20
0x000000002030f0c0:   000000020000003b 000000000000003c
0x000000002030f0d0:   000000001be1a898 000000001fa13800
0x000000002030f0e0:   0000000100010000 0000000000000000
0x000000002030f0f0:   0000000000000000 0000000000000000
0x000000002030f100:   0000000000000000 0000000000000000
0x000000002030f110:   0000000000000000 0000000000000000
0x000000002030f120:   000000001be1a800 0000000000000000 

Instructions: (pc=0x0000000070125014)
0x0000000070124ff4:   89 5c 24 20 48 89 74 24 28 48 39 73 08 74 0a 48
0x0000000070125004:   8d 4c 24 20 e8 33 05 13 00 40 38 35 94 f3 69 00
0x0000000070125014:   48 8b 3f 48 63 05 da 6f 68 00 74 1b 8b 0c 38 85
0x0000000070125024:   c9 74 77 8b c1 8b 0d 09 75 63 00 48 d3 e0 48 03 


Register to memory mapping:

RAX=0x0000000000000000 is an unknown value
RBX=0x000000001fa13800 is a thread
RCX=0x0000000000000380 is an unknown value
RDX=0x0000000000000000 is an unknown value
RSP=0x000000002030f030 is pointing into the stack for thread: 0x000000001fa13800
RBP=0x000000002030f430 is pointing into the stack for thread: 0x000000001fa13800
RSI=0x0000000000000000 is an unknown value
RDI=0x0000000000000000 is an unknown value
R8 =0x0000000000000000 is an unknown value
R9 =0x0000000000000000 is an unknown value
R10=0x3ff0000000000000 is an unknown value
R11=0x000000001f974df8 is an unknown value
R12=0x0000000000000000 is an unknown value
R13=0x0000000000000000 is an unknown value
R14=0x000000002030f440 is pointing into the stack for thread: 0x000000001fa13800
R15=0x000000001fa13800 is a thread


Stack: [0x0000000020210000,0x0000000020310000],  sp=0x000000002030f030,  free space=1020k
Native frames: (J=compiled Java code, j=interpreted, Vv=VM code, C=native code)
V  [jvm.dll+0x135014]
C  [LASlib.dll+0xbdfd]  Java_fr_ird_voxelidar_extraction_LasExtraction_simpleExtract+0xbd
C  0x000000000234a5ac

Java frames: (J=compiled Java code, j=interpreted, Vv=VM code)
j  fr.ird.voxelidar.extraction.LasExtraction.simpleExtract(Ljava/lang/String;Lfr/ird/voxelidar/extraction/LasPoints;)Z+0
j  fr.ird.voxelidar.extraction.LasExtraction.run()V+30
j  java.lang.Thread.run()V+11
v  ~StubRoutines::call_stub

---------------  P R O C E S S  ---------------

Java Threads: ( => current thread )
=>0x000000001fa13800 JavaThread "Thread-0" [_thread_in_vm, id=6944, stack(0x0000000020210000,0x0000000020310000)]
  0x000000001d636800 JavaThread "Service Thread" daemon [_thread_blocked, id=6232, stack(0x000000001f830000,0x000000001f930000)]
  0x000000001d5eb800 JavaThread "C1 CompilerThread3" daemon [_thread_blocked, id=4756, stack(0x000000001f5b0000,0x000000001f6b0000)]
  0x000000001d5b8800 JavaThread "C2 CompilerThread2" daemon [_thread_blocked, id=6136, stack(0x000000001f410000,0x000000001f510000)]
  0x000000001d5b8000 JavaThread "C2 CompilerThread1" daemon [_thread_blocked, id=6268, stack(0x000000001f310000,0x000000001f410000)]
  0x000000001d5b4000 JavaThread "C2 CompilerThread0" daemon [_thread_in_native, id=5184, stack(0x000000001f170000,0x000000001f270000)]
  0x000000001d5a0000 JavaThread "JDWP Command Reader" daemon [_thread_in_native, id=6860, stack(0x000000001ee30000,0x000000001ef30000)]
  0x000000001d599000 JavaThread "JDWP Event Helper Thread" daemon [_thread_blocked, id=5268, stack(0x000000001efb0000,0x000000001f0b0000)]
  0x000000001d592800 JavaThread "JDWP Transport Listener: dt_socket" daemon [_thread_blocked, id=1360, stack(0x000000001ebe0000,0x000000001ece0000)]
  0x000000001d584000 JavaThread "Attach Listener" daemon [_thread_blocked, id=2800, stack(0x000000001ea90000,0x000000001eb90000)]
  0x000000001c3ce800 JavaThread "Signal Dispatcher" daemon [_thread_blocked, id=6964, stack(0x000000001e640000,0x000000001e740000)]
  0x000000001c3bb000 JavaThread "Finalizer" daemon [_thread_blocked, id=6924, stack(0x000000001e890000,0x000000001e990000)]
  0x000000001c3b4000 JavaThread "Reference Handler" daemon [_thread_blocked, id=7004, stack(0x000000001e760000,0x000000001e860000)]
  0x0000000001dca800 JavaThread "main" [_thread_in_vm, id=5340, stack(0x0000000001f60000,0x0000000002060000)]

Other Threads:
  0x000000001d531000 VMThread [stack: 0x000000001e4c0000,0x000000001e5c0000] [id=2128]
  0x000000001d647800 WatcherThread [stack: 0x000000001f6c0000,0x000000001f7c0000] [id=6632]

VM state:not at safepoint (normal execution)

VM Mutex/Monitor currently owned by a thread: None

Heap:
 PSYoungGen      total 114688K, used 13780K [0x000000076ab00000, 0x0000000772b00000, 0x00000007c0000000)
  eden space 98304K, 14% used [0x000000076ab00000,0x000000076b8752e8,0x0000000770b00000)
  from space 16384K, 0% used [0x0000000771b00000,0x0000000771b00000,0x0000000772b00000)
  to   space 16384K, 0% used [0x0000000770b00000,0x0000000770b00000,0x0000000771b00000)
 ParOldGen       total 262144K, used 0K [0x00000006c0000000, 0x00000006d0000000, 0x000000076ab00000)
  object space 262144K, 0% used [0x00000006c0000000,0x00000006c0000000,0x00000006d0000000)
 Metaspace       used 5333K, capacity 5468K, committed 5632K, reserved 1056768K
  class space    used 654K, capacity 692K, committed 768K, reserved 1048576K

Card table byte_map: [0x00000000116f0000,0x0000000011f00000] byte_map_base: 0x000000000e0f0000

Marking Bits: (ParMarkBitMap*) 0x00000000707cd4f0
 Begin Bits: [0x00000000131d0000, 0x00000000171d0000)
 End Bits:   [0x00000000171d0000, 0x000000001b1d0000)

Polling page: 0x0000000000320000

CodeCache: size=245760Kb used=1601Kb max_used=1601Kb free=244158Kb
 bounds [0x0000000002330000, 0x00000000025a0000, 0x0000000011330000]
 total_blobs=501 nmethods=244 adapters=180
 compilation: enabled

Compilation events (10 events):
Event: 0.667 Thread 0x000000001d5eb800  229       3       sun.reflect.misc.ReflectUtil::isNonPublicProxyClass (51 bytes)
Event: 0.667 Thread 0x000000001d5eb800 nmethod 229 0x00000000024aed90 code [0x00000000024aefc0, 0x00000000024afc48]
Event: 0.667 Thread 0x000000001d5eb800  227       3       sun.reflect.ReflectionFactory::langReflectAccess (15 bytes)
Event: 0.668 Thread 0x000000001d5eb800 nmethod 227 0x00000000024ae990 code [0x00000000024aeb00, 0x00000000024aed10]
Event: 0.668 Thread 0x000000001d5eb800  225       3       java.net.URL::<init> (8 bytes)
Event: 0.668 Thread 0x000000001d5eb800 nmethod 225 0x00000000024ae510 code [0x00000000024ae680, 0x00000000024ae828]
Event: 0.668 Thread 0x000000001d5eb800  230       1       java.security.PrivilegedActionException::getException (5 bytes)
Event: 0.668 Thread 0x000000001d5eb800 nmethod 230 0x00000000024b8f90 code [0x00000000024b90e0, 0x00000000024b91f0]
Event: 2.879 Thread 0x000000001d5b4000  231 %     4       java.lang.String::indexOf @ 69 (166 bytes)
Event: 2.894 Thread 0x000000001d5b4000 nmethod 231% 0x00000000024bc690 code [0x00000000024bc7e0, 0x00000000024bcff8]

GC Heap History (0 events):
No events

Deoptimization events (0 events):
No events

Internal exceptions (10 events):
Event: 0.662 Thread 0x0000000001dca800 Exception <a 'java/security/PrivilegedActionException'> (0x000000076b4e8cd0) thrown at [C:\workspace\8-2-build-windows-amd64-cygwin\jdk8u31\2394\hotspot\src\share\vm\prims\jvm.cpp, line 1312]
Event: 0.662 Thread 0x0000000001dca800 Exception <a 'java/lang/ClassNotFoundException': org/apache/log4j/ConsoleAppenderCustomizer> (0x000000076b4e8f08) thrown at [C:\workspace\8-2-build-windows-amd64-cygwin\jdk8u31\2394\hotspot\src\share\vm\classfile\systemDictionary.cpp, line 202]
Event: 0.663 Thread 0x0000000001dca800 Exception <a 'java/security/PrivilegedActionException'> (0x000000076b4f3e10) thrown at [C:\workspace\8-2-build-windows-amd64-cygwin\jdk8u31\2394\hotspot\src\share\vm\prims\jvm.cpp, line 1312]
Event: 0.664 Thread 0x0000000001dca800 Exception <a 'java/security/PrivilegedActionException'> (0x000000076b4f9488) thrown at [C:\workspace\8-2-build-windows-amd64-cygwin\jdk8u31\2394\hotspot\src\share\vm\prims\jvm.cpp, line 1312]
Event: 2.878 Thread 0x0000000001dca800 Exception <a 'java/security/PrivilegedActionException'> (0x000000076b4ffa48) thrown at [C:\workspace\8-2-build-windows-amd64-cygwin\jdk8u31\2394\hotspot\src\share\vm\prims\jvm.cpp, line 1312]
Event: 2.879 Thread 0x0000000001dca800 Exception <a 'java/security/PrivilegedActionException'> (0x000000076b502158) thrown at [C:\workspace\8-2-build-windows-amd64-cygwin\jdk8u31\2394\hotspot\src\share\vm\prims\jvm.cpp, line 1312]
Event: 2.901 Thread 0x0000000001dca800 Exception <a 'java/security/PrivilegedActionException'> (0x000000076b507ff0) thrown at [C:\workspace\8-2-build-windows-amd64-cygwin\jdk8u31\2394\hotspot\src\share\vm\prims\jvm.cpp, line 1312]
Event: 2.908 Thread 0x0000000001dca800 Exception <a 'java/security/PrivilegedActionException'> (0x000000076b509c40) thrown at [C:\workspace\8-2-build-windows-amd64-cygwin\jdk8u31\2394\hotspot\src\share\vm\prims\jvm.cpp, line 1312]
Event: 2.908 Thread 0x000000001fa13800 Exception <a 'java/security/PrivilegedActionException'> (0x000000076b689f88) thrown at [C:\workspace\8-2-build-windows-amd64-cygwin\jdk8u31\2394\hotspot\src\share\vm\prims\jvm.cpp, line 1312]
Event: 2.909 Thread 0x000000001fa13800 Exception <a 'java/security/PrivilegedActionException'> (0x000000076b68c1d8) thrown at [C:\workspace\8-2-build-windows-amd64-cygwin\jdk8u31\2394\hotspot\src\share\vm\prims\jvm.cpp, line 1312]

Events (10 events):
Event: 2.912 loading class java/awt/Component
Event: 2.913 loading class java/awt/image/ImageObserver
Event: 2.913 loading class java/awt/image/ImageObserver done
Event: 2.914 loading class java/awt/Component done
Event: 2.914 loading class java/awt/Container done
Event: 2.914 loading class java/awt/Window done
Event: 2.914 loading class java/awt/Frame done
Event: 2.914 loading class javax/swing/JFrame done
Event: 2.914 Executing VM operation: ChangeBreakpoints
Event: 2.914 Executing VM operation: ChangeBreakpoints done


Dynamic libraries:
0x000000013f320000 - 0x000000013f354000 	C:\Program Files\Java\jdk1.8.0_31\bin\java.exe
0x00000000774e0000 - 0x0000000077689000 	C:\Windows\SYSTEM32\ntdll.dll
0x00000000772c0000 - 0x00000000773df000 	C:\Windows\system32\kernel32.dll
0x000007fefd380000 - 0x000007fefd3ec000 	C:\Windows\system32\KERNELBASE.dll
0x000007feff290000 - 0x000007feff36b000 	C:\Windows\system32\ADVAPI32.dll
0x000007fefd760000 - 0x000007fefd7ff000 	C:\Windows\system32\msvcrt.dll
0x000007fefda30000 - 0x000007fefda4f000 	C:\Windows\SYSTEM32\sechost.dll
0x000007fefe9a0000 - 0x000007fefeacd000 	C:\Windows\system32\RPCRT4.dll
0x00000000773e0000 - 0x00000000774da000 	C:\Windows\system32\USER32.dll
0x000007fefd6f0000 - 0x000007fefd757000 	C:\Windows\system32\GDI32.dll
0x000007fefe940000 - 0x000007fefe94e000 	C:\Windows\system32\LPK.dll
0x000007feff410000 - 0x000007feff4d9000 	C:\Windows\system32\USP10.dll
0x000007fefbc50000 - 0x000007fefbe44000 	C:\Windows\WinSxS\amd64_microsoft.windows.common-controls_6595b64144ccf1df_6.0.7601.17514_none_fa396087175ac9ac\COMCTL32.dll
0x000007feff6f0000 - 0x000007feff761000 	C:\Windows\system32\SHLWAPI.dll
0x000007fefdb60000 - 0x000007fefdb8e000 	C:\Windows\system32\IMM32.DLL
0x000007fefda50000 - 0x000007fefdb59000 	C:\Windows\system32\MSCTF.dll
0x0000000051740000 - 0x0000000051812000 	C:\Program Files\Java\jdk1.8.0_31\jre\bin\msvcr100.dll
0x000000006fff0000 - 0x000000007084a000 	C:\Program Files\Java\jdk1.8.0_31\jre\bin\server\jvm.dll
0x000007fef76c0000 - 0x000007fef76c9000 	C:\Windows\system32\WSOCK32.dll
0x000007fefe950000 - 0x000007fefe99d000 	C:\Windows\system32\WS2_32.dll
0x000007fefd6e0000 - 0x000007fefd6e8000 	C:\Windows\system32\NSI.dll
0x000007fef73f0000 - 0x000007fef742b000 	C:\Windows\system32\WINMM.dll
0x00000000776a0000 - 0x00000000776a7000 	C:\Windows\system32\PSAPI.DLL
0x0000000058970000 - 0x000000005897f000 	C:\Program Files\Java\jdk1.8.0_31\jre\bin\verify.dll
0x0000000054c40000 - 0x0000000054c68000 	C:\Program Files\Java\jdk1.8.0_31\jre\bin\java.dll
0x00000000534f0000 - 0x0000000053525000 	C:\Program Files\Java\jdk1.8.0_31\jre\bin\jdwp.dll
0x0000000054bd0000 - 0x0000000054bd8000 	C:\Program Files\Java\jdk1.8.0_31\jre\bin\npt.dll
0x0000000054c20000 - 0x0000000054c36000 	C:\Program Files\Java\jdk1.8.0_31\jre\bin\zip.dll
0x000007fefdbb0000 - 0x000007fefe938000 	C:\Windows\system32\SHELL32.dll
0x000007feff4e0000 - 0x000007feff6e3000 	C:\Windows\system32\ole32.dll
0x000007fefd330000 - 0x000007fefd33f000 	C:\Windows\system32\profapi.dll
0x0000000054ad0000 - 0x0000000054ad9000 	C:\Program Files\Java\jdk1.8.0_31\jre\bin\dt_socket.dll
0x000007fefc9f0000 - 0x000007fefca45000 	C:\Windows\system32\mswsock.dll
0x000007fefc720000 - 0x000007fefc727000 	C:\Windows\System32\wshtcpip.dll
0x000007fef2db0000 - 0x000007fef2e78000 	C:\Users\Julien\Documents\NetBeansProjects\VoxeLidar\LASlib.dll
0x000007fef56e0000 - 0x000007fef57cf000 	C:\Windows\system32\MSVCR120.dll
0x000007fef58a0000 - 0x000007fef5946000 	C:\Windows\system32\MSVCP120.dll
0x000007fefaeb0000 - 0x000007fefafd5000 	C:\Windows\system32\dbghelp.dll

VM Arguments:
jvm_args: -Xdebug -Xrunjdwp:transport=dt_socket,server=n,address=1424 -Xmx4G 
java_command: fr.ird.voxelidar.Principal
java_class_path (initial): C:\Users\Julien\Documents\NetBeansProjects\VoxeLidar\target\classes;C:\Users\Julien\.m2\repository\org\jogamp\gluegen\gluegen-rt-main\2.2.4\gluegen-rt-main-2.2.4.jar;C:\Users\Julien\.m2\repository\org\jogamp\gluegen\gluegen-rt\2.2.4\gluegen-rt-2.2.4.jar;C:\Users\Julien\.m2\repository\org\jogamp\gluegen\gluegen-rt\2.2.4\gluegen-rt-2.2.4-natives-android-armv6.jar;C:\Users\Julien\.m2\repository\org\jogamp\gluegen\gluegen-rt\2.2.4\gluegen-rt-2.2.4-natives-linux-amd64.jar;C:\Users\Julien\.m2\repository\org\jogamp\gluegen\gluegen-rt\2.2.4\gluegen-rt-2.2.4-natives-linux-armv6.jar;C:\Users\Julien\.m2\repository\org\jogamp\gluegen\gluegen-rt\2.2.4\gluegen-rt-2.2.4-natives-linux-armv6hf.jar;C:\Users\Julien\.m2\repository\org\jogamp\gluegen\gluegen-rt\2.2.4\gluegen-rt-2.2.4-natives-linux-i586.jar;C:\Users\Julien\.m2\repository\org\jogamp\gluegen\gluegen-rt\2.2.4\gluegen-rt-2.2.4-natives-macosx-universal.jar;C:\Users\Julien\.m2\repository\org\jogamp\gluegen\gluegen-rt\2.2.4\gluegen-rt-2.2.4-natives-solaris-amd64.jar;C:\Users\Julien\.m2\repository\org\jogamp\gluegen\gluegen-rt\2.2.4\gluegen-rt-2.2.4-natives-solaris-i586.jar;C:\Users\Julien\.m2\repository\org\jogamp\gluegen\gluegen-rt\2.2.4\gluegen-rt-2.2.4-natives-windows-amd64.jar;C:\Users\Julien\.m2\repository\org\jogamp\gluegen\gluegen-rt\2.2.4\gluegen-rt-2.2.4-natives-windows-i586.jar;C:\Users\Julien\.m2\repository\org\jogamp\jogl\jogl-all-main\2.2.4\jogl-all-main-2.2.4.jar;C:\Users\Julien\.m2\repository\org\jogamp\jogl\jogl-all\2.2.4\jogl-all-2.2.4.jar;C:\Users\Julien\.m2\repository\org\jogamp\jogl\jogl-all\2.2.4\jogl-all-2.2.4-natives-android-armv6.jar;C:\Users\Julien\.m2\repository\org\jogamp\jogl\jogl-all\2.2.4\jogl-all-2.2.4-natives-linux-amd64.jar;C:\Users\Julien\.m2\repository\org\jogamp\jogl\jogl-all\2.2.4\jogl-all-2.2.4-natives-linux-armv6.jar;C:\Users\Julien\.m2\repository\org\jogamp\jogl\jogl-all\2.2.4\jogl-all-2.2.4-natives-linux-armv6hf.jar;C:\Users\Julien\.m2\repository\org\jogamp\j
Launcher Type: SUN_STANDARD

Environment Variables:
JAVA_HOME=C:\Program Files\Java\jdk1.8.0_31
CLASSPATH=C:\Program Files\OpenNI\Bin64\org.OpenNI.jar
PATH=C:\ProgramData\Oracle\Java\javapath;C:\Program Files\Java\jdk1.7.0_67\bin;C:\Python27\Lib\site-packages\PyQt4;C:\Program Files (x86)\Common Files\Intergraph\Grid Analysis SDK\1.0\Program;C:\Windows\system32;C:\Windows;C:\Windows\System32\Wbem;C:\Windows\System32\WindowsPowerShell\v1.0\;C:\Windows\Program Files (x86)\Common Files\Roxio Shared\DLLShared\;C:\Program Files (x86)\Common Files\Roxio Shared\10.0\DLLShared\;C:\Windows\Program Files\Java\jdk1.7.0_67\bin;C:\Program Files\java\ssj\lib\;C:\Program Files\MATLAB\R2010a\bin;C:\Program Files\OpenNI\Bin64;C:\Program Files\PCL 1.6.0\bin;C:\Program Files\TortoiseSVN\bin;C:\Program Files\Microsoft SQL Server\110\Tools\Binn\;C:\MinGW3\bin;C:\Program Files\TortoiseGit\bin;C:\Program Files (x86)\Windows Kits\8.1\Windows Performance Toolkit\;c:\users\julien\appdata\local\enthought\canopy\user;c:\users\julien\appdata\local\enthought\canopy\user\scripts
USERNAME=Julien
OS=Windows_NT
PROCESSOR_IDENTIFIER=Intel64 Family 6 Model 44 Stepping 2, GenuineIntel



---------------  S Y S T E M  ---------------

OS: Windows 7 , 64 bit Build 7601 Service Pack 1

CPU:total 8 (4 cores per cpu, 2 threads per core) family 6 model 44 stepping 2, cmov, cx8, fxsr, mmx, sse, sse2, sse3, ssse3, sse4.1, sse4.2, popcnt, aes, clmul, ht, tsc, tscinvbit, tscinv

Memory: 4k page, physical 25148644k(19733948k free), swap 50295424k(43532152k free)

vm_info: Java HotSpot(TM) 64-Bit Server VM (25.31-b07) for windows-amd64 JRE (1.8.0_31-b13), built on Dec 17 2014 21:00:28 by "java_re" with MS VC++ 10.0 (VS2010)

time: Thu Feb 05 10:36:38 2015
elapsed time: 2 seconds (0d 0h 0m 2s)

