#
# A fatal error has been detected by the Java Runtime Environment:
#
#  EXCEPTION_ACCESS_VIOLATION (0xc0000005) at pc=0x00000000610b0539, pid=5244, tid=6312
#
# JRE version: Java(TM) SE Runtime Environment (7.0_67-b01) (build 1.7.0_67-b01)
# Java VM: Java HotSpot(TM) 64-Bit Server VM (24.65-b04 mixed mode windows-amd64 compressed oops)
# Problematic frame:
# C  0x00000000610b0539
#
# Failed to write core dump. Minidumps are not enabled by default on client versions of Windows
#
# If you would like to submit a bug report, please visit:
#   http://bugreport.sun.com/bugreport/crash.jsp
# The crash happened outside the Java Virtual Machine in native code.
# See problematic frame for where to report the bug.
#

---------------  T H R E A D  ---------------

Current thread (0x000000000e26f000):  JavaThread "AWT-EventQueue-0" [_thread_in_native, id=6312, stack(0x00000000120e0000,0x00000000121e0000)]

siginfo: ExceptionCode=0xc0000005, reading address 0x0000000000001100

Registers:
RAX=0x0000000000000000, RBX=0x000000077c02d278, RCX=0x0000000000000003, RDX=0x00000000121dcaf8
RSP=0x00000000121dca38, RBP=0x00000000121dcac0, RSI=0x00000000ef5e2b65, RDI=0x0000000010000030
R8 =0x0000000000000003, R9 =0x00000000610b0530, R10=0x00000000024594dd, R11=0x0000000064072a70
R12=0x0000000000000000, R13=0x000000077c02d278, R14=0x00000000121dcaf8, R15=0x000000000e26f000
RIP=0x00000000610b0539, EFLAGS=0x0000000000010202

Top of Stack: (sp=0x00000000121dca38)
0x00000000121dca38:   0000000002459509 00000000121dcac0
0x00000000121dca48:   00000000024590be 000000077c02d278
0x00000000121dca58:   00000000ef5e2b65 0000000010000030
0x00000000121dca68:   0000000002466d46 00000000121dcaa8
0x00000000121dca78:   0000000002459086 00000000121dca80
0x00000000121dca88:   000000077c02d278 00000000121dcaf8
0x00000000121dca98:   000000077c179ea8 0000000000000000
0x00000000121dcaa8:   000000077c02d278 0000000000000000
0x00000000121dcab8:   00000000121dcae0 00000000121dcb40
0x00000000121dcac8:   0000000002446198 0000000000000000
0x00000000121dcad8:   0000000002453a58 00000000610b0530
0x00000000121dcae8:   00000000121dcb40 0000000000000003
0x00000000121dcaf8:   0000000783e8db20 00000000121dcb00
0x00000000121dcb08:   000000077c02d1aa 00000000121dcb68
0x00000000121dcb18:   000000077c179ea8 0000000000000000
0x00000000121dcb28:   000000077c02d1b8 00000000121dcae0 

Instructions: (pc=0x00000000610b0539)
0x00000000610b0519:   af af af af af af af c3 cc cc cc cc cc cc cc cc
0x00000000610b0529:   cc cc cc cc cc cc cc 65 48 8b 04 25 20 16 00 00
0x00000000610b0539:   ff a0 00 11 00 00 cc cc cc cc cc cc cc cc cc cc
0x00000000610b0549:   cc cc cc cc cc cc cc cc cc cc cc cc cc cc cc cc 


Register to memory mapping:

RAX=0x0000000000000000 is an unknown value
RBX=0x000000077c02d278 is an oop
{method} 
 - klass: {other class}
RCX=0x0000000000000003 is an unknown value
RDX=0x00000000121dcaf8 is pointing into the stack for thread: 0x000000000e26f000
RSP=0x00000000121dca38 is pointing into the stack for thread: 0x000000000e26f000
RBP=0x00000000121dcac0 is pointing into the stack for thread: 0x000000000e26f000
RSI=0x00000000ef5e2b65 is an unknown value
RDI=0x0000000010000030 is an unknown value
R8 =0x0000000000000003 is an unknown value
R9 =0x00000000610b0530 is an unknown value
R10=0x00000000024594dd is at code_begin+1277 in an Interpreter codelet
method entry point (kind = native)  [0x0000000002458fe0, 0x0000000002459ea0]  3776 bytes
R11=0x0000000064072a70 is an unknown value
R12=0x0000000000000000 is an unknown value
R13=0x000000077c02d278 is an oop
{method} 
 - klass: {other class}
R14=0x00000000121dcaf8 is pointing into the stack for thread: 0x000000000e26f000
R15=0x000000000e26f000 is a thread


Stack: [0x00000000120e0000,0x00000000121e0000],  sp=0x00000000121dca38,  free space=1010k
Native frames: (J=compiled Java code, j=interpreted, Vv=VM code, C=native code)
C  0x00000000610b0539
j  jogamp.opengl.gl4.GL4bcImpl.glUseProgram(I)V+34
j  fr.ird.voxelidar.graphics3d.jogl.JoglListener$1.projMatrixChanged(Lfr/ird/voxelidar/math/matrix/Mat4F;)V+85
j  fr.ird.voxelidar.graphics3d.object.camera.TrackballCamera.fireProjectionMatrixChanged(Lfr/ird/voxelidar/math/matrix/Mat4F;)V+35
j  fr.ird.voxelidar.graphics3d.object.camera.TrackballCamera.updateProjMatrix()V+69
j  fr.ird.voxelidar.graphics3d.object.camera.TrackballCamera.setOrthographic(FFFFFF)V+39
j  fr.ird.voxelidar.frame.JFrameTools.jPanel21MouseClicked(Ljava/awt/event/MouseEvent;)V+141
j  fr.ird.voxelidar.frame.JFrameTools.access$1100(Lfr/ird/voxelidar/frame/JFrameTools;Ljava/awt/event/MouseEvent;)V+2
j  fr.ird.voxelidar.frame.JFrameTools$12.mouseClicked(Ljava/awt/event/MouseEvent;)V+5
j  java.awt.Component.processMouseEvent(Ljava/awt/event/MouseEvent;)V+74
j  javax.swing.JComponent.processMouseEvent(Ljava/awt/event/MouseEvent;)V+23
j  java.awt.Component.processEvent(Ljava/awt/AWTEvent;)V+81
j  java.awt.Container.processEvent(Ljava/awt/AWTEvent;)V+18
j  java.awt.Component.dispatchEventImpl(Ljava/awt/AWTEvent;)V+581
j  java.awt.Container.dispatchEventImpl(Ljava/awt/AWTEvent;)V+42
J 546 C2 java.awt.LightweightDispatcher.retargetMouseEvent(Ljava/awt/Component;ILjava/awt/event/MouseEvent;)V (350 bytes) @ 0x000000000264e4b4 [0x000000000264dfe0+0x4d4]
j  java.awt.LightweightDispatcher.processMouseEvent(Ljava/awt/event/MouseEvent;)Z+157
j  java.awt.LightweightDispatcher.dispatchEvent(Ljava/awt/AWTEvent;)Z+50
j  java.awt.Container.dispatchEventImpl(Ljava/awt/AWTEvent;)V+12
j  java.awt.Window.dispatchEventImpl(Ljava/awt/AWTEvent;)V+19
j  java.awt.Component.dispatchEvent(Ljava/awt/AWTEvent;)V+2
j  java.awt.EventQueue.dispatchEventImpl(Ljava/awt/AWTEvent;Ljava/lang/Object;)V+41
j  java.awt.EventQueue.access$200(Ljava/awt/EventQueue;Ljava/awt/AWTEvent;Ljava/lang/Object;)V+3
j  java.awt.EventQueue$3.run()Ljava/lang/Void;+12
j  java.awt.EventQueue$3.run()Ljava/lang/Object;+1
v  ~StubRoutines::call_stub

Java frames: (J=compiled Java code, j=interpreted, Vv=VM code)
j  jogamp.opengl.gl4.GL4bcImpl.dispatch_glUseProgram1(IJ)V+0
j  jogamp.opengl.gl4.GL4bcImpl.glUseProgram(I)V+34
j  fr.ird.voxelidar.graphics3d.jogl.JoglListener$1.projMatrixChanged(Lfr/ird/voxelidar/math/matrix/Mat4F;)V+85
j  fr.ird.voxelidar.graphics3d.object.camera.TrackballCamera.fireProjectionMatrixChanged(Lfr/ird/voxelidar/math/matrix/Mat4F;)V+35
j  fr.ird.voxelidar.graphics3d.object.camera.TrackballCamera.updateProjMatrix()V+69
j  fr.ird.voxelidar.graphics3d.object.camera.TrackballCamera.setOrthographic(FFFFFF)V+39
j  fr.ird.voxelidar.frame.JFrameTools.jPanel21MouseClicked(Ljava/awt/event/MouseEvent;)V+141
j  fr.ird.voxelidar.frame.JFrameTools.access$1100(Lfr/ird/voxelidar/frame/JFrameTools;Ljava/awt/event/MouseEvent;)V+2
j  fr.ird.voxelidar.frame.JFrameTools$12.mouseClicked(Ljava/awt/event/MouseEvent;)V+5
j  java.awt.Component.processMouseEvent(Ljava/awt/event/MouseEvent;)V+74
j  javax.swing.JComponent.processMouseEvent(Ljava/awt/event/MouseEvent;)V+23
j  java.awt.Component.processEvent(Ljava/awt/AWTEvent;)V+81
j  java.awt.Container.processEvent(Ljava/awt/AWTEvent;)V+18
j  java.awt.Component.dispatchEventImpl(Ljava/awt/AWTEvent;)V+581
j  java.awt.Container.dispatchEventImpl(Ljava/awt/AWTEvent;)V+42
J 546 C2 java.awt.LightweightDispatcher.retargetMouseEvent(Ljava/awt/Component;ILjava/awt/event/MouseEvent;)V (350 bytes) @ 0x000000000264e4b4 [0x000000000264dfe0+0x4d4]
j  java.awt.LightweightDispatcher.processMouseEvent(Ljava/awt/event/MouseEvent;)Z+157
j  java.awt.LightweightDispatcher.dispatchEvent(Ljava/awt/AWTEvent;)Z+50
j  java.awt.Container.dispatchEventImpl(Ljava/awt/AWTEvent;)V+12
j  java.awt.Window.dispatchEventImpl(Ljava/awt/AWTEvent;)V+19
j  java.awt.Component.dispatchEvent(Ljava/awt/AWTEvent;)V+2
j  java.awt.EventQueue.dispatchEventImpl(Ljava/awt/AWTEvent;Ljava/lang/Object;)V+41
j  java.awt.EventQueue.access$200(Ljava/awt/EventQueue;Ljava/awt/AWTEvent;Ljava/lang/Object;)V+3
j  java.awt.EventQueue$3.run()Ljava/lang/Void;+12
j  java.awt.EventQueue$3.run()Ljava/lang/Object;+1
v  ~StubRoutines::call_stub
j  java.security.AccessController.doPrivileged(Ljava/security/PrivilegedAction;Ljava/security/AccessControlContext;)Ljava/lang/Object;+0
j  java.security.ProtectionDomain$1.doIntersectionPrivilege(Ljava/security/PrivilegedAction;Ljava/security/AccessControlContext;Ljava/security/AccessControlContext;)Ljava/lang/Object;+28
j  java.security.ProtectionDomain$1.doIntersectionPrivilege(Ljava/security/PrivilegedAction;Ljava/security/AccessControlContext;)Ljava/lang/Object;+6
j  java.awt.EventQueue$4.run()Ljava/lang/Void;+11
j  java.awt.EventQueue$4.run()Ljava/lang/Object;+1
v  ~StubRoutines::call_stub
j  java.security.AccessController.doPrivileged(Ljava/security/PrivilegedAction;Ljava/security/AccessControlContext;)Ljava/lang/Object;+0
J 348 C2 java.awt.EventDispatchThread.pumpOneEventForFilters(I)V (295 bytes) @ 0x0000000002576df8 [0x0000000002576260+0xb98]
j  java.awt.EventDispatchThread.pumpEventsForFilter(ILjava/awt/Conditional;Ljava/awt/EventFilter;)V+35
j  java.awt.EventDispatchThread.pumpEventsForHierarchy(ILjava/awt/Conditional;Ljava/awt/Component;)V+11
j  java.awt.EventDispatchThread.pumpEvents(ILjava/awt/Conditional;)V+4
j  java.awt.EventDispatchThread.pumpEvents(Ljava/awt/Conditional;)V+3
j  java.awt.EventDispatchThread.run()V+9
v  ~StubRoutines::call_stub

---------------  P R O C E S S  ---------------

Java Threads: ( => current thread )
  0x000000000bf59000 JavaThread "SwingWorker-pool-2-thread-1" daemon [_thread_blocked, id=3172, stack(0x00000000190a0000,0x00000000191a0000)]
  0x0000000013939800 JavaThread "AWT-EventQueue-0-FPSAWTAnimator-Timer0" [_thread_blocked, id=2188, stack(0x0000000017df0000,0x0000000017ef0000)]
  0x000000000e6f3000 JavaThread "AWT-EventQueue-0-Display-.windows_nil-1-EDT-1" daemon [_thread_blocked, id=5776, stack(0x0000000016f50000,0x0000000017050000)]
  0x000000000e6ee000 JavaThread "AWT-EventQueue-0-SharedResourceRunner" daemon [_thread_blocked, id=5444, stack(0x0000000017bb0000,0x0000000017cb0000)]
  0x0000000013550800 JavaThread "D3D Screen Updater" daemon [_thread_blocked, id=2040, stack(0x0000000014e60000,0x0000000014f60000)]
  0x000000000213a000 JavaThread "DestroyJavaVM" [_thread_blocked, id=2116, stack(0x0000000002290000,0x0000000002390000)]
  0x000000000e79a800 JavaThread "TimerQueue" daemon [_thread_blocked, id=5588, stack(0x0000000014670000,0x0000000014770000)]
  0x000000000e30c000 JavaThread "org.netbeans.modules.debugger.jpda.visual AWT Access Loop" daemon [_thread_blocked, id=3344, stack(0x0000000012640000,0x0000000012740000)]
  0x000000000e287800 JavaThread "Swing-Shell" daemon [_thread_blocked, id=6392, stack(0x0000000012390000,0x0000000012490000)]
=>0x000000000e26f000 JavaThread "AWT-EventQueue-0" [_thread_in_native, id=6312, stack(0x00000000120e0000,0x00000000121e0000)]
  0x000000000c1a0800 JavaThread "AWT-Windows" daemon [_thread_in_native, id=2492, stack(0x000000000ea40000,0x000000000eb40000)]
  0x000000000c19f800 JavaThread "AWT-Shutdown" [_thread_blocked, id=5256, stack(0x000000000ed70000,0x000000000ee70000)]
  0x000000000c19e800 JavaThread "Java2D Disposer" daemon [_thread_blocked, id=3328, stack(0x000000000eb40000,0x000000000ec40000)]
  0x000000000bf6d000 JavaThread "Service Thread" daemon [_thread_blocked, id=4328, stack(0x000000000e0a0000,0x000000000e1a0000)]
  0x000000000bf64000 JavaThread "C2 CompilerThread1" daemon [_thread_blocked, id=2544, stack(0x000000000deb0000,0x000000000dfb0000)]
  0x000000000bf58800 JavaThread "C2 CompilerThread0" daemon [_thread_blocked, id=5472, stack(0x000000000dd80000,0x000000000de80000)]
  0x000000000bf46000 JavaThread "JDWP Command Reader" daemon [_thread_in_native, id=2880, stack(0x000000000db10000,0x000000000dc10000)]
  0x000000000bf41000 JavaThread "JDWP Event Helper Thread" daemon [_thread_blocked, id=3584, stack(0x000000000d7e0000,0x000000000d8e0000)]
  0x000000000ae9f000 JavaThread "JDWP Transport Listener: dt_socket" daemon [_thread_blocked, id=6916, stack(0x000000000d9f0000,0x000000000daf0000)]
  0x000000000ae98000 JavaThread "Attach Listener" daemon [_thread_blocked, id=5784, stack(0x000000000d110000,0x000000000d210000)]
  0x000000000ae97000 JavaThread "Signal Dispatcher" daemon [_thread_blocked, id=3300, stack(0x000000000d3c0000,0x000000000d4c0000)]
  0x00000000021ce800 JavaThread "Finalizer" daemon [_thread_blocked, id=5224, stack(0x000000000cf00000,0x000000000d000000)]
  0x00000000021c8000 JavaThread "Reference Handler" daemon [_thread_blocked, id=4484, stack(0x000000000d210000,0x000000000d310000)]

Other Threads:
  0x000000000bef3800 VMThread [stack: 0x000000000d000000,0x000000000d100000] [id=6864]
  0x000000000bf77800 WatcherThread [stack: 0x000000000dc40000,0x000000000dd40000] [id=1620]

VM state:not at safepoint (normal execution)

VM Mutex/Monitor currently owned by a thread: None

Heap
 PSYoungGen      total 425984K, used 183063K [0x00000007d5500000, 0x00000007f8700000, 0x0000000800000000)
  eden space 347136K, 30% used [0x00000007d5500000,0x00000007dbacb8a8,0x00000007ea800000)
  from space 78848K, 99% used [0x00000007f0c00000,0x00000007f58fa428,0x00000007f5900000)
  to   space 102400K, 0% used [0x00000007ea800000,0x00000007ea800000,0x00000007f0c00000)
 ParOldGen       total 261632K, used 81178K [0x0000000780000000, 0x000000078ff80000, 0x00000007d5500000)
  object space 261632K, 31% used [0x0000000780000000,0x0000000784f468b0,0x000000078ff80000)
 PSPermGen       total 22528K, used 22459K [0x000000077ae00000, 0x000000077c400000, 0x0000000780000000)
  object space 22528K, 99% used [0x000000077ae00000,0x000000077c3eeeb0,0x000000077c400000)

Card table byte_map: [0x0000000005440000,0x0000000005870000] byte_map_base: 0x0000000001869000

Polling page: 0x0000000001c60000

Code Cache  [0x0000000002440000, 0x00000000026b0000, 0x0000000005440000)
 total_blobs=1328 nmethods=518 adapters=771 free_code_cache=47093Kb largest_free_block=48166592

Compilation events (10 events):
Event: 32.803 Thread 0x000000000bf64000 nmethod 542% 0x0000000002640090 code [0x00000000026403c0, 0x0000000002641de8]
Event: 32.807 Thread 0x000000000bf58800 nmethod 538 0x0000000002643c10 code [0x0000000002644240, 0x000000000264a680]
Event: 38.892 Thread 0x000000000bf64000  543   !         sun.java2d.SunGraphics2D::fillRect (74 bytes)
Event: 38.897 Thread 0x000000000bf64000 nmethod 543 0x0000000002631a50 code [0x0000000002631c00, 0x0000000002632010]
Event: 38.969 Thread 0x000000000bf58800  544             sun.java2d.pipe.Region::clipScale (41 bytes)
Event: 38.969 Thread 0x000000000bf58800 nmethod 544 0x0000000002631790 code [0x0000000002631900, 0x00000000026319a8]
Event: 42.199 Thread 0x000000000bf64000  545 %           java.awt.LightweightDispatcher::retargetMouseEvent @ 20 (350 bytes)
Event: 42.230 Thread 0x000000000bf64000 nmethod 545% 0x000000000263a590 code [0x000000000263a840, 0x000000000263bd48]
Event: 42.234 Thread 0x000000000bf58800  546             java.awt.LightweightDispatcher::retargetMouseEvent (350 bytes)
Event: 42.260 Thread 0x000000000bf58800 nmethod 546 0x000000000264dd50 code [0x000000000264dfe0, 0x000000000264f388]

GC Heap History (10 events):
Event: 17.802 GC heap before
{Heap before GC invocations=4 (full 0):
 PSYoungGen      total 114688K, used 107792K [0x00000007d5500000, 0x00000007dd500000, 0x0000000800000000)
  eden space 98304K, 100% used [0x00000007d5500000,0x00000007db500000,0x00000007db500000)
  from space 16384K, 57% used [0x00000007db500000,0x00000007dbe442b8,0x00000007dc500000)
  to   space 16384K, 0% used [0x00000007dc500000,0x00000007dc500000,0x00000007dd500000)
 ParOldGen       total 261632K, used 16K [0x0000000780000000, 0x000000078ff80000, 0x00000007d5500000)
  object space 261632K, 0% used [0x0000000780000000,0x0000000780004000,0x000000078ff80000)
 PSPermGen       total 22528K, used 22144K [0x000000077ae00000, 0x000000077c400000, 0x0000000780000000)
  object space 22528K, 98% used [0x000000077ae00000,0x000000077c3a0160,0x000000077c400000)
Event: 17.816 GC heap after
Heap after GC invocations=4 (full 0):
 PSYoungGen      total 114688K, used 16366K [0x00000007d5500000, 0x00000007dd500000, 0x0000000800000000)
  eden space 98304K, 0% used [0x00000007d5500000,0x00000007d5500000,0x00000007db500000)
  from space 16384K, 99% used [0x00000007dc500000,0x00000007dd4fb8e0,0x00000007dd500000)
  to   space 16384K, 0% used [0x00000007db500000,0x00000007db500000,0x00000007dc500000)
 ParOldGen       total 261632K, used 1014K [0x0000000780000000, 0x000000078ff80000, 0x00000007d5500000)
  object space 261632K, 0% used [0x0000000780000000,0x00000007800fdb18,0x000000078ff80000)
 PSPermGen       total 22528K, used 22144K [0x000000077ae00000, 0x000000077c400000, 0x0000000780000000)
  object space 22528K, 98% used [0x000000077ae00000,0x000000077c3a0160,0x000000077c400000)
}
Event: 17.934 GC heap before
{Heap before GC invocations=5 (full 0):
 PSYoungGen      total 114688K, used 114670K [0x00000007d5500000, 0x00000007dd500000, 0x0000000800000000)
  eden space 98304K, 100% used [0x00000007d5500000,0x00000007db500000,0x00000007db500000)
  from space 16384K, 99% used [0x00000007dc500000,0x00000007dd4fb8e0,0x00000007dd500000)
  to   space 16384K, 0% used [0x00000007db500000,0x00000007db500000,0x00000007dc500000)
 ParOldGen       total 261632K, used 1014K [0x0000000780000000, 0x000000078ff80000, 0x00000007d5500000)
  object space 261632K, 0% used [0x0000000780000000,0x00000007800fdb18,0x000000078ff80000)
 PSPermGen       total 22528K, used 22153K [0x000000077ae00000, 0x000000077c400000, 0x0000000780000000)
  object space 22528K, 98% used [0x000000077ae00000,0x000000077c3a27e0,0x000000077c400000)
Event: 17.983 GC heap after
Heap after GC invocations=5 (full 0):
 PSYoungGen      total 114688K, used 16367K [0x00000007d5500000, 0x00000007e6100000, 0x0000000800000000)
  eden space 98304K, 0% used [0x00000007d5500000,0x00000007d5500000,0x00000007db500000)
  from space 16384K, 99% used [0x00000007db500000,0x00000007dc4fbfe8,0x00000007dc500000)
  to   space 38912K, 0% used [0x00000007e3b00000,0x00000007e3b00000,0x00000007e6100000)
 ParOldGen       total 261632K, used 26150K [0x0000000780000000, 0x000000078ff80000, 0x00000007d5500000)
  object space 261632K, 9% used [0x0000000780000000,0x0000000781989b18,0x000000078ff80000)
 PSPermGen       total 22528K, used 22153K [0x000000077ae00000, 0x000000077c400000, 0x0000000780000000)
  object space 22528K, 98% used [0x000000077ae00000,0x000000077c3a27e0,0x000000077c400000)
}
Event: 18.094 GC heap before
{Heap before GC invocations=6 (full 0):
 PSYoungGen      total 114688K, used 114671K [0x00000007d5500000, 0x00000007e6100000, 0x0000000800000000)
  eden space 98304K, 100% used [0x00000007d5500000,0x00000007db500000,0x00000007db500000)
  from space 16384K, 99% used [0x00000007db500000,0x00000007dc4fbfe8,0x00000007dc500000)
  to   space 38912K, 0% used [0x00000007e3b00000,0x00000007e3b00000,0x00000007e6100000)
 ParOldGen       total 261632K, used 26150K [0x0000000780000000, 0x000000078ff80000, 0x00000007d5500000)
  object space 261632K, 9% used [0x0000000780000000,0x0000000781989b18,0x000000078ff80000)
 PSPermGen       total 22528K, used 22154K [0x000000077ae00000, 0x000000077c400000, 0x0000000780000000)
  object space 22528K, 98% used [0x000000077ae00000,0x000000077c3a2888,0x000000077c400000)
Event: 18.131 GC heap after
Heap after GC invocations=6 (full 0):
 PSYoungGen      total 224256K, used 38884K [0x00000007d5500000, 0x00000007e7700000, 0x0000000800000000)
  eden space 185344K, 0% used [0x00000007d5500000,0x00000007d5500000,0x00000007e0a00000)
  from space 38912K, 99% used [0x00000007e3b00000,0x00000007e60f9370,0x00000007e6100000)
  to   space 50176K, 0% used [0x00000007e0a00000,0x00000007e0a00000,0x00000007e3b00000)
 ParOldGen       total 261632K, used 29214K [0x0000000780000000, 0x000000078ff80000, 0x00000007d5500000)
  object space 261632K, 11% used [0x0000000780000000,0x0000000781c87b18,0x000000078ff80000)
 PSPermGen       total 22528K, used 22154K [0x000000077ae00000, 0x000000077c400000, 0x0000000780000000)
  object space 22528K, 98% used [0x000000077ae00000,0x000000077c3a2888,0x000000077c400000)
}
Event: 18.365 GC heap before
{Heap before GC invocations=7 (full 0):
 PSYoungGen      total 224256K, used 224228K [0x00000007d5500000, 0x00000007e7700000, 0x0000000800000000)
  eden space 185344K, 100% used [0x00000007d5500000,0x00000007e0a00000,0x00000007e0a00000)
  from space 38912K, 99% used [0x00000007e3b00000,0x00000007e60f9370,0x00000007e6100000)
  to   space 50176K, 0% used [0x00000007e0a00000,0x00000007e0a00000,0x00000007e3b00000)
 ParOldGen       total 261632K, used 29214K [0x0000000780000000, 0x000000078ff80000, 0x00000007d5500000)
  object space 261632K, 11% used [0x0000000780000000,0x0000000781c87b18,0x000000078ff80000)
 PSPermGen       total 22528K, used 22161K [0x000000077ae00000, 0x000000077c400000, 0x0000000780000000)
  object space 22528K, 98% used [0x000000077ae00000,0x000000077c3a4638,0x000000077c400000)
Event: 18.459 GC heap after
Heap after GC invocations=7 (full 0):
 PSYoungGen      total 235520K, used 50173K [0x00000007d5500000, 0x00000007f5900000, 0x0000000800000000)
  eden space 185344K, 0% used [0x00000007d5500000,0x00000007d5500000,0x00000007e0a00000)
  from space 50176K, 99% used [0x00000007e0a00000,0x00000007e3aff4f8,0x00000007e3b00000)
  to   space 78848K, 0% used [0x00000007f0c00000,0x00000007f0c00000,0x00000007f5900000)
 ParOldGen       total 261632K, used 63860K [0x0000000780000000, 0x000000078ff80000, 0x00000007d5500000)
  object space 261632K, 24% used [0x0000000780000000,0x0000000783e5d288,0x000000078ff80000)
 PSPermGen       total 22528K, used 22161K [0x000000077ae00000, 0x000000077c400000, 0x0000000780000000)
  object space 22528K, 98% used [0x000000077ae00000,0x000000077c3a4638,0x000000077c400000)
}
Event: 18.758 GC heap before
{Heap before GC invocations=8 (full 0):
 PSYoungGen      total 235520K, used 235517K [0x00000007d5500000, 0x00000007f5900000, 0x0000000800000000)
  eden space 185344K, 100% used [0x00000007d5500000,0x00000007e0a00000,0x00000007e0a00000)
  from space 50176K, 99% used [0x00000007e0a00000,0x00000007e3aff4f8,0x00000007e3b00000)
  to   space 78848K, 0% used [0x00000007f0c00000,0x00000007f0c00000,0x00000007f5900000)
 ParOldGen       total 261632K, used 63860K [0x0000000780000000, 0x000000078ff80000, 0x00000007d5500000)
  object space 261632K, 24% used [0x0000000780000000,0x0000000783e5d288,0x000000078ff80000)
 PSPermGen       total 22528K, used 22180K [0x000000077ae00000, 0x000000077c400000, 0x0000000780000000)
  object space 22528K, 98% used [0x000000077ae00000,0x000000077c3a91f0,0x000000077c400000)
Event: 18.836 GC heap after
Heap after GC invocations=8 (full 0):
 PSYoungGen      total 425984K, used 78825K [0x00000007d5500000, 0x00000007f8700000, 0x0000000800000000)
  eden space 347136K, 0% used [0x00000007d5500000,0x00000007d5500000,0x00000007ea800000)
  from space 78848K, 99% used [0x00000007f0c00000,0x00000007f58fa428,0x00000007f5900000)
  to   space 102400K, 0% used [0x00000007ea800000,0x00000007ea800000,0x00000007f0c00000)
 ParOldGen       total 261632K, used 81178K [0x0000000780000000, 0x000000078ff80000, 0x00000007d5500000)
  object space 261632K, 31% used [0x0000000780000000,0x0000000784f468b0,0x000000078ff80000)
 PSPermGen       total 22528K, used 22180K [0x000000077ae00000, 0x000000077c400000, 0x0000000780000000)
  object space 22528K, 98% used [0x000000077ae00000,0x000000077c3a91f0,0x000000077c400000)
}

Deoptimization events (10 events):
Event: 18.664 Thread 0x000000000bf59000 Uncommon trap: reason=unreached action=reinterpret pc=0x000000000260ba08 method=fr.ird.voxelidar.graphics3d.object.voxelspace.VoxelSpace.readVoxelFormat2(Ljava/io/File;)V @ 160
Event: 19.013 Thread 0x000000000bf59000 Uncommon trap: reason=unloaded action=reinterpret pc=0x0000000002615a80 method=fr.ird.voxelidar.graphics3d.object.voxelspace.VoxelSpace.updateValue(Lfr/ird/voxelidar/graphics3d/mesh/Attribut;)V @ 318
Event: 19.034 Thread 0x000000000bf59000 Uncommon trap: reason=intrinsic action=make_not_entrant pc=0x0000000002614870 method=fr.ird.voxelidar.util.StandardDeviation.getFromFloatArray([F)F @ 58
Event: 25.631 Thread 0x000000000e26f000 Uncommon trap: reason=class_check action=maybe_recompile pc=0x000000000255e9b4 method=java.awt.Container.getMouseEventTargetImpl(IIZLjava/awt/Container$EventTargetFilter;ZZ)Ljava/awt/Component; @ 191
Event: 25.692 Thread 0x000000000e26f000 Uncommon trap: reason=class_check action=maybe_recompile pc=0x000000000255e9b4 method=java.awt.Container.getMouseEventTargetImpl(IIZLjava/awt/Container$EventTargetFilter;ZZ)Ljava/awt/Component; @ 191
Event: 28.702 Thread 0x000000000e6f3000 Uncommon trap: reason=unreached action=reinterpret pc=0x00000000024d9ff8 method=java.lang.String.valueOf(Ljava/lang/Object;)Ljava/lang/String; @ 1
Event: 32.608 Thread 0x0000000013939800 Uncommon trap: reason=class_check action=maybe_recompile pc=0x0000000002563c44 method=javax.swing.event.EventListenerList.getListeners(Ljava/lang/Class;)[Ljava/util/EventListener; @ 17
Event: 32.838 Thread 0x0000000013939800 Uncommon trap: reason=class_check action=maybe_recompile pc=0x0000000002563c44 method=javax.swing.event.EventListenerList.getListeners(Ljava/lang/Class;)[Ljava/util/EventListener; @ 17
Event: 32.840 Thread 0x0000000013939800 Uncommon trap: reason=class_check action=maybe_recompile pc=0x0000000002563c44 method=javax.swing.event.EventListenerList.getListeners(Ljava/lang/Class;)[Ljava/util/EventListener; @ 17
Event: 32.841 Thread 0x0000000013939800 Uncommon trap: reason=class_check action=maybe_recompile pc=0x0000000002563c44 method=javax.swing.event.EventListenerList.getListeners(Ljava/lang/Class;)[Ljava/util/EventListener; @ 17

Internal exceptions (10 events):
Event: 32.644 Thread 0x0000000013939800 Threw 0x00000007daf62a78 at C:\re\jdk7u67\1368\hotspot\src\share\vm\prims\jvm.cpp:1244
Event: 32.645 Thread 0x0000000013939800 Threw 0x00000007daf696f0 at C:\re\jdk7u67\1368\hotspot\src\share\vm\prims\jvm.cpp:1244
Event: 32.647 Thread 0x0000000013939800 Threw 0x00000007daf6f738 at C:\re\jdk7u67\1368\hotspot\src\share\vm\prims\jvm.cpp:1244
Event: 32.648 Thread 0x0000000013939800 Threw 0x00000007daf746e8 at C:\re\jdk7u67\1368\hotspot\src\share\vm\prims\jvm.cpp:1244
Event: 32.649 Thread 0x0000000013939800 Threw 0x00000007daf79b30 at C:\re\jdk7u67\1368\hotspot\src\share\vm\prims\jvm.cpp:1244
Event: 32.749 Thread 0x0000000013939800 Threw 0x00000007db0358c0 at C:\re\jdk7u67\1368\hotspot\src\share\vm\prims\jvm.cpp:1244
Event: 32.749 Thread 0x0000000013939800 Threw 0x00000007db037978 at C:\re\jdk7u67\1368\hotspot\src\share\vm\prims\jvm.cpp:1244
Event: 32.750 Thread 0x0000000013939800 Threw 0x00000007db03b3e8 at C:\re\jdk7u67\1368\hotspot\src\share\vm\prims\jvm.cpp:1244
Event: 32.751 Thread 0x0000000013939800 Threw 0x00000007db03ee10 at C:\re\jdk7u67\1368\hotspot\src\share\vm\prims\jvm.cpp:1244
Event: 42.802 Thread 0x000000000e26f000 Threw 0x00000007db71f928 at C:\re\jdk7u67\1368\hotspot\src\share\vm\prims\jvm.cpp:1244

Events (10 events):
Event: 82.703 Executing VM operation: ChangeSingleStep
Event: 82.703 Executing VM operation: ChangeSingleStep done
Event: 82.704 Executing VM operation: ChangeSingleStep
Event: 82.704 Executing VM operation: ChangeSingleStep done
Event: 82.704 Executing VM operation: GetCurrentLocation
Event: 82.704 Executing VM operation: GetCurrentLocation done
Event: 82.704 Executing VM operation: ChangeSingleStep
Event: 82.704 Executing VM operation: ChangeSingleStep done
Event: 82.704 Executing VM operation: ChangeSingleStep
Event: 82.704 Executing VM operation: ChangeSingleStep done


Dynamic libraries:
0x000000013f150000 - 0x000000013f183000 	C:\Program Files\Java\jdk1.7.0_67\bin\java.exe
0x0000000076cb0000 - 0x0000000076e59000 	C:\Windows\SYSTEM32\ntdll.dll
0x0000000076b90000 - 0x0000000076caf000 	C:\Windows\system32\kernel32.dll
0x000007fefcba0000 - 0x000007fefcc0c000 	C:\Windows\system32\KERNELBASE.dll
0x000007fefea70000 - 0x000007fefeb4b000 	C:\Windows\system32\ADVAPI32.dll
0x000007fefd0c0000 - 0x000007fefd15f000 	C:\Windows\system32\msvcrt.dll
0x000007fefec10000 - 0x000007fefec2f000 	C:\Windows\SYSTEM32\sechost.dll
0x000007fefd160000 - 0x000007fefd28d000 	C:\Windows\system32\RPCRT4.dll
0x0000000076a90000 - 0x0000000076b8a000 	C:\Windows\system32\USER32.dll
0x000007fefd290000 - 0x000007fefd2f7000 	C:\Windows\system32\GDI32.dll
0x000007fefd660000 - 0x000007fefd66e000 	C:\Windows\system32\LPK.dll
0x000007fefd300000 - 0x000007fefd3c9000 	C:\Windows\system32\USP10.dll
0x000007fefb1f0000 - 0x000007fefb3e4000 	C:\Windows\WinSxS\amd64_microsoft.windows.common-controls_6595b64144ccf1df_6.0.7601.17514_none_fa396087175ac9ac\COMCTL32.dll
0x000007fefe9f0000 - 0x000007fefea61000 	C:\Windows\system32\SHLWAPI.dll
0x000007fefebc0000 - 0x000007fefebee000 	C:\Windows\system32\IMM32.DLL
0x000007fefe630000 - 0x000007fefe739000 	C:\Windows\system32\MSCTF.dll
0x0000000065db0000 - 0x0000000065e82000 	C:\Program Files\Java\jdk1.7.0_67\jre\bin\msvcr100.dll
0x0000000063e90000 - 0x0000000064662000 	C:\Program Files\Java\jdk1.7.0_67\jre\bin\server\jvm.dll
0x000007fef9f20000 - 0x000007fef9f29000 	C:\Windows\system32\WSOCK32.dll
0x000007fefeef0000 - 0x000007fefef3d000 	C:\Windows\system32\WS2_32.dll
0x000007fefebb0000 - 0x000007fefebb8000 	C:\Windows\system32\NSI.dll
0x000007fef9510000 - 0x000007fef954b000 	C:\Windows\system32\WINMM.dll
0x0000000076e70000 - 0x0000000076e77000 	C:\Windows\system32\PSAPI.DLL
0x0000000068f20000 - 0x0000000068f2f000 	C:\Program Files\Java\jdk1.7.0_67\jre\bin\verify.dll
0x0000000065d40000 - 0x0000000065d68000 	C:\Program Files\Java\jdk1.7.0_67\jre\bin\java.dll
0x0000000063e10000 - 0x0000000063e45000 	C:\Program Files\Java\jdk1.7.0_67\jre\bin\jdwp.dll
0x00000000735f0000 - 0x00000000735f8000 	C:\Program Files\Java\jdk1.7.0_67\jre\bin\npt.dll
0x0000000065b80000 - 0x0000000065b95000 	C:\Program Files\Java\jdk1.7.0_67\jre\bin\zip.dll
0x0000000073600000 - 0x0000000073609000 	C:\Program Files\Java\jdk1.7.0_67\jre\bin\dt_socket.dll
0x000007fefc1e0000 - 0x000007fefc235000 	C:\Windows\system32\mswsock.dll
0x000007fefbc50000 - 0x000007fefbc57000 	C:\Windows\System32\wshtcpip.dll
0x0000000065430000 - 0x00000000655c5000 	C:\Program Files\Java\jdk1.7.0_67\jre\bin\awt.dll
0x000007fefee10000 - 0x000007fefeee7000 	C:\Windows\system32\OLEAUT32.dll
0x000007fefe740000 - 0x000007fefe943000 	C:\Windows\system32\ole32.dll
0x000007fefa810000 - 0x000007fefa828000 	C:\Windows\system32\DWMAPI.DLL
0x000007fefaf90000 - 0x000007fefafe6000 	C:\Windows\system32\uxtheme.dll
0x000007fefc950000 - 0x000007fefc95f000 	C:\Windows\system32\CRYPTBASE.dll
0x000007fee9770000 - 0x000007fee996f000 	C:\Windows\system32\d3d9.dll
0x000007fefbf60000 - 0x000007fefbf6c000 	C:\Windows\system32\VERSION.dll
0x000007fef9db0000 - 0x000007fef9db7000 	C:\Windows\system32\d3d8thk.dll
0x000007fee5020000 - 0x000007fee60d5000 	C:\Windows\system32\nvd3dumx.dll
0x000007fefb5f0000 - 0x000007fefb61c000 	C:\Windows\system32\powrprof.dll
0x000007fefec30000 - 0x000007fefee07000 	C:\Windows\system32\SETUPAPI.dll
0x000007fefcce0000 - 0x000007fefcd16000 	C:\Windows\system32\CFGMGR32.dll
0x000007fefccc0000 - 0x000007fefccda000 	C:\Windows\system32\DEVOBJ.dll
0x000007feee850000 - 0x000007feee9ba000 	C:\Program Files (x86)\NVIDIA Corporation\3D Vision\nvSCPAPI64.dll
0x000007fefd670000 - 0x000007fefe3f8000 	C:\Windows\system32\SHELL32.dll
0x000007fef8fe0000 - 0x000007fef9313000 	C:\Windows\system32\nvapi64.dll
0x000007fefcb60000 - 0x000007fefcb9a000 	C:\Windows\system32\WINTRUST.dll
0x000007fefcd40000 - 0x000007fefceac000 	C:\Windows\system32\CRYPT32.dll
0x000007fefcaf0000 - 0x000007fefcaff000 	C:\Windows\system32\MSASN1.dll
0x000007fef93a0000 - 0x000007fef9440000 	C:\Windows\WinSxS\amd64_microsoft.windows.common-controls_6595b64144ccf1df_5.82.7601.18201_none_a4d3b9377117c3df\comctl32.dll
0x00000000653e0000 - 0x0000000065427000 	C:\Program Files\Java\jdk1.7.0_67\jre\bin\fontmanager.dll
0x0000000065630000 - 0x0000000065649000 	C:\Program Files\Java\jdk1.7.0_67\jre\bin\net.dll
0x000007fefc2e0000 - 0x000007fefc2e7000 	C:\Windows\System32\wship6.dll
0x00000000655d0000 - 0x00000000655e1000 	C:\Program Files\Java\jdk1.7.0_67\jre\bin\nio.dll
0x0000000065390000 - 0x00000000653d1000 	C:\Program Files\Java\jdk1.7.0_67\jre\bin\t2k.dll
0x000007fefe950000 - 0x000007fefe9e9000 	C:\Windows\system32\CLBCatQ.DLL
0x000007fefb470000 - 0x000007fefb59c000 	C:\Windows\system32\propsys.dll
0x000007fefb3f0000 - 0x000007fefb41d000 	C:\Windows\system32\ntmarta.dll
0x000007fefeb50000 - 0x000007fefeba2000 	C:\Windows\system32\WLDAP32.dll
0x000007fefc8f0000 - 0x000007fefc947000 	C:\Windows\system32\apphelp.dll
0x000007fef51d0000 - 0x000007fef536c000 	C:\Windows\system32\NetworkExplorer.dll
0x000007fef5630000 - 0x000007fef5664000 	C:\Windows\System32\shdocvw.dll
0x000007fefcb00000 - 0x000007fefcb0f000 	C:\Windows\system32\profapi.dll
0x000007fefb020000 - 0x000007fefb02b000 	C:\Windows\system32\slc.dll
0x000007fef9f30000 - 0x000007fef9f48000 	C:\Windows\system32\MPR.dll
0x00000000711c0000 - 0x00000000711d2000 	C:\Windows\system32\snacnp.dll
0x000007fef8ee0000 - 0x000007fef8fd7000 	C:\Windows\system32\ncnetprovider.dll
0x000007fef9f50000 - 0x000007fef9f6e000 	C:\Windows\system32\NCLangID.dll
0x000007fef8c30000 - 0x000007fef8c5c000 	C:\Windows\system32\MAPBASE.dll
0x0000000050d20000 - 0x0000000050d67000 	C:\Windows\system32\CALWIN32.DLL
0x000000000d330000 - 0x000000000d351000 	C:\Windows\system32\CLNWIN32.DLL
0x0000000050df0000 - 0x0000000050e22000 	C:\Windows\system32\LOCWIN32.DLL
0x000000000d360000 - 0x000000000d3a5000 	C:\Windows\system32\NCPWIN32.dll
0x0000000050da0000 - 0x0000000050db3000 	C:\Windows\system32\CLXWIN32.DLL
0x000000000d790000 - 0x000000000d7d5000 	C:\Windows\system32\NETWIN32.DLL
0x000007fef8be0000 - 0x000007fef8c25000 	C:\Windows\system32\NWSHLXNT.dll
0x000007fefa2d0000 - 0x000007fefa2e6000 	C:\Windows\system32\NETAPI32.dll
0x000007fefa2c0000 - 0x000007fefa2cc000 	C:\Windows\system32\netutils.dll
0x000007fefc590000 - 0x000007fefc5b3000 	C:\Windows\system32\srvcli.dll
0x000007fefa290000 - 0x000007fefa2a5000 	C:\Windows\system32\wkscli.dll
0x000007fefa050000 - 0x000007fefa064000 	C:\Windows\system32\SAMCLI.DLL
0x000007fef8bc0000 - 0x000007fef8bd2000 	C:\Windows\system32\BROWCLI.DLL
0x000007fefbd30000 - 0x000007fefbd41000 	C:\Windows\system32\WTSAPI32.dll
0x0000000074620000 - 0x0000000074625000 	C:\Windows\system32\nls\FRANCAIS\NCLangIDR.DLL
0x00000000738b0000 - 0x00000000738c7000 	C:\Windows\system32\nls\FRANCAIS\MAPBASER.DLL
0x0000000073890000 - 0x00000000738aa000 	C:\Windows\system32\nls\FRANCAIS\NWSHLXNTR.DLL
0x0000000073170000 - 0x00000000731ec000 	C:\Windows\system32\nls\FRANCAIS\ncnetproviderR.DLL
0x000007fefc8c0000 - 0x000007fefc8e5000 	C:\Windows\system32\SspiCli.dll
0x000007fef51c0000 - 0x000007fef51ca000 	C:\Windows\System32\drprov.dll
0x000007fefc960000 - 0x000007fefc99d000 	C:\Windows\System32\WINSTA.dll
0x000007fef5190000 - 0x000007fef51b2000 	C:\Windows\System32\ntlanman.dll
0x000007fef5170000 - 0x000007fef518d000 	C:\Windows\System32\davclnt.dll
0x000007fef5160000 - 0x000007fef516a000 	C:\Windows\System32\DAVHLPR.dll
0x000007fef5a40000 - 0x000007fef5a4f000 	C:\Windows\system32\cscapi.dll
0x000007feee5b0000 - 0x000007feee821000 	C:\Windows\system32\wpdshext.dll
0x000007fefaa50000 - 0x000007fefac66000 	C:\Windows\WinSxS\amd64_microsoft.windows.gdiplus_6595b64144ccf1df_1.1.7601.18455_none_2b283fd671e9bf4d\gdiplus.dll
0x000007fef4940000 - 0x000007fef49fd000 	C:\Windows\system32\PortableDeviceApi.dll
0x000007fef5910000 - 0x000007fef5945000 	C:\Windows\system32\EhStorShell.dll
0x000007fef5570000 - 0x000007fef5597000 	C:\Windows\system32\EhStorAPI.dll
0x000007fef5620000 - 0x000007fef562c000 	C:\Windows\system32\LINKINFO.dll
0x000007fefa470000 - 0x000007fefa5d1000 	C:\Windows\system32\WindowsCodecs.dll
0x0000000073410000 - 0x0000000073426000 	C:\Program Files\Common Files\TortoiseOverlays\TortoiseOverlays.dll
0x0000000073250000 - 0x0000000073267000 	C:\Program Files\TortoiseSVN\bin\TortoiseStub.dll
0x0000000071780000 - 0x00000000717fd000 	C:\Program Files\TortoiseSVN\bin\TortoiseSVN.dll
0x000007fefe400000 - 0x000007fefe62c000 	C:\Windows\system32\WININET.dll
0x000007fefcd20000 - 0x000007fefcd24000 	C:\Windows\system32\api-ms-win-downlevel-user32-l1-1-0.dll
0x000007fefcb10000 - 0x000007fefcb15000 	C:\Windows\system32\api-ms-win-downlevel-advapi32-l1-1-0.dll
0x000007fefcb50000 - 0x000007fefcb54000 	C:\Windows\system32\api-ms-win-downlevel-shlwapi-l1-1-0.dll
0x000007fefcd30000 - 0x000007fefcd34000 	C:\Windows\system32\api-ms-win-downlevel-version-l1-1-0.dll
0x000007fefcb40000 - 0x000007fefcb43000 	C:\Windows\system32\api-ms-win-downlevel-normaliz-l1-1-0.dll
0x0000000076e80000 - 0x0000000076e83000 	C:\Windows\system32\normaliz.DLL
0x000007fefd3d0000 - 0x000007fefd65e000 	C:\Windows\system32\iertutil.dll
0x000007fefcb20000 - 0x000007fefcb3e000 	C:\Windows\system32\USERENV.dll
0x000007fef64e0000 - 0x000007fef6956000 	C:\Program Files\TortoiseSVN\bin\libsvn_tsvn.dll
0x0000000073220000 - 0x000000007324e000 	C:\Program Files\TortoiseSVN\bin\libapr_tsvn.dll
0x000007fef6400000 - 0x000007fef64d4000 	C:\Windows\system32\MSVCR110.dll
0x0000000071460000 - 0x00000000714a5000 	C:\Program Files\TortoiseSVN\bin\libaprutil_tsvn.dll
0x000007fef6380000 - 0x000007fef6391000 	C:\Program Files\TortoiseSVN\bin\intl3_tsvn.dll
0x000007fef6360000 - 0x000007fef6379000 	C:\Program Files\TortoiseSVN\bin\libsasl.dll
0x000007fefc880000 - 0x000007fefc88b000 	C:\Windows\system32\Secur32.dll
0x000007fef62b0000 - 0x000007fef6357000 	C:\Windows\system32\MSVCP110.dll
0x0000000071350000 - 0x000000007136b000 	C:\Program Files\TortoiseGit\bin\TortoiseGitStub.dll
0x00000000712c0000 - 0x000000007134e000 	C:\Program Files\TortoiseGit\bin\TortoiseGit.dll
0x000007fef5f80000 - 0x000007fef604e000 	C:\Program Files\TortoiseGit\bin\libgit2_tgit.dll
0x000007fef5ea0000 - 0x000007fef5eb8000 	C:\Program Files\TortoiseGit\bin\zlib1_tgit.dll
0x000007fef5d80000 - 0x000007fef5e6f000 	C:\Windows\system32\MSVCR120.dll

VM Arguments:
jvm_args: -Xdebug -Xrunjdwp:transport=dt_socket,server=n,address=51132 -Xmx2G 
java_command: fr.ird.voxelidar.Principal
Launcher Type: SUN_STANDARD

Environment Variables:
JAVA_HOME=C:\Program Files\Java\jdk1.7.0_67
CLASSPATH=C:\Program Files\OpenNI\Bin64\org.OpenNI.jar
PATH=C:\Program Files\Java\jdk1.7.0_67\bin;C:\Python27\Lib\site-packages\PyQt4;C:\Program Files (x86)\Common Files\Intergraph\Grid Analysis SDK\1.0\Program;C:\Windows\system32;C:\Windows;C:\Windows\System32\Wbem;C:\Windows\System32\WindowsPowerShell\v1.0\;C:\Windows\Program Files (x86)\Common Files\Roxio Shared\DLLShared\;C:\Program Files (x86)\Common Files\Roxio Shared\10.0\DLLShared\;C:\Windows\Program Files\Java\jdk1.7.0_67\bin;C:\Program Files\java\ssj\lib\;C:\Program Files\MATLAB\R2010a\bin;C:\Program Files\OpenNI\Bin64;C:\Program Files\PCL 1.6.0\bin;C:\Program Files\TortoiseSVN\bin;C:\Program Files\Microsoft SQL Server\110\Tools\Binn\;C:\MinGW3\bin;C:\Program Files\TortoiseGit\bin;c:\users\julien\appdata\local\enthought\canopy\user;c:\users\julien\appdata\local\enthought\canopy\user\scripts
USERNAME=Julien
OS=Windows_NT
PROCESSOR_IDENTIFIER=Intel64 Family 6 Model 44 Stepping 2, GenuineIntel



---------------  S Y S T E M  ---------------

OS: Windows 7 , 64 bit Build 7601 Service Pack 1

CPU:total 8 (4 cores per cpu, 2 threads per core) family 6 model 44 stepping 2, cmov, cx8, fxsr, mmx, sse, sse2, sse3, ssse3, sse4.1, sse4.2, popcnt, aes, ht, tsc, tscinvbit, tscinv

Memory: 4k page, physical 25148644k(17632160k free), swap 50295424k(41350352k free)

vm_info: Java HotSpot(TM) 64-Bit Server VM (24.65-b04) for windows-amd64 JRE (1.7.0_67-b01), built on Jul 25 2014 08:55:00 by "java_re" with unknown MS VC++:1600

time: Tue Dec 16 18:28:18 2014
elapsed time: 82 seconds

