#
# A fatal error has been detected by the Java Runtime Environment:
#
#  EXCEPTION_ACCESS_VIOLATION (0xc0000005) at pc=0x0000000060ea0539, pid=1752, tid=6912
#
# JRE version: Java(TM) SE Runtime Environment (7.0_67-b01) (build 1.7.0_67-b01)
# Java VM: Java HotSpot(TM) 64-Bit Server VM (24.65-b04 mixed mode windows-amd64 compressed oops)
# Problematic frame:
# C  0x0000000060ea0539
#
# Failed to write core dump. Minidumps are not enabled by default on client versions of Windows
#
# If you would like to submit a bug report, please visit:
#   http://bugreport.sun.com/bugreport/crash.jsp
# The crash happened outside the Java Virtual Machine in native code.
# See problematic frame for where to report the bug.
#

---------------  T H R E A D  ---------------

Current thread (0x000000000e784800):  JavaThread "AWT-EventQueue-0" [_thread_in_native, id=6912, stack(0x0000000012560000,0x0000000012660000)]

siginfo: ExceptionCode=0xc0000005, reading address 0x0000000000001100

Registers:
RAX=0x0000000000000000, RBX=0x000000077c01a0d8, RCX=0x0000000000000003, RDX=0x000000001265cf88
RSP=0x000000001265cec8, RBP=0x000000001265cf50, RSI=0x00000000ef5c1601, RDI=0x0000000002556198
R8 =0x0000000000000003, R9 =0x0000000060ea0530, R10=0x00000000025694dd, R11=0x00000000626a2a70
R12=0x0000000000000000, R13=0x000000077c01a0d8, R14=0x000000001265cf88, R15=0x000000000e784800
RIP=0x0000000060ea0539, EFLAGS=0x0000000000010202

Top of Stack: (sp=0x000000001265cec8)
0x000000001265cec8:   0000000002569509 000000001265cf50
0x000000001265ced8:   00000000025690be 000000077c01a0d8
0x000000001265cee8:   00000000ef5c1601 0000000002556198
0x000000001265cef8:   0000000002576d46 000000001265cf38
0x000000001265cf08:   0000000002569086 000000001265cf10
0x000000001265cf18:   000000077c01a0d8 000000001265cf88
0x000000001265cf28:   000000077c1671c0 0000000000000000
0x000000001265cf38:   000000077c01a0d8 0000000000000000
0x000000001265cf48:   000000001265cf70 000000001265cfd0
0x000000001265cf58:   0000000002556198 0000000000000000
0x000000001265cf68:   0000000002563a58 0000000060ea0530
0x000000001265cf78:   000000001265cfd0 0000000000000003
0x000000001265cf88:   000000078403bcc8 000000001265cf90
0x000000001265cf98:   000000077c01a00a 000000001265cff8
0x000000001265cfa8:   000000077c1671c0 0000000000000000
0x000000001265cfb8:   000000077c01a018 000000001265cf70 

Instructions: (pc=0x0000000060ea0539)
0x0000000060ea0519:   af af af af af af af c3 cc cc cc cc cc cc cc cc
0x0000000060ea0529:   cc cc cc cc cc cc cc 65 48 8b 04 25 20 16 00 00
0x0000000060ea0539:   ff a0 00 11 00 00 cc cc cc cc cc cc cc cc cc cc
0x0000000060ea0549:   cc cc cc cc cc cc cc cc cc cc cc cc cc cc cc cc 


Register to memory mapping:

RAX=0x0000000000000000 is an unknown value
RBX=0x000000077c01a0d8 is an oop
{method} 
 - klass: {other class}
RCX=0x0000000000000003 is an unknown value
RDX=0x000000001265cf88 is pointing into the stack for thread: 0x000000000e784800
RSP=0x000000001265cec8 is pointing into the stack for thread: 0x000000000e784800
RBP=0x000000001265cf50 is pointing into the stack for thread: 0x000000000e784800
RSI=0x00000000ef5c1601 is an unknown value
RDI=0x0000000002556198 is at code_begin+2520 in an Interpreter codelet
return entry points  [0x00000000025557c0, 0x00000000025575c0]  7680 bytes
R8 =0x0000000000000003 is an unknown value
R9 =0x0000000060ea0530 is an unknown value
R10=0x00000000025694dd is at code_begin+1277 in an Interpreter codelet
method entry point (kind = native)  [0x0000000002568fe0, 0x0000000002569ea0]  3776 bytes
R11=0x00000000626a2a70 is an unknown value
R12=0x0000000000000000 is an unknown value
R13=0x000000077c01a0d8 is an oop
{method} 
 - klass: {other class}
R14=0x000000001265cf88 is pointing into the stack for thread: 0x000000000e784800
R15=0x000000000e784800 is a thread


Stack: [0x0000000012560000,0x0000000012660000],  sp=0x000000001265cec8,  free space=1011k
Native frames: (J=compiled Java code, j=interpreted, Vv=VM code, C=native code)
C  0x0000000060ea0539
j  jogamp.opengl.gl4.GL4bcImpl.glUseProgram(I)V+34
j  fr.ird.voxelidar.graphics3d.jogl.JoglListener$1.projMatrixChanged(Lfr/ird/voxelidar/math/matrix/Mat4F;)V+98
j  fr.ird.voxelidar.graphics3d.object.camera.TrackballCamera.fireProjectionMatrixChanged(Lfr/ird/voxelidar/math/matrix/Mat4F;)V+35
j  fr.ird.voxelidar.graphics3d.object.camera.TrackballCamera.updateProjMatrix()V+69
j  fr.ird.voxelidar.graphics3d.object.camera.TrackballCamera.setOrthographic(FFFFFF)V+39
j  fr.ird.voxelidar.frame.JFrameTools.jPanel21MouseClicked(Ljava/awt/event/MouseEvent;)V+141
j  fr.ird.voxelidar.frame.JFrameTools.access$1100(Lfr/ird/voxelidar/frame/JFrameTools;Ljava/awt/event/MouseEvent;)V+2
j  fr.ird.voxelidar.frame.JFrameTools$12.mouseClicked(Ljava/awt/event/MouseEvent;)V+5
j  java.awt.Component.processMouseEvent(Ljava/awt/event/MouseEvent;)V+74
j  javax.swing.JComponent.processMouseEvent(Ljava/awt/event/MouseEvent;)V+23
j  java.awt.Component.processEvent(Ljava/awt/AWTEvent;)V+81
j  java.awt.Container.processEvent(Ljava/awt/AWTEvent;)V+18
j  java.awt.Component.dispatchEventImpl(Ljava/awt/AWTEvent;)V+581
J 406 C2 java.awt.Container.dispatchEventImpl(Ljava/awt/AWTEvent;)V (129 bytes) @ 0x00000000026f13ec [0x00000000026f1160+0x28c]
J 287 C2 java.awt.LightweightDispatcher.retargetMouseEvent(Ljava/awt/Component;ILjava/awt/event/MouseEvent;)V (350 bytes) @ 0x0000000002676d98 [0x0000000002676840+0x558]
j  java.awt.LightweightDispatcher.processMouseEvent(Ljava/awt/event/MouseEvent;)Z+157
J 406 C2 java.awt.Container.dispatchEventImpl(Ljava/awt/AWTEvent;)V (129 bytes) @ 0x00000000026f1524 [0x00000000026f1160+0x3c4]
j  java.awt.Window.dispatchEventImpl(Ljava/awt/AWTEvent;)V+19
j  java.awt.Component.dispatchEvent(Ljava/awt/AWTEvent;)V+2
j  java.awt.EventQueue.dispatchEventImpl(Ljava/awt/AWTEvent;Ljava/lang/Object;)V+41
j  java.awt.EventQueue.access$200(Ljava/awt/EventQueue;Ljava/awt/AWTEvent;Ljava/lang/Object;)V+3
j  java.awt.EventQueue$3.run()Ljava/lang/Void;+12
j  java.awt.EventQueue$3.run()Ljava/lang/Object;+1
v  ~StubRoutines::call_stub

Java frames: (J=compiled Java code, j=interpreted, Vv=VM code)
j  jogamp.opengl.gl4.GL4bcImpl.dispatch_glUseProgram1(IJ)V+0
j  jogamp.opengl.gl4.GL4bcImpl.glUseProgram(I)V+34
j  fr.ird.voxelidar.graphics3d.jogl.JoglListener$1.projMatrixChanged(Lfr/ird/voxelidar/math/matrix/Mat4F;)V+98
j  fr.ird.voxelidar.graphics3d.object.camera.TrackballCamera.fireProjectionMatrixChanged(Lfr/ird/voxelidar/math/matrix/Mat4F;)V+35
j  fr.ird.voxelidar.graphics3d.object.camera.TrackballCamera.updateProjMatrix()V+69
j  fr.ird.voxelidar.graphics3d.object.camera.TrackballCamera.setOrthographic(FFFFFF)V+39
j  fr.ird.voxelidar.frame.JFrameTools.jPanel21MouseClicked(Ljava/awt/event/MouseEvent;)V+141
j  fr.ird.voxelidar.frame.JFrameTools.access$1100(Lfr/ird/voxelidar/frame/JFrameTools;Ljava/awt/event/MouseEvent;)V+2
j  fr.ird.voxelidar.frame.JFrameTools$12.mouseClicked(Ljava/awt/event/MouseEvent;)V+5
j  java.awt.Component.processMouseEvent(Ljava/awt/event/MouseEvent;)V+74
j  javax.swing.JComponent.processMouseEvent(Ljava/awt/event/MouseEvent;)V+23
j  java.awt.Component.processEvent(Ljava/awt/AWTEvent;)V+81
j  java.awt.Container.processEvent(Ljava/awt/AWTEvent;)V+18
j  java.awt.Component.dispatchEventImpl(Ljava/awt/AWTEvent;)V+581
J 406 C2 java.awt.Container.dispatchEventImpl(Ljava/awt/AWTEvent;)V (129 bytes) @ 0x00000000026f13ec [0x00000000026f1160+0x28c]
J 287 C2 java.awt.LightweightDispatcher.retargetMouseEvent(Ljava/awt/Component;ILjava/awt/event/MouseEvent;)V (350 bytes) @ 0x0000000002676d98 [0x0000000002676840+0x558]
j  java.awt.LightweightDispatcher.processMouseEvent(Ljava/awt/event/MouseEvent;)Z+157
J 406 C2 java.awt.Container.dispatchEventImpl(Ljava/awt/AWTEvent;)V (129 bytes) @ 0x00000000026f1524 [0x00000000026f1160+0x3c4]
j  java.awt.Window.dispatchEventImpl(Ljava/awt/AWTEvent;)V+19
j  java.awt.Component.dispatchEvent(Ljava/awt/AWTEvent;)V+2
j  java.awt.EventQueue.dispatchEventImpl(Ljava/awt/AWTEvent;Ljava/lang/Object;)V+41
j  java.awt.EventQueue.access$200(Ljava/awt/EventQueue;Ljava/awt/AWTEvent;Ljava/lang/Object;)V+3
j  java.awt.EventQueue$3.run()Ljava/lang/Void;+12
j  java.awt.EventQueue$3.run()Ljava/lang/Object;+1
v  ~StubRoutines::call_stub
J 442  java.security.AccessController.doPrivileged(Ljava/security/PrivilegedAction;Ljava/security/AccessControlContext;)Ljava/lang/Object; (0 bytes) @ 0x0000000002607fc6 [0x0000000002607f60+0x66]
j  java.security.ProtectionDomain$1.doIntersectionPrivilege(Ljava/security/PrivilegedAction;Ljava/security/AccessControlContext;Ljava/security/AccessControlContext;)Ljava/lang/Object;+28
j  java.security.ProtectionDomain$1.doIntersectionPrivilege(Ljava/security/PrivilegedAction;Ljava/security/AccessControlContext;)Ljava/lang/Object;+6
j  java.awt.EventQueue$4.run()Ljava/lang/Void;+11
j  java.awt.EventQueue$4.run()Ljava/lang/Object;+1
v  ~StubRoutines::call_stub
J 442  java.security.AccessController.doPrivileged(Ljava/security/PrivilegedAction;Ljava/security/AccessControlContext;)Ljava/lang/Object; (0 bytes) @ 0x0000000002607fc6 [0x0000000002607f60+0x66]
J 322 C2 java.awt.EventDispatchThread.pumpOneEventForFilters(I)V (295 bytes) @ 0x000000000268bbf4 [0x000000000268b040+0xbb4]
j  java.awt.EventDispatchThread.pumpEventsForFilter(ILjava/awt/Conditional;Ljava/awt/EventFilter;)V+35
j  java.awt.EventDispatchThread.pumpEventsForHierarchy(ILjava/awt/Conditional;Ljava/awt/Component;)V+11
j  java.awt.EventDispatchThread.pumpEvents(ILjava/awt/Conditional;)V+4
j  java.awt.EventDispatchThread.pumpEvents(Ljava/awt/Conditional;)V+3
j  java.awt.EventDispatchThread.run()V+9
v  ~StubRoutines::call_stub

---------------  P R O C E S S  ---------------

Java Threads: ( => current thread )
  0x000000001396e000 JavaThread "SwingWorker-pool-2-thread-1" daemon [_thread_blocked, id=5948, stack(0x0000000018d30000,0x0000000018e30000)]
  0x000000000ead0000 JavaThread "AWT-EventQueue-0-FPSAWTAnimator-Timer0" [_thread_blocked, id=4428, stack(0x00000000189e0000,0x0000000018ae0000)]
  0x000000000ed01000 JavaThread "AWT-EventQueue-0-Display-.windows_nil-1-EDT-1" daemon [_thread_blocked, id=7048, stack(0x0000000016470000,0x0000000016570000)]
  0x000000000ec6b800 JavaThread "AWT-EventQueue-0-SharedResourceRunner" daemon [_thread_blocked, id=3488, stack(0x0000000017490000,0x0000000017590000)]
  0x000000000ed1e800 JavaThread "D3D Screen Updater" daemon [_thread_blocked, id=2540, stack(0x0000000014f00000,0x0000000015000000)]
  0x00000000021ba000 JavaThread "DestroyJavaVM" [_thread_blocked, id=6304, stack(0x0000000002450000,0x0000000002550000)]
  0x000000000e8d2800 JavaThread "TimerQueue" daemon [_thread_blocked, id=1020, stack(0x0000000014990000,0x0000000014a90000)]
  0x000000000c62e800 JavaThread "org.netbeans.modules.debugger.jpda.visual AWT Access Loop" daemon [_thread_blocked, id=5788, stack(0x0000000012d70000,0x0000000012e70000)]
  0x000000000e789000 JavaThread "Swing-Shell" daemon [_thread_blocked, id=5528, stack(0x00000000126b0000,0x00000000127b0000)]
=>0x000000000e784800 JavaThread "AWT-EventQueue-0" [_thread_in_native, id=6912, stack(0x0000000012560000,0x0000000012660000)]
  0x000000000e808800 JavaThread "AWT-Windows" daemon [_thread_in_native, id=3160, stack(0x000000000f280000,0x000000000f380000)]
  0x000000000e808000 JavaThread "AWT-Shutdown" [_thread_blocked, id=6440, stack(0x000000000efe0000,0x000000000f0e0000)]
  0x000000000e807000 JavaThread "Java2D Disposer" daemon [_thread_blocked, id=1340, stack(0x000000000e1e0000,0x000000000e2e0000)]
  0x000000000c305000 JavaThread "Service Thread" daemon [_thread_blocked, id=3912, stack(0x000000000e450000,0x000000000e550000)]
  0x000000000c304000 JavaThread "C2 CompilerThread1" daemon [_thread_blocked, id=2052, stack(0x000000000dcc0000,0x000000000ddc0000)]
  0x000000000c301800 JavaThread "C2 CompilerThread0" daemon [_thread_blocked, id=2704, stack(0x000000000e2e0000,0x000000000e3e0000)]
  0x000000000c2e8000 JavaThread "JDWP Command Reader" daemon [_thread_in_native, id=7140, stack(0x000000000e0e0000,0x000000000e1e0000)]
  0x000000000c2e1000 JavaThread "JDWP Event Helper Thread" daemon [_thread_blocked, id=6432, stack(0x000000000dfb0000,0x000000000e0b0000)]
  0x000000000b12f000 JavaThread "JDWP Transport Listener: dt_socket" daemon [_thread_blocked, id=6840, stack(0x000000000de40000,0x000000000df40000)]
  0x000000000b128000 JavaThread "Attach Listener" daemon [_thread_blocked, id=5800, stack(0x000000000d600000,0x000000000d700000)]
  0x000000000b127000 JavaThread "Signal Dispatcher" daemon [_thread_blocked, id=4228, stack(0x000000000d8f0000,0x000000000d9f0000)]
  0x000000000224e800 JavaThread "Finalizer" daemon [_thread_blocked, id=3252, stack(0x000000000d730000,0x000000000d830000)]
  0x0000000002248000 JavaThread "Reference Handler" daemon [_thread_blocked, id=1628, stack(0x000000000d4c0000,0x000000000d5c0000)]

Other Threads:
  0x000000000c293800 VMThread [stack: 0x000000000d2b0000,0x000000000d3b0000] [id=6316]
  0x000000000c317800 WatcherThread [stack: 0x000000000e640000,0x000000000e740000] [id=1884]

VM state:not at safepoint (normal execution)

VM Mutex/Monitor currently owned by a thread: None

Heap
 PSYoungGen      total 429056K, used 173857K [0x00000007d5500000, 0x00000007f8a00000, 0x0000000800000000)
  eden space 348672K, 26% used [0x00000007d5500000,0x00000007db04e1b0,0x00000007ea980000)
  from space 80384K, 99% used [0x00000007f0e80000,0x00000007f5cfa428,0x00000007f5d00000)
  to   space 103424K, 0% used [0x00000007ea980000,0x00000007ea980000,0x00000007f0e80000)
 ParOldGen       total 261632K, used 80239K [0x0000000780000000, 0x000000078ff80000, 0x00000007d5500000)
  object space 261632K, 30% used [0x0000000780000000,0x0000000784e5be60,0x000000078ff80000)
 PSPermGen       total 22528K, used 22375K [0x000000077ae00000, 0x000000077c400000, 0x0000000780000000)
  object space 22528K, 99% used [0x000000077ae00000,0x000000077c3d9ec0,0x000000077c400000)

Card table byte_map: [0x0000000005550000,0x0000000005980000] byte_map_base: 0x0000000001979000

Polling page: 0x0000000000130000

Code Cache  [0x0000000002550000, 0x00000000027c0000, 0x0000000005550000)
 total_blobs=1315 nmethods=505 adapters=771 free_code_cache=47131Kb largest_free_block=48196096

Compilation events (10 events):
Event: 130.710 Thread 0x000000000c304000  530             sun.java2d.pipe.Region::clipScale (41 bytes)
Event: 130.711 Thread 0x000000000c304000 nmethod 530 0x0000000002738310 code [0x0000000002738480, 0x0000000002738528]
Event: 130.861 Thread 0x000000000c301800  531             javax.swing.JComponent::getX (5 bytes)
Event: 130.861 Thread 0x000000000c304000  532             javax.swing.JComponent::getY (5 bytes)
Event: 130.861 Thread 0x000000000c304000 nmethod 532 0x00000000027388d0 code [0x0000000002738a00, 0x0000000002738a58]
Event: 130.861 Thread 0x000000000c301800 nmethod 531 0x00000000027386d0 code [0x0000000002738800, 0x0000000002738858]
Event: 132.362 Thread 0x000000000c301800  533             java.awt.event.InputEvent::getModifiers (8 bytes)
Event: 132.363 Thread 0x000000000c301800 nmethod 533 0x000000000273f9d0 code [0x000000000273fb00, 0x000000000273fb58]
Event: 132.416 Thread 0x000000000c304000  534             javax.swing.Timer::getLock (5 bytes)
Event: 132.416 Thread 0x000000000c304000 nmethod 534 0x000000000273f7d0 code [0x000000000273f900, 0x000000000273f978]

GC Heap History (10 events):
Event: 13.509 GC heap before
{Heap before GC invocations=4 (full 0):
 PSYoungGen      total 114688K, used 108822K [0x00000007d5500000, 0x00000007dd500000, 0x0000000800000000)
  eden space 98304K, 100% used [0x00000007d5500000,0x00000007db500000,0x00000007db500000)
  from space 16384K, 64% used [0x00000007db500000,0x00000007dbf45a08,0x00000007dc500000)
  to   space 16384K, 0% used [0x00000007dc500000,0x00000007dc500000,0x00000007dd500000)
 ParOldGen       total 261632K, used 16K [0x0000000780000000, 0x000000078ff80000, 0x00000007d5500000)
  object space 261632K, 0% used [0x0000000780000000,0x0000000780004000,0x000000078ff80000)
 PSPermGen       total 22528K, used 22067K [0x000000077ae00000, 0x000000077c400000, 0x0000000780000000)
  object space 22528K, 97% used [0x000000077ae00000,0x000000077c38cee0,0x000000077c400000)
Event: 13.525 GC heap after
Heap after GC invocations=4 (full 0):
 PSYoungGen      total 114688K, used 16378K [0x00000007d5500000, 0x00000007dd500000, 0x0000000800000000)
  eden space 98304K, 0% used [0x00000007d5500000,0x00000007d5500000,0x00000007db500000)
  from space 16384K, 99% used [0x00000007dc500000,0x00000007dd4fe800,0x00000007dd500000)
  to   space 16384K, 0% used [0x00000007db500000,0x00000007db500000,0x00000007dc500000)
 ParOldGen       total 261632K, used 2982K [0x0000000780000000, 0x000000078ff80000, 0x00000007d5500000)
  object space 261632K, 1% used [0x0000000780000000,0x00000007802e9ae8,0x000000078ff80000)
 PSPermGen       total 22528K, used 22067K [0x000000077ae00000, 0x000000077c400000, 0x0000000780000000)
  object space 22528K, 97% used [0x000000077ae00000,0x000000077c38cee0,0x000000077c400000)
}
Event: 13.630 GC heap before
{Heap before GC invocations=5 (full 0):
 PSYoungGen      total 114688K, used 114682K [0x00000007d5500000, 0x00000007dd500000, 0x0000000800000000)
  eden space 98304K, 100% used [0x00000007d5500000,0x00000007db500000,0x00000007db500000)
  from space 16384K, 99% used [0x00000007dc500000,0x00000007dd4fe800,0x00000007dd500000)
  to   space 16384K, 0% used [0x00000007db500000,0x00000007db500000,0x00000007dc500000)
 ParOldGen       total 261632K, used 2982K [0x0000000780000000, 0x000000078ff80000, 0x00000007d5500000)
  object space 261632K, 1% used [0x0000000780000000,0x00000007802e9ae8,0x000000078ff80000)
 PSPermGen       total 22528K, used 22076K [0x000000077ae00000, 0x000000077c400000, 0x0000000780000000)
  object space 22528K, 97% used [0x000000077ae00000,0x000000077c38f288,0x000000077c400000)
Event: 13.672 GC heap after
Heap after GC invocations=5 (full 0):
 PSYoungGen      total 114688K, used 16370K [0x00000007d5500000, 0x00000007e6400000, 0x0000000800000000)
  eden space 98304K, 0% used [0x00000007d5500000,0x00000007d5500000,0x00000007db500000)
  from space 16384K, 99% used [0x00000007db500000,0x00000007dc4fcad8,0x00000007dc500000)
  to   space 40448K, 0% used [0x00000007e3c80000,0x00000007e3c80000,0x00000007e6400000)
 ParOldGen       total 261632K, used 27904K [0x0000000780000000, 0x000000078ff80000, 0x00000007d5500000)
  object space 261632K, 10% used [0x0000000780000000,0x0000000781b402b8,0x000000078ff80000)
 PSPermGen       total 22528K, used 22076K [0x000000077ae00000, 0x000000077c400000, 0x0000000780000000)
  object space 22528K, 97% used [0x000000077ae00000,0x000000077c38f288,0x000000077c400000)
}
Event: 13.780 GC heap before
{Heap before GC invocations=6 (full 0):
 PSYoungGen      total 114688K, used 114674K [0x00000007d5500000, 0x00000007e6400000, 0x0000000800000000)
  eden space 98304K, 100% used [0x00000007d5500000,0x00000007db500000,0x00000007db500000)
  from space 16384K, 99% used [0x00000007db500000,0x00000007dc4fcad8,0x00000007dc500000)
  to   space 40448K, 0% used [0x00000007e3c80000,0x00000007e3c80000,0x00000007e6400000)
 ParOldGen       total 261632K, used 27904K [0x0000000780000000, 0x000000078ff80000, 0x00000007d5500000)
  object space 261632K, 10% used [0x0000000780000000,0x0000000781b402b8,0x000000078ff80000)
 PSPermGen       total 22528K, used 22076K [0x000000077ae00000, 0x000000077c400000, 0x0000000780000000)
  object space 22528K, 97% used [0x000000077ae00000,0x000000077c38f330,0x000000077c400000)
Event: 13.825 GC heap after
Heap after GC invocations=6 (full 0):
 PSYoungGen      total 226304K, used 40420K [0x00000007d5500000, 0x00000007e7900000, 0x0000000800000000)
  eden space 185856K, 0% used [0x00000007d5500000,0x00000007d5500000,0x00000007e0a80000)
  from space 40448K, 99% used [0x00000007e3c80000,0x00000007e63f90b8,0x00000007e6400000)
  to   space 51200K, 0% used [0x00000007e0a80000,0x00000007e0a80000,0x00000007e3c80000)
 ParOldGen       total 261632K, used 29128K [0x0000000780000000, 0x000000078ff80000, 0x00000007d5500000)
  object space 261632K, 11% used [0x0000000780000000,0x0000000781c722b8,0x000000078ff80000)
 PSPermGen       total 22528K, used 22076K [0x000000077ae00000, 0x000000077c400000, 0x0000000780000000)
  object space 22528K, 97% used [0x000000077ae00000,0x000000077c38f330,0x000000077c400000)
}
Event: 14.045 GC heap before
{Heap before GC invocations=7 (full 0):
 PSYoungGen      total 226304K, used 226276K [0x00000007d5500000, 0x00000007e7900000, 0x0000000800000000)
  eden space 185856K, 100% used [0x00000007d5500000,0x00000007e0a80000,0x00000007e0a80000)
  from space 40448K, 99% used [0x00000007e3c80000,0x00000007e63f90b8,0x00000007e6400000)
  to   space 51200K, 0% used [0x00000007e0a80000,0x00000007e0a80000,0x00000007e3c80000)
 ParOldGen       total 261632K, used 29128K [0x0000000780000000, 0x000000078ff80000, 0x00000007d5500000)
  object space 261632K, 11% used [0x0000000780000000,0x0000000781c722b8,0x000000078ff80000)
 PSPermGen       total 22528K, used 22082K [0x000000077ae00000, 0x000000077c400000, 0x0000000780000000)
  object space 22528K, 98% used [0x000000077ae00000,0x000000077c390870,0x000000077c400000)
Event: 14.125 GC heap after
Heap after GC invocations=7 (full 0):
 PSYoungGen      total 237056K, used 51186K [0x00000007d5500000, 0x00000007f5d00000, 0x0000000800000000)
  eden space 185856K, 0% used [0x00000007d5500000,0x00000007d5500000,0x00000007e0a80000)
  from space 51200K, 99% used [0x00000007e0a80000,0x00000007e3c7c8d0,0x00000007e3c80000)
  to   space 80384K, 0% used [0x00000007f0e80000,0x00000007f0e80000,0x00000007f5d00000)
 ParOldGen       total 261632K, used 64340K [0x0000000780000000, 0x000000078ff80000, 0x00000007d5500000)
  object space 261632K, 24% used [0x0000000780000000,0x0000000783ed5080,0x000000078ff80000)
 PSPermGen       total 22528K, used 22082K [0x000000077ae00000, 0x000000077c400000, 0x0000000780000000)
  object space 22528K, 98% used [0x000000077ae00000,0x000000077c390870,0x000000077c400000)
}
Event: 14.436 GC heap before
{Heap before GC invocations=8 (full 0):
 PSYoungGen      total 237056K, used 237042K [0x00000007d5500000, 0x00000007f5d00000, 0x0000000800000000)
  eden space 185856K, 100% used [0x00000007d5500000,0x00000007e0a80000,0x00000007e0a80000)
  from space 51200K, 99% used [0x00000007e0a80000,0x00000007e3c7c8d0,0x00000007e3c80000)
  to   space 80384K, 0% used [0x00000007f0e80000,0x00000007f0e80000,0x00000007f5d00000)
 ParOldGen       total 261632K, used 64340K [0x0000000780000000, 0x000000078ff80000, 0x00000007d5500000)
  object space 261632K, 24% used [0x0000000780000000,0x0000000783ed5080,0x000000078ff80000)
 PSPermGen       total 22528K, used 22097K [0x000000077ae00000, 0x000000077c400000, 0x0000000780000000)
  object space 22528K, 98% used [0x000000077ae00000,0x000000077c394710,0x000000077c400000)
Event: 14.506 GC heap after
Heap after GC invocations=8 (full 0):
 PSYoungGen      total 429056K, used 80361K [0x00000007d5500000, 0x00000007f8a00000, 0x0000000800000000)
  eden space 348672K, 0% used [0x00000007d5500000,0x00000007d5500000,0x00000007ea980000)
  from space 80384K, 99% used [0x00000007f0e80000,0x00000007f5cfa428,0x00000007f5d00000)
  to   space 103424K, 0% used [0x00000007ea980000,0x00000007ea980000,0x00000007f0e80000)
 ParOldGen       total 261632K, used 80239K [0x0000000780000000, 0x000000078ff80000, 0x00000007d5500000)
  object space 261632K, 30% used [0x0000000780000000,0x0000000784e5be60,0x000000078ff80000)
 PSPermGen       total 22528K, used 22097K [0x000000077ae00000, 0x000000077c400000, 0x0000000780000000)
  object space 22528K, 98% used [0x000000077ae00000,0x000000077c394710,0x000000077c400000)
}

Deoptimization events (10 events):
Event: 13.372 Thread 0x000000001396e000 Uncommon trap: reason=array_check action=maybe_recompile pc=0x00000000026f92f8 method=java.util.AbstractCollection.toArray([Ljava/lang/Object;)[Ljava/lang/Object; @ 119
Event: 13.372 Thread 0x000000001396e000 Uncommon trap: reason=array_check action=maybe_recompile pc=0x00000000026f92f8 method=java.util.AbstractCollection.toArray([Ljava/lang/Object;)[Ljava/lang/Object; @ 119
Event: 14.312 Thread 0x000000001396e000 Uncommon trap: reason=unreached action=reinterpret pc=0x000000000271a214 method=fr.ird.voxelidar.graphics3d.object.voxelspace.VoxelSpace.readVoxelFormat2(Ljava/io/File;)V @ 160
Event: 14.664 Thread 0x000000001396e000 Uncommon trap: reason=unloaded action=reinterpret pc=0x0000000002723fec method=fr.ird.voxelidar.graphics3d.object.voxelspace.VoxelSpace.updateValue(Lfr/ird/voxelidar/graphics3d/mesh/Attribut;)V @ 318
Event: 14.685 Thread 0x000000001396e000 Uncommon trap: reason=intrinsic action=make_not_entrant pc=0x0000000002720af0 method=fr.ird.voxelidar.util.StandardDeviation.getFromFloatArray([F)F @ 58
Event: 18.693 Thread 0x000000000ed01000 Uncommon trap: reason=unreached action=reinterpret pc=0x00000000025ecd38 method=java.lang.String.valueOf(Ljava/lang/Object;)Ljava/lang/String; @ 1
Event: 128.061 Thread 0x000000000ead0000 Uncommon trap: reason=class_check action=maybe_recompile pc=0x0000000002607804 method=javax.swing.event.EventListenerList.getListeners(Ljava/lang/Class;)[Ljava/util/EventListener; @ 17
Event: 128.063 Thread 0x000000000ead0000 Uncommon trap: reason=class_check action=maybe_recompile pc=0x0000000002607804 method=javax.swing.event.EventListenerList.getListeners(Ljava/lang/Class;)[Ljava/util/EventListener; @ 17
Event: 128.064 Thread 0x000000000ead0000 Uncommon trap: reason=class_check action=maybe_recompile pc=0x0000000002607804 method=javax.swing.event.EventListenerList.getListeners(Ljava/lang/Class;)[Ljava/util/EventListener; @ 17
Event: 129.791 Thread 0x000000000ead0000 Uncommon trap: reason=class_check action=maybe_recompile pc=0x0000000002607804 method=javax.swing.event.EventListenerList.getListeners(Ljava/lang/Class;)[Ljava/util/EventListener; @ 17

Internal exceptions (10 events):
Event: 127.868 Thread 0x000000000ead0000 Threw 0x00000007da855380 at C:\re\jdk7u67\1368\hotspot\src\share\vm\prims\jvm.cpp:1244
Event: 127.869 Thread 0x000000000ead0000 Threw 0x00000007da85bff8 at C:\re\jdk7u67\1368\hotspot\src\share\vm\prims\jvm.cpp:1244
Event: 127.871 Thread 0x000000000ead0000 Threw 0x00000007da862040 at C:\re\jdk7u67\1368\hotspot\src\share\vm\prims\jvm.cpp:1244
Event: 127.871 Thread 0x000000000ead0000 Threw 0x00000007da866ff0 at C:\re\jdk7u67\1368\hotspot\src\share\vm\prims\jvm.cpp:1244
Event: 127.872 Thread 0x000000000ead0000 Threw 0x00000007da86c438 at C:\re\jdk7u67\1368\hotspot\src\share\vm\prims\jvm.cpp:1244
Event: 127.965 Thread 0x000000000ead0000 Threw 0x00000007da9281d0 at C:\re\jdk7u67\1368\hotspot\src\share\vm\prims\jvm.cpp:1244
Event: 127.966 Thread 0x000000000ead0000 Threw 0x00000007da92a288 at C:\re\jdk7u67\1368\hotspot\src\share\vm\prims\jvm.cpp:1244
Event: 127.967 Thread 0x000000000ead0000 Threw 0x00000007da92dcf8 at C:\re\jdk7u67\1368\hotspot\src\share\vm\prims\jvm.cpp:1244
Event: 127.967 Thread 0x000000000ead0000 Threw 0x00000007da931720 at C:\re\jdk7u67\1368\hotspot\src\share\vm\prims\jvm.cpp:1244
Event: 132.586 Thread 0x000000000e784800 Threw 0x00000007db03a870 at C:\re\jdk7u67\1368\hotspot\src\share\vm\prims\jvm.cpp:1244

Events (10 events):
Event: 150.862 Executing VM operation: ChangeSingleStep
Event: 150.862 Executing VM operation: ChangeSingleStep done
Event: 150.862 Executing VM operation: ChangeSingleStep
Event: 150.862 Executing VM operation: ChangeSingleStep done
Event: 150.862 Executing VM operation: GetCurrentLocation
Event: 150.862 Executing VM operation: GetCurrentLocation done
Event: 150.862 Executing VM operation: ChangeSingleStep
Event: 150.862 Executing VM operation: ChangeSingleStep done
Event: 150.862 Executing VM operation: ChangeSingleStep
Event: 150.862 Executing VM operation: ChangeSingleStep done


Dynamic libraries:
0x000000013fe00000 - 0x000000013fe33000 	C:\Program Files\Java\jdk1.7.0_67\bin\java.exe
0x0000000077090000 - 0x0000000077239000 	C:\Windows\SYSTEM32\ntdll.dll
0x0000000076e70000 - 0x0000000076f8f000 	C:\Windows\system32\kernel32.dll
0x000007fefcfd0000 - 0x000007fefd03c000 	C:\Windows\system32\KERNELBASE.dll
0x000007feff070000 - 0x000007feff14b000 	C:\Windows\system32\ADVAPI32.dll
0x000007fefda00000 - 0x000007fefda9f000 	C:\Windows\system32\msvcrt.dll
0x000007fefd6f0000 - 0x000007fefd70f000 	C:\Windows\SYSTEM32\sechost.dll
0x000007feff200000 - 0x000007feff32d000 	C:\Windows\system32\RPCRT4.dll
0x0000000076f90000 - 0x000000007708a000 	C:\Windows\system32\USER32.dll
0x000007feff330000 - 0x000007feff397000 	C:\Windows\system32\GDI32.dll
0x000007fefd9f0000 - 0x000007fefd9fe000 	C:\Windows\system32\LPK.dll
0x000007fefefa0000 - 0x000007feff069000 	C:\Windows\system32\USP10.dll
0x000007fefb8b0000 - 0x000007fefbaa4000 	C:\Windows\WinSxS\amd64_microsoft.windows.common-controls_6595b64144ccf1df_6.0.7601.17514_none_fa396087175ac9ac\COMCTL32.dll
0x000007fefef20000 - 0x000007fefef91000 	C:\Windows\system32\SHLWAPI.dll
0x000007fefd9c0000 - 0x000007fefd9ee000 	C:\Windows\system32\IMM32.DLL
0x000007fefd5e0000 - 0x000007fefd6e9000 	C:\Windows\system32\MSCTF.dll
0x000000006a320000 - 0x000000006a3f2000 	C:\Program Files\Java\jdk1.7.0_67\jre\bin\msvcr100.dll
0x00000000624c0000 - 0x0000000062c92000 	C:\Program Files\Java\jdk1.7.0_67\jre\bin\server\jvm.dll
0x000007fefa310000 - 0x000007fefa319000 	C:\Windows\system32\WSOCK32.dll
0x000007feff1b0000 - 0x000007feff1fd000 	C:\Windows\system32\WS2_32.dll
0x000007fefdb80000 - 0x000007fefdb88000 	C:\Windows\system32\NSI.dll
0x000007fef9910000 - 0x000007fef994b000 	C:\Windows\system32\WINMM.dll
0x0000000077250000 - 0x0000000077257000 	C:\Windows\system32\PSAPI.DLL
0x0000000072f80000 - 0x0000000072f8f000 	C:\Program Files\Java\jdk1.7.0_67\jre\bin\verify.dll
0x0000000072e90000 - 0x0000000072eb8000 	C:\Program Files\Java\jdk1.7.0_67\jre\bin\java.dll
0x0000000064e70000 - 0x0000000064ea5000 	C:\Program Files\Java\jdk1.7.0_67\jre\bin\jdwp.dll
0x0000000064e60000 - 0x0000000064e68000 	C:\Program Files\Java\jdk1.7.0_67\jre\bin\npt.dll
0x0000000072f20000 - 0x0000000072f35000 	C:\Program Files\Java\jdk1.7.0_67\jre\bin\zip.dll
0x0000000064e50000 - 0x0000000064e59000 	C:\Program Files\Java\jdk1.7.0_67\jre\bin\dt_socket.dll
0x000007fefc670000 - 0x000007fefc6c5000 	C:\Windows\system32\mswsock.dll
0x000007fefc030000 - 0x000007fefc037000 	C:\Windows\System32\wshtcpip.dll
0x0000000072c30000 - 0x0000000072dc5000 	C:\Program Files\Java\jdk1.7.0_67\jre\bin\awt.dll
0x000007fefdaa0000 - 0x000007fefdb77000 	C:\Windows\system32\OLEAUT32.dll
0x000007fefd790000 - 0x000007fefd993000 	C:\Windows\system32\ole32.dll
0x000007fefb550000 - 0x000007fefb568000 	C:\Windows\system32\DWMAPI.DLL
0x000007fefb3c0000 - 0x000007fefb416000 	C:\Windows\system32\uxtheme.dll
0x000007fefcd70000 - 0x000007fefcd7f000 	C:\Windows\system32\CRYPTBASE.dll
0x000007fef1c40000 - 0x000007fef1e3f000 	C:\Windows\system32\d3d9.dll
0x000007fefc340000 - 0x000007fefc34c000 	C:\Windows\system32\VERSION.dll
0x000007fefbac0000 - 0x000007fefbac7000 	C:\Windows\system32\d3d8thk.dll
0x000007fee8310000 - 0x000007fee93c5000 	C:\Windows\system32\nvd3dumx.dll
0x000007fefb6a0000 - 0x000007fefb6cc000 	C:\Windows\system32\powrprof.dll
0x000007fefd400000 - 0x000007fefd5d7000 	C:\Windows\system32\SETUPAPI.dll
0x000007fefd230000 - 0x000007fefd266000 	C:\Windows\system32\CFGMGR32.dll
0x000007fefcef0000 - 0x000007fefcf0a000 	C:\Windows\system32\DEVOBJ.dll
0x000007feeeba0000 - 0x000007feeed0a000 	C:\Program Files (x86)\NVIDIA Corporation\3D Vision\nvSCPAPI64.dll
0x000007fefdf60000 - 0x000007fefece8000 	C:\Windows\system32\SHELL32.dll
0x000007fef93c0000 - 0x000007fef96f3000 	C:\Windows\system32\nvapi64.dll
0x000007fefd040000 - 0x000007fefd07a000 	C:\Windows\system32\WINTRUST.dll
0x000007fefd0b0000 - 0x000007fefd21c000 	C:\Windows\system32\CRYPT32.dll
0x000007fefced0000 - 0x000007fefcedf000 	C:\Windows\system32\MSASN1.dll
0x000007fef9790000 - 0x000007fef9830000 	C:\Windows\WinSxS\amd64_microsoft.windows.common-controls_6595b64144ccf1df_5.82.7601.18201_none_a4d3b9377117c3df\comctl32.dll
0x0000000072e20000 - 0x0000000072e67000 	C:\Program Files\Java\jdk1.7.0_67\jre\bin\fontmanager.dll
0x0000000072f00000 - 0x0000000072f19000 	C:\Program Files\Java\jdk1.7.0_67\jre\bin\net.dll
0x000007fefc660000 - 0x000007fefc667000 	C:\Windows\System32\wship6.dll
0x0000000072e70000 - 0x0000000072e81000 	C:\Program Files\Java\jdk1.7.0_67\jre\bin\nio.dll
0x0000000072be0000 - 0x0000000072c21000 	C:\Program Files\Java\jdk1.7.0_67\jre\bin\t2k.dll
0x000007fefdb90000 - 0x000007fefdc29000 	C:\Windows\system32\CLBCatQ.DLL
0x000007fefb420000 - 0x000007fefb54c000 	C:\Windows\system32\propsys.dll
0x000007fefb580000 - 0x000007fefb5ad000 	C:\Windows\system32\ntmarta.dll
0x000007feff150000 - 0x000007feff1a2000 	C:\Windows\system32\WLDAP32.dll
0x000007fefccd0000 - 0x000007fefcd27000 	C:\Windows\system32\apphelp.dll
0x000007fef5610000 - 0x000007fef57ac000 	C:\Windows\system32\NetworkExplorer.dll
0x000007fef5a10000 - 0x000007fef5a44000 	C:\Windows\System32\shdocvw.dll
0x000007fefcee0000 - 0x000007fefceef000 	C:\Windows\system32\profapi.dll
0x000007fefac80000 - 0x000007fefac8b000 	C:\Windows\system32\slc.dll
0x000007fefa320000 - 0x000007fefa338000 	C:\Windows\system32\MPR.dll
0x0000000072f40000 - 0x0000000072f52000 	C:\Windows\system32\snacnp.dll
0x000007fef8ff0000 - 0x000007fef90e7000 	C:\Windows\system32\ncnetprovider.dll
0x000007fefa340000 - 0x000007fefa35e000 	C:\Windows\system32\NCLangID.dll
0x000007fef9100000 - 0x000007fef912c000 	C:\Windows\system32\MAPBASE.dll
0x0000000050d20000 - 0x0000000050d67000 	C:\Windows\system32\CALWIN32.DLL
0x0000000006140000 - 0x0000000006161000 	C:\Windows\system32\CLNWIN32.DLL
0x0000000050df0000 - 0x0000000050e22000 	C:\Windows\system32\LOCWIN32.DLL
0x00000000062a0000 - 0x00000000062e5000 	C:\Windows\system32\NCPWIN32.dll
0x0000000050da0000 - 0x0000000050db3000 	C:\Windows\system32\CLXWIN32.DLL
0x00000000063f0000 - 0x0000000006435000 	C:\Windows\system32\NETWIN32.DLL
0x000007fef8ee0000 - 0x000007fef8f25000 	C:\Windows\system32\NWSHLXNT.dll
0x000007fefa5a0000 - 0x000007fefa5b6000 	C:\Windows\system32\NETAPI32.dll
0x000007fefa580000 - 0x000007fefa58c000 	C:\Windows\system32\netutils.dll
0x000007fefc950000 - 0x000007fefc973000 	C:\Windows\system32\srvcli.dll
0x000007fefa560000 - 0x000007fefa575000 	C:\Windows\system32\wkscli.dll
0x000007fefa540000 - 0x000007fefa554000 	C:\Windows\system32\SAMCLI.DLL
0x000007fef8fd0000 - 0x000007fef8fe2000 	C:\Windows\system32\BROWCLI.DLL
0x000007fefc110000 - 0x000007fefc121000 	C:\Windows\system32\WTSAPI32.dll
0x0000000074a00000 - 0x0000000074a05000 	C:\Windows\system32\nls\FRANCAIS\NCLangIDR.DLL
0x0000000073ae0000 - 0x0000000073af7000 	C:\Windows\system32\nls\FRANCAIS\MAPBASER.DLL
0x0000000073ac0000 - 0x0000000073ada000 	C:\Windows\system32\nls\FRANCAIS\NWSHLXNTR.DLL
0x0000000073a40000 - 0x0000000073abc000 	C:\Windows\system32\nls\FRANCAIS\ncnetproviderR.DLL
0x000007fefcca0000 - 0x000007fefccc5000 	C:\Windows\system32\SspiCli.dll
0x000007fef59b0000 - 0x000007fef59ba000 	C:\Windows\System32\drprov.dll
0x000007fefcd30000 - 0x000007fefcd6d000 	C:\Windows\System32\WINSTA.dll
0x000007fef5590000 - 0x000007fef55b2000 	C:\Windows\System32\ntlanman.dll
0x000007fef5570000 - 0x000007fef558d000 	C:\Windows\System32\davclnt.dll
0x000007fef5560000 - 0x000007fef556a000 	C:\Windows\System32\DAVHLPR.dll
0x000007fef6420000 - 0x000007fef642f000 	C:\Windows\system32\cscapi.dll
0x000007feee920000 - 0x000007feeeb91000 	C:\Windows\system32\wpdshext.dll
0x000007fefb1a0000 - 0x000007fefb3b6000 	C:\Windows\WinSxS\amd64_microsoft.windows.gdiplus_6595b64144ccf1df_1.1.7601.18455_none_2b283fd671e9bf4d\gdiplus.dll
0x000007fef4cf0000 - 0x000007fef4dad000 	C:\Windows\system32\PortableDeviceApi.dll
0x000007fef5cf0000 - 0x000007fef5d25000 	C:\Windows\system32\EhStorShell.dll
0x000007fef2100000 - 0x000007fef2127000 	C:\Windows\system32\EhStorAPI.dll
0x000007fef5a00000 - 0x000007fef5a0c000 	C:\Windows\system32\LINKINFO.dll
0x000007fefaa70000 - 0x000007fefabd1000 	C:\Windows\system32\WindowsCodecs.dll
0x0000000071980000 - 0x0000000071996000 	C:\Program Files\Common Files\TortoiseOverlays\TortoiseOverlays.dll
0x0000000071960000 - 0x0000000071977000 	C:\Program Files\TortoiseSVN\bin\TortoiseStub.dll
0x00000000718e0000 - 0x000000007195d000 	C:\Program Files\TortoiseSVN\bin\TortoiseSVN.dll
0x000007fefecf0000 - 0x000007fefef1c000 	C:\Windows\system32\WININET.dll
0x000007fefd280000 - 0x000007fefd284000 	C:\Windows\system32\api-ms-win-downlevel-user32-l1-1-0.dll
0x000007fefcfc0000 - 0x000007fefcfc5000 	C:\Windows\system32\api-ms-win-downlevel-advapi32-l1-1-0.dll
0x000007fefd080000 - 0x000007fefd084000 	C:\Windows\system32\api-ms-win-downlevel-shlwapi-l1-1-0.dll
0x000007fefd220000 - 0x000007fefd224000 	C:\Windows\system32\api-ms-win-downlevel-version-l1-1-0.dll
0x000007fefcfb0000 - 0x000007fefcfb3000 	C:\Windows\system32\api-ms-win-downlevel-normaliz-l1-1-0.dll
0x0000000077260000 - 0x0000000077263000 	C:\Windows\system32\normaliz.DLL
0x000007fefdc30000 - 0x000007fefdebe000 	C:\Windows\system32\iertutil.dll
0x000007fefd090000 - 0x000007fefd0ae000 	C:\Windows\system32\USERENV.dll
0x000007fef6580000 - 0x000007fef69f6000 	C:\Program Files\TortoiseSVN\bin\libsvn_tsvn.dll
0x00000000718b0000 - 0x00000000718de000 	C:\Program Files\TortoiseSVN\bin\libapr_tsvn.dll
0x000007fef6470000 - 0x000007fef6544000 	C:\Windows\system32\MSVCR110.dll
0x0000000071850000 - 0x0000000071895000 	C:\Program Files\TortoiseSVN\bin\libaprutil_tsvn.dll
0x000007fef6450000 - 0x000007fef6461000 	C:\Program Files\TortoiseSVN\bin\intl3_tsvn.dll
0x000007fef6430000 - 0x000007fef6449000 	C:\Program Files\TortoiseSVN\bin\libsasl.dll
0x000007fefcaf0000 - 0x000007fefcafb000 	C:\Windows\system32\Secur32.dll
0x000007fef6370000 - 0x000007fef6417000 	C:\Windows\system32\MSVCP110.dll
0x0000000071740000 - 0x000000007175b000 	C:\Program Files\TortoiseGit\bin\TortoiseGitStub.dll
0x00000000716b0000 - 0x000000007173e000 	C:\Program Files\TortoiseGit\bin\TortoiseGit.dll
0x000007fef6240000 - 0x000007fef630e000 	C:\Program Files\TortoiseGit\bin\libgit2_tgit.dll
0x000007fef6220000 - 0x000007fef6238000 	C:\Program Files\TortoiseGit\bin\zlib1_tgit.dll
0x000007fef6130000 - 0x000007fef621f000 	C:\Windows\system32\MSVCR120.dll

VM Arguments:
jvm_args: -Xdebug -Xrunjdwp:transport=dt_socket,server=n,address=49879 -Xmx2G 
java_command: fr.ird.voxelidar.Principal
Launcher Type: SUN_STANDARD

Environment Variables:
JAVA_HOME=C:\Program Files\Java\jdk1.7.0_67
CLASSPATH=C:\Program Files\OpenNI\Bin64\org.OpenNI.jar
PATH=C:\Program Files\Java\jdk1.7.0_67\bin;C:\Python27\Lib\site-packages\PyQt4;C:\Program Files (x86)\Common Files\Intergraph\Grid Analysis SDK\1.0\Program;C:\Windows\system32;C:\Windows;C:\Windows\System32\Wbem;C:\Windows\System32\WindowsPowerShell\v1.0\;C:\Windows\Program Files (x86)\Common Files\Roxio Shared\DLLShared\;C:\Program Files (x86)\Common Files\Roxio Shared\10.0\DLLShared\;C:\Windows\Program Files\Java\jdk1.7.0_67\bin;C:\Program Files\java\ssj\lib\;C:\Program Files\MATLAB\R2010a\bin;C:\Program Files\OpenNI\Bin64;C:\Program Files\PCL 1.6.0\bin;C:\Program Files\TortoiseSVN\bin;C:\Program Files\Microsoft SQL Server\110\Tools\Binn\;C:\MinGW3\bin;C:\Program Files\TortoiseGit\bin;c:\users\julien\appdata\local\enthought\canopy\user;c:\users\julien\appdata\local\enthought\canopy\user\scripts
USERNAME=Julien
OS=Windows_NT
PROCESSOR_IDENTIFIER=Intel64 Family 6 Model 44 Stepping 2, GenuineIntel



---------------  S Y S T E M  ---------------

OS: Windows 7 , 64 bit Build 7601 Service Pack 1

CPU:total 8 (4 cores per cpu, 2 threads per core) family 6 model 44 stepping 2, cmov, cx8, fxsr, mmx, sse, sse2, sse3, ssse3, sse4.1, sse4.2, popcnt, aes, ht, tsc, tscinvbit, tscinv

Memory: 4k page, physical 25148644k(18453612k free), swap 50295424k(43137044k free)

vm_info: Java HotSpot(TM) 64-Bit Server VM (24.65-b04) for windows-amd64 JRE (1.7.0_67-b01), built on Jul 25 2014 08:55:00 by "java_re" with unknown MS VC++:1600

time: Wed Dec 17 09:30:47 2014
elapsed time: 150 seconds

