#
# A fatal error has been detected by the Java Runtime Environment:
#
#  EXCEPTION_ACCESS_VIOLATION (0xc0000005) at pc=0x0000000060ea0539, pid=5884, tid=6540
#
# JRE version: Java(TM) SE Runtime Environment (7.0_67-b01) (build 1.7.0_67-b01)
# Java VM: Java HotSpot(TM) 64-Bit Server VM (24.65-b04 mixed mode windows-amd64 compressed oops)
# Problematic frame:
# C  0x0000000060ea0539
#
# Failed to write core dump. Minidumps are not enabled by default on client versions of Windows
#
# If you would like to submit a bug report, please visit:
#   http://bugreport.sun.com/bugreport/crash.jsp
# The crash happened outside the Java Virtual Machine in native code.
# See problematic frame for where to report the bug.
#

---------------  T H R E A D  ---------------

Current thread (0x000000000c575800):  JavaThread "AWT-EventQueue-0" [_thread_in_native, id=6540, stack(0x0000000010750000,0x0000000010850000)]

siginfo: ExceptionCode=0xc0000005, reading address 0x0000000000001100

Registers:
RAX=0x0000000000000000, RBX=0x000000077c019290, RCX=0x0000000000000003, RDX=0x000000001084e2f0
RSP=0x000000001084e228, RBP=0x000000001084e2b8, RSI=0x0000000000000010, RDI=0x00000007d8df5220
R8 =0x0000000000000003, R9 =0x0000000060ea0530, R10=0x00000000025b94dd, R11=0x00000000626a2a70
R12=0x0000000000000000, R13=0x000000077c019290, R14=0x000000001084e2f0, R15=0x000000000c575800
RIP=0x0000000060ea0539, EFLAGS=0x0000000000010206

Top of Stack: (sp=0x000000001084e228)
0x000000001084e228:   00000000025b9509 00000000fffffffe
0x000000001084e238:   0000000000000000 0000000000000000
0x000000001084e248:   000000000c354c90 000000000c354cd0
0x000000001084e258:   000000001362f070 000005c100000000
0x000000001084e268:   0000000b00002e18 000000000c575800
0x000000001084e278:   000000001084e278 000000077c019290
0x000000001084e288:   000000001084e2f0 000000077c165e30
0x000000001084e298:   0000000000000000 000000077c019290
0x000000001084e2a8:   0000000000000000 000000001084e2d8
0x000000001084e2b8:   000000001084e338 00000000025a6198
0x000000001084e2c8:   0000000000000000 00000000025b3a58
0x000000001084e2d8:   0000000060ea0530 000000001084e338
0x000000001084e2e8:   0000000000000003 0000000783fde010
0x000000001084e2f8:   000000001084e2f8 000000077c0191c2
0x000000001084e308:   000000001084e360 000000077c165e30
0x000000001084e318:   0000000000000000 000000077c0191d0 

Instructions: (pc=0x0000000060ea0539)
0x0000000060ea0519:   af af af af af af af c3 cc cc cc cc cc cc cc cc
0x0000000060ea0529:   cc cc cc cc cc cc cc 65 48 8b 04 25 20 16 00 00
0x0000000060ea0539:   ff a0 00 11 00 00 cc cc cc cc cc cc cc cc cc cc
0x0000000060ea0549:   cc cc cc cc cc cc cc cc cc cc cc cc cc cc cc cc 


Register to memory mapping:

RAX=0x0000000000000000 is an unknown value
RBX=0x000000077c019290 is an oop
{method} 
 - klass: {other class}
RCX=0x0000000000000003 is an unknown value
RDX=0x000000001084e2f0 is pointing into the stack for thread: 0x000000000c575800
RSP=0x000000001084e228 is pointing into the stack for thread: 0x000000000c575800
RBP=0x000000001084e2b8 is pointing into the stack for thread: 0x000000000c575800
RSI=0x0000000000000010 is an unknown value
RDI=0x00000007d8df5220 is an oop
java.lang.String 
 - klass: 'java/lang/String'
R8 =0x0000000000000003 is an unknown value
R9 =0x0000000060ea0530 is an unknown value
R10=0x00000000025b94dd is at code_begin+1277 in an Interpreter codelet
method entry point (kind = native)  [0x00000000025b8fe0, 0x00000000025b9ea0]  3776 bytes
R11=0x00000000626a2a70 is an unknown value
R12=0x0000000000000000 is an unknown value
R13=0x000000077c019290 is an oop
{method} 
 - klass: {other class}
R14=0x000000001084e2f0 is pointing into the stack for thread: 0x000000000c575800
R15=0x000000000c575800 is a thread


Stack: [0x0000000010750000,0x0000000010850000],  sp=0x000000001084e228,  free space=1016k
Native frames: (J=compiled Java code, j=interpreted, Vv=VM code, C=native code)
C  0x0000000060ea0539
j  jogamp.opengl.gl4.GL4bcImpl.glUseProgram(I)V+34
j  fr.ird.voxelidar.graphics3d.jogl.JoglListener$1$1.run()V+99
j  java.awt.event.InvocationEvent.dispatch()V+11
j  java.awt.EventQueue.dispatchEventImpl(Ljava/awt/AWTEvent;Ljava/lang/Object;)V+21
j  java.awt.EventQueue.access$200(Ljava/awt/EventQueue;Ljava/awt/AWTEvent;Ljava/lang/Object;)V+3
j  java.awt.EventQueue$3.run()Ljava/lang/Void;+12
j  java.awt.EventQueue$3.run()Ljava/lang/Object;+1
v  ~StubRoutines::call_stub

Java frames: (J=compiled Java code, j=interpreted, Vv=VM code)
j  jogamp.opengl.gl4.GL4bcImpl.dispatch_glUseProgram1(IJ)V+0
j  jogamp.opengl.gl4.GL4bcImpl.glUseProgram(I)V+34
j  fr.ird.voxelidar.graphics3d.jogl.JoglListener$1$1.run()V+99
j  java.awt.event.InvocationEvent.dispatch()V+11
j  java.awt.EventQueue.dispatchEventImpl(Ljava/awt/AWTEvent;Ljava/lang/Object;)V+21
j  java.awt.EventQueue.access$200(Ljava/awt/EventQueue;Ljava/awt/AWTEvent;Ljava/lang/Object;)V+3
j  java.awt.EventQueue$3.run()Ljava/lang/Void;+12
j  java.awt.EventQueue$3.run()Ljava/lang/Object;+1
v  ~StubRoutines::call_stub
j  java.security.AccessController.doPrivileged(Ljava/security/PrivilegedAction;Ljava/security/AccessControlContext;)Ljava/lang/Object;+0
J 351 C2 java.awt.EventDispatchThread.pumpOneEventForFilters(I)V (295 bytes) @ 0x00000000026e66c8 [0x00000000026e57a0+0xf28]
j  java.awt.EventDispatchThread.pumpEventsForFilter(ILjava/awt/Conditional;Ljava/awt/EventFilter;)V+35
j  java.awt.EventDispatchThread.pumpEventsForHierarchy(ILjava/awt/Conditional;Ljava/awt/Component;)V+11
j  java.awt.EventDispatchThread.pumpEvents(ILjava/awt/Conditional;)V+4
j  java.awt.EventDispatchThread.pumpEvents(Ljava/awt/Conditional;)V+3
j  java.awt.EventDispatchThread.run()V+9
v  ~StubRoutines::call_stub

---------------  P R O C E S S  ---------------

Java Threads: ( => current thread )
  0x000000000ea12800 JavaThread "SwingWorker-pool-2-thread-1" daemon [_thread_blocked, id=6764, stack(0x0000000019040000,0x0000000019140000)]
  0x000000001363b000 JavaThread "AWT-EventQueue-0-FPSAWTAnimator-Timer0" [_thread_blocked, id=1752, stack(0x00000000162e0000,0x00000000163e0000)]
  0x000000000ebc3800 JavaThread "AWT-EventQueue-0-Display-.windows_nil-1-EDT-1" daemon [_thread_blocked, id=6032, stack(0x0000000017dd0000,0x0000000017ed0000)]
  0x000000000e83c000 JavaThread "AWT-EventQueue-0-SharedResourceRunner" daemon [_thread_blocked, id=1652, stack(0x0000000017b10000,0x0000000017c10000)]
  0x0000000013713000 JavaThread "D3D Screen Updater" daemon [_thread_blocked, id=3964, stack(0x0000000014da0000,0x0000000014ea0000)]
  0x000000000223a000 JavaThread "DestroyJavaVM" [_thread_blocked, id=2808, stack(0x00000000024a0000,0x00000000025a0000)]
  0x0000000013550800 JavaThread "TimerQueue" daemon [_thread_blocked, id=1284, stack(0x00000000147b0000,0x00000000148b0000)]
  0x000000000e7b3800 JavaThread "org.netbeans.modules.debugger.jpda.visual AWT Access Loop" daemon [_thread_blocked, id=1608, stack(0x00000000133c0000,0x00000000134c0000)]
  0x000000000c58f800 JavaThread "Swing-Shell" daemon [_thread_blocked, id=6800, stack(0x00000000122e0000,0x00000000123e0000)]
=>0x000000000c575800 JavaThread "AWT-EventQueue-0" [_thread_in_native, id=6540, stack(0x0000000010750000,0x0000000010850000)]
  0x000000000e71e800 JavaThread "AWT-Windows" daemon [_thread_in_native, id=1384, stack(0x000000000f080000,0x000000000f180000)]
  0x000000000e71e000 JavaThread "AWT-Shutdown" [_thread_blocked, id=7152, stack(0x000000000ee80000,0x000000000ef80000)]
  0x000000000e71d000 JavaThread "Java2D Disposer" daemon [_thread_blocked, id=6988, stack(0x000000000e190000,0x000000000e290000)]
  0x000000000c2ac000 JavaThread "Service Thread" daemon [_thread_blocked, id=4580, stack(0x000000000e400000,0x000000000e500000)]
  0x000000000c2a3800 JavaThread "C2 CompilerThread1" daemon [_thread_blocked, id=7036, stack(0x000000000e2e0000,0x000000000e3e0000)]
  0x000000000c297800 JavaThread "C2 CompilerThread0" daemon [_thread_blocked, id=5460, stack(0x000000000e090000,0x000000000e190000)]
  0x000000000c286000 JavaThread "JDWP Command Reader" daemon [_thread_in_native, id=4984, stack(0x000000000dc70000,0x000000000dd70000)]
  0x000000000c281000 JavaThread "JDWP Event Helper Thread" daemon [_thread_blocked, id=6436, stack(0x000000000df50000,0x000000000e050000)]
  0x000000000b2ef000 JavaThread "JDWP Transport Listener: dt_socket" daemon [_thread_blocked, id=4760, stack(0x000000000ddb0000,0x000000000deb0000)]
  0x000000000b2e8000 JavaThread "Attach Listener" daemon [_thread_blocked, id=3420, stack(0x000000000d760000,0x000000000d860000)]
  0x000000000b2e7000 JavaThread "Signal Dispatcher" daemon [_thread_blocked, id=5356, stack(0x000000000d860000,0x000000000d960000)]
  0x00000000022ce800 JavaThread "Finalizer" daemon [_thread_blocked, id=2372, stack(0x000000000d630000,0x000000000d730000)]
  0x00000000022c8000 JavaThread "Reference Handler" daemon [_thread_blocked, id=5000, stack(0x000000000d420000,0x000000000d520000)]

Other Threads:
  0x000000000c233800 VMThread [stack: 0x000000000d250000,0x000000000d350000] [id=6632]
  0x000000000c2b7000 WatcherThread [stack: 0x000000000e540000,0x000000000e640000] [id=196]

VM state:not at safepoint (normal execution)

VM Mutex/Monitor currently owned by a thread: None

Heap
 PSYoungGen      total 431616K, used 160539K [0x00000007d5500000, 0x00000007f8e00000, 0x0000000800000000)
  eden space 349696K, 22% used [0x00000007d5500000,0x00000007da1ccac8,0x00000007eaa80000)
  from space 81920K, 99% used [0x00000007f1100000,0x00000007f60fa428,0x00000007f6100000)
  to   space 104960K, 0% used [0x00000007eaa80000,0x00000007eaa80000,0x00000007f1100000)
 ParOldGen       total 261632K, used 80075K [0x0000000780000000, 0x000000078ff80000, 0x00000007d5500000)
  object space 261632K, 30% used [0x0000000780000000,0x0000000784e32c28,0x000000078ff80000)
 PSPermGen       total 22528K, used 22138K [0x000000077ae00000, 0x000000077c400000, 0x0000000780000000)
  object space 22528K, 98% used [0x000000077ae00000,0x000000077c39eaf8,0x000000077c400000)

Card table byte_map: [0x00000000055a0000,0x00000000059d0000] byte_map_base: 0x00000000019c9000

Polling page: 0x0000000000230000

Code Cache  [0x00000000025a0000, 0x0000000002810000, 0x00000000055a0000)
 total_blobs=1275 nmethods=471 adapters=765 free_code_cache=47282Kb largest_free_block=48355712

Compilation events (10 events):
Event: 21.134 Thread 0x000000000c297800 nmethod 497 0x0000000002764050 code [0x0000000002764180, 0x00000000027641f8]
Event: 21.134 Thread 0x000000000c2a3800 nmethod 498 0x0000000002763e50 code [0x0000000002763f80, 0x0000000002763ff8]
Event: 21.134 Thread 0x000000000c2a3800  499             java.awt.Color::getBlue (11 bytes)
Event: 21.134 Thread 0x000000000c297800  500             fr.ird.voxelidar.math.vector.Vec3F::<init> (20 bytes)
Event: 21.134 Thread 0x000000000c2a3800 nmethod 499 0x0000000002739810 code [0x0000000002739940, 0x0000000002739998]
Event: 21.134 Thread 0x000000000c297800 nmethod 500 0x0000000002739610 code [0x0000000002739740, 0x00000000027397b8]
Event: 21.134 Thread 0x000000000c2a3800  501             fr.ird.voxelidar.util.ColorGradient::getColor (62 bytes)
Event: 21.135 Thread 0x000000000c2a3800 nmethod 501 0x000000000266b090 code [0x000000000266b1e0, 0x000000000266b318]
Event: 21.136 Thread 0x000000000c297800  502 %           fr.ird.voxelidar.graphics3d.object.voxelspace.VoxelSpace::setGradientColor @ 31 (160 bytes)
Event: 21.165 Thread 0x000000000c297800 nmethod 502% 0x000000000276d7d0 code [0x000000000276da00, 0x000000000276ec98]

GC Heap History (10 events):
Event: 19.814 GC heap before
{Heap before GC invocations=4 (full 0):
 PSYoungGen      total 114688K, used 111065K [0x00000007d5500000, 0x00000007dd500000, 0x0000000800000000)
  eden space 98304K, 100% used [0x00000007d5500000,0x00000007db500000,0x00000007db500000)
  from space 16384K, 77% used [0x00000007db500000,0x00000007dc176620,0x00000007dc500000)
  to   space 16384K, 0% used [0x00000007dc500000,0x00000007dc500000,0x00000007dd500000)
 ParOldGen       total 261632K, used 24K [0x0000000780000000, 0x000000078ff80000, 0x00000007d5500000)
  object space 261632K, 0% used [0x0000000780000000,0x0000000780006000,0x000000078ff80000)
 PSPermGen       total 22528K, used 22057K [0x000000077ae00000, 0x000000077c400000, 0x0000000780000000)
  object space 22528K, 97% used [0x000000077ae00000,0x000000077c38a530,0x000000077c400000)
Event: 19.830 GC heap after
Heap after GC invocations=4 (full 0):
 PSYoungGen      total 114688K, used 16373K [0x00000007d5500000, 0x00000007dd500000, 0x0000000800000000)
  eden space 98304K, 0% used [0x00000007d5500000,0x00000007d5500000,0x00000007db500000)
  from space 16384K, 99% used [0x00000007dc500000,0x00000007dd4fd6a0,0x00000007dd500000)
  to   space 16384K, 0% used [0x00000007db500000,0x00000007db500000,0x00000007dc500000)
 ParOldGen       total 261632K, used 2432K [0x0000000780000000, 0x000000078ff80000, 0x00000007d5500000)
  object space 261632K, 0% used [0x0000000780000000,0x0000000780260140,0x000000078ff80000)
 PSPermGen       total 22528K, used 22057K [0x000000077ae00000, 0x000000077c400000, 0x0000000780000000)
  object space 22528K, 97% used [0x000000077ae00000,0x000000077c38a530,0x000000077c400000)
}
Event: 19.950 GC heap before
{Heap before GC invocations=5 (full 0):
 PSYoungGen      total 114688K, used 114677K [0x00000007d5500000, 0x00000007dd500000, 0x0000000800000000)
  eden space 98304K, 100% used [0x00000007d5500000,0x00000007db500000,0x00000007db500000)
  from space 16384K, 99% used [0x00000007dc500000,0x00000007dd4fd6a0,0x00000007dd500000)
  to   space 16384K, 0% used [0x00000007db500000,0x00000007db500000,0x00000007dc500000)
 ParOldGen       total 261632K, used 2432K [0x0000000780000000, 0x000000078ff80000, 0x00000007d5500000)
  object space 261632K, 0% used [0x0000000780000000,0x0000000780260140,0x000000078ff80000)
 PSPermGen       total 22528K, used 22070K [0x000000077ae00000, 0x000000077c400000, 0x0000000780000000)
  object space 22528K, 97% used [0x000000077ae00000,0x000000077c38db90,0x000000077c400000)
Event: 19.995 GC heap after
Heap after GC invocations=5 (full 0):
 PSYoungGen      total 114688K, used 16378K [0x00000007d5500000, 0x00000007e6700000, 0x0000000800000000)
  eden space 98304K, 0% used [0x00000007d5500000,0x00000007d5500000,0x00000007db500000)
  from space 16384K, 99% used [0x00000007db500000,0x00000007dc4fe8e8,0x00000007dc500000)
  to   space 41984K, 0% used [0x00000007e3e00000,0x00000007e3e00000,0x00000007e6700000)
 ParOldGen       total 261632K, used 28858K [0x0000000780000000, 0x000000078ff80000, 0x00000007d5500000)
  object space 261632K, 11% used [0x0000000780000000,0x0000000781c2eb50,0x000000078ff80000)
 PSPermGen       total 22528K, used 22070K [0x000000077ae00000, 0x000000077c400000, 0x0000000780000000)
  object space 22528K, 97% used [0x000000077ae00000,0x000000077c38db90,0x000000077c400000)
}
Event: 20.116 GC heap before
{Heap before GC invocations=6 (full 0):
 PSYoungGen      total 114688K, used 114682K [0x00000007d5500000, 0x00000007e6700000, 0x0000000800000000)
  eden space 98304K, 100% used [0x00000007d5500000,0x00000007db500000,0x00000007db500000)
  from space 16384K, 99% used [0x00000007db500000,0x00000007dc4fe8e8,0x00000007dc500000)
  to   space 41984K, 0% used [0x00000007e3e00000,0x00000007e3e00000,0x00000007e6700000)
 ParOldGen       total 261632K, used 28858K [0x0000000780000000, 0x000000078ff80000, 0x00000007d5500000)
  object space 261632K, 11% used [0x0000000780000000,0x0000000781c2eb50,0x000000078ff80000)
 PSPermGen       total 22528K, used 22072K [0x000000077ae00000, 0x000000077c400000, 0x0000000780000000)
  object space 22528K, 97% used [0x000000077ae00000,0x000000077c38e118,0x000000077c400000)
Event: 20.150 GC heap after
Heap after GC invocations=6 (full 0):
 PSYoungGen      total 228352K, used 41973K [0x00000007d5500000, 0x00000007e7b00000, 0x0000000800000000)
  eden space 186368K, 0% used [0x00000007d5500000,0x00000007d5500000,0x00000007e0b00000)
  from space 41984K, 99% used [0x00000007e3e00000,0x00000007e66fd558,0x00000007e6700000)
  to   space 52224K, 0% used [0x00000007e0b00000,0x00000007e0b00000,0x00000007e3e00000)
 ParOldGen       total 261632K, used 28882K [0x0000000780000000, 0x000000078ff80000, 0x00000007d5500000)
  object space 261632K, 11% used [0x0000000780000000,0x0000000781c34b50,0x000000078ff80000)
 PSPermGen       total 22528K, used 22072K [0x000000077ae00000, 0x000000077c400000, 0x0000000780000000)
  object space 22528K, 97% used [0x000000077ae00000,0x000000077c38e118,0x000000077c400000)
}
Event: 20.392 GC heap before
{Heap before GC invocations=7 (full 0):
 PSYoungGen      total 228352K, used 228341K [0x00000007d5500000, 0x00000007e7b00000, 0x0000000800000000)
  eden space 186368K, 100% used [0x00000007d5500000,0x00000007e0b00000,0x00000007e0b00000)
  from space 41984K, 99% used [0x00000007e3e00000,0x00000007e66fd558,0x00000007e6700000)
  to   space 52224K, 0% used [0x00000007e0b00000,0x00000007e0b00000,0x00000007e3e00000)
 ParOldGen       total 261632K, used 28882K [0x0000000780000000, 0x000000078ff80000, 0x00000007d5500000)
  object space 261632K, 11% used [0x0000000780000000,0x0000000781c34b50,0x000000078ff80000)
 PSPermGen       total 22528K, used 22079K [0x000000077ae00000, 0x000000077c400000, 0x0000000780000000)
  object space 22528K, 98% used [0x000000077ae00000,0x000000077c38fd40,0x000000077c400000)
Event: 20.483 GC heap after
Heap after GC invocations=7 (full 0):
 PSYoungGen      total 238592K, used 52199K [0x00000007d5500000, 0x00000007f6100000, 0x0000000800000000)
  eden space 186368K, 0% used [0x00000007d5500000,0x00000007d5500000,0x00000007e0b00000)
  from space 52224K, 99% used [0x00000007e0b00000,0x00000007e3df9f48,0x00000007e3e00000)
  to   space 81920K, 0% used [0x00000007f1100000,0x00000007f1100000,0x00000007f6100000)
 ParOldGen       total 261632K, used 65370K [0x0000000780000000, 0x000000078ff80000, 0x00000007d5500000)
  object space 261632K, 24% used [0x0000000780000000,0x0000000783fd6908,0x000000078ff80000)
 PSPermGen       total 22528K, used 22079K [0x000000077ae00000, 0x000000077c400000, 0x0000000780000000)
  object space 22528K, 98% used [0x000000077ae00000,0x000000077c38fd40,0x000000077c400000)
}
Event: 20.828 GC heap before
{Heap before GC invocations=8 (full 0):
 PSYoungGen      total 238592K, used 238567K [0x00000007d5500000, 0x00000007f6100000, 0x0000000800000000)
  eden space 186368K, 100% used [0x00000007d5500000,0x00000007e0b00000,0x00000007e0b00000)
  from space 52224K, 99% used [0x00000007e0b00000,0x00000007e3df9f48,0x00000007e3e00000)
  to   space 81920K, 0% used [0x00000007f1100000,0x00000007f1100000,0x00000007f6100000)
 ParOldGen       total 261632K, used 65370K [0x0000000780000000, 0x000000078ff80000, 0x00000007d5500000)
  object space 261632K, 24% used [0x0000000780000000,0x0000000783fd6908,0x000000078ff80000)
 PSPermGen       total 22528K, used 22132K [0x000000077ae00000, 0x000000077c400000, 0x0000000780000000)
  object space 22528K, 98% used [0x000000077ae00000,0x000000077c39d1e8,0x000000077c400000)
Event: 20.948 GC heap after
Heap after GC invocations=8 (full 0):
 PSYoungGen      total 431616K, used 81897K [0x00000007d5500000, 0x00000007f8e00000, 0x0000000800000000)
  eden space 349696K, 0% used [0x00000007d5500000,0x00000007d5500000,0x00000007eaa80000)
  from space 81920K, 99% used [0x00000007f1100000,0x00000007f60fa428,0x00000007f6100000)
  to   space 104960K, 0% used [0x00000007eaa80000,0x00000007eaa80000,0x00000007f1100000)
 ParOldGen       total 261632K, used 80075K [0x0000000780000000, 0x000000078ff80000, 0x00000007d5500000)
  object space 261632K, 30% used [0x0000000780000000,0x0000000784e32c28,0x000000078ff80000)
 PSPermGen       total 22528K, used 22132K [0x000000077ae00000, 0x000000077c400000, 0x0000000780000000)
  object space 22528K, 98% used [0x000000077ae00000,0x000000077c39d1e8,0x000000077c400000)
}

Deoptimization events (10 events):
Event: 19.532 Thread 0x000000000c575800 Uncommon trap: reason=class_check action=maybe_recompile pc=0x00000000026cb7dc method=sun.java2d.d3d.D3DRenderer.validateContext(Lsun/java2d/SunGraphics2D;)V @ 23
Event: 19.635 Thread 0x000000000ea12800 Uncommon trap: reason=unreached action=reinterpret pc=0x00000000027371e0 method=java.io.BufferedReader.readLine(Z)Ljava/lang/String; @ 192
Event: 19.661 Thread 0x000000000ea12800 Uncommon trap: reason=array_check action=maybe_recompile pc=0x00000000027428f8 method=java.util.AbstractCollection.toArray([Ljava/lang/Object;)[Ljava/lang/Object; @ 119
Event: 19.661 Thread 0x000000000ea12800 Uncommon trap: reason=array_check action=maybe_recompile pc=0x00000000027428f8 method=java.util.AbstractCollection.toArray([Ljava/lang/Object;)[Ljava/lang/Object; @ 119
Event: 19.662 Thread 0x000000000ea12800 Uncommon trap: reason=array_check action=maybe_recompile pc=0x00000000027428f8 method=java.util.AbstractCollection.toArray([Ljava/lang/Object;)[Ljava/lang/Object; @ 119
Event: 19.662 Thread 0x000000000ea12800 Uncommon trap: reason=array_check action=maybe_recompile pc=0x00000000027428f8 method=java.util.AbstractCollection.toArray([Ljava/lang/Object;)[Ljava/lang/Object; @ 119
Event: 20.679 Thread 0x000000000ea12800 Uncommon trap: reason=unreached action=reinterpret pc=0x000000000275bda8 method=fr.ird.voxelidar.graphics3d.object.voxelspace.VoxelSpace.readVoxelFormat2(Ljava/io/File;)V @ 160
Event: 21.090 Thread 0x000000000ea12800 Uncommon trap: reason=unloaded action=reinterpret pc=0x00000000027665e0 method=fr.ird.voxelidar.graphics3d.object.voxelspace.VoxelSpace.updateValue(Lfr/ird/voxelidar/graphics3d/mesh/Attribut;)V @ 318
Event: 21.106 Thread 0x000000000ea12800 Uncommon trap: reason=intrinsic action=make_not_entrant pc=0x0000000002771730 method=fr.ird.voxelidar.util.StandardDeviation.getFromFloatArray([F)F @ 58
Event: 21.717 Thread 0x000000000ebc3800 Uncommon trap: reason=unreached action=reinterpret pc=0x000000000263d4b8 method=java.lang.String.valueOf(Ljava/lang/Object;)Ljava/lang/String; @ 1

Internal exceptions (10 events):
Event: 20.749 Thread 0x000000001363b000 Threw 0x00000007dfaad288 at C:\re\jdk7u67\1368\hotspot\src\share\vm\prims\jvm.cpp:1244
Event: 20.757 Thread 0x000000001363b000 Threw 0x00000007dfaaf810 at C:\re\jdk7u67\1368\hotspot\src\share\vm\prims\jvm.cpp:1244
Event: 20.757 Thread 0x000000001363b000 Threw 0x00000007dfab3690 at C:\re\jdk7u67\1368\hotspot\src\share\vm\prims\jvm.cpp:1244
Event: 20.758 Thread 0x000000001363b000 Threw 0x00000007dfab9678 at C:\re\jdk7u67\1368\hotspot\src\share\vm\prims\jvm.cpp:1244
Event: 20.759 Thread 0x000000001363b000 Threw 0x00000007dfabf538 at C:\re\jdk7u67\1368\hotspot\src\share\vm\prims\jvm.cpp:1244
Event: 20.759 Thread 0x000000001363b000 Threw 0x00000007dfac3998 at C:\re\jdk7u67\1368\hotspot\src\share\vm\prims\jvm.cpp:1244
Event: 20.760 Thread 0x000000001363b000 Threw 0x00000007dfac8560 at C:\re\jdk7u67\1368\hotspot\src\share\vm\prims\jvm.cpp:1244
Event: 20.760 Thread 0x000000001363b000 Threw 0x00000007dfacc138 at C:\re\jdk7u67\1368\hotspot\src\share\vm\prims\jvm.cpp:1244
Event: 20.761 Thread 0x000000001363b000 Threw 0x00000007dfacff10 at C:\re\jdk7u67\1368\hotspot\src\share\vm\prims\jvm.cpp:1244
Event: 21.090 Thread 0x000000000ea12800 Threw 0x00000007d9999908 at C:\re\jdk7u67\1368\hotspot\src\share\vm\prims\jvm.cpp:1244

Events (10 events):
Event: 21.135 Thread 0x000000000c2a3800 flushing nmethod 0x0000000002680dd0
Event: 21.717 Executing VM operation: RevokeBias
Event: 21.717 Executing VM operation: RevokeBias done
Event: 21.717 Thread 0x000000000ebc3800 Uncommon trap: trap_request=0xffffffad fr.pc=0x000000000263d4b8
Event: 21.717 Thread 0x000000000ebc3800 DEOPT PACKING pc=0x000000000263d4b8 sp=0x0000000017ecdf90
Event: 21.717 Thread 0x000000000ebc3800 DEOPT UNPACKING pc=0x00000000025d9064 sp=0x0000000017ecdf38 mode 2
Event: 21.717 loading class 0x000000000b0fffd0
Event: 21.717 loading class 0x000000000b0fffd0 done
Event: 21.718 Executing VM operation: Deoptimize
Event: 21.718 Executing VM operation: Deoptimize done


Dynamic libraries:
0x000000013fd60000 - 0x000000013fd93000 	C:\Program Files\Java\jdk1.7.0_67\bin\java.exe
0x0000000077090000 - 0x0000000077239000 	C:\Windows\SYSTEM32\ntdll.dll
0x0000000076e70000 - 0x0000000076f8f000 	C:\Windows\system32\kernel32.dll
0x000007fefcfd0000 - 0x000007fefd03c000 	C:\Windows\system32\KERNELBASE.dll
0x000007feff070000 - 0x000007feff14b000 	C:\Windows\system32\ADVAPI32.dll
0x000007fefda00000 - 0x000007fefda9f000 	C:\Windows\system32\msvcrt.dll
0x000007fefd6f0000 - 0x000007fefd70f000 	C:\Windows\SYSTEM32\sechost.dll
0x000007feff200000 - 0x000007feff32d000 	C:\Windows\system32\RPCRT4.dll
0x0000000076f90000 - 0x000000007708a000 	C:\Windows\system32\USER32.dll
0x000007feff330000 - 0x000007feff397000 	C:\Windows\system32\GDI32.dll
0x000007fefd9f0000 - 0x000007fefd9fe000 	C:\Windows\system32\LPK.dll
0x000007fefefa0000 - 0x000007feff069000 	C:\Windows\system32\USP10.dll
0x000007fefb8b0000 - 0x000007fefbaa4000 	C:\Windows\WinSxS\amd64_microsoft.windows.common-controls_6595b64144ccf1df_6.0.7601.17514_none_fa396087175ac9ac\COMCTL32.dll
0x000007fefef20000 - 0x000007fefef91000 	C:\Windows\system32\SHLWAPI.dll
0x000007fefd9c0000 - 0x000007fefd9ee000 	C:\Windows\system32\IMM32.DLL
0x000007fefd5e0000 - 0x000007fefd6e9000 	C:\Windows\system32\MSCTF.dll
0x000000006a320000 - 0x000000006a3f2000 	C:\Program Files\Java\jdk1.7.0_67\jre\bin\msvcr100.dll
0x00000000624c0000 - 0x0000000062c92000 	C:\Program Files\Java\jdk1.7.0_67\jre\bin\server\jvm.dll
0x000007fefa310000 - 0x000007fefa319000 	C:\Windows\system32\WSOCK32.dll
0x000007feff1b0000 - 0x000007feff1fd000 	C:\Windows\system32\WS2_32.dll
0x000007fefdb80000 - 0x000007fefdb88000 	C:\Windows\system32\NSI.dll
0x000007fef9910000 - 0x000007fef994b000 	C:\Windows\system32\WINMM.dll
0x0000000077250000 - 0x0000000077257000 	C:\Windows\system32\PSAPI.DLL
0x0000000072f80000 - 0x0000000072f8f000 	C:\Program Files\Java\jdk1.7.0_67\jre\bin\verify.dll
0x0000000072e90000 - 0x0000000072eb8000 	C:\Program Files\Java\jdk1.7.0_67\jre\bin\java.dll
0x0000000064e70000 - 0x0000000064ea5000 	C:\Program Files\Java\jdk1.7.0_67\jre\bin\jdwp.dll
0x0000000064e60000 - 0x0000000064e68000 	C:\Program Files\Java\jdk1.7.0_67\jre\bin\npt.dll
0x0000000072f20000 - 0x0000000072f35000 	C:\Program Files\Java\jdk1.7.0_67\jre\bin\zip.dll
0x0000000064e50000 - 0x0000000064e59000 	C:\Program Files\Java\jdk1.7.0_67\jre\bin\dt_socket.dll
0x000007fefc670000 - 0x000007fefc6c5000 	C:\Windows\system32\mswsock.dll
0x000007fefc030000 - 0x000007fefc037000 	C:\Windows\System32\wshtcpip.dll
0x0000000072c30000 - 0x0000000072dc5000 	C:\Program Files\Java\jdk1.7.0_67\jre\bin\awt.dll
0x000007fefdaa0000 - 0x000007fefdb77000 	C:\Windows\system32\OLEAUT32.dll
0x000007fefd790000 - 0x000007fefd993000 	C:\Windows\system32\ole32.dll
0x000007fefb550000 - 0x000007fefb568000 	C:\Windows\system32\DWMAPI.DLL
0x000007fefb3c0000 - 0x000007fefb416000 	C:\Windows\system32\uxtheme.dll
0x000007fefcd70000 - 0x000007fefcd7f000 	C:\Windows\system32\CRYPTBASE.dll
0x000007feee910000 - 0x000007feeeb0f000 	C:\Windows\system32\d3d9.dll
0x000007fefc340000 - 0x000007fefc34c000 	C:\Windows\system32\VERSION.dll
0x000007fefb630000 - 0x000007fefb637000 	C:\Windows\system32\d3d8thk.dll
0x000007fee7250000 - 0x000007fee8305000 	C:\Windows\system32\nvd3dumx.dll
0x000007fefb6a0000 - 0x000007fefb6cc000 	C:\Windows\system32\powrprof.dll
0x000007fefd400000 - 0x000007fefd5d7000 	C:\Windows\system32\SETUPAPI.dll
0x000007fefd230000 - 0x000007fefd266000 	C:\Windows\system32\CFGMGR32.dll
0x000007fefcef0000 - 0x000007fefcf0a000 	C:\Windows\system32\DEVOBJ.dll
0x000007fef1cd0000 - 0x000007fef1e3a000 	C:\Program Files (x86)\NVIDIA Corporation\3D Vision\nvSCPAPI64.dll
0x000007fefdf60000 - 0x000007fefece8000 	C:\Windows\system32\SHELL32.dll
0x000007fef93c0000 - 0x000007fef96f3000 	C:\Windows\system32\nvapi64.dll
0x000007fefd040000 - 0x000007fefd07a000 	C:\Windows\system32\WINTRUST.dll
0x000007fefd0b0000 - 0x000007fefd21c000 	C:\Windows\system32\CRYPT32.dll
0x000007fefced0000 - 0x000007fefcedf000 	C:\Windows\system32\MSASN1.dll
0x000007fef9790000 - 0x000007fef9830000 	C:\Windows\WinSxS\amd64_microsoft.windows.common-controls_6595b64144ccf1df_5.82.7601.18201_none_a4d3b9377117c3df\comctl32.dll
0x0000000072e20000 - 0x0000000072e67000 	C:\Program Files\Java\jdk1.7.0_67\jre\bin\fontmanager.dll
0x0000000072f00000 - 0x0000000072f19000 	C:\Program Files\Java\jdk1.7.0_67\jre\bin\net.dll
0x000007fefc660000 - 0x000007fefc667000 	C:\Windows\System32\wship6.dll
0x0000000072e70000 - 0x0000000072e81000 	C:\Program Files\Java\jdk1.7.0_67\jre\bin\nio.dll
0x0000000072be0000 - 0x0000000072c21000 	C:\Program Files\Java\jdk1.7.0_67\jre\bin\t2k.dll
0x000007fefdb90000 - 0x000007fefdc29000 	C:\Windows\system32\CLBCatQ.DLL
0x000007fefb420000 - 0x000007fefb54c000 	C:\Windows\system32\propsys.dll
0x000007fefb580000 - 0x000007fefb5ad000 	C:\Windows\system32\ntmarta.dll
0x000007feff150000 - 0x000007feff1a2000 	C:\Windows\system32\WLDAP32.dll
0x000007fefccd0000 - 0x000007fefcd27000 	C:\Windows\system32\apphelp.dll
0x000007fef5610000 - 0x000007fef57ac000 	C:\Windows\system32\NetworkExplorer.dll
0x000007fef5a10000 - 0x000007fef5a44000 	C:\Windows\System32\shdocvw.dll
0x000007fefcee0000 - 0x000007fefceef000 	C:\Windows\system32\profapi.dll
0x000007fefac80000 - 0x000007fefac8b000 	C:\Windows\system32\slc.dll
0x000007fefa320000 - 0x000007fefa338000 	C:\Windows\system32\MPR.dll
0x0000000072f40000 - 0x0000000072f52000 	C:\Windows\system32\snacnp.dll
0x000007fef8ff0000 - 0x000007fef90e7000 	C:\Windows\system32\ncnetprovider.dll
0x000007fefa340000 - 0x000007fefa35e000 	C:\Windows\system32\NCLangID.dll
0x000007fef9100000 - 0x000007fef912c000 	C:\Windows\system32\MAPBASE.dll
0x0000000050d20000 - 0x0000000050d67000 	C:\Windows\system32\CALWIN32.DLL
0x00000000063f0000 - 0x0000000006411000 	C:\Windows\system32\CLNWIN32.DLL
0x0000000050df0000 - 0x0000000050e22000 	C:\Windows\system32\LOCWIN32.DLL
0x000000000d1f0000 - 0x000000000d235000 	C:\Windows\system32\NCPWIN32.dll
0x0000000050da0000 - 0x0000000050db3000 	C:\Windows\system32\CLXWIN32.DLL
0x000000000d350000 - 0x000000000d395000 	C:\Windows\system32\NETWIN32.DLL
0x000007fef8ee0000 - 0x000007fef8f25000 	C:\Windows\system32\NWSHLXNT.dll
0x000007fefa5a0000 - 0x000007fefa5b6000 	C:\Windows\system32\NETAPI32.dll
0x000007fefa580000 - 0x000007fefa58c000 	C:\Windows\system32\netutils.dll
0x000007fefc950000 - 0x000007fefc973000 	C:\Windows\system32\srvcli.dll
0x000007fefa560000 - 0x000007fefa575000 	C:\Windows\system32\wkscli.dll
0x000007fefa540000 - 0x000007fefa554000 	C:\Windows\system32\SAMCLI.DLL
0x000007fef8fd0000 - 0x000007fef8fe2000 	C:\Windows\system32\BROWCLI.DLL
0x000007fefc110000 - 0x000007fefc121000 	C:\Windows\system32\WTSAPI32.dll
0x0000000074a00000 - 0x0000000074a05000 	C:\Windows\system32\nls\FRANCAIS\NCLangIDR.DLL
0x0000000073ae0000 - 0x0000000073af7000 	C:\Windows\system32\nls\FRANCAIS\MAPBASER.DLL
0x0000000073ac0000 - 0x0000000073ada000 	C:\Windows\system32\nls\FRANCAIS\NWSHLXNTR.DLL
0x0000000073a40000 - 0x0000000073abc000 	C:\Windows\system32\nls\FRANCAIS\ncnetproviderR.DLL
0x000007fefcca0000 - 0x000007fefccc5000 	C:\Windows\system32\SspiCli.dll
0x000007fef59b0000 - 0x000007fef59ba000 	C:\Windows\System32\drprov.dll
0x000007fefcd30000 - 0x000007fefcd6d000 	C:\Windows\System32\WINSTA.dll
0x000007fef5590000 - 0x000007fef55b2000 	C:\Windows\System32\ntlanman.dll
0x000007fef5570000 - 0x000007fef558d000 	C:\Windows\System32\davclnt.dll
0x000007fef5560000 - 0x000007fef556a000 	C:\Windows\System32\DAVHLPR.dll
0x000007fef6420000 - 0x000007fef642f000 	C:\Windows\system32\cscapi.dll
0x000007feee3e0000 - 0x000007feee651000 	C:\Windows\system32\wpdshext.dll
0x000007fefb1a0000 - 0x000007fefb3b6000 	C:\Windows\WinSxS\amd64_microsoft.windows.gdiplus_6595b64144ccf1df_1.1.7601.18455_none_2b283fd671e9bf4d\gdiplus.dll
0x000007fef4cf0000 - 0x000007fef4dad000 	C:\Windows\system32\PortableDeviceApi.dll
0x000007fef5cf0000 - 0x000007fef5d25000 	C:\Windows\system32\EhStorShell.dll
0x000007fef4a60000 - 0x000007fef4a87000 	C:\Windows\system32\EhStorAPI.dll
0x000007fef5a00000 - 0x000007fef5a0c000 	C:\Windows\system32\LINKINFO.dll
0x000007fefaa70000 - 0x000007fefabd1000 	C:\Windows\system32\WindowsCodecs.dll
0x0000000071980000 - 0x0000000071996000 	C:\Program Files\Common Files\TortoiseOverlays\TortoiseOverlays.dll
0x0000000071960000 - 0x0000000071977000 	C:\Program Files\TortoiseSVN\bin\TortoiseStub.dll
0x00000000718e0000 - 0x000000007195d000 	C:\Program Files\TortoiseSVN\bin\TortoiseSVN.dll
0x000007fefecf0000 - 0x000007fefef1c000 	C:\Windows\system32\WININET.dll
0x000007fefd280000 - 0x000007fefd284000 	C:\Windows\system32\api-ms-win-downlevel-user32-l1-1-0.dll
0x000007fefcfc0000 - 0x000007fefcfc5000 	C:\Windows\system32\api-ms-win-downlevel-advapi32-l1-1-0.dll
0x000007fefd080000 - 0x000007fefd084000 	C:\Windows\system32\api-ms-win-downlevel-shlwapi-l1-1-0.dll
0x000007fefd220000 - 0x000007fefd224000 	C:\Windows\system32\api-ms-win-downlevel-version-l1-1-0.dll
0x000007fefcfb0000 - 0x000007fefcfb3000 	C:\Windows\system32\api-ms-win-downlevel-normaliz-l1-1-0.dll
0x0000000077260000 - 0x0000000077263000 	C:\Windows\system32\normaliz.DLL
0x000007fefdc30000 - 0x000007fefdebe000 	C:\Windows\system32\iertutil.dll
0x000007fefd090000 - 0x000007fefd0ae000 	C:\Windows\system32\USERENV.dll
0x000007fef6580000 - 0x000007fef69f6000 	C:\Program Files\TortoiseSVN\bin\libsvn_tsvn.dll
0x00000000718b0000 - 0x00000000718de000 	C:\Program Files\TortoiseSVN\bin\libapr_tsvn.dll
0x000007fef6470000 - 0x000007fef6544000 	C:\Windows\system32\MSVCR110.dll
0x0000000071850000 - 0x0000000071895000 	C:\Program Files\TortoiseSVN\bin\libaprutil_tsvn.dll
0x000007fef6450000 - 0x000007fef6461000 	C:\Program Files\TortoiseSVN\bin\intl3_tsvn.dll
0x000007fef6430000 - 0x000007fef6449000 	C:\Program Files\TortoiseSVN\bin\libsasl.dll
0x000007fefcaf0000 - 0x000007fefcafb000 	C:\Windows\system32\Secur32.dll
0x000007fef6370000 - 0x000007fef6417000 	C:\Windows\system32\MSVCP110.dll
0x0000000071740000 - 0x000000007175b000 	C:\Program Files\TortoiseGit\bin\TortoiseGitStub.dll
0x00000000716b0000 - 0x000000007173e000 	C:\Program Files\TortoiseGit\bin\TortoiseGit.dll
0x000007fef6240000 - 0x000007fef630e000 	C:\Program Files\TortoiseGit\bin\libgit2_tgit.dll
0x000007fef6220000 - 0x000007fef6238000 	C:\Program Files\TortoiseGit\bin\zlib1_tgit.dll
0x000007fef6130000 - 0x000007fef621f000 	C:\Windows\system32\MSVCR120.dll

VM Arguments:
jvm_args: -Xdebug -Xrunjdwp:transport=dt_socket,server=n,address=50185 -Xmx2G 
java_command: fr.ird.voxelidar.Principal
Launcher Type: SUN_STANDARD

Environment Variables:
JAVA_HOME=C:\Program Files\Java\jdk1.7.0_67
CLASSPATH=C:\Program Files\OpenNI\Bin64\org.OpenNI.jar
PATH=C:\Program Files\Java\jdk1.7.0_67\bin;C:\Python27\Lib\site-packages\PyQt4;C:\Program Files (x86)\Common Files\Intergraph\Grid Analysis SDK\1.0\Program;C:\Windows\system32;C:\Windows;C:\Windows\System32\Wbem;C:\Windows\System32\WindowsPowerShell\v1.0\;C:\Windows\Program Files (x86)\Common Files\Roxio Shared\DLLShared\;C:\Program Files (x86)\Common Files\Roxio Shared\10.0\DLLShared\;C:\Windows\Program Files\Java\jdk1.7.0_67\bin;C:\Program Files\java\ssj\lib\;C:\Program Files\MATLAB\R2010a\bin;C:\Program Files\OpenNI\Bin64;C:\Program Files\PCL 1.6.0\bin;C:\Program Files\TortoiseSVN\bin;C:\Program Files\Microsoft SQL Server\110\Tools\Binn\;C:\MinGW3\bin;C:\Program Files\TortoiseGit\bin;c:\users\julien\appdata\local\enthought\canopy\user;c:\users\julien\appdata\local\enthought\canopy\user\scripts
USERNAME=Julien
OS=Windows_NT
PROCESSOR_IDENTIFIER=Intel64 Family 6 Model 44 Stepping 2, GenuineIntel



---------------  S Y S T E M  ---------------

OS: Windows 7 , 64 bit Build 7601 Service Pack 1

CPU:total 8 (4 cores per cpu, 2 threads per core) family 6 model 44 stepping 2, cmov, cx8, fxsr, mmx, sse, sse2, sse3, ssse3, sse4.1, sse4.2, popcnt, aes, ht, tsc, tscinvbit, tscinv

Memory: 4k page, physical 25148644k(18436524k free), swap 50295424k(43145568k free)

vm_info: Java HotSpot(TM) 64-Bit Server VM (24.65-b04) for windows-amd64 JRE (1.7.0_67-b01), built on Jul 25 2014 08:55:00 by "java_re" with unknown MS VC++:1600

time: Wed Dec 17 09:51:29 2014
elapsed time: 22 seconds

