#
# A fatal error has been detected by the Java Runtime Environment:
#
#  EXCEPTION_ACCESS_VIOLATION (0xc0000005) at pc=0x00000000610b0539, pid=3164, tid=1404
#
# JRE version: Java(TM) SE Runtime Environment (7.0_67-b01) (build 1.7.0_67-b01)
# Java VM: Java HotSpot(TM) 64-Bit Server VM (24.65-b04 mixed mode windows-amd64 compressed oops)
# Problematic frame:
# C  0x00000000610b0539
#
# Failed to write core dump. Minidumps are not enabled by default on client versions of Windows
#
# If you would like to submit a bug report, please visit:
#   http://bugreport.sun.com/bugreport/crash.jsp
# The crash happened outside the Java Virtual Machine in native code.
# See problematic frame for where to report the bug.
#

---------------  T H R E A D  ---------------

Current thread (0x000000000e907000):  JavaThread "AWT-EventQueue-0" [_thread_in_native, id=1404, stack(0x0000000012500000,0x0000000012600000)]

siginfo: ExceptionCode=0xc0000005, reading address 0x0000000000001100

Registers:
RAX=0x0000000000000000, RBX=0x000000077c4afd88, RCX=0x0000000000000003, RDX=0x00000000125fd080
RSP=0x00000000125fd058, RBP=0x00000000125fd0c0, RSI=0x0000000000000010, RDI=0x000000000000000f
R8 =0x0000000000000003, R9 =0x00000000610b0530, R10=0x00000000028dee1b, R11=0x00000000ef8cd354
R12=0x0000000000000000, R13=0x00000000125fd120, R14=0x00000000125fd1a0, R15=0x000000000e907000
RIP=0x00000000610b0539, EFLAGS=0x0000000000010202

Top of Stack: (sp=0x00000000125fd058)
0x00000000125fd058:   00000000028dee99 0000000783b53b30
0x00000000125fd068:   00000007d64c0b68 00000007d64c0b10
0x00000000125fd078:   00000000125fd078 00000007835e38b0
0x00000000125fd088:   00000000125fd0d0 000000077c138828
0x00000000125fd098:   0000000000000000 000000077c130ff8
0x00000000125fd0a8:   0000000000000000 00000000125fd118
0x00000000125fd0b8:   0000000002516373 00000000610b0530
0x00000000125fd0c8:   00000000028fbc70 00000007835e38b0
0x00000000125fd0d8:   0000000000000003 000000077c77b530
0x00000000125fd0e8:   00000000125fd128 000000077c77fda0
0x00000000125fd0f8:   000000077c842dc0 00000000125fd170
0x00000000125fd108:   0000000002516846 00000000125fd128
0x00000000125fd118:   0000000002516846 0000000000000003
0x00000000125fd128:   00000007835e38b0 00000000125fd130
0x00000000125fd138:   000000077c7c04d5 00000000125fd1a0
0x00000000125fd148:   000000077c7c11d8 0000000000000000 

Instructions: (pc=0x00000000610b0539)
0x00000000610b0519:   af af af af af af af c3 cc cc cc cc cc cc cc cc
0x00000000610b0529:   cc cc cc cc cc cc cc 65 48 8b 04 25 20 16 00 00
0x00000000610b0539:   ff a0 00 11 00 00 cc cc cc cc cc cc cc cc cc cc
0x00000000610b0549:   cc cc cc cc cc cc cc cc cc cc cc cc cc cc cc cc 


Register to memory mapping:

RAX=0x0000000000000000 is an unknown value
RBX=0x000000077c4afd88 is an oop
{method} 
 - klass: {other class}
RCX=0x0000000000000003 is an unknown value
RDX=0x00000000125fd080 is pointing into the stack for thread: 0x000000000e907000
RSP=0x00000000125fd058 is pointing into the stack for thread: 0x000000000e907000
RBP=0x00000000125fd0c0 is pointing into the stack for thread: 0x000000000e907000
RSI=0x0000000000000010 is an unknown value
RDI=0x000000000000000f is an unknown value
R8 =0x0000000000000003 is an unknown value
R9 =0x00000000610b0530 is an unknown value
R10=0x00000000028dee1b is at entry_point+59 in (nmethod*)0x00000000028dec50
R11=0x00000000ef8cd354 is an unknown value
R12=0x0000000000000000 is an unknown value
R13=0x00000000125fd120 is pointing into the stack for thread: 0x000000000e907000
R14=0x00000000125fd1a0 is pointing into the stack for thread: 0x000000000e907000
R15=0x000000000e907000 is a thread


Stack: [0x0000000012500000,0x0000000012600000],  sp=0x00000000125fd058,  free space=1012k
Native frames: (J=compiled Java code, j=interpreted, Vv=VM code, C=native code)
C  0x00000000610b0539

Java frames: (J=compiled Java code, j=interpreted, Vv=VM code)
J 1294  jogamp.opengl.gl4.GL4bcImpl.dispatch_glUseProgram1(IJ)V (0 bytes) @ 0x00000000028dee1b [0x00000000028dede0+0x3b]
J 1293 C2 jogamp.opengl.gl4.GL4bcImpl.glUseProgram(I)V (38 bytes) @ 0x00000000028fbc70 [0x00000000028fbc00+0x70]
j  fr.ird.voxelidar.graphics3d.jogl.JoglListener$1.projMatrixChanged(Lfr/ird/voxelidar/math/matrix/Mat4F;)V+85
j  fr.ird.voxelidar.graphics3d.object.camera.TrackballCamera.fireProjectionMatrixChanged(Lfr/ird/voxelidar/math/matrix/Mat4F;)V+35
j  fr.ird.voxelidar.graphics3d.object.camera.TrackballCamera.updateProjMatrix()V+69
j  fr.ird.voxelidar.graphics3d.object.camera.TrackballCamera.setOrthographic(FFFFFF)V+39
j  fr.ird.voxelidar.frame.JFrameTools.jPanel21MouseClicked(Ljava/awt/event/MouseEvent;)V+141
j  fr.ird.voxelidar.frame.JFrameTools.access$1100(Lfr/ird/voxelidar/frame/JFrameTools;Ljava/awt/event/MouseEvent;)V+2
j  fr.ird.voxelidar.frame.JFrameTools$12.mouseClicked(Ljava/awt/event/MouseEvent;)V+5
j  java.awt.Component.processMouseEvent(Ljava/awt/event/MouseEvent;)V+74
j  javax.swing.JComponent.processMouseEvent(Ljava/awt/event/MouseEvent;)V+23
J 1250 C2 java.awt.Component.processEvent(Ljava/awt/AWTEvent;)V (220 bytes) @ 0x00000000027bc48c [0x00000000027bc360+0x12c]
j  java.awt.Container.processEvent(Ljava/awt/AWTEvent;)V+18
J 1247 C2 java.awt.Component.dispatchEventImpl(Ljava/awt/AWTEvent;)V (875 bytes) @ 0x00000000026b3ca4 [0x00000000026b35e0+0x6c4]
j  java.awt.Container.dispatchEventImpl(Ljava/awt/AWTEvent;)V+42
J 994 C2 java.awt.LightweightDispatcher.retargetMouseEvent(Ljava/awt/Component;ILjava/awt/event/MouseEvent;)V (350 bytes) @ 0x00000000027db310 [0x00000000027dafa0+0x370]
J 900 C2 java.awt.LightweightDispatcher.processMouseEvent(Ljava/awt/event/MouseEvent;)Z (276 bytes) @ 0x00000000027b0c68 [0x00000000027b0a20+0x248]
j  java.awt.LightweightDispatcher.dispatchEvent(Ljava/awt/AWTEvent;)Z+50
j  java.awt.Container.dispatchEventImpl(Ljava/awt/AWTEvent;)V+12
J 692 C2 java.awt.Window.dispatchEventImpl(Ljava/awt/AWTEvent;)V (23 bytes) @ 0x00000000027332b8 [0x0000000002733260+0x58]
J 648 C2 java.awt.EventQueue.dispatchEventImpl(Ljava/awt/AWTEvent;Ljava/lang/Object;)V (149 bytes) @ 0x000000000272479c [0x0000000002724320+0x47c]
j  java.awt.EventQueue.access$200(Ljava/awt/EventQueue;Ljava/awt/AWTEvent;Ljava/lang/Object;)V+3
j  java.awt.EventQueue$3.run()Ljava/lang/Void;+12
J 1230 C2 java.awt.EventQueue$3.run()Ljava/lang/Object; (5 bytes) @ 0x000000000280bc14 [0x000000000280bbe0+0x34]
v  ~StubRoutines::call_stub
J 367  java.security.AccessController.doPrivileged(Ljava/security/PrivilegedAction;Ljava/security/AccessControlContext;)Ljava/lang/Object; (0 bytes) @ 0x000000000263fe86 [0x000000000263fe20+0x66]
J 658 C2 java.awt.EventQueue$4.run()Ljava/lang/Object; (5 bytes) @ 0x00000000025f2dcc [0x00000000025f2ca0+0x12c]
v  ~StubRoutines::call_stub
J 367  java.security.AccessController.doPrivileged(Ljava/security/PrivilegedAction;Ljava/security/AccessControlContext;)Ljava/lang/Object; (0 bytes) @ 0x000000000263fe86 [0x000000000263fe20+0x66]
J 1228 C2 java.awt.EventQueue.dispatchEvent(Ljava/awt/AWTEvent;)V (80 bytes) @ 0x0000000002647d0c [0x0000000002647ac0+0x24c]
J 644 C2 java.awt.EventDispatchThread.pumpOneEventForFilters(I)V (295 bytes) @ 0x0000000002714a7c [0x0000000002714820+0x25c]
J 613% C2 java.awt.EventDispatchThread.pumpEventsForFilter(ILjava/awt/Conditional;Ljava/awt/EventFilter;)V (47 bytes) @ 0x00000000026ea498 [0x00000000026ea380+0x118]
j  java.awt.EventDispatchThread.pumpEventsForHierarchy(ILjava/awt/Conditional;Ljava/awt/Component;)V+11
j  java.awt.EventDispatchThread.pumpEvents(ILjava/awt/Conditional;)V+4
j  java.awt.EventDispatchThread.pumpEvents(Ljava/awt/Conditional;)V+3
j  java.awt.EventDispatchThread.run()V+9
v  ~StubRoutines::call_stub

---------------  P R O C E S S  ---------------

Java Threads: ( => current thread )
  0x0000000018dfb800 JavaThread "SwingWorker-pool-2-thread-3" daemon [_thread_blocked, id=7112, stack(0x00000000167c0000,0x00000000168c0000)]
  0x0000000018dfa000 JavaThread "AWT-EventQueue-0-FPSAWTAnimator-Timer1" [_thread_blocked, id=5352, stack(0x0000000016520000,0x0000000016620000)]
  0x0000000018df9000 JavaThread "AWT-EventQueue-0-Display-.windows_nil-1-EDT-2" daemon [_thread_blocked, id=1640, stack(0x00000000121e0000,0x00000000122e0000)]
  0x0000000018dfb000 JavaThread "SwingWorker-pool-2-thread-2" daemon [_thread_blocked, id=5476, stack(0x0000000011f90000,0x0000000012090000)]
  0x000000000c04e800 JavaThread "AWT-EventQueue-0-SharedResourceRunner" daemon [_thread_blocked, id=5304, stack(0x0000000012090000,0x0000000012190000)]
  0x000000000c2ce000 JavaThread "SwingWorker-pool-2-thread-1" daemon [_thread_blocked, id=1252, stack(0x0000000012310000,0x0000000012410000)]
  0x000000000ee83800 JavaThread "D3D Screen Updater" daemon [_thread_blocked, id=5416, stack(0x0000000014e20000,0x0000000014f20000)]
  0x00000000021da000 JavaThread "DestroyJavaVM" [_thread_blocked, id=1780, stack(0x0000000002380000,0x0000000002480000)]
  0x000000000ebab000 JavaThread "TimerQueue" daemon [_thread_blocked, id=2232, stack(0x0000000014910000,0x0000000014a10000)]
  0x000000000e87f000 JavaThread "org.netbeans.modules.debugger.jpda.visual AWT Access Loop" daemon [_thread_blocked, id=4032, stack(0x00000000129f0000,0x0000000012af0000)]
  0x000000000e8b9000 JavaThread "Swing-Shell" daemon [_thread_blocked, id=5424, stack(0x0000000012650000,0x0000000012750000)]
=>0x000000000e907000 JavaThread "AWT-EventQueue-0" [_thread_in_native, id=1404, stack(0x0000000012500000,0x0000000012600000)]
  0x000000000c322000 JavaThread "AWT-Windows" daemon [_thread_in_native, id=7164, stack(0x000000000f370000,0x000000000f470000)]
  0x000000000c320800 JavaThread "AWT-Shutdown" [_thread_blocked, id=6652, stack(0x000000000f120000,0x000000000f220000)]
  0x000000000c320000 JavaThread "Java2D Disposer" daemon [_thread_blocked, id=6168, stack(0x000000000e050000,0x000000000e150000)]
  0x000000000c02b800 JavaThread "Service Thread" daemon [_thread_blocked, id=5920, stack(0x000000000e520000,0x000000000e620000)]
  0x000000000c023000 JavaThread "C2 CompilerThread1" daemon [_thread_blocked, id=2404, stack(0x000000000e370000,0x000000000e470000)]
  0x000000000c018000 JavaThread "C2 CompilerThread0" daemon [_thread_blocked, id=3972, stack(0x000000000e200000,0x000000000e300000)]
  0x000000000c004000 JavaThread "JDWP Command Reader" daemon [_thread_in_native, id=2664, stack(0x000000000dc30000,0x000000000dd30000)]
  0x000000000c003000 JavaThread "JDWP Event Helper Thread" daemon [_thread_blocked, id=5532, stack(0x000000000df40000,0x000000000e040000)]
  0x000000000bff5800 JavaThread "JDWP Transport Listener: dt_socket" daemon [_thread_blocked, id=7132, stack(0x000000000dd50000,0x000000000de50000)]
  0x000000000af5a800 JavaThread "Attach Listener" daemon [_thread_blocked, id=6340, stack(0x000000000d7c0000,0x000000000d8c0000)]
  0x000000000af5a000 JavaThread "Signal Dispatcher" daemon [_thread_blocked, id=6208, stack(0x000000000d600000,0x000000000d700000)]
  0x000000000af44800 JavaThread "Finalizer" daemon [_thread_blocked, id=5072, stack(0x000000000d480000,0x000000000d580000)]
  0x000000000226e800 JavaThread "Reference Handler" daemon [_thread_blocked, id=7092, stack(0x000000000d290000,0x000000000d390000)]

Other Threads:
  0x000000000bfb3800 VMThread [stack: 0x000000000d020000,0x000000000d120000] [id=6188]
  0x000000000c019000 WatcherThread [stack: 0x000000000e710000,0x000000000e810000] [id=4336]

VM state:not at safepoint (normal execution)

VM Mutex/Monitor currently owned by a thread: None

Heap
 PSYoungGen      total 75776K, used 28500K [0x00000007d5500000, 0x00000007dbb80000, 0x0000000800000000)
  eden space 63488K, 25% used [0x00000007d5500000,0x00000007d64fd3d8,0x00000007d9300000)
  from space 12288K, 98% used [0x00000007d9300000,0x00000007d9ed8000,0x00000007d9f00000)
  to   space 14336K, 0% used [0x00000007dad80000,0x00000007dad80000,0x00000007dbb80000)
 ParOldGen       total 261632K, used 68798K [0x0000000780000000, 0x000000078ff80000, 0x00000007d5500000)
  object space 261632K, 26% used [0x0000000780000000,0x000000078432f8f0,0x000000078ff80000)
 PSPermGen       total 27136K, used 26896K [0x000000077ae00000, 0x000000077c880000, 0x0000000780000000)
  object space 27136K, 99% used [0x000000077ae00000,0x000000077c844030,0x000000077c880000)

Card table byte_map: [0x0000000005510000,0x0000000005940000] byte_map_base: 0x0000000001939000

Polling page: 0x0000000000130000

Code Cache  [0x0000000002510000, 0x0000000002940000, 0x0000000005510000)
 total_blobs=2043 nmethods=1193 adapters=809 free_code_cache=45033Kb largest_free_block=45994624

Compilation events (10 events):
Event: 954.701 Thread 0x000000000c018000 1326  s          javax.swing.text.AbstractDocument::writeUnlock (29 bytes)
Event: 954.703 Thread 0x000000000c018000 nmethod 1326 0x00000000028577d0 code [0x0000000002857920, 0x0000000002857c48]
Event: 954.951 Thread 0x000000000c023000 1327             javax.swing.text.AbstractDocument::getDocumentFilter (5 bytes)
Event: 954.951 Thread 0x000000000c023000 nmethod 1327 0x00000000028575d0 code [0x0000000002857700, 0x0000000002857778]
Event: 954.982 Thread 0x000000000c018000 1328             javax.swing.text.AbstractDocument$DefaultDocumentEvent::getType (5 bytes)
Event: 954.982 Thread 0x000000000c018000 nmethod 1328 0x00000000028573d0 code [0x0000000002857500, 0x0000000002857578]
Event: 955.084 Thread 0x000000000c023000 1329             sun.java2d.loops.Blit::getFromCache (132 bytes)
Event: 955.086 Thread 0x000000000c023000 nmethod 1329 0x0000000002856c90 code [0x0000000002856e20, 0x0000000002857090]
Event: 955.203 Thread 0x000000000c018000 1330             java.awt.Component::updateCursorImmediately (55 bytes)
Event: 955.212 Thread 0x000000000c018000 nmethod 1330 0x0000000002915350 code [0x0000000002915500, 0x0000000002916008]

GC Heap History (10 events):
Event: 880.875 GC heap before
{Heap before GC invocations=151 (full 0):
 PSYoungGen      total 54784K, used 54117K [0x00000007d5500000, 0x00000007d9580000, 0x0000000800000000)
  eden space 46592K, 100% used [0x00000007d5500000,0x00000007d8280000,0x00000007d8280000)
  from space 8192K, 91% used [0x00000007d8b80000,0x00000007d92d96b8,0x00000007d9380000)
  to   space 9216K, 0% used [0x00000007d8280000,0x00000007d8280000,0x00000007d8b80000)
 ParOldGen       total 261632K, used 44868K [0x0000000780000000, 0x000000078ff80000, 0x00000007d5500000)
  object space 261632K, 17% used [0x0000000780000000,0x0000000782bd1230,0x000000078ff80000)
 PSPermGen       total 27136K, used 26806K [0x000000077ae00000, 0x000000077c880000, 0x0000000780000000)
  object space 27136K, 98% used [0x000000077ae00000,0x000000077c82dab8,0x000000077c880000)
Event: 880.891 GC heap after
Heap after GC invocations=151 (full 0):
 PSYoungGen      total 55808K, used 2518K [0x00000007d5500000, 0x00000007d9d00000, 0x0000000800000000)
  eden space 46592K, 0% used [0x00000007d5500000,0x00000007d5500000,0x00000007d8280000)
  from space 9216K, 27% used [0x00000007d8280000,0x00000007d84f5ac0,0x00000007d8b80000)
  to   space 8704K, 0% used [0x00000007d9480000,0x00000007d9480000,0x00000007d9d00000)
 ParOldGen       total 261632K, used 52173K [0x0000000780000000, 0x000000078ff80000, 0x00000007d5500000)
  object space 261632K, 19% used [0x0000000780000000,0x00000007832f3750,0x000000078ff80000)
 PSPermGen       total 27136K, used 26806K [0x000000077ae00000, 0x000000077c880000, 0x0000000780000000)
  object space 27136K, 98% used [0x000000077ae00000,0x000000077c82dab8,0x000000077c880000)
}
Event: 901.992 GC heap before
{Heap before GC invocations=152 (full 0):
 PSYoungGen      total 55808K, used 49110K [0x00000007d5500000, 0x00000007d9d00000, 0x0000000800000000)
  eden space 46592K, 100% used [0x00000007d5500000,0x00000007d8280000,0x00000007d8280000)
  from space 9216K, 27% used [0x00000007d8280000,0x00000007d84f5ac0,0x00000007d8b80000)
  to   space 8704K, 0% used [0x00000007d9480000,0x00000007d9480000,0x00000007d9d00000)
 ParOldGen       total 261632K, used 52173K [0x0000000780000000, 0x000000078ff80000, 0x00000007d5500000)
  object space 261632K, 19% used [0x0000000780000000,0x00000007832f3750,0x000000078ff80000)
 PSPermGen       total 27136K, used 26827K [0x000000077ae00000, 0x000000077c880000, 0x0000000780000000)
  object space 27136K, 98% used [0x000000077ae00000,0x000000077c832e80,0x000000077c880000)
Event: 902.002 GC heap after
Heap after GC invocations=152 (full 0):
 PSYoungGen      total 65024K, used 1056K [0x00000007d5500000, 0x00000007d9d00000, 0x0000000800000000)
  eden space 56320K, 0% used [0x00000007d5500000,0x00000007d5500000,0x00000007d8c00000)
  from space 8704K, 12% used [0x00000007d9480000,0x00000007d9588000,0x00000007d9d00000)
  to   space 8704K, 0% used [0x00000007d8c00000,0x00000007d8c00000,0x00000007d9480000)
 ParOldGen       total 261632K, used 53564K [0x0000000780000000, 0x000000078ff80000, 0x00000007d5500000)
  object space 261632K, 20% used [0x0000000780000000,0x000000078344f210,0x000000078ff80000)
 PSPermGen       total 27136K, used 26827K [0x000000077ae00000, 0x000000077c880000, 0x0000000780000000)
  object space 27136K, 98% used [0x000000077ae00000,0x000000077c832e80,0x000000077c880000)
}
Event: 926.308 GC heap before
{Heap before GC invocations=153 (full 0):
 PSYoungGen      total 65024K, used 57376K [0x00000007d5500000, 0x00000007d9d00000, 0x0000000800000000)
  eden space 56320K, 100% used [0x00000007d5500000,0x00000007d8c00000,0x00000007d8c00000)
  from space 8704K, 12% used [0x00000007d9480000,0x00000007d9588000,0x00000007d9d00000)
  to   space 8704K, 0% used [0x00000007d8c00000,0x00000007d8c00000,0x00000007d9480000)
 ParOldGen       total 261632K, used 53564K [0x0000000780000000, 0x000000078ff80000, 0x00000007d5500000)
  object space 261632K, 20% used [0x0000000780000000,0x000000078344f210,0x000000078ff80000)
 PSPermGen       total 27136K, used 26841K [0x000000077ae00000, 0x000000077c880000, 0x0000000780000000)
  object space 27136K, 98% used [0x000000077ae00000,0x000000077c836668,0x000000077c880000)
Event: 926.316 GC heap after
Heap after GC invocations=153 (full 0):
 PSYoungGen      total 65024K, used 1041K [0x00000007d5500000, 0x00000007da700000, 0x0000000800000000)
  eden space 56320K, 0% used [0x00000007d5500000,0x00000007d5500000,0x00000007d8c00000)
  from space 8704K, 11% used [0x00000007d8c00000,0x00000007d8d04620,0x00000007d9480000)
  to   space 8192K, 0% used [0x00000007d9f00000,0x00000007d9f00000,0x00000007da700000)
 ParOldGen       total 261632K, used 54460K [0x0000000780000000, 0x000000078ff80000, 0x00000007d5500000)
  object space 261632K, 20% used [0x0000000780000000,0x000000078352f210,0x000000078ff80000)
 PSPermGen       total 27136K, used 26841K [0x000000077ae00000, 0x000000077c880000, 0x0000000780000000)
  object space 27136K, 98% used [0x000000077ae00000,0x000000077c836668,0x000000077c880000)
}
Event: 926.547 GC heap before
{Heap before GC invocations=154 (full 0):
 PSYoungGen      total 65024K, used 57361K [0x00000007d5500000, 0x00000007da700000, 0x0000000800000000)
  eden space 56320K, 100% used [0x00000007d5500000,0x00000007d8c00000,0x00000007d8c00000)
  from space 8704K, 11% used [0x00000007d8c00000,0x00000007d8d04620,0x00000007d9480000)
  to   space 8192K, 0% used [0x00000007d9f00000,0x00000007d9f00000,0x00000007da700000)
 ParOldGen       total 261632K, used 54460K [0x0000000780000000, 0x000000078ff80000, 0x00000007d5500000)
  object space 261632K, 20% used [0x0000000780000000,0x000000078352f210,0x000000078ff80000)
 PSPermGen       total 27136K, used 26843K [0x000000077ae00000, 0x000000077c880000, 0x0000000780000000)
  object space 27136K, 98% used [0x000000077ae00000,0x000000077c836c78,0x000000077c880000)
Event: 926.563 GC heap after
Heap after GC invocations=154 (full 0):
 PSYoungGen      total 71680K, used 8178K [0x00000007d5500000, 0x00000007daf00000, 0x0000000800000000)
  eden space 63488K, 0% used [0x00000007d5500000,0x00000007d5500000,0x00000007d9300000)
  from space 8192K, 99% used [0x00000007d9f00000,0x00000007da6fc970,0x00000007da700000)
  to   space 12288K, 0% used [0x00000007d9300000,0x00000007d9300000,0x00000007d9f00000)
 ParOldGen       total 261632K, used 60686K [0x0000000780000000, 0x000000078ff80000, 0x00000007d5500000)
  object space 261632K, 23% used [0x0000000780000000,0x0000000783b43830,0x000000078ff80000)
 PSPermGen       total 27136K, used 26843K [0x000000077ae00000, 0x000000077c880000, 0x0000000780000000)
  object space 27136K, 98% used [0x000000077ae00000,0x000000077c836c78,0x000000077c880000)
}
Event: 926.680 GC heap before
{Heap before GC invocations=155 (full 0):
 PSYoungGen      total 71680K, used 71666K [0x00000007d5500000, 0x00000007daf00000, 0x0000000800000000)
  eden space 63488K, 100% used [0x00000007d5500000,0x00000007d9300000,0x00000007d9300000)
  from space 8192K, 99% used [0x00000007d9f00000,0x00000007da6fc970,0x00000007da700000)
  to   space 12288K, 0% used [0x00000007d9300000,0x00000007d9300000,0x00000007d9f00000)
 ParOldGen       total 261632K, used 60686K [0x0000000780000000, 0x000000078ff80000, 0x00000007d5500000)
  object space 261632K, 23% used [0x0000000780000000,0x0000000783b43830,0x000000078ff80000)
 PSPermGen       total 27136K, used 26843K [0x000000077ae00000, 0x000000077c880000, 0x0000000780000000)
  object space 27136K, 98% used [0x000000077ae00000,0x000000077c836cd8,0x000000077c880000)
Event: 926.702 GC heap after
Heap after GC invocations=155 (full 0):
 PSYoungGen      total 75776K, used 12128K [0x00000007d5500000, 0x00000007dbb80000, 0x0000000800000000)
  eden space 63488K, 0% used [0x00000007d5500000,0x00000007d5500000,0x00000007d9300000)
  from space 12288K, 98% used [0x00000007d9300000,0x00000007d9ed8000,0x00000007d9f00000)
  to   space 14336K, 0% used [0x00000007dad80000,0x00000007dad80000,0x00000007dbb80000)
 ParOldGen       total 261632K, used 68798K [0x0000000780000000, 0x000000078ff80000, 0x00000007d5500000)
  object space 261632K, 26% used [0x0000000780000000,0x000000078432f8f0,0x000000078ff80000)
 PSPermGen       total 27136K, used 26843K [0x000000077ae00000, 0x000000077c880000, 0x0000000780000000)
  object space 27136K, 98% used [0x000000077ae00000,0x000000077c836cd8,0x000000077c880000)
}

Deoptimization events (10 events):
Event: 926.076 Thread 0x0000000018df9000 Uncommon trap: reason=class_check action=maybe_recompile pc=0x00000000026fe51c method=jogamp.common.util.locks.RecursiveLockImpl01Unfairish.validateLocked()V @ 14
Event: 926.118 Thread 0x0000000018df9000 Uncommon trap: reason=unreached action=reinterpret pc=0x000000000280ac58 method=java.lang.Integer.parseInt(Ljava/lang/String;I)I @ 1
Event: 926.201 Thread 0x000000000e907000 Uncommon trap: reason=class_check action=maybe_recompile pc=0x00000000027ec268 method=java.io.Writer.write(Ljava/lang/String;)V @ 7
Event: 926.336 Thread 0x000000000e907000 Uncommon trap: reason=null_check action=make_not_entrant pc=0x00000000028e68c4 method=java.awt.KeyboardFocusManager.getMostRecentFocusOwner(Ljava/awt/Window;)Ljava/awt/Component; @ 9
Event: 926.647 Thread 0x0000000018dfb800 Uncommon trap: reason=intrinsic action=make_not_entrant pc=0x00000000027bd43c method=fr.ird.voxelidar.util.StandardDeviation.getFromFloatArray([F)F @ 58
Event: 926.657 Thread 0x000000000e907000 Uncommon trap: reason=unreached action=reinterpret pc=0x00000000027210dc method=java.awt.event.InvocationEvent.finishedDispatching(Z)V @ 9
Event: 929.555 Thread 0x000000000e907000 Uncommon trap: reason=unreached action=reinterpret pc=0x0000000002840364 method=java.util.concurrent.locks.LockSupport.unpark(Ljava/lang/Thread;)V @ 1
Event: 930.832 Thread 0x000000000e907000 Uncommon trap: reason=unreached action=reinterpret pc=0x00000000026a76b8 method=java.util.concurrent.locks.LockSupport.unpark(Ljava/lang/Thread;)V @ 1
Event: 949.306 Thread 0x000000000e907000 Uncommon trap: reason=unreached action=reinterpret pc=0x00000000025ccda0 method=java.util.concurrent.locks.LockSupport.unpark(Ljava/lang/Thread;)V @ 1
Event: 954.951 Thread 0x0000000018dfa000 Uncommon trap: reason=unreached action=reinterpret pc=0x0000000002745e70 method=java.util.concurrent.locks.LockSupport.unpark(Ljava/lang/Thread;)V @ 1

Internal exceptions (10 events):
Event: 886.944 Thread 0x000000000e907000 Threw 0x00000007d556acb8 at C:\re\jdk7u67\1368\hotspot\src\share\vm\prims\jvm.cpp:1248
Event: 886.944 Thread 0x000000000e907000 Threw 0x00000007d556acb8 at C:\re\jdk7u67\1368\hotspot\src\share\vm\prims\jvm.cpp:1248
Event: 891.456 Thread 0x000000000e907000 Implicit null exception at 0x00000000028b106e to 0x00000000028b2d39
Event: 891.469 Thread 0x000000000e907000 Threw 0x00000007d57c3fd0 at C:\re\jdk7u67\1368\hotspot\src\share\vm\prims\jvm.cpp:1244
Event: 910.403 Thread 0x0000000018dfa000 Implicit null exception at 0x00000000028d4afd to 0x00000000028da895
Event: 910.515 Thread 0x0000000018df9000 Threw 0x00000007d55a61f0 at C:\re\jdk7u67\1368\hotspot\src\share\vm\prims\jvm.cpp:1244
Event: 926.118 Thread 0x0000000018df9000 Implicit null exception at 0x000000000280a1f6 to 0x000000000280ac3d
Event: 926.199 Thread 0x000000000e907000 Threw 0x00000007d5fd1710 at C:\re\jdk7u67\1368\hotspot\src\share\vm\prims\jni.cpp:717
Event: 926.336 Thread 0x000000000e907000 Implicit null exception at 0x00000000028e4bd0 to 0x00000000028e68a9
Event: 957.274 Thread 0x000000000e907000 Threw 0x00000007d64be770 at C:\re\jdk7u67\1368\hotspot\src\share\vm\prims\jvm.cpp:1244

Events (10 events):
Event: 949.306 Thread 0x000000000e907000 DEOPT UNPACKING pc=0x0000000002549064 sp=0x00000000125fc7a8 mode 2
Event: 954.951 loading class 0x000000000c062290
Event: 954.951 loading class 0x000000000c062290 done
Event: 954.951 Thread 0x0000000018dfa000 Uncommon trap: trap_request=0xffffffad fr.pc=0x0000000002745e70
Event: 954.951 Thread 0x0000000018dfa000 DEOPT PACKING pc=0x0000000002745e70 sp=0x000000001661e4d0
Event: 954.951 Thread 0x0000000018dfa000 DEOPT UNPACKING pc=0x0000000002549064 sp=0x000000001661e320 mode 2
Event: 954.951 Thread 0x000000000c023000 flushing nmethod 0x0000000002818c50
Event: 954.983 Thread 0x000000000c018000 flushing nmethod 0x00000000028b0510
Event: 957.274 loading class 0x000000000c2e6150
Event: 957.274 loading class 0x000000000c2e6150 done


Dynamic libraries:
0x000000013f9e0000 - 0x000000013fa13000 	C:\Program Files\Java\jdk1.7.0_67\bin\java.exe
0x0000000076cb0000 - 0x0000000076e59000 	C:\Windows\SYSTEM32\ntdll.dll
0x0000000076b90000 - 0x0000000076caf000 	C:\Windows\system32\kernel32.dll
0x000007fefcba0000 - 0x000007fefcc0c000 	C:\Windows\system32\KERNELBASE.dll
0x000007fefea70000 - 0x000007fefeb4b000 	C:\Windows\system32\ADVAPI32.dll
0x000007fefd0c0000 - 0x000007fefd15f000 	C:\Windows\system32\msvcrt.dll
0x000007fefec10000 - 0x000007fefec2f000 	C:\Windows\SYSTEM32\sechost.dll
0x000007fefd160000 - 0x000007fefd28d000 	C:\Windows\system32\RPCRT4.dll
0x0000000076a90000 - 0x0000000076b8a000 	C:\Windows\system32\USER32.dll
0x000007fefd290000 - 0x000007fefd2f7000 	C:\Windows\system32\GDI32.dll
0x000007fefd660000 - 0x000007fefd66e000 	C:\Windows\system32\LPK.dll
0x000007fefd300000 - 0x000007fefd3c9000 	C:\Windows\system32\USP10.dll
0x000007fefb1f0000 - 0x000007fefb3e4000 	C:\Windows\WinSxS\amd64_microsoft.windows.common-controls_6595b64144ccf1df_6.0.7601.17514_none_fa396087175ac9ac\COMCTL32.dll
0x000007fefe9f0000 - 0x000007fefea61000 	C:\Windows\system32\SHLWAPI.dll
0x000007fefebc0000 - 0x000007fefebee000 	C:\Windows\system32\IMM32.DLL
0x000007fefe630000 - 0x000007fefe739000 	C:\Windows\system32\MSCTF.dll
0x0000000065db0000 - 0x0000000065e82000 	C:\Program Files\Java\jdk1.7.0_67\jre\bin\msvcr100.dll
0x0000000063e90000 - 0x0000000064662000 	C:\Program Files\Java\jdk1.7.0_67\jre\bin\server\jvm.dll
0x000007fef9f20000 - 0x000007fef9f29000 	C:\Windows\system32\WSOCK32.dll
0x000007fefeef0000 - 0x000007fefef3d000 	C:\Windows\system32\WS2_32.dll
0x000007fefebb0000 - 0x000007fefebb8000 	C:\Windows\system32\NSI.dll
0x000007fef9510000 - 0x000007fef954b000 	C:\Windows\system32\WINMM.dll
0x0000000076e70000 - 0x0000000076e77000 	C:\Windows\system32\PSAPI.DLL
0x0000000068f20000 - 0x0000000068f2f000 	C:\Program Files\Java\jdk1.7.0_67\jre\bin\verify.dll
0x0000000065d40000 - 0x0000000065d68000 	C:\Program Files\Java\jdk1.7.0_67\jre\bin\java.dll
0x0000000063e50000 - 0x0000000063e85000 	C:\Program Files\Java\jdk1.7.0_67\jre\bin\jdwp.dll
0x0000000073600000 - 0x0000000073608000 	C:\Program Files\Java\jdk1.7.0_67\jre\bin\npt.dll
0x0000000065b80000 - 0x0000000065b95000 	C:\Program Files\Java\jdk1.7.0_67\jre\bin\zip.dll
0x00000000735f0000 - 0x00000000735f9000 	C:\Program Files\Java\jdk1.7.0_67\jre\bin\dt_socket.dll
0x000007fefc1e0000 - 0x000007fefc235000 	C:\Windows\system32\mswsock.dll
0x000007fefbc50000 - 0x000007fefbc57000 	C:\Windows\System32\wshtcpip.dll
0x0000000065430000 - 0x00000000655c5000 	C:\Program Files\Java\jdk1.7.0_67\jre\bin\awt.dll
0x000007fefee10000 - 0x000007fefeee7000 	C:\Windows\system32\OLEAUT32.dll
0x000007fefe740000 - 0x000007fefe943000 	C:\Windows\system32\ole32.dll
0x000007fefa810000 - 0x000007fefa828000 	C:\Windows\system32\DWMAPI.DLL
0x000007fefaf90000 - 0x000007fefafe6000 	C:\Windows\system32\uxtheme.dll
0x000007fefc950000 - 0x000007fefc95f000 	C:\Windows\system32\CRYPTBASE.dll
0x000007fee9570000 - 0x000007fee976f000 	C:\Windows\system32\d3d9.dll
0x000007fefbf60000 - 0x000007fefbf6c000 	C:\Windows\system32\VERSION.dll
0x000007fefb460000 - 0x000007fefb467000 	C:\Windows\system32\d3d8thk.dll
0x000007fee71e0000 - 0x000007fee8295000 	C:\Windows\system32\nvd3dumx.dll
0x000007fefb5f0000 - 0x000007fefb61c000 	C:\Windows\system32\powrprof.dll
0x000007fefec30000 - 0x000007fefee07000 	C:\Windows\system32\SETUPAPI.dll
0x000007fefcce0000 - 0x000007fefcd16000 	C:\Windows\system32\CFGMGR32.dll
0x000007fefccc0000 - 0x000007fefccda000 	C:\Windows\system32\DEVOBJ.dll
0x000007fee9800000 - 0x000007fee996a000 	C:\Program Files (x86)\NVIDIA Corporation\3D Vision\nvSCPAPI64.dll
0x000007fefd670000 - 0x000007fefe3f8000 	C:\Windows\system32\SHELL32.dll
0x000007fef8fe0000 - 0x000007fef9313000 	C:\Windows\system32\nvapi64.dll
0x000007fefcb60000 - 0x000007fefcb9a000 	C:\Windows\system32\WINTRUST.dll
0x000007fefcd40000 - 0x000007fefceac000 	C:\Windows\system32\CRYPT32.dll
0x000007fefcaf0000 - 0x000007fefcaff000 	C:\Windows\system32\MSASN1.dll
0x000007fef93a0000 - 0x000007fef9440000 	C:\Windows\WinSxS\amd64_microsoft.windows.common-controls_6595b64144ccf1df_5.82.7601.18201_none_a4d3b9377117c3df\comctl32.dll
0x00000000653e0000 - 0x0000000065427000 	C:\Program Files\Java\jdk1.7.0_67\jre\bin\fontmanager.dll
0x0000000065630000 - 0x0000000065649000 	C:\Program Files\Java\jdk1.7.0_67\jre\bin\net.dll
0x000007fefc2e0000 - 0x000007fefc2e7000 	C:\Windows\System32\wship6.dll
0x00000000655d0000 - 0x00000000655e1000 	C:\Program Files\Java\jdk1.7.0_67\jre\bin\nio.dll
0x0000000065390000 - 0x00000000653d1000 	C:\Program Files\Java\jdk1.7.0_67\jre\bin\t2k.dll
0x000007fefe950000 - 0x000007fefe9e9000 	C:\Windows\system32\CLBCatQ.DLL
0x000007fefb470000 - 0x000007fefb59c000 	C:\Windows\system32\propsys.dll
0x000007fefb3f0000 - 0x000007fefb41d000 	C:\Windows\system32\ntmarta.dll
0x000007fefeb50000 - 0x000007fefeba2000 	C:\Windows\system32\WLDAP32.dll
0x000007fefc8f0000 - 0x000007fefc947000 	C:\Windows\system32\apphelp.dll
0x000007fef51d0000 - 0x000007fef536c000 	C:\Windows\system32\NetworkExplorer.dll
0x000007fef5630000 - 0x000007fef5664000 	C:\Windows\System32\shdocvw.dll
0x000007fefcb00000 - 0x000007fefcb0f000 	C:\Windows\system32\profapi.dll
0x000007fefb020000 - 0x000007fefb02b000 	C:\Windows\system32\slc.dll
0x000007fef9f30000 - 0x000007fef9f48000 	C:\Windows\system32\MPR.dll
0x00000000711c0000 - 0x00000000711d2000 	C:\Windows\system32\snacnp.dll
0x000007fef8ee0000 - 0x000007fef8fd7000 	C:\Windows\system32\ncnetprovider.dll
0x000007fef9f50000 - 0x000007fef9f6e000 	C:\Windows\system32\NCLangID.dll
0x000007fef8c30000 - 0x000007fef8c5c000 	C:\Windows\system32\MAPBASE.dll
0x0000000050d20000 - 0x0000000050d67000 	C:\Windows\system32\CALWIN32.DLL
0x0000000006530000 - 0x0000000006551000 	C:\Windows\system32\CLNWIN32.DLL
0x0000000050df0000 - 0x0000000050e22000 	C:\Windows\system32\LOCWIN32.DLL
0x000000000db90000 - 0x000000000dbd5000 	C:\Windows\system32\NCPWIN32.dll
0x0000000050da0000 - 0x0000000050db3000 	C:\Windows\system32\CLXWIN32.DLL
0x000000000dbe0000 - 0x000000000dc25000 	C:\Windows\system32\NETWIN32.DLL
0x000007fef8be0000 - 0x000007fef8c25000 	C:\Windows\system32\NWSHLXNT.dll
0x000007fefa2d0000 - 0x000007fefa2e6000 	C:\Windows\system32\NETAPI32.dll
0x000007fefa2c0000 - 0x000007fefa2cc000 	C:\Windows\system32\netutils.dll
0x000007fefc590000 - 0x000007fefc5b3000 	C:\Windows\system32\srvcli.dll
0x000007fefa290000 - 0x000007fefa2a5000 	C:\Windows\system32\wkscli.dll
0x000007fefa050000 - 0x000007fefa064000 	C:\Windows\system32\SAMCLI.DLL
0x000007fef8bc0000 - 0x000007fef8bd2000 	C:\Windows\system32\BROWCLI.DLL
0x000007fefbd30000 - 0x000007fefbd41000 	C:\Windows\system32\WTSAPI32.dll
0x0000000074620000 - 0x0000000074625000 	C:\Windows\system32\nls\FRANCAIS\NCLangIDR.DLL
0x00000000738b0000 - 0x00000000738c7000 	C:\Windows\system32\nls\FRANCAIS\MAPBASER.DLL
0x0000000073890000 - 0x00000000738aa000 	C:\Windows\system32\nls\FRANCAIS\NWSHLXNTR.DLL
0x0000000073170000 - 0x00000000731ec000 	C:\Windows\system32\nls\FRANCAIS\ncnetproviderR.DLL
0x000007fefc8c0000 - 0x000007fefc8e5000 	C:\Windows\system32\SspiCli.dll
0x000007fef51c0000 - 0x000007fef51ca000 	C:\Windows\System32\drprov.dll
0x000007fefc960000 - 0x000007fefc99d000 	C:\Windows\System32\WINSTA.dll
0x000007fef5190000 - 0x000007fef51b2000 	C:\Windows\System32\ntlanman.dll
0x000007fef5170000 - 0x000007fef518d000 	C:\Windows\System32\davclnt.dll
0x000007fef5160000 - 0x000007fef516a000 	C:\Windows\System32\DAVHLPR.dll
0x000007fef5a40000 - 0x000007fef5a4f000 	C:\Windows\system32\cscapi.dll
0x000007feee5b0000 - 0x000007feee821000 	C:\Windows\system32\wpdshext.dll
0x000007fefaa50000 - 0x000007fefac66000 	C:\Windows\WinSxS\amd64_microsoft.windows.gdiplus_6595b64144ccf1df_1.1.7601.18455_none_2b283fd671e9bf4d\gdiplus.dll
0x000007fef4940000 - 0x000007fef49fd000 	C:\Windows\system32\PortableDeviceApi.dll
0x000007fef5910000 - 0x000007fef5945000 	C:\Windows\system32\EhStorShell.dll
0x000007fef5570000 - 0x000007fef5597000 	C:\Windows\system32\EhStorAPI.dll
0x000007fef5620000 - 0x000007fef562c000 	C:\Windows\system32\LINKINFO.dll
0x000007fefa470000 - 0x000007fefa5d1000 	C:\Windows\system32\WindowsCodecs.dll
0x0000000073410000 - 0x0000000073426000 	C:\Program Files\Common Files\TortoiseOverlays\TortoiseOverlays.dll
0x0000000073250000 - 0x0000000073267000 	C:\Program Files\TortoiseSVN\bin\TortoiseStub.dll
0x0000000071780000 - 0x00000000717fd000 	C:\Program Files\TortoiseSVN\bin\TortoiseSVN.dll
0x000007fefe400000 - 0x000007fefe62c000 	C:\Windows\system32\WININET.dll
0x000007fefcd20000 - 0x000007fefcd24000 	C:\Windows\system32\api-ms-win-downlevel-user32-l1-1-0.dll
0x000007fefcb10000 - 0x000007fefcb15000 	C:\Windows\system32\api-ms-win-downlevel-advapi32-l1-1-0.dll
0x000007fefcb50000 - 0x000007fefcb54000 	C:\Windows\system32\api-ms-win-downlevel-shlwapi-l1-1-0.dll
0x000007fefcd30000 - 0x000007fefcd34000 	C:\Windows\system32\api-ms-win-downlevel-version-l1-1-0.dll
0x000007fefcb40000 - 0x000007fefcb43000 	C:\Windows\system32\api-ms-win-downlevel-normaliz-l1-1-0.dll
0x0000000076e80000 - 0x0000000076e83000 	C:\Windows\system32\normaliz.DLL
0x000007fefd3d0000 - 0x000007fefd65e000 	C:\Windows\system32\iertutil.dll
0x000007fefcb20000 - 0x000007fefcb3e000 	C:\Windows\system32\USERENV.dll
0x000007fef64e0000 - 0x000007fef6956000 	C:\Program Files\TortoiseSVN\bin\libsvn_tsvn.dll
0x0000000073220000 - 0x000000007324e000 	C:\Program Files\TortoiseSVN\bin\libapr_tsvn.dll
0x000007fef6400000 - 0x000007fef64d4000 	C:\Windows\system32\MSVCR110.dll
0x0000000071460000 - 0x00000000714a5000 	C:\Program Files\TortoiseSVN\bin\libaprutil_tsvn.dll
0x000007fef6380000 - 0x000007fef6391000 	C:\Program Files\TortoiseSVN\bin\intl3_tsvn.dll
0x000007fef6360000 - 0x000007fef6379000 	C:\Program Files\TortoiseSVN\bin\libsasl.dll
0x000007fefc880000 - 0x000007fefc88b000 	C:\Windows\system32\Secur32.dll
0x000007fef62b0000 - 0x000007fef6357000 	C:\Windows\system32\MSVCP110.dll
0x0000000071350000 - 0x000000007136b000 	C:\Program Files\TortoiseGit\bin\TortoiseGitStub.dll
0x00000000712c0000 - 0x000000007134e000 	C:\Program Files\TortoiseGit\bin\TortoiseGit.dll
0x000007fef5f80000 - 0x000007fef604e000 	C:\Program Files\TortoiseGit\bin\libgit2_tgit.dll
0x000007fef5ea0000 - 0x000007fef5eb8000 	C:\Program Files\TortoiseGit\bin\zlib1_tgit.dll
0x000007fef5d80000 - 0x000007fef5e6f000 	C:\Windows\system32\MSVCR120.dll

VM Arguments:
jvm_args: -Xdebug -Xrunjdwp:transport=dt_socket,server=n,address=50686 -Xmx2G 
java_command: fr.ird.voxelidar.Principal
Launcher Type: SUN_STANDARD

Environment Variables:
JAVA_HOME=C:\Program Files\Java\jdk1.7.0_67
CLASSPATH=C:\Program Files\OpenNI\Bin64\org.OpenNI.jar
PATH=C:\Program Files\Java\jdk1.7.0_67\bin;C:\Python27\Lib\site-packages\PyQt4;C:\Program Files (x86)\Common Files\Intergraph\Grid Analysis SDK\1.0\Program;C:\Windows\system32;C:\Windows;C:\Windows\System32\Wbem;C:\Windows\System32\WindowsPowerShell\v1.0\;C:\Windows\Program Files (x86)\Common Files\Roxio Shared\DLLShared\;C:\Program Files (x86)\Common Files\Roxio Shared\10.0\DLLShared\;C:\Windows\Program Files\Java\jdk1.7.0_67\bin;C:\Program Files\java\ssj\lib\;C:\Program Files\MATLAB\R2010a\bin;C:\Program Files\OpenNI\Bin64;C:\Program Files\PCL 1.6.0\bin;C:\Program Files\TortoiseSVN\bin;C:\Program Files\Microsoft SQL Server\110\Tools\Binn\;C:\MinGW3\bin;C:\Program Files\TortoiseGit\bin;c:\users\julien\appdata\local\enthought\canopy\user;c:\users\julien\appdata\local\enthought\canopy\user\scripts
USERNAME=Julien
OS=Windows_NT
PROCESSOR_IDENTIFIER=Intel64 Family 6 Model 44 Stepping 2, GenuineIntel



---------------  S Y S T E M  ---------------

OS: Windows 7 , 64 bit Build 7601 Service Pack 1

CPU:total 8 (4 cores per cpu, 2 threads per core) family 6 model 44 stepping 2, cmov, cx8, fxsr, mmx, sse, sse2, sse3, ssse3, sse4.1, sse4.2, popcnt, aes, ht, tsc, tscinvbit, tscinv

Memory: 4k page, physical 25148644k(18486904k free), swap 50295424k(42542244k free)

vm_info: Java HotSpot(TM) 64-Bit Server VM (24.65-b04) for windows-amd64 JRE (1.7.0_67-b01), built on Jul 25 2014 08:55:00 by "java_re" with unknown MS VC++:1600

time: Tue Dec 16 15:21:23 2014
elapsed time: 957 seconds

