#
# A fatal error has been detected by the Java Runtime Environment:
#
#  EXCEPTION_ACCESS_VIOLATION (0xc0000005) at pc=0x0000000060ea0539, pid=3912, tid=6540
#
# JRE version: Java(TM) SE Runtime Environment (7.0_67-b01) (build 1.7.0_67-b01)
# Java VM: Java HotSpot(TM) 64-Bit Server VM (24.65-b04 mixed mode windows-amd64 compressed oops)
# Problematic frame:
# C  0x0000000060ea0539
#
# Failed to write core dump. Minidumps are not enabled by default on client versions of Windows
#
# If you would like to submit a bug report, please visit:
#   http://bugreport.sun.com/bugreport/crash.jsp
# The crash happened outside the Java Virtual Machine in native code.
# See problematic frame for where to report the bug.
#

---------------  T H R E A D  ---------------

Current thread (0x000000000e61f000):  JavaThread "AWT-EventQueue-0" [_thread_in_native, id=6540, stack(0x0000000012340000,0x0000000012440000)]

siginfo: ExceptionCode=0xc0000005, reading address 0x0000000000001100

Registers:
RAX=0x0000000000000000, RBX=0x000000077c010600, RCX=0x0000000000000003, RDX=0x000000001243ce10
RSP=0x000000001243cd48, RBP=0x000000001243cdd8, RSI=0x000000000000000f, RDI=0x0000000003ed69d6
R8 =0x0000000000000003, R9 =0x0000000060ea0530, R10=0x00000000026694dd, R11=0x00000000626a2a70
R12=0x0000000000000000, R13=0x000000077c010600, R14=0x000000001243ce10, R15=0x000000000e61f000
RIP=0x0000000060ea0539, EFLAGS=0x0000000000010206

Top of Stack: (sp=0x000000001243cd48)
0x000000001243cd48:   0000000002669509 000000000c097810
0x000000001243cd58:   000000000c097888 000000000c097bf8
0x000000001243cd68:   00000000000003d8 000000001243da08
0x000000001243cd78:   0000000002663f7c 000000001243ce18
0x000000001243cd88:   0000000002663ba5 0000000000000000
0x000000001243cd98:   000000001243cd98 0000000000000000
0x000000001243cda8:   000000001243ce10 000000077c13d130
0x000000001243cdb8:   0000000000000000 000000077c010600
0x000000001243cdc8:   0000000000000000 000000001243cdf8
0x000000001243cdd8:   000000001243ce58 0000000002656198
0x000000001243cde8:   0000000000000000 0000000002663a58
0x000000001243cdf8:   0000000060ea0530 0000000002663f7c
0x000000001243ce08:   0000000000000003 00000007841e0668
0x000000001243ce18:   000000001243ce18 000000077c010532
0x000000001243ce28:   000000001243ce80 000000077c13d130
0x000000001243ce38:   0000000000000000 000000077c010540 

Instructions: (pc=0x0000000060ea0539)
0x0000000060ea0519:   af af af af af af af c3 cc cc cc cc cc cc cc cc
0x0000000060ea0529:   cc cc cc cc cc cc cc 65 48 8b 04 25 20 16 00 00
0x0000000060ea0539:   ff a0 00 11 00 00 cc cc cc cc cc cc cc cc cc cc
0x0000000060ea0549:   cc cc cc cc cc cc cc cc cc cc cc cc cc cc cc cc 


Register to memory mapping:

RAX=0x0000000000000000 is an unknown value
RBX=0x000000077c010600 is an oop
{method} 
 - klass: {other class}
RCX=0x0000000000000003 is an unknown value
RDX=0x000000001243ce10 is pointing into the stack for thread: 0x000000000e61f000
RSP=0x000000001243cd48 is pointing into the stack for thread: 0x000000000e61f000
RBP=0x000000001243cdd8 is pointing into the stack for thread: 0x000000000e61f000
RSI=0x000000000000000f is an unknown value
RDI=0x0000000003ed69d6 is an unknown value
R8 =0x0000000000000003 is an unknown value
R9 =0x0000000060ea0530 is an unknown value
R10=0x00000000026694dd is at code_begin+1277 in an Interpreter codelet
method entry point (kind = native)  [0x0000000002668fe0, 0x0000000002669ea0]  3776 bytes
R11=0x00000000626a2a70 is an unknown value
R12=0x0000000000000000 is an unknown value
R13=0x000000077c010600 is an oop
{method} 
 - klass: {other class}
R14=0x000000001243ce10 is pointing into the stack for thread: 0x000000000e61f000
R15=0x000000000e61f000 is a thread


Stack: [0x0000000012340000,0x0000000012440000],  sp=0x000000001243cd48,  free space=1011k
Native frames: (J=compiled Java code, j=interpreted, Vv=VM code, C=native code)
C  0x0000000060ea0539
j  jogamp.opengl.gl4.GL4bcImpl.glUseProgram(I)V+34
j  fr.ird.voxelidar.graphics3d.jogl.JoglListener$1.projMatrixChanged(Lfr/ird/voxelidar/math/matrix/Mat4F;)V+89
j  fr.ird.voxelidar.graphics3d.object.camera.TrackballCamera.fireProjectionMatrixChanged(Lfr/ird/voxelidar/math/matrix/Mat4F;)V+35
j  fr.ird.voxelidar.graphics3d.object.camera.TrackballCamera.updateProjMatrix()V+69
j  fr.ird.voxelidar.graphics3d.object.camera.TrackballCamera.setOrthographic(FFFFFF)V+39
j  fr.ird.voxelidar.frame.JFrameTools.jPanel21MouseClicked(Ljava/awt/event/MouseEvent;)V+141
j  fr.ird.voxelidar.frame.JFrameTools.access$1100(Lfr/ird/voxelidar/frame/JFrameTools;Ljava/awt/event/MouseEvent;)V+2
j  fr.ird.voxelidar.frame.JFrameTools$12.mouseClicked(Ljava/awt/event/MouseEvent;)V+5
j  java.awt.Component.processMouseEvent(Ljava/awt/event/MouseEvent;)V+74
j  javax.swing.JComponent.processMouseEvent(Ljava/awt/event/MouseEvent;)V+23
j  java.awt.Component.processEvent(Ljava/awt/AWTEvent;)V+81
j  java.awt.Container.processEvent(Ljava/awt/AWTEvent;)V+18
j  java.awt.Component.dispatchEventImpl(Ljava/awt/AWTEvent;)V+581
J 545 C2 java.awt.Container.dispatchEventImpl(Ljava/awt/AWTEvent;)V (129 bytes) @ 0x0000000002839d6c [0x0000000002839ae0+0x28c]
j  java.awt.Component.dispatchEvent(Ljava/awt/AWTEvent;)V+2
j  java.awt.LightweightDispatcher.retargetMouseEvent(Ljava/awt/Component;ILjava/awt/event/MouseEvent;)V+327
j  java.awt.LightweightDispatcher.processMouseEvent(Ljava/awt/event/MouseEvent;)Z+157
J 545 C2 java.awt.Container.dispatchEventImpl(Ljava/awt/AWTEvent;)V (129 bytes) @ 0x0000000002839ea4 [0x0000000002839ae0+0x3c4]
j  java.awt.Window.dispatchEventImpl(Ljava/awt/AWTEvent;)V+19
j  java.awt.Component.dispatchEvent(Ljava/awt/AWTEvent;)V+2
j  java.awt.EventQueue.dispatchEventImpl(Ljava/awt/AWTEvent;Ljava/lang/Object;)V+41
j  java.awt.EventQueue.access$200(Ljava/awt/EventQueue;Ljava/awt/AWTEvent;Ljava/lang/Object;)V+3
j  java.awt.EventQueue$3.run()Ljava/lang/Void;+12
j  java.awt.EventQueue$3.run()Ljava/lang/Object;+1
v  ~StubRoutines::call_stub

Java frames: (J=compiled Java code, j=interpreted, Vv=VM code)
j  jogamp.opengl.gl4.GL4bcImpl.dispatch_glUseProgram1(IJ)V+0
j  jogamp.opengl.gl4.GL4bcImpl.glUseProgram(I)V+34
j  fr.ird.voxelidar.graphics3d.jogl.JoglListener$1.projMatrixChanged(Lfr/ird/voxelidar/math/matrix/Mat4F;)V+89
j  fr.ird.voxelidar.graphics3d.object.camera.TrackballCamera.fireProjectionMatrixChanged(Lfr/ird/voxelidar/math/matrix/Mat4F;)V+35
j  fr.ird.voxelidar.graphics3d.object.camera.TrackballCamera.updateProjMatrix()V+69
j  fr.ird.voxelidar.graphics3d.object.camera.TrackballCamera.setOrthographic(FFFFFF)V+39
j  fr.ird.voxelidar.frame.JFrameTools.jPanel21MouseClicked(Ljava/awt/event/MouseEvent;)V+141
j  fr.ird.voxelidar.frame.JFrameTools.access$1100(Lfr/ird/voxelidar/frame/JFrameTools;Ljava/awt/event/MouseEvent;)V+2
j  fr.ird.voxelidar.frame.JFrameTools$12.mouseClicked(Ljava/awt/event/MouseEvent;)V+5
j  java.awt.Component.processMouseEvent(Ljava/awt/event/MouseEvent;)V+74
j  javax.swing.JComponent.processMouseEvent(Ljava/awt/event/MouseEvent;)V+23
j  java.awt.Component.processEvent(Ljava/awt/AWTEvent;)V+81
j  java.awt.Container.processEvent(Ljava/awt/AWTEvent;)V+18
j  java.awt.Component.dispatchEventImpl(Ljava/awt/AWTEvent;)V+581
J 545 C2 java.awt.Container.dispatchEventImpl(Ljava/awt/AWTEvent;)V (129 bytes) @ 0x0000000002839d6c [0x0000000002839ae0+0x28c]
j  java.awt.Component.dispatchEvent(Ljava/awt/AWTEvent;)V+2
j  java.awt.LightweightDispatcher.retargetMouseEvent(Ljava/awt/Component;ILjava/awt/event/MouseEvent;)V+327
j  java.awt.LightweightDispatcher.processMouseEvent(Ljava/awt/event/MouseEvent;)Z+157
J 545 C2 java.awt.Container.dispatchEventImpl(Ljava/awt/AWTEvent;)V (129 bytes) @ 0x0000000002839ea4 [0x0000000002839ae0+0x3c4]
j  java.awt.Window.dispatchEventImpl(Ljava/awt/AWTEvent;)V+19
j  java.awt.Component.dispatchEvent(Ljava/awt/AWTEvent;)V+2
j  java.awt.EventQueue.dispatchEventImpl(Ljava/awt/AWTEvent;Ljava/lang/Object;)V+41
j  java.awt.EventQueue.access$200(Ljava/awt/EventQueue;Ljava/awt/AWTEvent;Ljava/lang/Object;)V+3
j  java.awt.EventQueue$3.run()Ljava/lang/Void;+12
j  java.awt.EventQueue$3.run()Ljava/lang/Object;+1
v  ~StubRoutines::call_stub
j  java.security.AccessController.doPrivileged(Ljava/security/PrivilegedAction;Ljava/security/AccessControlContext;)Ljava/lang/Object;+0
j  java.security.ProtectionDomain$1.doIntersectionPrivilege(Ljava/security/PrivilegedAction;Ljava/security/AccessControlContext;Ljava/security/AccessControlContext;)Ljava/lang/Object;+28
j  java.security.ProtectionDomain$1.doIntersectionPrivilege(Ljava/security/PrivilegedAction;Ljava/security/AccessControlContext;)Ljava/lang/Object;+6
j  java.awt.EventQueue$4.run()Ljava/lang/Void;+11
j  java.awt.EventQueue$4.run()Ljava/lang/Object;+1
v  ~StubRoutines::call_stub
j  java.security.AccessController.doPrivileged(Ljava/security/PrivilegedAction;Ljava/security/AccessControlContext;)Ljava/lang/Object;+0
J 340 C2 java.awt.EventDispatchThread.pumpOneEventForFilters(I)V (295 bytes) @ 0x0000000002793314 [0x0000000002792820+0xaf4]
j  java.awt.EventDispatchThread.pumpEventsForFilter(ILjava/awt/Conditional;Ljava/awt/EventFilter;)V+35
j  java.awt.EventDispatchThread.pumpEventsForHierarchy(ILjava/awt/Conditional;Ljava/awt/Component;)V+11
j  java.awt.EventDispatchThread.pumpEvents(ILjava/awt/Conditional;)V+4
j  java.awt.EventDispatchThread.pumpEvents(Ljava/awt/Conditional;)V+3
j  java.awt.EventDispatchThread.run()V+9
v  ~StubRoutines::call_stub

---------------  P R O C E S S  ---------------

Java Threads: ( => current thread )
  0x000000000c357000 JavaThread "SwingWorker-pool-2-thread-1" daemon [_thread_blocked, id=3060, stack(0x0000000018450000,0x0000000018550000)]
  0x000000000ebb9800 JavaThread "AWT-EventQueue-0-FPSAWTAnimator-Timer0" [_thread_blocked, id=5492, stack(0x0000000018300000,0x0000000018400000)]
  0x000000000c326800 JavaThread "AWT-EventQueue-0-Display-.windows_nil-1-EDT-1" daemon [_thread_blocked, id=4652, stack(0x0000000015740000,0x0000000015840000)]
  0x000000000e7b8800 JavaThread "AWT-EventQueue-0-SharedResourceRunner" daemon [_thread_blocked, id=4048, stack(0x0000000015240000,0x0000000015340000)]
  0x000000000eb66000 JavaThread "D3D Screen Updater" daemon [_thread_blocked, id=1304, stack(0x0000000015000000,0x0000000015100000)]
  0x00000000021fa000 JavaThread "DestroyJavaVM" [_thread_blocked, id=2468, stack(0x0000000002550000,0x0000000002650000)]
  0x000000000ebbb800 JavaThread "TimerQueue" daemon [_thread_blocked, id=6336, stack(0x0000000014950000,0x0000000014a50000)]
  0x000000000e6bf800 JavaThread "org.netbeans.modules.debugger.jpda.visual AWT Access Loop" daemon [_thread_blocked, id=4920, stack(0x0000000012be0000,0x0000000012ce0000)]
  0x000000000e640000 JavaThread "Swing-Shell" daemon [_thread_blocked, id=4788, stack(0x0000000012650000,0x0000000012750000)]
=>0x000000000e61f000 JavaThread "AWT-EventQueue-0" [_thread_in_native, id=6540, stack(0x0000000012340000,0x0000000012440000)]
  0x000000000c369800 JavaThread "AWT-Windows" daemon [_thread_in_native, id=5476, stack(0x000000000f120000,0x000000000f220000)]
  0x000000000c368800 JavaThread "AWT-Shutdown" [_thread_blocked, id=6880, stack(0x000000000ef30000,0x000000000f030000)]
  0x000000000c368000 JavaThread "Java2D Disposer" daemon [_thread_blocked, id=4264, stack(0x000000000e2d0000,0x000000000e3d0000)]
  0x000000000c0bb800 JavaThread "Service Thread" daemon [_thread_blocked, id=7160, stack(0x000000000dea0000,0x000000000dfa0000)]
  0x000000000c0b2800 JavaThread "C2 CompilerThread1" daemon [_thread_blocked, id=3200, stack(0x000000000dc60000,0x000000000dd60000)]
  0x000000000c0a6800 JavaThread "C2 CompilerThread0" daemon [_thread_blocked, id=4176, stack(0x000000000e1a0000,0x000000000e2a0000)]
  0x000000000c094000 JavaThread "JDWP Command Reader" daemon [_thread_in_native, id=3848, stack(0x000000000dfa0000,0x000000000e0a0000)]
  0x000000000c093800 JavaThread "JDWP Event Helper Thread" daemon [_thread_blocked, id=6008, stack(0x000000000dd70000,0x000000000de70000)]
  0x000000000c085800 JavaThread "JDWP Transport Listener: dt_socket" daemon [_thread_blocked, id=2992, stack(0x000000000daf0000,0x000000000dbf0000)]
  0x000000000aedb000 JavaThread "Attach Listener" daemon [_thread_blocked, id=2336, stack(0x000000000d050000,0x000000000d150000)]
  0x000000000aeda000 JavaThread "Signal Dispatcher" daemon [_thread_blocked, id=7144, stack(0x000000000d600000,0x000000000d700000)]
  0x000000000aec4000 JavaThread "Finalizer" daemon [_thread_blocked, id=5480, stack(0x000000000d440000,0x000000000d540000)]
  0x000000000228f000 JavaThread "Reference Handler" daemon [_thread_blocked, id=2448, stack(0x000000000d2f0000,0x000000000d3f0000)]

Other Threads:
  0x000000000c043800 VMThread [stack: 0x000000000d160000,0x000000000d260000] [id=6660]
  0x000000000c0c6000 WatcherThread [stack: 0x000000000e440000,0x000000000e540000] [id=1608]

VM state:not at safepoint (normal execution)

VM Mutex/Monitor currently owned by a thread: None

Heap
 PSYoungGen      total 432640K, used 172187K [0x00000007d5500000, 0x00000007f8a00000, 0x0000000800000000)
  eden space 351232K, 25% used [0x00000007d5500000,0x00000007dadaca70,0x00000007eac00000)
  from space 81408K, 99% used [0x00000007f1080000,0x00000007f5ffa428,0x00000007f6000000)
  to   space 102912K, 0% used [0x00000007eac00000,0x00000007eac00000,0x00000007f1080000)
 ParOldGen       total 261632K, used 78672K [0x0000000780000000, 0x000000078ff80000, 0x00000007d5500000)
  object space 261632K, 30% used [0x0000000780000000,0x0000000784cd4360,0x000000078ff80000)
 PSPermGen       total 22528K, used 22451K [0x000000077ae00000, 0x000000077c400000, 0x0000000780000000)
  object space 22528K, 99% used [0x000000077ae00000,0x000000077c3eccd8,0x000000077c400000)

Card table byte_map: [0x0000000005650000,0x0000000005a80000] byte_map_base: 0x0000000001a79000

Polling page: 0x0000000000140000

Code Cache  [0x0000000002650000, 0x00000000028c0000, 0x0000000005650000)
 total_blobs=1321 nmethods=511 adapters=771 free_code_cache=47184Kb largest_free_block=48255936

Compilation events (10 events):
Event: 27.268 Thread 0x000000000c0a6800  543             javax.swing.text.GapContent$StickyPosition::getOffset (8 bytes)
Event: 27.268 Thread 0x000000000c0a6800 nmethod 543 0x0000000002754050 code [0x00000000027541a0, 0x0000000002754298]
Event: 27.934 Thread 0x000000000c0b2800  544             javax.swing.RepaintManager::isDoubleBufferingEnabled (5 bytes)
Event: 27.934 Thread 0x000000000c0b2800 nmethod 544 0x0000000002753e50 code [0x0000000002753f80, 0x0000000002753fd8]
Event: 28.833 Thread 0x000000000c0a6800  545   !         java.awt.Container::dispatchEventImpl (129 bytes)
Event: 28.848 Thread 0x000000000c0a6800 nmethod 545 0x00000000028398d0 code [0x0000000002839ae0, 0x000000000283a410]
Event: 28.963 Thread 0x000000000c0b2800  546             javax.swing.Timer::getLock (5 bytes)
Event: 28.964 Thread 0x000000000c0b2800 nmethod 546 0x00000000028396d0 code [0x0000000002839800, 0x0000000002839878]
Event: 29.059 Thread 0x000000000c0a6800  547             java.awt.event.InputEvent::getModifiers (8 bytes)
Event: 29.059 Thread 0x000000000c0a6800 nmethod 547 0x00000000028394d0 code [0x0000000002839600, 0x0000000002839658]

GC Heap History (10 events):
Event: 15.989 GC heap before
{Heap before GC invocations=4 (full 0):
 PSYoungGen      total 114688K, used 108860K [0x00000007d5500000, 0x00000007dd500000, 0x0000000800000000)
  eden space 98304K, 100% used [0x00000007d5500000,0x00000007db500000,0x00000007db500000)
  from space 16384K, 64% used [0x00000007db500000,0x00000007dbf4f3f0,0x00000007dc500000)
  to   space 16384K, 0% used [0x00000007dc500000,0x00000007dc500000,0x00000007dd500000)
 ParOldGen       total 261632K, used 16K [0x0000000780000000, 0x000000078ff80000, 0x00000007d5500000)
  object space 261632K, 0% used [0x0000000780000000,0x0000000780004000,0x000000078ff80000)
 PSPermGen       total 22528K, used 22127K [0x000000077ae00000, 0x000000077c400000, 0x0000000780000000)
  object space 22528K, 98% used [0x000000077ae00000,0x000000077c39bd00,0x000000077c400000)
Event: 16.004 GC heap after
Heap after GC invocations=4 (full 0):
 PSYoungGen      total 114688K, used 16374K [0x00000007d5500000, 0x00000007dd500000, 0x0000000800000000)
  eden space 98304K, 0% used [0x00000007d5500000,0x00000007d5500000,0x00000007db500000)
  from space 16384K, 99% used [0x00000007dc500000,0x00000007dd4fdae0,0x00000007dd500000)
  to   space 16384K, 0% used [0x00000007db500000,0x00000007db500000,0x00000007dc500000)
 ParOldGen       total 261632K, used 2755K [0x0000000780000000, 0x000000078ff80000, 0x00000007d5500000)
  object space 261632K, 1% used [0x0000000780000000,0x00000007802b0e70,0x000000078ff80000)
 PSPermGen       total 22528K, used 22127K [0x000000077ae00000, 0x000000077c400000, 0x0000000780000000)
  object space 22528K, 98% used [0x000000077ae00000,0x000000077c39bd00,0x000000077c400000)
}
Event: 16.111 GC heap before
{Heap before GC invocations=5 (full 0):
 PSYoungGen      total 114688K, used 114678K [0x00000007d5500000, 0x00000007dd500000, 0x0000000800000000)
  eden space 98304K, 100% used [0x00000007d5500000,0x00000007db500000,0x00000007db500000)
  from space 16384K, 99% used [0x00000007dc500000,0x00000007dd4fdae0,0x00000007dd500000)
  to   space 16384K, 0% used [0x00000007db500000,0x00000007db500000,0x00000007dc500000)
 ParOldGen       total 261632K, used 2755K [0x0000000780000000, 0x000000078ff80000, 0x00000007d5500000)
  object space 261632K, 1% used [0x0000000780000000,0x00000007802b0e70,0x000000078ff80000)
 PSPermGen       total 22528K, used 22132K [0x000000077ae00000, 0x000000077c400000, 0x0000000780000000)
  object space 22528K, 98% used [0x000000077ae00000,0x000000077c39d2e0,0x000000077c400000)
Event: 16.157 GC heap after
Heap after GC invocations=5 (full 0):
 PSYoungGen      total 114688K, used 16380K [0x00000007d5500000, 0x00000007e6400000, 0x0000000800000000)
  eden space 98304K, 0% used [0x00000007d5500000,0x00000007d5500000,0x00000007db500000)
  from space 16384K, 99% used [0x00000007db500000,0x00000007dc4ff3d8,0x00000007dc500000)
  to   space 40448K, 0% used [0x00000007e3c80000,0x00000007e3c80000,0x00000007e6400000)
 ParOldGen       total 261632K, used 28123K [0x0000000780000000, 0x000000078ff80000, 0x00000007d5500000)
  object space 261632K, 10% used [0x0000000780000000,0x0000000781b76e70,0x000000078ff80000)
 PSPermGen       total 22528K, used 22132K [0x000000077ae00000, 0x000000077c400000, 0x0000000780000000)
  object space 22528K, 98% used [0x000000077ae00000,0x000000077c39d2e0,0x000000077c400000)
}
Event: 16.266 GC heap before
{Heap before GC invocations=6 (full 0):
 PSYoungGen      total 114688K, used 114684K [0x00000007d5500000, 0x00000007e6400000, 0x0000000800000000)
  eden space 98304K, 100% used [0x00000007d5500000,0x00000007db500000,0x00000007db500000)
  from space 16384K, 99% used [0x00000007db500000,0x00000007dc4ff3d8,0x00000007dc500000)
  to   space 40448K, 0% used [0x00000007e3c80000,0x00000007e3c80000,0x00000007e6400000)
 ParOldGen       total 261632K, used 28123K [0x0000000780000000, 0x000000078ff80000, 0x00000007d5500000)
  object space 261632K, 10% used [0x0000000780000000,0x0000000781b76e70,0x000000078ff80000)
 PSPermGen       total 22528K, used 22139K [0x000000077ae00000, 0x000000077c400000, 0x0000000780000000)
  object space 22528K, 98% used [0x000000077ae00000,0x000000077c39eca0,0x000000077c400000)
Event: 16.299 GC heap after
Heap after GC invocations=6 (full 0):
 PSYoungGen      total 226816K, used 40424K [0x00000007d5500000, 0x00000007e7800000, 0x0000000800000000)
  eden space 186368K, 0% used [0x00000007d5500000,0x00000007d5500000,0x00000007e0b00000)
  from space 40448K, 99% used [0x00000007e3c80000,0x00000007e63fa218,0x00000007e6400000)
  to   space 50688K, 0% used [0x00000007e0b00000,0x00000007e0b00000,0x00000007e3c80000)
 ParOldGen       total 261632K, used 28659K [0x0000000780000000, 0x000000078ff80000, 0x00000007d5500000)
  object space 261632K, 10% used [0x0000000780000000,0x0000000781bfce70,0x000000078ff80000)
 PSPermGen       total 22528K, used 22139K [0x000000077ae00000, 0x000000077c400000, 0x0000000780000000)
  object space 22528K, 98% used [0x000000077ae00000,0x000000077c39eca0,0x000000077c400000)
}
Event: 16.525 GC heap before
{Heap before GC invocations=7 (full 0):
 PSYoungGen      total 226816K, used 226792K [0x00000007d5500000, 0x00000007e7800000, 0x0000000800000000)
  eden space 186368K, 100% used [0x00000007d5500000,0x00000007e0b00000,0x00000007e0b00000)
  from space 40448K, 99% used [0x00000007e3c80000,0x00000007e63fa218,0x00000007e6400000)
  to   space 50688K, 0% used [0x00000007e0b00000,0x00000007e0b00000,0x00000007e3c80000)
 ParOldGen       total 261632K, used 28659K [0x0000000780000000, 0x000000078ff80000, 0x00000007d5500000)
  object space 261632K, 10% used [0x0000000780000000,0x0000000781bfce70,0x000000078ff80000)
 PSPermGen       total 22528K, used 22141K [0x000000077ae00000, 0x000000077c400000, 0x0000000780000000)
  object space 22528K, 98% used [0x000000077ae00000,0x000000077c39f6f0,0x000000077c400000)
Event: 16.615 GC heap after
Heap after GC invocations=7 (full 0):
 PSYoungGen      total 237056K, used 50674K [0x00000007d5500000, 0x00000007f6000000, 0x0000000800000000)
  eden space 186368K, 0% used [0x00000007d5500000,0x00000007d5500000,0x00000007e0b00000)
  from space 50688K, 99% used [0x00000007e0b00000,0x00000007e3c7c948,0x00000007e3c80000)
  to   space 81408K, 0% used [0x00000007f1080000,0x00000007f1080000,0x00000007f6000000)
 ParOldGen       total 261632K, used 67373K [0x0000000780000000, 0x000000078ff80000, 0x00000007d5500000)
  object space 261632K, 25% used [0x0000000780000000,0x00000007841cb760,0x000000078ff80000)
 PSPermGen       total 22528K, used 22141K [0x000000077ae00000, 0x000000077c400000, 0x0000000780000000)
  object space 22528K, 98% used [0x000000077ae00000,0x000000077c39f6f0,0x000000077c400000)
}
Event: 16.950 GC heap before
{Heap before GC invocations=8 (full 0):
 PSYoungGen      total 237056K, used 237042K [0x00000007d5500000, 0x00000007f6000000, 0x0000000800000000)
  eden space 186368K, 100% used [0x00000007d5500000,0x00000007e0b00000,0x00000007e0b00000)
  from space 50688K, 99% used [0x00000007e0b00000,0x00000007e3c7c948,0x00000007e3c80000)
  to   space 81408K, 0% used [0x00000007f1080000,0x00000007f1080000,0x00000007f6000000)
 ParOldGen       total 261632K, used 67373K [0x0000000780000000, 0x000000078ff80000, 0x00000007d5500000)
  object space 261632K, 25% used [0x0000000780000000,0x00000007841cb760,0x000000078ff80000)
 PSPermGen       total 22528K, used 22157K [0x000000077ae00000, 0x000000077c400000, 0x0000000780000000)
  object space 22528K, 98% used [0x000000077ae00000,0x000000077c3a34e8,0x000000077c400000)
Event: 17.031 GC heap after
Heap after GC invocations=8 (full 0):
 PSYoungGen      total 432640K, used 81385K [0x00000007d5500000, 0x00000007f8a00000, 0x0000000800000000)
  eden space 351232K, 0% used [0x00000007d5500000,0x00000007d5500000,0x00000007eac00000)
  from space 81408K, 99% used [0x00000007f1080000,0x00000007f5ffa428,0x00000007f6000000)
  to   space 102912K, 0% used [0x00000007eac00000,0x00000007eac00000,0x00000007f1080000)
 ParOldGen       total 261632K, used 78672K [0x0000000780000000, 0x000000078ff80000, 0x00000007d5500000)
  object space 261632K, 30% used [0x0000000780000000,0x0000000784cd4360,0x000000078ff80000)
 PSPermGen       total 22528K, used 22157K [0x000000077ae00000, 0x000000077c400000, 0x0000000780000000)
  object space 22528K, 98% used [0x000000077ae00000,0x000000077c3a34e8,0x000000077c400000)
}

Deoptimization events (10 events):
Event: 22.538 Thread 0x000000000ebb9800 Uncommon trap: reason=class_check action=maybe_recompile pc=0x00000000027ebbc4 method=javax.swing.event.EventListenerList.getListeners(Ljava/lang/Class;)[Ljava/util/EventListener; @ 17
Event: 22.540 Thread 0x000000000ebb9800 Uncommon trap: reason=class_check action=maybe_recompile pc=0x00000000027ebbc4 method=javax.swing.event.EventListenerList.getListeners(Ljava/lang/Class;)[Ljava/util/EventListener; @ 17
Event: 22.540 Thread 0x000000000ebb9800 Uncommon trap: reason=class_check action=maybe_recompile pc=0x00000000027ebbc4 method=javax.swing.event.EventListenerList.getListeners(Ljava/lang/Class;)[Ljava/util/EventListener; @ 17
Event: 24.532 Thread 0x000000000ebb9800 Uncommon trap: reason=class_check action=maybe_recompile pc=0x00000000027ebbc4 method=javax.swing.event.EventListenerList.getListeners(Ljava/lang/Class;)[Ljava/util/EventListener; @ 17
Event: 24.727 Thread 0x000000000ebb9800 Uncommon trap: reason=predicate action=maybe_recompile pc=0x0000000002813e34 method=javax.swing.event.EventListenerList.getListeners(Ljava/lang/Class;)[Ljava/util/EventListener; @ 39
Event: 24.799 Thread 0x000000000ebb9800 Uncommon trap: reason=array_check action=maybe_recompile pc=0x00000000028297bc method=javax.swing.event.EventListenerList.getListeners(Ljava/lang/Class;)[Ljava/util/EventListener; @ 63
Event: 24.800 Thread 0x000000000ebb9800 Uncommon trap: reason=array_check action=maybe_recompile pc=0x00000000028297bc method=javax.swing.event.EventListenerList.getListeners(Ljava/lang/Class;)[Ljava/util/EventListener; @ 63
Event: 24.801 Thread 0x000000000ebb9800 Uncommon trap: reason=array_check action=maybe_recompile pc=0x00000000028297bc method=javax.swing.event.EventListenerList.getListeners(Ljava/lang/Class;)[Ljava/util/EventListener; @ 63
Event: 24.870 Thread 0x000000000ebb9800 Uncommon trap: reason=array_check action=maybe_recompile pc=0x00000000028297bc method=javax.swing.event.EventListenerList.getListeners(Ljava/lang/Class;)[Ljava/util/EventListener; @ 63
Event: 55.072 Thread 0x000000000e61f000 Uncommon trap: reason=unreached action=reinterpret pc=0x00000000026db520 method=java.lang.String.valueOf(Ljava/lang/Object;)Ljava/lang/String; @ 1

Internal exceptions (10 events):
Event: 22.227 Thread 0x000000000ebb9800 Threw 0x00000007da377cf0 at C:\re\jdk7u67\1368\hotspot\src\share\vm\prims\jvm.cpp:1244
Event: 22.227 Thread 0x000000000ebb9800 Threw 0x00000007da37e968 at C:\re\jdk7u67\1368\hotspot\src\share\vm\prims\jvm.cpp:1244
Event: 22.229 Thread 0x000000000ebb9800 Threw 0x00000007da3849b0 at C:\re\jdk7u67\1368\hotspot\src\share\vm\prims\jvm.cpp:1244
Event: 22.229 Thread 0x000000000ebb9800 Threw 0x00000007da389960 at C:\re\jdk7u67\1368\hotspot\src\share\vm\prims\jvm.cpp:1244
Event: 22.230 Thread 0x000000000ebb9800 Threw 0x00000007da38eda8 at C:\re\jdk7u67\1368\hotspot\src\share\vm\prims\jvm.cpp:1244
Event: 22.448 Thread 0x000000000ebb9800 Threw 0x00000007da44ab30 at C:\re\jdk7u67\1368\hotspot\src\share\vm\prims\jvm.cpp:1244
Event: 22.449 Thread 0x000000000ebb9800 Threw 0x00000007da44cbe8 at C:\re\jdk7u67\1368\hotspot\src\share\vm\prims\jvm.cpp:1244
Event: 22.449 Thread 0x000000000ebb9800 Threw 0x00000007da450658 at C:\re\jdk7u67\1368\hotspot\src\share\vm\prims\jvm.cpp:1244
Event: 22.450 Thread 0x000000000ebb9800 Threw 0x00000007da454080 at C:\re\jdk7u67\1368\hotspot\src\share\vm\prims\jvm.cpp:1244
Event: 30.390 Thread 0x000000000e61f000 Threw 0x00000007dad38900 at C:\re\jdk7u67\1368\hotspot\src\share\vm\prims\jvm.cpp:1244

Events (10 events):
Event: 97.314 Executing VM operation: ChangeSingleStep
Event: 97.314 Executing VM operation: ChangeSingleStep done
Event: 97.318 Executing VM operation: ChangeSingleStep
Event: 97.318 Executing VM operation: ChangeSingleStep done
Event: 97.318 Executing VM operation: GetCurrentLocation
Event: 97.318 Executing VM operation: GetCurrentLocation done
Event: 97.318 Executing VM operation: ChangeSingleStep
Event: 97.318 Executing VM operation: ChangeSingleStep done
Event: 97.319 Executing VM operation: ChangeSingleStep
Event: 97.319 Executing VM operation: ChangeSingleStep done


Dynamic libraries:
0x000000013fa00000 - 0x000000013fa33000 	C:\Program Files\Java\jdk1.7.0_67\bin\java.exe
0x0000000077090000 - 0x0000000077239000 	C:\Windows\SYSTEM32\ntdll.dll
0x0000000076e70000 - 0x0000000076f8f000 	C:\Windows\system32\kernel32.dll
0x000007fefcfd0000 - 0x000007fefd03c000 	C:\Windows\system32\KERNELBASE.dll
0x000007feff070000 - 0x000007feff14b000 	C:\Windows\system32\ADVAPI32.dll
0x000007fefda00000 - 0x000007fefda9f000 	C:\Windows\system32\msvcrt.dll
0x000007fefd6f0000 - 0x000007fefd70f000 	C:\Windows\SYSTEM32\sechost.dll
0x000007feff200000 - 0x000007feff32d000 	C:\Windows\system32\RPCRT4.dll
0x0000000076f90000 - 0x000000007708a000 	C:\Windows\system32\USER32.dll
0x000007feff330000 - 0x000007feff397000 	C:\Windows\system32\GDI32.dll
0x000007fefd9f0000 - 0x000007fefd9fe000 	C:\Windows\system32\LPK.dll
0x000007fefefa0000 - 0x000007feff069000 	C:\Windows\system32\USP10.dll
0x000007fefb8b0000 - 0x000007fefbaa4000 	C:\Windows\WinSxS\amd64_microsoft.windows.common-controls_6595b64144ccf1df_6.0.7601.17514_none_fa396087175ac9ac\COMCTL32.dll
0x000007fefef20000 - 0x000007fefef91000 	C:\Windows\system32\SHLWAPI.dll
0x000007fefd9c0000 - 0x000007fefd9ee000 	C:\Windows\system32\IMM32.DLL
0x000007fefd5e0000 - 0x000007fefd6e9000 	C:\Windows\system32\MSCTF.dll
0x000000006a320000 - 0x000000006a3f2000 	C:\Program Files\Java\jdk1.7.0_67\jre\bin\msvcr100.dll
0x00000000624c0000 - 0x0000000062c92000 	C:\Program Files\Java\jdk1.7.0_67\jre\bin\server\jvm.dll
0x000007fefa310000 - 0x000007fefa319000 	C:\Windows\system32\WSOCK32.dll
0x000007feff1b0000 - 0x000007feff1fd000 	C:\Windows\system32\WS2_32.dll
0x000007fefdb80000 - 0x000007fefdb88000 	C:\Windows\system32\NSI.dll
0x000007fef9910000 - 0x000007fef994b000 	C:\Windows\system32\WINMM.dll
0x0000000077250000 - 0x0000000077257000 	C:\Windows\system32\PSAPI.DLL
0x0000000072f80000 - 0x0000000072f8f000 	C:\Program Files\Java\jdk1.7.0_67\jre\bin\verify.dll
0x0000000072e90000 - 0x0000000072eb8000 	C:\Program Files\Java\jdk1.7.0_67\jre\bin\java.dll
0x0000000064130000 - 0x0000000064165000 	C:\Program Files\Java\jdk1.7.0_67\jre\bin\jdwp.dll
0x000000006a050000 - 0x000000006a058000 	C:\Program Files\Java\jdk1.7.0_67\jre\bin\npt.dll
0x0000000072f20000 - 0x0000000072f35000 	C:\Program Files\Java\jdk1.7.0_67\jre\bin\zip.dll
0x000000006a300000 - 0x000000006a309000 	C:\Program Files\Java\jdk1.7.0_67\jre\bin\dt_socket.dll
0x000007fefc670000 - 0x000007fefc6c5000 	C:\Windows\system32\mswsock.dll
0x000007fefc030000 - 0x000007fefc037000 	C:\Windows\System32\wshtcpip.dll
0x0000000072c30000 - 0x0000000072dc5000 	C:\Program Files\Java\jdk1.7.0_67\jre\bin\awt.dll
0x000007fefdaa0000 - 0x000007fefdb77000 	C:\Windows\system32\OLEAUT32.dll
0x000007fefd790000 - 0x000007fefd993000 	C:\Windows\system32\ole32.dll
0x000007fefb550000 - 0x000007fefb568000 	C:\Windows\system32\DWMAPI.DLL
0x000007fefb3c0000 - 0x000007fefb416000 	C:\Windows\system32\uxtheme.dll
0x000007fefcd70000 - 0x000007fefcd7f000 	C:\Windows\system32\CRYPTBASE.dll
0x000007feee460000 - 0x000007feee65f000 	C:\Windows\system32\d3d9.dll
0x000007fefc340000 - 0x000007fefc34c000 	C:\Windows\system32\VERSION.dll
0x000007fefb620000 - 0x000007fefb627000 	C:\Windows\system32\d3d8thk.dll
0x000007fee7a50000 - 0x000007fee8b05000 	C:\Windows\system32\nvd3dumx.dll
0x000007fefb6a0000 - 0x000007fefb6cc000 	C:\Windows\system32\powrprof.dll
0x000007fefd400000 - 0x000007fefd5d7000 	C:\Windows\system32\SETUPAPI.dll
0x000007fefd230000 - 0x000007fefd266000 	C:\Windows\system32\CFGMGR32.dll
0x000007fefcef0000 - 0x000007fefcf0a000 	C:\Windows\system32\DEVOBJ.dll
0x000007fef1cd0000 - 0x000007fef1e3a000 	C:\Program Files (x86)\NVIDIA Corporation\3D Vision\nvSCPAPI64.dll
0x000007fefdf60000 - 0x000007fefece8000 	C:\Windows\system32\SHELL32.dll
0x000007fef93c0000 - 0x000007fef96f3000 	C:\Windows\system32\nvapi64.dll
0x000007fefd040000 - 0x000007fefd07a000 	C:\Windows\system32\WINTRUST.dll
0x000007fefd0b0000 - 0x000007fefd21c000 	C:\Windows\system32\CRYPT32.dll
0x000007fefced0000 - 0x000007fefcedf000 	C:\Windows\system32\MSASN1.dll
0x000007fef9790000 - 0x000007fef9830000 	C:\Windows\WinSxS\amd64_microsoft.windows.common-controls_6595b64144ccf1df_5.82.7601.18201_none_a4d3b9377117c3df\comctl32.dll
0x0000000072e20000 - 0x0000000072e67000 	C:\Program Files\Java\jdk1.7.0_67\jre\bin\fontmanager.dll
0x0000000072f00000 - 0x0000000072f19000 	C:\Program Files\Java\jdk1.7.0_67\jre\bin\net.dll
0x000007fefc660000 - 0x000007fefc667000 	C:\Windows\System32\wship6.dll
0x0000000072e70000 - 0x0000000072e81000 	C:\Program Files\Java\jdk1.7.0_67\jre\bin\nio.dll
0x0000000072be0000 - 0x0000000072c21000 	C:\Program Files\Java\jdk1.7.0_67\jre\bin\t2k.dll
0x000007fefdb90000 - 0x000007fefdc29000 	C:\Windows\system32\CLBCatQ.DLL
0x000007fefb420000 - 0x000007fefb54c000 	C:\Windows\system32\propsys.dll
0x000007fefb580000 - 0x000007fefb5ad000 	C:\Windows\system32\ntmarta.dll
0x000007feff150000 - 0x000007feff1a2000 	C:\Windows\system32\WLDAP32.dll
0x000007fefccd0000 - 0x000007fefcd27000 	C:\Windows\system32\apphelp.dll
0x000007fef5610000 - 0x000007fef57ac000 	C:\Windows\system32\NetworkExplorer.dll
0x000007fef5a10000 - 0x000007fef5a44000 	C:\Windows\System32\shdocvw.dll
0x000007fefcee0000 - 0x000007fefceef000 	C:\Windows\system32\profapi.dll
0x000007fefac80000 - 0x000007fefac8b000 	C:\Windows\system32\slc.dll
0x000007fefa320000 - 0x000007fefa338000 	C:\Windows\system32\MPR.dll
0x0000000072f40000 - 0x0000000072f52000 	C:\Windows\system32\snacnp.dll
0x000007fef8ff0000 - 0x000007fef90e7000 	C:\Windows\system32\ncnetprovider.dll
0x000007fefa340000 - 0x000007fefa35e000 	C:\Windows\system32\NCLangID.dll
0x000007fef9100000 - 0x000007fef912c000 	C:\Windows\system32\MAPBASE.dll
0x0000000050d20000 - 0x0000000050d67000 	C:\Windows\system32\CALWIN32.DLL
0x0000000006130000 - 0x0000000006151000 	C:\Windows\system32\CLNWIN32.DLL
0x0000000050df0000 - 0x0000000050e22000 	C:\Windows\system32\LOCWIN32.DLL
0x00000000064c0000 - 0x0000000006505000 	C:\Windows\system32\NCPWIN32.dll
0x0000000050da0000 - 0x0000000050db3000 	C:\Windows\system32\CLXWIN32.DLL
0x000000000d000000 - 0x000000000d045000 	C:\Windows\system32\NETWIN32.DLL
0x000007fef8ee0000 - 0x000007fef8f25000 	C:\Windows\system32\NWSHLXNT.dll
0x000007fefa5a0000 - 0x000007fefa5b6000 	C:\Windows\system32\NETAPI32.dll
0x000007fefa580000 - 0x000007fefa58c000 	C:\Windows\system32\netutils.dll
0x000007fefc950000 - 0x000007fefc973000 	C:\Windows\system32\srvcli.dll
0x000007fefa560000 - 0x000007fefa575000 	C:\Windows\system32\wkscli.dll
0x000007fefa540000 - 0x000007fefa554000 	C:\Windows\system32\SAMCLI.DLL
0x000007fef8fd0000 - 0x000007fef8fe2000 	C:\Windows\system32\BROWCLI.DLL
0x000007fefc110000 - 0x000007fefc121000 	C:\Windows\system32\WTSAPI32.dll
0x0000000074a00000 - 0x0000000074a05000 	C:\Windows\system32\nls\FRANCAIS\NCLangIDR.DLL
0x0000000073ae0000 - 0x0000000073af7000 	C:\Windows\system32\nls\FRANCAIS\MAPBASER.DLL
0x0000000073ac0000 - 0x0000000073ada000 	C:\Windows\system32\nls\FRANCAIS\NWSHLXNTR.DLL
0x0000000073a40000 - 0x0000000073abc000 	C:\Windows\system32\nls\FRANCAIS\ncnetproviderR.DLL
0x000007fefcca0000 - 0x000007fefccc5000 	C:\Windows\system32\SspiCli.dll
0x000007fef59b0000 - 0x000007fef59ba000 	C:\Windows\System32\drprov.dll
0x000007fefcd30000 - 0x000007fefcd6d000 	C:\Windows\System32\WINSTA.dll
0x000007fef5590000 - 0x000007fef55b2000 	C:\Windows\System32\ntlanman.dll
0x000007fef5570000 - 0x000007fef558d000 	C:\Windows\System32\davclnt.dll
0x000007fef5560000 - 0x000007fef556a000 	C:\Windows\System32\DAVHLPR.dll
0x000007fef6420000 - 0x000007fef642f000 	C:\Windows\system32\cscapi.dll
0x000007fee9950000 - 0x000007fee9bc1000 	C:\Windows\system32\wpdshext.dll
0x000007fefb1a0000 - 0x000007fefb3b6000 	C:\Windows\WinSxS\amd64_microsoft.windows.gdiplus_6595b64144ccf1df_1.1.7601.18455_none_2b283fd671e9bf4d\gdiplus.dll
0x000007fef4cf0000 - 0x000007fef4dad000 	C:\Windows\system32\PortableDeviceApi.dll
0x000007fef5cf0000 - 0x000007fef5d25000 	C:\Windows\system32\EhStorShell.dll
0x000007feefdf0000 - 0x000007feefe17000 	C:\Windows\system32\EhStorAPI.dll
0x000007fef5a00000 - 0x000007fef5a0c000 	C:\Windows\system32\LINKINFO.dll
0x000007fefaa70000 - 0x000007fefabd1000 	C:\Windows\system32\WindowsCodecs.dll
0x0000000071980000 - 0x0000000071996000 	C:\Program Files\Common Files\TortoiseOverlays\TortoiseOverlays.dll
0x0000000071960000 - 0x0000000071977000 	C:\Program Files\TortoiseSVN\bin\TortoiseStub.dll
0x00000000718e0000 - 0x000000007195d000 	C:\Program Files\TortoiseSVN\bin\TortoiseSVN.dll
0x000007fefecf0000 - 0x000007fefef1c000 	C:\Windows\system32\WININET.dll
0x000007fefd280000 - 0x000007fefd284000 	C:\Windows\system32\api-ms-win-downlevel-user32-l1-1-0.dll
0x000007fefcfc0000 - 0x000007fefcfc5000 	C:\Windows\system32\api-ms-win-downlevel-advapi32-l1-1-0.dll
0x000007fefd080000 - 0x000007fefd084000 	C:\Windows\system32\api-ms-win-downlevel-shlwapi-l1-1-0.dll
0x000007fefd220000 - 0x000007fefd224000 	C:\Windows\system32\api-ms-win-downlevel-version-l1-1-0.dll
0x000007fefcfb0000 - 0x000007fefcfb3000 	C:\Windows\system32\api-ms-win-downlevel-normaliz-l1-1-0.dll
0x0000000077260000 - 0x0000000077263000 	C:\Windows\system32\normaliz.DLL
0x000007fefdc30000 - 0x000007fefdebe000 	C:\Windows\system32\iertutil.dll
0x000007fefd090000 - 0x000007fefd0ae000 	C:\Windows\system32\USERENV.dll
0x000007fef6580000 - 0x000007fef69f6000 	C:\Program Files\TortoiseSVN\bin\libsvn_tsvn.dll
0x00000000718b0000 - 0x00000000718de000 	C:\Program Files\TortoiseSVN\bin\libapr_tsvn.dll
0x000007fef6470000 - 0x000007fef6544000 	C:\Windows\system32\MSVCR110.dll
0x0000000071850000 - 0x0000000071895000 	C:\Program Files\TortoiseSVN\bin\libaprutil_tsvn.dll
0x000007fef6450000 - 0x000007fef6461000 	C:\Program Files\TortoiseSVN\bin\intl3_tsvn.dll
0x000007fef6430000 - 0x000007fef6449000 	C:\Program Files\TortoiseSVN\bin\libsasl.dll
0x000007fefcaf0000 - 0x000007fefcafb000 	C:\Windows\system32\Secur32.dll
0x000007fef6370000 - 0x000007fef6417000 	C:\Windows\system32\MSVCP110.dll
0x0000000071740000 - 0x000000007175b000 	C:\Program Files\TortoiseGit\bin\TortoiseGitStub.dll
0x00000000716b0000 - 0x000000007173e000 	C:\Program Files\TortoiseGit\bin\TortoiseGit.dll
0x000007fef6240000 - 0x000007fef630e000 	C:\Program Files\TortoiseGit\bin\libgit2_tgit.dll
0x000007fef6220000 - 0x000007fef6238000 	C:\Program Files\TortoiseGit\bin\zlib1_tgit.dll
0x000007fef6130000 - 0x000007fef621f000 	C:\Windows\system32\MSVCR120.dll

VM Arguments:
jvm_args: -Xdebug -Xrunjdwp:transport=dt_socket,server=n,address=49324 -Xmx2G 
java_command: fr.ird.voxelidar.Principal
Launcher Type: SUN_STANDARD

Environment Variables:
JAVA_HOME=C:\Program Files\Java\jdk1.7.0_67
CLASSPATH=C:\Program Files\OpenNI\Bin64\org.OpenNI.jar
PATH=C:\Program Files\Java\jdk1.7.0_67\bin;C:\Python27\Lib\site-packages\PyQt4;C:\Program Files (x86)\Common Files\Intergraph\Grid Analysis SDK\1.0\Program;C:\Windows\system32;C:\Windows;C:\Windows\System32\Wbem;C:\Windows\System32\WindowsPowerShell\v1.0\;C:\Windows\Program Files (x86)\Common Files\Roxio Shared\DLLShared\;C:\Program Files (x86)\Common Files\Roxio Shared\10.0\DLLShared\;C:\Windows\Program Files\Java\jdk1.7.0_67\bin;C:\Program Files\java\ssj\lib\;C:\Program Files\MATLAB\R2010a\bin;C:\Program Files\OpenNI\Bin64;C:\Program Files\PCL 1.6.0\bin;C:\Program Files\TortoiseSVN\bin;C:\Program Files\Microsoft SQL Server\110\Tools\Binn\;C:\MinGW3\bin;C:\Program Files\TortoiseGit\bin;c:\users\julien\appdata\local\enthought\canopy\user;c:\users\julien\appdata\local\enthought\canopy\user\scripts
USERNAME=Julien
OS=Windows_NT
PROCESSOR_IDENTIFIER=Intel64 Family 6 Model 44 Stepping 2, GenuineIntel



---------------  S Y S T E M  ---------------

OS: Windows 7 , 64 bit Build 7601 Service Pack 1

CPU:total 8 (4 cores per cpu, 2 threads per core) family 6 model 44 stepping 2, cmov, cx8, fxsr, mmx, sse, sse2, sse3, ssse3, sse4.1, sse4.2, popcnt, aes, ht, tsc, tscinvbit, tscinv

Memory: 4k page, physical 25148644k(18999504k free), swap 50295424k(43885396k free)

vm_info: Java HotSpot(TM) 64-Bit Server VM (24.65-b04) for windows-amd64 JRE (1.7.0_67-b01), built on Jul 25 2014 08:55:00 by "java_re" with unknown MS VC++:1600

time: Wed Dec 17 08:44:21 2014
elapsed time: 104 seconds

