#
# A fatal error has been detected by the Java Runtime Environment:
#
#  EXCEPTION_ACCESS_VIOLATION (0xc0000005) at pc=0x0000000060ea0539, pid=1608, tid=1300
#
# JRE version: Java(TM) SE Runtime Environment (7.0_67-b01) (build 1.7.0_67-b01)
# Java VM: Java HotSpot(TM) 64-Bit Server VM (24.65-b04 mixed mode windows-amd64 compressed oops)
# Problematic frame:
# C  0x0000000060ea0539
#
# Failed to write core dump. Minidumps are not enabled by default on client versions of Windows
#
# If you would like to submit a bug report, please visit:
#   http://bugreport.sun.com/bugreport/crash.jsp
# The crash happened outside the Java Virtual Machine in native code.
# See problematic frame for where to report the bug.
#

---------------  T H R E A D  ---------------

Current thread (0x000000000c3d0000):  JavaThread "AWT-EventQueue-0" [_thread_in_native, id=1300, stack(0x0000000015750000,0x0000000015850000)]

siginfo: ExceptionCode=0xc0000005, reading address 0x0000000000001100

Registers:
RAX=0x0000000000000000, RBX=0x000000077c029d28, RCX=0x0000000000000003, RDX=0x000000001584ce18
RSP=0x000000001584cd58, RBP=0x000000001584cde0, RSI=0x0000000000000010, RDI=0x00000007daf2d468
R8 =0x0000000000000003, R9 =0x0000000060ea0530, R10=0x00000000027494dd, R11=0x00000000626a2a70
R12=0x0000000000000000, R13=0x000000077c029d28, R14=0x000000001584ce18, R15=0x000000000c3d0000
RIP=0x0000000060ea0539, EFLAGS=0x0000000000010202

Top of Stack: (sp=0x000000001584cd58)
0x000000001584cd58:   0000000002749509 0000000000000010
0x000000001584cd68:   0000000781ca50c0 00000007daf2d420
0x000000001584cd78:   000000001584cd78 000000077ae0523d
0x000000001584cd88:   000000001584cdd0 000000077aeaf9d8
0x000000001584cd98:   0000000000000000 000000001584cda0
0x000000001584cda8:   0000000000000000 000000001584ce18
0x000000001584cdb8:   000000077c176828 0000000000000000
0x000000001584cdc8:   000000077c029d28 0000000000000000
0x000000001584cdd8:   000000001584ce00 000000001584ce60
0x000000001584cde8:   0000000002736198 0000000000000000
0x000000001584cdf8:   0000000002743a58 0000000060ea0530
0x000000001584ce08:   000000001584ce60 0000000000000003
0x000000001584ce18:   00000007843ae7e8 000000001584ce20
0x000000001584ce28:   000000077c029c5a 000000001584ce88
0x000000001584ce38:   000000077c176828 0000000000000000
0x000000001584ce48:   000000077c029c68 000000001584ce00 

Instructions: (pc=0x0000000060ea0539)
0x0000000060ea0519:   af af af af af af af c3 cc cc cc cc cc cc cc cc
0x0000000060ea0529:   cc cc cc cc cc cc cc 65 48 8b 04 25 20 16 00 00
0x0000000060ea0539:   ff a0 00 11 00 00 cc cc cc cc cc cc cc cc cc cc
0x0000000060ea0549:   cc cc cc cc cc cc cc cc cc cc cc cc cc cc cc cc 


Register to memory mapping:

RAX=0x0000000000000000 is an unknown value
RBX=0x000000077c029d28 is an oop
{method} 
 - klass: {other class}
RCX=0x0000000000000003 is an unknown value
RDX=0x000000001584ce18 is pointing into the stack for thread: 0x000000000c3d0000
RSP=0x000000001584cd58 is pointing into the stack for thread: 0x000000000c3d0000
RBP=0x000000001584cde0 is pointing into the stack for thread: 0x000000000c3d0000
RSI=0x0000000000000010 is an unknown value
RDI=0x00000007daf2d468 is an unknown value
R8 =0x0000000000000003 is an unknown value
R9 =0x0000000060ea0530 is an unknown value
R10=0x00000000027494dd is at code_begin+1277 in an Interpreter codelet
method entry point (kind = native)  [0x0000000002748fe0, 0x0000000002749ea0]  3776 bytes
R11=0x00000000626a2a70 is an unknown value
R12=0x0000000000000000 is an unknown value
R13=0x000000077c029d28 is an oop
{method} 
 - klass: {other class}
R14=0x000000001584ce18 is pointing into the stack for thread: 0x000000000c3d0000
R15=0x000000000c3d0000 is a thread


Stack: [0x0000000015750000,0x0000000015850000],  sp=0x000000001584cd58,  free space=1011k
Native frames: (J=compiled Java code, j=interpreted, Vv=VM code, C=native code)
C  0x0000000060ea0539
j  jogamp.opengl.gl4.GL4bcImpl.glUseProgram(I)V+34
j  fr.ird.voxelidar.graphics3d.jogl.JoglListener$1.projMatrixChanged(Lfr/ird/voxelidar/math/matrix/Mat4F;)V+90
j  fr.ird.voxelidar.graphics3d.object.camera.TrackballCamera.fireProjectionMatrixChanged(Lfr/ird/voxelidar/math/matrix/Mat4F;)V+34
j  fr.ird.voxelidar.graphics3d.object.camera.TrackballCamera.updateProjMatrix()V+69
j  fr.ird.voxelidar.graphics3d.object.camera.TrackballCamera.setOrthographic(FFFFFF)V+39
j  fr.ird.voxelidar.frame.JFrameTools.jPanel21MouseClicked(Ljava/awt/event/MouseEvent;)V+141
j  fr.ird.voxelidar.frame.JFrameTools.access$1100(Lfr/ird/voxelidar/frame/JFrameTools;Ljava/awt/event/MouseEvent;)V+2
j  fr.ird.voxelidar.frame.JFrameTools$12.mouseClicked(Ljava/awt/event/MouseEvent;)V+5
j  java.awt.Component.processMouseEvent(Ljava/awt/event/MouseEvent;)V+74
j  javax.swing.JComponent.processMouseEvent(Ljava/awt/event/MouseEvent;)V+23
j  java.awt.Component.processEvent(Ljava/awt/AWTEvent;)V+81
j  java.awt.Container.processEvent(Ljava/awt/AWTEvent;)V+18
j  java.awt.Component.dispatchEventImpl(Ljava/awt/AWTEvent;)V+581
J 415 C2 java.awt.Container.dispatchEventImpl(Ljava/awt/AWTEvent;)V (129 bytes) @ 0x00000000028b32ec [0x00000000028b3060+0x28c]
j  java.awt.Component.dispatchEvent(Ljava/awt/AWTEvent;)V+2
j  java.awt.LightweightDispatcher.retargetMouseEvent(Ljava/awt/Component;ILjava/awt/event/MouseEvent;)V+327
j  java.awt.LightweightDispatcher.processMouseEvent(Ljava/awt/event/MouseEvent;)Z+157
J 415 C2 java.awt.Container.dispatchEventImpl(Ljava/awt/AWTEvent;)V (129 bytes) @ 0x00000000028b3424 [0x00000000028b3060+0x3c4]
j  java.awt.Window.dispatchEventImpl(Ljava/awt/AWTEvent;)V+19
j  java.awt.Component.dispatchEvent(Ljava/awt/AWTEvent;)V+2
j  java.awt.EventQueue.dispatchEventImpl(Ljava/awt/AWTEvent;Ljava/lang/Object;)V+41
j  java.awt.EventQueue.access$200(Ljava/awt/EventQueue;Ljava/awt/AWTEvent;Ljava/lang/Object;)V+3
j  java.awt.EventQueue$3.run()Ljava/lang/Void;+12
j  java.awt.EventQueue$3.run()Ljava/lang/Object;+1
v  ~StubRoutines::call_stub

Java frames: (J=compiled Java code, j=interpreted, Vv=VM code)
j  jogamp.opengl.gl4.GL4bcImpl.dispatch_glUseProgram1(IJ)V+0
j  jogamp.opengl.gl4.GL4bcImpl.glUseProgram(I)V+34
j  fr.ird.voxelidar.graphics3d.jogl.JoglListener$1.projMatrixChanged(Lfr/ird/voxelidar/math/matrix/Mat4F;)V+90
j  fr.ird.voxelidar.graphics3d.object.camera.TrackballCamera.fireProjectionMatrixChanged(Lfr/ird/voxelidar/math/matrix/Mat4F;)V+34
j  fr.ird.voxelidar.graphics3d.object.camera.TrackballCamera.updateProjMatrix()V+69
j  fr.ird.voxelidar.graphics3d.object.camera.TrackballCamera.setOrthographic(FFFFFF)V+39
j  fr.ird.voxelidar.frame.JFrameTools.jPanel21MouseClicked(Ljava/awt/event/MouseEvent;)V+141
j  fr.ird.voxelidar.frame.JFrameTools.access$1100(Lfr/ird/voxelidar/frame/JFrameTools;Ljava/awt/event/MouseEvent;)V+2
j  fr.ird.voxelidar.frame.JFrameTools$12.mouseClicked(Ljava/awt/event/MouseEvent;)V+5
j  java.awt.Component.processMouseEvent(Ljava/awt/event/MouseEvent;)V+74
j  javax.swing.JComponent.processMouseEvent(Ljava/awt/event/MouseEvent;)V+23
j  java.awt.Component.processEvent(Ljava/awt/AWTEvent;)V+81
j  java.awt.Container.processEvent(Ljava/awt/AWTEvent;)V+18
j  java.awt.Component.dispatchEventImpl(Ljava/awt/AWTEvent;)V+581
J 415 C2 java.awt.Container.dispatchEventImpl(Ljava/awt/AWTEvent;)V (129 bytes) @ 0x00000000028b32ec [0x00000000028b3060+0x28c]
j  java.awt.Component.dispatchEvent(Ljava/awt/AWTEvent;)V+2
j  java.awt.LightweightDispatcher.retargetMouseEvent(Ljava/awt/Component;ILjava/awt/event/MouseEvent;)V+327
j  java.awt.LightweightDispatcher.processMouseEvent(Ljava/awt/event/MouseEvent;)Z+157
J 415 C2 java.awt.Container.dispatchEventImpl(Ljava/awt/AWTEvent;)V (129 bytes) @ 0x00000000028b3424 [0x00000000028b3060+0x3c4]
j  java.awt.Window.dispatchEventImpl(Ljava/awt/AWTEvent;)V+19
j  java.awt.Component.dispatchEvent(Ljava/awt/AWTEvent;)V+2
j  java.awt.EventQueue.dispatchEventImpl(Ljava/awt/AWTEvent;Ljava/lang/Object;)V+41
j  java.awt.EventQueue.access$200(Ljava/awt/EventQueue;Ljava/awt/AWTEvent;Ljava/lang/Object;)V+3
j  java.awt.EventQueue$3.run()Ljava/lang/Void;+12
j  java.awt.EventQueue$3.run()Ljava/lang/Object;+1
v  ~StubRoutines::call_stub
J 533  java.security.AccessController.doPrivileged(Ljava/security/PrivilegedAction;Ljava/security/AccessControlContext;)Ljava/lang/Object; (0 bytes) @ 0x0000000002806c06 [0x0000000002806ba0+0x66]
j  java.security.ProtectionDomain$1.doIntersectionPrivilege(Ljava/security/PrivilegedAction;Ljava/security/AccessControlContext;Ljava/security/AccessControlContext;)Ljava/lang/Object;+28
j  java.security.ProtectionDomain$1.doIntersectionPrivilege(Ljava/security/PrivilegedAction;Ljava/security/AccessControlContext;)Ljava/lang/Object;+6
j  java.awt.EventQueue$4.run()Ljava/lang/Void;+11
j  java.awt.EventQueue$4.run()Ljava/lang/Object;+1
v  ~StubRoutines::call_stub
J 533  java.security.AccessController.doPrivileged(Ljava/security/PrivilegedAction;Ljava/security/AccessControlContext;)Ljava/lang/Object; (0 bytes) @ 0x0000000002806c06 [0x0000000002806ba0+0x66]
J 338 C2 java.awt.EventDispatchThread.pumpOneEventForFilters(I)V (295 bytes) @ 0x000000000286db9c [0x000000000286cfe0+0xbbc]
j  java.awt.EventDispatchThread.pumpEventsForFilter(ILjava/awt/Conditional;Ljava/awt/EventFilter;)V+35
j  java.awt.EventDispatchThread.pumpEventsForHierarchy(ILjava/awt/Conditional;Ljava/awt/Component;)V+11
j  java.awt.EventDispatchThread.pumpEvents(ILjava/awt/Conditional;)V+4
j  java.awt.EventDispatchThread.pumpEvents(Ljava/awt/Conditional;)V+3
j  java.awt.EventDispatchThread.run()V+9
v  ~StubRoutines::call_stub

---------------  P R O C E S S  ---------------

Java Threads: ( => current thread )
  0x000000000eaa9800 JavaThread "SwingWorker-pool-2-thread-1" daemon [_thread_blocked, id=6840, stack(0x000000001a580000,0x000000001a680000)]
  0x000000000eac6000 JavaThread "AWT-EventQueue-0-FPSAWTAnimator-Timer0" [_thread_in_native, id=4228, stack(0x000000001b0b0000,0x000000001b1b0000)]
  0x000000001702d000 JavaThread "AWT-EventQueue-0-Display-.windows_nil-1-EDT-1" daemon [_thread_in_native, id=6356, stack(0x0000000019830000,0x0000000019930000)]
  0x000000000e65b800 JavaThread "AWT-EventQueue-0-SharedResourceRunner" daemon [_thread_blocked, id=7132, stack(0x000000001ad70000,0x000000001ae70000)]
  0x000000000e733000 JavaThread "D3D Screen Updater" daemon [_thread_blocked, id=4472, stack(0x0000000018210000,0x0000000018310000)]
  0x000000000223a000 JavaThread "DestroyJavaVM" [_thread_blocked, id=5992, stack(0x0000000002630000,0x0000000002730000)]
  0x000000000eae1800 JavaThread "TimerQueue" daemon [_thread_blocked, id=5976, stack(0x0000000017b50000,0x0000000017c50000)]
  0x000000000e517000 JavaThread "org.netbeans.modules.debugger.jpda.visual AWT Access Loop" daemon [_thread_blocked, id=4940, stack(0x0000000016330000,0x0000000016430000)]
  0x000000000e3d0800 JavaThread "Swing-Shell" daemon [_thread_blocked, id=6576, stack(0x00000000158e0000,0x00000000159e0000)]
=>0x000000000c3d0000 JavaThread "AWT-EventQueue-0" [_thread_in_native, id=1300, stack(0x0000000015750000,0x0000000015850000)]
  0x000000000e420800 JavaThread "AWT-Windows" daemon [_thread_in_native, id=1632, stack(0x000000000ee10000,0x000000000ef10000)]
  0x000000000e41c800 JavaThread "AWT-Shutdown" [_thread_blocked, id=4952, stack(0x000000000ebd0000,0x000000000ecd0000)]
  0x000000000e460800 JavaThread "Java2D Disposer" daemon [_thread_blocked, id=3720, stack(0x000000000d3e0000,0x000000000d4e0000)]
  0x000000000c113800 JavaThread "Service Thread" daemon [_thread_blocked, id=1728, stack(0x000000000e2b0000,0x000000000e3b0000)]
  0x000000000c10a800 JavaThread "C2 CompilerThread1" daemon [_thread_blocked, id=1700, stack(0x000000000e190000,0x000000000e290000)]
  0x000000000c106800 JavaThread "C2 CompilerThread0" daemon [_thread_blocked, id=5996, stack(0x000000000e090000,0x000000000e190000)]
  0x000000000c0f6000 JavaThread "JDWP Command Reader" daemon [_thread_in_native, id=3312, stack(0x000000000df90000,0x000000000e090000)]
  0x000000000c0f5000 JavaThread "JDWP Event Helper Thread" daemon [_thread_blocked, id=5936, stack(0x000000000d610000,0x000000000d710000)]
  0x000000000c0e5000 JavaThread "JDWP Transport Listener: dt_socket" daemon [_thread_blocked, id=2068, stack(0x000000000dc80000,0x000000000dd80000)]
  0x000000000af3a000 JavaThread "Attach Listener" daemon [_thread_blocked, id=6620, stack(0x000000000d8a0000,0x000000000d9a0000)]
  0x000000000af27800 JavaThread "Signal Dispatcher" daemon [_thread_blocked, id=3032, stack(0x000000000d770000,0x000000000d870000)]
  0x000000000af24000 JavaThread "Finalizer" daemon [_thread_blocked, id=4628, stack(0x000000000d4f0000,0x000000000d5f0000)]
  0x00000000022cf000 JavaThread "Reference Handler" daemon [_thread_blocked, id=6300, stack(0x000000000d2c0000,0x000000000d3c0000)]

Other Threads:
  0x000000000c0a3800 VMThread [stack: 0x000000000d110000,0x000000000d210000] [id=5720]
  0x000000000c11e000 WatcherThread [stack: 0x000000000de80000,0x000000000df80000] [id=3028]

VM state:not at safepoint (normal execution)

VM Mutex/Monitor currently owned by a thread: None

Heap
 PSYoungGen      total 430080K, used 173262K [0x00000007d5500000, 0x00000007f8b00000, 0x0000000800000000)
  eden space 349696K, 26% used [0x00000007d5500000,0x00000007dafb95c8,0x00000007eaa80000)
  from space 80384K, 99% used [0x00000007f0f80000,0x00000007f5dfa428,0x00000007f5e00000)
  to   space 103424K, 0% used [0x00000007eaa80000,0x00000007eaa80000,0x00000007f0f80000)
 ParOldGen       total 261632K, used 80259K [0x0000000780000000, 0x000000078ff80000, 0x00000007d5500000)
  object space 261632K, 30% used [0x0000000780000000,0x0000000784e60e68,0x000000078ff80000)
 PSPermGen       total 22528K, used 22448K [0x000000077ae00000, 0x000000077c400000, 0x0000000780000000)
  object space 22528K, 99% used [0x000000077ae00000,0x000000077c3ec0e8,0x000000077c400000)

Card table byte_map: [0x0000000005730000,0x0000000005b60000] byte_map_base: 0x0000000001b59000

Polling page: 0x0000000000230000

Code Cache  [0x0000000002730000, 0x00000000029a0000, 0x0000000005730000)
 total_blobs=1326 nmethods=516 adapters=771 free_code_cache=47069Kb largest_free_block=48102976

Compilation events (10 events):
Event: 19.865 Thread 0x000000000c10a800  552             sun.java2d.pipe.Region::getIntersectionXYXY (108 bytes)
Event: 19.865 Thread 0x000000000c106800  553             sun.java2d.pipe.Region::isInsideXYXY (39 bytes)
Event: 19.866 Thread 0x000000000c106800 nmethod 553 0x0000000002931610 code [0x0000000002931740, 0x00000000029317d8]
Event: 19.867 Thread 0x000000000c10a800 nmethod 552 0x0000000002931210 code [0x0000000002931360, 0x0000000002931518]
Event: 20.219 Thread 0x000000000c106800  555             javax.swing.text.GapContent$StickyPosition::getOffset (8 bytes)
Event: 20.221 Thread 0x000000000c106800 nmethod 555 0x0000000002834e50 code [0x0000000002834fa0, 0x0000000002835098]
Event: 20.319 Thread 0x000000000c10a800  556             javax.swing.JComponent::getInsets (23 bytes)
Event: 20.320 Thread 0x000000000c10a800 nmethod 556 0x0000000002834b90 code [0x0000000002834ce0, 0x0000000002834d88]
Event: 20.384 Thread 0x000000000c106800  557             java.awt.geom.Path2D$Iterator::next (35 bytes)
Event: 20.385 Thread 0x000000000c106800 nmethod 557 0x00000000028347d0 code [0x0000000002834920, 0x0000000002834a58]

GC Heap History (10 events):
Event: 14.971 GC heap before
{Heap before GC invocations=4 (full 0):
 PSYoungGen      total 114688K, used 108842K [0x00000007d5500000, 0x00000007dd500000, 0x0000000800000000)
  eden space 98304K, 100% used [0x00000007d5500000,0x00000007db500000,0x00000007db500000)
  from space 16384K, 64% used [0x00000007db500000,0x00000007dbf4aae0,0x00000007dc500000)
  to   space 16384K, 0% used [0x00000007dc500000,0x00000007dc500000,0x00000007dd500000)
 ParOldGen       total 261632K, used 16K [0x0000000780000000, 0x000000078ff80000, 0x00000007d5500000)
  object space 261632K, 0% used [0x0000000780000000,0x0000000780004000,0x000000078ff80000)
 PSPermGen       total 22528K, used 22130K [0x000000077ae00000, 0x000000077c400000, 0x0000000780000000)
  object space 22528K, 98% used [0x000000077ae00000,0x000000077c39c888,0x000000077c400000)
Event: 14.985 GC heap after
Heap after GC invocations=4 (full 0):
 PSYoungGen      total 114688K, used 16381K [0x00000007d5500000, 0x00000007dd500000, 0x0000000800000000)
  eden space 98304K, 0% used [0x00000007d5500000,0x00000007d5500000,0x00000007db500000)
  from space 16384K, 99% used [0x00000007dc500000,0x00000007dd4ff788,0x00000007dd500000)
  to   space 16384K, 0% used [0x00000007db500000,0x00000007db500000,0x00000007dc500000)
 ParOldGen       total 261632K, used 1795K [0x0000000780000000, 0x000000078ff80000, 0x00000007d5500000)
  object space 261632K, 0% used [0x0000000780000000,0x00000007801c0e70,0x000000078ff80000)
 PSPermGen       total 22528K, used 22130K [0x000000077ae00000, 0x000000077c400000, 0x0000000780000000)
  object space 22528K, 98% used [0x000000077ae00000,0x000000077c39c888,0x000000077c400000)
}
Event: 15.093 GC heap before
{Heap before GC invocations=5 (full 0):
 PSYoungGen      total 114688K, used 114685K [0x00000007d5500000, 0x00000007dd500000, 0x0000000800000000)
  eden space 98304K, 100% used [0x00000007d5500000,0x00000007db500000,0x00000007db500000)
  from space 16384K, 99% used [0x00000007dc500000,0x00000007dd4ff788,0x00000007dd500000)
  to   space 16384K, 0% used [0x00000007db500000,0x00000007db500000,0x00000007dc500000)
 ParOldGen       total 261632K, used 1795K [0x0000000780000000, 0x000000078ff80000, 0x00000007d5500000)
  object space 261632K, 0% used [0x0000000780000000,0x00000007801c0e70,0x000000078ff80000)
 PSPermGen       total 22528K, used 22138K [0x000000077ae00000, 0x000000077c400000, 0x0000000780000000)
  object space 22528K, 98% used [0x000000077ae00000,0x000000077c39eb58,0x000000077c400000)
Event: 15.141 GC heap after
Heap after GC invocations=5 (full 0):
 PSYoungGen      total 114688K, used 16365K [0x00000007d5500000, 0x00000007e6400000, 0x0000000800000000)
  eden space 98304K, 0% used [0x00000007d5500000,0x00000007d5500000,0x00000007db500000)
  from space 16384K, 99% used [0x00000007db500000,0x00000007dc4fb6d0,0x00000007dc500000)
  to   space 40448K, 0% used [0x00000007e3c80000,0x00000007e3c80000,0x00000007e6400000)
 ParOldGen       total 261632K, used 27590K [0x0000000780000000, 0x000000078ff80000, 0x00000007d5500000)
  object space 261632K, 10% used [0x0000000780000000,0x0000000781af1a68,0x000000078ff80000)
 PSPermGen       total 22528K, used 22138K [0x000000077ae00000, 0x000000077c400000, 0x0000000780000000)
  object space 22528K, 98% used [0x000000077ae00000,0x000000077c39eb58,0x000000077c400000)
}
Event: 15.250 GC heap before
{Heap before GC invocations=6 (full 0):
 PSYoungGen      total 114688K, used 114669K [0x00000007d5500000, 0x00000007e6400000, 0x0000000800000000)
  eden space 98304K, 100% used [0x00000007d5500000,0x00000007db500000,0x00000007db500000)
  from space 16384K, 99% used [0x00000007db500000,0x00000007dc4fb6d0,0x00000007dc500000)
  to   space 40448K, 0% used [0x00000007e3c80000,0x00000007e3c80000,0x00000007e6400000)
 ParOldGen       total 261632K, used 27590K [0x0000000780000000, 0x000000078ff80000, 0x00000007d5500000)
  object space 261632K, 10% used [0x0000000780000000,0x0000000781af1a68,0x000000078ff80000)
 PSPermGen       total 22528K, used 22139K [0x000000077ae00000, 0x000000077c400000, 0x0000000780000000)
  object space 22528K, 98% used [0x000000077ae00000,0x000000077c39ece8,0x000000077c400000)
Event: 15.284 GC heap after
Heap after GC invocations=6 (full 0):
 PSYoungGen      total 226816K, used 40438K [0x00000007d5500000, 0x00000007e7800000, 0x0000000800000000)
  eden space 186368K, 0% used [0x00000007d5500000,0x00000007d5500000,0x00000007e0b00000)
  from space 40448K, 99% used [0x00000007e3c80000,0x00000007e63fd888,0x00000007e6400000)
  to   space 50688K, 0% used [0x00000007e0b00000,0x00000007e0b00000,0x00000007e3c80000)
 ParOldGen       total 261632K, used 28246K [0x0000000780000000, 0x000000078ff80000, 0x00000007d5500000)
  object space 261632K, 10% used [0x0000000780000000,0x0000000781b95a68,0x000000078ff80000)
 PSPermGen       total 22528K, used 22139K [0x000000077ae00000, 0x000000077c400000, 0x0000000780000000)
  object space 22528K, 98% used [0x000000077ae00000,0x000000077c39ece8,0x000000077c400000)
}
Event: 15.515 GC heap before
{Heap before GC invocations=7 (full 0):
 PSYoungGen      total 226816K, used 226806K [0x00000007d5500000, 0x00000007e7800000, 0x0000000800000000)
  eden space 186368K, 100% used [0x00000007d5500000,0x00000007e0b00000,0x00000007e0b00000)
  from space 40448K, 99% used [0x00000007e3c80000,0x00000007e63fd888,0x00000007e6400000)
  to   space 50688K, 0% used [0x00000007e0b00000,0x00000007e0b00000,0x00000007e3c80000)
 ParOldGen       total 261632K, used 28246K [0x0000000780000000, 0x000000078ff80000, 0x00000007d5500000)
  object space 261632K, 10% used [0x0000000780000000,0x0000000781b95a68,0x000000078ff80000)
 PSPermGen       total 22528K, used 22145K [0x000000077ae00000, 0x000000077c400000, 0x0000000780000000)
  object space 22528K, 98% used [0x000000077ae00000,0x000000077c3a0598,0x000000077c400000)
Event: 15.597 GC heap after
Heap after GC invocations=7 (full 0):
 PSYoungGen      total 237056K, used 50658K [0x00000007d5500000, 0x00000007f5e00000, 0x0000000800000000)
  eden space 186368K, 0% used [0x00000007d5500000,0x00000007d5500000,0x00000007e0b00000)
  from space 50688K, 99% used [0x00000007e0b00000,0x00000007e3c788e0,0x00000007e3c80000)
  to   space 80384K, 0% used [0x00000007f0f80000,0x00000007f0f80000,0x00000007f5e00000)
 ParOldGen       total 261632K, used 64832K [0x0000000780000000, 0x000000078ff80000, 0x00000007d5500000)
  object space 261632K, 24% used [0x0000000780000000,0x0000000783f50358,0x000000078ff80000)
 PSPermGen       total 22528K, used 22145K [0x000000077ae00000, 0x000000077c400000, 0x0000000780000000)
  object space 22528K, 98% used [0x000000077ae00000,0x000000077c3a0598,0x000000077c400000)
}
Event: 15.906 GC heap before
{Heap before GC invocations=8 (full 0):
 PSYoungGen      total 237056K, used 237026K [0x00000007d5500000, 0x00000007f5e00000, 0x0000000800000000)
  eden space 186368K, 100% used [0x00000007d5500000,0x00000007e0b00000,0x00000007e0b00000)
  from space 50688K, 99% used [0x00000007e0b00000,0x00000007e3c788e0,0x00000007e3c80000)
  to   space 80384K, 0% used [0x00000007f0f80000,0x00000007f0f80000,0x00000007f5e00000)
 ParOldGen       total 261632K, used 64832K [0x0000000780000000, 0x000000078ff80000, 0x00000007d5500000)
  object space 261632K, 24% used [0x0000000780000000,0x0000000783f50358,0x000000078ff80000)
 PSPermGen       total 22528K, used 22162K [0x000000077ae00000, 0x000000077c400000, 0x0000000780000000)
  object space 22528K, 98% used [0x000000077ae00000,0x000000077c3a4ba0,0x000000077c400000)
Event: 15.976 GC heap after
Heap after GC invocations=8 (full 0):
 PSYoungGen      total 430080K, used 80361K [0x00000007d5500000, 0x00000007f8b00000, 0x0000000800000000)
  eden space 349696K, 0% used [0x00000007d5500000,0x00000007d5500000,0x00000007eaa80000)
  from space 80384K, 99% used [0x00000007f0f80000,0x00000007f5dfa428,0x00000007f5e00000)
  to   space 103424K, 0% used [0x00000007eaa80000,0x00000007eaa80000,0x00000007f0f80000)
 ParOldGen       total 261632K, used 80259K [0x0000000780000000, 0x000000078ff80000, 0x00000007d5500000)
  object space 261632K, 30% used [0x0000000780000000,0x0000000784e60e68,0x000000078ff80000)
 PSPermGen       total 22528K, used 22162K [0x000000077ae00000, 0x000000077c400000, 0x0000000780000000)
  object space 22528K, 98% used [0x000000077ae00000,0x000000077c3a4ba0,0x000000077c400000)
}

Deoptimization events (10 events):
Event: 16.454 Thread 0x000000000eac6000 Uncommon trap: reason=class_check action=maybe_recompile pc=0x00000000028ece48 method=javax.swing.event.EventListenerList.getListeners(Ljava/lang/Class;)[Ljava/util/EventListener; @ 17
Event: 16.456 Thread 0x000000000eac6000 Uncommon trap: reason=class_check action=maybe_recompile pc=0x00000000028ece48 method=javax.swing.event.EventListenerList.getListeners(Ljava/lang/Class;)[Ljava/util/EventListener; @ 17
Event: 16.457 Thread 0x000000000eac6000 Uncommon trap: reason=class_check action=maybe_recompile pc=0x00000000028ece48 method=javax.swing.event.EventListenerList.getListeners(Ljava/lang/Class;)[Ljava/util/EventListener; @ 17
Event: 17.150 Thread 0x000000000eac6000 Uncommon trap: reason=class_check action=maybe_recompile pc=0x00000000028ece48 method=javax.swing.event.EventListenerList.getListeners(Ljava/lang/Class;)[Ljava/util/EventListener; @ 17
Event: 17.223 Thread 0x000000000eac6000 Uncommon trap: reason=predicate action=maybe_recompile pc=0x0000000002929234 method=javax.swing.event.EventListenerList.getListeners(Ljava/lang/Class;)[Ljava/util/EventListener; @ 39
Event: 17.410 Thread 0x000000000eac6000 Uncommon trap: reason=array_check action=maybe_recompile pc=0x000000000292b03c method=javax.swing.event.EventListenerList.getListeners(Ljava/lang/Class;)[Ljava/util/EventListener; @ 63
Event: 17.411 Thread 0x000000000eac6000 Uncommon trap: reason=array_check action=maybe_recompile pc=0x000000000292b03c method=javax.swing.event.EventListenerList.getListeners(Ljava/lang/Class;)[Ljava/util/EventListener; @ 63
Event: 17.411 Thread 0x000000000eac6000 Uncommon trap: reason=array_check action=maybe_recompile pc=0x000000000292b03c method=javax.swing.event.EventListenerList.getListeners(Ljava/lang/Class;)[Ljava/util/EventListener; @ 63
Event: 17.482 Thread 0x000000000eac6000 Uncommon trap: reason=array_check action=maybe_recompile pc=0x000000000292b03c method=javax.swing.event.EventListenerList.getListeners(Ljava/lang/Class;)[Ljava/util/EventListener; @ 63
Event: 20.961 Thread 0x000000000c3d0000 Uncommon trap: reason=class_check action=maybe_recompile pc=0x0000000002851404 method=java.awt.Container.getMouseEventTargetImpl(IIZLjava/awt/Container$EventTargetFilter;ZZ)Ljava/awt/Component; @ 191

Internal exceptions (10 events):
Event: 16.268 Thread 0x000000000eac6000 Threw 0x00000007da5d5e00 at C:\re\jdk7u67\1368\hotspot\src\share\vm\prims\jvm.cpp:1244
Event: 16.269 Thread 0x000000000eac6000 Threw 0x00000007da5dbe48 at C:\re\jdk7u67\1368\hotspot\src\share\vm\prims\jvm.cpp:1244
Event: 16.270 Thread 0x000000000eac6000 Threw 0x00000007da5e11b8 at C:\re\jdk7u67\1368\hotspot\src\share\vm\prims\jvm.cpp:1244
Event: 16.271 Thread 0x000000000eac6000 Threw 0x00000007da5e6600 at C:\re\jdk7u67\1368\hotspot\src\share\vm\prims\jvm.cpp:1244
Event: 16.364 Thread 0x000000000eac6000 Threw 0x00000007da717768 at C:\re\jdk7u67\1368\hotspot\src\share\vm\prims\jvm.cpp:1244
Event: 16.364 Thread 0x000000000eac6000 Threw 0x00000007da719820 at C:\re\jdk7u67\1368\hotspot\src\share\vm\prims\jvm.cpp:1244
Event: 16.365 Thread 0x000000000eac6000 Threw 0x00000007da71bfc0 at C:\re\jdk7u67\1368\hotspot\src\share\vm\prims\jvm.cpp:1244
Event: 16.366 Thread 0x000000000eac6000 Threw 0x00000007da720ce8 at C:\re\jdk7u67\1368\hotspot\src\share\vm\prims\jvm.cpp:1244
Event: 16.456 Thread 0x000000000eac6000 Threw 0x00000007da7247c8 at C:\re\jdk7u67\1368\hotspot\src\share\vm\prims\jvm.cpp:1244
Event: 22.034 Thread 0x000000000c3d0000 Threw 0x00000007daf11630 at C:\re\jdk7u67\1368\hotspot\src\share\vm\prims\jvm.cpp:1244

Events (10 events):
Event: 17.945 Thread 0x000000000c10a800 flushing nmethod 0x000000000280db90
Event: 18.291 Thread 0x000000000c10a800 flushing nmethod 0x0000000002822410
Event: 18.778 Thread 0x000000000c106800 flushing nmethod 0x0000000002834650
Event: 19.224 Thread 0x000000000c106800 flushing nmethod 0x00000000028c4b50
Event: 19.224 Thread 0x000000000c106800 flushing nmethod 0x00000000028c7010
Event: 20.961 Thread 0x000000000c3d0000 Uncommon trap: trap_request=0xffffffde fr.pc=0x0000000002851404
Event: 20.961 Thread 0x000000000c3d0000 DEOPT PACKING pc=0x0000000002851404 sp=0x000000001584d350
Event: 20.961 Thread 0x000000000c3d0000 DEOPT UNPACKING pc=0x0000000002769064 sp=0x000000001584d358 mode 2
Event: 22.034 loading class 0x000000000e402110
Event: 22.034 loading class 0x000000000e402110 done


Dynamic libraries:
0x000000013f9f0000 - 0x000000013fa23000 	C:\Program Files\Java\jdk1.7.0_67\bin\java.exe
0x0000000077090000 - 0x0000000077239000 	C:\Windows\SYSTEM32\ntdll.dll
0x0000000076e70000 - 0x0000000076f8f000 	C:\Windows\system32\kernel32.dll
0x000007fefcfd0000 - 0x000007fefd03c000 	C:\Windows\system32\KERNELBASE.dll
0x000007feff070000 - 0x000007feff14b000 	C:\Windows\system32\ADVAPI32.dll
0x000007fefda00000 - 0x000007fefda9f000 	C:\Windows\system32\msvcrt.dll
0x000007fefd6f0000 - 0x000007fefd70f000 	C:\Windows\SYSTEM32\sechost.dll
0x000007feff200000 - 0x000007feff32d000 	C:\Windows\system32\RPCRT4.dll
0x0000000076f90000 - 0x000000007708a000 	C:\Windows\system32\USER32.dll
0x000007feff330000 - 0x000007feff397000 	C:\Windows\system32\GDI32.dll
0x000007fefd9f0000 - 0x000007fefd9fe000 	C:\Windows\system32\LPK.dll
0x000007fefefa0000 - 0x000007feff069000 	C:\Windows\system32\USP10.dll
0x000007fefb8b0000 - 0x000007fefbaa4000 	C:\Windows\WinSxS\amd64_microsoft.windows.common-controls_6595b64144ccf1df_6.0.7601.17514_none_fa396087175ac9ac\COMCTL32.dll
0x000007fefef20000 - 0x000007fefef91000 	C:\Windows\system32\SHLWAPI.dll
0x000007fefd9c0000 - 0x000007fefd9ee000 	C:\Windows\system32\IMM32.DLL
0x000007fefd5e0000 - 0x000007fefd6e9000 	C:\Windows\system32\MSCTF.dll
0x000000006a320000 - 0x000000006a3f2000 	C:\Program Files\Java\jdk1.7.0_67\jre\bin\msvcr100.dll
0x00000000624c0000 - 0x0000000062c92000 	C:\Program Files\Java\jdk1.7.0_67\jre\bin\server\jvm.dll
0x000007fefa310000 - 0x000007fefa319000 	C:\Windows\system32\WSOCK32.dll
0x000007feff1b0000 - 0x000007feff1fd000 	C:\Windows\system32\WS2_32.dll
0x000007fefdb80000 - 0x000007fefdb88000 	C:\Windows\system32\NSI.dll
0x000007fef9910000 - 0x000007fef994b000 	C:\Windows\system32\WINMM.dll
0x0000000077250000 - 0x0000000077257000 	C:\Windows\system32\PSAPI.DLL
0x0000000072f80000 - 0x0000000072f8f000 	C:\Program Files\Java\jdk1.7.0_67\jre\bin\verify.dll
0x0000000072e90000 - 0x0000000072eb8000 	C:\Program Files\Java\jdk1.7.0_67\jre\bin\java.dll
0x0000000064070000 - 0x00000000640a5000 	C:\Program Files\Java\jdk1.7.0_67\jre\bin\jdwp.dll
0x0000000064e90000 - 0x0000000064e98000 	C:\Program Files\Java\jdk1.7.0_67\jre\bin\npt.dll
0x0000000072f20000 - 0x0000000072f35000 	C:\Program Files\Java\jdk1.7.0_67\jre\bin\zip.dll
0x0000000064e10000 - 0x0000000064e19000 	C:\Program Files\Java\jdk1.7.0_67\jre\bin\dt_socket.dll
0x000007fefc670000 - 0x000007fefc6c5000 	C:\Windows\system32\mswsock.dll
0x000007fefc030000 - 0x000007fefc037000 	C:\Windows\System32\wshtcpip.dll
0x0000000072c30000 - 0x0000000072dc5000 	C:\Program Files\Java\jdk1.7.0_67\jre\bin\awt.dll
0x000007fefdaa0000 - 0x000007fefdb77000 	C:\Windows\system32\OLEAUT32.dll
0x000007fefd790000 - 0x000007fefd993000 	C:\Windows\system32\ole32.dll
0x000007fefb550000 - 0x000007fefb568000 	C:\Windows\system32\DWMAPI.DLL
0x000007fefb3c0000 - 0x000007fefb416000 	C:\Windows\system32\uxtheme.dll
0x0000000064b60000 - 0x0000000064b94000 	C:\Fraps\fraps64.dll
0x000007fefcd70000 - 0x000007fefcd7f000 	C:\Windows\system32\CRYPTBASE.dll
0x000007feee720000 - 0x000007feee91f000 	C:\Windows\system32\d3d9.dll
0x000007fefc340000 - 0x000007fefc34c000 	C:\Windows\system32\VERSION.dll
0x000007fefbad0000 - 0x000007fefbad7000 	C:\Windows\system32\d3d8thk.dll
0x000007fee8310000 - 0x000007fee93c5000 	C:\Windows\system32\nvd3dumx.dll
0x000007fefb6a0000 - 0x000007fefb6cc000 	C:\Windows\system32\powrprof.dll
0x000007fefd400000 - 0x000007fefd5d7000 	C:\Windows\system32\SETUPAPI.dll
0x000007fefd230000 - 0x000007fefd266000 	C:\Windows\system32\CFGMGR32.dll
0x000007fefcef0000 - 0x000007fefcf0a000 	C:\Windows\system32\DEVOBJ.dll
0x000007feee920000 - 0x000007feeea8a000 	C:\Program Files (x86)\NVIDIA Corporation\3D Vision\nvSCPAPI64.dll
0x000007fefdf60000 - 0x000007fefece8000 	C:\Windows\system32\SHELL32.dll
0x000007fef93c0000 - 0x000007fef96f3000 	C:\Windows\system32\nvapi64.dll
0x000007fefd040000 - 0x000007fefd07a000 	C:\Windows\system32\WINTRUST.dll
0x000007fefd0b0000 - 0x000007fefd21c000 	C:\Windows\system32\CRYPT32.dll
0x000007fefced0000 - 0x000007fefcedf000 	C:\Windows\system32\MSASN1.dll
0x000007fef9790000 - 0x000007fef9830000 	C:\Windows\WinSxS\amd64_microsoft.windows.common-controls_6595b64144ccf1df_5.82.7601.18201_none_a4d3b9377117c3df\comctl32.dll
0x0000000072e20000 - 0x0000000072e67000 	C:\Program Files\Java\jdk1.7.0_67\jre\bin\fontmanager.dll
0x0000000072f00000 - 0x0000000072f19000 	C:\Program Files\Java\jdk1.7.0_67\jre\bin\net.dll
0x000007fefc660000 - 0x000007fefc667000 	C:\Windows\System32\wship6.dll
0x0000000072e70000 - 0x0000000072e81000 	C:\Program Files\Java\jdk1.7.0_67\jre\bin\nio.dll
0x0000000072be0000 - 0x0000000072c21000 	C:\Program Files\Java\jdk1.7.0_67\jre\bin\t2k.dll
0x000007fefdb90000 - 0x000007fefdc29000 	C:\Windows\system32\CLBCatQ.DLL
0x000007fefb420000 - 0x000007fefb54c000 	C:\Windows\system32\propsys.dll
0x000007fefb580000 - 0x000007fefb5ad000 	C:\Windows\system32\ntmarta.dll
0x000007feff150000 - 0x000007feff1a2000 	C:\Windows\system32\WLDAP32.dll
0x000007fefccd0000 - 0x000007fefcd27000 	C:\Windows\system32\apphelp.dll
0x000007fef5610000 - 0x000007fef57ac000 	C:\Windows\system32\NetworkExplorer.dll
0x000007fef5a10000 - 0x000007fef5a44000 	C:\Windows\System32\shdocvw.dll
0x000007fefcee0000 - 0x000007fefceef000 	C:\Windows\system32\profapi.dll
0x000007fefac80000 - 0x000007fefac8b000 	C:\Windows\system32\slc.dll
0x000007fefa320000 - 0x000007fefa338000 	C:\Windows\system32\MPR.dll
0x0000000072f40000 - 0x0000000072f52000 	C:\Windows\system32\snacnp.dll
0x000007fef8ff0000 - 0x000007fef90e7000 	C:\Windows\system32\ncnetprovider.dll
0x000007fefa340000 - 0x000007fefa35e000 	C:\Windows\system32\NCLangID.dll
0x000007fef9100000 - 0x000007fef912c000 	C:\Windows\system32\MAPBASE.dll
0x0000000050d20000 - 0x0000000050d67000 	C:\Windows\system32\CALWIN32.DLL
0x00000000061d0000 - 0x00000000061f1000 	C:\Windows\system32\CLNWIN32.DLL
0x0000000050df0000 - 0x0000000050e22000 	C:\Windows\system32\LOCWIN32.DLL
0x000000000d210000 - 0x000000000d255000 	C:\Windows\system32\NCPWIN32.dll
0x0000000050da0000 - 0x0000000050db3000 	C:\Windows\system32\CLXWIN32.DLL
0x000000000d260000 - 0x000000000d2a5000 	C:\Windows\system32\NETWIN32.DLL
0x000007fef8ee0000 - 0x000007fef8f25000 	C:\Windows\system32\NWSHLXNT.dll
0x000007fefa5a0000 - 0x000007fefa5b6000 	C:\Windows\system32\NETAPI32.dll
0x000007fefa580000 - 0x000007fefa58c000 	C:\Windows\system32\netutils.dll
0x000007fefc950000 - 0x000007fefc973000 	C:\Windows\system32\srvcli.dll
0x000007fefa560000 - 0x000007fefa575000 	C:\Windows\system32\wkscli.dll
0x000007fefa540000 - 0x000007fefa554000 	C:\Windows\system32\SAMCLI.DLL
0x000007fef8fd0000 - 0x000007fef8fe2000 	C:\Windows\system32\BROWCLI.DLL
0x000007fefc110000 - 0x000007fefc121000 	C:\Windows\system32\WTSAPI32.dll
0x0000000074a00000 - 0x0000000074a05000 	C:\Windows\system32\nls\FRANCAIS\NCLangIDR.DLL
0x0000000073ae0000 - 0x0000000073af7000 	C:\Windows\system32\nls\FRANCAIS\MAPBASER.DLL
0x0000000073ac0000 - 0x0000000073ada000 	C:\Windows\system32\nls\FRANCAIS\NWSHLXNTR.DLL
0x0000000073a40000 - 0x0000000073abc000 	C:\Windows\system32\nls\FRANCAIS\ncnetproviderR.DLL
0x000007fefcca0000 - 0x000007fefccc5000 	C:\Windows\system32\SspiCli.dll
0x000007fef59b0000 - 0x000007fef59ba000 	C:\Windows\System32\drprov.dll
0x000007fefcd30000 - 0x000007fefcd6d000 	C:\Windows\System32\WINSTA.dll
0x000007fef5590000 - 0x000007fef55b2000 	C:\Windows\System32\ntlanman.dll
0x000007fef5570000 - 0x000007fef558d000 	C:\Windows\System32\davclnt.dll
0x000007fef5560000 - 0x000007fef556a000 	C:\Windows\System32\DAVHLPR.dll
0x000007fef6420000 - 0x000007fef642f000 	C:\Windows\system32\cscapi.dll
0x000007feeea90000 - 0x000007feeed01000 	C:\Windows\system32\wpdshext.dll
0x000007fefb1a0000 - 0x000007fefb3b6000 	C:\Windows\WinSxS\amd64_microsoft.windows.gdiplus_6595b64144ccf1df_1.1.7601.18455_none_2b283fd671e9bf4d\gdiplus.dll
0x000007fef4cf0000 - 0x000007fef4dad000 	C:\Windows\system32\PortableDeviceApi.dll
0x000007fef5cf0000 - 0x000007fef5d25000 	C:\Windows\system32\EhStorShell.dll
0x000007fef4c70000 - 0x000007fef4c97000 	C:\Windows\system32\EhStorAPI.dll
0x000007fef5a00000 - 0x000007fef5a0c000 	C:\Windows\system32\LINKINFO.dll
0x000007fefaa70000 - 0x000007fefabd1000 	C:\Windows\system32\WindowsCodecs.dll
0x0000000071980000 - 0x0000000071996000 	C:\Program Files\Common Files\TortoiseOverlays\TortoiseOverlays.dll
0x0000000071960000 - 0x0000000071977000 	C:\Program Files\TortoiseSVN\bin\TortoiseStub.dll
0x00000000718e0000 - 0x000000007195d000 	C:\Program Files\TortoiseSVN\bin\TortoiseSVN.dll
0x000007fefecf0000 - 0x000007fefef1c000 	C:\Windows\system32\WININET.dll
0x000007fefd280000 - 0x000007fefd284000 	C:\Windows\system32\api-ms-win-downlevel-user32-l1-1-0.dll
0x000007fefcfc0000 - 0x000007fefcfc5000 	C:\Windows\system32\api-ms-win-downlevel-advapi32-l1-1-0.dll
0x000007fefd080000 - 0x000007fefd084000 	C:\Windows\system32\api-ms-win-downlevel-shlwapi-l1-1-0.dll
0x000007fefd220000 - 0x000007fefd224000 	C:\Windows\system32\api-ms-win-downlevel-version-l1-1-0.dll
0x000007fefcfb0000 - 0x000007fefcfb3000 	C:\Windows\system32\api-ms-win-downlevel-normaliz-l1-1-0.dll
0x0000000077260000 - 0x0000000077263000 	C:\Windows\system32\normaliz.DLL
0x000007fefdc30000 - 0x000007fefdebe000 	C:\Windows\system32\iertutil.dll
0x000007fefd090000 - 0x000007fefd0ae000 	C:\Windows\system32\USERENV.dll
0x000007fef6580000 - 0x000007fef69f6000 	C:\Program Files\TortoiseSVN\bin\libsvn_tsvn.dll
0x00000000718b0000 - 0x00000000718de000 	C:\Program Files\TortoiseSVN\bin\libapr_tsvn.dll
0x000007fef6470000 - 0x000007fef6544000 	C:\Windows\system32\MSVCR110.dll
0x0000000071850000 - 0x0000000071895000 	C:\Program Files\TortoiseSVN\bin\libaprutil_tsvn.dll
0x000007fef6450000 - 0x000007fef6461000 	C:\Program Files\TortoiseSVN\bin\intl3_tsvn.dll
0x000007fef6430000 - 0x000007fef6449000 	C:\Program Files\TortoiseSVN\bin\libsasl.dll
0x000007fefcaf0000 - 0x000007fefcafb000 	C:\Windows\system32\Secur32.dll
0x000007fef6370000 - 0x000007fef6417000 	C:\Windows\system32\MSVCP110.dll
0x0000000071740000 - 0x000000007175b000 	C:\Program Files\TortoiseGit\bin\TortoiseGitStub.dll
0x00000000716b0000 - 0x000000007173e000 	C:\Program Files\TortoiseGit\bin\TortoiseGit.dll
0x000007fef6240000 - 0x000007fef630e000 	C:\Program Files\TortoiseGit\bin\libgit2_tgit.dll
0x000007fef6220000 - 0x000007fef6238000 	C:\Program Files\TortoiseGit\bin\zlib1_tgit.dll

VM Arguments:
jvm_args: -Xdebug -Xrunjdwp:transport=dt_socket,server=n,address=50706 -Xmx2G 
java_command: fr.ird.voxelidar.Principal
Launcher Type: SUN_STANDARD

Environment Variables:
JAVA_HOME=C:\Program Files\Java\jdk1.7.0_67
CLASSPATH=C:\Program Files\OpenNI\Bin64\org.OpenNI.jar
PATH=C:\Program Files\Java\jdk1.7.0_67\bin;C:\Python27\Lib\site-packages\PyQt4;C:\Program Files (x86)\Common Files\Intergraph\Grid Analysis SDK\1.0\Program;C:\Windows\system32;C:\Windows;C:\Windows\System32\Wbem;C:\Windows\System32\WindowsPowerShell\v1.0\;C:\Windows\Program Files (x86)\Common Files\Roxio Shared\DLLShared\;C:\Program Files (x86)\Common Files\Roxio Shared\10.0\DLLShared\;C:\Windows\Program Files\Java\jdk1.7.0_67\bin;C:\Program Files\java\ssj\lib\;C:\Program Files\MATLAB\R2010a\bin;C:\Program Files\OpenNI\Bin64;C:\Program Files\PCL 1.6.0\bin;C:\Program Files\TortoiseSVN\bin;C:\Program Files\Microsoft SQL Server\110\Tools\Binn\;C:\MinGW3\bin;C:\Program Files\TortoiseGit\bin;c:\users\julien\appdata\local\enthought\canopy\user;c:\users\julien\appdata\local\enthought\canopy\user\scripts
USERNAME=Julien
OS=Windows_NT
PROCESSOR_IDENTIFIER=Intel64 Family 6 Model 44 Stepping 2, GenuineIntel



---------------  S Y S T E M  ---------------

OS: Windows 7 , 64 bit Build 7601 Service Pack 1

CPU:total 8 (4 cores per cpu, 2 threads per core) family 6 model 44 stepping 2, cmov, cx8, fxsr, mmx, sse, sse2, sse3, ssse3, sse4.1, sse4.2, popcnt, aes, ht, tsc, tscinvbit, tscinv

Memory: 4k page, physical 25148644k(17535776k free), swap 50295424k(42360832k free)

vm_info: Java HotSpot(TM) 64-Bit Server VM (24.65-b04) for windows-amd64 JRE (1.7.0_67-b01), built on Jul 25 2014 08:55:00 by "java_re" with unknown MS VC++:1600

time: Wed Dec 17 10:36:50 2014
elapsed time: 22 seconds

