#
# A fatal error has been detected by the Java Runtime Environment:
#
#  EXCEPTION_ACCESS_VIOLATION (0xc0000005) at pc=0x0000000060ea0539, pid=3312, tid=1520
#
# JRE version: Java(TM) SE Runtime Environment (7.0_67-b01) (build 1.7.0_67-b01)
# Java VM: Java HotSpot(TM) 64-Bit Server VM (24.65-b04 mixed mode windows-amd64 compressed oops)
# Problematic frame:
# C  0x0000000060ea0539
#
# Failed to write core dump. Minidumps are not enabled by default on client versions of Windows
#
# If you would like to submit a bug report, please visit:
#   http://bugreport.sun.com/bugreport/crash.jsp
# The crash happened outside the Java Virtual Machine in native code.
# See problematic frame for where to report the bug.
#

---------------  T H R E A D  ---------------

Current thread (0x000000000e8d1000):  JavaThread "AWT-EventQueue-0" [_thread_in_native, id=1520, stack(0x0000000012340000,0x0000000012440000)]

siginfo: ExceptionCode=0xc0000005, reading address 0x0000000000001100

Registers:
RAX=0x0000000000000000, RBX=0x000000077c026828, RCX=0x0000000000000003, RDX=0x000000001243e1f0
RSP=0x000000001243e128, RBP=0x000000001243e1b8, RSI=0x0000000000000010, RDI=0x00000007d61ef768
R8 =0x0000000000000003, R9 =0x0000000060ea0530, R10=0x00000000025694dd, R11=0x00000000626a2a70
R12=0x0000000000000000, R13=0x000000077c026828, R14=0x000000001243e1f0, R15=0x000000000e8d1000
RIP=0x0000000060ea0539, EFLAGS=0x0000000000010206

Top of Stack: (sp=0x000000001243e128)
0x000000001243e128:   0000000002569509 00000000fffffffe
0x000000001243e138:   0000000000000000 0000000000000000
0x000000001243e148:   000000000c365540 000000000c365580
0x000000001243e158:   000000000ef26140 000005c100000000
0x000000001243e168:   0000000b00002e18 000000000e8d1000
0x000000001243e178:   000000001243e178 000000077c026828
0x000000001243e188:   000000001243e1f0 000000077c173898
0x000000001243e198:   0000000000000000 000000077c026828
0x000000001243e1a8:   0000000000000000 000000001243e1d8
0x000000001243e1b8:   000000001243e238 0000000002556198
0x000000001243e1c8:   0000000000000000 0000000002563a58
0x000000001243e1d8:   0000000060ea0530 000000001243e238
0x000000001243e1e8:   0000000000000003 00000007840a1270
0x000000001243e1f8:   000000001243e1f8 000000077c02675a
0x000000001243e208:   000000001243e260 000000077c173898
0x000000001243e218:   0000000000000000 000000077c026768 

Instructions: (pc=0x0000000060ea0539)
0x0000000060ea0519:   af af af af af af af c3 cc cc cc cc cc cc cc cc
0x0000000060ea0529:   cc cc cc cc cc cc cc 65 48 8b 04 25 20 16 00 00
0x0000000060ea0539:   ff a0 00 11 00 00 cc cc cc cc cc cc cc cc cc cc
0x0000000060ea0549:   cc cc cc cc cc cc cc cc cc cc cc cc cc cc cc cc 


Register to memory mapping:

RAX=0x0000000000000000 is an unknown value
RBX=0x000000077c026828 is an oop
{method} 
 - klass: {other class}
RCX=0x0000000000000003 is an unknown value
RDX=0x000000001243e1f0 is pointing into the stack for thread: 0x000000000e8d1000
RSP=0x000000001243e128 is pointing into the stack for thread: 0x000000000e8d1000
RBP=0x000000001243e1b8 is pointing into the stack for thread: 0x000000000e8d1000
RSI=0x0000000000000010 is an unknown value
RDI=0x00000007d61ef768 is an oop
java.lang.String 
 - klass: 'java/lang/String'
R8 =0x0000000000000003 is an unknown value
R9 =0x0000000060ea0530 is an unknown value
R10=0x00000000025694dd is at code_begin+1277 in an Interpreter codelet
method entry point (kind = native)  [0x0000000002568fe0, 0x0000000002569ea0]  3776 bytes
R11=0x00000000626a2a70 is an unknown value
R12=0x0000000000000000 is an unknown value
R13=0x000000077c026828 is an oop
{method} 
 - klass: {other class}
R14=0x000000001243e1f0 is pointing into the stack for thread: 0x000000000e8d1000
R15=0x000000000e8d1000 is a thread


Stack: [0x0000000012340000,0x0000000012440000],  sp=0x000000001243e128,  free space=1016k
Native frames: (J=compiled Java code, j=interpreted, Vv=VM code, C=native code)
C  0x0000000060ea0539
j  jogamp.opengl.gl4.GL4bcImpl.glUseProgram(I)V+34
j  fr.ird.voxelidar.graphics3d.jogl.JoglListener$1$1.run()V+99
j  java.awt.event.InvocationEvent.dispatch()V+11
j  java.awt.EventQueue.dispatchEventImpl(Ljava/awt/AWTEvent;Ljava/lang/Object;)V+21
j  java.awt.EventQueue.access$200(Ljava/awt/EventQueue;Ljava/awt/AWTEvent;Ljava/lang/Object;)V+3
j  java.awt.EventQueue$3.run()Ljava/lang/Void;+12
j  java.awt.EventQueue$3.run()Ljava/lang/Object;+1
v  ~StubRoutines::call_stub

Java frames: (J=compiled Java code, j=interpreted, Vv=VM code)
j  jogamp.opengl.gl4.GL4bcImpl.dispatch_glUseProgram1(IJ)V+0
j  jogamp.opengl.gl4.GL4bcImpl.glUseProgram(I)V+34
j  fr.ird.voxelidar.graphics3d.jogl.JoglListener$1$1.run()V+99
j  java.awt.event.InvocationEvent.dispatch()V+11
j  java.awt.EventQueue.dispatchEventImpl(Ljava/awt/AWTEvent;Ljava/lang/Object;)V+21
j  java.awt.EventQueue.access$200(Ljava/awt/EventQueue;Ljava/awt/AWTEvent;Ljava/lang/Object;)V+3
j  java.awt.EventQueue$3.run()Ljava/lang/Void;+12
j  java.awt.EventQueue$3.run()Ljava/lang/Object;+1
v  ~StubRoutines::call_stub
j  java.security.AccessController.doPrivileged(Ljava/security/PrivilegedAction;Ljava/security/AccessControlContext;)Ljava/lang/Object;+0
J 318 C2 java.awt.EventDispatchThread.pumpOneEventForFilters(I)V (295 bytes) @ 0x000000000268865c [0x0000000002687760+0xefc]
j  java.awt.EventDispatchThread.pumpEventsForFilter(ILjava/awt/Conditional;Ljava/awt/EventFilter;)V+35
j  java.awt.EventDispatchThread.pumpEventsForHierarchy(ILjava/awt/Conditional;Ljava/awt/Component;)V+11
j  java.awt.EventDispatchThread.pumpEvents(ILjava/awt/Conditional;)V+4
j  java.awt.EventDispatchThread.pumpEvents(Ljava/awt/Conditional;)V+3
j  java.awt.EventDispatchThread.run()V+9
v  ~StubRoutines::call_stub

---------------  P R O C E S S  ---------------

Java Threads: ( => current thread )
  0x0000000013b64000 JavaThread "SwingWorker-pool-2-thread-1" daemon [_thread_blocked, id=1632, stack(0x0000000016cc0000,0x0000000016dc0000)]
  0x000000000edfe000 JavaThread "AWT-EventQueue-0-FPSAWTAnimator-Timer0" [_thread_blocked, id=4628, stack(0x0000000016ba0000,0x0000000016ca0000)]
  0x000000000ecb3000 JavaThread "AWT-EventQueue-0-Display-.windows_nil-1-EDT-1" daemon [_thread_blocked, id=6220, stack(0x0000000015720000,0x0000000015820000)]
  0x000000000eb43000 JavaThread "AWT-EventQueue-0-SharedResourceRunner" daemon [_thread_blocked, id=6296, stack(0x0000000015620000,0x0000000015720000)]
  0x000000001394e800 JavaThread "D3D Screen Updater" daemon [_thread_blocked, id=4828, stack(0x00000000152c0000,0x00000000153c0000)]
  0x00000000022ba000 JavaThread "DestroyJavaVM" [_thread_blocked, id=5764, stack(0x0000000002360000,0x0000000002460000)]
  0x000000000ee21000 JavaThread "TimerQueue" daemon [_thread_blocked, id=7120, stack(0x0000000014ba0000,0x0000000014ca0000)]
  0x000000000e9c0000 JavaThread "org.netbeans.modules.debugger.jpda.visual AWT Access Loop" daemon [_thread_blocked, id=5176, stack(0x0000000012c20000,0x0000000012d20000)]
  0x000000000c5c9800 JavaThread "Swing-Shell" daemon [_thread_blocked, id=2056, stack(0x0000000012610000,0x0000000012710000)]
=>0x000000000e8d1000 JavaThread "AWT-EventQueue-0" [_thread_in_native, id=1520, stack(0x0000000012340000,0x0000000012440000)]
  0x000000000e89b800 JavaThread "AWT-Windows" daemon [_thread_in_native, id=1728, stack(0x000000000f0c0000,0x000000000f1c0000)]
  0x000000000e89a800 JavaThread "AWT-Shutdown" [_thread_blocked, id=5680, stack(0x000000000f1e0000,0x000000000f2e0000)]
  0x000000000e89a000 JavaThread "Java2D Disposer" daemon [_thread_blocked, id=6912, stack(0x000000000e400000,0x000000000e500000)]
  0x000000000c2b5000 JavaThread "Service Thread" daemon [_thread_blocked, id=3324, stack(0x000000000e520000,0x000000000e620000)]
  0x000000000c2b4000 JavaThread "C2 CompilerThread1" daemon [_thread_blocked, id=3512, stack(0x000000000e2b0000,0x000000000e3b0000)]
  0x000000000c2b1800 JavaThread "C2 CompilerThread0" daemon [_thread_blocked, id=4908, stack(0x000000000df90000,0x000000000e090000)]
  0x000000000c296000 JavaThread "JDWP Command Reader" daemon [_thread_in_native, id=3160, stack(0x000000000e100000,0x000000000e200000)]
  0x000000000c291000 JavaThread "JDWP Event Helper Thread" daemon [_thread_blocked, id=6440, stack(0x000000000d7f0000,0x000000000d8f0000)]
  0x000000000b2ff000 JavaThread "JDWP Transport Listener: dt_socket" daemon [_thread_blocked, id=4968, stack(0x000000000dd90000,0x000000000de90000)]
  0x000000000b2f8000 JavaThread "Attach Listener" daemon [_thread_blocked, id=7024, stack(0x000000000d930000,0x000000000da30000)]
  0x000000000b2f7000 JavaThread "Signal Dispatcher" daemon [_thread_blocked, id=6808, stack(0x000000000d6b0000,0x000000000d7b0000)]
  0x000000000234e800 JavaThread "Finalizer" daemon [_thread_blocked, id=5160, stack(0x000000000d4f0000,0x000000000d5f0000)]
  0x0000000002348000 JavaThread "Reference Handler" daemon [_thread_blocked, id=5980, stack(0x000000000d220000,0x000000000d320000)]

Other Threads:
  0x000000000c243800 VMThread [stack: 0x000000000d320000,0x000000000d420000] [id=3248]
  0x000000000c2c7800 WatcherThread [stack: 0x000000000e750000,0x000000000e850000] [id=3792]

VM state:not at safepoint (normal execution)

VM Mutex/Monitor currently owned by a thread: None

Heap
 PSYoungGen      total 429568K, used 161027K [0x00000007d5500000, 0x00000007f8900000, 0x0000000800000000)
  eden space 349184K, 23% used [0x00000007d5500000,0x00000007da3c69f0,0x00000007eaa00000)
  from space 80384K, 99% used [0x00000007f0e80000,0x00000007f5cfa428,0x00000007f5d00000)
  to   space 102912K, 0% used [0x00000007eaa00000,0x00000007eaa00000,0x00000007f0e80000)
 ParOldGen       total 261632K, used 79482K [0x0000000780000000, 0x000000078ff80000, 0x00000007d5500000)
  object space 261632K, 30% used [0x0000000780000000,0x0000000784d9eb38,0x000000078ff80000)
 PSPermGen       total 22528K, used 22195K [0x000000077ae00000, 0x000000077c400000, 0x0000000780000000)
  object space 22528K, 98% used [0x000000077ae00000,0x000000077c3acd28,0x000000077c400000)

Card table byte_map: [0x0000000005550000,0x0000000005980000] byte_map_base: 0x0000000001979000

Polling page: 0x0000000000430000

Code Cache  [0x0000000002550000, 0x00000000027c0000, 0x0000000005550000)
 total_blobs=1282 nmethods=476 adapters=767 free_code_cache=47283Kb largest_free_block=48367744

Compilation events (10 events):
Event: 16.050 Thread 0x000000000c2b4000 nmethod 497 0x0000000002718ed0 code [0x0000000002719000, 0x0000000002719078]
Event: 16.050 Thread 0x000000000c2b1800 nmethod 498 0x000000000270f750 code [0x000000000270f880, 0x000000000270f8f8]
Event: 16.050 Thread 0x000000000c2b1800  499             java.awt.Color::getBlue (11 bytes)
Event: 16.050 Thread 0x000000000c2b4000  500             fr.ird.voxelidar.math.vector.Vec3F::<init> (20 bytes)
Event: 16.050 Thread 0x000000000c2b1800 nmethod 499 0x000000000270f550 code [0x000000000270f680, 0x000000000270f6d8]
Event: 16.050 Thread 0x000000000c2b4000 nmethod 500 0x000000000270f350 code [0x000000000270f480, 0x000000000270f4f8]
Event: 16.050 Thread 0x000000000c2b1800  501             fr.ird.voxelidar.util.ColorGradient::getColor (62 bytes)
Event: 16.051 Thread 0x000000000c2b1800 nmethod 501 0x000000000270f010 code [0x000000000270f160, 0x000000000270f298]
Event: 16.052 Thread 0x000000000c2b4000  502 %           fr.ird.voxelidar.graphics3d.object.voxelspace.VoxelSpace::setGradientColor @ 31 (160 bytes)
Event: 16.071 Thread 0x000000000c2b4000 nmethod 502% 0x000000000271fa50 code [0x000000000271fc80, 0x0000000002720f18]

GC Heap History (10 events):
Event: 14.811 GC heap before
{Heap before GC invocations=4 (full 0):
 PSYoungGen      total 114688K, used 107629K [0x00000007d5500000, 0x00000007dd500000, 0x0000000800000000)
  eden space 98304K, 100% used [0x00000007d5500000,0x00000007db500000,0x00000007db500000)
  from space 16384K, 56% used [0x00000007db500000,0x00000007dbe1b590,0x00000007dc500000)
  to   space 16384K, 0% used [0x00000007dc500000,0x00000007dc500000,0x00000007dd500000)
 ParOldGen       total 261632K, used 16K [0x0000000780000000, 0x000000078ff80000, 0x00000007d5500000)
  object space 261632K, 0% used [0x0000000780000000,0x0000000780004000,0x000000078ff80000)
 PSPermGen       total 22528K, used 22120K [0x000000077ae00000, 0x000000077c400000, 0x0000000780000000)
  object space 22528K, 98% used [0x000000077ae00000,0x000000077c39a320,0x000000077c400000)
Event: 14.828 GC heap after
Heap after GC invocations=4 (full 0):
 PSYoungGen      total 114688K, used 16352K [0x00000007d5500000, 0x00000007dd500000, 0x0000000800000000)
  eden space 98304K, 0% used [0x00000007d5500000,0x00000007d5500000,0x00000007db500000)
  from space 16384K, 99% used [0x00000007dc500000,0x00000007dd4f8140,0x00000007dd500000)
  to   space 16384K, 0% used [0x00000007db500000,0x00000007db500000,0x00000007dc500000)
 ParOldGen       total 261632K, used 1293K [0x0000000780000000, 0x000000078ff80000, 0x00000007d5500000)
  object space 261632K, 0% used [0x0000000780000000,0x00000007801436b0,0x000000078ff80000)
 PSPermGen       total 22528K, used 22120K [0x000000077ae00000, 0x000000077c400000, 0x0000000780000000)
  object space 22528K, 98% used [0x000000077ae00000,0x000000077c39a320,0x000000077c400000)
}
Event: 14.935 GC heap before
{Heap before GC invocations=5 (full 0):
 PSYoungGen      total 114688K, used 114656K [0x00000007d5500000, 0x00000007dd500000, 0x0000000800000000)
  eden space 98304K, 100% used [0x00000007d5500000,0x00000007db500000,0x00000007db500000)
  from space 16384K, 99% used [0x00000007dc500000,0x00000007dd4f8140,0x00000007dd500000)
  to   space 16384K, 0% used [0x00000007db500000,0x00000007db500000,0x00000007dc500000)
 ParOldGen       total 261632K, used 1293K [0x0000000780000000, 0x000000078ff80000, 0x00000007d5500000)
  object space 261632K, 0% used [0x0000000780000000,0x00000007801436b0,0x000000078ff80000)
 PSPermGen       total 22528K, used 22125K [0x000000077ae00000, 0x000000077c400000, 0x0000000780000000)
  object space 22528K, 98% used [0x000000077ae00000,0x000000077c39b630,0x000000077c400000)
Event: 14.986 GC heap after
Heap after GC invocations=5 (full 0):
 PSYoungGen      total 114688K, used 16358K [0x00000007d5500000, 0x00000007e6300000, 0x0000000800000000)
  eden space 98304K, 0% used [0x00000007d5500000,0x00000007d5500000,0x00000007db500000)
  from space 16384K, 99% used [0x00000007db500000,0x00000007dc4f9978,0x00000007dc500000)
  to   space 39936K, 0% used [0x00000007e3c00000,0x00000007e3c00000,0x00000007e6300000)
 ParOldGen       total 261632K, used 27477K [0x0000000780000000, 0x000000078ff80000, 0x00000007d5500000)
  object space 261632K, 10% used [0x0000000780000000,0x0000000781ad56b0,0x000000078ff80000)
 PSPermGen       total 22528K, used 22125K [0x000000077ae00000, 0x000000077c400000, 0x0000000780000000)
  object space 22528K, 98% used [0x000000077ae00000,0x000000077c39b630,0x000000077c400000)
}
Event: 15.095 GC heap before
{Heap before GC invocations=6 (full 0):
 PSYoungGen      total 114688K, used 114662K [0x00000007d5500000, 0x00000007e6300000, 0x0000000800000000)
  eden space 98304K, 100% used [0x00000007d5500000,0x00000007db500000,0x00000007db500000)
  from space 16384K, 99% used [0x00000007db500000,0x00000007dc4f9978,0x00000007dc500000)
  to   space 39936K, 0% used [0x00000007e3c00000,0x00000007e3c00000,0x00000007e6300000)
 ParOldGen       total 261632K, used 27477K [0x0000000780000000, 0x000000078ff80000, 0x00000007d5500000)
  object space 261632K, 10% used [0x0000000780000000,0x0000000781ad56b0,0x000000078ff80000)
 PSPermGen       total 22528K, used 22132K [0x000000077ae00000, 0x000000077c400000, 0x0000000780000000)
  object space 22528K, 98% used [0x000000077ae00000,0x000000077c39d188,0x000000077c400000)
Event: 15.134 GC heap after
Heap after GC invocations=6 (full 0):
 PSYoungGen      total 225792K, used 39925K [0x00000007d5500000, 0x00000007e7800000, 0x0000000800000000)
  eden space 185856K, 0% used [0x00000007d5500000,0x00000007d5500000,0x00000007e0a80000)
  from space 39936K, 99% used [0x00000007e3c00000,0x00000007e62fd5e0,0x00000007e6300000)
  to   space 50688K, 0% used [0x00000007e0a80000,0x00000007e0a80000,0x00000007e3c00000)
 ParOldGen       total 261632K, used 28733K [0x0000000780000000, 0x000000078ff80000, 0x00000007d5500000)
  object space 261632K, 10% used [0x0000000780000000,0x0000000781c0f6b0,0x000000078ff80000)
 PSPermGen       total 22528K, used 22132K [0x000000077ae00000, 0x000000077c400000, 0x0000000780000000)
  object space 22528K, 98% used [0x000000077ae00000,0x000000077c39d188,0x000000077c400000)
}
Event: 15.365 GC heap before
{Heap before GC invocations=7 (full 0):
 PSYoungGen      total 225792K, used 225781K [0x00000007d5500000, 0x00000007e7800000, 0x0000000800000000)
  eden space 185856K, 100% used [0x00000007d5500000,0x00000007e0a80000,0x00000007e0a80000)
  from space 39936K, 99% used [0x00000007e3c00000,0x00000007e62fd5e0,0x00000007e6300000)
  to   space 50688K, 0% used [0x00000007e0a80000,0x00000007e0a80000,0x00000007e3c00000)
 ParOldGen       total 261632K, used 28733K [0x0000000780000000, 0x000000078ff80000, 0x00000007d5500000)
  object space 261632K, 10% used [0x0000000780000000,0x0000000781c0f6b0,0x000000078ff80000)
 PSPermGen       total 22528K, used 22135K [0x000000077ae00000, 0x000000077c400000, 0x0000000780000000)
  object space 22528K, 98% used [0x000000077ae00000,0x000000077c39dfa0,0x000000077c400000)
Event: 15.451 GC heap after
Heap after GC invocations=7 (full 0):
 PSYoungGen      total 236544K, used 50659K [0x00000007d5500000, 0x00000007f5d00000, 0x0000000800000000)
  eden space 185856K, 0% used [0x00000007d5500000,0x00000007d5500000,0x00000007e0a80000)
  from space 50688K, 99% used [0x00000007e0a80000,0x00000007e3bf8e18,0x00000007e3c00000)
  to   space 80384K, 0% used [0x00000007f0e80000,0x00000007f0e80000,0x00000007f5d00000)
 ParOldGen       total 261632K, used 65059K [0x0000000780000000, 0x000000078ff80000, 0x00000007d5500000)
  object space 261632K, 24% used [0x0000000780000000,0x0000000783f88e10,0x000000078ff80000)
 PSPermGen       total 22528K, used 22135K [0x000000077ae00000, 0x000000077c400000, 0x0000000780000000)
  object space 22528K, 98% used [0x000000077ae00000,0x000000077c39dfa0,0x000000077c400000)
}
Event: 15.772 GC heap before
{Heap before GC invocations=8 (full 0):
 PSYoungGen      total 236544K, used 236515K [0x00000007d5500000, 0x00000007f5d00000, 0x0000000800000000)
  eden space 185856K, 100% used [0x00000007d5500000,0x00000007e0a80000,0x00000007e0a80000)
  from space 50688K, 99% used [0x00000007e0a80000,0x00000007e3bf8e18,0x00000007e3c00000)
  to   space 80384K, 0% used [0x00000007f0e80000,0x00000007f0e80000,0x00000007f5d00000)
 ParOldGen       total 261632K, used 65059K [0x0000000780000000, 0x000000078ff80000, 0x00000007d5500000)
  object space 261632K, 24% used [0x0000000780000000,0x0000000783f88e10,0x000000078ff80000)
 PSPermGen       total 22528K, used 22152K [0x000000077ae00000, 0x000000077c400000, 0x0000000780000000)
  object space 22528K, 98% used [0x000000077ae00000,0x000000077c3a2130,0x000000077c400000)
Event: 15.848 GC heap after
Heap after GC invocations=8 (full 0):
 PSYoungGen      total 429568K, used 80361K [0x00000007d5500000, 0x00000007f8900000, 0x0000000800000000)
  eden space 349184K, 0% used [0x00000007d5500000,0x00000007d5500000,0x00000007eaa00000)
  from space 80384K, 99% used [0x00000007f0e80000,0x00000007f5cfa428,0x00000007f5d00000)
  to   space 102912K, 0% used [0x00000007eaa00000,0x00000007eaa00000,0x00000007f0e80000)
 ParOldGen       total 261632K, used 79482K [0x0000000780000000, 0x000000078ff80000, 0x00000007d5500000)
  object space 261632K, 30% used [0x0000000780000000,0x0000000784d9eb38,0x000000078ff80000)
 PSPermGen       total 22528K, used 22152K [0x000000077ae00000, 0x000000077c400000, 0x0000000780000000)
  object space 22528K, 98% used [0x000000077ae00000,0x000000077c3a2130,0x000000077c400000)
}

Deoptimization events (10 events):
Event: 14.668 Thread 0x0000000013b64000 Uncommon trap: reason=array_check action=maybe_recompile pc=0x00000000026f2138 method=java.util.AbstractCollection.toArray([Ljava/lang/Object;)[Ljava/lang/Object; @ 119
Event: 14.668 Thread 0x0000000013b64000 Uncommon trap: reason=array_check action=maybe_recompile pc=0x00000000026f2138 method=java.util.AbstractCollection.toArray([Ljava/lang/Object;)[Ljava/lang/Object; @ 119
Event: 14.828 Thread 0x000000000e8d1000 Uncommon trap: reason=unreached action=reinterpret pc=0x000000000265f610 method=java.util.concurrent.locks.AbstractQueuedSynchronizer.acquireQueued(Ljava/util/concurrent/locks/AbstractQueuedSynchronizer$Node;I)Z @ 17
Event: 14.828 Thread 0x000000000e89a000 Uncommon trap: reason=unreached action=reinterpret pc=0x000000000266021c method=java.util.concurrent.locks.AbstractQueuedSynchronizer.acquireQueued(Ljava/util/concurrent/locks/AbstractQueuedSynchronizer$Node;I)Z @ 17
Event: 15.638 Thread 0x0000000013b64000 Uncommon trap: reason=unreached action=reinterpret pc=0x0000000002709968 method=fr.ird.voxelidar.graphics3d.object.voxelspace.VoxelSpace.readVoxelFormat2(Ljava/io/File;)V @ 160
Event: 15.719 Thread 0x000000000e8d1000 Uncommon trap: reason=class_check action=maybe_recompile pc=0x0000000002663d74 method=java.awt.Container.getMouseEventTargetImpl(IIZLjava/awt/Container$EventTargetFilter;ZZ)Ljava/awt/Component; @ 191
Event: 15.864 Thread 0x000000000e8d1000 Uncommon trap: reason=class_check action=maybe_recompile pc=0x0000000002663d74 method=java.awt.Container.getMouseEventTargetImpl(IIZLjava/awt/Container$EventTargetFilter;ZZ)Ljava/awt/Component; @ 191
Event: 16.006 Thread 0x0000000013b64000 Uncommon trap: reason=unloaded action=reinterpret pc=0x00000000027138a0 method=fr.ird.voxelidar.graphics3d.object.voxelspace.VoxelSpace.updateValue(Lfr/ird/voxelidar/graphics3d/mesh/Attribut;)V @ 318
Event: 16.023 Thread 0x0000000013b64000 Uncommon trap: reason=intrinsic action=make_not_entrant pc=0x0000000002719c30 method=fr.ird.voxelidar.util.StandardDeviation.getFromFloatArray([F)F @ 58
Event: 17.806 Thread 0x000000000ecb3000 Uncommon trap: reason=unreached action=reinterpret pc=0x00000000025eca38 method=java.lang.String.valueOf(Ljava/lang/Object;)Ljava/lang/String; @ 1

Internal exceptions (10 events):
Event: 16.006 Thread 0x0000000013b64000 Threw 0x00000007d9d7e9e8 at C:\re\jdk7u67\1368\hotspot\src\share\vm\prims\jvm.cpp:1244
Event: 17.770 Thread 0x000000000edfe000 Threw 0x00000007da33daf0 at C:\re\jdk7u67\1368\hotspot\src\share\vm\prims\jvm.cpp:1244
Event: 17.778 Thread 0x000000000edfe000 Threw 0x00000007da341970 at C:\re\jdk7u67\1368\hotspot\src\share\vm\prims\jvm.cpp:1244
Event: 17.781 Thread 0x000000000edfe000 Threw 0x00000007da347958 at C:\re\jdk7u67\1368\hotspot\src\share\vm\prims\jvm.cpp:1244
Event: 17.783 Thread 0x000000000edfe000 Threw 0x00000007da34d818 at C:\re\jdk7u67\1368\hotspot\src\share\vm\prims\jvm.cpp:1244
Event: 17.785 Thread 0x000000000edfe000 Threw 0x00000007da351c78 at C:\re\jdk7u67\1368\hotspot\src\share\vm\prims\jvm.cpp:1244
Event: 17.786 Thread 0x000000000edfe000 Threw 0x00000007da356840 at C:\re\jdk7u67\1368\hotspot\src\share\vm\prims\jvm.cpp:1244
Event: 17.788 Thread 0x000000000edfe000 Threw 0x00000007da35a418 at C:\re\jdk7u67\1368\hotspot\src\share\vm\prims\jvm.cpp:1244
Event: 25.478 Thread 0x000000000edfe000 Threw 0x00000007da35e250 at C:\re\jdk7u67\1368\hotspot\src\share\vm\prims\jvm.cpp:1244
Event: 25.480 Thread 0x000000000edfe000 Threw 0x00000007da360890 at C:\re\jdk7u67\1368\hotspot\src\share\vm\prims\jvm.cpp:1244

Events (10 events):
Event: 25.480 Executing VM operation: ChangeSingleStep
Event: 25.480 Executing VM operation: ChangeSingleStep done
Event: 25.480 Executing VM operation: GetCurrentLocation
Event: 25.480 Executing VM operation: GetCurrentLocation done
Event: 25.480 Executing VM operation: ChangeSingleStep
Event: 25.480 Executing VM operation: ChangeSingleStep done
Event: 25.480 Executing VM operation: ChangeSingleStep
Event: 25.480 Executing VM operation: ChangeSingleStep done
Event: 25.480 loading class 0x000000000eb77030
Event: 25.480 loading class 0x000000000eb77030 done


Dynamic libraries:
0x000000013fc00000 - 0x000000013fc33000 	C:\Program Files\Java\jdk1.7.0_67\bin\java.exe
0x0000000077090000 - 0x0000000077239000 	C:\Windows\SYSTEM32\ntdll.dll
0x0000000076e70000 - 0x0000000076f8f000 	C:\Windows\system32\kernel32.dll
0x000007fefcfd0000 - 0x000007fefd03c000 	C:\Windows\system32\KERNELBASE.dll
0x000007feff070000 - 0x000007feff14b000 	C:\Windows\system32\ADVAPI32.dll
0x000007fefda00000 - 0x000007fefda9f000 	C:\Windows\system32\msvcrt.dll
0x000007fefd6f0000 - 0x000007fefd70f000 	C:\Windows\SYSTEM32\sechost.dll
0x000007feff200000 - 0x000007feff32d000 	C:\Windows\system32\RPCRT4.dll
0x0000000076f90000 - 0x000000007708a000 	C:\Windows\system32\USER32.dll
0x000007feff330000 - 0x000007feff397000 	C:\Windows\system32\GDI32.dll
0x000007fefd9f0000 - 0x000007fefd9fe000 	C:\Windows\system32\LPK.dll
0x000007fefefa0000 - 0x000007feff069000 	C:\Windows\system32\USP10.dll
0x000007fefb8b0000 - 0x000007fefbaa4000 	C:\Windows\WinSxS\amd64_microsoft.windows.common-controls_6595b64144ccf1df_6.0.7601.17514_none_fa396087175ac9ac\COMCTL32.dll
0x000007fefef20000 - 0x000007fefef91000 	C:\Windows\system32\SHLWAPI.dll
0x000007fefd9c0000 - 0x000007fefd9ee000 	C:\Windows\system32\IMM32.DLL
0x000007fefd5e0000 - 0x000007fefd6e9000 	C:\Windows\system32\MSCTF.dll
0x000000006a320000 - 0x000000006a3f2000 	C:\Program Files\Java\jdk1.7.0_67\jre\bin\msvcr100.dll
0x00000000624c0000 - 0x0000000062c92000 	C:\Program Files\Java\jdk1.7.0_67\jre\bin\server\jvm.dll
0x000007fefa310000 - 0x000007fefa319000 	C:\Windows\system32\WSOCK32.dll
0x000007feff1b0000 - 0x000007feff1fd000 	C:\Windows\system32\WS2_32.dll
0x000007fefdb80000 - 0x000007fefdb88000 	C:\Windows\system32\NSI.dll
0x000007fef9910000 - 0x000007fef994b000 	C:\Windows\system32\WINMM.dll
0x0000000077250000 - 0x0000000077257000 	C:\Windows\system32\PSAPI.DLL
0x0000000072f80000 - 0x0000000072f8f000 	C:\Program Files\Java\jdk1.7.0_67\jre\bin\verify.dll
0x0000000072e90000 - 0x0000000072eb8000 	C:\Program Files\Java\jdk1.7.0_67\jre\bin\java.dll
0x0000000064e30000 - 0x0000000064e65000 	C:\Program Files\Java\jdk1.7.0_67\jre\bin\jdwp.dll
0x0000000064ea0000 - 0x0000000064ea8000 	C:\Program Files\Java\jdk1.7.0_67\jre\bin\npt.dll
0x0000000072f20000 - 0x0000000072f35000 	C:\Program Files\Java\jdk1.7.0_67\jre\bin\zip.dll
0x0000000064e90000 - 0x0000000064e99000 	C:\Program Files\Java\jdk1.7.0_67\jre\bin\dt_socket.dll
0x000007fefc670000 - 0x000007fefc6c5000 	C:\Windows\system32\mswsock.dll
0x000007fefc030000 - 0x000007fefc037000 	C:\Windows\System32\wshtcpip.dll
0x0000000072c30000 - 0x0000000072dc5000 	C:\Program Files\Java\jdk1.7.0_67\jre\bin\awt.dll
0x000007fefdaa0000 - 0x000007fefdb77000 	C:\Windows\system32\OLEAUT32.dll
0x000007fefd790000 - 0x000007fefd993000 	C:\Windows\system32\ole32.dll
0x000007fefb550000 - 0x000007fefb568000 	C:\Windows\system32\DWMAPI.DLL
0x000007fefb3c0000 - 0x000007fefb416000 	C:\Windows\system32\uxtheme.dll
0x000007fefcd70000 - 0x000007fefcd7f000 	C:\Windows\system32\CRYPTBASE.dll
0x000007feee710000 - 0x000007feee90f000 	C:\Windows\system32\d3d9.dll
0x000007fefc340000 - 0x000007fefc34c000 	C:\Windows\system32\VERSION.dll
0x000007fef8c70000 - 0x000007fef8c77000 	C:\Windows\system32\d3d8thk.dll
0x000007fee8310000 - 0x000007fee93c5000 	C:\Windows\system32\nvd3dumx.dll
0x000007fefb6a0000 - 0x000007fefb6cc000 	C:\Windows\system32\powrprof.dll
0x000007fefd400000 - 0x000007fefd5d7000 	C:\Windows\system32\SETUPAPI.dll
0x000007fefd230000 - 0x000007fefd266000 	C:\Windows\system32\CFGMGR32.dll
0x000007fefcef0000 - 0x000007fefcf0a000 	C:\Windows\system32\DEVOBJ.dll
0x000007feee9a0000 - 0x000007feeeb0a000 	C:\Program Files (x86)\NVIDIA Corporation\3D Vision\nvSCPAPI64.dll
0x000007fefdf60000 - 0x000007fefece8000 	C:\Windows\system32\SHELL32.dll
0x000007fef93c0000 - 0x000007fef96f3000 	C:\Windows\system32\nvapi64.dll
0x000007fefd040000 - 0x000007fefd07a000 	C:\Windows\system32\WINTRUST.dll
0x000007fefd0b0000 - 0x000007fefd21c000 	C:\Windows\system32\CRYPT32.dll
0x000007fefced0000 - 0x000007fefcedf000 	C:\Windows\system32\MSASN1.dll
0x000007fef9790000 - 0x000007fef9830000 	C:\Windows\WinSxS\amd64_microsoft.windows.common-controls_6595b64144ccf1df_5.82.7601.18201_none_a4d3b9377117c3df\comctl32.dll
0x0000000072e20000 - 0x0000000072e67000 	C:\Program Files\Java\jdk1.7.0_67\jre\bin\fontmanager.dll
0x0000000072f00000 - 0x0000000072f19000 	C:\Program Files\Java\jdk1.7.0_67\jre\bin\net.dll
0x000007fefc660000 - 0x000007fefc667000 	C:\Windows\System32\wship6.dll
0x0000000072e70000 - 0x0000000072e81000 	C:\Program Files\Java\jdk1.7.0_67\jre\bin\nio.dll
0x0000000072be0000 - 0x0000000072c21000 	C:\Program Files\Java\jdk1.7.0_67\jre\bin\t2k.dll
0x000007fefdb90000 - 0x000007fefdc29000 	C:\Windows\system32\CLBCatQ.DLL
0x000007fefb420000 - 0x000007fefb54c000 	C:\Windows\system32\propsys.dll
0x000007fefb580000 - 0x000007fefb5ad000 	C:\Windows\system32\ntmarta.dll
0x000007feff150000 - 0x000007feff1a2000 	C:\Windows\system32\WLDAP32.dll
0x000007fefccd0000 - 0x000007fefcd27000 	C:\Windows\system32\apphelp.dll
0x000007fef5610000 - 0x000007fef57ac000 	C:\Windows\system32\NetworkExplorer.dll
0x000007fef5a10000 - 0x000007fef5a44000 	C:\Windows\System32\shdocvw.dll
0x000007fefcee0000 - 0x000007fefceef000 	C:\Windows\system32\profapi.dll
0x000007fefac80000 - 0x000007fefac8b000 	C:\Windows\system32\slc.dll
0x000007fefa320000 - 0x000007fefa338000 	C:\Windows\system32\MPR.dll
0x0000000072f40000 - 0x0000000072f52000 	C:\Windows\system32\snacnp.dll
0x000007fef8ff0000 - 0x000007fef90e7000 	C:\Windows\system32\ncnetprovider.dll
0x000007fefa340000 - 0x000007fefa35e000 	C:\Windows\system32\NCLangID.dll
0x000007fef9100000 - 0x000007fef912c000 	C:\Windows\system32\MAPBASE.dll
0x0000000050d20000 - 0x0000000050d67000 	C:\Windows\system32\CALWIN32.DLL
0x0000000006330000 - 0x0000000006351000 	C:\Windows\system32\CLNWIN32.DLL
0x0000000050df0000 - 0x0000000050e22000 	C:\Windows\system32\LOCWIN32.DLL
0x0000000006850000 - 0x0000000006895000 	C:\Windows\system32\NCPWIN32.dll
0x0000000050da0000 - 0x0000000050db3000 	C:\Windows\system32\CLXWIN32.DLL
0x000000000d190000 - 0x000000000d1d5000 	C:\Windows\system32\NETWIN32.DLL
0x000007fef8ee0000 - 0x000007fef8f25000 	C:\Windows\system32\NWSHLXNT.dll
0x000007fefa5a0000 - 0x000007fefa5b6000 	C:\Windows\system32\NETAPI32.dll
0x000007fefa580000 - 0x000007fefa58c000 	C:\Windows\system32\netutils.dll
0x000007fefc950000 - 0x000007fefc973000 	C:\Windows\system32\srvcli.dll
0x000007fefa560000 - 0x000007fefa575000 	C:\Windows\system32\wkscli.dll
0x000007fefa540000 - 0x000007fefa554000 	C:\Windows\system32\SAMCLI.DLL
0x000007fef8fd0000 - 0x000007fef8fe2000 	C:\Windows\system32\BROWCLI.DLL
0x000007fefc110000 - 0x000007fefc121000 	C:\Windows\system32\WTSAPI32.dll
0x0000000074a00000 - 0x0000000074a05000 	C:\Windows\system32\nls\FRANCAIS\NCLangIDR.DLL
0x0000000073ae0000 - 0x0000000073af7000 	C:\Windows\system32\nls\FRANCAIS\MAPBASER.DLL
0x0000000073ac0000 - 0x0000000073ada000 	C:\Windows\system32\nls\FRANCAIS\NWSHLXNTR.DLL
0x0000000073a40000 - 0x0000000073abc000 	C:\Windows\system32\nls\FRANCAIS\ncnetproviderR.DLL
0x000007fefcca0000 - 0x000007fefccc5000 	C:\Windows\system32\SspiCli.dll
0x000007fef59b0000 - 0x000007fef59ba000 	C:\Windows\System32\drprov.dll
0x000007fefcd30000 - 0x000007fefcd6d000 	C:\Windows\System32\WINSTA.dll
0x000007fef5590000 - 0x000007fef55b2000 	C:\Windows\System32\ntlanman.dll
0x000007fef5570000 - 0x000007fef558d000 	C:\Windows\System32\davclnt.dll
0x000007fef5560000 - 0x000007fef556a000 	C:\Windows\System32\DAVHLPR.dll
0x000007fef6420000 - 0x000007fef642f000 	C:\Windows\system32\cscapi.dll
0x000007fee9c40000 - 0x000007fee9eb1000 	C:\Windows\system32\wpdshext.dll
0x000007fefb1a0000 - 0x000007fefb3b6000 	C:\Windows\WinSxS\amd64_microsoft.windows.gdiplus_6595b64144ccf1df_1.1.7601.18455_none_2b283fd671e9bf4d\gdiplus.dll
0x000007fef4cf0000 - 0x000007fef4dad000 	C:\Windows\system32\PortableDeviceApi.dll
0x000007fef5cf0000 - 0x000007fef5d25000 	C:\Windows\system32\EhStorShell.dll
0x000007fef4a30000 - 0x000007fef4a57000 	C:\Windows\system32\EhStorAPI.dll
0x000007fef5a00000 - 0x000007fef5a0c000 	C:\Windows\system32\LINKINFO.dll
0x000007fefaa70000 - 0x000007fefabd1000 	C:\Windows\system32\WindowsCodecs.dll
0x0000000071980000 - 0x0000000071996000 	C:\Program Files\Common Files\TortoiseOverlays\TortoiseOverlays.dll
0x0000000071960000 - 0x0000000071977000 	C:\Program Files\TortoiseSVN\bin\TortoiseStub.dll
0x00000000718e0000 - 0x000000007195d000 	C:\Program Files\TortoiseSVN\bin\TortoiseSVN.dll
0x000007fefecf0000 - 0x000007fefef1c000 	C:\Windows\system32\WININET.dll
0x000007fefd280000 - 0x000007fefd284000 	C:\Windows\system32\api-ms-win-downlevel-user32-l1-1-0.dll
0x000007fefcfc0000 - 0x000007fefcfc5000 	C:\Windows\system32\api-ms-win-downlevel-advapi32-l1-1-0.dll
0x000007fefd080000 - 0x000007fefd084000 	C:\Windows\system32\api-ms-win-downlevel-shlwapi-l1-1-0.dll
0x000007fefd220000 - 0x000007fefd224000 	C:\Windows\system32\api-ms-win-downlevel-version-l1-1-0.dll
0x000007fefcfb0000 - 0x000007fefcfb3000 	C:\Windows\system32\api-ms-win-downlevel-normaliz-l1-1-0.dll
0x0000000077260000 - 0x0000000077263000 	C:\Windows\system32\normaliz.DLL
0x000007fefdc30000 - 0x000007fefdebe000 	C:\Windows\system32\iertutil.dll
0x000007fefd090000 - 0x000007fefd0ae000 	C:\Windows\system32\USERENV.dll
0x000007fef6580000 - 0x000007fef69f6000 	C:\Program Files\TortoiseSVN\bin\libsvn_tsvn.dll
0x00000000718b0000 - 0x00000000718de000 	C:\Program Files\TortoiseSVN\bin\libapr_tsvn.dll
0x000007fef6470000 - 0x000007fef6544000 	C:\Windows\system32\MSVCR110.dll
0x0000000071850000 - 0x0000000071895000 	C:\Program Files\TortoiseSVN\bin\libaprutil_tsvn.dll
0x000007fef6450000 - 0x000007fef6461000 	C:\Program Files\TortoiseSVN\bin\intl3_tsvn.dll
0x000007fef6430000 - 0x000007fef6449000 	C:\Program Files\TortoiseSVN\bin\libsasl.dll
0x000007fefcaf0000 - 0x000007fefcafb000 	C:\Windows\system32\Secur32.dll
0x000007fef6370000 - 0x000007fef6417000 	C:\Windows\system32\MSVCP110.dll
0x0000000071740000 - 0x000000007175b000 	C:\Program Files\TortoiseGit\bin\TortoiseGitStub.dll
0x00000000716b0000 - 0x000000007173e000 	C:\Program Files\TortoiseGit\bin\TortoiseGit.dll
0x000007fef6240000 - 0x000007fef630e000 	C:\Program Files\TortoiseGit\bin\libgit2_tgit.dll
0x000007fef6220000 - 0x000007fef6238000 	C:\Program Files\TortoiseGit\bin\zlib1_tgit.dll
0x000007fef6130000 - 0x000007fef621f000 	C:\Windows\system32\MSVCR120.dll

VM Arguments:
jvm_args: -Xdebug -Xrunjdwp:transport=dt_socket,server=n,address=50227 -Xmx2G 
java_command: fr.ird.voxelidar.Principal
Launcher Type: SUN_STANDARD

Environment Variables:
JAVA_HOME=C:\Program Files\Java\jdk1.7.0_67
CLASSPATH=C:\Program Files\OpenNI\Bin64\org.OpenNI.jar
PATH=C:\Program Files\Java\jdk1.7.0_67\bin;C:\Python27\Lib\site-packages\PyQt4;C:\Program Files (x86)\Common Files\Intergraph\Grid Analysis SDK\1.0\Program;C:\Windows\system32;C:\Windows;C:\Windows\System32\Wbem;C:\Windows\System32\WindowsPowerShell\v1.0\;C:\Windows\Program Files (x86)\Common Files\Roxio Shared\DLLShared\;C:\Program Files (x86)\Common Files\Roxio Shared\10.0\DLLShared\;C:\Windows\Program Files\Java\jdk1.7.0_67\bin;C:\Program Files\java\ssj\lib\;C:\Program Files\MATLAB\R2010a\bin;C:\Program Files\OpenNI\Bin64;C:\Program Files\PCL 1.6.0\bin;C:\Program Files\TortoiseSVN\bin;C:\Program Files\Microsoft SQL Server\110\Tools\Binn\;C:\MinGW3\bin;C:\Program Files\TortoiseGit\bin;c:\users\julien\appdata\local\enthought\canopy\user;c:\users\julien\appdata\local\enthought\canopy\user\scripts
USERNAME=Julien
OS=Windows_NT
PROCESSOR_IDENTIFIER=Intel64 Family 6 Model 44 Stepping 2, GenuineIntel



---------------  S Y S T E M  ---------------

OS: Windows 7 , 64 bit Build 7601 Service Pack 1

CPU:total 8 (4 cores per cpu, 2 threads per core) family 6 model 44 stepping 2, cmov, cx8, fxsr, mmx, sse, sse2, sse3, ssse3, sse4.1, sse4.2, popcnt, aes, ht, tsc, tscinvbit, tscinv

Memory: 4k page, physical 25148644k(18361592k free), swap 50295424k(43052444k free)

vm_info: Java HotSpot(TM) 64-Bit Server VM (24.65-b04) for windows-amd64 JRE (1.7.0_67-b01), built on Jul 25 2014 08:55:00 by "java_re" with unknown MS VC++:1600

time: Wed Dec 17 09:58:55 2014
elapsed time: 25 seconds

