#
# A fatal error has been detected by the Java Runtime Environment:
#
#  EXCEPTION_ACCESS_VIOLATION (0xc0000005) at pc=0x000000006f6a5014, pid=2192, tid=6576
#
# JRE version: Java(TM) SE Runtime Environment (8.0_31-b13) (build 1.8.0_31-b13)
# Java VM: Java HotSpot(TM) 64-Bit Server VM (25.31-b07 mixed mode windows-amd64 compressed oops)
# Problematic frame:
# V  [jvm.dll+0x135014]
#
# Failed to write core dump. Minidumps are not enabled by default on client versions of Windows
#
# If you would like to submit a bug report, please visit:
#   http://bugreport.java.com/bugreport/crash.jsp
#

---------------  T H R E A D  ---------------

Current thread (0x000000001f85d800):  JavaThread "Thread-0" [_thread_in_vm, id=6576, stack(0x00000000200a0000,0x00000000201a0000)]

siginfo: ExceptionCode=0xc0000005, reading address 0x0000000000000000

Registers:
RAX=0x0000000000000000, RBX=0x000000001f85d800, RCX=0x0000000000000d80, RDX=0x0000000000000000
RSP=0x000000002019e980, RBP=0x0000000000000000, RSI=0x0000000000000000, RDI=0x0000000000000000
R8 =0x0000000000000000, R9 =0x0000000000000000, R10=0x3ff0000000000000, R11=0x0000000000000246
R12=0x0000000000000000, R13=0x0000000000000000, R14=0x000000002019ed90, R15=0x000000001f85d800
RIP=0x000000006f6a5014, EFLAGS=0x0000000000010202

Top of Stack: (sp=0x000000002019e980)
0x000000002019e980:   fffffffffffffffe 000007fef5938b10
0x000000002019e990:   ffffffffffffff01 000007fef5938b10
0x000000002019e9a0:   000000001f85d800 0000000000000000
0x000000002019e9b0:   000007fef5938b10 000007fef5938b10
0x000000002019e9c0:   000000001bc2a898 000000001f838738
0x000000002019e9d0:   000000001f8dbf20 000007fef2dbbe6e
0x000000002019e9e0:   0000000000000000 000000001f85d9e8
0x000000002019e9f0:   000000001f8dbf20 0000000000000000
0x000000002019ea00:   000000002019ea58 000000002019e9b8
0x000000002019ea10:   000000006fb3bea8 000000001f82fa10
0x000000002019ea20:   000000020000003b 000000000000003c
0x000000002019ea30:   0000000000010000 0000000000000000
0x000000002019ea40:   0000000000000000 0000000000000000
0x000000002019ea50:   0000000000000000 0000002800000000
0x000000002019ea60:   0000000000000000 0000000000000000
0x000000002019ea70:   000000001bc2a800 0000000000000000 

Instructions: (pc=0x000000006f6a5014)
0x000000006f6a4ff4:   89 5c 24 20 48 89 74 24 28 48 39 73 08 74 0a 48
0x000000006f6a5004:   8d 4c 24 20 e8 33 05 13 00 40 38 35 94 f3 69 00
0x000000006f6a5014:   48 8b 3f 48 63 05 da 6f 68 00 74 1b 8b 0c 38 85
0x000000006f6a5024:   c9 74 77 8b c1 8b 0d 09 75 63 00 48 d3 e0 48 03 


Register to memory mapping:

RAX=0x0000000000000000 is an unknown value
RBX=0x000000001f85d800 is a thread
RCX=0x0000000000000d80 is an unknown value
RDX=0x0000000000000000 is an unknown value
RSP=0x000000002019e980 is pointing into the stack for thread: 0x000000001f85d800
RBP=0x0000000000000000 is an unknown value
RSI=0x0000000000000000 is an unknown value
RDI=0x0000000000000000 is an unknown value
R8 =0x0000000000000000 is an unknown value
R9 =0x0000000000000000 is an unknown value
R10=0x3ff0000000000000 is an unknown value
R11=0x0000000000000246 is an unknown value
R12=0x0000000000000000 is an unknown value
R13=0x0000000000000000 is an unknown value
R14=0x000000002019ed90 is pointing into the stack for thread: 0x000000001f85d800
R15=0x000000001f85d800 is a thread


Stack: [0x00000000200a0000,0x00000000201a0000],  sp=0x000000002019e980,  free space=1018k
Native frames: (J=compiled Java code, j=interpreted, Vv=VM code, C=native code)

Java frames: (J=compiled Java code, j=interpreted, Vv=VM code)
j  fr.ird.voxelidar.extraction.LasExtraction.simpleExtract(Ljava/lang/String;Lfr/ird/voxelidar/extraction/LasPoints;)Z+0
j  fr.ird.voxelidar.extraction.LasExtraction.run()V+30
j  java.lang.Thread.run()V+11
v  ~StubRoutines::call_stub

---------------  P R O C E S S  ---------------

Java Threads: ( => current thread )
=>0x000000001f85d800 JavaThread "Thread-0" [_thread_in_vm, id=6576, stack(0x00000000200a0000,0x00000000201a0000)]
  0x000000001d330800 JavaThread "Service Thread" daemon [_thread_blocked, id=4492, stack(0x000000001f540000,0x000000001f640000)]
  0x000000001d2cb800 JavaThread "C1 CompilerThread3" daemon [_thread_in_native, id=6920, stack(0x000000001f390000,0x000000001f490000)]
  0x000000001d2b8800 JavaThread "C2 CompilerThread2" daemon [_thread_blocked, id=3844, stack(0x000000001f290000,0x000000001f390000)]
  0x000000001d2b8000 JavaThread "C2 CompilerThread1" daemon [_thread_blocked, id=6620, stack(0x000000001f150000,0x000000001f250000)]
  0x000000001d2ac000 JavaThread "C2 CompilerThread0" daemon [_thread_blocked, id=5872, stack(0x000000001ef60000,0x000000001f060000)]
  0x000000001d2a0000 JavaThread "JDWP Command Reader" daemon [_thread_in_native, id=7024, stack(0x000000001ed40000,0x000000001ee40000)]
  0x000000001d299000 JavaThread "JDWP Event Helper Thread" daemon [_thread_blocked, id=6012, stack(0x000000001eb00000,0x000000001ec00000)]
  0x000000001d292800 JavaThread "JDWP Transport Listener: dt_socket" daemon [_thread_blocked, id=6424, stack(0x000000001ea00000,0x000000001eb00000)]
  0x000000001d284000 JavaThread "Attach Listener" daemon [_thread_blocked, id=6232, stack(0x000000001e890000,0x000000001e990000)]
  0x000000001d282800 JavaThread "Signal Dispatcher" daemon [_thread_blocked, id=4756, stack(0x000000001e180000,0x000000001e280000)]
  0x000000001c1cb000 JavaThread "Finalizer" daemon [_thread_blocked, id=6136, stack(0x000000001e6f0000,0x000000001e7f0000)]
  0x000000001c1c4000 JavaThread "Reference Handler" daemon [_thread_blocked, id=6268, stack(0x000000001e4b0000,0x000000001e5b0000)]
  0x0000000001dca800 JavaThread "main" [_thread_in_vm, id=6076, stack(0x00000000020d0000,0x00000000021d0000)]

Other Threads:
  0x000000001d231000 VMThread [stack: 0x000000001e2f0000,0x000000001e3f0000] [id=1360]
  0x000000001d339800 WatcherThread [stack: 0x000000001f6e0000,0x000000001f7e0000] [id=6680]

VM state:not at safepoint (normal execution)

VM Mutex/Monitor currently owned by a thread: None

Heap:
 PSYoungGen      total 114688K, used 13780K [0x000000076ab00000, 0x0000000772b00000, 0x00000007c0000000)
  eden space 98304K, 14% used [0x000000076ab00000,0x000000076b8752e8,0x0000000770b00000)
  from space 16384K, 0% used [0x0000000771b00000,0x0000000771b00000,0x0000000772b00000)
  to   space 16384K, 0% used [0x0000000770b00000,0x0000000770b00000,0x0000000771b00000)
 ParOldGen       total 262144K, used 0K [0x00000006c0000000, 0x00000006d0000000, 0x000000076ab00000)
  object space 262144K, 0% used [0x00000006c0000000,0x00000006c0000000,0x00000006d0000000)
 Metaspace       used 5051K, capacity 5276K, committed 5504K, reserved 1056768K
  class space    used 576K, capacity 628K, committed 640K, reserved 1048576K

Card table byte_map: [0x0000000011860000,0x0000000012070000] byte_map_base: 0x000000000e260000

Marking Bits: (ParMarkBitMap*) 0x000000006fd4d4f0
 Begin Bits: [0x0000000012fe0000, 0x0000000016fe0000)
 End Bits:   [0x0000000016fe0000, 0x000000001afe0000)

Polling page: 0x0000000000310000

CodeCache: size=245760Kb used=1576Kb max_used=1576Kb free=244183Kb
 bounds [0x00000000024a0000, 0x0000000002710000, 0x00000000114a0000]
 total_blobs=490 nmethods=233 adapters=180
 compilation: enabled

Compilation events (10 events):
Event: 0.467 Thread 0x000000001d2cb800  227       3       java.lang.ref.WeakReference::<init> (6 bytes)
Event: 0.467 Thread 0x000000001d2cb800 nmethod 227 0x000000000261b9d0 code [0x000000000261bb40, 0x000000000261be30]
Event: 0.467 Thread 0x000000001d2cb800  224       3       sun.reflect.ReflectionFactory::langReflectAccess (15 bytes)
Event: 0.468 Thread 0x000000001d2cb800 nmethod 224 0x000000000261b5d0 code [0x000000000261b740, 0x000000000261b950]
Event: 0.468 Thread 0x000000001d2cb800  222       3       java.net.URL::<init> (8 bytes)
Event: 0.468 Thread 0x000000001d2cb800 nmethod 222 0x000000000261b210 code [0x000000000261b380, 0x000000000261b528]
Event: 0.468 Thread 0x000000001d2cb800  228       1       java.security.PrivilegedActionException::getException (5 bytes)
Event: 0.468 Thread 0x000000001d2cb800 nmethod 228 0x000000000261af50 code [0x000000000261b0a0, 0x000000000261b1b0]
Event: 1.782 Thread 0x000000001d2b8000  229 %     4       java.lang.String::indexOf @ 69 (166 bytes)
Event: 1.797 Thread 0x000000001d2b8000 nmethod 229% 0x0000000002628150 code [0x00000000026282a0, 0x0000000002628ab8]

GC Heap History (0 events):
No events

Deoptimization events (0 events):
No events

Internal exceptions (10 events):
Event: 0.463 Thread 0x0000000001dca800 Exception <a 'java/security/PrivilegedActionException'> (0x000000076b4e8cd0) thrown at [C:\workspace\8-2-build-windows-amd64-cygwin\jdk8u31\2394\hotspot\src\share\vm\prims\jvm.cpp, line 1312]
Event: 0.463 Thread 0x0000000001dca800 Exception <a 'java/lang/ClassNotFoundException': org/apache/log4j/ConsoleAppenderCustomizer> (0x000000076b4e8f08) thrown at [C:\workspace\8-2-build-windows-amd64-cygwin\jdk8u31\2394\hotspot\src\share\vm\classfile\systemDictionary.cpp, line 202]
Event: 0.464 Thread 0x0000000001dca800 Exception <a 'java/security/PrivilegedActionException'> (0x000000076b4f3e10) thrown at [C:\workspace\8-2-build-windows-amd64-cygwin\jdk8u31\2394\hotspot\src\share\vm\prims\jvm.cpp, line 1312]
Event: 0.464 Thread 0x0000000001dca800 Exception <a 'java/security/PrivilegedActionException'> (0x000000076b4f9488) thrown at [C:\workspace\8-2-build-windows-amd64-cygwin\jdk8u31\2394\hotspot\src\share\vm\prims\jvm.cpp, line 1312]
Event: 1.782 Thread 0x0000000001dca800 Exception <a 'java/security/PrivilegedActionException'> (0x000000076b4ffa48) thrown at [C:\workspace\8-2-build-windows-amd64-cygwin\jdk8u31\2394\hotspot\src\share\vm\prims\jvm.cpp, line 1312]
Event: 1.783 Thread 0x0000000001dca800 Exception <a 'java/security/PrivilegedActionException'> (0x000000076b502158) thrown at [C:\workspace\8-2-build-windows-amd64-cygwin\jdk8u31\2394\hotspot\src\share\vm\prims\jvm.cpp, line 1312]
Event: 1.804 Thread 0x0000000001dca800 Exception <a 'java/security/PrivilegedActionException'> (0x000000076b507ff0) thrown at [C:\workspace\8-2-build-windows-amd64-cygwin\jdk8u31\2394\hotspot\src\share\vm\prims\jvm.cpp, line 1312]
Event: 1.809 Thread 0x0000000001dca800 Exception <a 'java/security/PrivilegedActionException'> (0x000000076b509c40) thrown at [C:\workspace\8-2-build-windows-amd64-cygwin\jdk8u31\2394\hotspot\src\share\vm\prims\jvm.cpp, line 1312]
Event: 1.809 Thread 0x000000001f85d800 Exception <a 'java/security/PrivilegedActionException'> (0x000000076b689f88) thrown at [C:\workspace\8-2-build-windows-amd64-cygwin\jdk8u31\2394\hotspot\src\share\vm\prims\jvm.cpp, line 1312]
Event: 1.810 Thread 0x000000001f85d800 Exception <a 'java/security/PrivilegedActionException'> (0x000000076b68c1d8) thrown at [C:\workspace\8-2-build-windows-amd64-cygwin\jdk8u31\2394\hotspot\src\share\vm\prims\jvm.cpp, line 1312]

Events (10 events):
Event: 1.813 loading class java/awt/Component
Event: 1.814 loading class java/awt/image/ImageObserver
Event: 1.814 loading class java/awt/image/ImageObserver done
Event: 1.814 Executing VM operation: ChangeBreakpoints
Event: 1.815 loading class java/awt/Component done
Event: 1.815 loading class java/awt/Container done
Event: 1.815 loading class java/awt/Window done
Event: 1.815 loading class java/awt/Frame done
Event: 1.815 loading class javax/swing/JFrame done
Event: 1.815 Executing VM operation: ChangeBreakpoints done


Dynamic libraries:
0x000000013f390000 - 0x000000013f3c4000 	C:\Program Files\Java\jdk1.8.0_31\bin\java.exe
0x00000000774e0000 - 0x0000000077689000 	C:\Windows\SYSTEM32\ntdll.dll
0x00000000772c0000 - 0x00000000773df000 	C:\Windows\system32\kernel32.dll
0x000007fefd380000 - 0x000007fefd3ec000 	C:\Windows\system32\KERNELBASE.dll
0x000007feff290000 - 0x000007feff36b000 	C:\Windows\system32\ADVAPI32.dll
0x000007fefd760000 - 0x000007fefd7ff000 	C:\Windows\system32\msvcrt.dll
0x000007fefda30000 - 0x000007fefda4f000 	C:\Windows\SYSTEM32\sechost.dll
0x000007fefe9a0000 - 0x000007fefeacd000 	C:\Windows\system32\RPCRT4.dll
0x00000000773e0000 - 0x00000000774da000 	C:\Windows\system32\USER32.dll
0x000007fefd6f0000 - 0x000007fefd757000 	C:\Windows\system32\GDI32.dll
0x000007fefe940000 - 0x000007fefe94e000 	C:\Windows\system32\LPK.dll
0x000007feff410000 - 0x000007feff4d9000 	C:\Windows\system32\USP10.dll
0x000007fefbc50000 - 0x000007fefbe44000 	C:\Windows\WinSxS\amd64_microsoft.windows.common-controls_6595b64144ccf1df_6.0.7601.17514_none_fa396087175ac9ac\COMCTL32.dll
0x000007feff6f0000 - 0x000007feff761000 	C:\Windows\system32\SHLWAPI.dll
0x000007fefdb60000 - 0x000007fefdb8e000 	C:\Windows\system32\IMM32.DLL
0x000007fefda50000 - 0x000007fefdb59000 	C:\Windows\system32\MSCTF.dll
0x0000000051740000 - 0x0000000051812000 	C:\Program Files\Java\jdk1.8.0_31\jre\bin\msvcr100.dll
0x000000006f570000 - 0x000000006fdca000 	C:\Program Files\Java\jdk1.8.0_31\jre\bin\server\jvm.dll
0x000007fef76c0000 - 0x000007fef76c9000 	C:\Windows\system32\WSOCK32.dll
0x000007fefe950000 - 0x000007fefe99d000 	C:\Windows\system32\WS2_32.dll
0x000007fefd6e0000 - 0x000007fefd6e8000 	C:\Windows\system32\NSI.dll
0x000007fef73f0000 - 0x000007fef742b000 	C:\Windows\system32\WINMM.dll
0x00000000776a0000 - 0x00000000776a7000 	C:\Windows\system32\PSAPI.DLL
0x0000000058970000 - 0x000000005897f000 	C:\Program Files\Java\jdk1.8.0_31\jre\bin\verify.dll
0x0000000054c40000 - 0x0000000054c68000 	C:\Program Files\Java\jdk1.8.0_31\jre\bin\java.dll
0x0000000054070000 - 0x00000000540a5000 	C:\Program Files\Java\jdk1.8.0_31\jre\bin\jdwp.dll
0x0000000054ae0000 - 0x0000000054ae8000 	C:\Program Files\Java\jdk1.8.0_31\jre\bin\npt.dll
0x0000000054c20000 - 0x0000000054c36000 	C:\Program Files\Java\jdk1.8.0_31\jre\bin\zip.dll
0x000007fefdbb0000 - 0x000007fefe938000 	C:\Windows\system32\SHELL32.dll
0x000007feff4e0000 - 0x000007feff6e3000 	C:\Windows\system32\ole32.dll
0x000007fefd330000 - 0x000007fefd33f000 	C:\Windows\system32\profapi.dll
0x0000000054bd0000 - 0x0000000054bd9000 	C:\Program Files\Java\jdk1.8.0_31\jre\bin\dt_socket.dll
0x000007fefc9f0000 - 0x000007fefca45000 	C:\Windows\system32\mswsock.dll
0x000007fefc720000 - 0x000007fefc727000 	C:\Windows\System32\wshtcpip.dll
0x000007fef2db0000 - 0x000007fef2e78000 	C:\Users\Julien\Documents\NetBeansProjects\VoxeLidar\LASlib.dll
0x000007fef56e0000 - 0x000007fef57cf000 	C:\Windows\system32\MSVCR120.dll
0x000007fef58a0000 - 0x000007fef5946000 	C:\Windows\system32\MSVCP120.dll
0x000007fefaeb0000 - 0x000007fefafd5000 	C:\Windows\system32\dbghelp.dll

VM Arguments:
jvm_args: -Xdebug -Xrunjdwp:transport=dt_socket,server=n,address=1426 -Xmx4G 
java_command: fr.ird.voxelidar.Principal
java_class_path (initial): C:\Users\Julien\Documents\NetBeansProjects\VoxeLidar\target\classes;C:\Users\Julien\.m2\repository\org\jogamp\gluegen\gluegen-rt-main\2.2.4\gluegen-rt-main-2.2.4.jar;C:\Users\Julien\.m2\repository\org\jogamp\gluegen\gluegen-rt\2.2.4\gluegen-rt-2.2.4.jar;C:\Users\Julien\.m2\repository\org\jogamp\gluegen\gluegen-rt\2.2.4\gluegen-rt-2.2.4-natives-android-armv6.jar;C:\Users\Julien\.m2\repository\org\jogamp\gluegen\gluegen-rt\2.2.4\gluegen-rt-2.2.4-natives-linux-amd64.jar;C:\Users\Julien\.m2\repository\org\jogamp\gluegen\gluegen-rt\2.2.4\gluegen-rt-2.2.4-natives-linux-armv6.jar;C:\Users\Julien\.m2\repository\org\jogamp\gluegen\gluegen-rt\2.2.4\gluegen-rt-2.2.4-natives-linux-armv6hf.jar;C:\Users\Julien\.m2\repository\org\jogamp\gluegen\gluegen-rt\2.2.4\gluegen-rt-2.2.4-natives-linux-i586.jar;C:\Users\Julien\.m2\repository\org\jogamp\gluegen\gluegen-rt\2.2.4\gluegen-rt-2.2.4-natives-macosx-universal.jar;C:\Users\Julien\.m2\repository\org\jogamp\gluegen\gluegen-rt\2.2.4\gluegen-rt-2.2.4-natives-solaris-amd64.jar;C:\Users\Julien\.m2\repository\org\jogamp\gluegen\gluegen-rt\2.2.4\gluegen-rt-2.2.4-natives-solaris-i586.jar;C:\Users\Julien\.m2\repository\org\jogamp\gluegen\gluegen-rt\2.2.4\gluegen-rt-2.2.4-natives-windows-amd64.jar;C:\Users\Julien\.m2\repository\org\jogamp\gluegen\gluegen-rt\2.2.4\gluegen-rt-2.2.4-natives-windows-i586.jar;C:\Users\Julien\.m2\repository\org\jogamp\jogl\jogl-all-main\2.2.4\jogl-all-main-2.2.4.jar;C:\Users\Julien\.m2\repository\org\jogamp\jogl\jogl-all\2.2.4\jogl-all-2.2.4.jar;C:\Users\Julien\.m2\repository\org\jogamp\jogl\jogl-all\2.2.4\jogl-all-2.2.4-natives-android-armv6.jar;C:\Users\Julien\.m2\repository\org\jogamp\jogl\jogl-all\2.2.4\jogl-all-2.2.4-natives-linux-amd64.jar;C:\Users\Julien\.m2\repository\org\jogamp\jogl\jogl-all\2.2.4\jogl-all-2.2.4-natives-linux-armv6.jar;C:\Users\Julien\.m2\repository\org\jogamp\jogl\jogl-all\2.2.4\jogl-all-2.2.4-natives-linux-armv6hf.jar;C:\Users\Julien\.m2\repository\org\jogamp\j
Launcher Type: SUN_STANDARD

Environment Variables:
JAVA_HOME=C:\Program Files\Java\jdk1.8.0_31
CLASSPATH=C:\Program Files\OpenNI\Bin64\org.OpenNI.jar
PATH=C:\ProgramData\Oracle\Java\javapath;C:\Program Files\Java\jdk1.7.0_67\bin;C:\Python27\Lib\site-packages\PyQt4;C:\Program Files (x86)\Common Files\Intergraph\Grid Analysis SDK\1.0\Program;C:\Windows\system32;C:\Windows;C:\Windows\System32\Wbem;C:\Windows\System32\WindowsPowerShell\v1.0\;C:\Windows\Program Files (x86)\Common Files\Roxio Shared\DLLShared\;C:\Program Files (x86)\Common Files\Roxio Shared\10.0\DLLShared\;C:\Windows\Program Files\Java\jdk1.7.0_67\bin;C:\Program Files\java\ssj\lib\;C:\Program Files\MATLAB\R2010a\bin;C:\Program Files\OpenNI\Bin64;C:\Program Files\PCL 1.6.0\bin;C:\Program Files\TortoiseSVN\bin;C:\Program Files\Microsoft SQL Server\110\Tools\Binn\;C:\MinGW3\bin;C:\Program Files\TortoiseGit\bin;C:\Program Files (x86)\Windows Kits\8.1\Windows Performance Toolkit\;c:\users\julien\appdata\local\enthought\canopy\user;c:\users\julien\appdata\local\enthought\canopy\user\scripts
USERNAME=Julien
OS=Windows_NT
PROCESSOR_IDENTIFIER=Intel64 Family 6 Model 44 Stepping 2, GenuineIntel



---------------  S Y S T E M  ---------------

OS: Windows 7 , 64 bit Build 7601 Service Pack 1

CPU:total 8 (4 cores per cpu, 2 threads per core) family 6 model 44 stepping 2, cmov, cx8, fxsr, mmx, sse, sse2, sse3, ssse3, sse4.1, sse4.2, popcnt, aes, clmul, ht, tsc, tscinvbit, tscinv

Memory: 4k page, physical 25148644k(19720544k free), swap 50295424k(43517408k free)

vm_info: Java HotSpot(TM) 64-Bit Server VM (25.31-b07) for windows-amd64 JRE (1.8.0_31-b13), built on Dec 17 2014 21:00:28 by "java_re" with MS VC++ 10.0 (VS2010)

time: Thu Feb 05 10:38:19 2015
elapsed time: 1 seconds (0d 0h 0m 1s)

