#
# A fatal error has been detected by the Java Runtime Environment:
#
#  EXCEPTION_ACCESS_VIOLATION (0xc0000005) at pc=0x0000000060ea0539, pid=2052, tid=2612
#
# JRE version: Java(TM) SE Runtime Environment (7.0_67-b01) (build 1.7.0_67-b01)
# Java VM: Java HotSpot(TM) 64-Bit Server VM (24.65-b04 mixed mode windows-amd64 compressed oops)
# Problematic frame:
# C  0x0000000060ea0539
#
# Failed to write core dump. Minidumps are not enabled by default on client versions of Windows
#
# If you would like to submit a bug report, please visit:
#   http://bugreport.sun.com/bugreport/crash.jsp
# The crash happened outside the Java Virtual Machine in native code.
# See problematic frame for where to report the bug.
#

---------------  T H R E A D  ---------------

Current thread (0x000000000e736800):  JavaThread "AWT-EventQueue-0" [_thread_in_native, id=2612, stack(0x0000000012020000,0x0000000012120000)]

siginfo: ExceptionCode=0xc0000005, reading address 0x0000000000001100

Registers:
RAX=0x0000000000000000, RBX=0x000000077c032938, RCX=0x0000000000000003, RDX=0x000000001211cc78
RSP=0x000000001211cbb8, RBP=0x000000001211cc40, RSI=0x00000000ef5c1601, RDI=0x0000000002436198
R8 =0x0000000000000003, R9 =0x0000000060ea0530, R10=0x00000000024494dd, R11=0x00000000626a2a70
R12=0x0000000000000000, R13=0x000000077c032938, R14=0x000000001211cc78, R15=0x000000000e736800
RIP=0x0000000060ea0539, EFLAGS=0x0000000000010206

Top of Stack: (sp=0x000000001211cbb8)
0x000000001211cbb8:   0000000002449509 000000001211cc40
0x000000001211cbc8:   00000000024490be 000000077c032938
0x000000001211cbd8:   00000000ef5c1601 0000000002436198
0x000000001211cbe8:   0000000002456d46 000000001211cc28
0x000000001211cbf8:   0000000002449086 000000001211cc00
0x000000001211cc08:   000000077c032938 000000001211cc78
0x000000001211cc18:   000000077c17f470 0000000000000000
0x000000001211cc28:   000000077c032938 0000000000000000
0x000000001211cc38:   000000001211cc60 000000001211ccc0
0x000000001211cc48:   0000000002436198 0000000000000000
0x000000001211cc58:   0000000002443a58 0000000060ea0530
0x000000001211cc68:   000000001211ccc0 0000000000000003
0x000000001211cc78:   0000000783f3e520 000000001211cc80
0x000000001211cc88:   000000077c03286a 000000001211cce8
0x000000001211cc98:   000000077c17f470 0000000000000000
0x000000001211cca8:   000000077c032878 000000001211cc60 

Instructions: (pc=0x0000000060ea0539)
0x0000000060ea0519:   af af af af af af af c3 cc cc cc cc cc cc cc cc
0x0000000060ea0529:   cc cc cc cc cc cc cc 65 48 8b 04 25 20 16 00 00
0x0000000060ea0539:   ff a0 00 11 00 00 cc cc cc cc cc cc cc cc cc cc
0x0000000060ea0549:   cc cc cc cc cc cc cc cc cc cc cc cc cc cc cc cc 


Register to memory mapping:

RAX=0x0000000000000000 is an unknown value
RBX=0x000000077c032938 is an oop
{method} 
 - klass: {other class}
RCX=0x0000000000000003 is an unknown value
RDX=0x000000001211cc78 is pointing into the stack for thread: 0x000000000e736800
RSP=0x000000001211cbb8 is pointing into the stack for thread: 0x000000000e736800
RBP=0x000000001211cc40 is pointing into the stack for thread: 0x000000000e736800
RSI=0x00000000ef5c1601 is an unknown value
RDI=0x0000000002436198 is at code_begin+2520 in an Interpreter codelet
return entry points  [0x00000000024357c0, 0x00000000024375c0]  7680 bytes
R8 =0x0000000000000003 is an unknown value
R9 =0x0000000060ea0530 is an unknown value
R10=0x00000000024494dd is at code_begin+1277 in an Interpreter codelet
method entry point (kind = native)  [0x0000000002448fe0, 0x0000000002449ea0]  3776 bytes
R11=0x00000000626a2a70 is an unknown value
R12=0x0000000000000000 is an unknown value
R13=0x000000077c032938 is an oop
{method} 
 - klass: {other class}
R14=0x000000001211cc78 is pointing into the stack for thread: 0x000000000e736800
R15=0x000000000e736800 is a thread


Stack: [0x0000000012020000,0x0000000012120000],  sp=0x000000001211cbb8,  free space=1010k
Native frames: (J=compiled Java code, j=interpreted, Vv=VM code, C=native code)
C  0x0000000060ea0539
j  jogamp.opengl.gl4.GL4bcImpl.glUseProgram(I)V+34
j  fr.ird.voxelidar.graphics3d.jogl.JoglListener$1.projMatrixChanged(Lfr/ird/voxelidar/math/matrix/Mat4F;)V+95
j  fr.ird.voxelidar.graphics3d.object.camera.TrackballCamera.fireProjectionMatrixChanged(Lfr/ird/voxelidar/math/matrix/Mat4F;)V+34
j  fr.ird.voxelidar.graphics3d.object.camera.TrackballCamera.updateProjMatrix()V+69
j  fr.ird.voxelidar.graphics3d.object.camera.TrackballCamera.setOrthographic(FFFFFF)V+39
j  fr.ird.voxelidar.frame.JFrameTools.jPanel21MouseClicked(Ljava/awt/event/MouseEvent;)V+141
j  fr.ird.voxelidar.frame.JFrameTools.access$1100(Lfr/ird/voxelidar/frame/JFrameTools;Ljava/awt/event/MouseEvent;)V+2
j  fr.ird.voxelidar.frame.JFrameTools$12.mouseClicked(Ljava/awt/event/MouseEvent;)V+5
j  java.awt.Component.processMouseEvent(Ljava/awt/event/MouseEvent;)V+74
j  javax.swing.JComponent.processMouseEvent(Ljava/awt/event/MouseEvent;)V+23
j  java.awt.Component.processEvent(Ljava/awt/AWTEvent;)V+81
j  java.awt.Container.processEvent(Ljava/awt/AWTEvent;)V+18
j  java.awt.Component.dispatchEventImpl(Ljava/awt/AWTEvent;)V+581
J 371 C2 java.awt.Container.dispatchEventImpl(Ljava/awt/AWTEvent;)V (129 bytes) @ 0x00000000025650ec [0x0000000002564e60+0x28c]
J 558 C2 java.awt.Component.dispatchEvent(Ljava/awt/AWTEvent;)V (6 bytes) @ 0x000000000252f1a4 [0x000000000252f160+0x44]
j  java.awt.LightweightDispatcher.retargetMouseEvent(Ljava/awt/Component;ILjava/awt/event/MouseEvent;)V+327
j  java.awt.LightweightDispatcher.processMouseEvent(Ljava/awt/event/MouseEvent;)Z+157
J 371 C2 java.awt.Container.dispatchEventImpl(Ljava/awt/AWTEvent;)V (129 bytes) @ 0x0000000002565224 [0x0000000002564e60+0x3c4]
j  java.awt.Window.dispatchEventImpl(Ljava/awt/AWTEvent;)V+19
J 558 C2 java.awt.Component.dispatchEvent(Ljava/awt/AWTEvent;)V (6 bytes) @ 0x000000000252f1a4 [0x000000000252f160+0x44]
j  java.awt.EventQueue.dispatchEventImpl(Ljava/awt/AWTEvent;Ljava/lang/Object;)V+41
j  java.awt.EventQueue.access$200(Ljava/awt/EventQueue;Ljava/awt/AWTEvent;Ljava/lang/Object;)V+3
j  java.awt.EventQueue$3.run()Ljava/lang/Void;+12
j  java.awt.EventQueue$3.run()Ljava/lang/Object;+1
v  ~StubRoutines::call_stub

Java frames: (J=compiled Java code, j=interpreted, Vv=VM code)
j  jogamp.opengl.gl4.GL4bcImpl.dispatch_glUseProgram1(IJ)V+0
j  jogamp.opengl.gl4.GL4bcImpl.glUseProgram(I)V+34
j  fr.ird.voxelidar.graphics3d.jogl.JoglListener$1.projMatrixChanged(Lfr/ird/voxelidar/math/matrix/Mat4F;)V+95
j  fr.ird.voxelidar.graphics3d.object.camera.TrackballCamera.fireProjectionMatrixChanged(Lfr/ird/voxelidar/math/matrix/Mat4F;)V+34
j  fr.ird.voxelidar.graphics3d.object.camera.TrackballCamera.updateProjMatrix()V+69
j  fr.ird.voxelidar.graphics3d.object.camera.TrackballCamera.setOrthographic(FFFFFF)V+39
j  fr.ird.voxelidar.frame.JFrameTools.jPanel21MouseClicked(Ljava/awt/event/MouseEvent;)V+141
j  fr.ird.voxelidar.frame.JFrameTools.access$1100(Lfr/ird/voxelidar/frame/JFrameTools;Ljava/awt/event/MouseEvent;)V+2
j  fr.ird.voxelidar.frame.JFrameTools$12.mouseClicked(Ljava/awt/event/MouseEvent;)V+5
j  java.awt.Component.processMouseEvent(Ljava/awt/event/MouseEvent;)V+74
j  javax.swing.JComponent.processMouseEvent(Ljava/awt/event/MouseEvent;)V+23
j  java.awt.Component.processEvent(Ljava/awt/AWTEvent;)V+81
j  java.awt.Container.processEvent(Ljava/awt/AWTEvent;)V+18
j  java.awt.Component.dispatchEventImpl(Ljava/awt/AWTEvent;)V+581
J 371 C2 java.awt.Container.dispatchEventImpl(Ljava/awt/AWTEvent;)V (129 bytes) @ 0x00000000025650ec [0x0000000002564e60+0x28c]
J 558 C2 java.awt.Component.dispatchEvent(Ljava/awt/AWTEvent;)V (6 bytes) @ 0x000000000252f1a4 [0x000000000252f160+0x44]
j  java.awt.LightweightDispatcher.retargetMouseEvent(Ljava/awt/Component;ILjava/awt/event/MouseEvent;)V+327
j  java.awt.LightweightDispatcher.processMouseEvent(Ljava/awt/event/MouseEvent;)Z+157
J 371 C2 java.awt.Container.dispatchEventImpl(Ljava/awt/AWTEvent;)V (129 bytes) @ 0x0000000002565224 [0x0000000002564e60+0x3c4]
j  java.awt.Window.dispatchEventImpl(Ljava/awt/AWTEvent;)V+19
J 558 C2 java.awt.Component.dispatchEvent(Ljava/awt/AWTEvent;)V (6 bytes) @ 0x000000000252f1a4 [0x000000000252f160+0x44]
j  java.awt.EventQueue.dispatchEventImpl(Ljava/awt/AWTEvent;Ljava/lang/Object;)V+41
j  java.awt.EventQueue.access$200(Ljava/awt/EventQueue;Ljava/awt/AWTEvent;Ljava/lang/Object;)V+3
j  java.awt.EventQueue$3.run()Ljava/lang/Void;+12
j  java.awt.EventQueue$3.run()Ljava/lang/Object;+1
v  ~StubRoutines::call_stub
J 366  java.security.AccessController.doPrivileged(Ljava/security/PrivilegedAction;Ljava/security/AccessControlContext;)Ljava/lang/Object; (0 bytes) @ 0x000000000253b886 [0x000000000253b820+0x66]
j  java.security.ProtectionDomain$1.doIntersectionPrivilege(Ljava/security/PrivilegedAction;Ljava/security/AccessControlContext;Ljava/security/AccessControlContext;)Ljava/lang/Object;+28
j  java.security.ProtectionDomain$1.doIntersectionPrivilege(Ljava/security/PrivilegedAction;Ljava/security/AccessControlContext;)Ljava/lang/Object;+6
j  java.awt.EventQueue$4.run()Ljava/lang/Void;+11
j  java.awt.EventQueue$4.run()Ljava/lang/Object;+1
v  ~StubRoutines::call_stub
J 366  java.security.AccessController.doPrivileged(Ljava/security/PrivilegedAction;Ljava/security/AccessControlContext;)Ljava/lang/Object; (0 bytes) @ 0x000000000253b886 [0x000000000253b820+0x66]
J 335 C2 java.awt.EventDispatchThread.pumpOneEventForFilters(I)V (295 bytes) @ 0x0000000002569754 [0x0000000002568aa0+0xcb4]
j  java.awt.EventDispatchThread.pumpEventsForFilter(ILjava/awt/Conditional;Ljava/awt/EventFilter;)V+35
j  java.awt.EventDispatchThread.pumpEventsForHierarchy(ILjava/awt/Conditional;Ljava/awt/Component;)V+11
j  java.awt.EventDispatchThread.pumpEvents(ILjava/awt/Conditional;)V+4
j  java.awt.EventDispatchThread.pumpEvents(Ljava/awt/Conditional;)V+3
j  java.awt.EventDispatchThread.run()V+9
v  ~StubRoutines::call_stub

---------------  P R O C E S S  ---------------

Java Threads: ( => current thread )
  0x000000000ee0e800 JavaThread "SwingWorker-pool-2-thread-1" daemon [_thread_blocked, id=592, stack(0x0000000017c30000,0x0000000017d30000)]
  0x000000000e9c0800 JavaThread "AWT-EventQueue-0-FPSAWTAnimator-Timer0" [_thread_blocked, id=4580, stack(0x0000000019540000,0x0000000019640000)]
  0x000000000ee1b000 JavaThread "AWT-EventQueue-0-Display-.windows_nil-1-EDT-1" daemon [_thread_blocked, id=5840, stack(0x00000000177d0000,0x00000000178d0000)]
  0x000000000ea59800 JavaThread "AWT-EventQueue-0-SharedResourceRunner" daemon [_thread_blocked, id=5364, stack(0x00000000173b0000,0x00000000174b0000)]
  0x000000000edb5000 JavaThread "D3D Screen Updater" daemon [_thread_blocked, id=2528, stack(0x0000000017120000,0x0000000017220000)]
  0x00000000021aa000 JavaThread "DestroyJavaVM" [_thread_blocked, id=3476, stack(0x00000000022a0000,0x00000000023a0000)]
  0x0000000015ab3800 JavaThread "TimerQueue" daemon [_thread_blocked, id=6520, stack(0x0000000016a10000,0x0000000016b10000)]
  0x000000000e8dc800 JavaThread "org.netbeans.modules.debugger.jpda.visual AWT Access Loop" daemon [_thread_blocked, id=2824, stack(0x0000000015740000,0x0000000015840000)]
  0x000000000e752000 JavaThread "Swing-Shell" daemon [_thread_blocked, id=3512, stack(0x0000000014700000,0x0000000014800000)]
=>0x000000000e736800 JavaThread "AWT-EventQueue-0" [_thread_in_native, id=2612, stack(0x0000000012020000,0x0000000012120000)]
  0x000000000e805800 JavaThread "AWT-Windows" daemon [_thread_in_native, id=2192, stack(0x000000000f2b0000,0x000000000f3b0000)]
  0x000000000e804800 JavaThread "AWT-Shutdown" [_thread_blocked, id=5668, stack(0x000000000e070000,0x000000000e170000)]
  0x000000000e804000 JavaThread "Java2D Disposer" daemon [_thread_blocked, id=6820, stack(0x000000000f030000,0x000000000f130000)]
  0x000000000bfbb800 JavaThread "Service Thread" daemon [_thread_blocked, id=5984, stack(0x000000000e500000,0x000000000e600000)]
  0x000000000bfb2800 JavaThread "C2 CompilerThread1" daemon [_thread_blocked, id=3468, stack(0x000000000e330000,0x000000000e430000)]
  0x000000000bfa6800 JavaThread "C2 CompilerThread0" daemon [_thread_blocked, id=6752, stack(0x000000000e1e0000,0x000000000e2e0000)]
  0x000000000bf94800 JavaThread "JDWP Command Reader" daemon [_thread_in_native, id=7144, stack(0x000000000df00000,0x000000000e000000)]
  0x000000000bf93800 JavaThread "JDWP Event Helper Thread" daemon [_thread_blocked, id=6540, stack(0x000000000dd30000,0x000000000de30000)]
  0x000000000bf85800 JavaThread "JDWP Transport Listener: dt_socket" daemon [_thread_blocked, id=6396, stack(0x000000000db40000,0x000000000dc40000)]
  0x000000000b21b000 JavaThread "Attach Listener" daemon [_thread_blocked, id=2696, stack(0x000000000d700000,0x000000000d800000)]
  0x000000000b21a000 JavaThread "Signal Dispatcher" daemon [_thread_blocked, id=3616, stack(0x000000000d510000,0x000000000d610000)]
  0x000000000b204000 JavaThread "Finalizer" daemon [_thread_blocked, id=5352, stack(0x000000000d320000,0x000000000d420000)]
  0x000000000223f000 JavaThread "Reference Handler" daemon [_thread_blocked, id=5988, stack(0x000000000d130000,0x000000000d230000)]

Other Threads:
  0x000000000bf43800 VMThread [stack: 0x000000000d000000,0x000000000d100000] [id=4260]
  0x000000000bfc6000 WatcherThread [stack: 0x000000000e630000,0x000000000e730000] [id=4432]

VM state:not at safepoint (normal execution)

VM Mutex/Monitor currently owned by a thread: None

Heap
 PSYoungGen      total 421376K, used 187581K [0x00000007d5500000, 0x00000007f8400000, 0x0000000800000000)
  eden space 344064K, 32% used [0x00000007d5500000,0x00000007dc0b51c8,0x00000007ea500000)
  from space 77312K, 99% used [0x00000007f0880000,0x00000007f53fa428,0x00000007f5400000)
  to   space 101888K, 0% used [0x00000007ea500000,0x00000007ea500000,0x00000007f0880000)
 ParOldGen       total 261632K, used 81880K [0x0000000780000000, 0x000000078ff80000, 0x00000007d5500000)
  object space 261632K, 31% used [0x0000000780000000,0x0000000784ff63f0,0x000000078ff80000)
 PSPermGen       total 22528K, used 22476K [0x000000077ae00000, 0x000000077c400000, 0x0000000780000000)
  object space 22528K, 99% used [0x000000077ae00000,0x000000077c3f31c0,0x000000077c400000)

Card table byte_map: [0x00000000054f0000,0x0000000005920000] byte_map_base: 0x0000000001919000

Polling page: 0x0000000000330000

Code Cache  [0x0000000002430000, 0x00000000026a0000, 0x0000000005430000)
 total_blobs=1327 nmethods=516 adapters=771 free_code_cache=47103Kb largest_free_block=48144704

Compilation events (10 events):
Event: 30.294 Thread 0x000000000bfa6800 nmethod 555 0x0000000002619150 code [0x00000000026192a0, 0x0000000002619338]
Event: 30.294 Thread 0x000000000bfa6800  556             javax.swing.text.GapContent::length (17 bytes)
Event: 30.295 Thread 0x000000000bfa6800 nmethod 556 0x000000000252f550 code [0x000000000252f6a0, 0x000000000252f738]
Event: 30.338 Thread 0x000000000bfb2800 nmethod 554 0x000000000263e390 code [0x000000000263e740, 0x0000000002641e10]
Event: 30.922 Thread 0x000000000bfa6800  557             java.awt.Component::getInputContext (16 bytes)
Event: 30.923 Thread 0x000000000bfa6800 nmethod 557 0x000000000252f2d0 code [0x000000000252f420, 0x000000000252f4b8]
Event: 31.027 Thread 0x000000000bfb2800  558             java.awt.Component::dispatchEvent (6 bytes)
Event: 31.027 Thread 0x000000000bfb2800 nmethod 558 0x000000000252f010 code [0x000000000252f160, 0x000000000252f1d8]
Event: 31.754 Thread 0x000000000bfa6800  559             java.util.concurrent.locks.ReentrantLock$Sync::nonfairTryAcquire (67 bytes)
Event: 31.755 Thread 0x000000000bfa6800 nmethod 559 0x00000000024ef250 code [0x00000000024ef380, 0x00000000024ef478]

GC Heap History (10 events):
Event: 21.452 GC heap before
{Heap before GC invocations=4 (full 0):
 PSYoungGen      total 114688K, used 107282K [0x00000007d5500000, 0x00000007dd500000, 0x0000000800000000)
  eden space 98304K, 100% used [0x00000007d5500000,0x00000007db500000,0x00000007db500000)
  from space 16384K, 54% used [0x00000007db500000,0x00000007dbdc4940,0x00000007dc500000)
  to   space 16384K, 0% used [0x00000007dc500000,0x00000007dc500000,0x00000007dd500000)
 ParOldGen       total 261632K, used 16K [0x0000000780000000, 0x000000078ff80000, 0x00000007d5500000)
  object space 261632K, 0% used [0x0000000780000000,0x0000000780004000,0x000000078ff80000)
 PSPermGen       total 22528K, used 22167K [0x000000077ae00000, 0x000000077c400000, 0x0000000780000000)
  object space 22528K, 98% used [0x000000077ae00000,0x000000077c3a5e70,0x000000077c400000)
Event: 21.464 GC heap after
Heap after GC invocations=4 (full 0):
 PSYoungGen      total 114688K, used 16140K [0x00000007d5500000, 0x00000007dd500000, 0x0000000800000000)
  eden space 98304K, 0% used [0x00000007d5500000,0x00000007d5500000,0x00000007db500000)
  from space 16384K, 98% used [0x00000007dc500000,0x00000007dd4c3030,0x00000007dd500000)
  to   space 16384K, 0% used [0x00000007db500000,0x00000007db500000,0x00000007dc500000)
 ParOldGen       total 261632K, used 24K [0x0000000780000000, 0x000000078ff80000, 0x00000007d5500000)
  object space 261632K, 0% used [0x0000000780000000,0x0000000780006000,0x000000078ff80000)
 PSPermGen       total 22528K, used 22167K [0x000000077ae00000, 0x000000077c400000, 0x0000000780000000)
  object space 22528K, 98% used [0x000000077ae00000,0x000000077c3a5e70,0x000000077c400000)
}
Event: 21.573 GC heap before
{Heap before GC invocations=5 (full 0):
 PSYoungGen      total 114688K, used 114444K [0x00000007d5500000, 0x00000007dd500000, 0x0000000800000000)
  eden space 98304K, 100% used [0x00000007d5500000,0x00000007db500000,0x00000007db500000)
  from space 16384K, 98% used [0x00000007dc500000,0x00000007dd4c3030,0x00000007dd500000)
  to   space 16384K, 0% used [0x00000007db500000,0x00000007db500000,0x00000007dc500000)
 ParOldGen       total 261632K, used 24K [0x0000000780000000, 0x000000078ff80000, 0x00000007d5500000)
  object space 261632K, 0% used [0x0000000780000000,0x0000000780006000,0x000000078ff80000)
 PSPermGen       total 22528K, used 22176K [0x000000077ae00000, 0x000000077c400000, 0x0000000780000000)
  object space 22528K, 98% used [0x000000077ae00000,0x000000077c3a8228,0x000000077c400000)
Event: 21.614 GC heap after
Heap after GC invocations=5 (full 0):
 PSYoungGen      total 114688K, used 16363K [0x00000007d5500000, 0x00000007e5e00000, 0x0000000800000000)
  eden space 98304K, 0% used [0x00000007d5500000,0x00000007d5500000,0x00000007db500000)
  from space 16384K, 99% used [0x00000007db500000,0x00000007dc4faea0,0x00000007dc500000)
  to   space 37376K, 0% used [0x00000007e3980000,0x00000007e3980000,0x00000007e5e00000)
 ParOldGen       total 261632K, used 23864K [0x0000000780000000, 0x000000078ff80000, 0x00000007d5500000)
  object space 261632K, 9% used [0x0000000780000000,0x000000078174e000,0x000000078ff80000)
 PSPermGen       total 22528K, used 22176K [0x000000077ae00000, 0x000000077c400000, 0x0000000780000000)
  object space 22528K, 98% used [0x000000077ae00000,0x000000077c3a8228,0x000000077c400000)
}
Event: 21.725 GC heap before
{Heap before GC invocations=6 (full 0):
 PSYoungGen      total 114688K, used 114667K [0x00000007d5500000, 0x00000007e5e00000, 0x0000000800000000)
  eden space 98304K, 100% used [0x00000007d5500000,0x00000007db500000,0x00000007db500000)
  from space 16384K, 99% used [0x00000007db500000,0x00000007dc4faea0,0x00000007dc500000)
  to   space 37376K, 0% used [0x00000007e3980000,0x00000007e3980000,0x00000007e5e00000)
 ParOldGen       total 261632K, used 23864K [0x0000000780000000, 0x000000078ff80000, 0x00000007d5500000)
  object space 261632K, 9% used [0x0000000780000000,0x000000078174e000,0x000000078ff80000)
 PSPermGen       total 22528K, used 22177K [0x000000077ae00000, 0x000000077c400000, 0x0000000780000000)
  object space 22528K, 98% used [0x000000077ae00000,0x000000077c3a8500,0x000000077c400000)
Event: 21.766 GC heap after
Heap after GC invocations=6 (full 0):
 PSYoungGen      total 221696K, used 37358K [0x00000007d5500000, 0x00000007e7600000, 0x0000000800000000)
  eden space 184320K, 0% used [0x00000007d5500000,0x00000007d5500000,0x00000007e0900000)
  from space 37376K, 99% used [0x00000007e3980000,0x00000007e5dfbb40,0x00000007e5e00000)
  to   space 49664K, 0% used [0x00000007e0900000,0x00000007e0900000,0x00000007e3980000)
 ParOldGen       total 261632K, used 29248K [0x0000000780000000, 0x000000078ff80000, 0x00000007d5500000)
  object space 261632K, 11% used [0x0000000780000000,0x0000000781c90000,0x000000078ff80000)
 PSPermGen       total 22528K, used 22177K [0x000000077ae00000, 0x000000077c400000, 0x0000000780000000)
  object space 22528K, 98% used [0x000000077ae00000,0x000000077c3a8500,0x000000077c400000)
}
Event: 22.001 GC heap before
{Heap before GC invocations=7 (full 0):
 PSYoungGen      total 221696K, used 221678K [0x00000007d5500000, 0x00000007e7600000, 0x0000000800000000)
  eden space 184320K, 100% used [0x00000007d5500000,0x00000007e0900000,0x00000007e0900000)
  from space 37376K, 99% used [0x00000007e3980000,0x00000007e5dfbb40,0x00000007e5e00000)
  to   space 49664K, 0% used [0x00000007e0900000,0x00000007e0900000,0x00000007e3980000)
 ParOldGen       total 261632K, used 29248K [0x0000000780000000, 0x000000078ff80000, 0x00000007d5500000)
  object space 261632K, 11% used [0x0000000780000000,0x0000000781c90000,0x000000078ff80000)
 PSPermGen       total 22528K, used 22179K [0x000000077ae00000, 0x000000077c400000, 0x0000000780000000)
  object space 22528K, 98% used [0x000000077ae00000,0x000000077c3a8d20,0x000000077c400000)
Event: 22.080 GC heap after
Heap after GC invocations=7 (full 0):
 PSYoungGen      total 233984K, used 49659K [0x00000007d5500000, 0x00000007f5400000, 0x0000000800000000)
  eden space 184320K, 0% used [0x00000007d5500000,0x00000007d5500000,0x00000007e0900000)
  from space 49664K, 99% used [0x00000007e0900000,0x00000007e397ee30,0x00000007e3980000)
  to   space 77312K, 0% used [0x00000007f0880000,0x00000007f0880000,0x00000007f5400000)
 ParOldGen       total 261632K, used 62345K [0x0000000780000000, 0x000000078ff80000, 0x00000007d5500000)
  object space 261632K, 23% used [0x0000000780000000,0x0000000783ce25b8,0x000000078ff80000)
 PSPermGen       total 22528K, used 22179K [0x000000077ae00000, 0x000000077c400000, 0x0000000780000000)
  object space 22528K, 98% used [0x000000077ae00000,0x000000077c3a8d20,0x000000077c400000)
}
Event: 22.331 GC heap before
{Heap before GC invocations=8 (full 0):
 PSYoungGen      total 233984K, used 233979K [0x00000007d5500000, 0x00000007f5400000, 0x0000000800000000)
  eden space 184320K, 100% used [0x00000007d5500000,0x00000007e0900000,0x00000007e0900000)
  from space 49664K, 99% used [0x00000007e0900000,0x00000007e397ee30,0x00000007e3980000)
  to   space 77312K, 0% used [0x00000007f0880000,0x00000007f0880000,0x00000007f5400000)
 ParOldGen       total 261632K, used 62345K [0x0000000780000000, 0x000000078ff80000, 0x00000007d5500000)
  object space 261632K, 23% used [0x0000000780000000,0x0000000783ce25b8,0x000000078ff80000)
 PSPermGen       total 22528K, used 22186K [0x000000077ae00000, 0x000000077c400000, 0x0000000780000000)
  object space 22528K, 98% used [0x000000077ae00000,0x000000077c3aab78,0x000000077c400000)
Event: 22.406 GC heap after
Heap after GC invocations=8 (full 0):
 PSYoungGen      total 421376K, used 77289K [0x00000007d5500000, 0x00000007f8400000, 0x0000000800000000)
  eden space 344064K, 0% used [0x00000007d5500000,0x00000007d5500000,0x00000007ea500000)
  from space 77312K, 99% used [0x00000007f0880000,0x00000007f53fa428,0x00000007f5400000)
  to   space 101888K, 0% used [0x00000007ea500000,0x00000007ea500000,0x00000007f0880000)
 ParOldGen       total 261632K, used 81880K [0x0000000780000000, 0x000000078ff80000, 0x00000007d5500000)
  object space 261632K, 31% used [0x0000000780000000,0x0000000784ff63f0,0x000000078ff80000)
 PSPermGen       total 22528K, used 22186K [0x000000077ae00000, 0x000000077c400000, 0x0000000780000000)
  object space 22528K, 98% used [0x000000077ae00000,0x000000077c3aab78,0x000000077c400000)
}

Deoptimization events (10 events):
Event: 22.302 Thread 0x000000000ee0e800 Uncommon trap: reason=unreached action=reinterpret pc=0x00000000025f0edc method=fr.ird.voxelidar.graphics3d.object.voxelspace.VoxelSpace.readVoxelFormat2(Ljava/io/File;)V @ 160
Event: 22.642 Thread 0x000000000ee0e800 Uncommon trap: reason=unloaded action=reinterpret pc=0x00000000025f8b34 method=fr.ird.voxelidar.graphics3d.object.voxelspace.VoxelSpace.updateValue(Lfr/ird/voxelidar/graphics3d/mesh/Attribut;)V @ 318
Event: 22.663 Thread 0x000000000ee0e800 Uncommon trap: reason=intrinsic action=make_not_entrant pc=0x00000000025f56b0 method=fr.ird.voxelidar.util.StandardDeviation.getFromFloatArray([F)F @ 58
Event: 25.254 Thread 0x000000000ee1b000 Uncommon trap: reason=unreached action=reinterpret pc=0x00000000024cc7b8 method=java.lang.String.valueOf(Ljava/lang/Object;)Ljava/lang/String; @ 1
Event: 26.913 Thread 0x000000000e9c0800 Uncommon trap: reason=bimorphic action=maybe_recompile pc=0x00000000025da5fc method=sun.java2d.loops.SurfaceType.pixelFor(ILjava/awt/image/ColorModel;)I @ 6
Event: 26.913 Thread 0x000000000e9c0800 Uncommon trap: reason=bimorphic action=maybe_recompile pc=0x00000000025da5fc method=sun.java2d.loops.SurfaceType.pixelFor(ILjava/awt/image/ColorModel;)I @ 6
Event: 27.105 Thread 0x000000000e9c0800 Uncommon trap: reason=class_check action=maybe_recompile pc=0x00000000024e7d84 method=javax.swing.event.EventListenerList.getListeners(Ljava/lang/Class;)[Ljava/util/EventListener; @ 17
Event: 27.107 Thread 0x000000000e9c0800 Uncommon trap: reason=class_check action=maybe_recompile pc=0x00000000024e7d84 method=javax.swing.event.EventListenerList.getListeners(Ljava/lang/Class;)[Ljava/util/EventListener; @ 17
Event: 27.110 Thread 0x000000000e9c0800 Uncommon trap: reason=class_check action=maybe_recompile pc=0x00000000024e7d84 method=javax.swing.event.EventListenerList.getListeners(Ljava/lang/Class;)[Ljava/util/EventListener; @ 17
Event: 28.869 Thread 0x000000000e9c0800 Uncommon trap: reason=class_check action=maybe_recompile pc=0x00000000024e7d84 method=javax.swing.event.EventListenerList.getListeners(Ljava/lang/Class;)[Ljava/util/EventListener; @ 17

Internal exceptions (10 events):
Event: 26.905 Thread 0x000000000e9c0800 Threw 0x00000007db449850 at C:\re\jdk7u67\1368\hotspot\src\share\vm\prims\jvm.cpp:1244
Event: 26.907 Thread 0x000000000e9c0800 Threw 0x00000007db44f898 at C:\re\jdk7u67\1368\hotspot\src\share\vm\prims\jvm.cpp:1244
Event: 26.908 Thread 0x000000000e9c0800 Threw 0x00000007db454848 at C:\re\jdk7u67\1368\hotspot\src\share\vm\prims\jvm.cpp:1244
Event: 26.909 Thread 0x000000000e9c0800 Threw 0x00000007db459c90 at C:\re\jdk7u67\1368\hotspot\src\share\vm\prims\jvm.cpp:1244
Event: 27.004 Thread 0x000000000e9c0800 Threw 0x00000007db515a28 at C:\re\jdk7u67\1368\hotspot\src\share\vm\prims\jvm.cpp:1244
Event: 27.005 Thread 0x000000000e9c0800 Threw 0x00000007db517ae0 at C:\re\jdk7u67\1368\hotspot\src\share\vm\prims\jvm.cpp:1244
Event: 27.006 Thread 0x000000000e9c0800 Threw 0x00000007db51b550 at C:\re\jdk7u67\1368\hotspot\src\share\vm\prims\jvm.cpp:1244
Event: 27.006 Thread 0x000000000e9c0800 Threw 0x00000007db51ef78 at C:\re\jdk7u67\1368\hotspot\src\share\vm\prims\jvm.cpp:1244
Event: 27.107 Thread 0x000000000e9c0800 Threw 0x00000007db522a58 at C:\re\jdk7u67\1368\hotspot\src\share\vm\prims\jvm.cpp:1244
Event: 31.573 Thread 0x000000000e736800 Threw 0x00000007dbcc2e18 at C:\re\jdk7u67\1368\hotspot\src\share\vm\prims\jvm.cpp:1244

Events (10 events):
Event: 39.612 Executing VM operation: ChangeSingleStep
Event: 39.612 Executing VM operation: ChangeSingleStep done
Event: 39.612 Executing VM operation: ChangeSingleStep
Event: 39.612 Executing VM operation: ChangeSingleStep done
Event: 39.612 Executing VM operation: GetCurrentLocation
Event: 39.612 Executing VM operation: GetCurrentLocation done
Event: 39.612 Executing VM operation: ChangeSingleStep
Event: 39.612 Executing VM operation: ChangeSingleStep done
Event: 39.612 Executing VM operation: ChangeSingleStep
Event: 39.612 Executing VM operation: ChangeSingleStep done


Dynamic libraries:
0x000000013f0a0000 - 0x000000013f0d3000 	C:\Program Files\Java\jdk1.7.0_67\bin\java.exe
0x0000000077090000 - 0x0000000077239000 	C:\Windows\SYSTEM32\ntdll.dll
0x0000000076e70000 - 0x0000000076f8f000 	C:\Windows\system32\kernel32.dll
0x000007fefcfd0000 - 0x000007fefd03c000 	C:\Windows\system32\KERNELBASE.dll
0x000007feff070000 - 0x000007feff14b000 	C:\Windows\system32\ADVAPI32.dll
0x000007fefda00000 - 0x000007fefda9f000 	C:\Windows\system32\msvcrt.dll
0x000007fefd6f0000 - 0x000007fefd70f000 	C:\Windows\SYSTEM32\sechost.dll
0x000007feff200000 - 0x000007feff32d000 	C:\Windows\system32\RPCRT4.dll
0x0000000076f90000 - 0x000000007708a000 	C:\Windows\system32\USER32.dll
0x000007feff330000 - 0x000007feff397000 	C:\Windows\system32\GDI32.dll
0x000007fefd9f0000 - 0x000007fefd9fe000 	C:\Windows\system32\LPK.dll
0x000007fefefa0000 - 0x000007feff069000 	C:\Windows\system32\USP10.dll
0x000007fefb8b0000 - 0x000007fefbaa4000 	C:\Windows\WinSxS\amd64_microsoft.windows.common-controls_6595b64144ccf1df_6.0.7601.17514_none_fa396087175ac9ac\COMCTL32.dll
0x000007fefef20000 - 0x000007fefef91000 	C:\Windows\system32\SHLWAPI.dll
0x000007fefd9c0000 - 0x000007fefd9ee000 	C:\Windows\system32\IMM32.DLL
0x000007fefd5e0000 - 0x000007fefd6e9000 	C:\Windows\system32\MSCTF.dll
0x000000006a320000 - 0x000000006a3f2000 	C:\Program Files\Java\jdk1.7.0_67\jre\bin\msvcr100.dll
0x00000000624c0000 - 0x0000000062c92000 	C:\Program Files\Java\jdk1.7.0_67\jre\bin\server\jvm.dll
0x000007fefa310000 - 0x000007fefa319000 	C:\Windows\system32\WSOCK32.dll
0x000007feff1b0000 - 0x000007feff1fd000 	C:\Windows\system32\WS2_32.dll
0x000007fefdb80000 - 0x000007fefdb88000 	C:\Windows\system32\NSI.dll
0x000007fef9910000 - 0x000007fef994b000 	C:\Windows\system32\WINMM.dll
0x0000000077250000 - 0x0000000077257000 	C:\Windows\system32\PSAPI.DLL
0x0000000072f80000 - 0x0000000072f8f000 	C:\Program Files\Java\jdk1.7.0_67\jre\bin\verify.dll
0x0000000072e90000 - 0x0000000072eb8000 	C:\Program Files\Java\jdk1.7.0_67\jre\bin\java.dll
0x0000000064e40000 - 0x0000000064e75000 	C:\Program Files\Java\jdk1.7.0_67\jre\bin\jdwp.dll
0x0000000064e30000 - 0x0000000064e38000 	C:\Program Files\Java\jdk1.7.0_67\jre\bin\npt.dll
0x0000000072f20000 - 0x0000000072f35000 	C:\Program Files\Java\jdk1.7.0_67\jre\bin\zip.dll
0x0000000064e20000 - 0x0000000064e29000 	C:\Program Files\Java\jdk1.7.0_67\jre\bin\dt_socket.dll
0x000007fefc670000 - 0x000007fefc6c5000 	C:\Windows\system32\mswsock.dll
0x000007fefc030000 - 0x000007fefc037000 	C:\Windows\System32\wshtcpip.dll
0x0000000072c30000 - 0x0000000072dc5000 	C:\Program Files\Java\jdk1.7.0_67\jre\bin\awt.dll
0x000007fefdaa0000 - 0x000007fefdb77000 	C:\Windows\system32\OLEAUT32.dll
0x000007fefd790000 - 0x000007fefd993000 	C:\Windows\system32\ole32.dll
0x000007fefb550000 - 0x000007fefb568000 	C:\Windows\system32\DWMAPI.DLL
0x000007fefb3c0000 - 0x000007fefb416000 	C:\Windows\system32\uxtheme.dll
0x0000000064b60000 - 0x0000000064b94000 	C:\Fraps\fraps64.dll
0x000007fefcd70000 - 0x000007fefcd7f000 	C:\Windows\system32\CRYPTBASE.dll
0x000007feee460000 - 0x000007feee65f000 	C:\Windows\system32\d3d9.dll
0x000007fefc340000 - 0x000007fefc34c000 	C:\Windows\system32\VERSION.dll
0x000007fef59a0000 - 0x000007fef59a7000 	C:\Windows\system32\d3d8thk.dll
0x000007fee7d10000 - 0x000007fee8dc5000 	C:\Windows\system32\nvd3dumx.dll
0x000007fefb6a0000 - 0x000007fefb6cc000 	C:\Windows\system32\powrprof.dll
0x000007fefd400000 - 0x000007fefd5d7000 	C:\Windows\system32\SETUPAPI.dll
0x000007fefd230000 - 0x000007fefd266000 	C:\Windows\system32\CFGMGR32.dll
0x000007fefcef0000 - 0x000007fefcf0a000 	C:\Windows\system32\DEVOBJ.dll
0x000007feee920000 - 0x000007feeea8a000 	C:\Program Files (x86)\NVIDIA Corporation\3D Vision\nvSCPAPI64.dll
0x000007fefdf60000 - 0x000007fefece8000 	C:\Windows\system32\SHELL32.dll
0x000007fef93c0000 - 0x000007fef96f3000 	C:\Windows\system32\nvapi64.dll
0x000007fefd040000 - 0x000007fefd07a000 	C:\Windows\system32\WINTRUST.dll
0x000007fefd0b0000 - 0x000007fefd21c000 	C:\Windows\system32\CRYPT32.dll
0x000007fefced0000 - 0x000007fefcedf000 	C:\Windows\system32\MSASN1.dll
0x000007fef9790000 - 0x000007fef9830000 	C:\Windows\WinSxS\amd64_microsoft.windows.common-controls_6595b64144ccf1df_5.82.7601.18201_none_a4d3b9377117c3df\comctl32.dll
0x0000000072e20000 - 0x0000000072e67000 	C:\Program Files\Java\jdk1.7.0_67\jre\bin\fontmanager.dll
0x0000000072f00000 - 0x0000000072f19000 	C:\Program Files\Java\jdk1.7.0_67\jre\bin\net.dll
0x000007fefc660000 - 0x000007fefc667000 	C:\Windows\System32\wship6.dll
0x0000000072e70000 - 0x0000000072e81000 	C:\Program Files\Java\jdk1.7.0_67\jre\bin\nio.dll
0x0000000072be0000 - 0x0000000072c21000 	C:\Program Files\Java\jdk1.7.0_67\jre\bin\t2k.dll
0x000007fefdb90000 - 0x000007fefdc29000 	C:\Windows\system32\CLBCatQ.DLL
0x000007fefb420000 - 0x000007fefb54c000 	C:\Windows\system32\propsys.dll
0x000007fefb580000 - 0x000007fefb5ad000 	C:\Windows\system32\ntmarta.dll
0x000007feff150000 - 0x000007feff1a2000 	C:\Windows\system32\WLDAP32.dll
0x000007fefccd0000 - 0x000007fefcd27000 	C:\Windows\system32\apphelp.dll
0x000007fef5610000 - 0x000007fef57ac000 	C:\Windows\system32\NetworkExplorer.dll
0x000007fef5a10000 - 0x000007fef5a44000 	C:\Windows\System32\shdocvw.dll
0x000007fefcee0000 - 0x000007fefceef000 	C:\Windows\system32\profapi.dll
0x000007fefac80000 - 0x000007fefac8b000 	C:\Windows\system32\slc.dll
0x000007fefa320000 - 0x000007fefa338000 	C:\Windows\system32\MPR.dll
0x0000000072f40000 - 0x0000000072f52000 	C:\Windows\system32\snacnp.dll
0x000007fef8ff0000 - 0x000007fef90e7000 	C:\Windows\system32\ncnetprovider.dll
0x000007fefa340000 - 0x000007fefa35e000 	C:\Windows\system32\NCLangID.dll
0x000007fef9100000 - 0x000007fef912c000 	C:\Windows\system32\MAPBASE.dll
0x0000000050d20000 - 0x0000000050d67000 	C:\Windows\system32\CALWIN32.DLL
0x000000000d100000 - 0x000000000d121000 	C:\Windows\system32\CLNWIN32.DLL
0x0000000050df0000 - 0x0000000050e22000 	C:\Windows\system32\LOCWIN32.DLL
0x000000000d610000 - 0x000000000d655000 	C:\Windows\system32\NCPWIN32.dll
0x0000000050da0000 - 0x0000000050db3000 	C:\Windows\system32\CLXWIN32.DLL
0x000000000d660000 - 0x000000000d6a5000 	C:\Windows\system32\NETWIN32.DLL
0x000007fef8ee0000 - 0x000007fef8f25000 	C:\Windows\system32\NWSHLXNT.dll
0x000007fefa5a0000 - 0x000007fefa5b6000 	C:\Windows\system32\NETAPI32.dll
0x000007fefa580000 - 0x000007fefa58c000 	C:\Windows\system32\netutils.dll
0x000007fefc950000 - 0x000007fefc973000 	C:\Windows\system32\srvcli.dll
0x000007fefa560000 - 0x000007fefa575000 	C:\Windows\system32\wkscli.dll
0x000007fefa540000 - 0x000007fefa554000 	C:\Windows\system32\SAMCLI.DLL
0x000007fef8fd0000 - 0x000007fef8fe2000 	C:\Windows\system32\BROWCLI.DLL
0x000007fefc110000 - 0x000007fefc121000 	C:\Windows\system32\WTSAPI32.dll
0x0000000074a00000 - 0x0000000074a05000 	C:\Windows\system32\nls\FRANCAIS\NCLangIDR.DLL
0x0000000073ae0000 - 0x0000000073af7000 	C:\Windows\system32\nls\FRANCAIS\MAPBASER.DLL
0x0000000073ac0000 - 0x0000000073ada000 	C:\Windows\system32\nls\FRANCAIS\NWSHLXNTR.DLL
0x0000000073a40000 - 0x0000000073abc000 	C:\Windows\system32\nls\FRANCAIS\ncnetproviderR.DLL
0x000007fefcca0000 - 0x000007fefccc5000 	C:\Windows\system32\SspiCli.dll
0x000007fef59b0000 - 0x000007fef59ba000 	C:\Windows\System32\drprov.dll
0x000007fefcd30000 - 0x000007fefcd6d000 	C:\Windows\System32\WINSTA.dll
0x000007fef5590000 - 0x000007fef55b2000 	C:\Windows\System32\ntlanman.dll
0x000007fef5570000 - 0x000007fef558d000 	C:\Windows\System32\davclnt.dll
0x000007fef5560000 - 0x000007fef556a000 	C:\Windows\System32\DAVHLPR.dll
0x000007fef6420000 - 0x000007fef642f000 	C:\Windows\system32\cscapi.dll
0x000007feeea90000 - 0x000007feeed01000 	C:\Windows\system32\wpdshext.dll
0x000007fefb1a0000 - 0x000007fefb3b6000 	C:\Windows\WinSxS\amd64_microsoft.windows.gdiplus_6595b64144ccf1df_1.1.7601.18455_none_2b283fd671e9bf4d\gdiplus.dll
0x000007fef4cf0000 - 0x000007fef4dad000 	C:\Windows\system32\PortableDeviceApi.dll
0x000007fef5cf0000 - 0x000007fef5d25000 	C:\Windows\system32\EhStorShell.dll
0x000007fef4c70000 - 0x000007fef4c97000 	C:\Windows\system32\EhStorAPI.dll
0x000007fef5a00000 - 0x000007fef5a0c000 	C:\Windows\system32\LINKINFO.dll
0x000007fefaa70000 - 0x000007fefabd1000 	C:\Windows\system32\WindowsCodecs.dll
0x0000000071980000 - 0x0000000071996000 	C:\Program Files\Common Files\TortoiseOverlays\TortoiseOverlays.dll
0x0000000071960000 - 0x0000000071977000 	C:\Program Files\TortoiseSVN\bin\TortoiseStub.dll
0x00000000718e0000 - 0x000000007195d000 	C:\Program Files\TortoiseSVN\bin\TortoiseSVN.dll
0x000007fefecf0000 - 0x000007fefef1c000 	C:\Windows\system32\WININET.dll
0x000007fefd280000 - 0x000007fefd284000 	C:\Windows\system32\api-ms-win-downlevel-user32-l1-1-0.dll
0x000007fefcfc0000 - 0x000007fefcfc5000 	C:\Windows\system32\api-ms-win-downlevel-advapi32-l1-1-0.dll
0x000007fefd080000 - 0x000007fefd084000 	C:\Windows\system32\api-ms-win-downlevel-shlwapi-l1-1-0.dll
0x000007fefd220000 - 0x000007fefd224000 	C:\Windows\system32\api-ms-win-downlevel-version-l1-1-0.dll
0x000007fefcfb0000 - 0x000007fefcfb3000 	C:\Windows\system32\api-ms-win-downlevel-normaliz-l1-1-0.dll
0x0000000077260000 - 0x0000000077263000 	C:\Windows\system32\normaliz.DLL
0x000007fefdc30000 - 0x000007fefdebe000 	C:\Windows\system32\iertutil.dll
0x000007fefd090000 - 0x000007fefd0ae000 	C:\Windows\system32\USERENV.dll
0x000007fef6580000 - 0x000007fef69f6000 	C:\Program Files\TortoiseSVN\bin\libsvn_tsvn.dll
0x00000000718b0000 - 0x00000000718de000 	C:\Program Files\TortoiseSVN\bin\libapr_tsvn.dll
0x000007fef6470000 - 0x000007fef6544000 	C:\Windows\system32\MSVCR110.dll
0x0000000071850000 - 0x0000000071895000 	C:\Program Files\TortoiseSVN\bin\libaprutil_tsvn.dll
0x000007fef6450000 - 0x000007fef6461000 	C:\Program Files\TortoiseSVN\bin\intl3_tsvn.dll
0x000007fef6430000 - 0x000007fef6449000 	C:\Program Files\TortoiseSVN\bin\libsasl.dll
0x000007fefcaf0000 - 0x000007fefcafb000 	C:\Windows\system32\Secur32.dll
0x000007fef6370000 - 0x000007fef6417000 	C:\Windows\system32\MSVCP110.dll
0x0000000071740000 - 0x000000007175b000 	C:\Program Files\TortoiseGit\bin\TortoiseGitStub.dll
0x00000000716b0000 - 0x000000007173e000 	C:\Program Files\TortoiseGit\bin\TortoiseGit.dll
0x000007fef6240000 - 0x000007fef630e000 	C:\Program Files\TortoiseGit\bin\libgit2_tgit.dll
0x000007fef6220000 - 0x000007fef6238000 	C:\Program Files\TortoiseGit\bin\zlib1_tgit.dll

VM Arguments:
jvm_args: -Xdebug -Xrunjdwp:transport=dt_socket,server=n,address=51154 -Xmx2G 
java_command: fr.ird.voxelidar.Principal
Launcher Type: SUN_STANDARD

Environment Variables:
JAVA_HOME=C:\Program Files\Java\jdk1.7.0_67
CLASSPATH=C:\Program Files\OpenNI\Bin64\org.OpenNI.jar
PATH=C:\Program Files\Java\jdk1.7.0_67\bin;C:\Python27\Lib\site-packages\PyQt4;C:\Program Files (x86)\Common Files\Intergraph\Grid Analysis SDK\1.0\Program;C:\Windows\system32;C:\Windows;C:\Windows\System32\Wbem;C:\Windows\System32\WindowsPowerShell\v1.0\;C:\Windows\Program Files (x86)\Common Files\Roxio Shared\DLLShared\;C:\Program Files (x86)\Common Files\Roxio Shared\10.0\DLLShared\;C:\Windows\Program Files\Java\jdk1.7.0_67\bin;C:\Program Files\java\ssj\lib\;C:\Program Files\MATLAB\R2010a\bin;C:\Program Files\OpenNI\Bin64;C:\Program Files\PCL 1.6.0\bin;C:\Program Files\TortoiseSVN\bin;C:\Program Files\Microsoft SQL Server\110\Tools\Binn\;C:\MinGW3\bin;C:\Program Files\TortoiseGit\bin;c:\users\julien\appdata\local\enthought\canopy\user;c:\users\julien\appdata\local\enthought\canopy\user\scripts
USERNAME=Julien
OS=Windows_NT
PROCESSOR_IDENTIFIER=Intel64 Family 6 Model 44 Stepping 2, GenuineIntel



---------------  S Y S T E M  ---------------

OS: Windows 7 , 64 bit Build 7601 Service Pack 1

CPU:total 8 (4 cores per cpu, 2 threads per core) family 6 model 44 stepping 2, cmov, cx8, fxsr, mmx, sse, sse2, sse3, ssse3, sse4.1, sse4.2, popcnt, aes, ht, tsc, tscinvbit, tscinv

Memory: 4k page, physical 25148644k(17050908k free), swap 50295424k(41706948k free)

vm_info: Java HotSpot(TM) 64-Bit Server VM (24.65-b04) for windows-amd64 JRE (1.7.0_67-b01), built on Jul 25 2014 08:55:00 by "java_re" with unknown MS VC++:1600

time: Wed Dec 17 10:59:34 2014
elapsed time: 39 seconds

