#
# A fatal error has been detected by the Java Runtime Environment:
#
#  EXCEPTION_ACCESS_VIOLATION (0xc0000005) at pc=0x0000000056b0e5d4, pid=3956, tid=7972
#
# JRE version: Java(TM) SE Runtime Environment (7.0_67-b01) (build 1.7.0_67-b01)
# Java VM: Java HotSpot(TM) 64-Bit Server VM (24.65-b04 mixed mode windows-amd64 compressed oops)
# Problematic frame:
# V  [jvm.dll+0x12e5d4]
#
# Failed to write core dump. Minidumps are not enabled by default on client versions of Windows
#
# If you would like to submit a bug report, please visit:
#   http://bugreport.sun.com/bugreport/crash.jsp
#

---------------  T H R E A D  ---------------

Current thread (0x000000001832f800):  JavaThread "Thread-3" daemon [_thread_in_vm, id=7972, stack(0x000000001fce0000,0x000000001fde0000)]

siginfo: ExceptionCode=0xc0000005, reading address 0x0000000000000000

Registers:
RAX=0x0000000000000000, RBX=0x000000001832f800, RCX=0x000000001832f800, RDX=0x000000078326fc20
RSP=0x000000001fdd12a0, RBP=0x000000001fdd13b8, RSI=0x0000000000000000, RDI=0x000000001832f9e8
R8 =0x0000000000000000, R9 =0x000000001fdd13b8, R10=0x000000001832f800, R11=0x000000001fdd1330
R12=0x000000001fddf220, R13=0x000007fee6c30000, R14=0x0000000000000000, R15=0x0000000000000000
RIP=0x0000000056b0e5d4, EFLAGS=0x0000000000010246

Top of Stack: (sp=0x000000001fdd12a0)
0x000000001fdd12a0:   000000001fdd1729 000000001832f9e8
0x000000001fdd12b0:   0000000018079d00 000000001fdd1300
0x000000001fdd12c0:   000000001832f800 0000000056c0e1ee
0x000000001fdd12d0:   000000000000000e 00000000f064dfa8
0x000000001fdd12e0:   000000001832f800 0000000017cdec18
0x000000001fdd12f0:   000000001832f800 0000000017cdec18
0x000000001fdd1300:   0000000000000660 0000000056f63e70
0x000000001fdd1310:   000000000000000c 000000000000000e
0x000000001fdd1320:   000000001fdd11c0 000000001fdd13f8
0x000000001fdd1330:   000007fee6c30000 0000000000000000
0x000000001fdd1340:   0000000000000000 000007fee6c33a59
0x000000001fdd1350:   000000001fddebb0 000000001fdd1729
0x000000001fdd1360:   0000000000000008 000000001fdd1390
0x000000001fdd1370:   cccccccccccccccc 000000001fdd13b8
0x000000001fdd1380:   cccccccccccccccc cccccccccccccccc
0x000000001fdd1390:   0000000000000010 000007fee6c32dbf 

Instructions: (pc=0x0000000056b0e5d4)
0x0000000056b0e5b4:   00 48 83 7b 08 00 48 89 5c 24 50 48 c7 44 24 58
0x0000000056b0e5c4:   00 00 00 00 74 0a 48 8d 4c 24 50 e8 9c fb 0f 00
0x0000000056b0e5d4:   48 8b 06 c7 44 24 40 0e 00 00 00 48 8b 48 10 0f
0x0000000056b0e5e4:   b7 51 3a 48 8b 49 20 e8 20 8b ee ff 48 8d 4c 24 


Register to memory mapping:

RAX=0x0000000000000000 is an unknown value
RBX=0x000000001832f800 is a thread
RCX=0x000000001832f800 is a thread
RDX=0x000000078326fc20 is an oop
java.lang.NoSuchMethodError 
 - klass: 'java/lang/NoSuchMethodError'
RSP=0x000000001fdd12a0 is pointing into the stack for thread: 0x000000001832f800
RBP=0x000000001fdd13b8 is pointing into the stack for thread: 0x000000001832f800
RSI=0x0000000000000000 is an unknown value
RDI=0x000000001832f9e8 is an unknown value
R8 =0x0000000000000000 is an unknown value
R9 =0x000000001fdd13b8 is pointing into the stack for thread: 0x000000001832f800
R10=0x000000001832f800 is a thread
R11=0x000000001fdd1330 is pointing into the stack for thread: 0x000000001832f800
R12=0x000000001fddf220 is pointing into the stack for thread: 0x000000001832f800
R13=0x000007fee6c30000 is an unknown value
R14=0x0000000000000000 is an unknown value
R15=0x0000000000000000 is an unknown value


Stack: [0x000000001fce0000,0x000000001fde0000],  sp=0x000000001fdd12a0,  free space=964k
Native frames: (J=compiled Java code, j=interpreted, Vv=VM code, C=native code)
V  [jvm.dll+0x12e5d4]

Java frames: (J=compiled Java code, j=interpreted, Vv=VM code)
j  fr.ird.voxelidar.voxelisation.extraction.RxpExtraction.simpleExtraction(Ljava/lang/String;Lfr/ird/voxelidar/voxelisation/extraction/Shots;)Z+0
j  fr.ird.voxelidar.voxelisation.extraction.RxpExtraction.run()V+29
j  java.lang.Thread.run()V+11
v  ~StubRoutines::call_stub

---------------  P R O C E S S  ---------------

Java Threads: ( => current thread )
  0x0000000018330800 JavaThread "Thread-4" daemon [_thread_blocked, id=7120, stack(0x000000001a430000,0x000000001a530000)]
=>0x000000001832f800 JavaThread "Thread-3" daemon [_thread_in_vm, id=7972, stack(0x000000001fce0000,0x000000001fde0000)]
  0x000000001806b000 JavaThread "SwingWorker-pool-2-thread-1" daemon [_thread_blocked, id=8128, stack(0x0000000020880000,0x0000000020980000)]
  0x0000000017e80800 JavaThread "D3D Screen Updater" daemon [_thread_blocked, id=7236, stack(0x000000001fba0000,0x000000001fca0000)]
  0x000000000216a800 JavaThread "DestroyJavaVM" [_thread_blocked, id=7716, stack(0x0000000002520000,0x0000000002620000)]
  0x000000001802a000 JavaThread "TimerQueue" daemon [_thread_blocked, id=4516, stack(0x000000001f550000,0x000000001f650000)]
  0x0000000017e05800 JavaThread "org.netbeans.modules.debugger.jpda.visual AWT Access Loop" daemon [_thread_blocked, id=8180, stack(0x000000001cea0000,0x000000001cfa0000)]
  0x0000000017cf6800 JavaThread "Swing-Shell" daemon [_thread_blocked, id=7712, stack(0x000000001c920000,0x000000001ca20000)]
  0x0000000017d76000 JavaThread "AWT-EventQueue-0" [_thread_blocked, id=5436, stack(0x000000001c820000,0x000000001c920000)]
  0x000000001590f000 JavaThread "AWT-Windows" daemon [_thread_in_native, id=7576, stack(0x0000000018460000,0x0000000018560000)]
  0x000000001590e000 JavaThread "AWT-Shutdown" [_thread_blocked, id=5376, stack(0x00000000186e0000,0x00000000187e0000)]
  0x000000001590d000 JavaThread "Java2D Disposer" daemon [_thread_blocked, id=1628, stack(0x0000000018590000,0x0000000018690000)]
  0x000000001561b800 JavaThread "Service Thread" daemon [_thread_blocked, id=8096, stack(0x00000000179c0000,0x0000000017ac0000)]
  0x0000000015613000 JavaThread "C2 CompilerThread1" daemon [_thread_blocked, id=8020, stack(0x0000000017750000,0x0000000017850000)]
  0x0000000015608800 JavaThread "C2 CompilerThread0" daemon [_thread_blocked, id=7632, stack(0x00000000175e0000,0x00000000176e0000)]
  0x00000000155f4800 JavaThread "JDWP Command Reader" daemon [_thread_in_native, id=6520, stack(0x00000000171f0000,0x00000000172f0000)]
  0x00000000155f3800 JavaThread "JDWP Event Helper Thread" daemon [_thread_blocked, id=7208, stack(0x00000000173c0000,0x00000000174c0000)]
  0x00000000155e6000 JavaThread "JDWP Transport Listener: dt_socket" daemon [_thread_blocked, id=7108, stack(0x00000000170d0000,0x00000000171d0000)]
  0x000000001454b000 JavaThread "Attach Listener" daemon [_thread_blocked, id=1784, stack(0x0000000016a60000,0x0000000016b60000)]
  0x000000001454a800 JavaThread "Signal Dispatcher" daemon [_thread_blocked, id=7836, stack(0x0000000016ba0000,0x0000000016ca0000)]
  0x0000000014534000 JavaThread "Finalizer" daemon [_thread_blocked, id=5236, stack(0x00000000168f0000,0x00000000169f0000)]
  0x00000000021ff000 JavaThread "Reference Handler" daemon [_thread_blocked, id=1712, stack(0x0000000016730000,0x0000000016830000)]

Other Threads:
  0x00000000155a3800 VMThread [stack: 0x00000000165b0000,0x00000000166b0000] [id=6636]
  0x000000001562e800 WatcherThread [stack: 0x0000000017b50000,0x0000000017c50000] [id=8048]

VM state:not at safepoint (normal execution)

VM Mutex/Monitor currently owned by a thread: None

Heap
 PSYoungGen      total 114688K, used 68533K [0x0000000780000000, 0x0000000788000000, 0x0000000800000000)
  eden space 98304K, 53% used [0x0000000780000000,0x00000007832f56b8,0x0000000786000000)
  from space 16384K, 99% used [0x0000000787000000,0x0000000787ff8020,0x0000000788000000)
  to   space 16384K, 0% used [0x0000000786000000,0x0000000786000000,0x0000000787000000)
 ParOldGen       total 261632K, used 6040K [0x0000000680000000, 0x000000068ff80000, 0x0000000780000000)
  object space 261632K, 2% used [0x0000000680000000,0x00000006805e6050,0x000000068ff80000)
 PSPermGen       total 21504K, used 17307K [0x000000067ae00000, 0x000000067c300000, 0x0000000680000000)
  object space 21504K, 80% used [0x000000067ae00000,0x000000067bee6cf8,0x000000067c300000)

Card table byte_map: [0x0000000005620000,0x0000000006250000] byte_map_base: 0x0000000002249000

Polling page: 0x0000000001b60000

Code Cache  [0x0000000002620000, 0x0000000002890000, 0x0000000005620000)
 total_blobs=868 nmethods=360 adapters=469 free_code_cache=47779Kb largest_free_block=48853632

Compilation events (10 events):
Event: 14.655 Thread 0x0000000015608800 nmethod 377 0x00000000026c88d0 code [0x00000000026c8a40, 0x00000000026c8e18]
Event: 14.655 Thread 0x0000000015608800  378             javax.vecmath.Point3f::<init> (5 bytes)
Event: 14.655 Thread 0x0000000015608800 nmethod 378 0x00000000026ffc10 code [0x00000000026ffd40, 0x00000000026ffdb8]
Event: 14.655 Thread 0x0000000015608800  379             javax.vecmath.Tuple3f::<init> (20 bytes)
Event: 14.656 Thread 0x0000000015608800 nmethod 379 0x00000000026a9150 code [0x00000000026a9280, 0x00000000026a92f8]
Event: 14.656 Thread 0x0000000015608800  380             fr.ird.voxelidar.voxelisation.raytracing.voxel.VoxelAnalysis::access$100 (5 bytes)
Event: 14.656 Thread 0x0000000015608800 nmethod 380 0x00000000026c8690 code [0x00000000026c87c0, 0x00000000026c8838]
Event: 14.656 Thread 0x0000000015608800  381 %           fr.ird.voxelidar.voxelisation.raytracing.voxel.VoxelAnalysis::createVoxelSpace @ 120 (241 bytes)
Event: 14.662 Thread 0x0000000015608800 nmethod 381% 0x00000000026c7c50 code [0x00000000026c7dc0, 0x00000000026c8268]
Event: 14.743 Thread 0x0000000015613000 nmethod 370 0x000000000277a2d0 code [0x000000000277a8e0, 0x000000000277eb08]

GC Heap History (8 events):
Event: 2.041 GC heap before
{Heap before GC invocations=1 (full 0):
 PSYoungGen      total 114688K, used 98304K [0x0000000780000000, 0x0000000788000000, 0x0000000800000000)
  eden space 98304K, 100% used [0x0000000780000000,0x0000000786000000,0x0000000786000000)
  from space 16384K, 0% used [0x0000000787000000,0x0000000787000000,0x0000000788000000)
  to   space 16384K, 0% used [0x0000000786000000,0x0000000786000000,0x0000000787000000)
 ParOldGen       total 261632K, used 0K [0x0000000680000000, 0x000000068ff80000, 0x0000000780000000)
  object space 261632K, 0% used [0x0000000680000000,0x0000000680000000,0x000000068ff80000)
 PSPermGen       total 21504K, used 12191K [0x000000067ae00000, 0x000000067c300000, 0x0000000680000000)
  object space 21504K, 56% used [0x000000067ae00000,0x000000067b9e7fa8,0x000000067c300000)
Event: 2.048 GC heap after
Heap after GC invocations=1 (full 0):
 PSYoungGen      total 114688K, used 3489K [0x0000000780000000, 0x0000000788000000, 0x0000000800000000)
  eden space 98304K, 0% used [0x0000000780000000,0x0000000780000000,0x0000000786000000)
  from space 16384K, 21% used [0x0000000786000000,0x00000007863687c8,0x0000000787000000)
  to   space 16384K, 0% used [0x0000000787000000,0x0000000787000000,0x0000000788000000)
 ParOldGen       total 261632K, used 8K [0x0000000680000000, 0x000000068ff80000, 0x0000000780000000)
  object space 261632K, 0% used [0x0000000680000000,0x0000000680002000,0x000000068ff80000)
 PSPermGen       total 21504K, used 12191K [0x000000067ae00000, 0x000000067c300000, 0x0000000680000000)
  object space 21504K, 56% used [0x000000067ae00000,0x000000067b9e7fa8,0x000000067c300000)
}
Event: 2.813 GC heap before
{Heap before GC invocations=2 (full 0):
 PSYoungGen      total 114688K, used 101793K [0x0000000780000000, 0x0000000788000000, 0x0000000800000000)
  eden space 98304K, 100% used [0x0000000780000000,0x0000000786000000,0x0000000786000000)
  from space 16384K, 21% used [0x0000000786000000,0x00000007863687c8,0x0000000787000000)
  to   space 16384K, 0% used [0x0000000787000000,0x0000000787000000,0x0000000788000000)
 ParOldGen       total 261632K, used 8K [0x0000000680000000, 0x000000068ff80000, 0x0000000780000000)
  object space 261632K, 0% used [0x0000000680000000,0x0000000680002000,0x000000068ff80000)
 PSPermGen       total 21504K, used 13275K [0x000000067ae00000, 0x000000067c300000, 0x0000000680000000)
  object space 21504K, 61% used [0x000000067ae00000,0x000000067baf6f80,0x000000067c300000)
Event: 2.823 GC heap after
Heap after GC invocations=2 (full 0):
 PSYoungGen      total 114688K, used 4640K [0x0000000780000000, 0x0000000788000000, 0x0000000800000000)
  eden space 98304K, 0% used [0x0000000780000000,0x0000000780000000,0x0000000786000000)
  from space 16384K, 28% used [0x0000000787000000,0x0000000787488000,0x0000000788000000)
  to   space 16384K, 0% used [0x0000000786000000,0x0000000786000000,0x0000000787000000)
 ParOldGen       total 261632K, used 16K [0x0000000680000000, 0x000000068ff80000, 0x0000000780000000)
  object space 261632K, 0% used [0x0000000680000000,0x0000000680004000,0x000000068ff80000)
 PSPermGen       total 21504K, used 13275K [0x000000067ae00000, 0x000000067c300000, 0x0000000680000000)
  object space 21504K, 61% used [0x000000067ae00000,0x000000067baf6f80,0x000000067c300000)
}
Event: 8.266 GC heap before
{Heap before GC invocations=3 (full 0):
 PSYoungGen      total 114688K, used 102944K [0x0000000780000000, 0x0000000788000000, 0x0000000800000000)
  eden space 98304K, 100% used [0x0000000780000000,0x0000000786000000,0x0000000786000000)
  from space 16384K, 28% used [0x0000000787000000,0x0000000787488000,0x0000000788000000)
  to   space 16384K, 0% used [0x0000000786000000,0x0000000786000000,0x0000000787000000)
 ParOldGen       total 261632K, used 16K [0x0000000680000000, 0x000000068ff80000, 0x0000000780000000)
  object space 261632K, 0% used [0x0000000680000000,0x0000000680004000,0x000000068ff80000)
 PSPermGen       total 21504K, used 15292K [0x000000067ae00000, 0x000000067c300000, 0x0000000680000000)
  object space 21504K, 71% used [0x000000067ae00000,0x000000067bcef040,0x000000067c300000)
Event: 8.273 GC heap after
Heap after GC invocations=3 (full 0):
 PSYoungGen      total 114688K, used 4584K [0x0000000780000000, 0x0000000788000000, 0x0000000800000000)
  eden space 98304K, 0% used [0x0000000780000000,0x0000000780000000,0x0000000786000000)
  from space 16384K, 27% used [0x0000000786000000,0x000000078647a040,0x0000000787000000)
  to   space 16384K, 0% used [0x0000000787000000,0x0000000787000000,0x0000000788000000)
 ParOldGen       total 261632K, used 24K [0x0000000680000000, 0x000000068ff80000, 0x0000000780000000)
  object space 261632K, 0% used [0x0000000680000000,0x0000000680006000,0x000000068ff80000)
 PSPermGen       total 21504K, used 15292K [0x000000067ae00000, 0x000000067c300000, 0x0000000680000000)
  object space 21504K, 71% used [0x000000067ae00000,0x000000067bcef040,0x000000067c300000)
}
Event: 14.671 GC heap before
{Heap before GC invocations=4 (full 0):
 PSYoungGen      total 114688K, used 102888K [0x0000000780000000, 0x0000000788000000, 0x0000000800000000)
  eden space 98304K, 100% used [0x0000000780000000,0x0000000786000000,0x0000000786000000)
  from space 16384K, 27% used [0x0000000786000000,0x000000078647a040,0x0000000787000000)
  to   space 16384K, 0% used [0x0000000787000000,0x0000000787000000,0x0000000788000000)
 ParOldGen       total 261632K, used 24K [0x0000000680000000, 0x000000068ff80000, 0x0000000780000000)
  object space 261632K, 0% used [0x0000000680000000,0x0000000680006000,0x000000068ff80000)
 PSPermGen       total 21504K, used 17239K [0x000000067ae00000, 0x000000067c300000, 0x0000000680000000)
  object space 21504K, 80% used [0x000000067ae00000,0x000000067bed5df8,0x000000067c300000)
Event: 14.685 GC heap after
Heap after GC invocations=4 (full 0):
 PSYoungGen      total 114688K, used 16352K [0x0000000780000000, 0x0000000788000000, 0x0000000800000000)
  eden space 98304K, 0% used [0x0000000780000000,0x0000000780000000,0x0000000786000000)
  from space 16384K, 99% used [0x0000000787000000,0x0000000787ff8020,0x0000000788000000)
  to   space 16384K, 0% used [0x0000000786000000,0x0000000786000000,0x0000000787000000)
 ParOldGen       total 261632K, used 6040K [0x0000000680000000, 0x000000068ff80000, 0x0000000780000000)
  object space 261632K, 2% used [0x0000000680000000,0x00000006805e6050,0x000000068ff80000)
 PSPermGen       total 21504K, used 17239K [0x000000067ae00000, 0x000000067c300000, 0x0000000680000000)
  object space 21504K, 80% used [0x000000067ae00000,0x000000067bed5df8,0x000000067c300000)
}

Deoptimization events (10 events):
Event: 10.297 Thread 0x0000000017d76000 Uncommon trap: reason=unreached action=reinterpret pc=0x000000000274f634 method=javax.swing.SwingUtilities.getValidateRoot(Ljava/awt/Container;Z)Ljava/awt/Container; @ 17
Event: 10.318 Thread 0x0000000017e80800 Uncommon trap: reason=array_check action=maybe_recompile pc=0x0000000002756bc4 method=java.util.Arrays.fill([Ljava/lang/Object;Ljava/lang/Object;)V @ 13
Event: 10.417 Thread 0x0000000017e80800 Uncommon trap: reason=array_check action=maybe_recompile pc=0x0000000002756bc4 method=java.util.Arrays.fill([Ljava/lang/Object;Ljava/lang/Object;)V @ 13
Event: 10.460 Thread 0x0000000017e80800 Uncommon trap: reason=array_check action=maybe_recompile pc=0x0000000002756bc4 method=java.util.Arrays.fill([Ljava/lang/Object;Ljava/lang/Object;)V @ 13
Event: 13.329 Thread 0x0000000017d76000 Uncommon trap: reason=unreached action=reinterpret pc=0x00000000026c94e4 method=java.awt.EventQueue.removeSourceEvents(Ljava/lang/Object;Z)V @ 51
Event: 14.583 Thread 0x0000000017d76000 Uncommon trap: reason=null_check action=make_not_entrant pc=0x0000000002719f38 method=javax.swing.GroupLayout.getComponentInfo(Ljava/awt/Component;)Ljavax/swing/GroupLayout$ComponentInfo; @ 10
Event: 14.685 Thread 0x0000000017d76000 Uncommon trap: reason=class_check action=maybe_recompile pc=0x0000000002770c74 method=javax.swing.RepaintManager.addDirtyRegion0(Ljava/awt/Container;IIII)V @ 99
Event: 14.708 Thread 0x000000001806b000 Uncommon trap: reason=unloaded action=reinterpret pc=0x00000000026c8050 method=fr.ird.voxelidar.voxelisation.raytracing.voxel.VoxelAnalysis.createVoxelSpace()V @ 173
Event: 14.738 Thread 0x0000000017d76000 Uncommon trap: reason=class_check action=maybe_recompile pc=0x0000000002770c74 method=javax.swing.RepaintManager.addDirtyRegion0(Ljava/awt/Container;IIII)V @ 99
Event: 14.785 Thread 0x0000000017d76000 Uncommon trap: reason=class_check action=maybe_recompile pc=0x0000000002770c74 method=javax.swing.RepaintManager.addDirtyRegion0(Ljava/awt/Container;IIII)V @ 99

Internal exceptions (10 events):
Event: 14.715 Thread 0x000000001806b000 Threw 0x0000000783242e58 at C:\re\jdk7u67\1368\hotspot\src\share\vm\prims\jvm.cpp:1244
Event: 14.716 Thread 0x000000001806b000 Threw 0x00000007832449f8 at C:\re\jdk7u67\1368\hotspot\src\share\vm\prims\jvm.cpp:1244
Event: 14.717 Thread 0x000000001806b000 Threw 0x000000078324b158 at C:\re\jdk7u67\1368\hotspot\src\share\vm\prims\jvm.cpp:1244
Event: 14.718 Thread 0x000000001806b000 Threw 0x000000078324d968 at C:\re\jdk7u67\1368\hotspot\src\share\vm\prims\jvm.cpp:1244
Event: 14.718 Thread 0x000000001806b000 Threw 0x0000000783251188 at C:\re\jdk7u67\1368\hotspot\src\share\vm\prims\jvm.cpp:1244
Event: 14.724 Thread 0x000000001806b000 Threw 0x00000007832568c0 at C:\re\jdk7u67\1368\hotspot\src\share\vm\prims\jvm.cpp:1244
Event: 14.725 Thread 0x000000001832f800 Threw 0x0000000783269468 at C:\re\jdk7u67\1368\hotspot\src\share\vm\prims\jvm.cpp:1244
Event: 14.731 Thread 0x000000001832f800 Threw 0x000000078326b8d0 at C:\re\jdk7u67\1368\hotspot\src\share\vm\prims\jvm.cpp:1244
Event: 14.732 Thread 0x000000001832f800 Threw 0x000000078326e050 at C:\re\jdk7u67\1368\hotspot\src\share\vm\prims\jvm.cpp:1244
Event: 14.732 Thread 0x000000001832f800 Threw 0x000000078326fc20 at C:\re\jdk7u67\1368\hotspot\src\share\vm\prims\jni.cpp:1632

Events (10 events):
Event: 14.731 loading class 0x0000000017d74eb0 done
Event: 14.732 loading class 0x0000000017cc67d0
Event: 14.732 loading class 0x0000000017cc67d0 done
Event: 14.738 Thread 0x0000000017d76000 Uncommon trap: trap_request=0xffffffde fr.pc=0x0000000002770c74
Event: 14.738 Thread 0x0000000017d76000 DEOPT PACKING pc=0x0000000002770c74 sp=0x000000001c91e330
Event: 14.738 Thread 0x0000000017d76000 DEOPT UNPACKING pc=0x0000000002659064 sp=0x000000001c91e2b8 mode 2
Event: 14.743 Thread 0x0000000015613000 flushing nmethod 0x000000000271d5d0
Event: 14.785 Thread 0x0000000017d76000 Uncommon trap: trap_request=0xffffffde fr.pc=0x0000000002770c74
Event: 14.785 Thread 0x0000000017d76000 DEOPT PACKING pc=0x0000000002770c74 sp=0x000000001c91e330
Event: 14.785 Thread 0x0000000017d76000 DEOPT UNPACKING pc=0x0000000002659064 sp=0x000000001c91e2b8 mode 2


Dynamic libraries:
0x000000013fa30000 - 0x000000013fa63000 	C:\Program Files\Java\jdk1.7.0_67\bin\java.exe
0x00000000775c0000 - 0x0000000077769000 	C:\Windows\SYSTEM32\ntdll.dll
0x00000000774a0000 - 0x00000000775bf000 	C:\Windows\system32\kernel32.dll
0x000007fefd4b0000 - 0x000007fefd51c000 	C:\Windows\system32\KERNELBASE.dll
0x000007fefdac0000 - 0x000007fefdb9b000 	C:\Windows\system32\ADVAPI32.dll
0x000007fefdce0000 - 0x000007fefdd7f000 	C:\Windows\system32\msvcrt.dll
0x000007feff260000 - 0x000007feff27f000 	C:\Windows\SYSTEM32\sechost.dll
0x000007fefeda0000 - 0x000007fefeecd000 	C:\Windows\system32\RPCRT4.dll
0x00000000773a0000 - 0x000000007749a000 	C:\Windows\system32\USER32.dll
0x000007fefd8a0000 - 0x000007fefd907000 	C:\Windows\system32\GDI32.dll
0x000007feff2d0000 - 0x000007feff2de000 	C:\Windows\system32\LPK.dll
0x000007fefefb0000 - 0x000007feff079000 	C:\Windows\system32\USP10.dll
0x000007fefba10000 - 0x000007fefbc04000 	C:\Windows\WinSxS\amd64_microsoft.windows.common-controls_6595b64144ccf1df_6.0.7601.17514_none_fa396087175ac9ac\COMCTL32.dll
0x000007fefd820000 - 0x000007fefd891000 	C:\Windows\system32\SHLWAPI.dll
0x000007fefd920000 - 0x000007fefd94e000 	C:\Windows\system32\IMM32.DLL
0x000007feff2e0000 - 0x000007feff3e9000 	C:\Windows\system32\MSCTF.dll
0x0000000059380000 - 0x0000000059452000 	C:\Program Files\Java\jdk1.7.0_67\jre\bin\msvcr100.dll
0x00000000569e0000 - 0x00000000571b2000 	C:\Program Files\Java\jdk1.7.0_67\jre\bin\server\jvm.dll
0x000007fefa830000 - 0x000007fefa839000 	C:\Windows\system32\WSOCK32.dll
0x000007feff280000 - 0x000007feff2cd000 	C:\Windows\system32\WS2_32.dll
0x000007fefd910000 - 0x000007fefd918000 	C:\Windows\system32\NSI.dll
0x000007fef9f30000 - 0x000007fef9f6b000 	C:\Windows\system32\WINMM.dll
0x0000000077780000 - 0x0000000077787000 	C:\Windows\system32\PSAPI.DLL
0x0000000064b90000 - 0x0000000064b9f000 	C:\Program Files\Java\jdk1.7.0_67\jre\bin\verify.dll
0x0000000064b60000 - 0x0000000064b88000 	C:\Program Files\Java\jdk1.7.0_67\jre\bin\java.dll
0x00000000595f0000 - 0x0000000059625000 	C:\Program Files\Java\jdk1.7.0_67\jre\bin\jdwp.dll
0x0000000064ba0000 - 0x0000000064ba8000 	C:\Program Files\Java\jdk1.7.0_67\jre\bin\npt.dll
0x0000000064b40000 - 0x0000000064b55000 	C:\Program Files\Java\jdk1.7.0_67\jre\bin\zip.dll
0x00000000595e0000 - 0x00000000595e9000 	C:\Program Files\Java\jdk1.7.0_67\jre\bin\dt_socket.dll
0x000007fefcba0000 - 0x000007fefcbf5000 	C:\Windows\system32\mswsock.dll
0x000007fefc560000 - 0x000007fefc567000 	C:\Windows\System32\wshtcpip.dll
0x0000000059630000 - 0x0000000059649000 	C:\Program Files\Java\jdk1.7.0_67\jre\bin\net.dll
0x000007fefcb90000 - 0x000007fefcb97000 	C:\Windows\System32\wship6.dll
0x0000000059650000 - 0x0000000059661000 	C:\Program Files\Java\jdk1.7.0_67\jre\bin\nio.dll
0x00000000591e0000 - 0x0000000059375000 	C:\Program Files\Java\jdk1.7.0_67\jre\bin\awt.dll
0x000007fefeed0000 - 0x000007fefefa7000 	C:\Windows\system32\OLEAUT32.dll
0x000007feff6c0000 - 0x000007feff8c3000 	C:\Windows\system32\ole32.dll
0x000007fefb370000 - 0x000007fefb388000 	C:\Windows\system32\DWMAPI.DLL
0x000007fefb990000 - 0x000007fefb9e6000 	C:\Windows\system32\uxtheme.dll
0x000007fefd260000 - 0x000007fefd26f000 	C:\Windows\system32\CRYPTBASE.dll
0x000007fee8410000 - 0x000007fee860f000 	C:\Windows\system32\d3d9.dll
0x000007fefc870000 - 0x000007fefc87c000 	C:\Windows\system32\VERSION.dll
0x000007fefbfd0000 - 0x000007fefbfd7000 	C:\Windows\system32\d3d8thk.dll
0x000007fee7350000 - 0x000007fee8405000 	C:\Windows\system32\nvd3dumx.dll
0x000007fefc220000 - 0x000007fefc24c000 	C:\Windows\system32\powrprof.dll
0x000007feff080000 - 0x000007feff257000 	C:\Windows\system32\SETUPAPI.dll
0x000007fefd420000 - 0x000007fefd456000 	C:\Windows\system32\CFGMGR32.dll
0x000007fefd520000 - 0x000007fefd53a000 	C:\Windows\system32\DEVOBJ.dll
0x000007fef6f00000 - 0x000007fef706a000 	C:\Program Files (x86)\NVIDIA Corporation\3D Vision\nvSCPAPI64.dll
0x000007fefe010000 - 0x000007fefed98000 	C:\Windows\system32\SHELL32.dll
0x000007fef99f0000 - 0x000007fef9d23000 	C:\Windows\system32\nvapi64.dll
0x000007fefd470000 - 0x000007fefd4aa000 	C:\Windows\system32\WINTRUST.dll
0x000007fefd620000 - 0x000007fefd78c000 	C:\Windows\system32\CRYPT32.dll
0x000007fefd400000 - 0x000007fefd40f000 	C:\Windows\system32\MSASN1.dll
0x000007fef9db0000 - 0x000007fef9e50000 	C:\Windows\WinSxS\amd64_microsoft.windows.common-controls_6595b64144ccf1df_5.82.7601.18201_none_a4d3b9377117c3df\comctl32.dll
0x00000000594f0000 - 0x0000000059537000 	C:\Program Files\Java\jdk1.7.0_67\jre\bin\fontmanager.dll
0x00000000594a0000 - 0x00000000594e1000 	C:\Program Files\Java\jdk1.7.0_67\jre\bin\t2k.dll
0x000007feff3f0000 - 0x000007feff489000 	C:\Windows\system32\CLBCatQ.DLL
0x000007fefbd60000 - 0x000007fefbe8c000 	C:\Windows\system32\propsys.dll
0x000007fefb6c0000 - 0x000007fefb6ed000 	C:\Windows\system32\ntmarta.dll
0x000007fefd7c0000 - 0x000007fefd812000 	C:\Windows\system32\WLDAP32.dll
0x000007fefd200000 - 0x000007fefd257000 	C:\Windows\system32\apphelp.dll
0x000007fef3110000 - 0x000007fef32ac000 	C:\Windows\system32\NetworkExplorer.dll
0x000007fef4b00000 - 0x000007fef4b34000 	C:\Windows\System32\shdocvw.dll
0x000007fefd410000 - 0x000007fefd41f000 	C:\Windows\system32\profapi.dll
0x000007fefb360000 - 0x000007fefb36b000 	C:\Windows\system32\slc.dll
0x000007fefa840000 - 0x000007fefa858000 	C:\Windows\system32\MPR.dll
0x0000000070900000 - 0x0000000070912000 	C:\Windows\system32\snacnp.dll
0x000007fef9560000 - 0x000007fef9657000 	C:\Windows\system32\ncnetprovider.dll
0x000007fefa900000 - 0x000007fefa91e000 	C:\Windows\system32\NCLangID.dll
0x000007fef9530000 - 0x000007fef955c000 	C:\Windows\system32\MAPBASE.dll
0x0000000050d20000 - 0x0000000050d67000 	C:\Windows\system32\CALWIN32.DLL
0x0000000007360000 - 0x0000000007381000 	C:\Windows\system32\CLNWIN32.DLL
0x0000000050df0000 - 0x0000000050e22000 	C:\Windows\system32\LOCWIN32.DLL
0x00000000166b0000 - 0x00000000166f5000 	C:\Windows\system32\NCPWIN32.dll
0x0000000050da0000 - 0x0000000050db3000 	C:\Windows\system32\CLXWIN32.DLL
0x0000000016830000 - 0x0000000016875000 	C:\Windows\system32\NETWIN32.DLL
0x000007fef94e0000 - 0x000007fef9525000 	C:\Windows\system32\NWSHLXNT.dll
0x000007fefab30000 - 0x000007fefab46000 	C:\Windows\system32\NETAPI32.dll
0x000007fefaac0000 - 0x000007fefaacc000 	C:\Windows\system32\netutils.dll
0x000007fefce80000 - 0x000007fefcea3000 	C:\Windows\system32\srvcli.dll
0x000007fefaa90000 - 0x000007fefaaa5000 	C:\Windows\system32\wkscli.dll
0x000007fefaa70000 - 0x000007fefaa84000 	C:\Windows\system32\SAMCLI.DLL
0x000007fef94c0000 - 0x000007fef94d2000 	C:\Windows\system32\BROWCLI.DLL
0x000007fefc640000 - 0x000007fefc651000 	C:\Windows\system32\WTSAPI32.dll
0x0000000074f30000 - 0x0000000074f35000 	C:\Windows\system32\nls\FRANCAIS\NCLangIDR.DLL
0x0000000073f60000 - 0x0000000073f77000 	C:\Windows\system32\nls\FRANCAIS\MAPBASER.DLL
0x0000000073f40000 - 0x0000000073f5a000 	C:\Windows\system32\nls\FRANCAIS\NWSHLXNTR.DLL
0x0000000073ec0000 - 0x0000000073f3c000 	C:\Windows\system32\nls\FRANCAIS\ncnetproviderR.DLL
0x000007fefd1d0000 - 0x000007fefd1f5000 	C:\Windows\system32\SspiCli.dll
0x000007fef6500000 - 0x000007fef650a000 	C:\Windows\System32\drprov.dll
0x000007fefd310000 - 0x000007fefd34d000 	C:\Windows\System32\WINSTA.dll
0x000007fef64d0000 - 0x000007fef64f2000 	C:\Windows\System32\ntlanman.dll
0x000007fef64b0000 - 0x000007fef64cd000 	C:\Windows\System32\davclnt.dll
0x000007fef64a0000 - 0x000007fef64aa000 	C:\Windows\System32\DAVHLPR.dll
0x000007fef6490000 - 0x000007fef649f000 	C:\Windows\system32\cscapi.dll
0x000007feeab90000 - 0x000007feeae01000 	C:\Windows\system32\wpdshext.dll
0x000007fefb770000 - 0x000007fefb986000 	C:\Windows\WinSxS\amd64_microsoft.windows.gdiplus_6595b64144ccf1df_1.1.7601.18455_none_2b283fd671e9bf4d\gdiplus.dll
0x000007fef70f0000 - 0x000007fef71ad000 	C:\Windows\system32\PortableDeviceApi.dll
0x000007fef4de0000 - 0x000007fef4e15000 	C:\Windows\system32\EhStorShell.dll
0x000007fefa5a0000 - 0x000007fefa5c7000 	C:\Windows\system32\EhStorAPI.dll
0x000007fef3690000 - 0x000007fef3767000 	C:\Windows\system32\SearchFolder.dll
0x000007fef4af0000 - 0x000007fef4afc000 	C:\Windows\system32\LINKINFO.dll
0x000007fefb160000 - 0x000007fefb195000 	C:\Windows\system32\XmlLite.dll
0x000007fefcc00000 - 0x000007fefcc17000 	C:\Windows\system32\CRYPTSP.dll
0x000007fefc900000 - 0x000007fefc947000 	C:\Windows\system32\rsaenh.dll
0x000007fefd350000 - 0x000007fefd364000 	C:\Windows\system32\RpcRtRemote.dll
0x000007fefaf70000 - 0x000007fefb0d1000 	C:\Windows\system32\WindowsCodecs.dll
0x000000006cfc0000 - 0x000000006cfd6000 	C:\Program Files\Common Files\TortoiseOverlays\TortoiseOverlays.dll
0x000000006cfa0000 - 0x000000006cfb7000 	C:\Program Files\TortoiseSVN\bin\TortoiseStub.dll
0x000000006cf20000 - 0x000000006cf9d000 	C:\Program Files\TortoiseSVN\bin\TortoiseSVN.dll
0x000007feff490000 - 0x000007feff6bc000 	C:\Windows\system32\WININET.dll
0x000007fefd460000 - 0x000007fefd464000 	C:\Windows\system32\api-ms-win-downlevel-user32-l1-1-0.dll
0x000007fefd600000 - 0x000007fefd605000 	C:\Windows\system32\api-ms-win-downlevel-advapi32-l1-1-0.dll
0x000007fefd790000 - 0x000007fefd794000 	C:\Windows\system32\api-ms-win-downlevel-shlwapi-l1-1-0.dll
0x000007fefd610000 - 0x000007fefd614000 	C:\Windows\system32\api-ms-win-downlevel-version-l1-1-0.dll
0x000007fefd5f0000 - 0x000007fefd5f3000 	C:\Windows\system32\api-ms-win-downlevel-normaliz-l1-1-0.dll
0x0000000077790000 - 0x0000000077793000 	C:\Windows\system32\normaliz.DLL
0x000007fefdd80000 - 0x000007fefe00e000 	C:\Windows\system32\iertutil.dll
0x000007fefd7a0000 - 0x000007fefd7be000 	C:\Windows\system32\USERENV.dll
0x000007fef52f0000 - 0x000007fef5766000 	C:\Program Files\TortoiseSVN\bin\libsvn_tsvn.dll
0x000000006cef0000 - 0x000000006cf1e000 	C:\Program Files\TortoiseSVN\bin\libapr_tsvn.dll
0x000007fef5a30000 - 0x000007fef5b04000 	C:\Windows\system32\MSVCR110.dll
0x000000006cea0000 - 0x000000006cee5000 	C:\Program Files\TortoiseSVN\bin\libaprutil_tsvn.dll
0x000007fef6090000 - 0x000007fef60a1000 	C:\Program Files\TortoiseSVN\bin\intl3_tsvn.dll
0x000007fef5a10000 - 0x000007fef5a29000 	C:\Program Files\TortoiseSVN\bin\libsasl.dll
0x000007fefd020000 - 0x000007fefd02b000 	C:\Windows\system32\Secur32.dll
0x000007fef5960000 - 0x000007fef5a07000 	C:\Windows\system32\MSVCP110.dll

VM Arguments:
jvm_args: -Xdebug -Xrunjdwp:transport=dt_socket,server=n,address=1688 -Xmx6G 
java_command: fr.ird.voxelidar.Principal
Launcher Type: SUN_STANDARD

Environment Variables:
JAVA_HOME=C:\Program Files\Java\jdk1.7.0_67
CLASSPATH=C:\Program Files\OpenNI\Bin64\org.OpenNI.jar
PATH=C:\ProgramData\Oracle\Java\javapath;C:\Program Files\Java\jdk1.7.0_67\bin;C:\Python27\Lib\site-packages\PyQt4;C:\Program Files (x86)\Common Files\Intergraph\Grid Analysis SDK\1.0\Program;C:\Windows\system32;C:\Windows;C:\Windows\System32\Wbem;C:\Windows\System32\WindowsPowerShell\v1.0\;C:\Windows\Program Files (x86)\Common Files\Roxio Shared\DLLShared\;C:\Program Files (x86)\Common Files\Roxio Shared\10.0\DLLShared\;C:\Windows\Program Files\Java\jdk1.7.0_67\bin;C:\Program Files\java\ssj\lib\;C:\Program Files\MATLAB\R2010a\bin;C:\Program Files\OpenNI\Bin64;C:\Program Files\PCL 1.6.0\bin;C:\Program Files\TortoiseSVN\bin;C:\Program Files\Microsoft SQL Server\110\Tools\Binn\;C:\MinGW3\bin;C:\Program Files\TortoiseGit\bin;C:\Program Files (x86)\Windows Kits\8.1\Windows Performance Toolkit\;c:\users\julien\appdata\local\enthought\canopy\user;c:\users\julien\appdata\local\enthought\canopy\user\scripts
USERNAME=Julien
OS=Windows_NT
PROCESSOR_IDENTIFIER=Intel64 Family 6 Model 44 Stepping 2, GenuineIntel



---------------  S Y S T E M  ---------------

OS: Windows 7 , 64 bit Build 7601 Service Pack 1

CPU:total 8 (4 cores per cpu, 2 threads per core) family 6 model 44 stepping 2, cmov, cx8, fxsr, mmx, sse, sse2, sse3, ssse3, sse4.1, sse4.2, popcnt, aes, ht, tsc, tscinvbit, tscinv

Memory: 4k page, physical 25148644k(17956956k free), swap 50295424k(41656088k free)

vm_info: Java HotSpot(TM) 64-Bit Server VM (24.65-b04) for windows-amd64 JRE (1.7.0_67-b01), built on Jul 25 2014 08:55:00 by "java_re" with unknown MS VC++:1600

time: Thu Feb 19 12:55:18 2015
elapsed time: 14 seconds

