#
# A fatal error has been detected by the Java Runtime Environment:
#
#  EXCEPTION_ACCESS_VIOLATION (0xc0000005) at pc=0x0000000060ea0539, pid=3172, tid=6148
#
# JRE version: Java(TM) SE Runtime Environment (7.0_67-b01) (build 1.7.0_67-b01)
# Java VM: Java HotSpot(TM) 64-Bit Server VM (24.65-b04 mixed mode windows-amd64 compressed oops)
# Problematic frame:
# C  0x0000000060ea0539
#
# Failed to write core dump. Minidumps are not enabled by default on client versions of Windows
#
# If you would like to submit a bug report, please visit:
#   http://bugreport.sun.com/bugreport/crash.jsp
# The crash happened outside the Java Virtual Machine in native code.
# See problematic frame for where to report the bug.
#

---------------  T H R E A D  ---------------

Current thread (0x000000000c4df800):  JavaThread "AWT-EventQueue-0" [_thread_in_native, id=6148, stack(0x0000000012520000,0x0000000012620000)]

siginfo: ExceptionCode=0xc0000005, reading address 0x0000000000001100

Registers:
RAX=0x0000000000000000, RBX=0x000000077c013c50, RCX=0x0000000000000003, RDX=0x000000001261d1a8
RSP=0x000000001261d0e8, RBP=0x000000001261d170, RSI=0x00000000ef5c1601, RDI=0x0000000002636198
R8 =0x0000000000000003, R9 =0x0000000060ea0530, R10=0x00000000026494dd, R11=0x00000000626a2a70
R12=0x0000000000000000, R13=0x000000077c013c50, R14=0x000000001261d1a8, R15=0x000000000c4df800
RIP=0x0000000060ea0539, EFLAGS=0x0000000000010206

Top of Stack: (sp=0x000000001261d0e8)
0x000000001261d0e8:   0000000002649509 000000001261d170
0x000000001261d0f8:   00000000026490be 000000077c013c50
0x000000001261d108:   00000000ef5c1601 0000000002636198
0x000000001261d118:   0000000002656d46 000000001261d158
0x000000001261d128:   0000000002649086 000000001261d130
0x000000001261d138:   000000077c013c50 000000001261d1a8
0x000000001261d148:   000000077c160be8 0000000000000000
0x000000001261d158:   000000077c013c50 0000000000000000
0x000000001261d168:   000000001261d190 000000001261d1f0
0x000000001261d178:   0000000002636198 0000000000000000
0x000000001261d188:   0000000002643a58 0000000060ea0530
0x000000001261d198:   000000001261d1f0 0000000000000003
0x000000001261d1a8:   0000000784102dd0 000000001261d1b0
0x000000001261d1b8:   000000077c013b82 000000001261d218
0x000000001261d1c8:   000000077c160be8 0000000000000000
0x000000001261d1d8:   000000077c013b90 000000001261d190 

Instructions: (pc=0x0000000060ea0539)
0x0000000060ea0519:   af af af af af af af c3 cc cc cc cc cc cc cc cc
0x0000000060ea0529:   cc cc cc cc cc cc cc 65 48 8b 04 25 20 16 00 00
0x0000000060ea0539:   ff a0 00 11 00 00 cc cc cc cc cc cc cc cc cc cc
0x0000000060ea0549:   cc cc cc cc cc cc cc cc cc cc cc cc cc cc cc cc 


Register to memory mapping:

RAX=0x0000000000000000 is an unknown value
RBX=0x000000077c013c50 is an oop
{method} 
 - klass: {other class}
RCX=0x0000000000000003 is an unknown value
RDX=0x000000001261d1a8 is pointing into the stack for thread: 0x000000000c4df800
RSP=0x000000001261d0e8 is pointing into the stack for thread: 0x000000000c4df800
RBP=0x000000001261d170 is pointing into the stack for thread: 0x000000000c4df800
RSI=0x00000000ef5c1601 is an unknown value
RDI=0x0000000002636198 is at code_begin+2520 in an Interpreter codelet
return entry points  [0x00000000026357c0, 0x00000000026375c0]  7680 bytes
R8 =0x0000000000000003 is an unknown value
R9 =0x0000000060ea0530 is an unknown value
R10=0x00000000026494dd is at code_begin+1277 in an Interpreter codelet
method entry point (kind = native)  [0x0000000002648fe0, 0x0000000002649ea0]  3776 bytes
R11=0x00000000626a2a70 is an unknown value
R12=0x0000000000000000 is an unknown value
R13=0x000000077c013c50 is an oop
{method} 
 - klass: {other class}
R14=0x000000001261d1a8 is pointing into the stack for thread: 0x000000000c4df800
R15=0x000000000c4df800 is a thread


Stack: [0x0000000012520000,0x0000000012620000],  sp=0x000000001261d0e8,  free space=1012k
Native frames: (J=compiled Java code, j=interpreted, Vv=VM code, C=native code)
C  0x0000000060ea0539
j  jogamp.opengl.gl4.GL4bcImpl.glUseProgram(I)V+34
j  fr.ird.voxelidar.graphics3d.jogl.JoglListener$1.projMatrixChanged(Lfr/ird/voxelidar/math/matrix/Mat4F;)V+105
j  fr.ird.voxelidar.graphics3d.object.camera.TrackballCamera.fireProjectionMatrixChanged(Lfr/ird/voxelidar/math/matrix/Mat4F;)V+34
j  fr.ird.voxelidar.graphics3d.object.camera.TrackballCamera.updateProjMatrix()V+69
j  fr.ird.voxelidar.graphics3d.object.camera.TrackballCamera.setOrthographic(FFFFFF)V+39
j  fr.ird.voxelidar.frame.JFrameTools.jPanel21MouseClicked(Ljava/awt/event/MouseEvent;)V+141
j  fr.ird.voxelidar.frame.JFrameTools.access$1100(Lfr/ird/voxelidar/frame/JFrameTools;Ljava/awt/event/MouseEvent;)V+2
j  fr.ird.voxelidar.frame.JFrameTools$12.mouseClicked(Ljava/awt/event/MouseEvent;)V+5
j  java.awt.Component.processMouseEvent(Ljava/awt/event/MouseEvent;)V+74
j  javax.swing.JComponent.processMouseEvent(Ljava/awt/event/MouseEvent;)V+23
j  java.awt.Component.processEvent(Ljava/awt/AWTEvent;)V+81
j  java.awt.Container.processEvent(Ljava/awt/AWTEvent;)V+18
j  java.awt.Component.dispatchEventImpl(Ljava/awt/AWTEvent;)V+581
j  java.awt.Container.dispatchEventImpl(Ljava/awt/AWTEvent;)V+42
J 329 C2 java.awt.LightweightDispatcher.retargetMouseEvent(Ljava/awt/Component;ILjava/awt/event/MouseEvent;)V (350 bytes) @ 0x000000000276e8d8 [0x000000000276e380+0x558]
j  java.awt.LightweightDispatcher.processMouseEvent(Ljava/awt/event/MouseEvent;)Z+157
j  java.awt.LightweightDispatcher.dispatchEvent(Ljava/awt/AWTEvent;)Z+50
j  java.awt.Container.dispatchEventImpl(Ljava/awt/AWTEvent;)V+12
j  java.awt.Window.dispatchEventImpl(Ljava/awt/AWTEvent;)V+19
j  java.awt.Component.dispatchEvent(Ljava/awt/AWTEvent;)V+2
j  java.awt.EventQueue.dispatchEventImpl(Ljava/awt/AWTEvent;Ljava/lang/Object;)V+41
j  java.awt.EventQueue.access$200(Ljava/awt/EventQueue;Ljava/awt/AWTEvent;Ljava/lang/Object;)V+3
j  java.awt.EventQueue$3.run()Ljava/lang/Void;+12
j  java.awt.EventQueue$3.run()Ljava/lang/Object;+1
v  ~StubRoutines::call_stub

Java frames: (J=compiled Java code, j=interpreted, Vv=VM code)
j  jogamp.opengl.gl4.GL4bcImpl.dispatch_glUseProgram1(IJ)V+0
j  jogamp.opengl.gl4.GL4bcImpl.glUseProgram(I)V+34
j  fr.ird.voxelidar.graphics3d.jogl.JoglListener$1.projMatrixChanged(Lfr/ird/voxelidar/math/matrix/Mat4F;)V+105
j  fr.ird.voxelidar.graphics3d.object.camera.TrackballCamera.fireProjectionMatrixChanged(Lfr/ird/voxelidar/math/matrix/Mat4F;)V+34
j  fr.ird.voxelidar.graphics3d.object.camera.TrackballCamera.updateProjMatrix()V+69
j  fr.ird.voxelidar.graphics3d.object.camera.TrackballCamera.setOrthographic(FFFFFF)V+39
j  fr.ird.voxelidar.frame.JFrameTools.jPanel21MouseClicked(Ljava/awt/event/MouseEvent;)V+141
j  fr.ird.voxelidar.frame.JFrameTools.access$1100(Lfr/ird/voxelidar/frame/JFrameTools;Ljava/awt/event/MouseEvent;)V+2
j  fr.ird.voxelidar.frame.JFrameTools$12.mouseClicked(Ljava/awt/event/MouseEvent;)V+5
j  java.awt.Component.processMouseEvent(Ljava/awt/event/MouseEvent;)V+74
j  javax.swing.JComponent.processMouseEvent(Ljava/awt/event/MouseEvent;)V+23
j  java.awt.Component.processEvent(Ljava/awt/AWTEvent;)V+81
j  java.awt.Container.processEvent(Ljava/awt/AWTEvent;)V+18
j  java.awt.Component.dispatchEventImpl(Ljava/awt/AWTEvent;)V+581
j  java.awt.Container.dispatchEventImpl(Ljava/awt/AWTEvent;)V+42
J 329 C2 java.awt.LightweightDispatcher.retargetMouseEvent(Ljava/awt/Component;ILjava/awt/event/MouseEvent;)V (350 bytes) @ 0x000000000276e8d8 [0x000000000276e380+0x558]
j  java.awt.LightweightDispatcher.processMouseEvent(Ljava/awt/event/MouseEvent;)Z+157
j  java.awt.LightweightDispatcher.dispatchEvent(Ljava/awt/AWTEvent;)Z+50
j  java.awt.Container.dispatchEventImpl(Ljava/awt/AWTEvent;)V+12
j  java.awt.Window.dispatchEventImpl(Ljava/awt/AWTEvent;)V+19
j  java.awt.Component.dispatchEvent(Ljava/awt/AWTEvent;)V+2
j  java.awt.EventQueue.dispatchEventImpl(Ljava/awt/AWTEvent;Ljava/lang/Object;)V+41
j  java.awt.EventQueue.access$200(Ljava/awt/EventQueue;Ljava/awt/AWTEvent;Ljava/lang/Object;)V+3
j  java.awt.EventQueue$3.run()Ljava/lang/Void;+12
j  java.awt.EventQueue$3.run()Ljava/lang/Object;+1
v  ~StubRoutines::call_stub
j  java.security.AccessController.doPrivileged(Ljava/security/PrivilegedAction;Ljava/security/AccessControlContext;)Ljava/lang/Object;+0
j  java.security.ProtectionDomain$1.doIntersectionPrivilege(Ljava/security/PrivilegedAction;Ljava/security/AccessControlContext;Ljava/security/AccessControlContext;)Ljava/lang/Object;+28
j  java.security.ProtectionDomain$1.doIntersectionPrivilege(Ljava/security/PrivilegedAction;Ljava/security/AccessControlContext;)Ljava/lang/Object;+6
j  java.awt.EventQueue$4.run()Ljava/lang/Void;+11
j  java.awt.EventQueue$4.run()Ljava/lang/Object;+1
v  ~StubRoutines::call_stub
j  java.security.AccessController.doPrivileged(Ljava/security/PrivilegedAction;Ljava/security/AccessControlContext;)Ljava/lang/Object;+0
j  java.security.ProtectionDomain$1.doIntersectionPrivilege(Ljava/security/PrivilegedAction;Ljava/security/AccessControlContext;Ljava/security/AccessControlContext;)Ljava/lang/Object;+28
j  java.awt.EventQueue.dispatchEvent(Ljava/awt/AWTEvent;)V+73
j  java.awt.EventDispatchThread.pumpOneEventForFilters(I)V+245
j  java.awt.EventDispatchThread.pumpEventsForFilter(ILjava/awt/Conditional;Ljava/awt/EventFilter;)V+35
j  java.awt.EventDispatchThread.pumpEventsForHierarchy(ILjava/awt/Conditional;Ljava/awt/Component;)V+11
j  java.awt.EventDispatchThread.pumpEvents(ILjava/awt/Conditional;)V+4
j  java.awt.EventDispatchThread.pumpEvents(Ljava/awt/Conditional;)V+3
j  java.awt.EventDispatchThread.run()V+9
v  ~StubRoutines::call_stub

---------------  P R O C E S S  ---------------

Java Threads: ( => current thread )
  0x00000000137a1800 JavaThread "SwingWorker-pool-2-thread-1" daemon [_thread_blocked, id=3060, stack(0x0000000018cb0000,0x0000000018db0000)]
  0x0000000013777800 JavaThread "AWT-EventQueue-0-FPSAWTAnimator-Timer0" [_thread_blocked, id=3776, stack(0x00000000189e0000,0x0000000018ae0000)]
  0x00000000136a1000 JavaThread "AWT-EventQueue-0-Display-.windows_nil-1-EDT-1" daemon [_thread_blocked, id=3484, stack(0x00000000163c0000,0x00000000164c0000)]
  0x000000000e959000 JavaThread "AWT-EventQueue-0-SharedResourceRunner" daemon [_thread_blocked, id=5860, stack(0x00000000177a0000,0x00000000178a0000)]
  0x00000000135c3800 JavaThread "D3D Screen Updater" daemon [_thread_blocked, id=3816, stack(0x0000000014f90000,0x0000000015090000)]
  0x0000000001d6a000 JavaThread "DestroyJavaVM" [_thread_blocked, id=5684, stack(0x0000000002530000,0x0000000002630000)]
  0x000000000ecbf800 JavaThread "TimerQueue" daemon [_thread_blocked, id=6900, stack(0x00000000148b0000,0x00000000149b0000)]
  0x000000000e681800 JavaThread "org.netbeans.modules.debugger.jpda.visual AWT Access Loop" daemon [_thread_blocked, id=6640, stack(0x0000000013380000,0x0000000013480000)]
  0x000000000c4ec000 JavaThread "Swing-Shell" daemon [_thread_blocked, id=3480, stack(0x0000000012790000,0x0000000012890000)]
=>0x000000000c4df800 JavaThread "AWT-EventQueue-0" [_thread_in_native, id=6148, stack(0x0000000012520000,0x0000000012620000)]
  0x000000000c5d1800 JavaThread "AWT-Windows" daemon [_thread_in_native, id=5652, stack(0x000000000f280000,0x000000000f380000)]
  0x000000000c5d0000 JavaThread "AWT-Shutdown" [_thread_blocked, id=5732, stack(0x000000000f0f0000,0x000000000f1f0000)]
  0x000000000c5cf000 JavaThread "Java2D Disposer" daemon [_thread_blocked, id=6996, stack(0x000000000ee80000,0x000000000ef80000)]
  0x000000000c2fd800 JavaThread "Service Thread" daemon [_thread_blocked, id=6368, stack(0x000000000e2f0000,0x000000000e3f0000)]
  0x000000000c2fd000 JavaThread "C2 CompilerThread1" daemon [_thread_blocked, id=6032, stack(0x000000000e0a0000,0x000000000e1a0000)]
  0x000000000c2f0000 JavaThread "C2 CompilerThread0" daemon [_thread_blocked, id=976, stack(0x000000000dc30000,0x000000000dd30000)]
  0x000000000c2dc000 JavaThread "JDWP Command Reader" daemon [_thread_in_native, id=580, stack(0x000000000e1b0000,0x000000000e2b0000)]
  0x000000000c2db000 JavaThread "JDWP Event Helper Thread" daemon [_thread_blocked, id=3760, stack(0x000000000df80000,0x000000000e080000)]
  0x000000000c2cd800 JavaThread "JDWP Transport Listener: dt_socket" daemon [_thread_blocked, id=3032, stack(0x000000000dde0000,0x000000000dee0000)]
  0x000000000c2c7000 JavaThread "Attach Listener" daemon [_thread_blocked, id=5840, stack(0x000000000d820000,0x000000000d920000)]
  0x000000000c2c6000 JavaThread "Signal Dispatcher" daemon [_thread_blocked, id=7124, stack(0x000000000d660000,0x000000000d760000)]
  0x000000000b214800 JavaThread "Finalizer" daemon [_thread_blocked, id=3876, stack(0x000000000d420000,0x000000000d520000)]
  0x0000000001dfe800 JavaThread "Reference Handler" daemon [_thread_blocked, id=4700, stack(0x000000000d520000,0x000000000d620000)]

Other Threads:
  0x000000000c283800 VMThread [stack: 0x000000000d2f0000,0x000000000d3f0000] [id=6720]
  0x000000000c2f1000 WatcherThread [stack: 0x000000000e470000,0x000000000e570000] [id=7028]

VM state:not at safepoint (normal execution)

VM Mutex/Monitor currently owned by a thread: None

Heap
 PSYoungGen      total 429056K, used 174655K [0x00000007d5500000, 0x00000007f8900000, 0x0000000800000000)
  eden space 348160K, 26% used [0x00000007d5500000,0x00000007db0958f0,0x00000007ea900000)
  from space 80896K, 99% used [0x00000007f0e00000,0x00000007f5cfa428,0x00000007f5d00000)
  to   space 103424K, 0% used [0x00000007ea900000,0x00000007ea900000,0x00000007f0e00000)
 ParOldGen       total 261632K, used 80690K [0x0000000780000000, 0x000000078ff80000, 0x00000007d5500000)
  object space 261632K, 30% used [0x0000000780000000,0x0000000784eccad0,0x000000078ff80000)
 PSPermGen       total 22528K, used 22358K [0x000000077ae00000, 0x000000077c400000, 0x0000000780000000)
  object space 22528K, 99% used [0x000000077ae00000,0x000000077c3d58c0,0x000000077c400000)

Card table byte_map: [0x0000000005630000,0x0000000005a60000] byte_map_base: 0x0000000001a59000

Polling page: 0x0000000000440000

Code Cache  [0x0000000002630000, 0x00000000028a0000, 0x0000000005630000)
 total_blobs=1292 nmethods=482 adapters=771 free_code_cache=47218Kb largest_free_block=48288512

Compilation events (10 events):
Event: 39.507 Thread 0x000000000c2f0000 nmethod 512 0x00000000027c2810 code [0x00000000027c2940, 0x00000000027c2998]
Event: 39.507 Thread 0x000000000c2fd000 nmethod 513 0x000000000280cb50 code [0x000000000280cc80, 0x000000000280ccd8]
Event: 39.525 Thread 0x000000000c2fd000  514             sun.java2d.pipe.Region::clipScale (41 bytes)
Event: 39.525 Thread 0x000000000c2fd000 nmethod 514 0x00000000026e7310 code [0x00000000026e7480, 0x00000000026e7528]
Event: 40.203 Thread 0x000000000c2f0000  515   !         java.awt.EventQueue::setCurrentEventAndMostRecentTimeImpl (169 bytes)
Event: 40.215 Thread 0x000000000c2f0000 nmethod 515 0x0000000002817a90 code [0x0000000002817c60, 0x0000000002818428]
Event: 40.269 Thread 0x000000000c2fd000  516             java.util.concurrent.locks.AbstractQueuedSynchronizer::enq (58 bytes)
Event: 40.271 Thread 0x000000000c2fd000 nmethod 516 0x00000000027cb110 code [0x00000000027cb260, 0x00000000027cb468]
Event: 40.643 Thread 0x000000000c2f0000  517             java.util.concurrent.locks.AbstractQueuedSynchronizer::release (33 bytes)
Event: 40.647 Thread 0x000000000c2f0000 nmethod 517 0x00000000027f9d50 code [0x00000000027f9ea0, 0x00000000027fa028]

GC Heap History (10 events):
Event: 14.405 GC heap before
{Heap before GC invocations=4 (full 0):
 PSYoungGen      total 114688K, used 108782K [0x00000007d5500000, 0x00000007dd500000, 0x0000000800000000)
  eden space 98304K, 100% used [0x00000007d5500000,0x00000007db500000,0x00000007db500000)
  from space 16384K, 63% used [0x00000007db500000,0x00000007dbf3bbf8,0x00000007dc500000)
  to   space 16384K, 0% used [0x00000007dc500000,0x00000007dc500000,0x00000007dd500000)
 ParOldGen       total 261632K, used 16K [0x0000000780000000, 0x000000078ff80000, 0x00000007d5500000)
  object space 261632K, 0% used [0x0000000780000000,0x0000000780004000,0x000000078ff80000)
 PSPermGen       total 22528K, used 22040K [0x000000077ae00000, 0x000000077c400000, 0x0000000780000000)
  object space 22528K, 97% used [0x000000077ae00000,0x000000077c386140,0x000000077c400000)
Event: 14.422 GC heap after
Heap after GC invocations=4 (full 0):
 PSYoungGen      total 114688K, used 16365K [0x00000007d5500000, 0x00000007dd500000, 0x0000000800000000)
  eden space 98304K, 0% used [0x00000007d5500000,0x00000007d5500000,0x00000007db500000)
  from space 16384K, 99% used [0x00000007dc500000,0x00000007dd4fb748,0x00000007dd500000)
  to   space 16384K, 0% used [0x00000007db500000,0x00000007db500000,0x00000007dc500000)
 ParOldGen       total 261632K, used 3324K [0x0000000780000000, 0x000000078ff80000, 0x00000007d5500000)
  object space 261632K, 1% used [0x0000000780000000,0x000000078033f240,0x000000078ff80000)
 PSPermGen       total 22528K, used 22040K [0x000000077ae00000, 0x000000077c400000, 0x0000000780000000)
  object space 22528K, 97% used [0x000000077ae00000,0x000000077c386140,0x000000077c400000)
}
Event: 14.529 GC heap before
{Heap before GC invocations=5 (full 0):
 PSYoungGen      total 114688K, used 114669K [0x00000007d5500000, 0x00000007dd500000, 0x0000000800000000)
  eden space 98304K, 100% used [0x00000007d5500000,0x00000007db500000,0x00000007db500000)
  from space 16384K, 99% used [0x00000007dc500000,0x00000007dd4fb748,0x00000007dd500000)
  to   space 16384K, 0% used [0x00000007db500000,0x00000007db500000,0x00000007dc500000)
 ParOldGen       total 261632K, used 3324K [0x0000000780000000, 0x000000078ff80000, 0x00000007d5500000)
  object space 261632K, 1% used [0x0000000780000000,0x000000078033f240,0x000000078ff80000)
 PSPermGen       total 22528K, used 22052K [0x000000077ae00000, 0x000000077c400000, 0x0000000780000000)
  object space 22528K, 97% used [0x000000077ae00000,0x000000077c389000,0x000000077c400000)
Event: 14.574 GC heap after
Heap after GC invocations=5 (full 0):
 PSYoungGen      total 114688K, used 16371K [0x00000007d5500000, 0x00000007e6300000, 0x0000000800000000)
  eden space 98304K, 0% used [0x00000007d5500000,0x00000007d5500000,0x00000007db500000)
  from space 16384K, 99% used [0x00000007db500000,0x00000007dc4fcd08,0x00000007dc500000)
  to   space 39936K, 0% used [0x00000007e3c00000,0x00000007e3c00000,0x00000007e6300000)
 ParOldGen       total 261632K, used 27564K [0x0000000780000000, 0x000000078ff80000, 0x00000007d5500000)
  object space 261632K, 10% used [0x0000000780000000,0x0000000781aeb240,0x000000078ff80000)
 PSPermGen       total 22528K, used 22052K [0x000000077ae00000, 0x000000077c400000, 0x0000000780000000)
  object space 22528K, 97% used [0x000000077ae00000,0x000000077c389000,0x000000077c400000)
}
Event: 14.686 GC heap before
{Heap before GC invocations=6 (full 0):
 PSYoungGen      total 114688K, used 114675K [0x00000007d5500000, 0x00000007e6300000, 0x0000000800000000)
  eden space 98304K, 100% used [0x00000007d5500000,0x00000007db500000,0x00000007db500000)
  from space 16384K, 99% used [0x00000007db500000,0x00000007dc4fcd08,0x00000007dc500000)
  to   space 39936K, 0% used [0x00000007e3c00000,0x00000007e3c00000,0x00000007e6300000)
 ParOldGen       total 261632K, used 27564K [0x0000000780000000, 0x000000078ff80000, 0x00000007d5500000)
  object space 261632K, 10% used [0x0000000780000000,0x0000000781aeb240,0x000000078ff80000)
 PSPermGen       total 22528K, used 22053K [0x000000077ae00000, 0x000000077c400000, 0x0000000780000000)
  object space 22528K, 97% used [0x000000077ae00000,0x000000077c389690,0x000000077c400000)
Event: 14.725 GC heap after
Heap after GC invocations=6 (full 0):
 PSYoungGen      total 225280K, used 39918K [0x00000007d5500000, 0x00000007e7900000, 0x0000000800000000)
  eden space 185344K, 0% used [0x00000007d5500000,0x00000007d5500000,0x00000007e0a00000)
  from space 39936K, 99% used [0x00000007e3c00000,0x00000007e62fbb30,0x00000007e6300000)
  to   space 51200K, 0% used [0x00000007e0a00000,0x00000007e0a00000,0x00000007e3c00000)
 ParOldGen       total 261632K, used 30108K [0x0000000780000000, 0x000000078ff80000, 0x00000007d5500000)
  object space 261632K, 11% used [0x0000000780000000,0x0000000781d67240,0x000000078ff80000)
 PSPermGen       total 22528K, used 22053K [0x000000077ae00000, 0x000000077c400000, 0x0000000780000000)
  object space 22528K, 97% used [0x000000077ae00000,0x000000077c389690,0x000000077c400000)
}
Event: 14.958 GC heap before
{Heap before GC invocations=7 (full 0):
 PSYoungGen      total 225280K, used 225262K [0x00000007d5500000, 0x00000007e7900000, 0x0000000800000000)
  eden space 185344K, 100% used [0x00000007d5500000,0x00000007e0a00000,0x00000007e0a00000)
  from space 39936K, 99% used [0x00000007e3c00000,0x00000007e62fbb30,0x00000007e6300000)
  to   space 51200K, 0% used [0x00000007e0a00000,0x00000007e0a00000,0x00000007e3c00000)
 ParOldGen       total 261632K, used 30108K [0x0000000780000000, 0x000000078ff80000, 0x00000007d5500000)
  object space 261632K, 11% used [0x0000000780000000,0x0000000781d67240,0x000000078ff80000)
 PSPermGen       total 22528K, used 22056K [0x000000077ae00000, 0x000000077c400000, 0x0000000780000000)
  object space 22528K, 97% used [0x000000077ae00000,0x000000077c38a3d0,0x000000077c400000)
Event: 15.044 GC heap after
Heap after GC invocations=7 (full 0):
 PSYoungGen      total 236544K, used 51191K [0x00000007d5500000, 0x00000007f5d00000, 0x0000000800000000)
  eden space 185344K, 0% used [0x00000007d5500000,0x00000007d5500000,0x00000007e0a00000)
  from space 51200K, 99% used [0x00000007e0a00000,0x00000007e3bfdf70,0x00000007e3c00000)
  to   space 80896K, 0% used [0x00000007f0e00000,0x00000007f0e00000,0x00000007f5d00000)
 ParOldGen       total 261632K, used 66500K [0x0000000780000000, 0x000000078ff80000, 0x00000007d5500000)
  object space 261632K, 25% used [0x0000000780000000,0x00000007840f1330,0x000000078ff80000)
 PSPermGen       total 22528K, used 22056K [0x000000077ae00000, 0x000000077c400000, 0x0000000780000000)
  object space 22528K, 97% used [0x000000077ae00000,0x000000077c38a3d0,0x000000077c400000)
}
Event: 15.357 GC heap before
{Heap before GC invocations=8 (full 0):
 PSYoungGen      total 236544K, used 236535K [0x00000007d5500000, 0x00000007f5d00000, 0x0000000800000000)
  eden space 185344K, 100% used [0x00000007d5500000,0x00000007e0a00000,0x00000007e0a00000)
  from space 51200K, 99% used [0x00000007e0a00000,0x00000007e3bfdf70,0x00000007e3c00000)
  to   space 80896K, 0% used [0x00000007f0e00000,0x00000007f0e00000,0x00000007f5d00000)
 ParOldGen       total 261632K, used 66500K [0x0000000780000000, 0x000000078ff80000, 0x00000007d5500000)
  object space 261632K, 25% used [0x0000000780000000,0x00000007840f1330,0x000000078ff80000)
 PSPermGen       total 22528K, used 22073K [0x000000077ae00000, 0x000000077c400000, 0x0000000780000000)
  object space 22528K, 97% used [0x000000077ae00000,0x000000077c38e6c8,0x000000077c400000)
Event: 15.439 GC heap after
Heap after GC invocations=8 (full 0):
 PSYoungGen      total 429056K, used 80873K [0x00000007d5500000, 0x00000007f8900000, 0x0000000800000000)
  eden space 348160K, 0% used [0x00000007d5500000,0x00000007d5500000,0x00000007ea900000)
  from space 80896K, 99% used [0x00000007f0e00000,0x00000007f5cfa428,0x00000007f5d00000)
  to   space 103424K, 0% used [0x00000007ea900000,0x00000007ea900000,0x00000007f0e00000)
 ParOldGen       total 261632K, used 80690K [0x0000000780000000, 0x000000078ff80000, 0x00000007d5500000)
  object space 261632K, 30% used [0x0000000780000000,0x0000000784eccad0,0x000000078ff80000)
 PSPermGen       total 22528K, used 22073K [0x000000077ae00000, 0x000000077c400000, 0x0000000780000000)
  object space 22528K, 97% used [0x000000077ae00000,0x000000077c38e6c8,0x000000077c400000)
}

Deoptimization events (10 events):
Event: 15.780 Thread 0x00000000136a1000 Uncommon trap: reason=unreached action=reinterpret pc=0x00000000026cc478 method=java.lang.String.valueOf(Ljava/lang/Object;)Ljava/lang/String; @ 1
Event: 36.638 Thread 0x0000000013777800 Uncommon trap: reason=class_check action=maybe_recompile pc=0x00000000027d9204 method=javax.swing.event.EventListenerList.getListeners(Ljava/lang/Class;)[Ljava/util/EventListener; @ 17
Event: 36.640 Thread 0x0000000013777800 Uncommon trap: reason=class_check action=maybe_recompile pc=0x00000000027d9204 method=javax.swing.event.EventListenerList.getListeners(Ljava/lang/Class;)[Ljava/util/EventListener; @ 17
Event: 36.640 Thread 0x0000000013777800 Uncommon trap: reason=class_check action=maybe_recompile pc=0x00000000027d9204 method=javax.swing.event.EventListenerList.getListeners(Ljava/lang/Class;)[Ljava/util/EventListener; @ 17
Event: 38.256 Thread 0x0000000013777800 Uncommon trap: reason=class_check action=maybe_recompile pc=0x00000000027d9204 method=javax.swing.event.EventListenerList.getListeners(Ljava/lang/Class;)[Ljava/util/EventListener; @ 17
Event: 38.897 Thread 0x0000000013777800 Uncommon trap: reason=predicate action=maybe_recompile pc=0x00000000027fa874 method=javax.swing.event.EventListenerList.getListeners(Ljava/lang/Class;)[Ljava/util/EventListener; @ 39
Event: 38.965 Thread 0x0000000013777800 Uncommon trap: reason=array_check action=maybe_recompile pc=0x00000000027c343c method=javax.swing.event.EventListenerList.getListeners(Ljava/lang/Class;)[Ljava/util/EventListener; @ 63
Event: 38.966 Thread 0x0000000013777800 Uncommon trap: reason=array_check action=maybe_recompile pc=0x00000000027c343c method=javax.swing.event.EventListenerList.getListeners(Ljava/lang/Class;)[Ljava/util/EventListener; @ 63
Event: 38.967 Thread 0x0000000013777800 Uncommon trap: reason=array_check action=maybe_recompile pc=0x00000000027c343c method=javax.swing.event.EventListenerList.getListeners(Ljava/lang/Class;)[Ljava/util/EventListener; @ 63
Event: 38.967 Thread 0x0000000013777800 Uncommon trap: reason=array_check action=maybe_recompile pc=0x00000000027c343c method=javax.swing.event.EventListenerList.getListeners(Ljava/lang/Class;)[Ljava/util/EventListener; @ 63

Internal exceptions (10 events):
Event: 36.454 Thread 0x0000000013777800 Threw 0x00000007da8285e8 at C:\re\jdk7u67\1368\hotspot\src\share\vm\prims\jvm.cpp:1244
Event: 36.455 Thread 0x0000000013777800 Threw 0x00000007da82d598 at C:\re\jdk7u67\1368\hotspot\src\share\vm\prims\jvm.cpp:1244
Event: 36.455 Thread 0x0000000013777800 Threw 0x00000007da8329e0 at C:\re\jdk7u67\1368\hotspot\src\share\vm\prims\jvm.cpp:1244
Event: 36.548 Thread 0x0000000013777800 Threw 0x00000007da8ee770 at C:\re\jdk7u67\1368\hotspot\src\share\vm\prims\jvm.cpp:1244
Event: 36.549 Thread 0x0000000013777800 Threw 0x00000007da8f0828 at C:\re\jdk7u67\1368\hotspot\src\share\vm\prims\jvm.cpp:1244
Event: 36.549 Thread 0x0000000013777800 Threw 0x00000007da8f4298 at C:\re\jdk7u67\1368\hotspot\src\share\vm\prims\jvm.cpp:1244
Event: 36.550 Thread 0x0000000013777800 Threw 0x00000007da8f7cc0 at C:\re\jdk7u67\1368\hotspot\src\share\vm\prims\jvm.cpp:1244
Event: 37.499 Thread 0x00000000136a1000 Threw 0x00000007da34e9c0 at C:\re\jdk7u67\1368\hotspot\src\share\vm\prims\jvm.cpp:1244
Event: 37.500 Thread 0x00000000136a1000 Threw 0x00000007da353748 at C:\re\jdk7u67\1368\hotspot\src\share\vm\prims\jvm.cpp:1244
Event: 42.662 Thread 0x000000000c4df800 Threw 0x00000007db03dde0 at C:\re\jdk7u67\1368\hotspot\src\share\vm\prims\jvm.cpp:1244

Events (10 events):
Event: 51.278 Executing VM operation: ChangeSingleStep
Event: 51.278 Executing VM operation: ChangeSingleStep done
Event: 51.279 Executing VM operation: ChangeSingleStep
Event: 51.279 Executing VM operation: ChangeSingleStep done
Event: 51.279 Executing VM operation: GetCurrentLocation
Event: 51.279 Executing VM operation: GetCurrentLocation done
Event: 51.279 Executing VM operation: ChangeSingleStep
Event: 51.279 Executing VM operation: ChangeSingleStep done
Event: 51.279 Executing VM operation: ChangeSingleStep
Event: 51.279 Executing VM operation: ChangeSingleStep done


Dynamic libraries:
0x000000013fc00000 - 0x000000013fc33000 	C:\Program Files\Java\jdk1.7.0_67\bin\java.exe
0x0000000077090000 - 0x0000000077239000 	C:\Windows\SYSTEM32\ntdll.dll
0x0000000076e70000 - 0x0000000076f8f000 	C:\Windows\system32\kernel32.dll
0x000007fefcfd0000 - 0x000007fefd03c000 	C:\Windows\system32\KERNELBASE.dll
0x000007feff070000 - 0x000007feff14b000 	C:\Windows\system32\ADVAPI32.dll
0x000007fefda00000 - 0x000007fefda9f000 	C:\Windows\system32\msvcrt.dll
0x000007fefd6f0000 - 0x000007fefd70f000 	C:\Windows\SYSTEM32\sechost.dll
0x000007feff200000 - 0x000007feff32d000 	C:\Windows\system32\RPCRT4.dll
0x0000000076f90000 - 0x000000007708a000 	C:\Windows\system32\USER32.dll
0x000007feff330000 - 0x000007feff397000 	C:\Windows\system32\GDI32.dll
0x000007fefd9f0000 - 0x000007fefd9fe000 	C:\Windows\system32\LPK.dll
0x000007fefefa0000 - 0x000007feff069000 	C:\Windows\system32\USP10.dll
0x000007fefb8b0000 - 0x000007fefbaa4000 	C:\Windows\WinSxS\amd64_microsoft.windows.common-controls_6595b64144ccf1df_6.0.7601.17514_none_fa396087175ac9ac\COMCTL32.dll
0x000007fefef20000 - 0x000007fefef91000 	C:\Windows\system32\SHLWAPI.dll
0x000007fefd9c0000 - 0x000007fefd9ee000 	C:\Windows\system32\IMM32.DLL
0x000007fefd5e0000 - 0x000007fefd6e9000 	C:\Windows\system32\MSCTF.dll
0x000000006a320000 - 0x000000006a3f2000 	C:\Program Files\Java\jdk1.7.0_67\jre\bin\msvcr100.dll
0x00000000624c0000 - 0x0000000062c92000 	C:\Program Files\Java\jdk1.7.0_67\jre\bin\server\jvm.dll
0x000007fefa310000 - 0x000007fefa319000 	C:\Windows\system32\WSOCK32.dll
0x000007feff1b0000 - 0x000007feff1fd000 	C:\Windows\system32\WS2_32.dll
0x000007fefdb80000 - 0x000007fefdb88000 	C:\Windows\system32\NSI.dll
0x000007fef9910000 - 0x000007fef994b000 	C:\Windows\system32\WINMM.dll
0x0000000077250000 - 0x0000000077257000 	C:\Windows\system32\PSAPI.DLL
0x0000000072f80000 - 0x0000000072f8f000 	C:\Program Files\Java\jdk1.7.0_67\jre\bin\verify.dll
0x0000000072e90000 - 0x0000000072eb8000 	C:\Program Files\Java\jdk1.7.0_67\jre\bin\java.dll
0x0000000064e50000 - 0x0000000064e85000 	C:\Program Files\Java\jdk1.7.0_67\jre\bin\jdwp.dll
0x0000000064e40000 - 0x0000000064e48000 	C:\Program Files\Java\jdk1.7.0_67\jre\bin\npt.dll
0x0000000072f20000 - 0x0000000072f35000 	C:\Program Files\Java\jdk1.7.0_67\jre\bin\zip.dll
0x0000000064e30000 - 0x0000000064e39000 	C:\Program Files\Java\jdk1.7.0_67\jre\bin\dt_socket.dll
0x000007fefc670000 - 0x000007fefc6c5000 	C:\Windows\system32\mswsock.dll
0x000007fefc030000 - 0x000007fefc037000 	C:\Windows\System32\wshtcpip.dll
0x0000000072c30000 - 0x0000000072dc5000 	C:\Program Files\Java\jdk1.7.0_67\jre\bin\awt.dll
0x000007fefdaa0000 - 0x000007fefdb77000 	C:\Windows\system32\OLEAUT32.dll
0x000007fefd790000 - 0x000007fefd993000 	C:\Windows\system32\ole32.dll
0x000007fefb550000 - 0x000007fefb568000 	C:\Windows\system32\DWMAPI.DLL
0x000007fefb3c0000 - 0x000007fefb416000 	C:\Windows\system32\uxtheme.dll
0x000007fefcd70000 - 0x000007fefcd7f000 	C:\Windows\system32\CRYPTBASE.dll
0x000007feee460000 - 0x000007feee65f000 	C:\Windows\system32\d3d9.dll
0x000007fefc340000 - 0x000007fefc34c000 	C:\Windows\system32\VERSION.dll
0x000007fefbad0000 - 0x000007fefbad7000 	C:\Windows\system32\d3d8thk.dll
0x000007fee7250000 - 0x000007fee8305000 	C:\Windows\system32\nvd3dumx.dll
0x000007fefb6a0000 - 0x000007fefb6cc000 	C:\Windows\system32\powrprof.dll
0x000007fefd400000 - 0x000007fefd5d7000 	C:\Windows\system32\SETUPAPI.dll
0x000007fefd230000 - 0x000007fefd266000 	C:\Windows\system32\CFGMGR32.dll
0x000007fefcef0000 - 0x000007fefcf0a000 	C:\Windows\system32\DEVOBJ.dll
0x000007feee740000 - 0x000007feee8aa000 	C:\Program Files (x86)\NVIDIA Corporation\3D Vision\nvSCPAPI64.dll
0x000007fefdf60000 - 0x000007fefece8000 	C:\Windows\system32\SHELL32.dll
0x000007fef93c0000 - 0x000007fef96f3000 	C:\Windows\system32\nvapi64.dll
0x000007fefd040000 - 0x000007fefd07a000 	C:\Windows\system32\WINTRUST.dll
0x000007fefd0b0000 - 0x000007fefd21c000 	C:\Windows\system32\CRYPT32.dll
0x000007fefced0000 - 0x000007fefcedf000 	C:\Windows\system32\MSASN1.dll
0x000007fef9790000 - 0x000007fef9830000 	C:\Windows\WinSxS\amd64_microsoft.windows.common-controls_6595b64144ccf1df_5.82.7601.18201_none_a4d3b9377117c3df\comctl32.dll
0x0000000072e20000 - 0x0000000072e67000 	C:\Program Files\Java\jdk1.7.0_67\jre\bin\fontmanager.dll
0x0000000072f00000 - 0x0000000072f19000 	C:\Program Files\Java\jdk1.7.0_67\jre\bin\net.dll
0x000007fefc660000 - 0x000007fefc667000 	C:\Windows\System32\wship6.dll
0x0000000072e70000 - 0x0000000072e81000 	C:\Program Files\Java\jdk1.7.0_67\jre\bin\nio.dll
0x0000000072be0000 - 0x0000000072c21000 	C:\Program Files\Java\jdk1.7.0_67\jre\bin\t2k.dll
0x000007fefdb90000 - 0x000007fefdc29000 	C:\Windows\system32\CLBCatQ.DLL
0x000007fefb420000 - 0x000007fefb54c000 	C:\Windows\system32\propsys.dll
0x000007fefb580000 - 0x000007fefb5ad000 	C:\Windows\system32\ntmarta.dll
0x000007feff150000 - 0x000007feff1a2000 	C:\Windows\system32\WLDAP32.dll
0x000007fefccd0000 - 0x000007fefcd27000 	C:\Windows\system32\apphelp.dll
0x000007fef5610000 - 0x000007fef57ac000 	C:\Windows\system32\NetworkExplorer.dll
0x000007fef5a10000 - 0x000007fef5a44000 	C:\Windows\System32\shdocvw.dll
0x000007fefcee0000 - 0x000007fefceef000 	C:\Windows\system32\profapi.dll
0x000007fefac80000 - 0x000007fefac8b000 	C:\Windows\system32\slc.dll
0x000007fefa320000 - 0x000007fefa338000 	C:\Windows\system32\MPR.dll
0x0000000072f40000 - 0x0000000072f52000 	C:\Windows\system32\snacnp.dll
0x000007fef8ff0000 - 0x000007fef90e7000 	C:\Windows\system32\ncnetprovider.dll
0x000007fefa340000 - 0x000007fefa35e000 	C:\Windows\system32\NCLangID.dll
0x000007fef9100000 - 0x000007fef912c000 	C:\Windows\system32\MAPBASE.dll
0x0000000050d20000 - 0x0000000050d67000 	C:\Windows\system32\CALWIN32.DLL
0x0000000006190000 - 0x00000000061b1000 	C:\Windows\system32\CLNWIN32.DLL
0x0000000050df0000 - 0x0000000050e22000 	C:\Windows\system32\LOCWIN32.DLL
0x00000000065f0000 - 0x0000000006635000 	C:\Windows\system32\NCPWIN32.dll
0x0000000050da0000 - 0x0000000050db3000 	C:\Windows\system32\CLXWIN32.DLL
0x000000000d1d0000 - 0x000000000d215000 	C:\Windows\system32\NETWIN32.DLL
0x000007fef8ee0000 - 0x000007fef8f25000 	C:\Windows\system32\NWSHLXNT.dll
0x000007fefa5a0000 - 0x000007fefa5b6000 	C:\Windows\system32\NETAPI32.dll
0x000007fefa580000 - 0x000007fefa58c000 	C:\Windows\system32\netutils.dll
0x000007fefc950000 - 0x000007fefc973000 	C:\Windows\system32\srvcli.dll
0x000007fefa560000 - 0x000007fefa575000 	C:\Windows\system32\wkscli.dll
0x000007fefa540000 - 0x000007fefa554000 	C:\Windows\system32\SAMCLI.DLL
0x000007fef8fd0000 - 0x000007fef8fe2000 	C:\Windows\system32\BROWCLI.DLL
0x000007fefc110000 - 0x000007fefc121000 	C:\Windows\system32\WTSAPI32.dll
0x0000000074a00000 - 0x0000000074a05000 	C:\Windows\system32\nls\FRANCAIS\NCLangIDR.DLL
0x0000000073ae0000 - 0x0000000073af7000 	C:\Windows\system32\nls\FRANCAIS\MAPBASER.DLL
0x0000000073ac0000 - 0x0000000073ada000 	C:\Windows\system32\nls\FRANCAIS\NWSHLXNTR.DLL
0x0000000073a40000 - 0x0000000073abc000 	C:\Windows\system32\nls\FRANCAIS\ncnetproviderR.DLL
0x000007fefcca0000 - 0x000007fefccc5000 	C:\Windows\system32\SspiCli.dll
0x000007fef59b0000 - 0x000007fef59ba000 	C:\Windows\System32\drprov.dll
0x000007fefcd30000 - 0x000007fefcd6d000 	C:\Windows\System32\WINSTA.dll
0x000007fef5590000 - 0x000007fef55b2000 	C:\Windows\System32\ntlanman.dll
0x000007fef5570000 - 0x000007fef558d000 	C:\Windows\System32\davclnt.dll
0x000007fef5560000 - 0x000007fef556a000 	C:\Windows\System32\DAVHLPR.dll
0x000007fef6420000 - 0x000007fef642f000 	C:\Windows\system32\cscapi.dll
0x000007fee9c40000 - 0x000007fee9eb1000 	C:\Windows\system32\wpdshext.dll
0x000007fefb1a0000 - 0x000007fefb3b6000 	C:\Windows\WinSxS\amd64_microsoft.windows.gdiplus_6595b64144ccf1df_1.1.7601.18455_none_2b283fd671e9bf4d\gdiplus.dll
0x000007fef4cf0000 - 0x000007fef4dad000 	C:\Windows\system32\PortableDeviceApi.dll
0x000007fef5cf0000 - 0x000007fef5d25000 	C:\Windows\system32\EhStorShell.dll
0x000007fef4c30000 - 0x000007fef4c57000 	C:\Windows\system32\EhStorAPI.dll
0x000007fef5a00000 - 0x000007fef5a0c000 	C:\Windows\system32\LINKINFO.dll
0x000007fefaa70000 - 0x000007fefabd1000 	C:\Windows\system32\WindowsCodecs.dll
0x0000000071980000 - 0x0000000071996000 	C:\Program Files\Common Files\TortoiseOverlays\TortoiseOverlays.dll
0x0000000071960000 - 0x0000000071977000 	C:\Program Files\TortoiseSVN\bin\TortoiseStub.dll
0x00000000718e0000 - 0x000000007195d000 	C:\Program Files\TortoiseSVN\bin\TortoiseSVN.dll
0x000007fefecf0000 - 0x000007fefef1c000 	C:\Windows\system32\WININET.dll
0x000007fefd280000 - 0x000007fefd284000 	C:\Windows\system32\api-ms-win-downlevel-user32-l1-1-0.dll
0x000007fefcfc0000 - 0x000007fefcfc5000 	C:\Windows\system32\api-ms-win-downlevel-advapi32-l1-1-0.dll
0x000007fefd080000 - 0x000007fefd084000 	C:\Windows\system32\api-ms-win-downlevel-shlwapi-l1-1-0.dll
0x000007fefd220000 - 0x000007fefd224000 	C:\Windows\system32\api-ms-win-downlevel-version-l1-1-0.dll
0x000007fefcfb0000 - 0x000007fefcfb3000 	C:\Windows\system32\api-ms-win-downlevel-normaliz-l1-1-0.dll
0x0000000077260000 - 0x0000000077263000 	C:\Windows\system32\normaliz.DLL
0x000007fefdc30000 - 0x000007fefdebe000 	C:\Windows\system32\iertutil.dll
0x000007fefd090000 - 0x000007fefd0ae000 	C:\Windows\system32\USERENV.dll
0x000007fef6580000 - 0x000007fef69f6000 	C:\Program Files\TortoiseSVN\bin\libsvn_tsvn.dll
0x00000000718b0000 - 0x00000000718de000 	C:\Program Files\TortoiseSVN\bin\libapr_tsvn.dll
0x000007fef6470000 - 0x000007fef6544000 	C:\Windows\system32\MSVCR110.dll
0x0000000071850000 - 0x0000000071895000 	C:\Program Files\TortoiseSVN\bin\libaprutil_tsvn.dll
0x000007fef6450000 - 0x000007fef6461000 	C:\Program Files\TortoiseSVN\bin\intl3_tsvn.dll
0x000007fef6430000 - 0x000007fef6449000 	C:\Program Files\TortoiseSVN\bin\libsasl.dll
0x000007fefcaf0000 - 0x000007fefcafb000 	C:\Windows\system32\Secur32.dll
0x000007fef6370000 - 0x000007fef6417000 	C:\Windows\system32\MSVCP110.dll
0x0000000071740000 - 0x000000007175b000 	C:\Program Files\TortoiseGit\bin\TortoiseGitStub.dll
0x00000000716b0000 - 0x000000007173e000 	C:\Program Files\TortoiseGit\bin\TortoiseGit.dll
0x000007fef6240000 - 0x000007fef630e000 	C:\Program Files\TortoiseGit\bin\libgit2_tgit.dll
0x000007fef6220000 - 0x000007fef6238000 	C:\Program Files\TortoiseGit\bin\zlib1_tgit.dll
0x000007fef6130000 - 0x000007fef621f000 	C:\Windows\system32\MSVCR120.dll

VM Arguments:
jvm_args: -Xdebug -Xrunjdwp:transport=dt_socket,server=n,address=50252 -Xmx2G 
java_command: fr.ird.voxelidar.Principal
Launcher Type: SUN_STANDARD

Environment Variables:
JAVA_HOME=C:\Program Files\Java\jdk1.7.0_67
CLASSPATH=C:\Program Files\OpenNI\Bin64\org.OpenNI.jar
PATH=C:\Program Files\Java\jdk1.7.0_67\bin;C:\Python27\Lib\site-packages\PyQt4;C:\Program Files (x86)\Common Files\Intergraph\Grid Analysis SDK\1.0\Program;C:\Windows\system32;C:\Windows;C:\Windows\System32\Wbem;C:\Windows\System32\WindowsPowerShell\v1.0\;C:\Windows\Program Files (x86)\Common Files\Roxio Shared\DLLShared\;C:\Program Files (x86)\Common Files\Roxio Shared\10.0\DLLShared\;C:\Windows\Program Files\Java\jdk1.7.0_67\bin;C:\Program Files\java\ssj\lib\;C:\Program Files\MATLAB\R2010a\bin;C:\Program Files\OpenNI\Bin64;C:\Program Files\PCL 1.6.0\bin;C:\Program Files\TortoiseSVN\bin;C:\Program Files\Microsoft SQL Server\110\Tools\Binn\;C:\MinGW3\bin;C:\Program Files\TortoiseGit\bin;c:\users\julien\appdata\local\enthought\canopy\user;c:\users\julien\appdata\local\enthought\canopy\user\scripts
USERNAME=Julien
OS=Windows_NT
PROCESSOR_IDENTIFIER=Intel64 Family 6 Model 44 Stepping 2, GenuineIntel



---------------  S Y S T E M  ---------------

OS: Windows 7 , 64 bit Build 7601 Service Pack 1

CPU:total 8 (4 cores per cpu, 2 threads per core) family 6 model 44 stepping 2, cmov, cx8, fxsr, mmx, sse, sse2, sse3, ssse3, sse4.1, sse4.2, popcnt, aes, ht, tsc, tscinvbit, tscinv

Memory: 4k page, physical 25148644k(18203132k free), swap 50295424k(42852352k free)

vm_info: Java HotSpot(TM) 64-Bit Server VM (24.65-b04) for windows-amd64 JRE (1.7.0_67-b01), built on Jul 25 2014 08:55:00 by "java_re" with unknown MS VC++:1600

time: Wed Dec 17 10:06:55 2014
elapsed time: 51 seconds

