#
# A fatal error has been detected by the Java Runtime Environment:
#
#  EXCEPTION_ACCESS_VIOLATION (0xc0000005) at pc=0x00000000610b0539, pid=2216, tid=6736
#
# JRE version: Java(TM) SE Runtime Environment (7.0_67-b01) (build 1.7.0_67-b01)
# Java VM: Java HotSpot(TM) 64-Bit Server VM (24.65-b04 mixed mode windows-amd64 compressed oops)
# Problematic frame:
# C  0x00000000610b0539
#
# Failed to write core dump. Minidumps are not enabled by default on client versions of Windows
#
# If you would like to submit a bug report, please visit:
#   http://bugreport.sun.com/bugreport/crash.jsp
# The crash happened outside the Java Virtual Machine in native code.
# See problematic frame for where to report the bug.
#

---------------  T H R E A D  ---------------

Current thread (0x000000000e7ee800):  JavaThread "AWT-EventQueue-0" [_thread_in_native, id=6736, stack(0x00000000126b0000,0x00000000127b0000)]

siginfo: ExceptionCode=0xc0000005, reading address 0x0000000000001100

Registers:
RAX=0x0000000000000000, RBX=0x000000077c01f298, RCX=0x0000000000000003, RDX=0x00000000127ad408
RSP=0x00000000127ad348, RBP=0x00000000127ad3d0, RSI=0x000000000000000f, RDI=0x0000000003eda01a
R8 =0x0000000000000003, R9 =0x00000000610b0530, R10=0x00000000026594dd, R11=0x0000000064072a70
R12=0x0000000000000000, R13=0x000000077c01f298, R14=0x00000000127ad408, R15=0x000000000e7ee800
RIP=0x00000000610b0539, EFLAGS=0x0000000000010206

Top of Stack: (sp=0x00000000127ad348)
0x00000000127ad348:   0000000002659509 000000000e7ee800
0x00000000127ad358:   000000000e7ea320 000000000c4f1f00
0x00000000127ad368:   000000000c4f1fa0 000000000c4f22e8
0x00000000127ad378:   00000000000003d8 00000000127ad390
0x00000000127ad388:   000000077bc6a138 00000000127ad390
0x00000000127ad398:   0000000000000000 00000000127ad408
0x00000000127ad3a8:   000000077c16ec20 0000000000000000
0x00000000127ad3b8:   000000077c01f298 0000000000000000
0x00000000127ad3c8:   00000000127ad3f0 00000000127ad450
0x00000000127ad3d8:   0000000002646198 0000000000000000
0x00000000127ad3e8:   0000000002653a58 00000000610b0530
0x00000000127ad3f8:   00000000127ad450 0000000000000003
0x00000000127ad408:   0000000783ff97b0 00000000127ad410
0x00000000127ad418:   000000077c01f1ca 00000000127ad478
0x00000000127ad428:   000000077c16ec20 0000000000000000
0x00000000127ad438:   000000077c01f1d8 00000000127ad3f0 

Instructions: (pc=0x00000000610b0539)
0x00000000610b0519:   af af af af af af af c3 cc cc cc cc cc cc cc cc
0x00000000610b0529:   cc cc cc cc cc cc cc 65 48 8b 04 25 20 16 00 00
0x00000000610b0539:   ff a0 00 11 00 00 cc cc cc cc cc cc cc cc cc cc
0x00000000610b0549:   cc cc cc cc cc cc cc cc cc cc cc cc cc cc cc cc 


Register to memory mapping:

RAX=0x0000000000000000 is an unknown value
RBX=0x000000077c01f298 is an oop
{method} 
 - klass: {other class}
RCX=0x0000000000000003 is an unknown value
RDX=0x00000000127ad408 is pointing into the stack for thread: 0x000000000e7ee800
RSP=0x00000000127ad348 is pointing into the stack for thread: 0x000000000e7ee800
RBP=0x00000000127ad3d0 is pointing into the stack for thread: 0x000000000e7ee800
RSI=0x000000000000000f is an unknown value
RDI=0x0000000003eda01a is an unknown value
R8 =0x0000000000000003 is an unknown value
R9 =0x00000000610b0530 is an unknown value
R10=0x00000000026594dd is at code_begin+1277 in an Interpreter codelet
method entry point (kind = native)  [0x0000000002658fe0, 0x0000000002659ea0]  3776 bytes
R11=0x0000000064072a70 is an unknown value
R12=0x0000000000000000 is an unknown value
R13=0x000000077c01f298 is an oop
{method} 
 - klass: {other class}
R14=0x00000000127ad408 is pointing into the stack for thread: 0x000000000e7ee800
R15=0x000000000e7ee800 is a thread


Stack: [0x00000000126b0000,0x00000000127b0000],  sp=0x00000000127ad348,  free space=1012k
Native frames: (J=compiled Java code, j=interpreted, Vv=VM code, C=native code)
C  0x00000000610b0539
j  jogamp.opengl.gl4.GL4bcImpl.glUseProgram(I)V+34
j  fr.ird.voxelidar.graphics3d.jogl.JoglListener$1.projMatrixChanged(Lfr/ird/voxelidar/math/matrix/Mat4F;)V+85
j  fr.ird.voxelidar.graphics3d.object.camera.TrackballCamera.fireProjectionMatrixChanged(Lfr/ird/voxelidar/math/matrix/Mat4F;)V+35
j  fr.ird.voxelidar.graphics3d.object.camera.TrackballCamera.updateProjMatrix()V+69
j  fr.ird.voxelidar.graphics3d.object.camera.TrackballCamera.setOrthographic(FFFFFF)V+39
j  fr.ird.voxelidar.frame.JFrameTools.jPanel21MouseClicked(Ljava/awt/event/MouseEvent;)V+141
j  fr.ird.voxelidar.frame.JFrameTools.access$1100(Lfr/ird/voxelidar/frame/JFrameTools;Ljava/awt/event/MouseEvent;)V+2
j  fr.ird.voxelidar.frame.JFrameTools$12.mouseClicked(Ljava/awt/event/MouseEvent;)V+5
j  java.awt.Component.processMouseEvent(Ljava/awt/event/MouseEvent;)V+74
j  javax.swing.JComponent.processMouseEvent(Ljava/awt/event/MouseEvent;)V+23
j  java.awt.Component.processEvent(Ljava/awt/AWTEvent;)V+81
j  java.awt.Container.processEvent(Ljava/awt/AWTEvent;)V+18
j  java.awt.Component.dispatchEventImpl(Ljava/awt/AWTEvent;)V+581
J 437 C2 java.awt.Container.dispatchEventImpl(Ljava/awt/AWTEvent;)V (129 bytes) @ 0x00000000027eabac [0x00000000027ea920+0x28c]
J 305 C2 java.awt.LightweightDispatcher.retargetMouseEvent(Ljava/awt/Component;ILjava/awt/event/MouseEvent;)V (350 bytes) @ 0x00000000027657d8 [0x0000000002765280+0x558]
j  java.awt.LightweightDispatcher.processMouseEvent(Ljava/awt/event/MouseEvent;)Z+157
J 437 C2 java.awt.Container.dispatchEventImpl(Ljava/awt/AWTEvent;)V (129 bytes) @ 0x00000000027eace4 [0x00000000027ea920+0x3c4]
j  java.awt.Window.dispatchEventImpl(Ljava/awt/AWTEvent;)V+19
j  java.awt.Component.dispatchEvent(Ljava/awt/AWTEvent;)V+2
j  java.awt.EventQueue.dispatchEventImpl(Ljava/awt/AWTEvent;Ljava/lang/Object;)V+41
j  java.awt.EventQueue.access$200(Ljava/awt/EventQueue;Ljava/awt/AWTEvent;Ljava/lang/Object;)V+3
j  java.awt.EventQueue$3.run()Ljava/lang/Void;+12
j  java.awt.EventQueue$3.run()Ljava/lang/Object;+1
v  ~StubRoutines::call_stub

Java frames: (J=compiled Java code, j=interpreted, Vv=VM code)
j  jogamp.opengl.gl4.GL4bcImpl.dispatch_glUseProgram1(IJ)V+0
j  jogamp.opengl.gl4.GL4bcImpl.glUseProgram(I)V+34
j  fr.ird.voxelidar.graphics3d.jogl.JoglListener$1.projMatrixChanged(Lfr/ird/voxelidar/math/matrix/Mat4F;)V+85
j  fr.ird.voxelidar.graphics3d.object.camera.TrackballCamera.fireProjectionMatrixChanged(Lfr/ird/voxelidar/math/matrix/Mat4F;)V+35
j  fr.ird.voxelidar.graphics3d.object.camera.TrackballCamera.updateProjMatrix()V+69
j  fr.ird.voxelidar.graphics3d.object.camera.TrackballCamera.setOrthographic(FFFFFF)V+39
j  fr.ird.voxelidar.frame.JFrameTools.jPanel21MouseClicked(Ljava/awt/event/MouseEvent;)V+141
j  fr.ird.voxelidar.frame.JFrameTools.access$1100(Lfr/ird/voxelidar/frame/JFrameTools;Ljava/awt/event/MouseEvent;)V+2
j  fr.ird.voxelidar.frame.JFrameTools$12.mouseClicked(Ljava/awt/event/MouseEvent;)V+5
j  java.awt.Component.processMouseEvent(Ljava/awt/event/MouseEvent;)V+74
j  javax.swing.JComponent.processMouseEvent(Ljava/awt/event/MouseEvent;)V+23
j  java.awt.Component.processEvent(Ljava/awt/AWTEvent;)V+81
j  java.awt.Container.processEvent(Ljava/awt/AWTEvent;)V+18
j  java.awt.Component.dispatchEventImpl(Ljava/awt/AWTEvent;)V+581
J 437 C2 java.awt.Container.dispatchEventImpl(Ljava/awt/AWTEvent;)V (129 bytes) @ 0x00000000027eabac [0x00000000027ea920+0x28c]
J 305 C2 java.awt.LightweightDispatcher.retargetMouseEvent(Ljava/awt/Component;ILjava/awt/event/MouseEvent;)V (350 bytes) @ 0x00000000027657d8 [0x0000000002765280+0x558]
j  java.awt.LightweightDispatcher.processMouseEvent(Ljava/awt/event/MouseEvent;)Z+157
J 437 C2 java.awt.Container.dispatchEventImpl(Ljava/awt/AWTEvent;)V (129 bytes) @ 0x00000000027eace4 [0x00000000027ea920+0x3c4]
j  java.awt.Window.dispatchEventImpl(Ljava/awt/AWTEvent;)V+19
j  java.awt.Component.dispatchEvent(Ljava/awt/AWTEvent;)V+2
j  java.awt.EventQueue.dispatchEventImpl(Ljava/awt/AWTEvent;Ljava/lang/Object;)V+41
j  java.awt.EventQueue.access$200(Ljava/awt/EventQueue;Ljava/awt/AWTEvent;Ljava/lang/Object;)V+3
j  java.awt.EventQueue$3.run()Ljava/lang/Void;+12
j  java.awt.EventQueue$3.run()Ljava/lang/Object;+1
v  ~StubRoutines::call_stub
J 493  java.security.AccessController.doPrivileged(Ljava/security/PrivilegedAction;Ljava/security/AccessControlContext;)Ljava/lang/Object; (0 bytes) @ 0x0000000002803ec6 [0x0000000002803e60+0x66]
j  java.security.ProtectionDomain$1.doIntersectionPrivilege(Ljava/security/PrivilegedAction;Ljava/security/AccessControlContext;Ljava/security/AccessControlContext;)Ljava/lang/Object;+28
j  java.security.ProtectionDomain$1.doIntersectionPrivilege(Ljava/security/PrivilegedAction;Ljava/security/AccessControlContext;)Ljava/lang/Object;+6
j  java.awt.EventQueue$4.run()Ljava/lang/Void;+11
j  java.awt.EventQueue$4.run()Ljava/lang/Object;+1
v  ~StubRoutines::call_stub
J 493  java.security.AccessController.doPrivileged(Ljava/security/PrivilegedAction;Ljava/security/AccessControlContext;)Ljava/lang/Object; (0 bytes) @ 0x0000000002803ec6 [0x0000000002803e60+0x66]
J 356 C2 java.awt.EventDispatchThread.pumpOneEventForFilters(I)V (295 bytes) @ 0x00000000027884ec [0x0000000002787600+0xeec]
j  java.awt.EventDispatchThread.pumpEventsForFilter(ILjava/awt/Conditional;Ljava/awt/EventFilter;)V+35
j  java.awt.EventDispatchThread.pumpEventsForHierarchy(ILjava/awt/Conditional;Ljava/awt/Component;)V+11
j  java.awt.EventDispatchThread.pumpEvents(ILjava/awt/Conditional;)V+4
j  java.awt.EventDispatchThread.pumpEvents(Ljava/awt/Conditional;)V+3
j  java.awt.EventDispatchThread.run()V+9
v  ~StubRoutines::call_stub

---------------  P R O C E S S  ---------------

Java Threads: ( => current thread )
  0x0000000013a32000 JavaThread "SwingWorker-pool-2-thread-1" daemon [_thread_blocked, id=5356, stack(0x0000000019120000,0x0000000019220000)]
  0x0000000013a31000 JavaThread "AWT-EventQueue-0-FPSAWTAnimator-Timer0" [_thread_blocked, id=3960, stack(0x0000000018ec0000,0x0000000018fc0000)]
  0x0000000013a30000 JavaThread "AWT-EventQueue-0-Display-.windows_nil-1-EDT-1" daemon [_thread_blocked, id=2724, stack(0x0000000017510000,0x0000000017610000)]
  0x0000000013ded000 JavaThread "AWT-EventQueue-0-SharedResourceRunner" daemon [_thread_blocked, id=2572, stack(0x00000000179d0000,0x0000000017ad0000)]
  0x0000000013b7e000 JavaThread "D3D Screen Updater" daemon [_thread_blocked, id=5832, stack(0x0000000015450000,0x0000000015550000)]
  0x00000000021aa000 JavaThread "DestroyJavaVM" [_thread_blocked, id=6088, stack(0x0000000002540000,0x0000000002640000)]
  0x000000000ebcc000 JavaThread "TimerQueue" daemon [_thread_blocked, id=7132, stack(0x0000000014da0000,0x0000000014ea0000)]
  0x000000000e830800 JavaThread "org.netbeans.modules.debugger.jpda.visual AWT Access Loop" daemon [_thread_blocked, id=4976, stack(0x0000000012d90000,0x0000000012e90000)]
  0x000000000e7fa000 JavaThread "Swing-Shell" daemon [_thread_blocked, id=3344, stack(0x00000000127c0000,0x00000000128c0000)]
=>0x000000000e7ee800 JavaThread "AWT-EventQueue-0" [_thread_in_native, id=6736, stack(0x00000000126b0000,0x00000000127b0000)]
  0x000000000e7cb800 JavaThread "AWT-Windows" daemon [_thread_in_native, id=1588, stack(0x000000000f2a0000,0x000000000f3a0000)]
  0x000000000e7ca800 JavaThread "AWT-Shutdown" [_thread_blocked, id=6212, stack(0x000000000ef60000,0x000000000f060000)]
  0x000000000e7c9800 JavaThread "Java2D Disposer" daemon [_thread_blocked, id=6948, stack(0x000000000f100000,0x000000000f200000)]
  0x000000000c442800 JavaThread "Service Thread" daemon [_thread_blocked, id=5588, stack(0x000000000e620000,0x000000000e720000)]
  0x000000000c442000 JavaThread "C2 CompilerThread1" daemon [_thread_blocked, id=6392, stack(0x000000000e4a0000,0x000000000e5a0000)]
  0x000000000c435800 JavaThread "C2 CompilerThread0" daemon [_thread_blocked, id=2880, stack(0x000000000de60000,0x000000000df60000)]
  0x000000000c425800 JavaThread "JDWP Command Reader" daemon [_thread_in_native, id=3280, stack(0x000000000e2e0000,0x000000000e3e0000)]
  0x000000000c424800 JavaThread "JDWP Event Helper Thread" daemon [_thread_blocked, id=2044, stack(0x000000000e180000,0x000000000e280000)]
  0x000000000c41e000 JavaThread "JDWP Transport Listener: dt_socket" daemon [_thread_blocked, id=5256, stack(0x000000000d910000,0x000000000da10000)]
  0x000000000b37a000 JavaThread "Attach Listener" daemon [_thread_blocked, id=3328, stack(0x000000000da60000,0x000000000db60000)]
  0x000000000b379800 JavaThread "Signal Dispatcher" daemon [_thread_blocked, id=1620, stack(0x000000000d7d0000,0x000000000d8d0000)]
  0x000000000b364800 JavaThread "Finalizer" daemon [_thread_blocked, id=4328, stack(0x000000000d680000,0x000000000d780000)]
  0x000000000223e800 JavaThread "Reference Handler" daemon [_thread_blocked, id=2544, stack(0x000000000d390000,0x000000000d490000)]

Other Threads:
  0x000000000c3d3800 VMThread [stack: 0x000000000d4b0000,0x000000000d5b0000] [id=5472]
  0x000000000c455800 WatcherThread [stack: 0x000000000e050000,0x000000000e150000] [id=5220]

VM state:not at safepoint (normal execution)

VM Mutex/Monitor currently owned by a thread: None

Heap
 PSYoungGen      total 429056K, used 177801K [0x00000007d5500000, 0x00000007f8800000, 0x0000000800000000)
  eden space 349184K, 28% used [0x00000007d5500000,0x00000007db4a8030,0x00000007eaa00000)
  from space 79872K, 99% used [0x00000007f0e00000,0x00000007f5bfa428,0x00000007f5c00000)
  to   space 102400K, 0% used [0x00000007eaa00000,0x00000007eaa00000,0x00000007f0e00000)
 ParOldGen       total 261632K, used 80149K [0x0000000780000000, 0x000000078ff80000, 0x00000007d5500000)
  object space 261632K, 30% used [0x0000000780000000,0x0000000784e45418,0x000000078ff80000)
 PSPermGen       total 22528K, used 22396K [0x000000077ae00000, 0x000000077c400000, 0x0000000780000000)
  object space 22528K, 99% used [0x000000077ae00000,0x000000077c3df3d0,0x000000077c400000)

Card table byte_map: [0x0000000005640000,0x0000000005a70000] byte_map_base: 0x0000000001a69000

Polling page: 0x0000000000140000

Code Cache  [0x0000000002640000, 0x00000000028b0000, 0x0000000005640000)
 total_blobs=1332 nmethods=522 adapters=771 free_code_cache=47121Kb largest_free_block=48178816

Compilation events (10 events):
Event: 36.889 Thread 0x000000000c442000 nmethod 557 0x0000000002823e50 code [0x0000000002823f80, 0x0000000002823fd8]
Event: 36.894 Thread 0x000000000c435800 nmethod 555 0x00000000027e2510 code [0x00000000027e2680, 0x00000000027e30f8]
Event: 37.037 Thread 0x000000000c442000  558             sun.java2d.SunGraphics2D::setFont (105 bytes)
Event: 37.039 Thread 0x000000000c442000 nmethod 558 0x0000000002823a50 code [0x0000000002823ba0, 0x0000000002823d48]
Event: 37.169 Thread 0x000000000c435800  559   !         javax.swing.RepaintManager::addDirtyRegion0 (205 bytes)
Event: 37.224 Thread 0x000000000c435800 nmethod 559 0x0000000002848ed0 code [0x00000000028491c0, 0x000000000284ba48]
Event: 37.346 Thread 0x000000000c442000  560             java.awt.event.InputEvent::isConsumed (5 bytes)
Event: 37.346 Thread 0x000000000c442000 nmethod 560 0x00000000027e2310 code [0x00000000027e2440, 0x00000000027e2498]
Event: 54.723 Thread 0x000000000c435800  563             javax.swing.Timer::getLock (5 bytes)
Event: 54.724 Thread 0x000000000c435800 nmethod 563 0x0000000002823490 code [0x00000000028235c0, 0x0000000002823638]

GC Heap History (10 events):
Event: 14.640 GC heap before
{Heap before GC invocations=4 (full 0):
 PSYoungGen      total 114688K, used 108053K [0x00000007d5500000, 0x00000007dd500000, 0x0000000800000000)
  eden space 98304K, 100% used [0x00000007d5500000,0x00000007db500000,0x00000007db500000)
  from space 16384K, 59% used [0x00000007db500000,0x00000007dbe85468,0x00000007dc500000)
  to   space 16384K, 0% used [0x00000007dc500000,0x00000007dc500000,0x00000007dd500000)
 ParOldGen       total 261632K, used 16K [0x0000000780000000, 0x000000078ff80000, 0x00000007d5500000)
  object space 261632K, 0% used [0x0000000780000000,0x0000000780004000,0x000000078ff80000)
 PSPermGen       total 22528K, used 22086K [0x000000077ae00000, 0x000000077c400000, 0x0000000780000000)
  object space 22528K, 98% used [0x000000077ae00000,0x000000077c391bf8,0x000000077c400000)
Event: 14.655 GC heap after
Heap after GC invocations=4 (full 0):
 PSYoungGen      total 114688K, used 16357K [0x00000007d5500000, 0x00000007dd500000, 0x0000000800000000)
  eden space 98304K, 0% used [0x00000007d5500000,0x00000007d5500000,0x00000007db500000)
  from space 16384K, 99% used [0x00000007dc500000,0x00000007dd4f96b0,0x00000007dd500000)
  to   space 16384K, 0% used [0x00000007db500000,0x00000007db500000,0x00000007dc500000)
 ParOldGen       total 261632K, used 1440K [0x0000000780000000, 0x000000078ff80000, 0x00000007d5500000)
  object space 261632K, 0% used [0x0000000780000000,0x0000000780168228,0x000000078ff80000)
 PSPermGen       total 22528K, used 22086K [0x000000077ae00000, 0x000000077c400000, 0x0000000780000000)
  object space 22528K, 98% used [0x000000077ae00000,0x000000077c391bf8,0x000000077c400000)
}
Event: 14.762 GC heap before
{Heap before GC invocations=5 (full 0):
 PSYoungGen      total 114688K, used 114661K [0x00000007d5500000, 0x00000007dd500000, 0x0000000800000000)
  eden space 98304K, 100% used [0x00000007d5500000,0x00000007db500000,0x00000007db500000)
  from space 16384K, 99% used [0x00000007dc500000,0x00000007dd4f96b0,0x00000007dd500000)
  to   space 16384K, 0% used [0x00000007db500000,0x00000007db500000,0x00000007dc500000)
 ParOldGen       total 261632K, used 1440K [0x0000000780000000, 0x000000078ff80000, 0x00000007d5500000)
  object space 261632K, 0% used [0x0000000780000000,0x0000000780168228,0x000000078ff80000)
 PSPermGen       total 22528K, used 22090K [0x000000077ae00000, 0x000000077c400000, 0x0000000780000000)
  object space 22528K, 98% used [0x000000077ae00000,0x000000077c392930,0x000000077c400000)
Event: 14.808 GC heap after
Heap after GC invocations=5 (full 0):
 PSYoungGen      total 114688K, used 16364K [0x00000007d5500000, 0x00000007e6200000, 0x0000000800000000)
  eden space 98304K, 0% used [0x00000007d5500000,0x00000007d5500000,0x00000007db500000)
  from space 16384K, 99% used [0x00000007db500000,0x00000007dc4fb0f8,0x00000007dc500000)
  to   space 39424K, 0% used [0x00000007e3b80000,0x00000007e3b80000,0x00000007e6200000)
 ParOldGen       total 261632K, used 26600K [0x0000000780000000, 0x000000078ff80000, 0x00000007d5500000)
  object space 261632K, 10% used [0x0000000780000000,0x00000007819fa228,0x000000078ff80000)
 PSPermGen       total 22528K, used 22090K [0x000000077ae00000, 0x000000077c400000, 0x0000000780000000)
  object space 22528K, 98% used [0x000000077ae00000,0x000000077c392930,0x000000077c400000)
}
Event: 14.915 GC heap before
{Heap before GC invocations=6 (full 0):
 PSYoungGen      total 114688K, used 114668K [0x00000007d5500000, 0x00000007e6200000, 0x0000000800000000)
  eden space 98304K, 100% used [0x00000007d5500000,0x00000007db500000,0x00000007db500000)
  from space 16384K, 99% used [0x00000007db500000,0x00000007dc4fb0f8,0x00000007dc500000)
  to   space 39424K, 0% used [0x00000007e3b80000,0x00000007e3b80000,0x00000007e6200000)
 ParOldGen       total 261632K, used 26600K [0x0000000780000000, 0x000000078ff80000, 0x00000007d5500000)
  object space 261632K, 10% used [0x0000000780000000,0x00000007819fa228,0x000000078ff80000)
 PSPermGen       total 22528K, used 22100K [0x000000077ae00000, 0x000000077c400000, 0x0000000780000000)
  object space 22528K, 98% used [0x000000077ae00000,0x000000077c395050,0x000000077c400000)
Event: 14.948 GC heap after
Heap after GC invocations=6 (full 0):
 PSYoungGen      total 225280K, used 39420K [0x00000007d5500000, 0x00000007e7700000, 0x0000000800000000)
  eden space 185856K, 0% used [0x00000007d5500000,0x00000007d5500000,0x00000007e0a80000)
  from space 39424K, 99% used [0x00000007e3b80000,0x00000007e61ff0e0,0x00000007e6200000)
  to   space 50176K, 0% used [0x00000007e0a80000,0x00000007e0a80000,0x00000007e3b80000)
 ParOldGen       total 261632K, used 28744K [0x0000000780000000, 0x000000078ff80000, 0x00000007d5500000)
  object space 261632K, 10% used [0x0000000780000000,0x0000000781c12228,0x000000078ff80000)
 PSPermGen       total 22528K, used 22100K [0x000000077ae00000, 0x000000077c400000, 0x0000000780000000)
  object space 22528K, 98% used [0x000000077ae00000,0x000000077c395050,0x000000077c400000)
}
Event: 15.183 GC heap before
{Heap before GC invocations=7 (full 0):
 PSYoungGen      total 225280K, used 225276K [0x00000007d5500000, 0x00000007e7700000, 0x0000000800000000)
  eden space 185856K, 100% used [0x00000007d5500000,0x00000007e0a80000,0x00000007e0a80000)
  from space 39424K, 99% used [0x00000007e3b80000,0x00000007e61ff0e0,0x00000007e6200000)
  to   space 50176K, 0% used [0x00000007e0a80000,0x00000007e0a80000,0x00000007e3b80000)
 ParOldGen       total 261632K, used 28744K [0x0000000780000000, 0x000000078ff80000, 0x00000007d5500000)
  object space 261632K, 10% used [0x0000000780000000,0x0000000781c12228,0x000000078ff80000)
 PSPermGen       total 22528K, used 22103K [0x000000077ae00000, 0x000000077c400000, 0x0000000780000000)
  object space 22528K, 98% used [0x000000077ae00000,0x000000077c395ef0,0x000000077c400000)
Event: 15.275 GC heap after
Heap after GC invocations=7 (full 0):
 PSYoungGen      total 236032K, used 50153K [0x00000007d5500000, 0x00000007f5c00000, 0x0000000800000000)
  eden space 185856K, 0% used [0x00000007d5500000,0x00000007d5500000,0x00000007e0a80000)
  from space 50176K, 99% used [0x00000007e0a80000,0x00000007e3b7a710,0x00000007e3b80000)
  to   space 79872K, 0% used [0x00000007f0e00000,0x00000007f0e00000,0x00000007f5c00000)
 ParOldGen       total 261632K, used 65499K [0x0000000780000000, 0x000000078ff80000, 0x00000007d5500000)
  object space 261632K, 25% used [0x0000000780000000,0x0000000783ff6fe0,0x000000078ff80000)
 PSPermGen       total 22528K, used 22103K [0x000000077ae00000, 0x000000077c400000, 0x0000000780000000)
  object space 22528K, 98% used [0x000000077ae00000,0x000000077c395ef0,0x000000077c400000)
}
Event: 15.586 GC heap before
{Heap before GC invocations=8 (full 0):
 PSYoungGen      total 236032K, used 236009K [0x00000007d5500000, 0x00000007f5c00000, 0x0000000800000000)
  eden space 185856K, 100% used [0x00000007d5500000,0x00000007e0a80000,0x00000007e0a80000)
  from space 50176K, 99% used [0x00000007e0a80000,0x00000007e3b7a710,0x00000007e3b80000)
  to   space 79872K, 0% used [0x00000007f0e00000,0x00000007f0e00000,0x00000007f5c00000)
 ParOldGen       total 261632K, used 65499K [0x0000000780000000, 0x000000078ff80000, 0x00000007d5500000)
  object space 261632K, 25% used [0x0000000780000000,0x0000000783ff6fe0,0x000000078ff80000)
 PSPermGen       total 22528K, used 22121K [0x000000077ae00000, 0x000000077c400000, 0x0000000780000000)
  object space 22528K, 98% used [0x000000077ae00000,0x000000077c39a518,0x000000077c400000)
Event: 15.662 GC heap after
Heap after GC invocations=8 (full 0):
 PSYoungGen      total 429056K, used 79849K [0x00000007d5500000, 0x00000007f8800000, 0x0000000800000000)
  eden space 349184K, 0% used [0x00000007d5500000,0x00000007d5500000,0x00000007eaa00000)
  from space 79872K, 99% used [0x00000007f0e00000,0x00000007f5bfa428,0x00000007f5c00000)
  to   space 102400K, 0% used [0x00000007eaa00000,0x00000007eaa00000,0x00000007f0e00000)
 ParOldGen       total 261632K, used 80149K [0x0000000780000000, 0x000000078ff80000, 0x00000007d5500000)
  object space 261632K, 30% used [0x0000000780000000,0x0000000784e45418,0x000000078ff80000)
 PSPermGen       total 22528K, used 22121K [0x000000077ae00000, 0x000000077c400000, 0x0000000780000000)
  object space 22528K, 98% used [0x000000077ae00000,0x000000077c39a518,0x000000077c400000)
}

Deoptimization events (10 events):
Event: 17.993 Thread 0x0000000013a30000 Uncommon trap: reason=unreached action=reinterpret pc=0x00000000026de738 method=java.lang.String.valueOf(Ljava/lang/Object;)Ljava/lang/String; @ 1
Event: 30.282 Thread 0x0000000013a31000 Uncommon trap: reason=class_check action=maybe_recompile pc=0x00000000027f2de0 method=javax.swing.event.EventListenerList.getListeners(Ljava/lang/Class;)[Ljava/util/EventListener; @ 17
Event: 30.283 Thread 0x0000000013a31000 Uncommon trap: reason=class_check action=maybe_recompile pc=0x00000000027f2de0 method=javax.swing.event.EventListenerList.getListeners(Ljava/lang/Class;)[Ljava/util/EventListener; @ 17
Event: 30.284 Thread 0x0000000013a31000 Uncommon trap: reason=class_check action=maybe_recompile pc=0x00000000027f2de0 method=javax.swing.event.EventListenerList.getListeners(Ljava/lang/Class;)[Ljava/util/EventListener; @ 17
Event: 36.254 Thread 0x0000000013a31000 Uncommon trap: reason=class_check action=maybe_recompile pc=0x00000000027f2de0 method=javax.swing.event.EventListenerList.getListeners(Ljava/lang/Class;)[Ljava/util/EventListener; @ 17
Event: 36.803 Thread 0x0000000013a31000 Uncommon trap: reason=predicate action=maybe_recompile pc=0x00000000027e5034 method=javax.swing.event.EventListenerList.getListeners(Ljava/lang/Class;)[Ljava/util/EventListener; @ 39
Event: 36.872 Thread 0x0000000013a31000 Uncommon trap: reason=array_check action=maybe_recompile pc=0x00000000027e407c method=javax.swing.event.EventListenerList.getListeners(Ljava/lang/Class;)[Ljava/util/EventListener; @ 63
Event: 36.873 Thread 0x0000000013a31000 Uncommon trap: reason=array_check action=maybe_recompile pc=0x00000000027e407c method=javax.swing.event.EventListenerList.getListeners(Ljava/lang/Class;)[Ljava/util/EventListener; @ 63
Event: 36.873 Thread 0x0000000013a31000 Uncommon trap: reason=array_check action=maybe_recompile pc=0x00000000027e407c method=javax.swing.event.EventListenerList.getListeners(Ljava/lang/Class;)[Ljava/util/EventListener; @ 63
Event: 36.874 Thread 0x0000000013a31000 Uncommon trap: reason=array_check action=maybe_recompile pc=0x00000000027e407c method=javax.swing.event.EventListenerList.getListeners(Ljava/lang/Class;)[Ljava/util/EventListener; @ 63

Internal exceptions (10 events):
Event: 30.091 Thread 0x0000000013a31000 Threw 0x00000007daca65d0 at C:\re\jdk7u67\1368\hotspot\src\share\vm\prims\jvm.cpp:1244
Event: 30.092 Thread 0x0000000013a31000 Threw 0x00000007dacad248 at C:\re\jdk7u67\1368\hotspot\src\share\vm\prims\jvm.cpp:1244
Event: 30.094 Thread 0x0000000013a31000 Threw 0x00000007dacb3290 at C:\re\jdk7u67\1368\hotspot\src\share\vm\prims\jvm.cpp:1244
Event: 30.094 Thread 0x0000000013a31000 Threw 0x00000007dacb8240 at C:\re\jdk7u67\1368\hotspot\src\share\vm\prims\jvm.cpp:1244
Event: 30.095 Thread 0x0000000013a31000 Threw 0x00000007dacbd688 at C:\re\jdk7u67\1368\hotspot\src\share\vm\prims\jvm.cpp:1244
Event: 30.194 Thread 0x0000000013a31000 Threw 0x00000007dad79418 at C:\re\jdk7u67\1368\hotspot\src\share\vm\prims\jvm.cpp:1244
Event: 30.195 Thread 0x0000000013a31000 Threw 0x00000007dad7b4d0 at C:\re\jdk7u67\1368\hotspot\src\share\vm\prims\jvm.cpp:1244
Event: 30.196 Thread 0x0000000013a31000 Threw 0x00000007dad7ef40 at C:\re\jdk7u67\1368\hotspot\src\share\vm\prims\jvm.cpp:1244
Event: 30.196 Thread 0x0000000013a31000 Threw 0x00000007dad82968 at C:\re\jdk7u67\1368\hotspot\src\share\vm\prims\jvm.cpp:1244
Event: 38.023 Thread 0x000000000e7ee800 Threw 0x00000007db401140 at C:\re\jdk7u67\1368\hotspot\src\share\vm\prims\jvm.cpp:1244

Events (10 events):
Event: 57.679 Executing VM operation: GetOrSetLocal
Event: 57.679 Executing VM operation: GetOrSetLocal done
Event: 57.687 Executing VM operation: GetOrSetLocal
Event: 57.687 Executing VM operation: GetOrSetLocal done
Event: 62.906 Executing VM operation: GetOrSetLocal
Event: 62.906 Executing VM operation: GetOrSetLocal done
Event: 62.914 Executing VM operation: GetOrSetLocal
Event: 62.914 Executing VM operation: GetOrSetLocal done
Event: 64.450 Executing VM operation: GetOrSetLocal
Event: 64.450 Executing VM operation: GetOrSetLocal done


Dynamic libraries:
0x000000013f240000 - 0x000000013f273000 	C:\Program Files\Java\jdk1.7.0_67\bin\java.exe
0x0000000076cb0000 - 0x0000000076e59000 	C:\Windows\SYSTEM32\ntdll.dll
0x0000000076b90000 - 0x0000000076caf000 	C:\Windows\system32\kernel32.dll
0x000007fefcba0000 - 0x000007fefcc0c000 	C:\Windows\system32\KERNELBASE.dll
0x000007fefea70000 - 0x000007fefeb4b000 	C:\Windows\system32\ADVAPI32.dll
0x000007fefd0c0000 - 0x000007fefd15f000 	C:\Windows\system32\msvcrt.dll
0x000007fefec10000 - 0x000007fefec2f000 	C:\Windows\SYSTEM32\sechost.dll
0x000007fefd160000 - 0x000007fefd28d000 	C:\Windows\system32\RPCRT4.dll
0x0000000076a90000 - 0x0000000076b8a000 	C:\Windows\system32\USER32.dll
0x000007fefd290000 - 0x000007fefd2f7000 	C:\Windows\system32\GDI32.dll
0x000007fefd660000 - 0x000007fefd66e000 	C:\Windows\system32\LPK.dll
0x000007fefd300000 - 0x000007fefd3c9000 	C:\Windows\system32\USP10.dll
0x000007fefb1f0000 - 0x000007fefb3e4000 	C:\Windows\WinSxS\amd64_microsoft.windows.common-controls_6595b64144ccf1df_6.0.7601.17514_none_fa396087175ac9ac\COMCTL32.dll
0x000007fefe9f0000 - 0x000007fefea61000 	C:\Windows\system32\SHLWAPI.dll
0x000007fefebc0000 - 0x000007fefebee000 	C:\Windows\system32\IMM32.DLL
0x000007fefe630000 - 0x000007fefe739000 	C:\Windows\system32\MSCTF.dll
0x0000000065db0000 - 0x0000000065e82000 	C:\Program Files\Java\jdk1.7.0_67\jre\bin\msvcr100.dll
0x0000000063e90000 - 0x0000000064662000 	C:\Program Files\Java\jdk1.7.0_67\jre\bin\server\jvm.dll
0x000007fef9f20000 - 0x000007fef9f29000 	C:\Windows\system32\WSOCK32.dll
0x000007fefeef0000 - 0x000007fefef3d000 	C:\Windows\system32\WS2_32.dll
0x000007fefebb0000 - 0x000007fefebb8000 	C:\Windows\system32\NSI.dll
0x000007fef9510000 - 0x000007fef954b000 	C:\Windows\system32\WINMM.dll
0x0000000076e70000 - 0x0000000076e77000 	C:\Windows\system32\PSAPI.DLL
0x0000000068f20000 - 0x0000000068f2f000 	C:\Program Files\Java\jdk1.7.0_67\jre\bin\verify.dll
0x0000000065d40000 - 0x0000000065d68000 	C:\Program Files\Java\jdk1.7.0_67\jre\bin\java.dll
0x0000000063e10000 - 0x0000000063e45000 	C:\Program Files\Java\jdk1.7.0_67\jre\bin\jdwp.dll
0x00000000735f0000 - 0x00000000735f8000 	C:\Program Files\Java\jdk1.7.0_67\jre\bin\npt.dll
0x0000000065b80000 - 0x0000000065b95000 	C:\Program Files\Java\jdk1.7.0_67\jre\bin\zip.dll
0x0000000073600000 - 0x0000000073609000 	C:\Program Files\Java\jdk1.7.0_67\jre\bin\dt_socket.dll
0x000007fefc1e0000 - 0x000007fefc235000 	C:\Windows\system32\mswsock.dll
0x000007fefbc50000 - 0x000007fefbc57000 	C:\Windows\System32\wshtcpip.dll
0x0000000065430000 - 0x00000000655c5000 	C:\Program Files\Java\jdk1.7.0_67\jre\bin\awt.dll
0x000007fefee10000 - 0x000007fefeee7000 	C:\Windows\system32\OLEAUT32.dll
0x000007fefe740000 - 0x000007fefe943000 	C:\Windows\system32\ole32.dll
0x000007fefa810000 - 0x000007fefa828000 	C:\Windows\system32\DWMAPI.DLL
0x000007fefaf90000 - 0x000007fefafe6000 	C:\Windows\system32\uxtheme.dll
0x000007fefc950000 - 0x000007fefc95f000 	C:\Windows\system32\CRYPTBASE.dll
0x000007fee9770000 - 0x000007fee996f000 	C:\Windows\system32\d3d9.dll
0x000007fefbf60000 - 0x000007fefbf6c000 	C:\Windows\system32\VERSION.dll
0x000007fef9db0000 - 0x000007fef9db7000 	C:\Windows\system32\d3d8thk.dll
0x000007fee5020000 - 0x000007fee60d5000 	C:\Windows\system32\nvd3dumx.dll
0x000007fefb5f0000 - 0x000007fefb61c000 	C:\Windows\system32\powrprof.dll
0x000007fefec30000 - 0x000007fefee07000 	C:\Windows\system32\SETUPAPI.dll
0x000007fefcce0000 - 0x000007fefcd16000 	C:\Windows\system32\CFGMGR32.dll
0x000007fefccc0000 - 0x000007fefccda000 	C:\Windows\system32\DEVOBJ.dll
0x000007feee850000 - 0x000007feee9ba000 	C:\Program Files (x86)\NVIDIA Corporation\3D Vision\nvSCPAPI64.dll
0x000007fefd670000 - 0x000007fefe3f8000 	C:\Windows\system32\SHELL32.dll
0x000007fef8fe0000 - 0x000007fef9313000 	C:\Windows\system32\nvapi64.dll
0x000007fefcb60000 - 0x000007fefcb9a000 	C:\Windows\system32\WINTRUST.dll
0x000007fefcd40000 - 0x000007fefceac000 	C:\Windows\system32\CRYPT32.dll
0x000007fefcaf0000 - 0x000007fefcaff000 	C:\Windows\system32\MSASN1.dll
0x000007fef93a0000 - 0x000007fef9440000 	C:\Windows\WinSxS\amd64_microsoft.windows.common-controls_6595b64144ccf1df_5.82.7601.18201_none_a4d3b9377117c3df\comctl32.dll
0x00000000653e0000 - 0x0000000065427000 	C:\Program Files\Java\jdk1.7.0_67\jre\bin\fontmanager.dll
0x0000000065630000 - 0x0000000065649000 	C:\Program Files\Java\jdk1.7.0_67\jre\bin\net.dll
0x000007fefc2e0000 - 0x000007fefc2e7000 	C:\Windows\System32\wship6.dll
0x00000000655d0000 - 0x00000000655e1000 	C:\Program Files\Java\jdk1.7.0_67\jre\bin\nio.dll
0x0000000065390000 - 0x00000000653d1000 	C:\Program Files\Java\jdk1.7.0_67\jre\bin\t2k.dll
0x000007fefe950000 - 0x000007fefe9e9000 	C:\Windows\system32\CLBCatQ.DLL
0x000007fefb470000 - 0x000007fefb59c000 	C:\Windows\system32\propsys.dll
0x000007fefb3f0000 - 0x000007fefb41d000 	C:\Windows\system32\ntmarta.dll
0x000007fefeb50000 - 0x000007fefeba2000 	C:\Windows\system32\WLDAP32.dll
0x000007fefc8f0000 - 0x000007fefc947000 	C:\Windows\system32\apphelp.dll
0x000007fef51d0000 - 0x000007fef536c000 	C:\Windows\system32\NetworkExplorer.dll
0x000007fef5630000 - 0x000007fef5664000 	C:\Windows\System32\shdocvw.dll
0x000007fefcb00000 - 0x000007fefcb0f000 	C:\Windows\system32\profapi.dll
0x000007fefb020000 - 0x000007fefb02b000 	C:\Windows\system32\slc.dll
0x000007fef9f30000 - 0x000007fef9f48000 	C:\Windows\system32\MPR.dll
0x00000000711c0000 - 0x00000000711d2000 	C:\Windows\system32\snacnp.dll
0x000007fef8ee0000 - 0x000007fef8fd7000 	C:\Windows\system32\ncnetprovider.dll
0x000007fef9f50000 - 0x000007fef9f6e000 	C:\Windows\system32\NCLangID.dll
0x000007fef8c30000 - 0x000007fef8c5c000 	C:\Windows\system32\MAPBASE.dll
0x0000000050d20000 - 0x0000000050d67000 	C:\Windows\system32\CALWIN32.DLL
0x0000000006230000 - 0x0000000006251000 	C:\Windows\system32\CLNWIN32.DLL
0x0000000050df0000 - 0x0000000050e22000 	C:\Windows\system32\LOCWIN32.DLL
0x0000000006590000 - 0x00000000065d5000 	C:\Windows\system32\NCPWIN32.dll
0x0000000050da0000 - 0x0000000050db3000 	C:\Windows\system32\CLXWIN32.DLL
0x00000000068d0000 - 0x0000000006915000 	C:\Windows\system32\NETWIN32.DLL
0x000007fef8be0000 - 0x000007fef8c25000 	C:\Windows\system32\NWSHLXNT.dll
0x000007fefa2d0000 - 0x000007fefa2e6000 	C:\Windows\system32\NETAPI32.dll
0x000007fefa2c0000 - 0x000007fefa2cc000 	C:\Windows\system32\netutils.dll
0x000007fefc590000 - 0x000007fefc5b3000 	C:\Windows\system32\srvcli.dll
0x000007fefa290000 - 0x000007fefa2a5000 	C:\Windows\system32\wkscli.dll
0x000007fefa050000 - 0x000007fefa064000 	C:\Windows\system32\SAMCLI.DLL
0x000007fef8bc0000 - 0x000007fef8bd2000 	C:\Windows\system32\BROWCLI.DLL
0x000007fefbd30000 - 0x000007fefbd41000 	C:\Windows\system32\WTSAPI32.dll
0x0000000074620000 - 0x0000000074625000 	C:\Windows\system32\nls\FRANCAIS\NCLangIDR.DLL
0x00000000738b0000 - 0x00000000738c7000 	C:\Windows\system32\nls\FRANCAIS\MAPBASER.DLL
0x0000000073890000 - 0x00000000738aa000 	C:\Windows\system32\nls\FRANCAIS\NWSHLXNTR.DLL
0x0000000073170000 - 0x00000000731ec000 	C:\Windows\system32\nls\FRANCAIS\ncnetproviderR.DLL
0x000007fefc8c0000 - 0x000007fefc8e5000 	C:\Windows\system32\SspiCli.dll
0x000007fef51c0000 - 0x000007fef51ca000 	C:\Windows\System32\drprov.dll
0x000007fefc960000 - 0x000007fefc99d000 	C:\Windows\System32\WINSTA.dll
0x000007fef5190000 - 0x000007fef51b2000 	C:\Windows\System32\ntlanman.dll
0x000007fef5170000 - 0x000007fef518d000 	C:\Windows\System32\davclnt.dll
0x000007fef5160000 - 0x000007fef516a000 	C:\Windows\System32\DAVHLPR.dll
0x000007fef5a40000 - 0x000007fef5a4f000 	C:\Windows\system32\cscapi.dll
0x000007feee5b0000 - 0x000007feee821000 	C:\Windows\system32\wpdshext.dll
0x000007fefaa50000 - 0x000007fefac66000 	C:\Windows\WinSxS\amd64_microsoft.windows.gdiplus_6595b64144ccf1df_1.1.7601.18455_none_2b283fd671e9bf4d\gdiplus.dll
0x000007fef4940000 - 0x000007fef49fd000 	C:\Windows\system32\PortableDeviceApi.dll
0x000007fef5910000 - 0x000007fef5945000 	C:\Windows\system32\EhStorShell.dll
0x000007fef5570000 - 0x000007fef5597000 	C:\Windows\system32\EhStorAPI.dll
0x000007fef5620000 - 0x000007fef562c000 	C:\Windows\system32\LINKINFO.dll
0x000007fefa470000 - 0x000007fefa5d1000 	C:\Windows\system32\WindowsCodecs.dll
0x0000000073410000 - 0x0000000073426000 	C:\Program Files\Common Files\TortoiseOverlays\TortoiseOverlays.dll
0x0000000073250000 - 0x0000000073267000 	C:\Program Files\TortoiseSVN\bin\TortoiseStub.dll
0x0000000071780000 - 0x00000000717fd000 	C:\Program Files\TortoiseSVN\bin\TortoiseSVN.dll
0x000007fefe400000 - 0x000007fefe62c000 	C:\Windows\system32\WININET.dll
0x000007fefcd20000 - 0x000007fefcd24000 	C:\Windows\system32\api-ms-win-downlevel-user32-l1-1-0.dll
0x000007fefcb10000 - 0x000007fefcb15000 	C:\Windows\system32\api-ms-win-downlevel-advapi32-l1-1-0.dll
0x000007fefcb50000 - 0x000007fefcb54000 	C:\Windows\system32\api-ms-win-downlevel-shlwapi-l1-1-0.dll
0x000007fefcd30000 - 0x000007fefcd34000 	C:\Windows\system32\api-ms-win-downlevel-version-l1-1-0.dll
0x000007fefcb40000 - 0x000007fefcb43000 	C:\Windows\system32\api-ms-win-downlevel-normaliz-l1-1-0.dll
0x0000000076e80000 - 0x0000000076e83000 	C:\Windows\system32\normaliz.DLL
0x000007fefd3d0000 - 0x000007fefd65e000 	C:\Windows\system32\iertutil.dll
0x000007fefcb20000 - 0x000007fefcb3e000 	C:\Windows\system32\USERENV.dll
0x000007fef64e0000 - 0x000007fef6956000 	C:\Program Files\TortoiseSVN\bin\libsvn_tsvn.dll
0x0000000073220000 - 0x000000007324e000 	C:\Program Files\TortoiseSVN\bin\libapr_tsvn.dll
0x000007fef6400000 - 0x000007fef64d4000 	C:\Windows\system32\MSVCR110.dll
0x0000000071460000 - 0x00000000714a5000 	C:\Program Files\TortoiseSVN\bin\libaprutil_tsvn.dll
0x000007fef6380000 - 0x000007fef6391000 	C:\Program Files\TortoiseSVN\bin\intl3_tsvn.dll
0x000007fef6360000 - 0x000007fef6379000 	C:\Program Files\TortoiseSVN\bin\libsasl.dll
0x000007fefc880000 - 0x000007fefc88b000 	C:\Windows\system32\Secur32.dll
0x000007fef62b0000 - 0x000007fef6357000 	C:\Windows\system32\MSVCP110.dll
0x0000000071350000 - 0x000000007136b000 	C:\Program Files\TortoiseGit\bin\TortoiseGitStub.dll
0x00000000712c0000 - 0x000000007134e000 	C:\Program Files\TortoiseGit\bin\TortoiseGit.dll
0x000007fef5f80000 - 0x000007fef604e000 	C:\Program Files\TortoiseGit\bin\libgit2_tgit.dll
0x000007fef5ea0000 - 0x000007fef5eb8000 	C:\Program Files\TortoiseGit\bin\zlib1_tgit.dll
0x000007fef5d80000 - 0x000007fef5e6f000 	C:\Windows\system32\MSVCR120.dll

VM Arguments:
jvm_args: -Xdebug -Xrunjdwp:transport=dt_socket,server=n,address=51136 -Xmx2G 
java_command: fr.ird.voxelidar.Principal
Launcher Type: SUN_STANDARD

Environment Variables:
JAVA_HOME=C:\Program Files\Java\jdk1.7.0_67
CLASSPATH=C:\Program Files\OpenNI\Bin64\org.OpenNI.jar
PATH=C:\Program Files\Java\jdk1.7.0_67\bin;C:\Python27\Lib\site-packages\PyQt4;C:\Program Files (x86)\Common Files\Intergraph\Grid Analysis SDK\1.0\Program;C:\Windows\system32;C:\Windows;C:\Windows\System32\Wbem;C:\Windows\System32\WindowsPowerShell\v1.0\;C:\Windows\Program Files (x86)\Common Files\Roxio Shared\DLLShared\;C:\Program Files (x86)\Common Files\Roxio Shared\10.0\DLLShared\;C:\Windows\Program Files\Java\jdk1.7.0_67\bin;C:\Program Files\java\ssj\lib\;C:\Program Files\MATLAB\R2010a\bin;C:\Program Files\OpenNI\Bin64;C:\Program Files\PCL 1.6.0\bin;C:\Program Files\TortoiseSVN\bin;C:\Program Files\Microsoft SQL Server\110\Tools\Binn\;C:\MinGW3\bin;C:\Program Files\TortoiseGit\bin;c:\users\julien\appdata\local\enthought\canopy\user;c:\users\julien\appdata\local\enthought\canopy\user\scripts
USERNAME=Julien
OS=Windows_NT
PROCESSOR_IDENTIFIER=Intel64 Family 6 Model 44 Stepping 2, GenuineIntel



---------------  S Y S T E M  ---------------

OS: Windows 7 , 64 bit Build 7601 Service Pack 1

CPU:total 8 (4 cores per cpu, 2 threads per core) family 6 model 44 stepping 2, cmov, cx8, fxsr, mmx, sse, sse2, sse3, ssse3, sse4.1, sse4.2, popcnt, aes, ht, tsc, tscinvbit, tscinv

Memory: 4k page, physical 25148644k(17665044k free), swap 50295424k(41405396k free)

vm_info: Java HotSpot(TM) 64-Bit Server VM (24.65-b04) for windows-amd64 JRE (1.7.0_67-b01), built on Jul 25 2014 08:55:00 by "java_re" with unknown MS VC++:1600

time: Tue Dec 16 18:31:00 2014
elapsed time: 77 seconds

