#
# A fatal error has been detected by the Java Runtime Environment:
#
#  EXCEPTION_ACCESS_VIOLATION (0xc0000005) at pc=0x0000000060ec0539, pid=6288, tid=8128
#
# JRE version: Java(TM) SE Runtime Environment (7.0_67-b01) (build 1.7.0_67-b01)
# Java VM: Java HotSpot(TM) 64-Bit Server VM (24.65-b04 mixed mode windows-amd64 compressed oops)
# Problematic frame:
# C  0x0000000060ec0539
#
# Failed to write core dump. Minidumps are not enabled by default on client versions of Windows
#
# If you would like to submit a bug report, please visit:
#   http://bugreport.sun.com/bugreport/crash.jsp
# The crash happened outside the Java Virtual Machine in native code.
# See problematic frame for where to report the bug.
#

---------------  T H R E A D  ---------------

Current thread (0x000000001c7c9800):  JavaThread "AWT-EventQueue-0" [_thread_in_native, id=8128, stack(0x0000000022a30000,0x0000000022b30000)]

siginfo: ExceptionCode=0xc0000005, reading address 0x0000000000001100

Registers:
RAX=0x0000000000000000, RBX=0x00000005fc04f9f0, RCX=0x0000000000000003, RDX=0x0000000022b2d250
RSP=0x0000000022b2d188, RBP=0x0000000022b2d218, RSI=0x00000000bf863d3e, RDI=0x0000000003aea236
R8 =0x0000000000000003, R9 =0x0000000060ec0530, R10=0x00000000026494dd, R11=0x0000000064512a70
R12=0x0000000000000000, R13=0x00000005fc04f9f0, R14=0x0000000022b2d250, R15=0x000000001c7c9800
RIP=0x0000000060ec0539, EFLAGS=0x0000000000010287

Top of Stack: (sp=0x0000000022b2d188)
0x0000000022b2d188:   0000000002649509 0000000022b2d1e8
0x0000000022b2d198:   0000000002636373 000000075d446c28
0x0000000022b2d1a8:   0000000022b2d1a8 00000005fbc822ba
0x0000000022b2d1b8:   0000000022b2d208 00000005fbc8a248
0x0000000022b2d1c8:   0000000000000000 00000005fbc822c8
0x0000000022b2d1d8:   0000000022b2d1d8 0000000000000000
0x0000000022b2d1e8:   0000000022b2d250 00000005fc0a1ba0
0x0000000022b2d1f8:   0000000000000000 00000005fc04f9f0
0x0000000022b2d208:   0000000000000000 0000000022b2d238
0x0000000022b2d218:   0000000022b2d298 0000000002636198
0x0000000022b2d228:   0000000000000000 0000000002643a58
0x0000000022b2d238:   0000000060ec0530 0000000022b2d298
0x0000000022b2d248:   0000000000000003 0000000600730460
0x0000000022b2d258:   0000000022b2d258 00000005fc04f91e
0x0000000022b2d268:   0000000022b2d2c0 00000005fc0a1ba0
0x0000000022b2d278:   0000000000000000 00000005fc04f930 

Instructions: (pc=0x0000000060ec0539)
0x0000000060ec0519:   af af af af af af af c3 cc cc cc cc cc cc cc cc
0x0000000060ec0529:   cc cc cc cc cc cc cc 65 48 8b 04 25 20 16 00 00
0x0000000060ec0539:   ff a0 00 11 00 00 cc cc cc cc cc cc cc cc cc cc
0x0000000060ec0549:   cc cc cc cc cc cc cc cc cc cc cc cc cc cc cc cc 


Register to memory mapping:

RAX=0x0000000000000000 is an unknown value
RBX=0x00000005fc04f9f0 is an oop
{method} 
 - klass: {other class}
RCX=0x0000000000000003 is an unknown value
RDX=0x0000000022b2d250 is pointing into the stack for thread: 0x000000001c7c9800
RSP=0x0000000022b2d188 is pointing into the stack for thread: 0x000000001c7c9800
RBP=0x0000000022b2d218 is pointing into the stack for thread: 0x000000001c7c9800
RSI=0x00000000bf863d3e is an unknown value
RDI=0x0000000003aea236 is an unknown value
R8 =0x0000000000000003 is an unknown value
R9 =0x0000000060ec0530 is an unknown value
R10=0x00000000026494dd is at code_begin+1277 in an Interpreter codelet
method entry point (kind = native)  [0x0000000002648fe0, 0x0000000002649ea0]  3776 bytes
R11=0x0000000064512a70 is an unknown value
R12=0x0000000000000000 is an unknown value
R13=0x00000005fc04f9f0 is an oop
{method} 
 - klass: {other class}
R14=0x0000000022b2d250 is pointing into the stack for thread: 0x000000001c7c9800
R15=0x000000001c7c9800 is a thread


Stack: [0x0000000022a30000,0x0000000022b30000],  sp=0x0000000022b2d188,  free space=1012k
Native frames: (J=compiled Java code, j=interpreted, Vv=VM code, C=native code)
C  0x0000000060ec0539
j  jogamp.opengl.gl4.GL4bcImpl.glUseProgram(I)V+46
j  fr.ird.voxelidar.graphics3d.jogl.JoglListener$1.viewMatrixChanged(Lfr/ird/voxelidar/math/matrix/Mat4F;)V+82
j  fr.ird.voxelidar.graphics3d.object.camera.TrackballCamera.fireViewMatrixChanged(Lfr/ird/voxelidar/math/matrix/Mat4F;)V+34
j  fr.ird.voxelidar.graphics3d.object.camera.TrackballCamera.updateViewMatrix()V+40
j  fr.ird.voxelidar.graphics3d.object.camera.Camera.project(Lfr/ird/voxelidar/math/vector/Vec3F;Lfr/ird/voxelidar/math/vector/Vec3F;)V+67
j  fr.ird.voxelidar.graphics3d.object.camera.Camera.projectRight()V+39
j  fr.ird.voxelidar.frame.JFrameTools.jButton6ActionPerformed(Ljava/awt/event/ActionEvent;)V+7
j  fr.ird.voxelidar.frame.JFrameTools.access$2400(Lfr/ird/voxelidar/frame/JFrameTools;Ljava/awt/event/ActionEvent;)V+2
j  fr.ird.voxelidar.frame.JFrameTools$24.actionPerformed(Ljava/awt/event/ActionEvent;)V+5
j  javax.swing.AbstractButton.fireActionPerformed(Ljava/awt/event/ActionEvent;)V+84
j  javax.swing.AbstractButton$Handler.actionPerformed(Ljava/awt/event/ActionEvent;)V+5
j  javax.swing.DefaultButtonModel.fireActionPerformed(Ljava/awt/event/ActionEvent;)V+35
j  javax.swing.DefaultButtonModel.setPressed(Z)V+117
j  javax.swing.plaf.basic.BasicButtonListener.mouseReleased(Ljava/awt/event/MouseEvent;)V+35
j  java.awt.Component.processMouseEvent(Ljava/awt/event/MouseEvent;)V+64
j  javax.swing.JComponent.processMouseEvent(Ljava/awt/event/MouseEvent;)V+23
j  java.awt.Component.processEvent(Ljava/awt/AWTEvent;)V+81
j  java.awt.Container.processEvent(Ljava/awt/AWTEvent;)V+18
j  java.awt.Component.dispatchEventImpl(Ljava/awt/AWTEvent;)V+581
j  java.awt.Container.dispatchEventImpl(Ljava/awt/AWTEvent;)V+42
J 335 C2 java.awt.LightweightDispatcher.retargetMouseEvent(Ljava/awt/Component;ILjava/awt/event/MouseEvent;)V (350 bytes) @ 0x0000000002766564 [0x0000000002765fc0+0x5a4]
j  java.awt.LightweightDispatcher.processMouseEvent(Ljava/awt/event/MouseEvent;)Z+139
j  java.awt.LightweightDispatcher.dispatchEvent(Ljava/awt/AWTEvent;)Z+50
j  java.awt.Container.dispatchEventImpl(Ljava/awt/AWTEvent;)V+12
j  java.awt.Window.dispatchEventImpl(Ljava/awt/AWTEvent;)V+19
j  java.awt.Component.dispatchEvent(Ljava/awt/AWTEvent;)V+2
j  java.awt.EventQueue.dispatchEventImpl(Ljava/awt/AWTEvent;Ljava/lang/Object;)V+41
j  java.awt.EventQueue.access$200(Ljava/awt/EventQueue;Ljava/awt/AWTEvent;Ljava/lang/Object;)V+3
j  java.awt.EventQueue$3.run()Ljava/lang/Void;+12
j  java.awt.EventQueue$3.run()Ljava/lang/Object;+1
v  ~StubRoutines::call_stub

Java frames: (J=compiled Java code, j=interpreted, Vv=VM code)
j  jogamp.opengl.gl4.GL4bcImpl.dispatch_glUseProgram1(IJ)V+0
j  jogamp.opengl.gl4.GL4bcImpl.glUseProgram(I)V+46
j  fr.ird.voxelidar.graphics3d.jogl.JoglListener$1.viewMatrixChanged(Lfr/ird/voxelidar/math/matrix/Mat4F;)V+82
j  fr.ird.voxelidar.graphics3d.object.camera.TrackballCamera.fireViewMatrixChanged(Lfr/ird/voxelidar/math/matrix/Mat4F;)V+34
j  fr.ird.voxelidar.graphics3d.object.camera.TrackballCamera.updateViewMatrix()V+40
j  fr.ird.voxelidar.graphics3d.object.camera.Camera.project(Lfr/ird/voxelidar/math/vector/Vec3F;Lfr/ird/voxelidar/math/vector/Vec3F;)V+67
j  fr.ird.voxelidar.graphics3d.object.camera.Camera.projectRight()V+39
j  fr.ird.voxelidar.frame.JFrameTools.jButton6ActionPerformed(Ljava/awt/event/ActionEvent;)V+7
j  fr.ird.voxelidar.frame.JFrameTools.access$2400(Lfr/ird/voxelidar/frame/JFrameTools;Ljava/awt/event/ActionEvent;)V+2
j  fr.ird.voxelidar.frame.JFrameTools$24.actionPerformed(Ljava/awt/event/ActionEvent;)V+5
j  javax.swing.AbstractButton.fireActionPerformed(Ljava/awt/event/ActionEvent;)V+84
j  javax.swing.AbstractButton$Handler.actionPerformed(Ljava/awt/event/ActionEvent;)V+5
j  javax.swing.DefaultButtonModel.fireActionPerformed(Ljava/awt/event/ActionEvent;)V+35
j  javax.swing.DefaultButtonModel.setPressed(Z)V+117
j  javax.swing.plaf.basic.BasicButtonListener.mouseReleased(Ljava/awt/event/MouseEvent;)V+35
j  java.awt.Component.processMouseEvent(Ljava/awt/event/MouseEvent;)V+64
j  javax.swing.JComponent.processMouseEvent(Ljava/awt/event/MouseEvent;)V+23
j  java.awt.Component.processEvent(Ljava/awt/AWTEvent;)V+81
j  java.awt.Container.processEvent(Ljava/awt/AWTEvent;)V+18
j  java.awt.Component.dispatchEventImpl(Ljava/awt/AWTEvent;)V+581
j  java.awt.Container.dispatchEventImpl(Ljava/awt/AWTEvent;)V+42
J 335 C2 java.awt.LightweightDispatcher.retargetMouseEvent(Ljava/awt/Component;ILjava/awt/event/MouseEvent;)V (350 bytes) @ 0x0000000002766564 [0x0000000002765fc0+0x5a4]
j  java.awt.LightweightDispatcher.processMouseEvent(Ljava/awt/event/MouseEvent;)Z+139
j  java.awt.LightweightDispatcher.dispatchEvent(Ljava/awt/AWTEvent;)Z+50
j  java.awt.Container.dispatchEventImpl(Ljava/awt/AWTEvent;)V+12
j  java.awt.Window.dispatchEventImpl(Ljava/awt/AWTEvent;)V+19
j  java.awt.Component.dispatchEvent(Ljava/awt/AWTEvent;)V+2
j  java.awt.EventQueue.dispatchEventImpl(Ljava/awt/AWTEvent;Ljava/lang/Object;)V+41
j  java.awt.EventQueue.access$200(Ljava/awt/EventQueue;Ljava/awt/AWTEvent;Ljava/lang/Object;)V+3
j  java.awt.EventQueue$3.run()Ljava/lang/Void;+12
j  java.awt.EventQueue$3.run()Ljava/lang/Object;+1
v  ~StubRoutines::call_stub
j  java.security.AccessController.doPrivileged(Ljava/security/PrivilegedAction;Ljava/security/AccessControlContext;)Ljava/lang/Object;+0
j  java.security.ProtectionDomain$1.doIntersectionPrivilege(Ljava/security/PrivilegedAction;Ljava/security/AccessControlContext;Ljava/security/AccessControlContext;)Ljava/lang/Object;+28
j  java.security.ProtectionDomain$1.doIntersectionPrivilege(Ljava/security/PrivilegedAction;Ljava/security/AccessControlContext;)Ljava/lang/Object;+6
j  java.awt.EventQueue$4.run()Ljava/lang/Void;+11
j  java.awt.EventQueue$4.run()Ljava/lang/Object;+1
v  ~StubRoutines::call_stub
j  java.security.AccessController.doPrivileged(Ljava/security/PrivilegedAction;Ljava/security/AccessControlContext;)Ljava/lang/Object;+0
J 569 C2 java.awt.EventDispatchThread.pumpOneEventForFilters(I)V (295 bytes) @ 0x0000000002846688 [0x00000000028458a0+0xde8]
j  java.awt.EventDispatchThread.pumpEventsForFilter(ILjava/awt/Conditional;Ljava/awt/EventFilter;)V+35
j  java.awt.EventDispatchThread.pumpEventsForHierarchy(ILjava/awt/Conditional;Ljava/awt/Component;)V+11
j  java.awt.EventDispatchThread.pumpEvents(ILjava/awt/Conditional;)V+4
j  java.awt.EventDispatchThread.pumpEvents(Ljava/awt/Conditional;)V+3
j  java.awt.EventDispatchThread.run()V+9
v  ~StubRoutines::call_stub

---------------  P R O C E S S  ---------------

Java Threads: ( => current thread )
  0x000000001ce0a800 JavaThread "Image Animator 0" daemon [_thread_blocked, id=7756, stack(0x0000000022420000,0x0000000022520000)]
  0x000000001ce0c000 JavaThread "SwingWorker-pool-2-thread-2" daemon [_thread_blocked, id=7516, stack(0x00000000276b0000,0x00000000277b0000)]
  0x000000001ce0b800 JavaThread "AWT-EventQueue-0-FPSAWTAnimator#01-Timer1" [_thread_blocked, id=6384, stack(0x000000002a9e0000,0x000000002aae0000)]
  0x000000001ce09000 JavaThread "AWT-EventQueue-0-Display-.windows_nil-1-EDT-2" daemon [_thread_blocked, id=6844, stack(0x00000000294a0000,0x00000000295a0000)]
  0x000000001ce0a000 JavaThread "SwingWorker-pool-2-thread-1" daemon [_thread_blocked, id=6536, stack(0x0000000021550000,0x0000000021650000)]
  0x000000001cdd4000 JavaThread "AWT-EventQueue-0-SharedResourceRunner" daemon [_thread_blocked, id=4044, stack(0x0000000022070000,0x0000000022170000)]
  0x0000000023ccc800 JavaThread "D3D Screen Updater" daemon [_thread_blocked, id=7020, stack(0x0000000025670000,0x0000000025770000)]
  0x000000000221a000 JavaThread "DestroyJavaVM" [_thread_blocked, id=2940, stack(0x0000000002530000,0x0000000002630000)]
  0x000000001c9b9800 JavaThread "TimerQueue" daemon [_thread_blocked, id=1232, stack(0x0000000024f90000,0x0000000025090000)]
  0x000000001a67e800 JavaThread "org.netbeans.modules.debugger.jpda.visual AWT Access Loop" daemon [_thread_blocked, id=8004, stack(0x0000000023010000,0x0000000023110000)]
  0x000000001c802800 JavaThread "Swing-Shell" daemon [_thread_blocked, id=196, stack(0x0000000022dc0000,0x0000000022ec0000)]
=>0x000000001c7c9800 JavaThread "AWT-EventQueue-0" [_thread_in_native, id=8128, stack(0x0000000022a30000,0x0000000022b30000)]
  0x000000001a64b000 JavaThread "AWT-Windows" daemon [_thread_in_native, id=7356, stack(0x000000001d4a0000,0x000000001d5a0000)]
  0x000000001a649800 JavaThread "AWT-Shutdown" [_thread_blocked, id=5416, stack(0x000000001d2f0000,0x000000001d3f0000)]
  0x000000001a648800 JavaThread "Java2D Disposer" daemon [_thread_blocked, id=3544, stack(0x000000001d080000,0x000000001d180000)]
  0x000000001a35d800 JavaThread "Service Thread" daemon [_thread_blocked, id=7744, stack(0x000000001c530000,0x000000001c630000)]
  0x000000001a355000 JavaThread "C2 CompilerThread1" daemon [_thread_blocked, id=6540, stack(0x000000001c3d0000,0x000000001c4d0000)]
  0x000000001a348000 JavaThread "C2 CompilerThread0" daemon [_thread_blocked, id=3948, stack(0x000000001b690000,0x000000001b790000)]
  0x000000001a336000 JavaThread "JDWP Command Reader" daemon [_thread_in_native, id=6780, stack(0x000000001c230000,0x000000001c330000)]
  0x000000001a331000 JavaThread "JDWP Event Helper Thread" daemon [_thread_blocked, id=4256, stack(0x000000001c100000,0x000000001c200000)]
  0x000000001917f000 JavaThread "JDWP Transport Listener: dt_socket" daemon [_thread_blocked, id=8148, stack(0x000000001bf40000,0x000000001c040000)]
  0x0000000019178000 JavaThread "Attach Listener" daemon [_thread_blocked, id=4148, stack(0x000000001b970000,0x000000001ba70000)]
  0x0000000019177800 JavaThread "Signal Dispatcher" daemon [_thread_blocked, id=4616, stack(0x000000001b280000,0x000000001b380000)]
  0x00000000022ae800 JavaThread "Finalizer" daemon [_thread_blocked, id=4584, stack(0x000000001b790000,0x000000001b890000)]
  0x0000000019161000 JavaThread "Reference Handler" daemon [_thread_blocked, id=7584, stack(0x000000001b570000,0x000000001b670000)]

Other Threads:
  0x000000001a2e3800 VMThread [stack: 0x000000001b3a0000,0x000000001b4a0000] [id=6616]
  0x000000001a349000 WatcherThread [stack: 0x000000001c640000,0x000000001c740000] [id=5044]

VM state:not at safepoint (normal execution)

VM Mutex/Monitor currently owned by a thread: None

Heap
 PSYoungGen      total 939520K, used 130365K [0x0000000755500000, 0x00000007a9f80000, 0x0000000800000000)
  eden space 749056K, 17% used [0x0000000755500000,0x000000075d44f5f0,0x0000000783080000)
  from space 190464K, 0% used [0x0000000783080000,0x0000000783080000,0x000000078ea80000)
  to   space 210432K, 0% used [0x000000079d200000,0x000000079d200000,0x00000007a9f80000)
 ParOldGen       total 692736K, used 336097K [0x0000000600000000, 0x000000062a480000, 0x0000000755500000)
  object space 692736K, 48% used [0x0000000600000000,0x0000000614838600,0x000000062a480000)
 PSPermGen       total 52736K, used 23319K [0x00000005fae00000, 0x00000005fe180000, 0x0000000600000000)
  object space 52736K, 44% used [0x00000005fae00000,0x00000005fc4c5c58,0x00000005fe180000)

Card table byte_map: [0x0000000005630000,0x0000000006660000] byte_map_base: 0x0000000002659000

Polling page: 0x0000000000330000

Code Cache  [0x0000000002630000, 0x00000000028c0000, 0x0000000005630000)
 total_blobs=1473 nmethods=640 adapters=793 free_code_cache=46639Kb largest_free_block=47686208

Compilation events (10 events):
Event: 40.374 Thread 0x000000001a348000 nmethod 682 0x00000000027c0fd0 code [0x00000000027c1120, 0x00000000027c1228]
Event: 40.482 Thread 0x000000001a355000 nmethod 681 0x00000000028a8010 code [0x00000000028a8620, 0x00000000028ad3e8]
Event: 40.713 Thread 0x000000001a348000  683   !         sun.java2d.SunGraphics2D::validateCompClip (224 bytes)
Event: 40.730 Thread 0x000000001a348000 nmethod 683 0x000000000285f890 code [0x000000000285faa0, 0x0000000002860428]
Event: 40.741 Thread 0x000000001a355000  684             javax.swing.JComponent::getInsets (23 bytes)
Event: 40.742 Thread 0x000000001a355000 nmethod 684 0x000000000285dc90 code [0x000000000285dde0, 0x000000000285de88]
Event: 40.929 Thread 0x000000001a348000  686   !         java.lang.ref.ReferenceQueue::poll (28 bytes)
Event: 40.933 Thread 0x000000001a348000 nmethod 686 0x00000000027c3c90 code [0x00000000027c3de0, 0x00000000027c4178]
Event: 41.009 Thread 0x000000001a355000  687             javax.swing.text.GapContent$StickyPosition::getOffset (8 bytes)
Event: 41.011 Thread 0x000000001a355000 nmethod 687 0x0000000002835410 code [0x0000000002835560, 0x0000000002835658]

GC Heap History (10 events):
Event: 26.011 GC heap before
{Heap before GC invocations=11 (full 0):
 PSYoungGen      total 655360K, used 655358K [0x0000000755500000, 0x000000078d480000, 0x0000000800000000)
  eden space 515072K, 100% used [0x0000000755500000,0x0000000774c00000,0x0000000774c00000)
  from space 140288K, 99% used [0x000000077fc80000,0x000000078857fb58,0x0000000788580000)
  to   space 180736K, 0% used [0x0000000774c00000,0x0000000774c00000,0x000000077fc80000)
 ParOldGen       total 261632K, used 182340K [0x0000000600000000, 0x000000060ff80000, 0x0000000755500000)
  object space 261632K, 69% used [0x0000000600000000,0x000000060b2110f8,0x000000060ff80000)
 PSPermGen       total 23552K, used 23284K [0x00000005fae00000, 0x00000005fc500000, 0x0000000600000000)
  object space 23552K, 98% used [0x00000005fae00000,0x00000005fc4bd040,0x00000005fc500000)
Event: 26.250 GC heap after
Heap after GC invocations=11 (full 0):
 PSYoungGen      total 695808K, used 89554K [0x0000000755500000, 0x000000079d800000, 0x0000000800000000)
  eden space 515072K, 0% used [0x0000000755500000,0x0000000755500000,0x0000000774c00000)
  from space 180736K, 49% used [0x0000000774c00000,0x000000077a374880,0x000000077fc80000)
  to   space 179200K, 0% used [0x0000000792900000,0x0000000792900000,0x000000079d800000)
 ParOldGen       total 323072K, used 322971K [0x0000000600000000, 0x0000000613b80000, 0x0000000755500000)
  object space 323072K, 99% used [0x0000000600000000,0x0000000613b66c50,0x0000000613b80000)
 PSPermGen       total 23552K, used 23284K [0x00000005fae00000, 0x00000005fc500000, 0x0000000600000000)
  object space 23552K, 98% used [0x00000005fae00000,0x00000005fc4bd040,0x00000005fc500000)
}
Event: 26.250 GC heap before
{Heap before GC invocations=12 (full 1):
 PSYoungGen      total 695808K, used 89554K [0x0000000755500000, 0x000000079d800000, 0x0000000800000000)
  eden space 515072K, 0% used [0x0000000755500000,0x0000000755500000,0x0000000774c00000)
  from space 180736K, 49% used [0x0000000774c00000,0x000000077a374880,0x000000077fc80000)
  to   space 179200K, 0% used [0x0000000792900000,0x0000000792900000,0x000000079d800000)
 ParOldGen       total 323072K, used 322971K [0x0000000600000000, 0x0000000613b80000, 0x0000000755500000)
  object space 323072K, 99% used [0x0000000600000000,0x0000000613b66c50,0x0000000613b80000)
 PSPermGen       total 23552K, used 23284K [0x00000005fae00000, 0x00000005fc500000, 0x0000000600000000)
  object space 23552K, 98% used [0x00000005fae00000,0x00000005fc4bd040,0x00000005fc500000)
Event: 28.616 GC heap after
Heap after GC invocations=12 (full 1):
 PSYoungGen      total 695808K, used 79095K [0x0000000755500000, 0x000000079d800000, 0x0000000800000000)
  eden space 515072K, 0% used [0x0000000755500000,0x0000000755500000,0x0000000774c00000)
  from space 180736K, 43% used [0x0000000774c00000,0x000000077993dd48,0x000000077fc80000)
  to   space 179200K, 0% used [0x0000000792900000,0x0000000792900000,0x000000079d800000)
 ParOldGen       total 551936K, used 322568K [0x0000000600000000, 0x0000000621b00000, 0x0000000755500000)
  object space 551936K, 58% used [0x0000000600000000,0x0000000613b02380,0x0000000621b00000)
 PSPermGen       total 46592K, used 23274K [0x00000005fae00000, 0x00000005fdb80000, 0x0000000600000000)
  object space 46592K, 49% used [0x00000005fae00000,0x00000005fc4babf0,0x00000005fdb80000)
}
Event: 29.299 GC heap before
{Heap before GC invocations=13 (full 1):
 PSYoungGen      total 695808K, used 594167K [0x0000000755500000, 0x000000079d800000, 0x0000000800000000)
  eden space 515072K, 100% used [0x0000000755500000,0x0000000774c00000,0x0000000774c00000)
  from space 180736K, 43% used [0x0000000774c00000,0x000000077993dd48,0x000000077fc80000)
  to   space 179200K, 0% used [0x0000000792900000,0x0000000792900000,0x000000079d800000)
 ParOldGen       total 551936K, used 322568K [0x0000000600000000, 0x0000000621b00000, 0x0000000755500000)
  object space 551936K, 58% used [0x0000000600000000,0x0000000613b02380,0x0000000621b00000)
 PSPermGen       total 46592K, used 23276K [0x00000005fae00000, 0x00000005fdb80000, 0x0000000600000000)
  object space 46592K, 49% used [0x00000005fae00000,0x00000005fc4bb2f8,0x00000005fdb80000)
Event: 29.493 GC heap after
Heap after GC invocations=13 (full 1):
 PSYoungGen      total 828928K, used 126153K [0x0000000755500000, 0x000000079a480000, 0x0000000800000000)
  eden space 702464K, 0% used [0x0000000755500000,0x0000000755500000,0x0000000780300000)
  from space 126464K, 99% used [0x0000000792900000,0x000000079a432798,0x000000079a480000)
  to   space 190464K, 0% used [0x0000000783080000,0x0000000783080000,0x000000078ea80000)
 ParOldGen       total 551936K, used 401822K [0x0000000600000000, 0x0000000621b00000, 0x0000000755500000)
  object space 551936K, 72% used [0x0000000600000000,0x0000000618867b00,0x0000000621b00000)
 PSPermGen       total 46592K, used 23276K [0x00000005fae00000, 0x00000005fdb80000, 0x0000000600000000)
  object space 46592K, 49% used [0x00000005fae00000,0x00000005fc4bb2f8,0x00000005fdb80000)
}
Event: 30.595 GC heap before
{Heap before GC invocations=14 (full 1):
 PSYoungGen      total 828928K, used 828617K [0x0000000755500000, 0x000000079a480000, 0x0000000800000000)
  eden space 702464K, 100% used [0x0000000755500000,0x0000000780300000,0x0000000780300000)
  from space 126464K, 99% used [0x0000000792900000,0x000000079a432798,0x000000079a480000)
  to   space 190464K, 0% used [0x0000000783080000,0x0000000783080000,0x000000078ea80000)
 ParOldGen       total 551936K, used 401822K [0x0000000600000000, 0x0000000621b00000, 0x0000000755500000)
  object space 551936K, 72% used [0x0000000600000000,0x0000000618867b00,0x0000000621b00000)
 PSPermGen       total 46592K, used 23279K [0x00000005fae00000, 0x00000005fdb80000, 0x0000000600000000)
  object space 46592K, 49% used [0x00000005fae00000,0x00000005fc4bbfc8,0x00000005fdb80000)
Event: 30.825 GC heap after
Heap after GC invocations=14 (full 1):
 PSYoungGen      total 939520K, used 157804K [0x0000000755500000, 0x00000007a9f80000, 0x0000000800000000)
  eden space 749056K, 0% used [0x0000000755500000,0x0000000755500000,0x0000000783080000)
  from space 190464K, 82% used [0x0000000783080000,0x000000078ca9b0e8,0x000000078ea80000)
  to   space 210432K, 0% used [0x000000079d200000,0x000000079d200000,0x00000007a9f80000)
 ParOldGen       total 551936K, used 527254K [0x0000000600000000, 0x0000000621b00000, 0x0000000755500000)
  object space 551936K, 95% used [0x0000000600000000,0x00000006202e5b00,0x0000000621b00000)
 PSPermGen       total 46592K, used 23279K [0x00000005fae00000, 0x00000005fdb80000, 0x0000000600000000)
  object space 46592K, 49% used [0x00000005fae00000,0x00000005fc4bbfc8,0x00000005fdb80000)
}
Event: 30.825 GC heap before
{Heap before GC invocations=15 (full 2):
 PSYoungGen      total 939520K, used 157804K [0x0000000755500000, 0x00000007a9f80000, 0x0000000800000000)
  eden space 749056K, 0% used [0x0000000755500000,0x0000000755500000,0x0000000783080000)
  from space 190464K, 82% used [0x0000000783080000,0x000000078ca9b0e8,0x000000078ea80000)
  to   space 210432K, 0% used [0x000000079d200000,0x000000079d200000,0x00000007a9f80000)
 ParOldGen       total 551936K, used 527254K [0x0000000600000000, 0x0000000621b00000, 0x0000000755500000)
  object space 551936K, 95% used [0x0000000600000000,0x00000006202e5b00,0x0000000621b00000)
 PSPermGen       total 46592K, used 23279K [0x00000005fae00000, 0x00000005fdb80000, 0x0000000600000000)
  object space 46592K, 49% used [0x00000005fae00000,0x00000005fc4bbfc8,0x00000005fdb80000)
Event: 32.834 GC heap after
Heap after GC invocations=15 (full 2):
 PSYoungGen      total 939520K, used 0K [0x0000000755500000, 0x00000007a9f80000, 0x0000000800000000)
  eden space 749056K, 0% used [0x0000000755500000,0x0000000755500000,0x0000000783080000)
  from space 190464K, 0% used [0x0000000783080000,0x0000000783080000,0x000000078ea80000)
  to   space 210432K, 0% used [0x000000079d200000,0x000000079d200000,0x00000007a9f80000)
 ParOldGen       total 692736K, used 336097K [0x0000000600000000, 0x000000062a480000, 0x0000000755500000)
  object space 692736K, 48% used [0x0000000600000000,0x0000000614838600,0x000000062a480000)
 PSPermGen       total 52736K, used 23279K [0x00000005fae00000, 0x00000005fe180000, 0x0000000600000000)
  object space 52736K, 44% used [0x00000005fae00000,0x00000005fc4bbfa8,0x00000005fe180000)
}

Deoptimization events (10 events):
Event: 25.735 Thread 0x000000001ce0c000 Uncommon trap: reason=array_check action=maybe_recompile pc=0x00000000028560dc method=javax.swing.event.EventListenerList.getListeners(Ljava/lang/Class;)[Ljava/util/EventListener; @ 63
Event: 25.735 Thread 0x000000001ce0c000 Uncommon trap: reason=array_check action=maybe_recompile pc=0x00000000028560dc method=javax.swing.event.EventListenerList.getListeners(Ljava/lang/Class;)[Ljava/util/EventListener; @ 63
Event: 25.735 Thread 0x000000001ce0c000 Uncommon trap: reason=array_check action=maybe_recompile pc=0x00000000028560dc method=javax.swing.event.EventListenerList.getListeners(Ljava/lang/Class;)[Ljava/util/EventListener; @ 63
Event: 25.746 Thread 0x000000001c7c9800 Uncommon trap: reason=array_check action=maybe_recompile pc=0x0000000002828eb0 method=java.util.TimSort.binarySort([Ljava/lang/Object;IIILjava/util/Comparator;)V @ 215
Event: 25.746 Thread 0x000000001c7c9800 Uncommon trap: reason=array_check action=maybe_recompile pc=0x0000000002828fd4 method=java.util.TimSort.binarySort([Ljava/lang/Object;IIILjava/util/Comparator;)V @ 183
Event: 25.791 Thread 0x000000001c7c9800 Uncommon trap: reason=array_check action=maybe_recompile pc=0x0000000002828eb0 method=java.util.TimSort.binarySort([Ljava/lang/Object;IIILjava/util/Comparator;)V @ 215
Event: 25.791 Thread 0x000000001c7c9800 Uncommon trap: reason=array_check action=maybe_recompile pc=0x0000000002828fd4 method=java.util.TimSort.binarySort([Ljava/lang/Object;IIILjava/util/Comparator;)V @ 183
Event: 29.947 Thread 0x000000001c7c9800 Uncommon trap: reason=array_check action=maybe_recompile pc=0x0000000002864cfc method=java.util.TimSort.binarySort([Ljava/lang/Object;IIILjava/util/Comparator;)V @ 193
Event: 29.947 Thread 0x000000001c7c9800 Uncommon trap: reason=array_check action=maybe_recompile pc=0x0000000002864cfc method=java.util.TimSort.binarySort([Ljava/lang/Object;IIILjava/util/Comparator;)V @ 193
Event: 34.446 Thread 0x000000001ce0b800 Uncommon trap: reason=unreached action=reinterpret pc=0x000000000283dcc0 method=java.awt.image.ComponentColorModel.getDataElements(ILjava/lang/Object;)Ljava/lang/Object; @ 2993

Internal exceptions (10 events):
Event: 20.261 Thread 0x000000001ce09000 Threw 0x0000000765160708 at C:\re\jdk7u67\1368\hotspot\src\share\vm\prims\jvm.cpp:1244
Event: 20.261 Thread 0x000000001ce09000 Threw 0x00000007651627c0 at C:\re\jdk7u67\1368\hotspot\src\share\vm\prims\jvm.cpp:1244
Event: 20.262 Thread 0x000000001ce09000 Threw 0x0000000765166230 at C:\re\jdk7u67\1368\hotspot\src\share\vm\prims\jvm.cpp:1244
Event: 20.263 Thread 0x000000001ce09000 Threw 0x0000000765169c58 at C:\re\jdk7u67\1368\hotspot\src\share\vm\prims\jvm.cpp:1244
Event: 23.080 Thread 0x0000000023e3a000 Threw 0x0000000764e0d0c8 at C:\re\jdk7u67\1368\hotspot\src\share\vm\prims\jvm.cpp:1244
Event: 25.256 Thread 0x000000001ce09000 Implicit null exception at 0x00000000027dea76 to 0x00000000027df4c5
Event: 25.333 Thread 0x000000001c7c9800 Threw 0x0000000765facc78 at C:\re\jdk7u67\1368\hotspot\src\share\vm\prims\jni.cpp:717
Event: 25.412 Thread 0x000000001ce0a800 Threw 0x000000076772cdf8 at C:\re\jdk7u67\1368\hotspot\src\share\vm\prims\jvm.cpp:2917
Event: 25.491 Thread 0x000000001c7c9800 Implicit null exception at 0x0000000002835008 to 0x0000000002835333
Event: 34.446 Thread 0x000000001ce0b800 Implicit null exception at 0x0000000002837efd to 0x000000000283dc95

Events (10 events):
Event: 41.010 Executing VM operation: RevokeBias
Event: 41.010 Executing VM operation: RevokeBias done
Event: 41.010 Executing VM operation: RevokeBias
Event: 41.010 Executing VM operation: RevokeBias done
Event: 41.010 Executing VM operation: RevokeBias
Event: 41.010 Executing VM operation: RevokeBias done
Event: 41.011 Executing VM operation: RevokeBias
Event: 41.011 Executing VM operation: RevokeBias done
Event: 41.011 Executing VM operation: BulkRevokeBias
Event: 41.011 Executing VM operation: BulkRevokeBias done


Dynamic libraries:
0x000000013fc00000 - 0x000000013fc33000 	C:\Program Files\Java\jdk1.7.0_67\bin\java.exe
0x0000000077870000 - 0x0000000077a19000 	C:\Windows\SYSTEM32\ntdll.dll
0x0000000077750000 - 0x000000007786f000 	C:\Windows\system32\kernel32.dll
0x000007fefd8e0000 - 0x000007fefd94c000 	C:\Windows\system32\KERNELBASE.dll
0x000007feff990000 - 0x000007feffa6b000 	C:\Windows\system32\ADVAPI32.dll
0x000007feffa70000 - 0x000007feffb0f000 	C:\Windows\system32\msvcrt.dll
0x000007feff220000 - 0x000007feff23f000 	C:\Windows\SYSTEM32\sechost.dll
0x000007fefe0d0000 - 0x000007fefe1fd000 	C:\Windows\system32\RPCRT4.dll
0x0000000077650000 - 0x000000007774a000 	C:\Windows\system32\USER32.dll
0x000007feffb10000 - 0x000007feffb77000 	C:\Windows\system32\GDI32.dll
0x000007feff4e0000 - 0x000007feff4ee000 	C:\Windows\system32\LPK.dll
0x000007fefdae0000 - 0x000007fefdba9000 	C:\Windows\system32\USP10.dll
0x000007fefbeb0000 - 0x000007fefc0a4000 	C:\Windows\WinSxS\amd64_microsoft.windows.common-controls_6595b64144ccf1df_6.0.7601.17514_none_fa396087175ac9ac\COMCTL32.dll
0x000007feff4f0000 - 0x000007feff561000 	C:\Windows\system32\SHLWAPI.dll
0x000007feff4b0000 - 0x000007feff4de000 	C:\Windows\system32\IMM32.DLL
0x000007feff650000 - 0x000007feff759000 	C:\Windows\system32\MSCTF.dll
0x000000006aef0000 - 0x000000006afc2000 	C:\Program Files\Java\jdk1.7.0_67\jre\bin\msvcr100.dll
0x0000000064330000 - 0x0000000064b02000 	C:\Program Files\Java\jdk1.7.0_67\jre\bin\server\jvm.dll
0x000007fefaae0000 - 0x000007fefaae9000 	C:\Windows\system32\WSOCK32.dll
0x000007fefda90000 - 0x000007fefdadd000 	C:\Windows\system32\WS2_32.dll
0x000007fefdee0000 - 0x000007fefdee8000 	C:\Windows\system32\NSI.dll
0x000007fefa2b0000 - 0x000007fefa2eb000 	C:\Windows\system32\WINMM.dll
0x0000000077a40000 - 0x0000000077a47000 	C:\Windows\system32\PSAPI.DLL
0x0000000072970000 - 0x000000007297f000 	C:\Program Files\Java\jdk1.7.0_67\jre\bin\verify.dll
0x0000000072860000 - 0x0000000072888000 	C:\Program Files\Java\jdk1.7.0_67\jre\bin\java.dll
0x000000006bd30000 - 0x000000006bd65000 	C:\Program Files\Java\jdk1.7.0_67\jre\bin\jdwp.dll
0x0000000071210000 - 0x0000000071218000 	C:\Program Files\Java\jdk1.7.0_67\jre\bin\npt.dll
0x0000000072840000 - 0x0000000072855000 	C:\Program Files\Java\jdk1.7.0_67\jre\bin\zip.dll
0x0000000071190000 - 0x0000000071199000 	C:\Program Files\Java\jdk1.7.0_67\jre\bin\dt_socket.dll
0x000007fefce50000 - 0x000007fefcea5000 	C:\Windows\system32\mswsock.dll
0x000007fefc810000 - 0x000007fefc817000 	C:\Windows\System32\wshtcpip.dll
0x0000000065150000 - 0x00000000652e5000 	C:\Program Files\Java\jdk1.7.0_67\jre\bin\awt.dll
0x000007feff570000 - 0x000007feff647000 	C:\Windows\system32\OLEAUT32.dll
0x000007fefdc50000 - 0x000007fefde53000 	C:\Windows\system32\ole32.dll
0x000007fefb6b0000 - 0x000007fefb6c8000 	C:\Windows\system32\DWMAPI.DLL
0x000007fefbbd0000 - 0x000007fefbc26000 	C:\Windows\system32\uxtheme.dll
0x000000006c110000 - 0x000000006c144000 	C:\Fraps\fraps64.dll
0x000007fefd510000 - 0x000007fefd51f000 	C:\Windows\system32\CRYPTBASE.dll
0x000007feebf20000 - 0x000007feec11f000 	C:\Windows\system32\d3d9.dll
0x000007fefcb20000 - 0x000007fefcb2c000 	C:\Windows\system32\VERSION.dll
0x000007fef9ca0000 - 0x000007fef9ca7000 	C:\Windows\system32\d3d8thk.dll
0x000007fee6ed0000 - 0x000007fee7f85000 	C:\Windows\system32\nvd3dumx.dll
0x000007fefbe80000 - 0x000007fefbeac000 	C:\Windows\system32\powrprof.dll
0x000007fefdef0000 - 0x000007fefe0c7000 	C:\Windows\system32\SETUPAPI.dll
0x000007fefd950000 - 0x000007fefd986000 	C:\Windows\system32\CFGMGR32.dll
0x000007fefd9d0000 - 0x000007fefd9ea000 	C:\Windows\system32\DEVOBJ.dll
0x000007fee9c90000 - 0x000007fee9dfa000 	C:\Program Files (x86)\NVIDIA Corporation\3D Vision\nvSCPAPI64.dll
0x000007fefe200000 - 0x000007fefef88000 	C:\Windows\system32\SHELL32.dll
0x000007fef9d10000 - 0x000007fefa043000 	C:\Windows\system32\nvapi64.dll
0x000007fefda30000 - 0x000007fefda6a000 	C:\Windows\system32\WINTRUST.dll
0x000007fefd6d0000 - 0x000007fefd83c000 	C:\Windows\system32\CRYPT32.dll
0x000007fefd6b0000 - 0x000007fefd6bf000 	C:\Windows\system32\MSASN1.dll
0x000007fefa200000 - 0x000007fefa2a0000 	C:\Windows\WinSxS\amd64_microsoft.windows.common-controls_6595b64144ccf1df_5.82.7601.18201_none_a4d3b9377117c3df\comctl32.dll
0x0000000065520000 - 0x0000000065567000 	C:\Program Files\Java\jdk1.7.0_67\jre\bin\fontmanager.dll
0x000000006ba90000 - 0x000000006baa9000 	C:\Program Files\Java\jdk1.7.0_67\jre\bin\net.dll
0x000007fefce40000 - 0x000007fefce47000 	C:\Windows\System32\wship6.dll
0x000000006ad40000 - 0x000000006ad51000 	C:\Program Files\Java\jdk1.7.0_67\jre\bin\nio.dll
0x00000000654d0000 - 0x0000000065511000 	C:\Program Files\Java\jdk1.7.0_67\jre\bin\t2k.dll
0x000007fefdbb0000 - 0x000007fefdc49000 	C:\Windows\system32\CLBCatQ.DLL
0x000007fefbd00000 - 0x000007fefbe2c000 	C:\Windows\system32\propsys.dll
0x000007fefbc80000 - 0x000007fefbcad000 	C:\Windows\system32\ntmarta.dll
0x000007feff2e0000 - 0x000007feff332000 	C:\Windows\system32\WLDAP32.dll
0x000007fefd4b0000 - 0x000007fefd507000 	C:\Windows\system32\apphelp.dll
0x000007feef0b0000 - 0x000007feef24c000 	C:\Windows\system32\NetworkExplorer.dll
0x000007fef01c0000 - 0x000007fef01f4000 	C:\Windows\System32\shdocvw.dll
0x000007fefd6c0000 - 0x000007fefd6cf000 	C:\Windows\system32\profapi.dll
0x000007fefb810000 - 0x000007fefb81b000 	C:\Windows\system32\slc.dll
0x000007fefab00000 - 0x000007fefab18000 	C:\Windows\system32\MPR.dll
0x000000006d0e0000 - 0x000000006d0f2000 	C:\Windows\system32\snacnp.dll
0x000007fef9820000 - 0x000007fef9917000 	C:\Windows\system32\ncnetprovider.dll
0x000007fefaba0000 - 0x000007fefabbe000 	C:\Windows\system32\NCLangID.dll
0x000007fef97b0000 - 0x000007fef97dc000 	C:\Windows\system32\MAPBASE.dll
0x0000000050d20000 - 0x0000000050d67000 	C:\Windows\system32\CALWIN32.DLL
0x0000000007710000 - 0x0000000007731000 	C:\Windows\system32\CLNWIN32.DLL
0x0000000050df0000 - 0x0000000050e22000 	C:\Windows\system32\LOCWIN32.DLL
0x000000001b230000 - 0x000000001b275000 	C:\Windows\system32\NCPWIN32.dll
0x0000000050da0000 - 0x0000000050db3000 	C:\Windows\system32\CLXWIN32.DLL
0x000000001b4a0000 - 0x000000001b4e5000 	C:\Windows\system32\NETWIN32.DLL
0x000007fef9760000 - 0x000007fef97a5000 	C:\Windows\system32\NWSHLXNT.dll
0x000007fefad70000 - 0x000007fefad86000 	C:\Windows\system32\NETAPI32.dll
0x000007fefad60000 - 0x000007fefad6c000 	C:\Windows\system32\netutils.dll
0x000007fefd0c0000 - 0x000007fefd0e3000 	C:\Windows\system32\srvcli.dll
0x000007fefad40000 - 0x000007fefad55000 	C:\Windows\system32\wkscli.dll
0x000007fefad20000 - 0x000007fefad34000 	C:\Windows\system32\SAMCLI.DLL
0x000007fef9800000 - 0x000007fef9812000 	C:\Windows\system32\BROWCLI.DLL
0x000007fefc8f0000 - 0x000007fefc901000 	C:\Windows\system32\WTSAPI32.dll
0x00000000751e0000 - 0x00000000751e5000 	C:\Windows\system32\nls\FRANCAIS\NCLangIDR.DLL
0x0000000074210000 - 0x0000000074227000 	C:\Windows\system32\nls\FRANCAIS\MAPBASER.DLL
0x00000000741f0000 - 0x000000007420a000 	C:\Windows\system32\nls\FRANCAIS\NWSHLXNTR.DLL
0x0000000074170000 - 0x00000000741ec000 	C:\Windows\system32\nls\FRANCAIS\ncnetproviderR.DLL
0x000007fefd480000 - 0x000007fefd4a5000 	C:\Windows\system32\SspiCli.dll
0x000007feef2e0000 - 0x000007feef2ea000 	C:\Windows\System32\drprov.dll
0x000007fefd5c0000 - 0x000007fefd5fd000 	C:\Windows\System32\WINSTA.dll
0x000007feef080000 - 0x000007feef0a2000 	C:\Windows\System32\ntlanman.dll
0x000007feef060000 - 0x000007feef07d000 	C:\Windows\System32\davclnt.dll
0x000007feef050000 - 0x000007feef05a000 	C:\Windows\System32\DAVHLPR.dll
0x000007fef6690000 - 0x000007fef669f000 	C:\Windows\system32\cscapi.dll
0x000007fee53f0000 - 0x000007fee5661000 	C:\Windows\system32\wpdshext.dll
0x000007fefb9b0000 - 0x000007fefbbc6000 	C:\Windows\WinSxS\amd64_microsoft.windows.gdiplus_6595b64144ccf1df_1.1.7601.18455_none_2b283fd671e9bf4d\gdiplus.dll
0x000007fef70f0000 - 0x000007fef71ad000 	C:\Windows\system32\PortableDeviceApi.dll
0x000007fef18d0000 - 0x000007fef1905000 	C:\Windows\system32\EhStorShell.dll
0x000007fef75b0000 - 0x000007fef75d7000 	C:\Windows\system32\EhStorAPI.dll
0x000007feef500000 - 0x000007feef50c000 	C:\Windows\system32\LINKINFO.dll
0x000007fefb180000 - 0x000007fefb2e1000 	C:\Windows\system32\WindowsCodecs.dll
0x0000000070d10000 - 0x0000000070d26000 	C:\Program Files\Common Files\TortoiseOverlays\TortoiseOverlays.dll
0x0000000070d30000 - 0x0000000070d47000 	C:\Program Files\TortoiseSVN\bin\TortoiseStub.dll
0x000000006d2d0000 - 0x000000006d34d000 	C:\Program Files\TortoiseSVN\bin\TortoiseSVN.dll
0x000007feff760000 - 0x000007feff98c000 	C:\Windows\system32\WININET.dll
0x000007fefd9a0000 - 0x000007fefd9a4000 	C:\Windows\system32\api-ms-win-downlevel-user32-l1-1-0.dll
0x000007fefd9c0000 - 0x000007fefd9c5000 	C:\Windows\system32\api-ms-win-downlevel-advapi32-l1-1-0.dll
0x000007fefda20000 - 0x000007fefda24000 	C:\Windows\system32\api-ms-win-downlevel-shlwapi-l1-1-0.dll
0x000007fefd990000 - 0x000007fefd994000 	C:\Windows\system32\api-ms-win-downlevel-version-l1-1-0.dll
0x000007fefd9b0000 - 0x000007fefd9b3000 	C:\Windows\system32\api-ms-win-downlevel-normaliz-l1-1-0.dll
0x0000000077a30000 - 0x0000000077a33000 	C:\Windows\system32\normaliz.DLL
0x000007fefef90000 - 0x000007feff21e000 	C:\Windows\system32\iertutil.dll
0x000007fefd9f0000 - 0x000007fefda0e000 	C:\Windows\system32\USERENV.dll
0x000007feefb70000 - 0x000007feeffe6000 	C:\Program Files\TortoiseSVN\bin\libsvn_tsvn.dll
0x0000000070ce0000 - 0x0000000070d0e000 	C:\Program Files\TortoiseSVN\bin\libapr_tsvn.dll
0x000007fef1990000 - 0x000007fef1a64000 	C:\Windows\system32\MSVCR110.dll
0x000000006d280000 - 0x000000006d2c5000 	C:\Program Files\TortoiseSVN\bin\libaprutil_tsvn.dll
0x000007fef1970000 - 0x000007fef1981000 	C:\Program Files\TortoiseSVN\bin\intl3_tsvn.dll
0x000007fef1950000 - 0x000007fef1969000 	C:\Program Files\TortoiseSVN\bin\libsasl.dll
0x000007fefd1f0000 - 0x000007fefd1fb000 	C:\Windows\system32\Secur32.dll
0x000007fef02e0000 - 0x000007fef0387000 	C:\Windows\system32\MSVCP110.dll
0x00000000708d0000 - 0x00000000708eb000 	C:\Program Files\TortoiseGit\bin\TortoiseGitStub.dll
0x000000006d1f0000 - 0x000000006d27e000 	C:\Program Files\TortoiseGit\bin\TortoiseGit.dll
0x000007fef0210000 - 0x000007fef02de000 	C:\Program Files\TortoiseGit\bin\libgit2_tgit.dll
0x000007fef1930000 - 0x000007fef1948000 	C:\Program Files\TortoiseGit\bin\zlib1_tgit.dll

VM Arguments:
jvm_args: -Xdebug -Xrunjdwp:transport=dt_socket,server=n,address=52159 -Xmx8G 
java_command: fr.ird.voxelidar.Principal
Launcher Type: SUN_STANDARD

Environment Variables:
JAVA_HOME=C:\Program Files\Java\jdk1.7.0_67
CLASSPATH=C:\Program Files\OpenNI\Bin64\org.OpenNI.jar
PATH=C:\Program Files\Java\jdk1.7.0_67\bin;C:\Python27\Lib\site-packages\PyQt4;C:\Program Files (x86)\Common Files\Intergraph\Grid Analysis SDK\1.0\Program;C:\Windows\system32;C:\Windows;C:\Windows\System32\Wbem;C:\Windows\System32\WindowsPowerShell\v1.0\;C:\Windows\Program Files (x86)\Common Files\Roxio Shared\DLLShared\;C:\Program Files (x86)\Common Files\Roxio Shared\10.0\DLLShared\;C:\Windows\Program Files\Java\jdk1.7.0_67\bin;C:\Program Files\java\ssj\lib\;C:\Program Files\MATLAB\R2010a\bin;C:\Program Files\OpenNI\Bin64;C:\Program Files\PCL 1.6.0\bin;C:\Program Files\TortoiseSVN\bin;C:\Program Files\Microsoft SQL Server\110\Tools\Binn\;C:\MinGW3\bin;C:\Program Files\TortoiseGit\bin;c:\users\julien\appdata\local\enthought\canopy\user;c:\users\julien\appdata\local\enthought\canopy\user\scripts
USERNAME=Julien
OS=Windows_NT
PROCESSOR_IDENTIFIER=Intel64 Family 6 Model 44 Stepping 2, GenuineIntel



---------------  S Y S T E M  ---------------

OS: Windows 7 , 64 bit Build 7601 Service Pack 1

CPU:total 8 (4 cores per cpu, 2 threads per core) family 6 model 44 stepping 2, cmov, cx8, fxsr, mmx, sse, sse2, sse3, ssse3, sse4.1, sse4.2, popcnt, aes, ht, tsc, tscinvbit, tscinv

Memory: 4k page, physical 25148644k(17065452k free), swap 50295424k(40069076k free)

vm_info: Java HotSpot(TM) 64-Bit Server VM (24.65-b04) for windows-amd64 JRE (1.7.0_67-b01), built on Jul 25 2014 08:55:00 by "java_re" with unknown MS VC++:1600

time: Wed Jan 21 18:14:45 2015
elapsed time: 41 seconds

