#
# A fatal error has been detected by the Java Runtime Environment:
#
#  EXCEPTION_ACCESS_VIOLATION (0xc0000005) at pc=0x000000006fdc5014, pid=6596, tid=4368
#
# JRE version: Java(TM) SE Runtime Environment (8.0_31-b13) (build 1.8.0_31-b13)
# Java VM: Java HotSpot(TM) 64-Bit Server VM (25.31-b07 mixed mode windows-amd64 compressed oops)
# Problematic frame:
# V  [jvm.dll+0x135014]
#
# Failed to write core dump. Minidumps are not enabled by default on client versions of Windows
#
# If you would like to submit a bug report, please visit:
#   http://bugreport.java.com/bugreport/crash.jsp
#

---------------  T H R E A D  ---------------

Current thread (0x000000001f9f0800):  JavaThread "Thread-0" [_thread_in_vm, id=4368, stack(0x0000000020240000,0x0000000020340000)]

siginfo: ExceptionCode=0xc0000005, reading address 0x0000000000000000

Registers:
RAX=0x0000000000000000, RBX=0x000000001f9f0800, RCX=0x0000000000000080, RDX=0x0000000000000000
RSP=0x000000002033ebb0, RBP=0x000000002033efb0, RSI=0x0000000000000000, RDI=0x0000000000000000
R8 =0x0000000000000000, R9 =0x0000000000000000, R10=0x3ff0000000000000, R11=0x000000001d705a08
R12=0x0000000000000000, R13=0x0000000000000000, R14=0x000000002033efc0, R15=0x000000001f9f0800
RIP=0x000000006fdc5014, EFLAGS=0x0000000000010202

Top of Stack: (sp=0x000000002033ebb0)
0x000000002033ebb0:   000000001f9f0800 00000000b581296f
0x000000002033ebc0:   000000001f9f25e0 000007fef6da73f0
0x000000002033ebd0:   000000001f9f0800 0000000000000000
0x000000002033ebe0:   000000001f9f0800 0000000000000000
0x000000002033ebf0:   000000001c0ea888 000000001d705a08
0x000000002033ec00:   0000000000000000 000007fef6d2bdfd
0x000000002033ec10:   000000002033efb0 000000001f9f09e8
0x000000002033ec20:   0000000000200020 000000002033efb0
0x000000002033ec30:   000000007025bea8 000000001f9c5fb0
0x000000002033ec40:   000000020000003b 000000000000003c
0x000000002033ec50:   000000001c0ea888 000000001f9f0800
0x000000002033ec60:   0000000100010000 0000000000000000
0x000000002033ec70:   0000000000000000 0000000000000000
0x000000002033ec80:   0000000000000000 0000000000000000
0x000000002033ec90:   0000000000000000 0000000000000000
0x000000002033eca0:   000000001c0ea800 0000000000000000 

Instructions: (pc=0x000000006fdc5014)
0x000000006fdc4ff4:   89 5c 24 20 48 89 74 24 28 48 39 73 08 74 0a 48
0x000000006fdc5004:   8d 4c 24 20 e8 33 05 13 00 40 38 35 94 f3 69 00
0x000000006fdc5014:   48 8b 3f 48 63 05 da 6f 68 00 74 1b 8b 0c 38 85
0x000000006fdc5024:   c9 74 77 8b c1 8b 0d 09 75 63 00 48 d3 e0 48 03 


Register to memory mapping:

RAX=0x0000000000000000 is an unknown value
RBX=0x000000001f9f0800 is a thread
RCX=0x0000000000000080 is an unknown value
RDX=0x0000000000000000 is an unknown value
RSP=0x000000002033ebb0 is pointing into the stack for thread: 0x000000001f9f0800
RBP=0x000000002033efb0 is pointing into the stack for thread: 0x000000001f9f0800
RSI=0x0000000000000000 is an unknown value
RDI=0x0000000000000000 is an unknown value
R8 =0x0000000000000000 is an unknown value
R9 =0x0000000000000000 is an unknown value
R10=0x3ff0000000000000 is an unknown value
R11=0x000000001d705a08 is an unknown value
R12=0x0000000000000000 is an unknown value
R13=0x0000000000000000 is an unknown value
R14=0x000000002033efc0 is pointing into the stack for thread: 0x000000001f9f0800
R15=0x000000001f9f0800 is a thread


Stack: [0x0000000020240000,0x0000000020340000],  sp=0x000000002033ebb0,  free space=1018k
Native frames: (J=compiled Java code, j=interpreted, Vv=VM code, C=native code)
V  [jvm.dll+0x135014]
C  [LASlib.dll+0xbdfd]  Java_fr_ird_voxelidar_extraction_LasExtraction_simpleExtract+0xbd
C  0x00000000026aa5ac

Java frames: (J=compiled Java code, j=interpreted, Vv=VM code)
j  fr.ird.voxelidar.extraction.LasExtraction.simpleExtract(Ljava/lang/String;Lfr/ird/voxelidar/extraction/LasPoints;)Z+0
j  fr.ird.voxelidar.extraction.LasExtraction.run()V+26
j  java.lang.Thread.run()V+11
v  ~StubRoutines::call_stub

---------------  P R O C E S S  ---------------

Java Threads: ( => current thread )
=>0x000000001f9f0800 JavaThread "Thread-0" [_thread_in_vm, id=4368, stack(0x0000000020240000,0x0000000020340000)]
  0x000000001d6e0000 JavaThread "Service Thread" daemon [_thread_blocked, id=6908, stack(0x000000001f310000,0x000000001f410000)]
  0x000000001d68a800 JavaThread "C1 CompilerThread3" daemon [_thread_blocked, id=4112, stack(0x000000001f5f0000,0x000000001f6f0000)]
  0x000000001d668000 JavaThread "C2 CompilerThread2" daemon [_thread_blocked, id=3336, stack(0x000000001f460000,0x000000001f560000)]
  0x000000001d667000 JavaThread "C2 CompilerThread1" daemon [_thread_blocked, id=6544, stack(0x000000001ec00000,0x000000001ed00000)]
  0x000000001d660800 JavaThread "C2 CompilerThread0" daemon [_thread_blocked, id=2632, stack(0x000000001e9e0000,0x000000001eae0000)]
  0x000000001d64e000 JavaThread "JDWP Command Reader" daemon [_thread_in_native, id=1428, stack(0x000000001f1f0000,0x000000001f2f0000)]
  0x000000001d648800 JavaThread "JDWP Event Helper Thread" daemon [_thread_blocked, id=1740, stack(0x000000001f060000,0x000000001f160000)]
  0x000000001d642800 JavaThread "JDWP Transport Listener: dt_socket" daemon [_thread_blocked, id=4176, stack(0x000000001ee30000,0x000000001ef30000)]
  0x000000001d634000 JavaThread "Attach Listener" daemon [_thread_blocked, id=6152, stack(0x000000001ed20000,0x000000001ee20000)]
  0x000000001d632800 JavaThread "Signal Dispatcher" daemon [_thread_blocked, id=3308, stack(0x000000001eaf0000,0x000000001ebf0000)]
  0x000000001c68b000 JavaThread "Finalizer" daemon [_thread_blocked, id=7068, stack(0x000000001e6e0000,0x000000001e7e0000)]
  0x000000001c684000 JavaThread "Reference Handler" daemon [_thread_blocked, id=6416, stack(0x000000001e850000,0x000000001e950000)]
  0x0000000001eaa800 JavaThread "main" [_thread_blocked, id=6604, stack(0x00000000022c0000,0x00000000023c0000)]

Other Threads:
  0x000000001d5e1000 VMThread [stack: 0x000000001e590000,0x000000001e690000] [id=1092]
  0x000000001d6e9000 WatcherThread [stack: 0x000000001f870000,0x000000001f970000] [id=4124]

VM state:synchronizing (normal execution)

VM Mutex/Monitor currently owned by a thread:  ([mutex/lock_event])
[0x0000000001ea8880] Threads_lock - owner thread: 0x000000001d5e1000

Heap:
 PSYoungGen      total 114688K, used 13780K [0x000000076ab00000, 0x0000000772b00000, 0x00000007c0000000)
  eden space 98304K, 14% used [0x000000076ab00000,0x000000076b8752e8,0x0000000770b00000)
  from space 16384K, 0% used [0x0000000771b00000,0x0000000771b00000,0x0000000772b00000)
  to   space 16384K, 0% used [0x0000000770b00000,0x0000000770b00000,0x0000000771b00000)
 ParOldGen       total 262144K, used 0K [0x00000006c0000000, 0x00000006d0000000, 0x000000076ab00000)
  object space 262144K, 0% used [0x00000006c0000000,0x00000006c0000000,0x00000006d0000000)
 Metaspace       used 4877K, capacity 5132K, committed 5248K, reserved 1056768K
  class space    used 541K, capacity 564K, committed 640K, reserved 1048576K

Card table byte_map: [0x0000000011a50000,0x0000000012260000] byte_map_base: 0x000000000e450000

Marking Bits: (ParMarkBitMap*) 0x000000007046d4f0
 Begin Bits: [0x00000000134a0000, 0x00000000174a0000)
 End Bits:   [0x00000000174a0000, 0x000000001b4a0000)

Polling page: 0x0000000000110000

CodeCache: size=245760Kb used=1613Kb max_used=1613Kb free=244146Kb
 bounds [0x0000000002690000, 0x0000000002900000, 0x0000000011690000]
 total_blobs=505 nmethods=248 adapters=180
 compilation: enabled

Compilation events (10 events):
Event: 0.464 Thread 0x000000001d68a800  233       3       sun.reflect.misc.ReflectUtil::isNonPublicProxyClass (51 bytes)
Event: 0.464 Thread 0x000000001d68a800 nmethod 233 0x000000000280e1d0 code [0x000000000280e400, 0x000000000280f088]
Event: 0.464 Thread 0x000000001d68a800  230       3       sun.reflect.ReflectionFactory::langReflectAccess (15 bytes)
Event: 0.464 Thread 0x000000001d68a800 nmethod 230 0x000000000280dd10 code [0x000000000280de80, 0x000000000280e090]
Event: 0.464 Thread 0x000000001d68a800  228       3       java.net.URL::<init> (8 bytes)
Event: 0.465 Thread 0x000000001d68a800 nmethod 228 0x0000000002818790 code [0x0000000002818900, 0x0000000002818aa8]
Event: 0.465 Thread 0x000000001d68a800  235       1       java.security.PrivilegedActionException::getException (5 bytes)
Event: 0.465 Thread 0x000000001d68a800 nmethod 235 0x0000000002818b50 code [0x0000000002818ca0, 0x0000000002818db0]
Event: 7.734 Thread 0x000000001d660800  236 %     4       java.lang.String::indexOf @ 69 (166 bytes)
Event: 7.749 Thread 0x000000001d660800 nmethod 236% 0x000000000281c250 code [0x000000000281c3a0, 0x000000000281cbb8]

GC Heap History (0 events):
No events

Deoptimization events (0 events):
No events

Internal exceptions (10 events):
Event: 0.459 Thread 0x0000000001eaa800 Exception <a 'java/security/PrivilegedActionException'> (0x000000076b4e8cd0) thrown at [C:\workspace\8-2-build-windows-amd64-cygwin\jdk8u31\2394\hotspot\src\share\vm\prims\jvm.cpp, line 1312]
Event: 0.459 Thread 0x0000000001eaa800 Exception <a 'java/lang/ClassNotFoundException': org/apache/log4j/ConsoleAppenderCustomizer> (0x000000076b4e8f08) thrown at [C:\workspace\8-2-build-windows-amd64-cygwin\jdk8u31\2394\hotspot\src\share\vm\classfile\systemDictionary.cpp, line 202]
Event: 0.460 Thread 0x0000000001eaa800 Exception <a 'java/security/PrivilegedActionException'> (0x000000076b4f3e10) thrown at [C:\workspace\8-2-build-windows-amd64-cygwin\jdk8u31\2394\hotspot\src\share\vm\prims\jvm.cpp, line 1312]
Event: 0.461 Thread 0x0000000001eaa800 Exception <a 'java/security/PrivilegedActionException'> (0x000000076b4f9488) thrown at [C:\workspace\8-2-build-windows-amd64-cygwin\jdk8u31\2394\hotspot\src\share\vm\prims\jvm.cpp, line 1312]
Event: 7.733 Thread 0x0000000001eaa800 Exception <a 'java/security/PrivilegedActionException'> (0x000000076b4ffa48) thrown at [C:\workspace\8-2-build-windows-amd64-cygwin\jdk8u31\2394\hotspot\src\share\vm\prims\jvm.cpp, line 1312]
Event: 7.734 Thread 0x0000000001eaa800 Exception <a 'java/security/PrivilegedActionException'> (0x000000076b502140) thrown at [C:\workspace\8-2-build-windows-amd64-cygwin\jdk8u31\2394\hotspot\src\share\vm\prims\jvm.cpp, line 1312]
Event: 7.750 Thread 0x0000000001eaa800 Exception <a 'java/security/PrivilegedActionException'> (0x000000076b507fd8) thrown at [C:\workspace\8-2-build-windows-amd64-cygwin\jdk8u31\2394\hotspot\src\share\vm\prims\jvm.cpp, line 1312]
Event: 7.757 Thread 0x0000000001eaa800 Exception <a 'java/security/PrivilegedActionException'> (0x000000076b509c28) thrown at [C:\workspace\8-2-build-windows-amd64-cygwin\jdk8u31\2394\hotspot\src\share\vm\prims\jvm.cpp, line 1312]
Event: 7.757 Thread 0x000000001f9f0800 Exception <a 'java/security/PrivilegedActionException'> (0x000000076b689f88) thrown at [C:\workspace\8-2-build-windows-amd64-cygwin\jdk8u31\2394\hotspot\src\share\vm\prims\jvm.cpp, line 1312]
Event: 7.758 Thread 0x000000001f9f0800 Exception <a 'java/security/PrivilegedActionException'> (0x000000076b68c130) thrown at [C:\workspace\8-2-build-windows-amd64-cygwin\jdk8u31\2394\hotspot\src\share\vm\prims\jvm.cpp, line 1312]

Events (10 events):
Event: 7.750 loading class fr/ird/voxelidar/Principal$1 done
Event: 7.755 Executing VM operation: ChangeBreakpoints
Event: 7.755 Executing VM operation: ChangeBreakpoints done
Event: 7.756 Thread 0x000000001f9f0800 Thread added: 0x000000001f9f0800
Event: 7.756 loading class fr/ird/voxelidar/frame/JFrameSettingUp
Event: 7.757 loading class fr/ird/voxelidar/frame/JFrameSettingUp done
Event: 7.757 loading class fr/ird/voxelidar/extraction/LasPoints
Event: 7.757 loading class fr/ird/voxelidar/extraction/LasPoints done
Event: 7.758 loading class fr/ird/voxelidar/extraction/LasExtraction$1
Event: 7.758 loading class fr/ird/voxelidar/extraction/LasExtraction$1 done


Dynamic libraries:
0x000000013f700000 - 0x000000013f734000 	C:\Program Files\Java\jdk1.8.0_31\bin\java.exe
0x00000000774e0000 - 0x0000000077689000 	C:\Windows\SYSTEM32\ntdll.dll
0x00000000772c0000 - 0x00000000773df000 	C:\Windows\system32\kernel32.dll
0x000007fefd380000 - 0x000007fefd3ec000 	C:\Windows\system32\KERNELBASE.dll
0x000007feff290000 - 0x000007feff36b000 	C:\Windows\system32\ADVAPI32.dll
0x000007fefd760000 - 0x000007fefd7ff000 	C:\Windows\system32\msvcrt.dll
0x000007fefda30000 - 0x000007fefda4f000 	C:\Windows\SYSTEM32\sechost.dll
0x000007fefe9a0000 - 0x000007fefeacd000 	C:\Windows\system32\RPCRT4.dll
0x00000000773e0000 - 0x00000000774da000 	C:\Windows\system32\USER32.dll
0x000007fefd6f0000 - 0x000007fefd757000 	C:\Windows\system32\GDI32.dll
0x000007fefe940000 - 0x000007fefe94e000 	C:\Windows\system32\LPK.dll
0x000007feff410000 - 0x000007feff4d9000 	C:\Windows\system32\USP10.dll
0x000007fefbc50000 - 0x000007fefbe44000 	C:\Windows\WinSxS\amd64_microsoft.windows.common-controls_6595b64144ccf1df_6.0.7601.17514_none_fa396087175ac9ac\COMCTL32.dll
0x000007feff6f0000 - 0x000007feff761000 	C:\Windows\system32\SHLWAPI.dll
0x000007fefdb60000 - 0x000007fefdb8e000 	C:\Windows\system32\IMM32.DLL
0x000007fefda50000 - 0x000007fefdb59000 	C:\Windows\system32\MSCTF.dll
0x0000000051180000 - 0x0000000051252000 	C:\Program Files\Java\jdk1.8.0_31\jre\bin\msvcr100.dll
0x000000006fc90000 - 0x00000000704ea000 	C:\Program Files\Java\jdk1.8.0_31\jre\bin\server\jvm.dll
0x000007fef76c0000 - 0x000007fef76c9000 	C:\Windows\system32\WSOCK32.dll
0x000007fefe950000 - 0x000007fefe99d000 	C:\Windows\system32\WS2_32.dll
0x000007fefd6e0000 - 0x000007fefd6e8000 	C:\Windows\system32\NSI.dll
0x000007fef73f0000 - 0x000007fef742b000 	C:\Windows\system32\WINMM.dll
0x00000000776a0000 - 0x00000000776a7000 	C:\Windows\system32\PSAPI.DLL
0x0000000054c60000 - 0x0000000054c6f000 	C:\Program Files\Java\jdk1.8.0_31\jre\bin\verify.dll
0x0000000054c30000 - 0x0000000054c58000 	C:\Program Files\Java\jdk1.8.0_31\jre\bin\java.dll
0x0000000054070000 - 0x00000000540a5000 	C:\Program Files\Java\jdk1.8.0_31\jre\bin\jdwp.dll
0x0000000058970000 - 0x0000000058978000 	C:\Program Files\Java\jdk1.8.0_31\jre\bin\npt.dll
0x0000000054c10000 - 0x0000000054c26000 	C:\Program Files\Java\jdk1.8.0_31\jre\bin\zip.dll
0x000007fefdbb0000 - 0x000007fefe938000 	C:\Windows\system32\SHELL32.dll
0x000007feff4e0000 - 0x000007feff6e3000 	C:\Windows\system32\ole32.dll
0x000007fefd330000 - 0x000007fefd33f000 	C:\Windows\system32\profapi.dll
0x0000000054ae0000 - 0x0000000054ae9000 	C:\Program Files\Java\jdk1.8.0_31\jre\bin\dt_socket.dll
0x000007fefc9f0000 - 0x000007fefca45000 	C:\Windows\system32\mswsock.dll
0x000007fefc720000 - 0x000007fefc727000 	C:\Windows\System32\wshtcpip.dll
0x000007fef6d20000 - 0x000007fef6de8000 	C:\Users\Julien\Documents\NetBeansProjects\VoxeLidar\LASlib.dll
0x000007fef56e0000 - 0x000007fef57cf000 	C:\Windows\system32\MSVCR120.dll
0x000007fef58a0000 - 0x000007fef5946000 	C:\Windows\system32\MSVCP120.dll
0x000007fefaeb0000 - 0x000007fefafd5000 	C:\Windows\system32\dbghelp.dll

VM Arguments:
jvm_args: -Xdebug -Xrunjdwp:transport=dt_socket,server=n,address=1421 -Xmx4G 
java_command: fr.ird.voxelidar.Principal
java_class_path (initial): C:\Users\Julien\Documents\NetBeansProjects\VoxeLidar\target\classes;C:\Users\Julien\.m2\repository\org\jogamp\gluegen\gluegen-rt-main\2.2.4\gluegen-rt-main-2.2.4.jar;C:\Users\Julien\.m2\repository\org\jogamp\gluegen\gluegen-rt\2.2.4\gluegen-rt-2.2.4.jar;C:\Users\Julien\.m2\repository\org\jogamp\gluegen\gluegen-rt\2.2.4\gluegen-rt-2.2.4-natives-android-armv6.jar;C:\Users\Julien\.m2\repository\org\jogamp\gluegen\gluegen-rt\2.2.4\gluegen-rt-2.2.4-natives-linux-amd64.jar;C:\Users\Julien\.m2\repository\org\jogamp\gluegen\gluegen-rt\2.2.4\gluegen-rt-2.2.4-natives-linux-armv6.jar;C:\Users\Julien\.m2\repository\org\jogamp\gluegen\gluegen-rt\2.2.4\gluegen-rt-2.2.4-natives-linux-armv6hf.jar;C:\Users\Julien\.m2\repository\org\jogamp\gluegen\gluegen-rt\2.2.4\gluegen-rt-2.2.4-natives-linux-i586.jar;C:\Users\Julien\.m2\repository\org\jogamp\gluegen\gluegen-rt\2.2.4\gluegen-rt-2.2.4-natives-macosx-universal.jar;C:\Users\Julien\.m2\repository\org\jogamp\gluegen\gluegen-rt\2.2.4\gluegen-rt-2.2.4-natives-solaris-amd64.jar;C:\Users\Julien\.m2\repository\org\jogamp\gluegen\gluegen-rt\2.2.4\gluegen-rt-2.2.4-natives-solaris-i586.jar;C:\Users\Julien\.m2\repository\org\jogamp\gluegen\gluegen-rt\2.2.4\gluegen-rt-2.2.4-natives-windows-amd64.jar;C:\Users\Julien\.m2\repository\org\jogamp\gluegen\gluegen-rt\2.2.4\gluegen-rt-2.2.4-natives-windows-i586.jar;C:\Users\Julien\.m2\repository\org\jogamp\jogl\jogl-all-main\2.2.4\jogl-all-main-2.2.4.jar;C:\Users\Julien\.m2\repository\org\jogamp\jogl\jogl-all\2.2.4\jogl-all-2.2.4.jar;C:\Users\Julien\.m2\repository\org\jogamp\jogl\jogl-all\2.2.4\jogl-all-2.2.4-natives-android-armv6.jar;C:\Users\Julien\.m2\repository\org\jogamp\jogl\jogl-all\2.2.4\jogl-all-2.2.4-natives-linux-amd64.jar;C:\Users\Julien\.m2\repository\org\jogamp\jogl\jogl-all\2.2.4\jogl-all-2.2.4-natives-linux-armv6.jar;C:\Users\Julien\.m2\repository\org\jogamp\jogl\jogl-all\2.2.4\jogl-all-2.2.4-natives-linux-armv6hf.jar;C:\Users\Julien\.m2\repository\org\jogamp\j
Launcher Type: SUN_STANDARD

Environment Variables:
JAVA_HOME=C:\Program Files\Java\jdk1.8.0_31
CLASSPATH=C:\Program Files\OpenNI\Bin64\org.OpenNI.jar
PATH=C:\ProgramData\Oracle\Java\javapath;C:\Program Files\Java\jdk1.7.0_67\bin;C:\Python27\Lib\site-packages\PyQt4;C:\Program Files (x86)\Common Files\Intergraph\Grid Analysis SDK\1.0\Program;C:\Windows\system32;C:\Windows;C:\Windows\System32\Wbem;C:\Windows\System32\WindowsPowerShell\v1.0\;C:\Windows\Program Files (x86)\Common Files\Roxio Shared\DLLShared\;C:\Program Files (x86)\Common Files\Roxio Shared\10.0\DLLShared\;C:\Windows\Program Files\Java\jdk1.7.0_67\bin;C:\Program Files\java\ssj\lib\;C:\Program Files\MATLAB\R2010a\bin;C:\Program Files\OpenNI\Bin64;C:\Program Files\PCL 1.6.0\bin;C:\Program Files\TortoiseSVN\bin;C:\Program Files\Microsoft SQL Server\110\Tools\Binn\;C:\MinGW3\bin;C:\Program Files\TortoiseGit\bin;C:\Program Files (x86)\Windows Kits\8.1\Windows Performance Toolkit\;c:\users\julien\appdata\local\enthought\canopy\user;c:\users\julien\appdata\local\enthought\canopy\user\scripts
USERNAME=Julien
OS=Windows_NT
PROCESSOR_IDENTIFIER=Intel64 Family 6 Model 44 Stepping 2, GenuineIntel



---------------  S Y S T E M  ---------------

OS: Windows 7 , 64 bit Build 7601 Service Pack 1

CPU:total 8 (4 cores per cpu, 2 threads per core) family 6 model 44 stepping 2, cmov, cx8, fxsr, mmx, sse, sse2, sse3, ssse3, sse4.1, sse4.2, popcnt, aes, clmul, ht, tsc, tscinvbit, tscinv

Memory: 4k page, physical 25148644k(19828936k free), swap 50295424k(43612516k free)

vm_info: Java HotSpot(TM) 64-Bit Server VM (25.31-b07) for windows-amd64 JRE (1.8.0_31-b13), built on Dec 17 2014 21:00:28 by "java_re" with MS VC++ 10.0 (VS2010)

time: Thu Feb 05 10:34:55 2015
elapsed time: 7 seconds (0d 0h 0m 7s)

