#
# A fatal error has been detected by the Java Runtime Environment:
#
#  EXCEPTION_ACCESS_VIOLATION (0xc0000005) at pc=0x0000000018350539, pid=1328, tid=8452
#
# JRE version: Java(TM) SE Runtime Environment (7.0_67-b01) (build 1.7.0_67-b01)
# Java VM: Java HotSpot(TM) 64-Bit Server VM (24.65-b04 mixed mode windows-amd64 compressed oops)
# Problematic frame:
# C  0x0000000018350539
#
# Failed to write core dump. Minidumps are not enabled by default on client versions of Windows
#
# If you would like to submit a bug report, please visit:
#   http://bugreport.sun.com/bugreport/crash.jsp
# The crash happened outside the Java Virtual Machine in native code.
# See problematic frame for where to report the bug.
#

---------------  T H R E A D  ---------------

Current thread (0x000000000e80f800):  JavaThread "AWT-EventQueue-0" [_thread_in_native, id=8452, stack(0x0000000012390000,0x0000000012490000)]

siginfo: ExceptionCode=0xc0000005, reading address 0x0000000000001100

Registers:
RAX=0x0000000000000000, RBX=0x000000077c32f3f0, RCX=0x0000000000000003, RDX=0x000000001248d110
RSP=0x000000001248d0e8, RBP=0x000000001248d150, RSI=0x0000000000000010, RDI=0x00000007d7222690
R8 =0x0000000000000003, R9 =0x0000000018350530, R10=0x00000000027a69db, R11=0x0000000002747a80
R12=0x0000000000000000, R13=0x000000001248d1b0, R14=0x000000001248d238, R15=0x000000000e80f800
RIP=0x0000000018350539, EFLAGS=0x0000000000010246

Top of Stack: (sp=0x000000001248d0e8)
0x000000001248d0e8:   00000000027a6a59 00000000024e6198
0x000000001248d0f8:   00000007800cb998 00000007d7222648
0x000000001248d108:   00000007d7222648 0000000780d0eca8
0x000000001248d118:   000000077ae0a205 000000001248d160
0x000000001248d128:   000000077aeaf9d8 0000000000000000
0x000000001248d138:   000000077ae0a210 0000000000000000
0x000000001248d148:   000000001248d160 0000000018350530
0x000000001248d158:   0000000002747ad0 0000000780d0eca8
0x000000001248d168:   0000000000000003 000000077ae35214
0x000000001248d178:   000000001248d1b8 000000077aeb4d50
0x000000001248d188:   0000000000000000 000000001248d200
0x000000001248d198:   00000000024e6846 000000001248d1b8
0x000000001248d1a8:   00000000024e6846 0000000000000003
0x000000001248d1b8:   0000000780d0eca8 000000001248d1c0
0x000000001248d1c8:   000000077c65faa2 000000001248d238
0x000000001248d1d8:   000000077c6607b8 0000000000000000 

Instructions: (pc=0x0000000018350539)
0x0000000018350519:   af af af af af af af c3 cc cc cc cc cc cc cc cc
0x0000000018350529:   cc cc cc cc cc cc cc 65 48 8b 04 25 20 16 00 00
0x0000000018350539:   ff a0 00 11 00 00 cc cc cc cc cc cc cc cc cc cc
0x0000000018350549:   cc cc cc cc cc cc cc cc cc cc cc cc cc cc cc cc 


Register to memory mapping:

RAX=0x0000000000000000 is an unknown value
RBX=0x000000077c32f3f0 is an oop
{method} 
 - klass: {other class}
RCX=0x0000000000000003 is an unknown value
RDX=0x000000001248d110 is pointing into the stack for thread: 0x000000000e80f800
RSP=0x000000001248d0e8 is pointing into the stack for thread: 0x000000000e80f800
RBP=0x000000001248d150 is pointing into the stack for thread: 0x000000000e80f800
RSI=0x0000000000000010 is an unknown value
RDI=0x00000007d7222690 is an unknown value
R8 =0x0000000000000003 is an unknown value
R9 =0x0000000018350530 is an unknown value
R10=0x00000000027a69db is at entry_point+59 in (nmethod*)0x00000000027a6810
R11=0x0000000002747a80 is at entry_point+32 in (nmethod*)0x00000000027478d0
R12=0x0000000000000000 is an unknown value
R13=0x000000001248d1b0 is pointing into the stack for thread: 0x000000000e80f800
R14=0x000000001248d238 is pointing into the stack for thread: 0x000000000e80f800
R15=0x000000000e80f800 is a thread


Stack: [0x0000000012390000,0x0000000012490000],  sp=0x000000001248d0e8,  free space=1012k
Native frames: (J=compiled Java code, j=interpreted, Vv=VM code, C=native code)
C  0x0000000018350539

Java frames: (J=compiled Java code, j=interpreted, Vv=VM code)
J 906  jogamp.opengl.gl4.GL4bcImpl.dispatch_glUseProgram1(IJ)V (0 bytes) @ 0x00000000027a69db [0x00000000027a69a0+0x3b]
J 905 C2 jogamp.opengl.gl4.GL4bcImpl.glUseProgram(I)V (50 bytes) @ 0x0000000002747ad0 [0x0000000002747a60+0x70]
j  fr.ird.voxelidar.graphics3d.jogl.JoglListener$1.projMatrixChanged(Lfr/ird/voxelidar/math/matrix/Mat4F;)V+90
j  fr.ird.voxelidar.graphics3d.object.camera.TrackballCamera.fireProjectionMatrixChanged(Lfr/ird/voxelidar/math/matrix/Mat4F;)V+35
j  fr.ird.voxelidar.graphics3d.object.camera.TrackballCamera.updateProjMatrix()V+69
j  fr.ird.voxelidar.graphics3d.object.camera.TrackballCamera.setOrthographic(FFFFFF)V+39
j  fr.ird.voxelidar.frame.JFrameTools.jPanelOrthographicMouseClicked(Ljava/awt/event/MouseEvent;)V+141
j  fr.ird.voxelidar.frame.JFrameTools.access$1100(Lfr/ird/voxelidar/frame/JFrameTools;Ljava/awt/event/MouseEvent;)V+2
j  fr.ird.voxelidar.frame.JFrameTools$12.mouseClicked(Ljava/awt/event/MouseEvent;)V+5
j  java.awt.Component.processMouseEvent(Ljava/awt/event/MouseEvent;)V+74
j  javax.swing.JComponent.processMouseEvent(Ljava/awt/event/MouseEvent;)V+23
j  java.awt.Component.processEvent(Ljava/awt/AWTEvent;)V+81
j  java.awt.Container.processEvent(Ljava/awt/AWTEvent;)V+18
j  java.awt.Component.dispatchEventImpl(Ljava/awt/AWTEvent;)V+581
j  java.awt.Container.dispatchEventImpl(Ljava/awt/AWTEvent;)V+42
J 985 C2 java.awt.LightweightDispatcher.retargetMouseEvent(Ljava/awt/Component;ILjava/awt/event/MouseEvent;)V (350 bytes) @ 0x00000000027eb6c0 [0x00000000027eb100+0x5c0]
j  java.awt.LightweightDispatcher.processMouseEvent(Ljava/awt/event/MouseEvent;)Z+157
j  java.awt.LightweightDispatcher.dispatchEvent(Ljava/awt/AWTEvent;)Z+50
j  java.awt.Container.dispatchEventImpl(Ljava/awt/AWTEvent;)V+12
j  java.awt.Window.dispatchEventImpl(Ljava/awt/AWTEvent;)V+19
J 804 C2 java.awt.EventQueue$3.run()Ljava/lang/Object; (5 bytes) @ 0x0000000002779f50 [0x0000000002779d80+0x1d0]
v  ~StubRoutines::call_stub
J 737  java.security.AccessController.doPrivileged(Ljava/security/PrivilegedAction;Ljava/security/AccessControlContext;)Ljava/lang/Object; (0 bytes) @ 0x0000000002740946 [0x00000000027408e0+0x66]
J 921 C2 java.security.ProtectionDomain$1.doIntersectionPrivilege(Ljava/security/PrivilegedAction;Ljava/security/AccessControlContext;Ljava/security/AccessControlContext;)Ljava/lang/Object; (32 bytes) @ 0x00000000027ada9c [0x00000000027ad9c0+0xdc]
j  java.security.ProtectionDomain$1.doIntersectionPrivilege(Ljava/security/PrivilegedAction;Ljava/security/AccessControlContext;)Ljava/lang/Object;+6
j  java.awt.EventQueue$4.run()Ljava/lang/Void;+11
j  java.awt.EventQueue$4.run()Ljava/lang/Object;+1
v  ~StubRoutines::call_stub
J 737  java.security.AccessController.doPrivileged(Ljava/security/PrivilegedAction;Ljava/security/AccessControlContext;)Ljava/lang/Object; (0 bytes) @ 0x0000000002740946 [0x00000000027408e0+0x66]
J 756 C2 java.awt.EventDispatchThread.pumpOneEventForFilters(I)V (295 bytes) @ 0x0000000002755e50 [0x0000000002755320+0xb30]
J 858% C2 java.awt.EventDispatchThread.pumpEventsForFilter(ILjava/awt/Conditional;Ljava/awt/EventFilter;)V (47 bytes) @ 0x00000000027418d8 [0x0000000002741800+0xd8]
j  java.awt.EventDispatchThread.pumpEventsForHierarchy(ILjava/awt/Conditional;Ljava/awt/Component;)V+11
j  java.awt.EventDispatchThread.pumpEvents(ILjava/awt/Conditional;)V+4
j  java.awt.EventDispatchThread.pumpEvents(Ljava/awt/Conditional;)V+3
j  java.awt.EventDispatchThread.run()V+9
v  ~StubRoutines::call_stub

---------------  P R O C E S S  ---------------

Java Threads: ( => current thread )
  0x00000000138c3000 JavaThread "AWT-EventQueue-0-FPSAWTAnimator#00-Timer3" [_thread_blocked, id=8888, stack(0x000000001ab30000,0x000000001ac30000)]
  0x00000000138c2000 JavaThread "SwingWorker-pool-2-thread-2" daemon [_thread_blocked, id=8196, stack(0x000000001ad50000,0x000000001ae50000)]
  0x00000000138c0800 JavaThread "AWT-EventQueue-0-Display-.windows_nil-1-EDT-1" daemon [_thread_blocked, id=8692, stack(0x000000001a940000,0x000000001aa40000)]
  0x000000000edb9800 JavaThread "AWT-EventQueue-0-SharedResourceRunner" daemon [_thread_blocked, id=9704, stack(0x0000000011f10000,0x0000000012010000)]
  0x000000000e8ff800 JavaThread "SwingWorker-pool-2-thread-1" daemon [_thread_blocked, id=9004, stack(0x0000000015bc0000,0x0000000015cc0000)]
  0x000000001384b000 JavaThread "D3D Screen Updater" daemon [_thread_blocked, id=9488, stack(0x00000000150c0000,0x00000000151c0000)]
  0x000000000217a000 JavaThread "DestroyJavaVM" [_thread_blocked, id=9792, stack(0x00000000023e0000,0x00000000024e0000)]
  0x000000000edcb800 JavaThread "TimerQueue" daemon [_thread_blocked, id=10040, stack(0x00000000149c0000,0x0000000014ac0000)]
  0x000000000e993800 JavaThread "org.netbeans.modules.debugger.jpda.visual AWT Access Loop" daemon [_thread_blocked, id=9344, stack(0x0000000012b50000,0x0000000012c50000)]
  0x000000000e8b4800 JavaThread "Swing-Shell" daemon [_thread_blocked, id=7380, stack(0x0000000012680000,0x0000000012780000)]
=>0x000000000e80f800 JavaThread "AWT-EventQueue-0" [_thread_in_native, id=8452, stack(0x0000000012390000,0x0000000012490000)]
  0x000000000e857800 JavaThread "AWT-Windows" daemon [_thread_in_native, id=8584, stack(0x000000000f350000,0x000000000f450000)]
  0x000000000e856000 JavaThread "AWT-Shutdown" [_thread_blocked, id=9652, stack(0x000000000f240000,0x000000000f340000)]
  0x000000000e855000 JavaThread "Java2D Disposer" daemon [_thread_blocked, id=9296, stack(0x000000000f0a0000,0x000000000f1a0000)]
  0x000000000c0ff000 JavaThread "Service Thread" daemon [_thread_blocked, id=6016, stack(0x000000000e700000,0x000000000e800000)]
  0x000000000c0fe000 JavaThread "C2 CompilerThread1" daemon [_thread_blocked, id=3800, stack(0x000000000e530000,0x000000000e630000)]
  0x000000000c0fd800 JavaThread "C2 CompilerThread0" daemon [_thread_blocked, id=7432, stack(0x000000000e330000,0x000000000e430000)]
  0x000000000c0e0000 JavaThread "JDWP Command Reader" daemon [_thread_in_native, id=8612, stack(0x000000000e170000,0x000000000e270000)]
  0x000000000c0d9000 JavaThread "JDWP Event Helper Thread" daemon [_thread_blocked, id=8344, stack(0x000000000e000000,0x000000000e100000)]
  0x000000000c0cb000 JavaThread "JDWP Transport Listener: dt_socket" daemon [_thread_blocked, id=5592, stack(0x000000000dda0000,0x000000000dea0000)]
  0x000000000c0c4000 JavaThread "Attach Listener" daemon [_thread_blocked, id=9272, stack(0x000000000d7b0000,0x000000000d8b0000)]
  0x000000000b13f800 JavaThread "Signal Dispatcher" daemon [_thread_blocked, id=9408, stack(0x000000000d620000,0x000000000d720000)]
  0x000000000220e800 JavaThread "Finalizer" daemon [_thread_blocked, id=8904, stack(0x000000000d490000,0x000000000d590000)]
  0x000000000b121000 JavaThread "Reference Handler" daemon [_thread_blocked, id=7412, stack(0x000000000d2a0000,0x000000000d3a0000)]

Other Threads:
  0x000000000c083800 VMThread [stack: 0x000000000d0f0000,0x000000000d1f0000] [id=9688]
  0x000000000c109800 WatcherThread [stack: 0x000000000e430000,0x000000000e530000] [id=9276]

VM state:not at safepoint (normal execution)

VM Mutex/Monitor currently owned by a thread: None

Heap
 PSYoungGen      total 84480K, used 32645K [0x00000007d5500000, 0x00000007db980000, 0x0000000800000000)
  eden space 69120K, 43% used [0x00000007d5500000,0x00000007d7292440,0x00000007d9880000)
  from space 15360K, 15% used [0x00000007daa80000,0x00000007daccf238,0x00000007db980000)
  to   space 16896K, 0% used [0x00000007d9880000,0x00000007d9880000,0x00000007da900000)
 ParOldGen       total 261632K, used 36549K [0x0000000780000000, 0x000000078ff80000, 0x00000007d5500000)
  object space 261632K, 13% used [0x0000000780000000,0x00000007823b17d8,0x000000078ff80000)
 PSPermGen       total 25600K, used 25582K [0x000000077ae00000, 0x000000077c700000, 0x0000000780000000)
  object space 25600K, 99% used [0x000000077ae00000,0x000000077c6fba88,0x000000077c700000)

Card table byte_map: [0x00000000055a0000,0x00000000059d0000] byte_map_base: 0x00000000019c9000

Polling page: 0x0000000000230000

Code Cache  [0x00000000024e0000, 0x0000000002810000, 0x00000000054e0000)
 total_blobs=1789 nmethods=942 adapters=807 free_code_cache=45999Kb largest_free_block=47004224

Compilation events (10 events):
Event: 821.494 Thread 0x000000000c0fe000 1008             javax.media.nativewindow.DefaultGraphicsScreen::getDevice (5 bytes)
Event: 821.494 Thread 0x000000000c0fe000 nmethod 1008 0x0000000002620210 code [0x0000000002620340, 0x00000000026203b8]
Event: 825.702 Thread 0x000000000c0fd800 1009             java.lang.Float::toString (12 bytes)
Event: 825.707 Thread 0x000000000c0fd800 nmethod 1009 0x00000000026fd210 code [0x00000000026fd380, 0x00000000026fd5b8]
Event: 827.823 Thread 0x000000000c0fe000 1010             javax.media.nativewindow.DefaultGraphicsConfiguration::getScreen (5 bytes)
Event: 827.824 Thread 0x000000000c0fe000 nmethod 1010 0x00000000027fc150 code [0x00000000027fc280, 0x00000000027fc2f8]
Event: 834.220 Thread 0x000000000c0fd800 1011             jogamp.newt.WindowImpl::isNativeValid (15 bytes)
Event: 834.220 Thread 0x000000000c0fd800 nmethod 1011 0x00000000027fcf10 code [0x00000000027fd040, 0x00000000027fd0b8]
Event: 846.244 Thread 0x000000000c0fe000 1012  s          java.awt.geom.Path2D$Double::getBounds2D (143 bytes)
Event: 846.253 Thread 0x000000000c0fe000 nmethod 1012 0x00000000027e74d0 code [0x00000000027e7620, 0x00000000027e7cf8]

GC Heap History (10 events):
Event: 141.245 GC heap before
{Heap before GC invocations=16 (full 0):
 PSYoungGen      total 85504K, used 85258K [0x00000007d5500000, 0x00000007dbf80000, 0x0000000800000000)
  eden space 78336K, 100% used [0x00000007d5500000,0x00000007da180000,0x00000007da180000)
  from space 7168K, 96% used [0x00000007da300000,0x00000007da9c2b80,0x00000007daa00000)
  to   space 15360K, 0% used [0x00000007db080000,0x00000007db080000,0x00000007dbf80000)
 ParOldGen       total 261632K, used 12443K [0x0000000780000000, 0x000000078ff80000, 0x00000007d5500000)
  object space 261632K, 4% used [0x0000000780000000,0x0000000780c26cc8,0x000000078ff80000)
 PSPermGen       total 25088K, used 25028K [0x000000077ae00000, 0x000000077c680000, 0x0000000780000000)
  object space 25088K, 99% used [0x000000077ae00000,0x000000077c6711e0,0x000000077c680000)
Event: 141.260 GC heap after
Heap after GC invocations=16 (full 0):
 PSYoungGen      total 89088K, used 15359K [0x00000007d5500000, 0x00000007df680000, 0x0000000800000000)
  eden space 73728K, 0% used [0x00000007d5500000,0x00000007d5500000,0x00000007d9d00000)
  from space 15360K, 99% used [0x00000007db080000,0x00000007dbf7fe10,0x00000007dbf80000)
  to   space 19968K, 0% used [0x00000007d9d00000,0x00000007d9d00000,0x00000007db080000)
 ParOldGen       total 261632K, used 16361K [0x0000000780000000, 0x000000078ff80000, 0x00000007d5500000)
  object space 261632K, 6% used [0x0000000780000000,0x0000000780ffa6b8,0x000000078ff80000)
 PSPermGen       total 25088K, used 25028K [0x000000077ae00000, 0x000000077c680000, 0x0000000780000000)
  object space 25088K, 99% used [0x000000077ae00000,0x000000077c6711e0,0x000000077c680000)
}
Event: 174.275 GC heap before
{Heap before GC invocations=17 (full 0):
 PSYoungGen      total 89088K, used 88800K [0x00000007d5500000, 0x00000007df680000, 0x0000000800000000)
  eden space 73728K, 99% used [0x00000007d5500000,0x00000007d9cb83e0,0x00000007d9d00000)
  from space 15360K, 99% used [0x00000007db080000,0x00000007dbf7fe10,0x00000007dbf80000)
  to   space 19968K, 0% used [0x00000007d9d00000,0x00000007d9d00000,0x00000007db080000)
 ParOldGen       total 261632K, used 16361K [0x0000000780000000, 0x000000078ff80000, 0x00000007d5500000)
  object space 261632K, 6% used [0x0000000780000000,0x0000000780ffa6b8,0x000000078ff80000)
 PSPermGen       total 25600K, used 25371K [0x000000077ae00000, 0x000000077c700000, 0x0000000780000000)
  object space 25600K, 99% used [0x000000077ae00000,0x000000077c6c6c78,0x000000077c700000)
Event: 174.297 GC heap after
Heap after GC invocations=17 (full 0):
 PSYoungGen      total 78848K, used 6245K [0x00000007d5500000, 0x00000007dbf80000, 0x0000000800000000)
  eden space 72192K, 0% used [0x00000007d5500000,0x00000007d5500000,0x00000007d9b80000)
  from space 6656K, 93% used [0x00000007d9d00000,0x00000007da3194a0,0x00000007da380000)
  to   space 18432K, 0% used [0x00000007dad80000,0x00000007dad80000,0x00000007dbf80000)
 ParOldGen       total 261632K, used 31694K [0x0000000780000000, 0x000000078ff80000, 0x00000007d5500000)
  object space 261632K, 12% used [0x0000000780000000,0x0000000781ef3a20,0x000000078ff80000)
 PSPermGen       total 25600K, used 25371K [0x000000077ae00000, 0x000000077c700000, 0x0000000780000000)
  object space 25600K, 99% used [0x000000077ae00000,0x000000077c6c6c78,0x000000077c700000)
}
Event: 225.733 GC heap before
{Heap before GC invocations=18 (full 0):
 PSYoungGen      total 78848K, used 78437K [0x00000007d5500000, 0x00000007dbf80000, 0x0000000800000000)
  eden space 72192K, 100% used [0x00000007d5500000,0x00000007d9b80000,0x00000007d9b80000)
  from space 6656K, 93% used [0x00000007d9d00000,0x00000007da3194a0,0x00000007da380000)
  to   space 18432K, 0% used [0x00000007dad80000,0x00000007dad80000,0x00000007dbf80000)
 ParOldGen       total 261632K, used 31694K [0x0000000780000000, 0x000000078ff80000, 0x00000007d5500000)
  object space 261632K, 12% used [0x0000000780000000,0x0000000781ef3a20,0x000000078ff80000)
 PSPermGen       total 25600K, used 25433K [0x000000077ae00000, 0x000000077c700000, 0x0000000780000000)
  object space 25600K, 99% used [0x000000077ae00000,0x000000077c6d6568,0x000000077c700000)
Event: 225.744 GC heap after
Heap after GC invocations=18 (full 0):
 PSYoungGen      total 87552K, used 1524K [0x00000007d5500000, 0x00000007dbd80000, 0x0000000800000000)
  eden space 71168K, 0% used [0x00000007d5500000,0x00000007d5500000,0x00000007d9a80000)
  from space 16384K, 9% used [0x00000007dad80000,0x00000007daefd010,0x00000007dbd80000)
  to   space 17920K, 0% used [0x00000007d9a80000,0x00000007d9a80000,0x00000007dac00000)
 ParOldGen       total 261632K, used 36362K [0x0000000780000000, 0x000000078ff80000, 0x00000007d5500000)
  object space 261632K, 13% used [0x0000000780000000,0x0000000782382a20,0x000000078ff80000)
 PSPermGen       total 25600K, used 25433K [0x000000077ae00000, 0x000000077c700000, 0x0000000780000000)
  object space 25600K, 99% used [0x000000077ae00000,0x000000077c6d6568,0x000000077c700000)
}
Event: 246.044 GC heap before
{Heap before GC invocations=19 (full 0):
 PSYoungGen      total 87552K, used 72692K [0x00000007d5500000, 0x00000007dbd80000, 0x0000000800000000)
  eden space 71168K, 100% used [0x00000007d5500000,0x00000007d9a80000,0x00000007d9a80000)
  from space 16384K, 9% used [0x00000007dad80000,0x00000007daefd010,0x00000007dbd80000)
  to   space 17920K, 0% used [0x00000007d9a80000,0x00000007d9a80000,0x00000007dac00000)
 ParOldGen       total 261632K, used 36362K [0x0000000780000000, 0x000000078ff80000, 0x00000007d5500000)
  object space 261632K, 13% used [0x0000000780000000,0x0000000782382a20,0x000000078ff80000)
 PSPermGen       total 25600K, used 25453K [0x000000077ae00000, 0x000000077c700000, 0x0000000780000000)
  object space 25600K, 99% used [0x000000077ae00000,0x000000077c6db6d8,0x000000077c700000)
Event: 246.050 GC heap after
Heap after GC invocations=19 (full 0):
 PSYoungGen      total 72192K, used 1656K [0x00000007d5500000, 0x00000007dbb80000, 0x0000000800000000)
  eden space 70144K, 0% used [0x00000007d5500000,0x00000007d5500000,0x00000007d9980000)
  from space 2048K, 80% used [0x00000007d9a80000,0x00000007d9c1e070,0x00000007d9c80000)
  to   space 17408K, 0% used [0x00000007daa80000,0x00000007daa80000,0x00000007dbb80000)
 ParOldGen       total 261632K, used 36453K [0x0000000780000000, 0x000000078ff80000, 0x00000007d5500000)
  object space 261632K, 13% used [0x0000000780000000,0x00000007823997d8,0x000000078ff80000)
 PSPermGen       total 25600K, used 25453K [0x000000077ae00000, 0x000000077c700000, 0x0000000780000000)
  object space 25600K, 99% used [0x000000077ae00000,0x000000077c6db6d8,0x000000077c700000)
}
Event: 564.255 GC heap before
{Heap before GC invocations=20 (full 0):
 PSYoungGen      total 72192K, used 71800K [0x00000007d5500000, 0x00000007dbb80000, 0x0000000800000000)
  eden space 70144K, 100% used [0x00000007d5500000,0x00000007d9980000,0x00000007d9980000)
  from space 2048K, 80% used [0x00000007d9a80000,0x00000007d9c1e070,0x00000007d9c80000)
  to   space 17408K, 0% used [0x00000007daa80000,0x00000007daa80000,0x00000007dbb80000)
 ParOldGen       total 261632K, used 36453K [0x0000000780000000, 0x000000078ff80000, 0x00000007d5500000)
  object space 261632K, 13% used [0x0000000780000000,0x00000007823997d8,0x000000078ff80000)
 PSPermGen       total 25600K, used 25511K [0x000000077ae00000, 0x000000077c700000, 0x0000000780000000)
  object space 25600K, 99% used [0x000000077ae00000,0x000000077c6e9ee0,0x000000077c700000)
Event: 564.263 GC heap after
Heap after GC invocations=20 (full 0):
 PSYoungGen      total 84480K, used 2364K [0x00000007d5500000, 0x00000007db980000, 0x0000000800000000)
  eden space 69120K, 0% used [0x00000007d5500000,0x00000007d5500000,0x00000007d9880000)
  from space 15360K, 15% used [0x00000007daa80000,0x00000007daccf238,0x00000007db980000)
  to   space 16896K, 0% used [0x00000007d9880000,0x00000007d9880000,0x00000007da900000)
 ParOldGen       total 261632K, used 36549K [0x0000000780000000, 0x000000078ff80000, 0x00000007d5500000)
  object space 261632K, 13% used [0x0000000780000000,0x00000007823b17d8,0x000000078ff80000)
 PSPermGen       total 25600K, used 25511K [0x000000077ae00000, 0x000000077c700000, 0x0000000780000000)
  object space 25600K, 99% used [0x000000077ae00000,0x000000077c6e9ee0,0x000000077c700000)
}

Deoptimization events (10 events):
Event: 545.251 Thread 0x000000000e80f800 Uncommon trap: reason=class_check action=maybe_recompile pc=0x0000000002657750 method=java.awt.Container.dispatchEventImpl(Ljava/awt/AWTEvent;)V @ 19
Event: 548.299 Thread 0x000000000e80f800 Uncommon trap: reason=class_check action=maybe_recompile pc=0x000000000271bb2c method=java.awt.EventQueue.coalesceEvent(Ljava/awt/AWTEvent;I)Z @ 77
Event: 548.302 Thread 0x000000000e80f800 Uncommon trap: reason=class_check action=maybe_recompile pc=0x0000000002657750 method=java.awt.Container.dispatchEventImpl(Ljava/awt/AWTEvent;)V @ 19
Event: 617.155 Thread 0x000000000e80f800 Uncommon trap: reason=bimorphic action=maybe_recompile pc=0x00000000027167d0 method=javax.swing.text.AbstractDocument.fireRemoveUpdate(Ljavax/swing/event/DocumentEvent;)V @ 40
Event: 617.155 Thread 0x000000000e80f800 Uncommon trap: reason=bimorphic action=maybe_recompile pc=0x0000000002717598 method=javax.swing.text.AbstractDocument.fireInsertUpdate(Ljavax/swing/event/DocumentEvent;)V @ 40
Event: 617.282 Thread 0x000000000e80f800 Uncommon trap: reason=bimorphic action=maybe_recompile pc=0x0000000002717598 method=javax.swing.text.AbstractDocument.fireInsertUpdate(Ljavax/swing/event/DocumentEvent;)V @ 40
Event: 617.714 Thread 0x000000000e80f800 Uncommon trap: reason=bimorphic action=maybe_recompile pc=0x0000000002717598 method=javax.swing.text.AbstractDocument.fireInsertUpdate(Ljavax/swing/event/DocumentEvent;)V @ 40
Event: 625.562 Thread 0x000000000e80f800 Uncommon trap: reason=bimorphic action=maybe_recompile pc=0x00000000027167d0 method=javax.swing.text.AbstractDocument.fireRemoveUpdate(Ljavax/swing/event/DocumentEvent;)V @ 40
Event: 625.563 Thread 0x000000000e80f800 Uncommon trap: reason=bimorphic action=maybe_recompile pc=0x0000000002717598 method=javax.swing.text.AbstractDocument.fireInsertUpdate(Ljavax/swing/event/DocumentEvent;)V @ 40
Event: 643.514 Thread 0x000000000e80f800 Uncommon trap: reason=bimorphic action=maybe_recompile pc=0x00000000027167d0 method=javax.swing.text.AbstractDocument.fireRemoveUpdate(Ljavax/swing/event/DocumentEvent;)V @ 40

Internal exceptions (10 events):
Event: 141.436 Thread 0x00000000138c1800 Threw 0x00000007d6e2dde8 at C:\re\jdk7u67\1368\hotspot\src\share\vm\prims\jvm.cpp:1244
Event: 141.576 Thread 0x00000000138c1800 Threw 0x00000007d6f5a130 at C:\re\jdk7u67\1368\hotspot\src\share\vm\prims\jvm.cpp:1244
Event: 141.576 Thread 0x00000000138c1800 Threw 0x00000007d6f5c1e8 at C:\re\jdk7u67\1368\hotspot\src\share\vm\prims\jvm.cpp:1244
Event: 141.577 Thread 0x00000000138c1800 Threw 0x00000007d6f5fc18 at C:\re\jdk7u67\1368\hotspot\src\share\vm\prims\jvm.cpp:1244
Event: 141.578 Thread 0x00000000138c1800 Threw 0x00000007d6f63640 at C:\re\jdk7u67\1368\hotspot\src\share\vm\prims\jvm.cpp:1244
Event: 151.349 Thread 0x000000000e80f800 Threw 0x00000007d7a76928 at C:\re\jdk7u67\1368\hotspot\src\share\vm\prims\jvm.cpp:1244
Event: 151.473 Thread 0x00000000138c3000 Implicit null exception at 0x0000000002746f7d to 0x000000000274cd15
Event: 204.915 Thread 0x00000000138c0800 Threw 0x00000007d940ba98 at C:\re\jdk7u67\1368\hotspot\src\share\vm\prims\jvm.cpp:1244
Event: 292.528 Thread 0x000000000e80f800 Implicit null exception at 0x00000000025e1f8c to 0x00000000025e2025
Event: 851.070 Thread 0x000000000e80f800 Threw 0x00000007d7220248 at C:\re\jdk7u67\1368\hotspot\src\share\vm\prims\jvm.cpp:1244

Events (10 events):
Event: 643.514 Thread 0x000000000e80f800 Uncommon trap: trap_request=0xffffffc6 fr.pc=0x00000000027167d0
Event: 643.514 Thread 0x000000000e80f800 DEOPT PACKING pc=0x00000000027167d0 sp=0x000000001248cf00
Event: 643.514 Thread 0x000000000e80f800 DEOPT UNPACKING pc=0x0000000002519064 sp=0x000000001248ceb8 mode 2
Event: 689.061 Thread 0x000000000c0fd800 flushing nmethod 0x00000000025e1e10
Event: 815.937 Thread 0x000000000c0fd800 flushing nmethod 0x0000000002620010
Event: 821.494 Thread 0x000000000c0fe000 flushing nmethod 0x00000000026fd050
Event: 846.253 Thread 0x000000000c0fe000 flushing nmethod 0x000000000279b290
Event: 846.253 Thread 0x000000000c0fe000 flushing nmethod 0x000000000279e190
Event: 851.070 loading class 0x000000000c410990
Event: 851.070 loading class 0x000000000c410990 done


Dynamic libraries:
0x000000013f670000 - 0x000000013f6a3000 	C:\Program Files\Java\jdk1.7.0_67\bin\java.exe
0x0000000077720000 - 0x00000000778c9000 	C:\Windows\SYSTEM32\ntdll.dll
0x0000000077500000 - 0x000000007761f000 	C:\Windows\system32\kernel32.dll
0x000007fefd8b0000 - 0x000007fefd91c000 	C:\Windows\system32\KERNELBASE.dll
0x000007fefea90000 - 0x000007fefeb6b000 	C:\Windows\system32\ADVAPI32.dll
0x000007fefdcc0000 - 0x000007fefdd5f000 	C:\Windows\system32\msvcrt.dll
0x000007fefe490000 - 0x000007fefe4af000 	C:\Windows\SYSTEM32\sechost.dll
0x000007fefd920000 - 0x000007fefda4d000 	C:\Windows\system32\RPCRT4.dll
0x0000000077620000 - 0x000000007771a000 	C:\Windows\system32\USER32.dll
0x000007fefdbd0000 - 0x000007fefdc37000 	C:\Windows\system32\GDI32.dll
0x000007fefdbc0000 - 0x000007fefdbce000 	C:\Windows\system32\LPK.dll
0x000007fefe9c0000 - 0x000007fefea89000 	C:\Windows\system32\USP10.dll
0x000007fefbd60000 - 0x000007fefbf54000 	C:\Windows\WinSxS\amd64_microsoft.windows.common-controls_6595b64144ccf1df_6.0.7601.17514_none_fa396087175ac9ac\COMCTL32.dll
0x000007fefe220000 - 0x000007fefe291000 	C:\Windows\system32\SHLWAPI.dll
0x000007fefe690000 - 0x000007fefe6be000 	C:\Windows\system32\IMM32.DLL
0x000007fefe2a0000 - 0x000007fefe3a9000 	C:\Windows\system32\MSCTF.dll
0x00000000655a0000 - 0x0000000065672000 	C:\Program Files\Java\jdk1.7.0_67\jre\bin\msvcr100.dll
0x00000000646c0000 - 0x0000000064e92000 	C:\Program Files\Java\jdk1.7.0_67\jre\bin\server\jvm.dll
0x000007fefa990000 - 0x000007fefa999000 	C:\Windows\system32\WSOCK32.dll
0x000007fefe760000 - 0x000007fefe7ad000 	C:\Windows\system32\WS2_32.dll
0x000007feffa20000 - 0x000007feffa28000 	C:\Windows\system32\NSI.dll
0x000007fef9ec0000 - 0x000007fef9efb000 	C:\Windows\system32\WINMM.dll
0x00000000778e0000 - 0x00000000778e7000 	C:\Windows\system32\PSAPI.DLL
0x0000000065550000 - 0x000000006555f000 	C:\Program Files\Java\jdk1.7.0_67\jre\bin\verify.dll
0x0000000065520000 - 0x0000000065548000 	C:\Program Files\Java\jdk1.7.0_67\jre\bin\java.dll
0x0000000053490000 - 0x00000000534c5000 	C:\Program Files\Java\jdk1.7.0_67\jre\bin\jdwp.dll
0x0000000053420000 - 0x0000000053428000 	C:\Program Files\Java\jdk1.7.0_67\jre\bin\npt.dll
0x0000000065500000 - 0x0000000065515000 	C:\Program Files\Java\jdk1.7.0_67\jre\bin\zip.dll
0x0000000052f70000 - 0x0000000052f79000 	C:\Program Files\Java\jdk1.7.0_67\jre\bin\dt_socket.dll
0x000007fefcd00000 - 0x000007fefcd55000 	C:\Windows\system32\mswsock.dll
0x000007fefc6c0000 - 0x000007fefc6c7000 	C:\Windows\System32\wshtcpip.dll
0x0000000065320000 - 0x00000000654b5000 	C:\Program Files\Java\jdk1.7.0_67\jre\bin\awt.dll
0x000007fefe3b0000 - 0x000007fefe487000 	C:\Windows\system32\OLEAUT32.dll
0x000007fefe7b0000 - 0x000007fefe9b3000 	C:\Windows\system32\ole32.dll
0x000007fefb2b0000 - 0x000007fefb2c8000 	C:\Windows\system32\DWMAPI.DLL
0x000007fefba30000 - 0x000007fefba86000 	C:\Windows\system32\uxtheme.dll
0x000007fefd3c0000 - 0x000007fefd3cf000 	C:\Windows\system32\CRYPTBASE.dll
0x000007fee9690000 - 0x000007fee988f000 	C:\Windows\system32\d3d9.dll
0x000007fefc9d0000 - 0x000007fefc9dc000 	C:\Windows\system32\VERSION.dll
0x000007fefa660000 - 0x000007fefa667000 	C:\Windows\system32\d3d8thk.dll
0x000007fee5d60000 - 0x000007fee6e15000 	C:\Windows\system32\nvd3dumx.dll
0x000007fefc250000 - 0x000007fefc27c000 	C:\Windows\system32\powrprof.dll
0x000007fefe4b0000 - 0x000007fefe687000 	C:\Windows\system32\SETUPAPI.dll
0x000007fefd580000 - 0x000007fefd5b6000 	C:\Windows\system32\CFGMGR32.dll
0x000007fefd5e0000 - 0x000007fefd5fa000 	C:\Windows\system32\DEVOBJ.dll
0x000007fee9520000 - 0x000007fee968a000 	C:\Program Files (x86)\NVIDIA Corporation\3D Vision\nvSCPAPI64.dll
0x000007fefec90000 - 0x000007feffa18000 	C:\Windows\system32\SHELL32.dll
0x000007fef9a00000 - 0x000007fef9d33000 	C:\Windows\system32\nvapi64.dll
0x000007fefd7b0000 - 0x000007fefd7ea000 	C:\Windows\system32\WINTRUST.dll
0x000007fefd610000 - 0x000007fefd77c000 	C:\Windows\system32\CRYPT32.dll
0x000007fefd570000 - 0x000007fefd57f000 	C:\Windows\system32\MSASN1.dll
0x000007fef9e20000 - 0x000007fef9ec0000 	C:\Windows\WinSxS\amd64_microsoft.windows.common-controls_6595b64144ccf1df_5.82.7601.18201_none_a4d3b9377117c3df\comctl32.dll
0x00000000652a0000 - 0x00000000652e7000 	C:\Program Files\Java\jdk1.7.0_67\jre\bin\fontmanager.dll
0x00000000654e0000 - 0x00000000654f9000 	C:\Program Files\Java\jdk1.7.0_67\jre\bin\net.dll
0x000007fefccf0000 - 0x000007fefccf7000 	C:\Windows\System32\wship6.dll
0x00000000654c0000 - 0x00000000654d1000 	C:\Program Files\Java\jdk1.7.0_67\jre\bin\nio.dll
0x0000000065250000 - 0x0000000065291000 	C:\Program Files\Java\jdk1.7.0_67\jre\bin\t2k.dll
0x000007fefe6c0000 - 0x000007fefe759000 	C:\Windows\system32\CLBCatQ.DLL
0x000007fefbba0000 - 0x000007fefbccc000 	C:\Windows\system32\propsys.dll
0x000007fefba00000 - 0x000007fefba2d000 	C:\Windows\system32\ntmarta.dll
0x000007fefdc60000 - 0x000007fefdcb2000 	C:\Windows\system32\WLDAP32.dll
0x000007fefd360000 - 0x000007fefd3b7000 	C:\Windows\system32\apphelp.dll
0x000007feeef70000 - 0x000007feef10c000 	C:\Windows\system32\NetworkExplorer.dll
0x000007feef3b0000 - 0x000007feef3e4000 	C:\Windows\System32\shdocvw.dll
0x000007fefd560000 - 0x000007fefd56f000 	C:\Windows\system32\profapi.dll
0x000007fefb450000 - 0x000007fefb45b000 	C:\Windows\system32\slc.dll
0x000007fefa9a0000 - 0x000007fefa9b8000 	C:\Windows\system32\MPR.dll
0x000000006ff60000 - 0x000000006ff72000 	C:\Windows\system32\snacnp.dll
0x000007fef95c0000 - 0x000007fef96b7000 	C:\Windows\system32\ncnetprovider.dll
0x000007fefa9c0000 - 0x000007fefa9de000 	C:\Windows\system32\NCLangID.dll
0x000007fef9d50000 - 0x000007fef9d7c000 	C:\Windows\system32\MAPBASE.dll
0x0000000050d20000 - 0x0000000050d67000 	C:\Windows\system32\CALWIN32.DLL
0x0000000006270000 - 0x0000000006291000 	C:\Windows\system32\CLNWIN32.DLL
0x0000000050df0000 - 0x0000000050e22000 	C:\Windows\system32\LOCWIN32.DLL
0x0000000006720000 - 0x0000000006765000 	C:\Windows\system32\NCPWIN32.dll
0x0000000050da0000 - 0x0000000050db3000 	C:\Windows\system32\CLXWIN32.DLL
0x000000000d1f0000 - 0x000000000d235000 	C:\Windows\system32\NETWIN32.DLL
0x000007fef99b0000 - 0x000007fef99f5000 	C:\Windows\system32\NWSHLXNT.dll
0x000007fefad40000 - 0x000007fefad56000 	C:\Windows\system32\NETAPI32.dll
0x000007fefad30000 - 0x000007fefad3c000 	C:\Windows\system32\netutils.dll
0x000007fefcfe0000 - 0x000007fefd003000 	C:\Windows\system32\srvcli.dll
0x000007fefad00000 - 0x000007fefad15000 	C:\Windows\system32\wkscli.dll
0x000007fefab40000 - 0x000007fefab54000 	C:\Windows\system32\SAMCLI.DLL
0x000007fef9990000 - 0x000007fef99a2000 	C:\Windows\system32\BROWCLI.DLL
0x000007fefc7a0000 - 0x000007fefc7b1000 	C:\Windows\system32\WTSAPI32.dll
0x0000000075090000 - 0x0000000075095000 	C:\Windows\system32\nls\FRANCAIS\NCLangIDR.DLL
0x00000000740c0000 - 0x00000000740d7000 	C:\Windows\system32\nls\FRANCAIS\MAPBASER.DLL
0x00000000740a0000 - 0x00000000740ba000 	C:\Windows\system32\nls\FRANCAIS\NWSHLXNTR.DLL
0x0000000074020000 - 0x000000007409c000 	C:\Windows\system32\nls\FRANCAIS\ncnetproviderR.DLL
0x000007fefd330000 - 0x000007fefd355000 	C:\Windows\system32\SspiCli.dll
0x000007feeef60000 - 0x000007feeef6a000 	C:\Windows\System32\drprov.dll
0x000007fefd470000 - 0x000007fefd4ad000 	C:\Windows\System32\WINSTA.dll
0x000007feeef30000 - 0x000007feeef52000 	C:\Windows\System32\ntlanman.dll
0x000007feeef10000 - 0x000007feeef2d000 	C:\Windows\System32\davclnt.dll
0x000007feeef00000 - 0x000007feeef0a000 	C:\Windows\System32\DAVHLPR.dll
0x000007fef6390000 - 0x000007fef639f000 	C:\Windows\system32\cscapi.dll
0x000007feec080000 - 0x000007feec2f1000 	C:\Windows\system32\wpdshext.dll
0x000007fefb730000 - 0x000007fefb946000 	C:\Windows\WinSxS\amd64_microsoft.windows.gdiplus_6595b64144ccf1df_1.1.7601.18455_none_2b283fd671e9bf4d\gdiplus.dll
0x000007fef71c0000 - 0x000007fef727d000 	C:\Windows\system32\PortableDeviceApi.dll
0x000007fefa870000 - 0x000007fefa8a9000 	C:\Windows\system32\PortableDeviceTypes.dll
0x000007feef670000 - 0x000007feef6a5000 	C:\Windows\system32\EhStorShell.dll
0x000007fef6c80000 - 0x000007fef6ca7000 	C:\Windows\system32\EhStorAPI.dll
0x000007fef1c00000 - 0x000007fef1c0c000 	C:\Windows\system32\LINKINFO.dll
0x000007fefaf30000 - 0x000007fefb091000 	C:\Windows\system32\WindowsCodecs.dll
0x0000000070a80000 - 0x0000000070a96000 	C:\Program Files\Common Files\TortoiseOverlays\TortoiseOverlays.dll
0x0000000070a60000 - 0x0000000070a77000 	C:\Program Files\TortoiseSVN\bin\TortoiseStub.dll
0x000000006d0e0000 - 0x000000006d15d000 	C:\Program Files\TortoiseSVN\bin\TortoiseSVN.dll
0x000007fefdff0000 - 0x000007fefe21c000 	C:\Windows\system32\WININET.dll
0x000007fefd5d0000 - 0x000007fefd5d4000 	C:\Windows\system32\api-ms-win-downlevel-user32-l1-1-0.dll
0x000007fefd600000 - 0x000007fefd605000 	C:\Windows\system32\api-ms-win-downlevel-advapi32-l1-1-0.dll
0x000007fefd7a0000 - 0x000007fefd7a4000 	C:\Windows\system32\api-ms-win-downlevel-shlwapi-l1-1-0.dll
0x000007fefd780000 - 0x000007fefd784000 	C:\Windows\system32\api-ms-win-downlevel-version-l1-1-0.dll
0x000007fefd790000 - 0x000007fefd793000 	C:\Windows\system32\api-ms-win-downlevel-normaliz-l1-1-0.dll
0x00000000778f0000 - 0x00000000778f3000 	C:\Windows\system32\normaliz.DLL
0x000007fefdd60000 - 0x000007fefdfee000 	C:\Windows\system32\iertutil.dll
0x000007fefd7f0000 - 0x000007fefd80e000 	C:\Windows\system32\USERENV.dll
0x000007feefba0000 - 0x000007fef0016000 	C:\Program Files\TortoiseSVN\bin\libsvn_tsvn.dll
0x0000000070a30000 - 0x0000000070a5e000 	C:\Program Files\TortoiseSVN\bin\libapr_tsvn.dll
0x000007fef02e0000 - 0x000007fef03b4000 	C:\Windows\system32\MSVCR110.dll
0x000000006d090000 - 0x000000006d0d5000 	C:\Program Files\TortoiseSVN\bin\libaprutil_tsvn.dll
0x000007fef02c0000 - 0x000007fef02d1000 	C:\Program Files\TortoiseSVN\bin\intl3_tsvn.dll
0x000007fef02a0000 - 0x000007fef02b9000 	C:\Program Files\TortoiseSVN\bin\libsasl.dll
0x000007fefd170000 - 0x000007fefd17b000 	C:\Windows\system32\Secur32.dll
0x000007fef01f0000 - 0x000007fef0297000 	C:\Windows\system32\MSVCP110.dll
0x000000006ff80000 - 0x000000006ff9b000 	C:\Program Files\TortoiseGit\bin\TortoiseGitStub.dll
0x000000006d000000 - 0x000000006d08e000 	C:\Program Files\TortoiseGit\bin\TortoiseGit.dll
0x000007feefad0000 - 0x000007feefb9e000 	C:\Program Files\TortoiseGit\bin\libgit2_tgit.dll
0x000007feefab0000 - 0x000007feefac8000 	C:\Program Files\TortoiseGit\bin\zlib1_tgit.dll

VM Arguments:
jvm_args: -Xdebug -Xrunjdwp:transport=dt_socket,server=n,address=51110 -Xmx2G 
java_command: fr.ird.voxelidar.Principal
Launcher Type: SUN_STANDARD

Environment Variables:
JAVA_HOME=C:\Program Files\Java\jdk1.7.0_67
CLASSPATH=C:\Program Files\OpenNI\Bin64\org.OpenNI.jar
PATH=C:\Program Files\Java\jdk1.7.0_67\bin;C:\Python27\Lib\site-packages\PyQt4;C:\Program Files (x86)\Common Files\Intergraph\Grid Analysis SDK\1.0\Program;C:\Windows\system32;C:\Windows;C:\Windows\System32\Wbem;C:\Windows\System32\WindowsPowerShell\v1.0\;C:\Windows\Program Files (x86)\Common Files\Roxio Shared\DLLShared\;C:\Program Files (x86)\Common Files\Roxio Shared\10.0\DLLShared\;C:\Windows\Program Files\Java\jdk1.7.0_67\bin;C:\Program Files\java\ssj\lib\;C:\Program Files\MATLAB\R2010a\bin;C:\Program Files\OpenNI\Bin64;C:\Program Files\PCL 1.6.0\bin;C:\Program Files\TortoiseSVN\bin;C:\Program Files\Microsoft SQL Server\110\Tools\Binn\;C:\MinGW3\bin;C:\Program Files\TortoiseGit\bin;c:\users\julien\appdata\local\enthought\canopy\user;c:\users\julien\appdata\local\enthought\canopy\user\scripts
USERNAME=Julien
OS=Windows_NT
PROCESSOR_IDENTIFIER=Intel64 Family 6 Model 44 Stepping 2, GenuineIntel



---------------  S Y S T E M  ---------------

OS: Windows 7 , 64 bit Build 7601 Service Pack 1

CPU:total 8 (4 cores per cpu, 2 threads per core) family 6 model 44 stepping 2, cmov, cx8, fxsr, mmx, sse, sse2, sse3, ssse3, sse4.1, sse4.2, popcnt, aes, ht, tsc, tscinvbit, tscinv

Memory: 4k page, physical 25148644k(17393292k free), swap 50295424k(40736080k free)

vm_info: Java HotSpot(TM) 64-Bit Server VM (24.65-b04) for windows-amd64 JRE (1.7.0_67-b01), built on Jul 25 2014 08:55:00 by "java_re" with unknown MS VC++:1600

time: Fri Jan 16 17:23:46 2015
elapsed time: 851 seconds

