#
# A fatal error has been detected by the Java Runtime Environment:
#
#  EXCEPTION_ACCESS_VIOLATION (0xc0000005) at pc=0x00000000610b0539, pid=6548, tid=6864
#
# JRE version: Java(TM) SE Runtime Environment (7.0_67-b01) (build 1.7.0_67-b01)
# Java VM: Java HotSpot(TM) 64-Bit Server VM (24.65-b04 mixed mode windows-amd64 compressed oops)
# Problematic frame:
# C  0x00000000610b0539
#
# Failed to write core dump. Minidumps are not enabled by default on client versions of Windows
#
# If you would like to submit a bug report, please visit:
#   http://bugreport.sun.com/bugreport/crash.jsp
# The crash happened outside the Java Virtual Machine in native code.
# See problematic frame for where to report the bug.
#

---------------  T H R E A D  ---------------

Current thread (0x000000000e9ec000):  JavaThread "AWT-EventQueue-0" [_thread_in_native, id=6864, stack(0x0000000010f60000,0x0000000011060000)]

siginfo: ExceptionCode=0xc0000005, reading address 0x0000000000001100

Registers:
RAX=0x0000000000000000, RBX=0x000000077c0195d0, RCX=0x0000000000000003, RDX=0x000000001105cb98
RSP=0x000000001105cad8, RBP=0x000000001105cb60, RSI=0x000000000000000f, RDI=0x0000000003ed364e
R8 =0x0000000000000003, R9 =0x00000000610b0530, R10=0x00000000025594dd, R11=0x0000000064072a70
R12=0x0000000000000000, R13=0x000000077c0195d0, R14=0x000000001105cb98, R15=0x000000000e9ec000
RIP=0x00000000610b0539, EFLAGS=0x0000000000010206

Top of Stack: (sp=0x000000001105cad8)
0x000000001105cad8:   0000000002559509 000000001105cb60
0x000000001105cae8:   00000000025590be 000000077c0195d0
0x000000001105caf8:   000000000000000f 0000000003ed364e
0x000000001105cb08:   0000000002566d46 000000001105cb48
0x000000001105cb18:   0000000002559086 000000001105cb20
0x000000001105cb28:   000000077c0195d0 000000001105cb98
0x000000001105cb38:   000000077c166bc8 0000000000000000
0x000000001105cb48:   000000077c0195d0 0000000000000000
0x000000001105cb58:   000000001105cb80 000000001105cbe0
0x000000001105cb68:   0000000002546198 0000000000000000
0x000000001105cb78:   0000000002553a58 00000000610b0530
0x000000001105cb88:   000000001105cbe0 0000000000000003
0x000000001105cb98:   00000007841e11f8 000000001105cba0
0x000000001105cba8:   000000077c019502 000000001105cc08
0x000000001105cbb8:   000000077c166bc8 0000000000000000
0x000000001105cbc8:   000000077c019510 000000001105cb80 

Instructions: (pc=0x00000000610b0539)
0x00000000610b0519:   af af af af af af af c3 cc cc cc cc cc cc cc cc
0x00000000610b0529:   cc cc cc cc cc cc cc 65 48 8b 04 25 20 16 00 00
0x00000000610b0539:   ff a0 00 11 00 00 cc cc cc cc cc cc cc cc cc cc
0x00000000610b0549:   cc cc cc cc cc cc cc cc cc cc cc cc cc cc cc cc 


Register to memory mapping:

RAX=0x0000000000000000 is an unknown value
RBX=0x000000077c0195d0 is an oop
{method} 
 - klass: {other class}
RCX=0x0000000000000003 is an unknown value
RDX=0x000000001105cb98 is pointing into the stack for thread: 0x000000000e9ec000
RSP=0x000000001105cad8 is pointing into the stack for thread: 0x000000000e9ec000
RBP=0x000000001105cb60 is pointing into the stack for thread: 0x000000000e9ec000
RSI=0x000000000000000f is an unknown value
RDI=0x0000000003ed364e is an unknown value
R8 =0x0000000000000003 is an unknown value
R9 =0x00000000610b0530 is an unknown value
R10=0x00000000025594dd is at code_begin+1277 in an Interpreter codelet
method entry point (kind = native)  [0x0000000002558fe0, 0x0000000002559ea0]  3776 bytes
R11=0x0000000064072a70 is an unknown value
R12=0x0000000000000000 is an unknown value
R13=0x000000077c0195d0 is an oop
{method} 
 - klass: {other class}
R14=0x000000001105cb98 is pointing into the stack for thread: 0x000000000e9ec000
R15=0x000000000e9ec000 is a thread


Stack: [0x0000000010f60000,0x0000000011060000],  sp=0x000000001105cad8,  free space=1010k
Native frames: (J=compiled Java code, j=interpreted, Vv=VM code, C=native code)
C  0x00000000610b0539
j  jogamp.opengl.gl4.GL4bcImpl.glUseProgram(I)V+34
j  fr.ird.voxelidar.graphics3d.jogl.JoglListener$1.projMatrixChanged(Lfr/ird/voxelidar/math/matrix/Mat4F;)V+85
j  fr.ird.voxelidar.graphics3d.object.camera.TrackballCamera.fireProjectionMatrixChanged(Lfr/ird/voxelidar/math/matrix/Mat4F;)V+35
j  fr.ird.voxelidar.graphics3d.object.camera.TrackballCamera.updateProjMatrix()V+69
j  fr.ird.voxelidar.graphics3d.object.camera.TrackballCamera.setOrthographic(FFFFFF)V+39
j  fr.ird.voxelidar.frame.JFrameTools.jPanel21MouseClicked(Ljava/awt/event/MouseEvent;)V+141
j  fr.ird.voxelidar.frame.JFrameTools.access$1100(Lfr/ird/voxelidar/frame/JFrameTools;Ljava/awt/event/MouseEvent;)V+2
j  fr.ird.voxelidar.frame.JFrameTools$12.mouseClicked(Ljava/awt/event/MouseEvent;)V+5
j  java.awt.Component.processMouseEvent(Ljava/awt/event/MouseEvent;)V+74
j  javax.swing.JComponent.processMouseEvent(Ljava/awt/event/MouseEvent;)V+23
j  java.awt.Component.processEvent(Ljava/awt/AWTEvent;)V+81
j  java.awt.Container.processEvent(Ljava/awt/AWTEvent;)V+18
j  java.awt.Component.dispatchEventImpl(Ljava/awt/AWTEvent;)V+581
j  java.awt.Container.dispatchEventImpl(Ljava/awt/AWTEvent;)V+42
J 315 C2 java.awt.LightweightDispatcher.retargetMouseEvent(Ljava/awt/Component;ILjava/awt/event/MouseEvent;)V (350 bytes) @ 0x000000000266cb98 [0x000000000266c640+0x558]
j  java.awt.LightweightDispatcher.processMouseEvent(Ljava/awt/event/MouseEvent;)Z+157
j  java.awt.LightweightDispatcher.dispatchEvent(Ljava/awt/AWTEvent;)Z+50
j  java.awt.Container.dispatchEventImpl(Ljava/awt/AWTEvent;)V+12
j  java.awt.Window.dispatchEventImpl(Ljava/awt/AWTEvent;)V+19
j  java.awt.Component.dispatchEvent(Ljava/awt/AWTEvent;)V+2
j  java.awt.EventQueue.dispatchEventImpl(Ljava/awt/AWTEvent;Ljava/lang/Object;)V+41
j  java.awt.EventQueue.access$200(Ljava/awt/EventQueue;Ljava/awt/AWTEvent;Ljava/lang/Object;)V+3
j  java.awt.EventQueue$3.run()Ljava/lang/Void;+12
j  java.awt.EventQueue$3.run()Ljava/lang/Object;+1
v  ~StubRoutines::call_stub

Java frames: (J=compiled Java code, j=interpreted, Vv=VM code)
j  jogamp.opengl.gl4.GL4bcImpl.dispatch_glUseProgram1(IJ)V+0
j  jogamp.opengl.gl4.GL4bcImpl.glUseProgram(I)V+34
j  fr.ird.voxelidar.graphics3d.jogl.JoglListener$1.projMatrixChanged(Lfr/ird/voxelidar/math/matrix/Mat4F;)V+85
j  fr.ird.voxelidar.graphics3d.object.camera.TrackballCamera.fireProjectionMatrixChanged(Lfr/ird/voxelidar/math/matrix/Mat4F;)V+35
j  fr.ird.voxelidar.graphics3d.object.camera.TrackballCamera.updateProjMatrix()V+69
j  fr.ird.voxelidar.graphics3d.object.camera.TrackballCamera.setOrthographic(FFFFFF)V+39
j  fr.ird.voxelidar.frame.JFrameTools.jPanel21MouseClicked(Ljava/awt/event/MouseEvent;)V+141
j  fr.ird.voxelidar.frame.JFrameTools.access$1100(Lfr/ird/voxelidar/frame/JFrameTools;Ljava/awt/event/MouseEvent;)V+2
j  fr.ird.voxelidar.frame.JFrameTools$12.mouseClicked(Ljava/awt/event/MouseEvent;)V+5
j  java.awt.Component.processMouseEvent(Ljava/awt/event/MouseEvent;)V+74
j  javax.swing.JComponent.processMouseEvent(Ljava/awt/event/MouseEvent;)V+23
j  java.awt.Component.processEvent(Ljava/awt/AWTEvent;)V+81
j  java.awt.Container.processEvent(Ljava/awt/AWTEvent;)V+18
j  java.awt.Component.dispatchEventImpl(Ljava/awt/AWTEvent;)V+581
j  java.awt.Container.dispatchEventImpl(Ljava/awt/AWTEvent;)V+42
J 315 C2 java.awt.LightweightDispatcher.retargetMouseEvent(Ljava/awt/Component;ILjava/awt/event/MouseEvent;)V (350 bytes) @ 0x000000000266cb98 [0x000000000266c640+0x558]
j  java.awt.LightweightDispatcher.processMouseEvent(Ljava/awt/event/MouseEvent;)Z+157
j  java.awt.LightweightDispatcher.dispatchEvent(Ljava/awt/AWTEvent;)Z+50
j  java.awt.Container.dispatchEventImpl(Ljava/awt/AWTEvent;)V+12
j  java.awt.Window.dispatchEventImpl(Ljava/awt/AWTEvent;)V+19
j  java.awt.Component.dispatchEvent(Ljava/awt/AWTEvent;)V+2
j  java.awt.EventQueue.dispatchEventImpl(Ljava/awt/AWTEvent;Ljava/lang/Object;)V+41
j  java.awt.EventQueue.access$200(Ljava/awt/EventQueue;Ljava/awt/AWTEvent;Ljava/lang/Object;)V+3
j  java.awt.EventQueue$3.run()Ljava/lang/Void;+12
j  java.awt.EventQueue$3.run()Ljava/lang/Object;+1
v  ~StubRoutines::call_stub
j  java.security.AccessController.doPrivileged(Ljava/security/PrivilegedAction;Ljava/security/AccessControlContext;)Ljava/lang/Object;+0
j  java.security.ProtectionDomain$1.doIntersectionPrivilege(Ljava/security/PrivilegedAction;Ljava/security/AccessControlContext;Ljava/security/AccessControlContext;)Ljava/lang/Object;+28
j  java.security.ProtectionDomain$1.doIntersectionPrivilege(Ljava/security/PrivilegedAction;Ljava/security/AccessControlContext;)Ljava/lang/Object;+6
j  java.awt.EventQueue$4.run()Ljava/lang/Void;+11
j  java.awt.EventQueue$4.run()Ljava/lang/Object;+1
v  ~StubRoutines::call_stub
j  java.security.AccessController.doPrivileged(Ljava/security/PrivilegedAction;Ljava/security/AccessControlContext;)Ljava/lang/Object;+0
J 467 C2 java.awt.EventDispatchThread.pumpOneEventForFilters(I)V (295 bytes) @ 0x000000000270055c [0x00000000026ff8e0+0xc7c]
j  java.awt.EventDispatchThread.pumpEventsForFilter(ILjava/awt/Conditional;Ljava/awt/EventFilter;)V+35
j  java.awt.EventDispatchThread.pumpEventsForHierarchy(ILjava/awt/Conditional;Ljava/awt/Component;)V+11
j  java.awt.EventDispatchThread.pumpEvents(ILjava/awt/Conditional;)V+4
j  java.awt.EventDispatchThread.pumpEvents(Ljava/awt/Conditional;)V+3
j  java.awt.EventDispatchThread.run()V+9
v  ~StubRoutines::call_stub

---------------  P R O C E S S  ---------------

Java Threads: ( => current thread )
  0x000000000f19a800 JavaThread "SwingWorker-pool-2-thread-1" daemon [_thread_blocked, id=4808, stack(0x00000000170f0000,0x00000000171f0000)]
  0x00000000138ae000 JavaThread "AWT-EventQueue-0-FPSAWTAnimator-Timer0" [_thread_blocked, id=6076, stack(0x0000000017250000,0x0000000017350000)]
  0x000000000f1b3000 JavaThread "AWT-EventQueue-0-Display-.windows_nil-1-EDT-1" daemon [_thread_blocked, id=6712, stack(0x0000000015740000,0x0000000015840000)]
  0x000000000ef47000 JavaThread "AWT-EventQueue-0-SharedResourceRunner" daemon [_thread_blocked, id=3220, stack(0x0000000015420000,0x0000000015520000)]
  0x00000000134e0800 JavaThread "D3D Screen Updater" daemon [_thread_blocked, id=6672, stack(0x0000000014f20000,0x0000000015020000)]
  0x000000000228a000 JavaThread "DestroyJavaVM" [_thread_blocked, id=6416, stack(0x0000000002440000,0x0000000002540000)]
  0x000000000ef6b800 JavaThread "TimerQueue" daemon [_thread_blocked, id=1620, stack(0x0000000014870000,0x0000000014970000)]
  0x000000000eb44000 JavaThread "org.netbeans.modules.debugger.jpda.visual AWT Access Loop" daemon [_thread_blocked, id=5312, stack(0x0000000012ab0000,0x0000000012bb0000)]
  0x000000000eaf3000 JavaThread "Swing-Shell" daemon [_thread_blocked, id=2664, stack(0x0000000012620000,0x0000000012720000)]
=>0x000000000e9ec000 JavaThread "AWT-EventQueue-0" [_thread_in_native, id=6864, stack(0x0000000010f60000,0x0000000011060000)]
  0x000000000ea58800 JavaThread "AWT-Windows" daemon [_thread_in_native, id=4644, stack(0x000000000f420000,0x000000000f520000)]
  0x000000000ea58000 JavaThread "AWT-Shutdown" [_thread_blocked, id=6412, stack(0x000000000d6b0000,0x000000000d7b0000)]
  0x000000000ea57000 JavaThread "Java2D Disposer" daemon [_thread_blocked, id=4352, stack(0x000000000f290000,0x000000000f390000)]
  0x000000000c325000 JavaThread "Service Thread" daemon [_thread_blocked, id=6204, stack(0x000000000e660000,0x000000000e760000)]
  0x000000000c324000 JavaThread "C2 CompilerThread1" daemon [_thread_blocked, id=6920, stack(0x000000000e1e0000,0x000000000e2e0000)]
  0x000000000c321800 JavaThread "C2 CompilerThread0" daemon [_thread_blocked, id=3980, stack(0x000000000e490000,0x000000000e590000)]
  0x000000000c305800 JavaThread "JDWP Command Reader" daemon [_thread_in_native, id=4696, stack(0x000000000e2e0000,0x000000000e3e0000)]
  0x000000000c301000 JavaThread "JDWP Event Helper Thread" daemon [_thread_blocked, id=5148, stack(0x000000000e070000,0x000000000e170000)]
  0x000000000b36f000 JavaThread "JDWP Transport Listener: dt_socket" daemon [_thread_blocked, id=5532, stack(0x000000000df70000,0x000000000e070000)]
  0x000000000b368000 JavaThread "Attach Listener" daemon [_thread_blocked, id=6588, stack(0x000000000d980000,0x000000000da80000)]
  0x000000000b367000 JavaThread "Signal Dispatcher" daemon [_thread_blocked, id=5444, stack(0x000000000d7b0000,0x000000000d8b0000)]
  0x000000000231e800 JavaThread "Finalizer" daemon [_thread_blocked, id=7080, stack(0x000000000d5b0000,0x000000000d6b0000)]
  0x0000000002318000 JavaThread "Reference Handler" daemon [_thread_blocked, id=1316, stack(0x000000000d400000,0x000000000d500000)]

Other Threads:
  0x000000000c2b3800 VMThread [stack: 0x000000000d2f0000,0x000000000d3f0000] [id=6408]
  0x000000000c337800 WatcherThread [stack: 0x000000000e8d0000,0x000000000e9d0000] [id=3544]

VM state:not at safepoint (normal execution)

VM Mutex/Monitor currently owned by a thread: None

Heap
 PSYoungGen      total 431104K, used 165542K [0x00000007d5500000, 0x00000007f8a00000, 0x0000000800000000)
  eden space 349696K, 24% used [0x00000007d5500000,0x00000007da72f700,0x00000007eaa80000)
  from space 81408K, 99% used [0x00000007f0f80000,0x00000007f5efa428,0x00000007f5f00000)
  to   space 103424K, 0% used [0x00000007eaa80000,0x00000007eaa80000,0x00000007f0f80000)
 ParOldGen       total 261632K, used 79187K [0x0000000780000000, 0x000000078ff80000, 0x00000007d5500000)
  object space 261632K, 30% used [0x0000000780000000,0x0000000784d54d08,0x000000078ff80000)
 PSPermGen       total 22528K, used 22371K [0x000000077ae00000, 0x000000077c400000, 0x0000000780000000)
  object space 22528K, 99% used [0x000000077ae00000,0x000000077c3d8ed0,0x000000077c400000)

Card table byte_map: [0x0000000005600000,0x0000000005a30000] byte_map_base: 0x0000000001a29000

Polling page: 0x0000000000130000

Code Cache  [0x0000000002540000, 0x00000000027b0000, 0x0000000005540000)
 total_blobs=1312 nmethods=502 adapters=771 free_code_cache=47191Kb largest_free_block=48231680

Compilation events (10 events):
Event: 20.542 Thread 0x000000000c324000 nmethod 533 0x0000000002711c90 code [0x0000000002711dc0, 0x0000000002711e18]
Event: 20.555 Thread 0x000000000c321800 nmethod 531 0x0000000002727a90 code [0x0000000002727c00, 0x0000000002728678]
Event: 20.714 Thread 0x000000000c324000  534             sun.java2d.pipe.RenderQueue::getBuffer (5 bytes)
Event: 20.714 Thread 0x000000000c324000 nmethod 534 0x0000000002610590 code [0x00000000026106c0, 0x0000000002610738]
Event: 20.765 Thread 0x000000000c321800  535             sun.java2d.pipe.Region::clipScale (41 bytes)
Event: 20.765 Thread 0x000000000c321800 nmethod 535 0x00000000026208d0 code [0x0000000002620a40, 0x0000000002620ae8]
Event: 21.685 Thread 0x000000000c324000  536             sun.awt.AWTAutoShutdown::notifyToolkitThreadBusy (8 bytes)
Event: 21.686 Thread 0x000000000c321800  537             sun.awt.AWTAutoShutdown::notifyToolkitThreadFree (8 bytes)
Event: 21.686 Thread 0x000000000c324000 nmethod 536 0x0000000002610b50 code [0x0000000002610ca0, 0x0000000002610d08]
Event: 21.686 Thread 0x000000000c321800 nmethod 537 0x0000000002615590 code [0x00000000026156e0, 0x0000000002615748]

GC Heap History (10 events):
Event: 15.222 GC heap before
{Heap before GC invocations=4 (full 0):
 PSYoungGen      total 114688K, used 108793K [0x00000007d5500000, 0x00000007dd500000, 0x0000000800000000)
  eden space 98304K, 100% used [0x00000007d5500000,0x00000007db500000,0x00000007db500000)
  from space 16384K, 64% used [0x00000007db500000,0x00000007dbf3e670,0x00000007dc500000)
  to   space 16384K, 0% used [0x00000007dc500000,0x00000007dc500000,0x00000007dd500000)
 ParOldGen       total 261632K, used 16K [0x0000000780000000, 0x000000078ff80000, 0x00000007d5500000)
  object space 261632K, 0% used [0x0000000780000000,0x0000000780004000,0x000000078ff80000)
 PSPermGen       total 22528K, used 22066K [0x000000077ae00000, 0x000000077c400000, 0x0000000780000000)
  object space 22528K, 97% used [0x000000077ae00000,0x000000077c38c8b8,0x000000077c400000)
Event: 15.237 GC heap after
Heap after GC invocations=4 (full 0):
 PSYoungGen      total 114688K, used 16368K [0x00000007d5500000, 0x00000007dd500000, 0x0000000800000000)
  eden space 98304K, 0% used [0x00000007d5500000,0x00000007d5500000,0x00000007db500000)
  from space 16384K, 99% used [0x00000007dc500000,0x00000007dd4fc070,0x00000007dd500000)
  to   space 16384K, 0% used [0x00000007db500000,0x00000007db500000,0x00000007dc500000)
 ParOldGen       total 261632K, used 2505K [0x0000000780000000, 0x000000078ff80000, 0x00000007d5500000)
  object space 261632K, 0% used [0x0000000780000000,0x00000007802726b0,0x000000078ff80000)
 PSPermGen       total 22528K, used 22066K [0x000000077ae00000, 0x000000077c400000, 0x0000000780000000)
  object space 22528K, 97% used [0x000000077ae00000,0x000000077c38c8b8,0x000000077c400000)
}
Event: 15.343 GC heap before
{Heap before GC invocations=5 (full 0):
 PSYoungGen      total 114688K, used 114672K [0x00000007d5500000, 0x00000007dd500000, 0x0000000800000000)
  eden space 98304K, 100% used [0x00000007d5500000,0x00000007db500000,0x00000007db500000)
  from space 16384K, 99% used [0x00000007dc500000,0x00000007dd4fc070,0x00000007dd500000)
  to   space 16384K, 0% used [0x00000007db500000,0x00000007db500000,0x00000007dc500000)
 ParOldGen       total 261632K, used 2505K [0x0000000780000000, 0x000000078ff80000, 0x00000007d5500000)
  object space 261632K, 0% used [0x0000000780000000,0x00000007802726b0,0x000000078ff80000)
 PSPermGen       total 22528K, used 22075K [0x000000077ae00000, 0x000000077c400000, 0x0000000780000000)
  object space 22528K, 97% used [0x000000077ae00000,0x000000077c38ef80,0x000000077c400000)
Event: 15.389 GC heap after
Heap after GC invocations=5 (full 0):
 PSYoungGen      total 114688K, used 16357K [0x00000007d5500000, 0x00000007e6400000, 0x0000000800000000)
  eden space 98304K, 0% used [0x00000007d5500000,0x00000007d5500000,0x00000007db500000)
  from space 16384K, 99% used [0x00000007db500000,0x00000007dc4f9578,0x00000007dc500000)
  to   space 40448K, 0% used [0x00000007e3c80000,0x00000007e3c80000,0x00000007e6400000)
 ParOldGen       total 261632K, used 27753K [0x0000000780000000, 0x000000078ff80000, 0x00000007d5500000)
  object space 261632K, 10% used [0x0000000780000000,0x0000000781b1a6b0,0x000000078ff80000)
 PSPermGen       total 22528K, used 22075K [0x000000077ae00000, 0x000000077c400000, 0x0000000780000000)
  object space 22528K, 97% used [0x000000077ae00000,0x000000077c38ef80,0x000000077c400000)
}
Event: 15.495 GC heap before
{Heap before GC invocations=6 (full 0):
 PSYoungGen      total 114688K, used 114661K [0x00000007d5500000, 0x00000007e6400000, 0x0000000800000000)
  eden space 98304K, 100% used [0x00000007d5500000,0x00000007db500000,0x00000007db500000)
  from space 16384K, 99% used [0x00000007db500000,0x00000007dc4f9578,0x00000007dc500000)
  to   space 40448K, 0% used [0x00000007e3c80000,0x00000007e3c80000,0x00000007e6400000)
 ParOldGen       total 261632K, used 27753K [0x0000000780000000, 0x000000078ff80000, 0x00000007d5500000)
  object space 261632K, 10% used [0x0000000780000000,0x0000000781b1a6b0,0x000000078ff80000)
 PSPermGen       total 22528K, used 22083K [0x000000077ae00000, 0x000000077c400000, 0x0000000780000000)
  object space 22528K, 98% used [0x000000077ae00000,0x000000077c390ea0,0x000000077c400000)
Event: 15.533 GC heap after
Heap after GC invocations=6 (full 0):
 PSYoungGen      total 226304K, used 40435K [0x00000007d5500000, 0x00000007e7900000, 0x0000000800000000)
  eden space 185856K, 0% used [0x00000007d5500000,0x00000007d5500000,0x00000007e0a80000)
  from space 40448K, 99% used [0x00000007e3c80000,0x00000007e63fce20,0x00000007e6400000)
  to   space 51200K, 0% used [0x00000007e0a80000,0x00000007e0a80000,0x00000007e3c80000)
 ParOldGen       total 261632K, used 29577K [0x0000000780000000, 0x000000078ff80000, 0x00000007d5500000)
  object space 261632K, 11% used [0x0000000780000000,0x0000000781ce26b0,0x000000078ff80000)
 PSPermGen       total 22528K, used 22083K [0x000000077ae00000, 0x000000077c400000, 0x0000000780000000)
  object space 22528K, 98% used [0x000000077ae00000,0x000000077c390ea0,0x000000077c400000)
}
Event: 15.755 GC heap before
{Heap before GC invocations=7 (full 0):
 PSYoungGen      total 226304K, used 226291K [0x00000007d5500000, 0x00000007e7900000, 0x0000000800000000)
  eden space 185856K, 100% used [0x00000007d5500000,0x00000007e0a80000,0x00000007e0a80000)
  from space 40448K, 99% used [0x00000007e3c80000,0x00000007e63fce20,0x00000007e6400000)
  to   space 51200K, 0% used [0x00000007e0a80000,0x00000007e0a80000,0x00000007e3c80000)
 ParOldGen       total 261632K, used 29577K [0x0000000780000000, 0x000000078ff80000, 0x00000007d5500000)
  object space 261632K, 11% used [0x0000000780000000,0x0000000781ce26b0,0x000000078ff80000)
 PSPermGen       total 22528K, used 22084K [0x000000077ae00000, 0x000000077c400000, 0x0000000780000000)
  object space 22528K, 98% used [0x000000077ae00000,0x000000077c3912d0,0x000000077c400000)
Event: 15.846 GC heap after
Heap after GC invocations=7 (full 0):
 PSYoungGen      total 237056K, used 51195K [0x00000007d5500000, 0x00000007f5f00000, 0x0000000800000000)
  eden space 185856K, 0% used [0x00000007d5500000,0x00000007d5500000,0x00000007e0a80000)
  from space 51200K, 99% used [0x00000007e0a80000,0x00000007e3c7ecd0,0x00000007e3c80000)
  to   space 81408K, 0% used [0x00000007f0f80000,0x00000007f0f80000,0x00000007f5f00000)
 ParOldGen       total 261632K, used 67172K [0x0000000780000000, 0x000000078ff80000, 0x00000007d5500000)
  object space 261632K, 25% used [0x0000000780000000,0x0000000784199130,0x000000078ff80000)
 PSPermGen       total 22528K, used 22084K [0x000000077ae00000, 0x000000077c400000, 0x0000000780000000)
  object space 22528K, 98% used [0x000000077ae00000,0x000000077c3912d0,0x000000077c400000)
}
Event: 16.171 GC heap before
{Heap before GC invocations=8 (full 0):
 PSYoungGen      total 237056K, used 237051K [0x00000007d5500000, 0x00000007f5f00000, 0x0000000800000000)
  eden space 185856K, 100% used [0x00000007d5500000,0x00000007e0a80000,0x00000007e0a80000)
  from space 51200K, 99% used [0x00000007e0a80000,0x00000007e3c7ecd0,0x00000007e3c80000)
  to   space 81408K, 0% used [0x00000007f0f80000,0x00000007f0f80000,0x00000007f5f00000)
 ParOldGen       total 261632K, used 67172K [0x0000000780000000, 0x000000078ff80000, 0x00000007d5500000)
  object space 261632K, 25% used [0x0000000780000000,0x0000000784199130,0x000000078ff80000)
 PSPermGen       total 22528K, used 22103K [0x000000077ae00000, 0x000000077c400000, 0x0000000780000000)
  object space 22528K, 98% used [0x000000077ae00000,0x000000077c395cd8,0x000000077c400000)
Event: 16.244 GC heap after
Heap after GC invocations=8 (full 0):
 PSYoungGen      total 431104K, used 81385K [0x00000007d5500000, 0x00000007f8a00000, 0x0000000800000000)
  eden space 349696K, 0% used [0x00000007d5500000,0x00000007d5500000,0x00000007eaa80000)
  from space 81408K, 99% used [0x00000007f0f80000,0x00000007f5efa428,0x00000007f5f00000)
  to   space 103424K, 0% used [0x00000007eaa80000,0x00000007eaa80000,0x00000007f0f80000)
 ParOldGen       total 261632K, used 79187K [0x0000000780000000, 0x000000078ff80000, 0x00000007d5500000)
  object space 261632K, 30% used [0x0000000780000000,0x0000000784d54d08,0x000000078ff80000)
 PSPermGen       total 22528K, used 22103K [0x000000077ae00000, 0x000000077c400000, 0x0000000780000000)
  object space 22528K, 98% used [0x000000077ae00000,0x000000077c395cd8,0x000000077c400000)
}

Deoptimization events (10 events):
Event: 18.076 Thread 0x00000000138ae000 Uncommon trap: reason=class_check action=maybe_recompile pc=0x00000000026dfcc4 method=javax.swing.event.EventListenerList.getListeners(Ljava/lang/Class;)[Ljava/util/EventListener; @ 17
Event: 18.078 Thread 0x00000000138ae000 Uncommon trap: reason=class_check action=maybe_recompile pc=0x00000000026dfcc4 method=javax.swing.event.EventListenerList.getListeners(Ljava/lang/Class;)[Ljava/util/EventListener; @ 17
Event: 18.079 Thread 0x00000000138ae000 Uncommon trap: reason=class_check action=maybe_recompile pc=0x00000000026dfcc4 method=javax.swing.event.EventListenerList.getListeners(Ljava/lang/Class;)[Ljava/util/EventListener; @ 17
Event: 19.931 Thread 0x00000000138ae000 Uncommon trap: reason=class_check action=maybe_recompile pc=0x00000000026dfcc4 method=javax.swing.event.EventListenerList.getListeners(Ljava/lang/Class;)[Ljava/util/EventListener; @ 17
Event: 20.011 Thread 0x00000000138ae000 Uncommon trap: reason=predicate action=maybe_recompile pc=0x000000000270e934 method=javax.swing.event.EventListenerList.getListeners(Ljava/lang/Class;)[Ljava/util/EventListener; @ 39
Event: 20.536 Thread 0x00000000138ae000 Uncommon trap: reason=array_check action=maybe_recompile pc=0x00000000027295fc method=javax.swing.event.EventListenerList.getListeners(Ljava/lang/Class;)[Ljava/util/EventListener; @ 63
Event: 20.537 Thread 0x00000000138ae000 Uncommon trap: reason=array_check action=maybe_recompile pc=0x00000000027295fc method=javax.swing.event.EventListenerList.getListeners(Ljava/lang/Class;)[Ljava/util/EventListener; @ 63
Event: 20.538 Thread 0x00000000138ae000 Uncommon trap: reason=array_check action=maybe_recompile pc=0x00000000027295fc method=javax.swing.event.EventListenerList.getListeners(Ljava/lang/Class;)[Ljava/util/EventListener; @ 63
Event: 20.538 Thread 0x00000000138ae000 Uncommon trap: reason=array_check action=maybe_recompile pc=0x00000000027295fc method=javax.swing.event.EventListenerList.getListeners(Ljava/lang/Class;)[Ljava/util/EventListener; @ 63
Event: 21.262 Thread 0x000000000e9ec000 Uncommon trap: reason=class_check action=maybe_recompile pc=0x00000000026623b0 method=java.awt.Container.getMouseEventTargetImpl(IIZLjava/awt/Container$EventTargetFilter;ZZ)Ljava/awt/Component; @ 191

Internal exceptions (10 events):
Event: 17.906 Thread 0x00000000138ae000 Threw 0x00000007d9eb5898 at C:\re\jdk7u67\1368\hotspot\src\share\vm\prims\jvm.cpp:1244
Event: 17.907 Thread 0x00000000138ae000 Threw 0x00000007d9ebc510 at C:\re\jdk7u67\1368\hotspot\src\share\vm\prims\jvm.cpp:1244
Event: 17.909 Thread 0x00000000138ae000 Threw 0x00000007d9ec2558 at C:\re\jdk7u67\1368\hotspot\src\share\vm\prims\jvm.cpp:1244
Event: 17.909 Thread 0x00000000138ae000 Threw 0x00000007d9ec7508 at C:\re\jdk7u67\1368\hotspot\src\share\vm\prims\jvm.cpp:1244
Event: 17.910 Thread 0x00000000138ae000 Threw 0x00000007d9ecc950 at C:\re\jdk7u67\1368\hotspot\src\share\vm\prims\jvm.cpp:1244
Event: 17.986 Thread 0x00000000138ae000 Threw 0x00000007da00cd00 at C:\re\jdk7u67\1368\hotspot\src\share\vm\prims\jvm.cpp:1244
Event: 17.987 Thread 0x00000000138ae000 Threw 0x00000007da00edb8 at C:\re\jdk7u67\1368\hotspot\src\share\vm\prims\jvm.cpp:1244
Event: 17.987 Thread 0x00000000138ae000 Threw 0x00000007da012828 at C:\re\jdk7u67\1368\hotspot\src\share\vm\prims\jvm.cpp:1244
Event: 17.988 Thread 0x00000000138ae000 Threw 0x00000007da016250 at C:\re\jdk7u67\1368\hotspot\src\share\vm\prims\jvm.cpp:1244
Event: 22.031 Thread 0x000000000e9ec000 Threw 0x00000007da6c7918 at C:\re\jdk7u67\1368\hotspot\src\share\vm\prims\jvm.cpp:1244

Events (10 events):
Event: 25.087 Executing VM operation: ChangeSingleStep
Event: 25.087 Executing VM operation: ChangeSingleStep done
Event: 25.087 Executing VM operation: ChangeSingleStep
Event: 25.087 Executing VM operation: ChangeSingleStep done
Event: 25.087 Executing VM operation: GetCurrentLocation
Event: 25.087 Executing VM operation: GetCurrentLocation done
Event: 25.087 Executing VM operation: ChangeSingleStep
Event: 25.087 Executing VM operation: ChangeSingleStep done
Event: 25.087 Executing VM operation: ChangeSingleStep
Event: 25.087 Executing VM operation: ChangeSingleStep done


Dynamic libraries:
0x000000013f070000 - 0x000000013f0a3000 	C:\Program Files\Java\jdk1.7.0_67\bin\java.exe
0x0000000076cb0000 - 0x0000000076e59000 	C:\Windows\SYSTEM32\ntdll.dll
0x0000000076b90000 - 0x0000000076caf000 	C:\Windows\system32\kernel32.dll
0x000007fefcba0000 - 0x000007fefcc0c000 	C:\Windows\system32\KERNELBASE.dll
0x000007fefea70000 - 0x000007fefeb4b000 	C:\Windows\system32\ADVAPI32.dll
0x000007fefd0c0000 - 0x000007fefd15f000 	C:\Windows\system32\msvcrt.dll
0x000007fefec10000 - 0x000007fefec2f000 	C:\Windows\SYSTEM32\sechost.dll
0x000007fefd160000 - 0x000007fefd28d000 	C:\Windows\system32\RPCRT4.dll
0x0000000076a90000 - 0x0000000076b8a000 	C:\Windows\system32\USER32.dll
0x000007fefd290000 - 0x000007fefd2f7000 	C:\Windows\system32\GDI32.dll
0x000007fefd660000 - 0x000007fefd66e000 	C:\Windows\system32\LPK.dll
0x000007fefd300000 - 0x000007fefd3c9000 	C:\Windows\system32\USP10.dll
0x000007fefb1f0000 - 0x000007fefb3e4000 	C:\Windows\WinSxS\amd64_microsoft.windows.common-controls_6595b64144ccf1df_6.0.7601.17514_none_fa396087175ac9ac\COMCTL32.dll
0x000007fefe9f0000 - 0x000007fefea61000 	C:\Windows\system32\SHLWAPI.dll
0x000007fefebc0000 - 0x000007fefebee000 	C:\Windows\system32\IMM32.DLL
0x000007fefe630000 - 0x000007fefe739000 	C:\Windows\system32\MSCTF.dll
0x0000000065db0000 - 0x0000000065e82000 	C:\Program Files\Java\jdk1.7.0_67\jre\bin\msvcr100.dll
0x0000000063e90000 - 0x0000000064662000 	C:\Program Files\Java\jdk1.7.0_67\jre\bin\server\jvm.dll
0x000007fef9f20000 - 0x000007fef9f29000 	C:\Windows\system32\WSOCK32.dll
0x000007fefeef0000 - 0x000007fefef3d000 	C:\Windows\system32\WS2_32.dll
0x000007fefebb0000 - 0x000007fefebb8000 	C:\Windows\system32\NSI.dll
0x000007fef9510000 - 0x000007fef954b000 	C:\Windows\system32\WINMM.dll
0x0000000076e70000 - 0x0000000076e77000 	C:\Windows\system32\PSAPI.DLL
0x0000000068f20000 - 0x0000000068f2f000 	C:\Program Files\Java\jdk1.7.0_67\jre\bin\verify.dll
0x0000000065d40000 - 0x0000000065d68000 	C:\Program Files\Java\jdk1.7.0_67\jre\bin\java.dll
0x0000000063e50000 - 0x0000000063e85000 	C:\Program Files\Java\jdk1.7.0_67\jre\bin\jdwp.dll
0x0000000073600000 - 0x0000000073608000 	C:\Program Files\Java\jdk1.7.0_67\jre\bin\npt.dll
0x0000000065b80000 - 0x0000000065b95000 	C:\Program Files\Java\jdk1.7.0_67\jre\bin\zip.dll
0x00000000735f0000 - 0x00000000735f9000 	C:\Program Files\Java\jdk1.7.0_67\jre\bin\dt_socket.dll
0x000007fefc1e0000 - 0x000007fefc235000 	C:\Windows\system32\mswsock.dll
0x000007fefbc50000 - 0x000007fefbc57000 	C:\Windows\System32\wshtcpip.dll
0x0000000065430000 - 0x00000000655c5000 	C:\Program Files\Java\jdk1.7.0_67\jre\bin\awt.dll
0x000007fefee10000 - 0x000007fefeee7000 	C:\Windows\system32\OLEAUT32.dll
0x000007fefe740000 - 0x000007fefe943000 	C:\Windows\system32\ole32.dll
0x000007fefa810000 - 0x000007fefa828000 	C:\Windows\system32\DWMAPI.DLL
0x000007fefaf90000 - 0x000007fefafe6000 	C:\Windows\system32\uxtheme.dll
0x000007fefc950000 - 0x000007fefc95f000 	C:\Windows\system32\CRYPTBASE.dll
0x000007fee9770000 - 0x000007fee996f000 	C:\Windows\system32\d3d9.dll
0x000007fefbf60000 - 0x000007fefbf6c000 	C:\Windows\system32\VERSION.dll
0x000007fef9db0000 - 0x000007fef9db7000 	C:\Windows\system32\d3d8thk.dll
0x000007fee3f60000 - 0x000007fee5015000 	C:\Windows\system32\nvd3dumx.dll
0x000007fefb5f0000 - 0x000007fefb61c000 	C:\Windows\system32\powrprof.dll
0x000007fefec30000 - 0x000007fefee07000 	C:\Windows\system32\SETUPAPI.dll
0x000007fefcce0000 - 0x000007fefcd16000 	C:\Windows\system32\CFGMGR32.dll
0x000007fefccc0000 - 0x000007fefccda000 	C:\Windows\system32\DEVOBJ.dll
0x000007feee850000 - 0x000007feee9ba000 	C:\Program Files (x86)\NVIDIA Corporation\3D Vision\nvSCPAPI64.dll
0x000007fefd670000 - 0x000007fefe3f8000 	C:\Windows\system32\SHELL32.dll
0x000007fef8fe0000 - 0x000007fef9313000 	C:\Windows\system32\nvapi64.dll
0x000007fefcb60000 - 0x000007fefcb9a000 	C:\Windows\system32\WINTRUST.dll
0x000007fefcd40000 - 0x000007fefceac000 	C:\Windows\system32\CRYPT32.dll
0x000007fefcaf0000 - 0x000007fefcaff000 	C:\Windows\system32\MSASN1.dll
0x000007fef93a0000 - 0x000007fef9440000 	C:\Windows\WinSxS\amd64_microsoft.windows.common-controls_6595b64144ccf1df_5.82.7601.18201_none_a4d3b9377117c3df\comctl32.dll
0x00000000653e0000 - 0x0000000065427000 	C:\Program Files\Java\jdk1.7.0_67\jre\bin\fontmanager.dll
0x0000000065630000 - 0x0000000065649000 	C:\Program Files\Java\jdk1.7.0_67\jre\bin\net.dll
0x000007fefc2e0000 - 0x000007fefc2e7000 	C:\Windows\System32\wship6.dll
0x00000000655d0000 - 0x00000000655e1000 	C:\Program Files\Java\jdk1.7.0_67\jre\bin\nio.dll
0x0000000065390000 - 0x00000000653d1000 	C:\Program Files\Java\jdk1.7.0_67\jre\bin\t2k.dll
0x000007fefe950000 - 0x000007fefe9e9000 	C:\Windows\system32\CLBCatQ.DLL
0x000007fefb470000 - 0x000007fefb59c000 	C:\Windows\system32\propsys.dll
0x000007fefb3f0000 - 0x000007fefb41d000 	C:\Windows\system32\ntmarta.dll
0x000007fefeb50000 - 0x000007fefeba2000 	C:\Windows\system32\WLDAP32.dll
0x000007fefc8f0000 - 0x000007fefc947000 	C:\Windows\system32\apphelp.dll
0x000007fef51d0000 - 0x000007fef536c000 	C:\Windows\system32\NetworkExplorer.dll
0x000007fef5630000 - 0x000007fef5664000 	C:\Windows\System32\shdocvw.dll
0x000007fefcb00000 - 0x000007fefcb0f000 	C:\Windows\system32\profapi.dll
0x000007fefb020000 - 0x000007fefb02b000 	C:\Windows\system32\slc.dll
0x000007fef9f30000 - 0x000007fef9f48000 	C:\Windows\system32\MPR.dll
0x00000000711c0000 - 0x00000000711d2000 	C:\Windows\system32\snacnp.dll
0x000007fef8ee0000 - 0x000007fef8fd7000 	C:\Windows\system32\ncnetprovider.dll
0x000007fef9f50000 - 0x000007fef9f6e000 	C:\Windows\system32\NCLangID.dll
0x000007fef8c30000 - 0x000007fef8c5c000 	C:\Windows\system32\MAPBASE.dll
0x0000000050d20000 - 0x0000000050d67000 	C:\Windows\system32\CALWIN32.DLL
0x0000000005d50000 - 0x0000000005d71000 	C:\Windows\system32\CLNWIN32.DLL
0x0000000050df0000 - 0x0000000050e22000 	C:\Windows\system32\LOCWIN32.DLL
0x0000000006010000 - 0x0000000006055000 	C:\Windows\system32\NCPWIN32.dll
0x0000000050da0000 - 0x0000000050db3000 	C:\Windows\system32\CLXWIN32.DLL
0x0000000006360000 - 0x00000000063a5000 	C:\Windows\system32\NETWIN32.DLL
0x000007fef8be0000 - 0x000007fef8c25000 	C:\Windows\system32\NWSHLXNT.dll
0x000007fefa2d0000 - 0x000007fefa2e6000 	C:\Windows\system32\NETAPI32.dll
0x000007fefa2c0000 - 0x000007fefa2cc000 	C:\Windows\system32\netutils.dll
0x000007fefc590000 - 0x000007fefc5b3000 	C:\Windows\system32\srvcli.dll
0x000007fefa290000 - 0x000007fefa2a5000 	C:\Windows\system32\wkscli.dll
0x000007fefa050000 - 0x000007fefa064000 	C:\Windows\system32\SAMCLI.DLL
0x000007fef8bc0000 - 0x000007fef8bd2000 	C:\Windows\system32\BROWCLI.DLL
0x000007fefbd30000 - 0x000007fefbd41000 	C:\Windows\system32\WTSAPI32.dll
0x0000000074620000 - 0x0000000074625000 	C:\Windows\system32\nls\FRANCAIS\NCLangIDR.DLL
0x00000000738b0000 - 0x00000000738c7000 	C:\Windows\system32\nls\FRANCAIS\MAPBASER.DLL
0x0000000073890000 - 0x00000000738aa000 	C:\Windows\system32\nls\FRANCAIS\NWSHLXNTR.DLL
0x0000000073170000 - 0x00000000731ec000 	C:\Windows\system32\nls\FRANCAIS\ncnetproviderR.DLL
0x000007fefc8c0000 - 0x000007fefc8e5000 	C:\Windows\system32\SspiCli.dll
0x000007fef51c0000 - 0x000007fef51ca000 	C:\Windows\System32\drprov.dll
0x000007fefc960000 - 0x000007fefc99d000 	C:\Windows\System32\WINSTA.dll
0x000007fef5190000 - 0x000007fef51b2000 	C:\Windows\System32\ntlanman.dll
0x000007fef5170000 - 0x000007fef518d000 	C:\Windows\System32\davclnt.dll
0x000007fef5160000 - 0x000007fef516a000 	C:\Windows\System32\DAVHLPR.dll
0x000007fef5a40000 - 0x000007fef5a4f000 	C:\Windows\system32\cscapi.dll
0x000007feee5b0000 - 0x000007feee821000 	C:\Windows\system32\wpdshext.dll
0x000007fefaa50000 - 0x000007fefac66000 	C:\Windows\WinSxS\amd64_microsoft.windows.gdiplus_6595b64144ccf1df_1.1.7601.18455_none_2b283fd671e9bf4d\gdiplus.dll
0x000007fef4940000 - 0x000007fef49fd000 	C:\Windows\system32\PortableDeviceApi.dll
0x000007fef5910000 - 0x000007fef5945000 	C:\Windows\system32\EhStorShell.dll
0x000007fef5570000 - 0x000007fef5597000 	C:\Windows\system32\EhStorAPI.dll
0x000007fef5620000 - 0x000007fef562c000 	C:\Windows\system32\LINKINFO.dll
0x000007fefa470000 - 0x000007fefa5d1000 	C:\Windows\system32\WindowsCodecs.dll
0x0000000073410000 - 0x0000000073426000 	C:\Program Files\Common Files\TortoiseOverlays\TortoiseOverlays.dll
0x0000000073250000 - 0x0000000073267000 	C:\Program Files\TortoiseSVN\bin\TortoiseStub.dll
0x0000000071780000 - 0x00000000717fd000 	C:\Program Files\TortoiseSVN\bin\TortoiseSVN.dll
0x000007fefe400000 - 0x000007fefe62c000 	C:\Windows\system32\WININET.dll
0x000007fefcd20000 - 0x000007fefcd24000 	C:\Windows\system32\api-ms-win-downlevel-user32-l1-1-0.dll
0x000007fefcb10000 - 0x000007fefcb15000 	C:\Windows\system32\api-ms-win-downlevel-advapi32-l1-1-0.dll
0x000007fefcb50000 - 0x000007fefcb54000 	C:\Windows\system32\api-ms-win-downlevel-shlwapi-l1-1-0.dll
0x000007fefcd30000 - 0x000007fefcd34000 	C:\Windows\system32\api-ms-win-downlevel-version-l1-1-0.dll
0x000007fefcb40000 - 0x000007fefcb43000 	C:\Windows\system32\api-ms-win-downlevel-normaliz-l1-1-0.dll
0x0000000076e80000 - 0x0000000076e83000 	C:\Windows\system32\normaliz.DLL
0x000007fefd3d0000 - 0x000007fefd65e000 	C:\Windows\system32\iertutil.dll
0x000007fefcb20000 - 0x000007fefcb3e000 	C:\Windows\system32\USERENV.dll
0x000007fef64e0000 - 0x000007fef6956000 	C:\Program Files\TortoiseSVN\bin\libsvn_tsvn.dll
0x0000000073220000 - 0x000000007324e000 	C:\Program Files\TortoiseSVN\bin\libapr_tsvn.dll
0x000007fef6400000 - 0x000007fef64d4000 	C:\Windows\system32\MSVCR110.dll
0x0000000071460000 - 0x00000000714a5000 	C:\Program Files\TortoiseSVN\bin\libaprutil_tsvn.dll
0x000007fef6380000 - 0x000007fef6391000 	C:\Program Files\TortoiseSVN\bin\intl3_tsvn.dll
0x000007fef6360000 - 0x000007fef6379000 	C:\Program Files\TortoiseSVN\bin\libsasl.dll
0x000007fefc880000 - 0x000007fefc88b000 	C:\Windows\system32\Secur32.dll
0x000007fef62b0000 - 0x000007fef6357000 	C:\Windows\system32\MSVCP110.dll
0x0000000071350000 - 0x000000007136b000 	C:\Program Files\TortoiseGit\bin\TortoiseGitStub.dll
0x00000000712c0000 - 0x000000007134e000 	C:\Program Files\TortoiseGit\bin\TortoiseGit.dll
0x000007fef5f80000 - 0x000007fef604e000 	C:\Program Files\TortoiseGit\bin\libgit2_tgit.dll
0x000007fef5ea0000 - 0x000007fef5eb8000 	C:\Program Files\TortoiseGit\bin\zlib1_tgit.dll
0x000007fef5d80000 - 0x000007fef5e6f000 	C:\Windows\system32\MSVCR120.dll

VM Arguments:
jvm_args: -Xdebug -Xrunjdwp:transport=dt_socket,server=n,address=51202 -Xmx2G 
java_command: fr.ird.voxelidar.Principal
Launcher Type: SUN_STANDARD

Environment Variables:
JAVA_HOME=C:\Program Files\Java\jdk1.7.0_67
CLASSPATH=C:\Program Files\OpenNI\Bin64\org.OpenNI.jar
PATH=C:\Program Files\Java\jdk1.7.0_67\bin;C:\Python27\Lib\site-packages\PyQt4;C:\Program Files (x86)\Common Files\Intergraph\Grid Analysis SDK\1.0\Program;C:\Windows\system32;C:\Windows;C:\Windows\System32\Wbem;C:\Windows\System32\WindowsPowerShell\v1.0\;C:\Windows\Program Files (x86)\Common Files\Roxio Shared\DLLShared\;C:\Program Files (x86)\Common Files\Roxio Shared\10.0\DLLShared\;C:\Windows\Program Files\Java\jdk1.7.0_67\bin;C:\Program Files\java\ssj\lib\;C:\Program Files\MATLAB\R2010a\bin;C:\Program Files\OpenNI\Bin64;C:\Program Files\PCL 1.6.0\bin;C:\Program Files\TortoiseSVN\bin;C:\Program Files\Microsoft SQL Server\110\Tools\Binn\;C:\MinGW3\bin;C:\Program Files\TortoiseGit\bin;c:\users\julien\appdata\local\enthought\canopy\user;c:\users\julien\appdata\local\enthought\canopy\user\scripts
USERNAME=Julien
OS=Windows_NT
PROCESSOR_IDENTIFIER=Intel64 Family 6 Model 44 Stepping 2, GenuineIntel



---------------  S Y S T E M  ---------------

OS: Windows 7 , 64 bit Build 7601 Service Pack 1

CPU:total 8 (4 cores per cpu, 2 threads per core) family 6 model 44 stepping 2, cmov, cx8, fxsr, mmx, sse, sse2, sse3, ssse3, sse4.1, sse4.2, popcnt, aes, ht, tsc, tscinvbit, tscinv

Memory: 4k page, physical 25148644k(17579000k free), swap 50295424k(41295064k free)

vm_info: Java HotSpot(TM) 64-Bit Server VM (24.65-b04) for windows-amd64 JRE (1.7.0_67-b01), built on Jul 25 2014 08:55:00 by "java_re" with unknown MS VC++:1600

time: Tue Dec 16 18:40:49 2014
elapsed time: 25 seconds

