#
# A fatal error has been detected by the Java Runtime Environment:
#
#  EXCEPTION_ACCESS_VIOLATION (0xc0000005) at pc=0x000000006ff45014, pid=3104, tid=6516
#
# JRE version: Java(TM) SE Runtime Environment (8.0_31-b13) (build 1.8.0_31-b13)
# Java VM: Java HotSpot(TM) 64-Bit Server VM (25.31-b07 mixed mode windows-amd64 compressed oops)
# Problematic frame:
# V  [jvm.dll+0x135014]
#
# Failed to write core dump. Minidumps are not enabled by default on client versions of Windows
#
# If you would like to submit a bug report, please visit:
#   http://bugreport.java.com/bugreport/crash.jsp
#

---------------  T H R E A D  ---------------

Current thread (0x000000001fa32800):  JavaThread "Thread-0" [_thread_in_vm, id=6516, stack(0x00000000202e0000,0x00000000203e0000)]

siginfo: ExceptionCode=0xc0000005, reading address 0x0000000000000000

Registers:
RAX=0x0000000000000000, RBX=0x000000001fa32800, RCX=0x0000000000000280, RDX=0x0000000000000000
RSP=0x00000000203dee40, RBP=0x0000000000000000, RSI=0x0000000000000000, RDI=0x0000000000000000
R8 =0x0000000000000000, R9 =0x0000000000000006, R10=0x0000000000000005, R11=0x000000001f9b3cf8
R12=0x0000000000000000, R13=0x0000000000000000, R14=0x00000000203df250, R15=0x000000001fa32800
RIP=0x000000006ff45014, EFLAGS=0x0000000000010202

Top of Stack: (sp=0x00000000203dee40)
0x00000000203dee40:   000000001fa32800 000007feb581296f
0x00000000203dee50:   000000001fa3c050 000007fef6da7400
0x00000000203dee60:   000000001fa32800 0000000000000000
0x00000000203dee70:   000000001fa32800 0000000000000000
0x00000000203dee80:   000000001bdca898 000000001f9b3cf8
0x00000000203dee90:   000000001fa3c050 000007fef6d2be41
0x00000000203deea0:   0000000000000000 000000001fa329e8
0x00000000203deeb0:   0000000000200020 0000000000000000
0x00000000203deec0:   00000000203def18 00000000203dee78
0x00000000203deed0:   00000000703dbea8 000000001f9845d0
0x00000000203deee0:   000000020000003b 000000000000003c
0x00000000203deef0:   000000001bdca898 000000001fa32800
0x00000000203def00:   0000000100000003 0000000000000003
0x00000000203def10:   000000001d5f6220 0000002800000003
0x00000000203def20:   000000001d5f65f8 000000001fa32800
0x00000000203def30:   000000001bdca898 000000001fa32800 

Instructions: (pc=0x000000006ff45014)
0x000000006ff44ff4:   89 5c 24 20 48 89 74 24 28 48 39 73 08 74 0a 48
0x000000006ff45004:   8d 4c 24 20 e8 33 05 13 00 40 38 35 94 f3 69 00
0x000000006ff45014:   48 8b 3f 48 63 05 da 6f 68 00 74 1b 8b 0c 38 85
0x000000006ff45024:   c9 74 77 8b c1 8b 0d 09 75 63 00 48 d3 e0 48 03 


Register to memory mapping:

RAX=0x0000000000000000 is an unknown value
RBX=0x000000001fa32800 is a thread
RCX=0x0000000000000280 is an unknown value
RDX=0x0000000000000000 is an unknown value
RSP=0x00000000203dee40 is pointing into the stack for thread: 0x000000001fa32800
RBP=0x0000000000000000 is an unknown value
RSI=0x0000000000000000 is an unknown value
RDI=0x0000000000000000 is an unknown value
R8 =0x0000000000000000 is an unknown value
R9 =0x0000000000000006 is an unknown value
R10=0x0000000000000005 is an unknown value
R11=0x000000001f9b3cf8 is an unknown value
R12=0x0000000000000000 is an unknown value
R13=0x0000000000000000 is an unknown value
R14=0x00000000203df250 is pointing into the stack for thread: 0x000000001fa32800
R15=0x000000001fa32800 is a thread


Stack: [0x00000000202e0000,0x00000000203e0000],  sp=0x00000000203dee40,  free space=1019k
Native frames: (J=compiled Java code, j=interpreted, Vv=VM code, C=native code)

Java frames: (J=compiled Java code, j=interpreted, Vv=VM code)
j  fr.ird.voxelidar.extraction.LasExtraction.simpleExtract(Ljava/lang/String;Lfr/ird/voxelidar/extraction/LasPoints;)Z+0
j  fr.ird.voxelidar.extraction.LasExtraction.run()V+30
j  java.lang.Thread.run()V+11
v  ~StubRoutines::call_stub

---------------  P R O C E S S  ---------------

Java Threads: ( => current thread )
=>0x000000001fa32800 JavaThread "Thread-0" [_thread_in_vm, id=6516, stack(0x00000000202e0000,0x00000000203e0000)]
  0x000000001d5e0800 JavaThread "Service Thread" daemon [_thread_blocked, id=3424, stack(0x000000001f830000,0x000000001f930000)]
  0x000000001d587800 JavaThread "C1 CompilerThread3" daemon [_thread_blocked, id=7036, stack(0x000000001f6c0000,0x000000001f7c0000)]
  0x000000001d564800 JavaThread "C2 CompilerThread2" daemon [_thread_blocked, id=3900, stack(0x000000001f540000,0x000000001f640000)]
  0x000000001d564000 JavaThread "C2 CompilerThread1" daemon [_thread_blocked, id=6940, stack(0x000000001f3f0000,0x000000001f4f0000)]
  0x000000001d562000 JavaThread "C2 CompilerThread0" daemon [_thread_blocked, id=4672, stack(0x000000001e570000,0x000000001e670000)]
  0x000000001d54f800 JavaThread "JDWP Command Reader" daemon [_thread_in_native, id=4968, stack(0x000000001f220000,0x000000001f320000)]
  0x000000001d54c800 JavaThread "JDWP Event Helper Thread" daemon [_thread_blocked, id=6584, stack(0x000000001f040000,0x000000001f140000)]
  0x000000001d53f800 JavaThread "JDWP Transport Listener: dt_socket" daemon [_thread_blocked, id=6852, stack(0x000000001ed90000,0x000000001ee90000)]
  0x000000001d538800 JavaThread "Attach Listener" daemon [_thread_blocked, id=5808, stack(0x000000001ec70000,0x000000001ed70000)]
  0x000000001d537800 JavaThread "Signal Dispatcher" daemon [_thread_blocked, id=6296, stack(0x000000001ea80000,0x000000001eb80000)]
  0x000000001c36e000 JavaThread "Finalizer" daemon [_thread_blocked, id=1380, stack(0x000000001e800000,0x000000001e900000)]
  0x000000001c367000 JavaThread "Reference Handler" daemon [_thread_blocked, id=6668, stack(0x000000001e690000,0x000000001e790000)]
  0x0000000001dca800 JavaThread "main" [_thread_in_vm, id=6220, stack(0x0000000002260000,0x0000000002360000)]

Other Threads:
  0x000000001d4e3000 VMThread [stack: 0x000000001e470000,0x000000001e570000] [id=3320]
  0x000000001d5f5800 WatcherThread [stack: 0x000000001e970000,0x000000001ea70000] [id=6532]

VM state:not at safepoint (normal execution)

VM Mutex/Monitor currently owned by a thread: None

Heap:
 PSYoungGen      total 114688K, used 13780K [0x000000076ab00000, 0x0000000772b00000, 0x00000007c0000000)
  eden space 98304K, 14% used [0x000000076ab00000,0x000000076b8752e8,0x0000000770b00000)
  from space 16384K, 0% used [0x0000000771b00000,0x0000000771b00000,0x0000000772b00000)
  to   space 16384K, 0% used [0x0000000770b00000,0x0000000770b00000,0x0000000771b00000)
 ParOldGen       total 262144K, used 0K [0x00000006c0000000, 0x00000006d0000000, 0x000000076ab00000)
  object space 262144K, 0% used [0x00000006c0000000,0x00000006c0000000,0x00000006d0000000)
 Metaspace       used 5160K, capacity 5372K, committed 5632K, reserved 1056768K
  class space    used 607K, capacity 660K, committed 768K, reserved 1048576K

Card table byte_map: [0x00000000119f0000,0x0000000012200000] byte_map_base: 0x000000000e3f0000

Marking Bits: (ParMarkBitMap*) 0x00000000705ed4f0
 Begin Bits: [0x0000000013180000, 0x0000000017180000)
 End Bits:   [0x0000000017180000, 0x000000001b180000)

Polling page: 0x0000000000410000

CodeCache: size=245760Kb used=1583Kb max_used=1591Kb free=244176Kb
 bounds [0x0000000002630000, 0x00000000028a0000, 0x0000000011630000]
 total_blobs=488 nmethods=231 adapters=180
 compilation: enabled

Compilation events (10 events):
Event: 0.462 Thread 0x000000001d587800  227       3       java.util.TreeMap::parentOf (13 bytes)
Event: 0.462 Thread 0x000000001d587800 nmethod 227 0x00000000027afe10 code [0x00000000027aff60, 0x00000000027b0110]
Event: 0.462 Thread 0x000000001d587800  226       3       sun.reflect.misc.ReflectUtil::isNonPublicProxyClass (51 bytes)
Event: 0.462 Thread 0x000000001d587800 nmethod 226 0x00000000027b1950 code [0x00000000027b1b80, 0x00000000027b2808]
Event: 0.462 Thread 0x000000001d587800  221       3       java.net.URL::<init> (8 bytes)
Event: 0.463 Thread 0x000000001d587800 nmethod 221 0x00000000027b1510 code [0x00000000027b1680, 0x00000000027b1828]
Event: 0.463 Thread 0x000000001d587800  229       1       java.security.PrivilegedActionException::getException (5 bytes)
Event: 0.463 Thread 0x000000001d587800 nmethod 229 0x00000000027aef90 code [0x00000000027af0e0, 0x00000000027af1f0]
Event: 2.048 Thread 0x000000001d564000  230 %     4       java.lang.String::indexOf @ 69 (166 bytes)
Event: 2.063 Thread 0x000000001d564000 nmethod 230% 0x00000000027bda90 code [0x00000000027bdbe0, 0x00000000027be3f8]

GC Heap History (0 events):
No events

Deoptimization events (0 events):
No events

Internal exceptions (10 events):
Event: 0.457 Thread 0x0000000001dca800 Exception <a 'java/security/PrivilegedActionException'> (0x000000076b4e8c40) thrown at [C:\workspace\8-2-build-windows-amd64-cygwin\jdk8u31\2394\hotspot\src\share\vm\prims\jvm.cpp, line 1312]
Event: 0.457 Thread 0x0000000001dca800 Exception <a 'java/lang/ClassNotFoundException': org/apache/log4j/ConsoleAppenderCustomizer> (0x000000076b4e8e78) thrown at [C:\workspace\8-2-build-windows-amd64-cygwin\jdk8u31\2394\hotspot\src\share\vm\classfile\systemDictionary.cpp, line 202]
Event: 0.458 Thread 0x0000000001dca800 Exception <a 'java/security/PrivilegedActionException'> (0x000000076b4f3e10) thrown at [C:\workspace\8-2-build-windows-amd64-cygwin\jdk8u31\2394\hotspot\src\share\vm\prims\jvm.cpp, line 1312]
Event: 0.458 Thread 0x0000000001dca800 Exception <a 'java/security/PrivilegedActionException'> (0x000000076b4f9488) thrown at [C:\workspace\8-2-build-windows-amd64-cygwin\jdk8u31\2394\hotspot\src\share\vm\prims\jvm.cpp, line 1312]
Event: 2.048 Thread 0x0000000001dca800 Exception <a 'java/security/PrivilegedActionException'> (0x000000076b4ffa48) thrown at [C:\workspace\8-2-build-windows-amd64-cygwin\jdk8u31\2394\hotspot\src\share\vm\prims\jvm.cpp, line 1312]
Event: 2.049 Thread 0x0000000001dca800 Exception <a 'java/security/PrivilegedActionException'> (0x000000076b502158) thrown at [C:\workspace\8-2-build-windows-amd64-cygwin\jdk8u31\2394\hotspot\src\share\vm\prims\jvm.cpp, line 1312]
Event: 2.071 Thread 0x0000000001dca800 Exception <a 'java/security/PrivilegedActionException'> (0x000000076b507ff0) thrown at [C:\workspace\8-2-build-windows-amd64-cygwin\jdk8u31\2394\hotspot\src\share\vm\prims\jvm.cpp, line 1312]
Event: 2.077 Thread 0x0000000001dca800 Exception <a 'java/security/PrivilegedActionException'> (0x000000076b509c40) thrown at [C:\workspace\8-2-build-windows-amd64-cygwin\jdk8u31\2394\hotspot\src\share\vm\prims\jvm.cpp, line 1312]
Event: 2.077 Thread 0x000000001fa32800 Exception <a 'java/security/PrivilegedActionException'> (0x000000076b689f88) thrown at [C:\workspace\8-2-build-windows-amd64-cygwin\jdk8u31\2394\hotspot\src\share\vm\prims\jvm.cpp, line 1312]
Event: 2.078 Thread 0x000000001fa32800 Exception <a 'java/security/PrivilegedActionException'> (0x000000076b68c1d8) thrown at [C:\workspace\8-2-build-windows-amd64-cygwin\jdk8u31\2394\hotspot\src\share\vm\prims\jvm.cpp, line 1312]

Events (10 events):
Event: 2.081 loading class java/awt/Component
Event: 2.082 loading class java/awt/image/ImageObserver
Event: 2.082 loading class java/awt/image/ImageObserver done
Event: 2.083 loading class java/awt/Component done
Event: 2.083 loading class java/awt/Container done
Event: 2.083 loading class java/awt/Window done
Event: 2.083 loading class java/awt/Frame done
Event: 2.083 loading class javax/swing/JFrame done
Event: 2.083 Executing VM operation: ChangeBreakpoints
Event: 2.084 Executing VM operation: ChangeBreakpoints done


Dynamic libraries:
0x000000013f5e0000 - 0x000000013f614000 	C:\Program Files\Java\jdk1.8.0_31\bin\java.exe
0x00000000774e0000 - 0x0000000077689000 	C:\Windows\SYSTEM32\ntdll.dll
0x00000000772c0000 - 0x00000000773df000 	C:\Windows\system32\kernel32.dll
0x000007fefd380000 - 0x000007fefd3ec000 	C:\Windows\system32\KERNELBASE.dll
0x000007feff290000 - 0x000007feff36b000 	C:\Windows\system32\ADVAPI32.dll
0x000007fefd760000 - 0x000007fefd7ff000 	C:\Windows\system32\msvcrt.dll
0x000007fefda30000 - 0x000007fefda4f000 	C:\Windows\SYSTEM32\sechost.dll
0x000007fefe9a0000 - 0x000007fefeacd000 	C:\Windows\system32\RPCRT4.dll
0x00000000773e0000 - 0x00000000774da000 	C:\Windows\system32\USER32.dll
0x000007fefd6f0000 - 0x000007fefd757000 	C:\Windows\system32\GDI32.dll
0x000007fefe940000 - 0x000007fefe94e000 	C:\Windows\system32\LPK.dll
0x000007feff410000 - 0x000007feff4d9000 	C:\Windows\system32\USP10.dll
0x000007fefbc50000 - 0x000007fefbe44000 	C:\Windows\WinSxS\amd64_microsoft.windows.common-controls_6595b64144ccf1df_6.0.7601.17514_none_fa396087175ac9ac\COMCTL32.dll
0x000007feff6f0000 - 0x000007feff761000 	C:\Windows\system32\SHLWAPI.dll
0x000007fefdb60000 - 0x000007fefdb8e000 	C:\Windows\system32\IMM32.DLL
0x000007fefda50000 - 0x000007fefdb59000 	C:\Windows\system32\MSCTF.dll
0x0000000051740000 - 0x0000000051812000 	C:\Program Files\Java\jdk1.8.0_31\jre\bin\msvcr100.dll
0x000000006fe10000 - 0x000000007066a000 	C:\Program Files\Java\jdk1.8.0_31\jre\bin\server\jvm.dll
0x000007fef76c0000 - 0x000007fef76c9000 	C:\Windows\system32\WSOCK32.dll
0x000007fefe950000 - 0x000007fefe99d000 	C:\Windows\system32\WS2_32.dll
0x000007fefd6e0000 - 0x000007fefd6e8000 	C:\Windows\system32\NSI.dll
0x000007fef73f0000 - 0x000007fef742b000 	C:\Windows\system32\WINMM.dll
0x00000000776a0000 - 0x00000000776a7000 	C:\Windows\system32\PSAPI.DLL
0x0000000058970000 - 0x000000005897f000 	C:\Program Files\Java\jdk1.8.0_31\jre\bin\verify.dll
0x0000000054c40000 - 0x0000000054c68000 	C:\Program Files\Java\jdk1.8.0_31\jre\bin\java.dll
0x0000000054070000 - 0x00000000540a5000 	C:\Program Files\Java\jdk1.8.0_31\jre\bin\jdwp.dll
0x0000000054bd0000 - 0x0000000054bd8000 	C:\Program Files\Java\jdk1.8.0_31\jre\bin\npt.dll
0x0000000054c20000 - 0x0000000054c36000 	C:\Program Files\Java\jdk1.8.0_31\jre\bin\zip.dll
0x000007fefdbb0000 - 0x000007fefe938000 	C:\Windows\system32\SHELL32.dll
0x000007feff4e0000 - 0x000007feff6e3000 	C:\Windows\system32\ole32.dll
0x000007fefd330000 - 0x000007fefd33f000 	C:\Windows\system32\profapi.dll
0x0000000054ad0000 - 0x0000000054ad9000 	C:\Program Files\Java\jdk1.8.0_31\jre\bin\dt_socket.dll
0x000007fefc9f0000 - 0x000007fefca45000 	C:\Windows\system32\mswsock.dll
0x000007fefc720000 - 0x000007fefc727000 	C:\Windows\System32\wshtcpip.dll
0x000007fef6d20000 - 0x000007fef6de8000 	C:\Users\Julien\Documents\NetBeansProjects\VoxeLidar\LASlib.dll
0x000007fef56e0000 - 0x000007fef57cf000 	C:\Windows\system32\MSVCR120.dll
0x000007fef58a0000 - 0x000007fef5946000 	C:\Windows\system32\MSVCP120.dll
0x000007fefaeb0000 - 0x000007fefafd5000 	C:\Windows\system32\dbghelp.dll

VM Arguments:
jvm_args: -Xdebug -Xrunjdwp:transport=dt_socket,server=n,address=1431 -Xmx4G 
java_command: fr.ird.voxelidar.Principal
java_class_path (initial): C:\Users\Julien\Documents\NetBeansProjects\VoxeLidar\target\classes;C:\Users\Julien\.m2\repository\org\jogamp\gluegen\gluegen-rt-main\2.2.4\gluegen-rt-main-2.2.4.jar;C:\Users\Julien\.m2\repository\org\jogamp\gluegen\gluegen-rt\2.2.4\gluegen-rt-2.2.4.jar;C:\Users\Julien\.m2\repository\org\jogamp\gluegen\gluegen-rt\2.2.4\gluegen-rt-2.2.4-natives-android-armv6.jar;C:\Users\Julien\.m2\repository\org\jogamp\gluegen\gluegen-rt\2.2.4\gluegen-rt-2.2.4-natives-linux-amd64.jar;C:\Users\Julien\.m2\repository\org\jogamp\gluegen\gluegen-rt\2.2.4\gluegen-rt-2.2.4-natives-linux-armv6.jar;C:\Users\Julien\.m2\repository\org\jogamp\gluegen\gluegen-rt\2.2.4\gluegen-rt-2.2.4-natives-linux-armv6hf.jar;C:\Users\Julien\.m2\repository\org\jogamp\gluegen\gluegen-rt\2.2.4\gluegen-rt-2.2.4-natives-linux-i586.jar;C:\Users\Julien\.m2\repository\org\jogamp\gluegen\gluegen-rt\2.2.4\gluegen-rt-2.2.4-natives-macosx-universal.jar;C:\Users\Julien\.m2\repository\org\jogamp\gluegen\gluegen-rt\2.2.4\gluegen-rt-2.2.4-natives-solaris-amd64.jar;C:\Users\Julien\.m2\repository\org\jogamp\gluegen\gluegen-rt\2.2.4\gluegen-rt-2.2.4-natives-solaris-i586.jar;C:\Users\Julien\.m2\repository\org\jogamp\gluegen\gluegen-rt\2.2.4\gluegen-rt-2.2.4-natives-windows-amd64.jar;C:\Users\Julien\.m2\repository\org\jogamp\gluegen\gluegen-rt\2.2.4\gluegen-rt-2.2.4-natives-windows-i586.jar;C:\Users\Julien\.m2\repository\org\jogamp\jogl\jogl-all-main\2.2.4\jogl-all-main-2.2.4.jar;C:\Users\Julien\.m2\repository\org\jogamp\jogl\jogl-all\2.2.4\jogl-all-2.2.4.jar;C:\Users\Julien\.m2\repository\org\jogamp\jogl\jogl-all\2.2.4\jogl-all-2.2.4-natives-android-armv6.jar;C:\Users\Julien\.m2\repository\org\jogamp\jogl\jogl-all\2.2.4\jogl-all-2.2.4-natives-linux-amd64.jar;C:\Users\Julien\.m2\repository\org\jogamp\jogl\jogl-all\2.2.4\jogl-all-2.2.4-natives-linux-armv6.jar;C:\Users\Julien\.m2\repository\org\jogamp\jogl\jogl-all\2.2.4\jogl-all-2.2.4-natives-linux-armv6hf.jar;C:\Users\Julien\.m2\repository\org\jogamp\j
Launcher Type: SUN_STANDARD

Environment Variables:
JAVA_HOME=C:\Program Files\Java\jdk1.8.0_31
CLASSPATH=C:\Program Files\OpenNI\Bin64\org.OpenNI.jar
PATH=C:\ProgramData\Oracle\Java\javapath;C:\Program Files\Java\jdk1.7.0_67\bin;C:\Python27\Lib\site-packages\PyQt4;C:\Program Files (x86)\Common Files\Intergraph\Grid Analysis SDK\1.0\Program;C:\Windows\system32;C:\Windows;C:\Windows\System32\Wbem;C:\Windows\System32\WindowsPowerShell\v1.0\;C:\Windows\Program Files (x86)\Common Files\Roxio Shared\DLLShared\;C:\Program Files (x86)\Common Files\Roxio Shared\10.0\DLLShared\;C:\Windows\Program Files\Java\jdk1.7.0_67\bin;C:\Program Files\java\ssj\lib\;C:\Program Files\MATLAB\R2010a\bin;C:\Program Files\OpenNI\Bin64;C:\Program Files\PCL 1.6.0\bin;C:\Program Files\TortoiseSVN\bin;C:\Program Files\Microsoft SQL Server\110\Tools\Binn\;C:\MinGW3\bin;C:\Program Files\TortoiseGit\bin;C:\Program Files (x86)\Windows Kits\8.1\Windows Performance Toolkit\;c:\users\julien\appdata\local\enthought\canopy\user;c:\users\julien\appdata\local\enthought\canopy\user\scripts
USERNAME=Julien
OS=Windows_NT
PROCESSOR_IDENTIFIER=Intel64 Family 6 Model 44 Stepping 2, GenuineIntel



---------------  S Y S T E M  ---------------

OS: Windows 7 , 64 bit Build 7601 Service Pack 1

CPU:total 8 (4 cores per cpu, 2 threads per core) family 6 model 44 stepping 2, cmov, cx8, fxsr, mmx, sse, sse2, sse3, ssse3, sse4.1, sse4.2, popcnt, aes, clmul, ht, tsc, tscinvbit, tscinv

Memory: 4k page, physical 25148644k(19732656k free), swap 50295424k(43412940k free)

vm_info: Java HotSpot(TM) 64-Bit Server VM (25.31-b07) for windows-amd64 JRE (1.8.0_31-b13), built on Dec 17 2014 21:00:28 by "java_re" with MS VC++ 10.0 (VS2010)

time: Thu Feb 05 10:40:19 2015
elapsed time: 2 seconds (0d 0h 0m 2s)

