#
# A fatal error has been detected by the Java Runtime Environment:
#
#  EXCEPTION_ACCESS_VIOLATION (0xc0000005) at pc=0x00000000610b0539, pid=2492, tid=6584
#
# JRE version: Java(TM) SE Runtime Environment (7.0_67-b01) (build 1.7.0_67-b01)
# Java VM: Java HotSpot(TM) 64-Bit Server VM (24.65-b04 mixed mode windows-amd64 compressed oops)
# Problematic frame:
# C  0x00000000610b0539
#
# Failed to write core dump. Minidumps are not enabled by default on client versions of Windows
#
# If you would like to submit a bug report, please visit:
#   http://bugreport.sun.com/bugreport/crash.jsp
# The crash happened outside the Java Virtual Machine in native code.
# See problematic frame for where to report the bug.
#

---------------  T H R E A D  ---------------

Current thread (0x000000000c54a800):  JavaThread "AWT-EventQueue-0" [_thread_in_native, id=6584, stack(0x0000000010ff0000,0x00000000110f0000)]

siginfo: ExceptionCode=0xc0000005, reading address 0x0000000000001100

Registers:
RAX=0x0000000000000000, RBX=0x000000077c060b20, RCX=0x0000000000000003, RDX=0x00000000110ed1b8
RSP=0x00000000110ed0f8, RBP=0x00000000110ed180, RSI=0x00000000ef5e2b65, RDI=0x000000077c21b538
R8 =0x0000000000000003, R9 =0x00000000610b0530, R10=0x00000000027994dd, R11=0x0000000064072a70
R12=0x0000000000000000, R13=0x000000077c060b20, R14=0x00000000110ed1b8, R15=0x000000000c54a800
RIP=0x00000000610b0539, EFLAGS=0x0000000000010202

Top of Stack: (sp=0x00000000110ed0f8)
0x00000000110ed0f8:   0000000002799509 00000000110ed180
0x00000000110ed108:   00000000027990be 000000077c060b20
0x00000000110ed118:   00000000ef5e2b65 000000077c21b538
0x00000000110ed128:   00000000027a6d46 00000000110ed168
0x00000000110ed138:   0000000002799086 00000000110ed140
0x00000000110ed148:   000000077c060b20 00000000110ed1b8
0x00000000110ed158:   000000077c1ae980 0000000000000000
0x00000000110ed168:   000000077c060b20 0000000000000000
0x00000000110ed178:   00000000110ed1a0 00000000110ed200
0x00000000110ed188:   0000000002786198 0000000000000000
0x00000000110ed198:   0000000002793a58 00000000610b0530
0x00000000110ed1a8:   00000000110ed200 0000000000000003
0x00000000110ed1b8:   00000007ebd74828 00000000110ed1c0
0x00000000110ed1c8:   000000077c060a52 00000000110ed228
0x00000000110ed1d8:   000000077c1ae980 000000077c42b288
0x00000000110ed1e8:   000000077c060a60 00000000110ed1a0 

Instructions: (pc=0x00000000610b0539)
0x00000000610b0519:   af af af af af af af c3 cc cc cc cc cc cc cc cc
0x00000000610b0529:   cc cc cc cc cc cc cc 65 48 8b 04 25 20 16 00 00
0x00000000610b0539:   ff a0 00 11 00 00 cc cc cc cc cc cc cc cc cc cc
0x00000000610b0549:   cc cc cc cc cc cc cc cc cc cc cc cc cc cc cc cc 


Register to memory mapping:

RAX=0x0000000000000000 is an unknown value
RBX=0x000000077c060b20 is an oop
{method} 
 - klass: {other class}
RCX=0x0000000000000003 is an unknown value
RDX=0x00000000110ed1b8 is pointing into the stack for thread: 0x000000000c54a800
RSP=0x00000000110ed0f8 is pointing into the stack for thread: 0x000000000c54a800
RBP=0x00000000110ed180 is pointing into the stack for thread: 0x000000000c54a800
RSI=0x00000000ef5e2b65 is an unknown value
RDI=0x000000077c21b538 is an oop
{instance class} 
 - klass: {other class}
R8 =0x0000000000000003 is an unknown value
R9 =0x00000000610b0530 is an unknown value
R10=0x00000000027994dd is at code_begin+1277 in an Interpreter codelet
method entry point (kind = native)  [0x0000000002798fe0, 0x0000000002799ea0]  3776 bytes
R11=0x0000000064072a70 is an unknown value
R12=0x0000000000000000 is an unknown value
R13=0x000000077c060b20 is an oop
{method} 
 - klass: {other class}
R14=0x00000000110ed1b8 is pointing into the stack for thread: 0x000000000c54a800
R15=0x000000000c54a800 is a thread


Stack: [0x0000000010ff0000,0x00000000110f0000],  sp=0x00000000110ed0f8,  free space=1012k
Native frames: (J=compiled Java code, j=interpreted, Vv=VM code, C=native code)
C  0x00000000610b0539
j  jogamp.opengl.gl4.GL4bcImpl.glUseProgram(I)V+34
j  fr.ird.voxelidar.graphics3d.jogl.JoglListener$1.projMatrixChanged(Lfr/ird/voxelidar/math/matrix/Mat4F;)V+85
j  fr.ird.voxelidar.graphics3d.object.camera.TrackballCamera.fireProjectionMatrixChanged(Lfr/ird/voxelidar/math/matrix/Mat4F;)V+35
j  fr.ird.voxelidar.graphics3d.object.camera.TrackballCamera.updateProjMatrix()V+69
j  fr.ird.voxelidar.graphics3d.object.camera.TrackballCamera.setOrthographic(FFFFFF)V+39
j  fr.ird.voxelidar.frame.JFrameTools.jPanel21MouseClicked(Ljava/awt/event/MouseEvent;)V+141
j  fr.ird.voxelidar.frame.JFrameTools.access$1100(Lfr/ird/voxelidar/frame/JFrameTools;Ljava/awt/event/MouseEvent;)V+2
j  fr.ird.voxelidar.frame.JFrameTools$12.mouseClicked(Ljava/awt/event/MouseEvent;)V+5
j  java.awt.Component.processMouseEvent(Ljava/awt/event/MouseEvent;)V+74
j  javax.swing.JComponent.processMouseEvent(Ljava/awt/event/MouseEvent;)V+23
j  java.awt.Component.processEvent(Ljava/awt/AWTEvent;)V+81
j  java.awt.Container.processEvent(Ljava/awt/AWTEvent;)V+18
j  java.awt.Component.dispatchEventImpl(Ljava/awt/AWTEvent;)V+581
J 912 C2 java.awt.Container.dispatchEventImpl(Ljava/awt/AWTEvent;)V (129 bytes) @ 0x0000000002a52a84 [0x0000000002a52420+0x664]
J 415 C2 java.awt.LightweightDispatcher.retargetMouseEvent(Ljava/awt/Component;ILjava/awt/event/MouseEvent;)V (350 bytes) @ 0x00000000028e1158 [0x00000000028e0ca0+0x4b8]
J 912 C2 java.awt.Container.dispatchEventImpl(Ljava/awt/AWTEvent;)V (129 bytes) @ 0x0000000002a52710 [0x0000000002a52420+0x2f0]
J 924 C2 java.awt.Window.dispatchEventImpl(Ljava/awt/AWTEvent;)V (23 bytes) @ 0x0000000002a14350 [0x0000000002a14300+0x50]
J 422 C2 java.awt.EventQueue$3.run()Ljava/lang/Object; (5 bytes) @ 0x000000000289eb80 [0x000000000289e9c0+0x1c0]
v  ~StubRoutines::call_stub

Java frames: (J=compiled Java code, j=interpreted, Vv=VM code)
j  jogamp.opengl.gl4.GL4bcImpl.dispatch_glUseProgram1(IJ)V+0
j  jogamp.opengl.gl4.GL4bcImpl.glUseProgram(I)V+34
j  fr.ird.voxelidar.graphics3d.jogl.JoglListener$1.projMatrixChanged(Lfr/ird/voxelidar/math/matrix/Mat4F;)V+85
j  fr.ird.voxelidar.graphics3d.object.camera.TrackballCamera.fireProjectionMatrixChanged(Lfr/ird/voxelidar/math/matrix/Mat4F;)V+35
j  fr.ird.voxelidar.graphics3d.object.camera.TrackballCamera.updateProjMatrix()V+69
j  fr.ird.voxelidar.graphics3d.object.camera.TrackballCamera.setOrthographic(FFFFFF)V+39
j  fr.ird.voxelidar.frame.JFrameTools.jPanel21MouseClicked(Ljava/awt/event/MouseEvent;)V+141
j  fr.ird.voxelidar.frame.JFrameTools.access$1100(Lfr/ird/voxelidar/frame/JFrameTools;Ljava/awt/event/MouseEvent;)V+2
j  fr.ird.voxelidar.frame.JFrameTools$12.mouseClicked(Ljava/awt/event/MouseEvent;)V+5
j  java.awt.Component.processMouseEvent(Ljava/awt/event/MouseEvent;)V+74
j  javax.swing.JComponent.processMouseEvent(Ljava/awt/event/MouseEvent;)V+23
j  java.awt.Component.processEvent(Ljava/awt/AWTEvent;)V+81
j  java.awt.Container.processEvent(Ljava/awt/AWTEvent;)V+18
j  java.awt.Component.dispatchEventImpl(Ljava/awt/AWTEvent;)V+581
J 912 C2 java.awt.Container.dispatchEventImpl(Ljava/awt/AWTEvent;)V (129 bytes) @ 0x0000000002a52a84 [0x0000000002a52420+0x664]
J 415 C2 java.awt.LightweightDispatcher.retargetMouseEvent(Ljava/awt/Component;ILjava/awt/event/MouseEvent;)V (350 bytes) @ 0x00000000028e1158 [0x00000000028e0ca0+0x4b8]
J 912 C2 java.awt.Container.dispatchEventImpl(Ljava/awt/AWTEvent;)V (129 bytes) @ 0x0000000002a52710 [0x0000000002a52420+0x2f0]
J 924 C2 java.awt.Window.dispatchEventImpl(Ljava/awt/AWTEvent;)V (23 bytes) @ 0x0000000002a14350 [0x0000000002a14300+0x50]
J 422 C2 java.awt.EventQueue$3.run()Ljava/lang/Object; (5 bytes) @ 0x000000000289eb80 [0x000000000289e9c0+0x1c0]
v  ~StubRoutines::call_stub
J 378  java.security.AccessController.doPrivileged(Ljava/security/PrivilegedAction;Ljava/security/AccessControlContext;)Ljava/lang/Object; (0 bytes) @ 0x0000000002861c46 [0x0000000002861be0+0x66]
J 426 C2 java.security.ProtectionDomain$1.doIntersectionPrivilege(Ljava/security/PrivilegedAction;Ljava/security/AccessControlContext;Ljava/security/AccessControlContext;)Ljava/lang/Object; (32 bytes) @ 0x00000000028d145c [0x00000000028d1380+0xdc]
j  java.security.ProtectionDomain$1.doIntersectionPrivilege(Ljava/security/PrivilegedAction;Ljava/security/AccessControlContext;)Ljava/lang/Object;+6
j  java.awt.EventQueue$4.run()Ljava/lang/Void;+11
j  java.awt.EventQueue$4.run()Ljava/lang/Object;+1
v  ~StubRoutines::call_stub
J 378  java.security.AccessController.doPrivileged(Ljava/security/PrivilegedAction;Ljava/security/AccessControlContext;)Ljava/lang/Object; (0 bytes) @ 0x0000000002861c46 [0x0000000002861be0+0x66]
J 322 C2 java.awt.EventDispatchThread.pumpOneEventForFilters(I)V (295 bytes) @ 0x00000000028afa40 [0x00000000028aeac0+0xf80]
J 483% C2 java.awt.EventDispatchThread.pumpEventsForFilter(ILjava/awt/Conditional;Ljava/awt/EventFilter;)V (47 bytes) @ 0x00000000028e9c58 [0x00000000028e9b80+0xd8]
j  java.awt.EventDispatchThread.pumpEventsForHierarchy(ILjava/awt/Conditional;Ljava/awt/Component;)V+11
j  java.awt.EventDispatchThread.pumpEvents(ILjava/awt/Conditional;)V+4
j  java.awt.EventDispatchThread.pumpEvents(Ljava/awt/Conditional;)V+3
j  java.awt.EventDispatchThread.run()V+9
v  ~StubRoutines::call_stub

---------------  P R O C E S S  ---------------

Java Threads: ( => current thread )
  0x000000000ed3a800 JavaThread "SwingWorker-pool-2-thread-1" daemon [_thread_blocked, id=5448, stack(0x0000000019210000,0x0000000019310000)]
  0x000000000e95d800 JavaThread "AWT-EventQueue-0-FPSAWTAnimator-Timer0" [_thread_blocked, id=4952, stack(0x00000000168d0000,0x00000000169d0000)]
  0x000000000e962000 JavaThread "AWT-EventQueue-0-Display-.windows_nil-1-EDT-1" daemon [_thread_blocked, id=7156, stack(0x0000000015bf0000,0x0000000015cf0000)]
  0x000000000c4eb000 JavaThread "AWT-EventQueue-0-SharedResourceRunner" daemon [_thread_blocked, id=6380, stack(0x0000000012100000,0x0000000012200000)]
  0x000000000ee29000 JavaThread "D3D Screen Updater" daemon [_thread_blocked, id=1456, stack(0x0000000015420000,0x0000000015520000)]
  0x00000000021ca000 JavaThread "DestroyJavaVM" [_thread_blocked, id=1780, stack(0x0000000002680000,0x0000000002780000)]
  0x000000000eb46000 JavaThread "TimerQueue" daemon [_thread_blocked, id=5788, stack(0x0000000014c40000,0x0000000014d40000)]
  0x000000000e7bd800 JavaThread "org.netbeans.modules.debugger.jpda.visual AWT Access Loop" daemon [_thread_blocked, id=7084, stack(0x0000000012de0000,0x0000000012ee0000)]
  0x000000000e69c000 JavaThread "Swing-Shell" daemon [_thread_blocked, id=2128, stack(0x0000000012910000,0x0000000012a10000)]
=>0x000000000c54a800 JavaThread "AWT-EventQueue-0" [_thread_in_native, id=6584, stack(0x0000000010ff0000,0x00000000110f0000)]
  0x000000000c4b8800 JavaThread "AWT-Windows" daemon [_thread_in_native, id=4380, stack(0x000000000f1d0000,0x000000000f2d0000)]
  0x000000000c4b8000 JavaThread "AWT-Shutdown" [_thread_blocked, id=4976, stack(0x000000000ee80000,0x000000000ef80000)]
  0x000000000c4b7800 JavaThread "Java2D Disposer" daemon [_thread_blocked, id=6872, stack(0x000000000ef80000,0x000000000f080000)]
  0x000000000c28d000 JavaThread "Service Thread" daemon [_thread_blocked, id=6560, stack(0x000000000e550000,0x000000000e650000)]
  0x000000000c284000 JavaThread "C2 CompilerThread1" daemon [_thread_blocked, id=3632, stack(0x000000000e360000,0x000000000e460000)]
  0x000000000c278000 JavaThread "C2 CompilerThread0" daemon [_thread_blocked, id=1252, stack(0x000000000e170000,0x000000000e270000)]
  0x000000000c268000 JavaThread "JDWP Command Reader" daemon [_thread_in_native, id=196, stack(0x000000000deb0000,0x000000000dfb0000)]
  0x000000000c261000 JavaThread "JDWP Event Helper Thread" daemon [_thread_blocked, id=4520, stack(0x000000000dd60000,0x000000000de60000)]
  0x000000000b1bf000 JavaThread "JDWP Transport Listener: dt_socket" daemon [_thread_blocked, id=7072, stack(0x000000000dba0000,0x000000000dca0000)]
  0x000000000b1b8000 JavaThread "Attach Listener" daemon [_thread_blocked, id=3544, stack(0x000000000d480000,0x000000000d580000)]
  0x000000000b1b7000 JavaThread "Signal Dispatcher" daemon [_thread_blocked, id=5144, stack(0x000000000d710000,0x000000000d810000)]
  0x000000000225e800 JavaThread "Finalizer" daemon [_thread_blocked, id=6364, stack(0x000000000d590000,0x000000000d690000)]
  0x0000000002258000 JavaThread "Reference Handler" daemon [_thread_blocked, id=2316, stack(0x000000000d300000,0x000000000d400000)]

Other Threads:
  0x000000000c213800 VMThread [stack: 0x000000000d170000,0x000000000d270000] [id=4840]
  0x000000000c297800 WatcherThread [stack: 0x000000000e030000,0x000000000e130000] [id=6640]

VM state:not at safepoint (normal execution)

VM Mutex/Monitor currently owned by a thread: None

Heap
 PSYoungGen      total 436736K, used 228079K [0x00000007d5500000, 0x0000000800000000, 0x0000000800000000)
  eden space 368128K, 43% used [0x00000007d5500000,0x00000007df0c0980,0x00000007ebc80000)
  from space 68608K, 99% used [0x00000007ebc80000,0x00000007eff7b5a8,0x00000007eff80000)
  to   space 105472K, 0% used [0x00000007f9900000,0x00000007f9900000,0x0000000800000000)
 ParOldGen       total 261632K, used 105668K [0x0000000780000000, 0x000000078ff80000, 0x00000007d5500000)
  object space 261632K, 40% used [0x0000000780000000,0x0000000786731248,0x000000078ff80000)
 PSPermGen       total 23040K, used 22850K [0x000000077ae00000, 0x000000077c480000, 0x0000000780000000)
  object space 23040K, 99% used [0x000000077ae00000,0x000000077c450830,0x000000077c480000)

Card table byte_map: [0x0000000005780000,0x0000000005bb0000] byte_map_base: 0x0000000001ba9000

Polling page: 0x0000000000430000

Code Cache  [0x0000000002780000, 0x0000000002a70000, 0x0000000005780000)
 total_blobs=1680 nmethods=867 adapters=773 free_code_cache=46228Kb largest_free_block=47268800

Compilation events (10 events):
Event: 345.976 Thread 0x000000000c284000  927   !         java.awt.LightweightDispatcher::eventDispatched (336 bytes)
Event: 345.993 Thread 0x000000000c284000 nmethod 927 0x0000000002a5cbd0 code [0x0000000002a5ce20, 0x0000000002a5dba0]
Event: 346.718 Thread 0x000000000c278000  928             sun.misc.Unsafe::getBoolean (8 bytes)
Event: 346.719 Thread 0x000000000c278000 nmethod 928 0x0000000002a13ed0 code [0x0000000002a14000, 0x0000000002a14058]
Event: 346.729 Thread 0x000000000c284000  930             java.awt.Component::eventEnabled (9 bytes)
Event: 346.730 Thread 0x000000000c284000 nmethod 930 0x00000000029b6110 code [0x00000000029b6260, 0x00000000029b6318]
Event: 346.863 Thread 0x000000000c278000  931             java.awt.event.ComponentEvent::getComponent (22 bytes)
Event: 346.864 Thread 0x000000000c278000 nmethod 931 0x0000000002a609d0 code [0x0000000002a60b00, 0x0000000002a60bb8]
Event: 346.888 Thread 0x000000000c284000  932             sun.awt.windows.WComponentPeer::postEvent (17 bytes)
Event: 346.897 Thread 0x000000000c284000 nmethod 932 0x00000000029b87d0 code [0x00000000029b89a0, 0x00000000029b8ee0]

GC Heap History (10 events):
Event: 29.444 GC heap before
{Heap before GC invocations=3 (full 0):
 PSYoungGen      total 114688K, used 102264K [0x00000007d5500000, 0x00000007e3500000, 0x0000000800000000)
  eden space 98304K, 100% used [0x00000007d5500000,0x00000007db500000,0x00000007db500000)
  from space 16384K, 24% used [0x00000007dc500000,0x00000007dc8de010,0x00000007dd500000)
  to   space 16384K, 0% used [0x00000007db500000,0x00000007db500000,0x00000007dc500000)
 ParOldGen       total 261632K, used 16K [0x0000000780000000, 0x000000078ff80000, 0x00000007d5500000)
  object space 261632K, 0% used [0x0000000780000000,0x0000000780004000,0x000000078ff80000)
 PSPermGen       total 21504K, used 14778K [0x000000077ae00000, 0x000000077c300000, 0x0000000780000000)
  object space 21504K, 68% used [0x000000077ae00000,0x000000077bc6e8e0,0x000000077c300000)
Event: 29.453 GC heap after
Heap after GC invocations=3 (full 0):
 PSYoungGen      total 114688K, used 5317K [0x00000007d5500000, 0x00000007e3500000, 0x0000000800000000)
  eden space 98304K, 0% used [0x00000007d5500000,0x00000007d5500000,0x00000007db500000)
  from space 16384K, 32% used [0x00000007db500000,0x00000007dba315c0,0x00000007dc500000)
  to   space 16384K, 0% used [0x00000007e2500000,0x00000007e2500000,0x00000007e3500000)
 ParOldGen       total 261632K, used 24K [0x0000000780000000, 0x000000078ff80000, 0x00000007d5500000)
  object space 261632K, 0% used [0x0000000780000000,0x0000000780006000,0x000000078ff80000)
 PSPermGen       total 21504K, used 14778K [0x000000077ae00000, 0x000000077c300000, 0x0000000780000000)
  object space 21504K, 68% used [0x000000077ae00000,0x000000077bc6e8e0,0x000000077c300000)
}
Event: 52.881 GC heap before
{Heap before GC invocations=4 (full 0):
 PSYoungGen      total 114688K, used 103621K [0x00000007d5500000, 0x00000007e3500000, 0x0000000800000000)
  eden space 98304K, 100% used [0x00000007d5500000,0x00000007db500000,0x00000007db500000)
  from space 16384K, 32% used [0x00000007db500000,0x00000007dba315c0,0x00000007dc500000)
  to   space 16384K, 0% used [0x00000007e2500000,0x00000007e2500000,0x00000007e3500000)
 ParOldGen       total 261632K, used 24K [0x0000000780000000, 0x000000078ff80000, 0x00000007d5500000)
  object space 261632K, 0% used [0x0000000780000000,0x0000000780006000,0x000000078ff80000)
 PSPermGen       total 22016K, used 21892K [0x000000077ae00000, 0x000000077c380000, 0x0000000780000000)
  object space 22016K, 99% used [0x000000077ae00000,0x000000077c361200,0x000000077c380000)
Event: 52.892 GC heap after
Heap after GC invocations=4 (full 0):
 PSYoungGen      total 212992K, used 10013K [0x00000007d5500000, 0x00000007e3500000, 0x0000000800000000)
  eden space 196608K, 0% used [0x00000007d5500000,0x00000007d5500000,0x00000007e1500000)
  from space 16384K, 61% used [0x00000007e2500000,0x00000007e2ec7748,0x00000007e3500000)
  to   space 16384K, 0% used [0x00000007e1500000,0x00000007e1500000,0x00000007e2500000)
 ParOldGen       total 261632K, used 32K [0x0000000780000000, 0x000000078ff80000, 0x00000007d5500000)
  object space 261632K, 0% used [0x0000000780000000,0x0000000780008000,0x000000078ff80000)
 PSPermGen       total 22016K, used 21892K [0x000000077ae00000, 0x000000077c380000, 0x0000000780000000)
  object space 22016K, 99% used [0x000000077ae00000,0x000000077c361200,0x000000077c380000)
}
Event: 53.522 GC heap before
{Heap before GC invocations=5 (full 0):
 PSYoungGen      total 212992K, used 206621K [0x00000007d5500000, 0x00000007e3500000, 0x0000000800000000)
  eden space 196608K, 100% used [0x00000007d5500000,0x00000007e1500000,0x00000007e1500000)
  from space 16384K, 61% used [0x00000007e2500000,0x00000007e2ec7748,0x00000007e3500000)
  to   space 16384K, 0% used [0x00000007e1500000,0x00000007e1500000,0x00000007e2500000)
 ParOldGen       total 261632K, used 32K [0x0000000780000000, 0x000000078ff80000, 0x00000007d5500000)
  object space 261632K, 0% used [0x0000000780000000,0x0000000780008000,0x000000078ff80000)
 PSPermGen       total 22528K, used 22345K [0x000000077ae00000, 0x000000077c400000, 0x0000000780000000)
  object space 22528K, 99% used [0x000000077ae00000,0x000000077c3d26d8,0x000000077c400000)
Event: 53.588 GC heap after
Heap after GC invocations=5 (full 0):
 PSYoungGen      total 212992K, used 16368K [0x00000007d5500000, 0x00000007f2a00000, 0x0000000800000000)
  eden space 196608K, 0% used [0x00000007d5500000,0x00000007d5500000,0x00000007e1500000)
  from space 16384K, 99% used [0x00000007e1500000,0x00000007e24fc120,0x00000007e2500000)
  to   space 43520K, 0% used [0x00000007eff80000,0x00000007eff80000,0x00000007f2a00000)
 ParOldGen       total 261632K, used 39848K [0x0000000780000000, 0x000000078ff80000, 0x00000007d5500000)
  object space 261632K, 15% used [0x0000000780000000,0x00000007826ea000,0x000000078ff80000)
 PSPermGen       total 22528K, used 22345K [0x000000077ae00000, 0x000000077c400000, 0x0000000780000000)
  object space 22528K, 99% used [0x000000077ae00000,0x000000077c3d26d8,0x000000077c400000)
}
Event: 53.815 GC heap before
{Heap before GC invocations=6 (full 0):
 PSYoungGen      total 212992K, used 212976K [0x00000007d5500000, 0x00000007f2a00000, 0x0000000800000000)
  eden space 196608K, 100% used [0x00000007d5500000,0x00000007e1500000,0x00000007e1500000)
  from space 16384K, 99% used [0x00000007e1500000,0x00000007e24fc120,0x00000007e2500000)
  to   space 43520K, 0% used [0x00000007eff80000,0x00000007eff80000,0x00000007f2a00000)
 ParOldGen       total 261632K, used 39848K [0x0000000780000000, 0x000000078ff80000, 0x00000007d5500000)
  object space 261632K, 15% used [0x0000000780000000,0x00000007826ea000,0x000000078ff80000)
 PSPermGen       total 22528K, used 22349K [0x000000077ae00000, 0x000000077c400000, 0x0000000780000000)
  object space 22528K, 99% used [0x000000077ae00000,0x000000077c3d3638,0x000000077c400000)
Event: 53.879 GC heap after
Heap after GC invocations=6 (full 0):
 PSYoungGen      total 411648K, used 43488K [0x00000007d5500000, 0x00000007f5b00000, 0x0000000800000000)
  eden space 368128K, 0% used [0x00000007d5500000,0x00000007d5500000,0x00000007ebc80000)
  from space 43520K, 99% used [0x00000007eff80000,0x00000007f29f8290,0x00000007f2a00000)
  to   space 68608K, 0% used [0x00000007ebc80000,0x00000007ebc80000,0x00000007eff80000)
 ParOldGen       total 261632K, used 63960K [0x0000000780000000, 0x000000078ff80000, 0x00000007d5500000)
  object space 261632K, 24% used [0x0000000780000000,0x0000000783e76000,0x000000078ff80000)
 PSPermGen       total 22528K, used 22349K [0x000000077ae00000, 0x000000077c400000, 0x0000000780000000)
  object space 22528K, 99% used [0x000000077ae00000,0x000000077c3d3638,0x000000077c400000)
}
Event: 118.408 GC heap before
{Heap before GC invocations=7 (full 0):
 PSYoungGen      total 411648K, used 411616K [0x00000007d5500000, 0x00000007f5b00000, 0x0000000800000000)
  eden space 368128K, 100% used [0x00000007d5500000,0x00000007ebc80000,0x00000007ebc80000)
  from space 43520K, 99% used [0x00000007eff80000,0x00000007f29f8290,0x00000007f2a00000)
  to   space 68608K, 0% used [0x00000007ebc80000,0x00000007ebc80000,0x00000007eff80000)
 ParOldGen       total 261632K, used 63960K [0x0000000780000000, 0x000000078ff80000, 0x00000007d5500000)
  object space 261632K, 24% used [0x0000000780000000,0x0000000783e76000,0x000000078ff80000)
 PSPermGen       total 23040K, used 22712K [0x000000077ae00000, 0x000000077c480000, 0x0000000780000000)
  object space 23040K, 98% used [0x000000077ae00000,0x000000077c42e3e8,0x000000077c480000)
Event: 118.523 GC heap after
Heap after GC invocations=7 (full 0):
 PSYoungGen      total 436736K, used 68589K [0x00000007d5500000, 0x0000000800000000, 0x0000000800000000)
  eden space 368128K, 0% used [0x00000007d5500000,0x00000007d5500000,0x00000007ebc80000)
  from space 68608K, 99% used [0x00000007ebc80000,0x00000007eff7b5a8,0x00000007eff80000)
  to   space 105472K, 0% used [0x00000007f9900000,0x00000007f9900000,0x0000000800000000)
 ParOldGen       total 261632K, used 105668K [0x0000000780000000, 0x000000078ff80000, 0x00000007d5500000)
  object space 261632K, 40% used [0x0000000780000000,0x0000000786731248,0x000000078ff80000)
 PSPermGen       total 23040K, used 22712K [0x000000077ae00000, 0x000000077c480000, 0x0000000780000000)
  object space 23040K, 98% used [0x000000077ae00000,0x000000077c42e3e8,0x000000077c480000)
}

Deoptimization events (10 events):
Event: 152.624 Thread 0x000000000c4b8800 Uncommon trap: reason=class_check action=maybe_recompile pc=0x00000000028fc888 method=sun.awt.SunToolkit.postEvent(Lsun/awt/AppContext;Ljava/awt/AWTEvent;)V @ 72
Event: 152.633 Thread 0x000000000e95d800 Uncommon trap: reason=bimorphic action=maybe_recompile pc=0x000000000281d734 method=sun.java2d.loops.SurfaceType.pixelFor(ILjava/awt/image/ColorModel;)I @ 6
Event: 172.332 Thread 0x000000000e95d800 Uncommon trap: reason=array_check action=maybe_recompile pc=0x0000000002a148bc method=javax.swing.event.EventListenerList.getListeners(Ljava/lang/Class;)[Ljava/util/EventListener; @ 63
Event: 172.332 Thread 0x000000000e95d800 Uncommon trap: reason=array_check action=maybe_recompile pc=0x0000000002a148bc method=javax.swing.event.EventListenerList.getListeners(Ljava/lang/Class;)[Ljava/util/EventListener; @ 63
Event: 172.332 Thread 0x000000000e95d800 Uncommon trap: reason=array_check action=maybe_recompile pc=0x0000000002a148bc method=javax.swing.event.EventListenerList.getListeners(Ljava/lang/Class;)[Ljava/util/EventListener; @ 63
Event: 172.333 Thread 0x000000000e95d800 Uncommon trap: reason=array_check action=maybe_recompile pc=0x0000000002a148bc method=javax.swing.event.EventListenerList.getListeners(Ljava/lang/Class;)[Ljava/util/EventListener; @ 63
Event: 310.343 Thread 0x000000000c54a800 Uncommon trap: reason=class_check action=maybe_recompile pc=0x00000000029e09f4 method=sun.awt.windows.WComponentPeer.getBounds()Ljava/awt/Rectangle; @ 4
Event: 310.345 Thread 0x000000000ee29000 Uncommon trap: reason=class_check action=maybe_recompile pc=0x00000000029f2060 method=sun.awt.windows.WComponentPeer.getBounds()Ljava/awt/Rectangle; @ 4
Event: 310.349 Thread 0x000000000c54a800 Uncommon trap: reason=class_check action=maybe_recompile pc=0x00000000029e09f4 method=sun.awt.windows.WComponentPeer.getBounds()Ljava/awt/Rectangle; @ 4
Event: 310.349 Thread 0x000000000ee29000 Uncommon trap: reason=class_check action=maybe_recompile pc=0x00000000029e09f4 method=sun.awt.windows.WComponentPeer.getBounds()Ljava/awt/Rectangle; @ 4

Internal exceptions (10 events):
Event: 73.557 Thread 0x000000000e95d800 Threw 0x00000007ea861d68 at C:\re\jdk7u67\1368\hotspot\src\share\vm\prims\jvm.cpp:1244
Event: 73.559 Thread 0x000000000e95d800 Threw 0x00000007ea867db0 at C:\re\jdk7u67\1368\hotspot\src\share\vm\prims\jvm.cpp:1244
Event: 73.559 Thread 0x000000000e95d800 Threw 0x00000007ea86cd60 at C:\re\jdk7u67\1368\hotspot\src\share\vm\prims\jvm.cpp:1244
Event: 73.560 Thread 0x000000000e95d800 Threw 0x00000007ea8721a8 at C:\re\jdk7u67\1368\hotspot\src\share\vm\prims\jvm.cpp:1244
Event: 73.654 Thread 0x000000000e95d800 Threw 0x00000007ea92df30 at C:\re\jdk7u67\1368\hotspot\src\share\vm\prims\jvm.cpp:1244
Event: 73.654 Thread 0x000000000e95d800 Threw 0x00000007ea92ffe8 at C:\re\jdk7u67\1368\hotspot\src\share\vm\prims\jvm.cpp:1244
Event: 73.655 Thread 0x000000000e95d800 Threw 0x00000007ea933a58 at C:\re\jdk7u67\1368\hotspot\src\share\vm\prims\jvm.cpp:1244
Event: 73.656 Thread 0x000000000e95d800 Threw 0x00000007ea937480 at C:\re\jdk7u67\1368\hotspot\src\share\vm\prims\jvm.cpp:1244
Event: 134.232 Thread 0x000000000e95d800 Implicit null exception at 0x00000000029b6bbd to 0x00000000029bc955
Event: 347.462 Thread 0x000000000c54a800 Threw 0x00000007df091580 at C:\re\jdk7u67\1368\hotspot\src\share\vm\prims\jvm.cpp:1244

Events (10 events):
Event: 412.786 Executing VM operation: EnterInterpOnlyMode
Event: 412.786 Executing nested VM operation: Deoptimize
Event: 412.787 Executing nested VM operation: Deoptimize done
Event: 412.787 Executing VM operation: EnterInterpOnlyMode done
Event: 412.787 Executing VM operation: GetCurrentLocation
Event: 412.787 Executing VM operation: GetCurrentLocation done
Event: 412.787 Executing VM operation: ChangeSingleStep
Event: 412.787 Executing VM operation: ChangeSingleStep done
Event: 412.790 Executing VM operation: ChangeSingleStep
Event: 412.790 Executing VM operation: ChangeSingleStep done


Dynamic libraries:
0x000000013f800000 - 0x000000013f833000 	C:\Program Files\Java\jdk1.7.0_67\bin\java.exe
0x0000000076cb0000 - 0x0000000076e59000 	C:\Windows\SYSTEM32\ntdll.dll
0x0000000076b90000 - 0x0000000076caf000 	C:\Windows\system32\kernel32.dll
0x000007fefcba0000 - 0x000007fefcc0c000 	C:\Windows\system32\KERNELBASE.dll
0x000007fefea70000 - 0x000007fefeb4b000 	C:\Windows\system32\ADVAPI32.dll
0x000007fefd0c0000 - 0x000007fefd15f000 	C:\Windows\system32\msvcrt.dll
0x000007fefec10000 - 0x000007fefec2f000 	C:\Windows\SYSTEM32\sechost.dll
0x000007fefd160000 - 0x000007fefd28d000 	C:\Windows\system32\RPCRT4.dll
0x0000000076a90000 - 0x0000000076b8a000 	C:\Windows\system32\USER32.dll
0x000007fefd290000 - 0x000007fefd2f7000 	C:\Windows\system32\GDI32.dll
0x000007fefd660000 - 0x000007fefd66e000 	C:\Windows\system32\LPK.dll
0x000007fefd300000 - 0x000007fefd3c9000 	C:\Windows\system32\USP10.dll
0x000007fefb1f0000 - 0x000007fefb3e4000 	C:\Windows\WinSxS\amd64_microsoft.windows.common-controls_6595b64144ccf1df_6.0.7601.17514_none_fa396087175ac9ac\COMCTL32.dll
0x000007fefe9f0000 - 0x000007fefea61000 	C:\Windows\system32\SHLWAPI.dll
0x000007fefebc0000 - 0x000007fefebee000 	C:\Windows\system32\IMM32.DLL
0x000007fefe630000 - 0x000007fefe739000 	C:\Windows\system32\MSCTF.dll
0x0000000065db0000 - 0x0000000065e82000 	C:\Program Files\Java\jdk1.7.0_67\jre\bin\msvcr100.dll
0x0000000063e90000 - 0x0000000064662000 	C:\Program Files\Java\jdk1.7.0_67\jre\bin\server\jvm.dll
0x000007fef9f20000 - 0x000007fef9f29000 	C:\Windows\system32\WSOCK32.dll
0x000007fefeef0000 - 0x000007fefef3d000 	C:\Windows\system32\WS2_32.dll
0x000007fefebb0000 - 0x000007fefebb8000 	C:\Windows\system32\NSI.dll
0x000007fef9510000 - 0x000007fef954b000 	C:\Windows\system32\WINMM.dll
0x0000000076e70000 - 0x0000000076e77000 	C:\Windows\system32\PSAPI.DLL
0x0000000068f20000 - 0x0000000068f2f000 	C:\Program Files\Java\jdk1.7.0_67\jre\bin\verify.dll
0x0000000065d40000 - 0x0000000065d68000 	C:\Program Files\Java\jdk1.7.0_67\jre\bin\java.dll
0x0000000063e50000 - 0x0000000063e85000 	C:\Program Files\Java\jdk1.7.0_67\jre\bin\jdwp.dll
0x0000000073600000 - 0x0000000073608000 	C:\Program Files\Java\jdk1.7.0_67\jre\bin\npt.dll
0x0000000065b80000 - 0x0000000065b95000 	C:\Program Files\Java\jdk1.7.0_67\jre\bin\zip.dll
0x00000000735f0000 - 0x00000000735f9000 	C:\Program Files\Java\jdk1.7.0_67\jre\bin\dt_socket.dll
0x000007fefc1e0000 - 0x000007fefc235000 	C:\Windows\system32\mswsock.dll
0x000007fefbc50000 - 0x000007fefbc57000 	C:\Windows\System32\wshtcpip.dll
0x0000000065430000 - 0x00000000655c5000 	C:\Program Files\Java\jdk1.7.0_67\jre\bin\awt.dll
0x000007fefee10000 - 0x000007fefeee7000 	C:\Windows\system32\OLEAUT32.dll
0x000007fefe740000 - 0x000007fefe943000 	C:\Windows\system32\ole32.dll
0x000007fefa810000 - 0x000007fefa828000 	C:\Windows\system32\DWMAPI.DLL
0x000007fefaf90000 - 0x000007fefafe6000 	C:\Windows\system32\uxtheme.dll
0x000007fefc950000 - 0x000007fefc95f000 	C:\Windows\system32\CRYPTBASE.dll
0x000007fee9770000 - 0x000007fee996f000 	C:\Windows\system32\d3d9.dll
0x000007fefbf60000 - 0x000007fefbf6c000 	C:\Windows\system32\VERSION.dll
0x000007fef9db0000 - 0x000007fef9db7000 	C:\Windows\system32\d3d8thk.dll
0x000007fee3f60000 - 0x000007fee5015000 	C:\Windows\system32\nvd3dumx.dll
0x000007fefb5f0000 - 0x000007fefb61c000 	C:\Windows\system32\powrprof.dll
0x000007fefec30000 - 0x000007fefee07000 	C:\Windows\system32\SETUPAPI.dll
0x000007fefcce0000 - 0x000007fefcd16000 	C:\Windows\system32\CFGMGR32.dll
0x000007fefccc0000 - 0x000007fefccda000 	C:\Windows\system32\DEVOBJ.dll
0x000007fef0c20000 - 0x000007fef0d8a000 	C:\Program Files (x86)\NVIDIA Corporation\3D Vision\nvSCPAPI64.dll
0x000007fefd670000 - 0x000007fefe3f8000 	C:\Windows\system32\SHELL32.dll
0x000007fef8fe0000 - 0x000007fef9313000 	C:\Windows\system32\nvapi64.dll
0x000007fefcb60000 - 0x000007fefcb9a000 	C:\Windows\system32\WINTRUST.dll
0x000007fefcd40000 - 0x000007fefceac000 	C:\Windows\system32\CRYPT32.dll
0x000007fefcaf0000 - 0x000007fefcaff000 	C:\Windows\system32\MSASN1.dll
0x000007fef93a0000 - 0x000007fef9440000 	C:\Windows\WinSxS\amd64_microsoft.windows.common-controls_6595b64144ccf1df_5.82.7601.18201_none_a4d3b9377117c3df\comctl32.dll
0x00000000653e0000 - 0x0000000065427000 	C:\Program Files\Java\jdk1.7.0_67\jre\bin\fontmanager.dll
0x0000000065630000 - 0x0000000065649000 	C:\Program Files\Java\jdk1.7.0_67\jre\bin\net.dll
0x000007fefc2e0000 - 0x000007fefc2e7000 	C:\Windows\System32\wship6.dll
0x00000000655d0000 - 0x00000000655e1000 	C:\Program Files\Java\jdk1.7.0_67\jre\bin\nio.dll
0x0000000065390000 - 0x00000000653d1000 	C:\Program Files\Java\jdk1.7.0_67\jre\bin\t2k.dll
0x000007fefe950000 - 0x000007fefe9e9000 	C:\Windows\system32\CLBCatQ.DLL
0x000007fefb470000 - 0x000007fefb59c000 	C:\Windows\system32\propsys.dll
0x000007fefb3f0000 - 0x000007fefb41d000 	C:\Windows\system32\ntmarta.dll
0x000007fefeb50000 - 0x000007fefeba2000 	C:\Windows\system32\WLDAP32.dll
0x000007fefc8f0000 - 0x000007fefc947000 	C:\Windows\system32\apphelp.dll
0x000007fef51d0000 - 0x000007fef536c000 	C:\Windows\system32\NetworkExplorer.dll
0x000007fef5630000 - 0x000007fef5664000 	C:\Windows\System32\shdocvw.dll
0x000007fefcb00000 - 0x000007fefcb0f000 	C:\Windows\system32\profapi.dll
0x000007fefb020000 - 0x000007fefb02b000 	C:\Windows\system32\slc.dll
0x000007fef9f30000 - 0x000007fef9f48000 	C:\Windows\system32\MPR.dll
0x00000000711c0000 - 0x00000000711d2000 	C:\Windows\system32\snacnp.dll
0x000007fef8ee0000 - 0x000007fef8fd7000 	C:\Windows\system32\ncnetprovider.dll
0x000007fef9f50000 - 0x000007fef9f6e000 	C:\Windows\system32\NCLangID.dll
0x000007fef8c30000 - 0x000007fef8c5c000 	C:\Windows\system32\MAPBASE.dll
0x0000000050d20000 - 0x0000000050d67000 	C:\Windows\system32\CALWIN32.DLL
0x0000000005fa0000 - 0x0000000005fc1000 	C:\Windows\system32\CLNWIN32.DLL
0x0000000050df0000 - 0x0000000050e22000 	C:\Windows\system32\LOCWIN32.DLL
0x00000000060f0000 - 0x0000000006135000 	C:\Windows\system32\NCPWIN32.dll
0x0000000050da0000 - 0x0000000050db3000 	C:\Windows\system32\CLXWIN32.DLL
0x000000000d270000 - 0x000000000d2b5000 	C:\Windows\system32\NETWIN32.DLL
0x000007fef8be0000 - 0x000007fef8c25000 	C:\Windows\system32\NWSHLXNT.dll
0x000007fefa2d0000 - 0x000007fefa2e6000 	C:\Windows\system32\NETAPI32.dll
0x000007fefa2c0000 - 0x000007fefa2cc000 	C:\Windows\system32\netutils.dll
0x000007fefc590000 - 0x000007fefc5b3000 	C:\Windows\system32\srvcli.dll
0x000007fefa290000 - 0x000007fefa2a5000 	C:\Windows\system32\wkscli.dll
0x000007fefa050000 - 0x000007fefa064000 	C:\Windows\system32\SAMCLI.DLL
0x000007fef8bc0000 - 0x000007fef8bd2000 	C:\Windows\system32\BROWCLI.DLL
0x000007fefbd30000 - 0x000007fefbd41000 	C:\Windows\system32\WTSAPI32.dll
0x0000000074620000 - 0x0000000074625000 	C:\Windows\system32\nls\FRANCAIS\NCLangIDR.DLL
0x00000000738b0000 - 0x00000000738c7000 	C:\Windows\system32\nls\FRANCAIS\MAPBASER.DLL
0x0000000073890000 - 0x00000000738aa000 	C:\Windows\system32\nls\FRANCAIS\NWSHLXNTR.DLL
0x0000000073170000 - 0x00000000731ec000 	C:\Windows\system32\nls\FRANCAIS\ncnetproviderR.DLL
0x000007fefc8c0000 - 0x000007fefc8e5000 	C:\Windows\system32\SspiCli.dll
0x000007fef51c0000 - 0x000007fef51ca000 	C:\Windows\System32\drprov.dll
0x000007fefc960000 - 0x000007fefc99d000 	C:\Windows\System32\WINSTA.dll
0x000007fef5190000 - 0x000007fef51b2000 	C:\Windows\System32\ntlanman.dll
0x000007fef5170000 - 0x000007fef518d000 	C:\Windows\System32\davclnt.dll
0x000007fef5160000 - 0x000007fef516a000 	C:\Windows\System32\DAVHLPR.dll
0x000007fef5a40000 - 0x000007fef5a4f000 	C:\Windows\system32\cscapi.dll
0x000007feee5b0000 - 0x000007feee821000 	C:\Windows\system32\wpdshext.dll
0x000007fefaa50000 - 0x000007fefac66000 	C:\Windows\WinSxS\amd64_microsoft.windows.gdiplus_6595b64144ccf1df_1.1.7601.18455_none_2b283fd671e9bf4d\gdiplus.dll
0x000007fef4940000 - 0x000007fef49fd000 	C:\Windows\system32\PortableDeviceApi.dll
0x000007fef5910000 - 0x000007fef5945000 	C:\Windows\system32\EhStorShell.dll
0x000007fef5570000 - 0x000007fef5597000 	C:\Windows\system32\EhStorAPI.dll
0x000007fef5620000 - 0x000007fef562c000 	C:\Windows\system32\LINKINFO.dll
0x000007fefa470000 - 0x000007fefa5d1000 	C:\Windows\system32\WindowsCodecs.dll
0x0000000073410000 - 0x0000000073426000 	C:\Program Files\Common Files\TortoiseOverlays\TortoiseOverlays.dll
0x0000000073250000 - 0x0000000073267000 	C:\Program Files\TortoiseSVN\bin\TortoiseStub.dll
0x0000000071780000 - 0x00000000717fd000 	C:\Program Files\TortoiseSVN\bin\TortoiseSVN.dll
0x000007fefe400000 - 0x000007fefe62c000 	C:\Windows\system32\WININET.dll
0x000007fefcd20000 - 0x000007fefcd24000 	C:\Windows\system32\api-ms-win-downlevel-user32-l1-1-0.dll
0x000007fefcb10000 - 0x000007fefcb15000 	C:\Windows\system32\api-ms-win-downlevel-advapi32-l1-1-0.dll
0x000007fefcb50000 - 0x000007fefcb54000 	C:\Windows\system32\api-ms-win-downlevel-shlwapi-l1-1-0.dll
0x000007fefcd30000 - 0x000007fefcd34000 	C:\Windows\system32\api-ms-win-downlevel-version-l1-1-0.dll
0x000007fefcb40000 - 0x000007fefcb43000 	C:\Windows\system32\api-ms-win-downlevel-normaliz-l1-1-0.dll
0x0000000076e80000 - 0x0000000076e83000 	C:\Windows\system32\normaliz.DLL
0x000007fefd3d0000 - 0x000007fefd65e000 	C:\Windows\system32\iertutil.dll
0x000007fefcb20000 - 0x000007fefcb3e000 	C:\Windows\system32\USERENV.dll
0x000007fef64e0000 - 0x000007fef6956000 	C:\Program Files\TortoiseSVN\bin\libsvn_tsvn.dll
0x0000000073220000 - 0x000000007324e000 	C:\Program Files\TortoiseSVN\bin\libapr_tsvn.dll
0x000007fef6400000 - 0x000007fef64d4000 	C:\Windows\system32\MSVCR110.dll
0x0000000071460000 - 0x00000000714a5000 	C:\Program Files\TortoiseSVN\bin\libaprutil_tsvn.dll
0x000007fef6380000 - 0x000007fef6391000 	C:\Program Files\TortoiseSVN\bin\intl3_tsvn.dll
0x000007fef6360000 - 0x000007fef6379000 	C:\Program Files\TortoiseSVN\bin\libsasl.dll
0x000007fefc880000 - 0x000007fefc88b000 	C:\Windows\system32\Secur32.dll
0x000007fef62b0000 - 0x000007fef6357000 	C:\Windows\system32\MSVCP110.dll
0x0000000071350000 - 0x000000007136b000 	C:\Program Files\TortoiseGit\bin\TortoiseGitStub.dll
0x00000000712c0000 - 0x000000007134e000 	C:\Program Files\TortoiseGit\bin\TortoiseGit.dll
0x000007fef5f80000 - 0x000007fef604e000 	C:\Program Files\TortoiseGit\bin\libgit2_tgit.dll
0x000007fef5ea0000 - 0x000007fef5eb8000 	C:\Program Files\TortoiseGit\bin\zlib1_tgit.dll
0x000007fef5d80000 - 0x000007fef5e6f000 	C:\Windows\system32\MSVCR120.dll

VM Arguments:
jvm_args: -Xdebug -Xrunjdwp:transport=dt_socket,server=n,address=51127 -Xmx2G 
java_command: fr.ird.voxelidar.Principal
Launcher Type: SUN_STANDARD

Environment Variables:
JAVA_HOME=C:\Program Files\Java\jdk1.7.0_67
CLASSPATH=C:\Program Files\OpenNI\Bin64\org.OpenNI.jar
PATH=C:\Program Files\Java\jdk1.7.0_67\bin;C:\Python27\Lib\site-packages\PyQt4;C:\Program Files (x86)\Common Files\Intergraph\Grid Analysis SDK\1.0\Program;C:\Windows\system32;C:\Windows;C:\Windows\System32\Wbem;C:\Windows\System32\WindowsPowerShell\v1.0\;C:\Windows\Program Files (x86)\Common Files\Roxio Shared\DLLShared\;C:\Program Files (x86)\Common Files\Roxio Shared\10.0\DLLShared\;C:\Windows\Program Files\Java\jdk1.7.0_67\bin;C:\Program Files\java\ssj\lib\;C:\Program Files\MATLAB\R2010a\bin;C:\Program Files\OpenNI\Bin64;C:\Program Files\PCL 1.6.0\bin;C:\Program Files\TortoiseSVN\bin;C:\Program Files\Microsoft SQL Server\110\Tools\Binn\;C:\MinGW3\bin;C:\Program Files\TortoiseGit\bin;c:\users\julien\appdata\local\enthought\canopy\user;c:\users\julien\appdata\local\enthought\canopy\user\scripts
USERNAME=Julien
OS=Windows_NT
PROCESSOR_IDENTIFIER=Intel64 Family 6 Model 44 Stepping 2, GenuineIntel



---------------  S Y S T E M  ---------------

OS: Windows 7 , 64 bit Build 7601 Service Pack 1

CPU:total 8 (4 cores per cpu, 2 threads per core) family 6 model 44 stepping 2, cmov, cx8, fxsr, mmx, sse, sse2, sse3, ssse3, sse4.1, sse4.2, popcnt, aes, ht, tsc, tscinvbit, tscinv

Memory: 4k page, physical 25148644k(17433940k free), swap 50295424k(41186852k free)

vm_info: Java HotSpot(TM) 64-Bit Server VM (24.65-b04) for windows-amd64 JRE (1.7.0_67-b01), built on Jul 25 2014 08:55:00 by "java_re" with unknown MS VC++:1600

time: Tue Dec 16 18:25:30 2014
elapsed time: 412 seconds

