#
# A fatal error has been detected by the Java Runtime Environment:
#
#  EXCEPTION_ACCESS_VIOLATION (0xc0000005) at pc=0x0000000003709f93, pid=7968, tid=6872
#
# JRE version: Java(TM) SE Runtime Environment (8.0_60-b27) (build 1.8.0_60-b27)
# Java VM: Java HotSpot(TM) 64-Bit Server VM (25.60-b23 mixed mode windows-amd64 compressed oops)
# Problematic frame:
# J 4600% C2 fr.amap.amapvox.gui.MainFrameController$68$1.call()Ljava/lang/Object; (300 bytes) @ 0x0000000003709f93 [0x0000000003709d80+0x213]
#
# Failed to write core dump. Minidumps are not enabled by default on client versions of Windows
#
# If you would like to submit a bug report, please visit:
#   http://bugreport.java.com/bugreport/crash.jsp
#

---------------  T H R E A D  ---------------

Current thread (0x000000004a193800):  JavaThread "Thread-4" daemon [_thread_in_Java, id=6872, stack(0x000000004cb10000,0x000000004cc10000)]

siginfo: ExceptionCode=0xc0000005, reading address 0x000000020d4e1484

Registers:
RAX=0x0000000616da53b0, RBX=0x00000000f807bb62, RCX=0x0000000046610170, RDX=0x002e1fb000150009
RSP=0x000000004cc0e0a0, RBP=0x00000002c1e6d340, RSI=0x0000000615580010, RDI=0x00000002c1e6d368
R8 =0x000000004dd709a0, R9 =0x000000004dd3f7c0, R10=0x0000000041a9c28f, R11=0x00000000106d0000
R12=0x0000000000000000, R13=0x0000000615580000, R14=0x00000002c1e6d5d8, R15=0x000000004a193800
RIP=0x0000000003709f93, EFLAGS=0x0000000000010202

Top of Stack: (sp=0x000000004cc0e0a0)
0x000000004cc0e0a0:   0000000002936a32 000000004cc0e0a8
0x000000004cc0e0b0:   0000000003709b90 000000004cc0e170
0x000000004cc0e0c0:   00000002c1e6d290 00000002c1e6d2f0
0x000000004cc0e0d0:   00000002c1e6d340 00000002c1e6d358
0x000000004cc0e0e0:   00000002c1e6d368 00000002c1e6d364
0x000000004cc0e0f0:   00000007c03ded88 00000002c1e6d368
0x000000004cc0e100:   0000000616da53b0 4004451ec8790000
0x000000004cc0e110:   00000002eeec2620 3ea392ec40172904
0x000000004cc0e120:   c03d70a4bf0260e7 42011eb840a00000
0x000000004cc0e130:   3fdf544e80000000 3fd52f5680000000
0x000000004cc0e140:   deaddeaf00000001 0000000617ce1268
0x000000004cc0e150:   00000006165d9ee0 00000006165cf330
0x000000004cc0e160:   000000004cc0e1c0 0000000002917850
0x000000004cc0e170:   0000000616370b58 0000000616370b58
0x000000004cc0e180:   000000004cc0e180 000000004b274fba
0x000000004cc0e190:   000000004cc0e1d8 000000004b275458 

Instructions: (pc=0x0000000003709f93)
0x0000000003709f73:   53 0c 4d 8b d3 49 c1 ea 09 41 bb 00 00 6d 10 47
0x0000000003709f83:   88 24 13 44 8b 50 20 45 85 d2 0f 84 aa 0a 00 00
0x0000000003709f93:   47 8b 5c d4 0c 45 85 db 7f 08 45 33 db e9 f4 fe
0x0000000003709fa3:   ff ff 33 ed 89 ac 24 a0 00 00 00 66 90 45 85 d2 


Register to memory mapping:

RAX=0x0000000616da53b0 is an oop

[error occurred during error reporting (printing register info), id 0xc0000005]

Stack: [0x000000004cb10000,0x000000004cc10000],  sp=0x000000004cc0e0a0,  free space=1016k
Native frames: (J=compiled Java code, j=interpreted, Vv=VM code, C=native code)
C  0x0000000003709f93


---------------  P R O C E S S  ---------------

Java Threads: ( => current thread )
=>0x000000004a193800 JavaThread "Thread-4" daemon [_thread_in_Java, id=6872, stack(0x000000004cb10000,0x000000004cc10000)]
  0x000000004683e000 JavaThread "FX Access Thread (Visual Debugger)" daemon [_thread_blocked, id=7540, stack(0x0000000049f20000,0x000000004a020000)]
  0x0000000046068000 JavaThread "Prism Font Disposer" daemon [_thread_blocked, id=5012, stack(0x00000000493f0000,0x00000000494f0000)]
  0x00000000435ce800 JavaThread "JavaFX-Launcher" [_thread_blocked, id=4020, stack(0x00000000459d0000,0x0000000045ad0000)]
  0x0000000042de1000 JavaThread "Thread-2" daemon [_thread_in_native, id=5468, stack(0x0000000045730000,0x0000000045830000)]
  0x0000000042dbe000 JavaThread "JavaFX Application Thread" [_thread_in_native, id=7120, stack(0x0000000044350000,0x0000000044450000)]
  0x0000000043253800 JavaThread "Thread-1" daemon [_thread_blocked, id=2600, stack(0x0000000044110000,0x0000000044210000)]
  0x0000000043238000 JavaThread "QuantumRenderer-0" daemon [_thread_blocked, id=5944, stack(0x0000000043bc0000,0x0000000043cc0000)]
  0x000000004142e800 JavaThread "Service Thread" daemon [_thread_blocked, id=2128, stack(0x0000000042e00000,0x0000000042f00000)]
  0x000000004142c000 JavaThread "C1 CompilerThread1" daemon [_thread_blocked, id=6748, stack(0x0000000042fe0000,0x00000000430e0000)]
  0x00000000413f1800 JavaThread "C2 CompilerThread0" daemon [_thread_blocked, id=3012, stack(0x0000000042750000,0x0000000042850000)]
  0x00000000413e6000 JavaThread "JDWP Command Reader" daemon [_thread_in_native, id=8180, stack(0x00000000428f0000,0x00000000429f0000)]
  0x00000000413e0800 JavaThread "JDWP Event Helper Thread" daemon [_thread_blocked, id=2920, stack(0x00000000424c0000,0x00000000425c0000)]
  0x00000000413ce000 JavaThread "JDWP Transport Listener: dt_socket" daemon [_thread_blocked, id=7172, stack(0x0000000042610000,0x0000000042710000)]
  0x00000000413c8800 JavaThread "Attach Listener" daemon [_thread_blocked, id=2924, stack(0x00000000423a0000,0x00000000424a0000)]
  0x00000000413c7000 JavaThread "Signal Dispatcher" daemon [_thread_blocked, id=7672, stack(0x0000000042080000,0x0000000042180000)]
  0x0000000041365800 JavaThread "Finalizer" daemon [_thread_blocked, id=6728, stack(0x0000000042180000,0x0000000042280000)]
  0x0000000041362000 JavaThread "Reference Handler" daemon [_thread_blocked, id=6540, stack(0x0000000041e00000,0x0000000041f00000)]
  0x00000000022af800 JavaThread "main" [_thread_blocked, id=4480, stack(0x0000000002540000,0x0000000002640000)]

Other Threads:
  0x000000004135e800 VMThread [stack: 0x0000000041f50000,0x0000000042050000] [id=7352]
  0x0000000042a50800 WatcherThread [stack: 0x00000000430f0000,0x00000000431f0000] [id=2984]

VM state:not at safepoint (normal execution)

VM Mutex/Monitor currently owned by a thread: None

Heap:
 PSYoungGen      total 536576K, used 163840K [0x0000000615580000, 0x000000063d880000, 0x00000007c0000000)
  eden space 514048K, 31% used [0x0000000615580000,0x000000061f580010,0x0000000634b80000)
  from space 22528K, 0% used [0x0000000634b80000,0x0000000634b80000,0x0000000636180000)
  to   space 21504K, 0% used [0x000000063c380000,0x000000063c380000,0x000000063d880000)
 ParOldGen       total 1205760K, used 768777K [0x00000002c0000000, 0x0000000309980000, 0x0000000615580000)
  object space 1205760K, 63% used [0x00000002c0000000,0x00000002eeec2700,0x0000000309980000)
 Metaspace       used 25567K, capacity 27440K, committed 27648K, reserved 1073152K
  class space    used 3725K, capacity 4053K, committed 4096K, reserved 1048576K

Card table byte_map: [0x0000000011cd0000,0x00000000144e0000] byte_map_base: 0x00000000106d0000

Marking Bits: (ParMarkBitMap*) 0x000000005b16a5b0
 Begin Bits: [0x0000000016230000, 0x000000002a230000)
 End Bits:   [0x000000002a230000, 0x000000003e230000)

Polling page: 0x0000000000240000

CodeCache: size=245760Kb used=14290Kb max_used=14357Kb free=231469Kb
 bounds [0x0000000002910000, 0x0000000003730000, 0x0000000011910000]
 total_blobs=4781 nmethods=4077 adapters=625
 compilation: enabled

Compilation events (10 events):
Event: 21.230 Thread 0x000000004142c000 nmethod 4617 0x0000000003701310 code [0x0000000003701480, 0x00000000037016e8]
Event: 21.369 Thread 0x00000000413f1800 nmethod 4612 0x0000000003717450 code [0x0000000003717940, 0x000000000371d130]
Event: 21.370 Thread 0x00000000413f1800 4618       4       javafx.scene.input.MouseEvent::getEventType (5 bytes)
Event: 21.370 Thread 0x00000000413f1800 nmethod 4618 0x0000000002e8df10 code [0x0000000002e8e040, 0x0000000002e8e0b8]
Event: 41.382 Thread 0x000000004142c000 4619       3       org.netbeans.modules.debugger.jpda.visual.remote.RemoteFXService::access$400 (4 bytes)
Event: 41.383 Thread 0x000000004142c000 nmethod 4619 0x0000000003700f50 code [0x00000000037010a0, 0x00000000037011f0]
Event: 88.927 Thread 0x00000000413f1800 4621       4       com.sun.javafx.tk.quantum.QuantumToolkit::postPulse (148 bytes)
Event: 88.929 Thread 0x00000000413f1800 nmethod 4621 0x0000000003713b50 code [0x0000000003713cc0, 0x0000000003713f68]
Event: 89.135 Thread 0x00000000413f1800 4622       4       com.sun.javafx.tk.quantum.QuantumToolkit$$Lambda$43/1563593713::run (8 bytes)
Event: 89.138 Thread 0x00000000413f1800 nmethod 4622 0x0000000003715210 code [0x0000000003715380, 0x0000000003715718]

GC Heap History (10 events):
Event: 122.132 GC heap before
{Heap before GC invocations=40 (full 8):
 PSYoungGen      total 474624K, used 447008K [0x0000000615580000, 0x0000000636e80000, 0x00000007c0000000)
  eden space 446976K, 100% used [0x0000000615580000,0x0000000630a00000,0x0000000630a00000)
  from space 27648K, 0% used [0x0000000630a00000,0x0000000630a08000,0x0000000632500000)
  to   space 26624K, 0% used [0x0000000635480000,0x0000000635480000,0x0000000636e80000)
 ParOldGen       total 958976K, used 604937K [0x00000002c0000000, 0x00000002fa880000, 0x0000000615580000)
  object space 958976K, 63% used [0x00000002c0000000,0x00000002e4ec26d0,0x00000002fa880000)
 Metaspace       used 25567K, capacity 27440K, committed 27648K, reserved 1073152K
  class space    used 3725K, capacity 4053K, committed 4096K, reserved 1048576K
Event: 122.137 GC heap after
Heap after GC invocations=40 (full 8):
 PSYoungGen      total 503808K, used 32K [0x0000000615580000, 0x0000000636380000, 0x00000007c0000000)
  eden space 488448K, 0% used [0x0000000615580000,0x0000000615580000,0x0000000633280000)
  from space 15360K, 0% used [0x0000000635480000,0x0000000635488000,0x0000000636380000)
  to   space 25088K, 0% used [0x0000000633280000,0x0000000633280000,0x0000000634b00000)
 ParOldGen       total 958976K, used 604937K [0x00000002c0000000, 0x00000002fa880000, 0x0000000615580000)
  object space 958976K, 63% used [0x00000002c0000000,0x00000002e4ec26d0,0x00000002fa880000)
 Metaspace       used 25567K, capacity 27440K, committed 27648K, reserved 1073152K
  class space    used 3725K, capacity 4053K, committed 4096K, reserved 1048576K
}
Event: 132.047 GC heap before
{Heap before GC invocations=41 (full 8):
 PSYoungGen      total 503808K, used 488480K [0x0000000615580000, 0x0000000636380000, 0x00000007c0000000)
  eden space 488448K, 100% used [0x0000000615580000,0x0000000633280000,0x0000000633280000)
  from space 15360K, 0% used [0x0000000635480000,0x0000000635488000,0x0000000636380000)
  to   space 25088K, 0% used [0x0000000633280000,0x0000000633280000,0x0000000634b00000)
 ParOldGen       total 958976K, used 604937K [0x00000002c0000000, 0x00000002fa880000, 0x0000000615580000)
  object space 958976K, 63% used [0x00000002c0000000,0x00000002e4ec26d0,0x00000002fa880000)
 Metaspace       used 25567K, capacity 27440K, committed 27648K, reserved 1073152K
  class space    used 3725K, capacity 4053K, committed 4096K, reserved 1048576K
Event: 132.053 GC heap after
Heap after GC invocations=41 (full 8):
 PSYoungGen      total 513536K, used 32K [0x0000000615580000, 0x0000000638000000, 0x00000007c0000000)
  eden space 488448K, 0% used [0x0000000615580000,0x0000000615580000,0x0000000633280000)
  from space 25088K, 0% used [0x0000000633280000,0x0000000633288000,0x0000000634b00000)
  to   space 24064K, 0% used [0x0000000636880000,0x0000000636880000,0x0000000638000000)
 ParOldGen       total 958976K, used 604937K [0x00000002c0000000, 0x00000002fa880000, 0x0000000615580000)
  object space 958976K, 63% used [0x00000002c0000000,0x00000002e4ec26d0,0x00000002fa880000)
 Metaspace       used 25567K, capacity 27440K, committed 27648K, reserved 1073152K
  class space    used 3725K, capacity 4053K, committed 4096K, reserved 1048576K
}
Event: 141.774 GC heap before
{Heap before GC invocations=42 (full 8):
 PSYoungGen      total 513536K, used 488480K [0x0000000615580000, 0x0000000638000000, 0x00000007c0000000)
  eden space 488448K, 100% used [0x0000000615580000,0x0000000633280000,0x0000000633280000)
  from space 25088K, 0% used [0x0000000633280000,0x0000000633288000,0x0000000634b00000)
  to   space 24064K, 0% used [0x0000000636880000,0x0000000636880000,0x0000000638000000)
 ParOldGen       total 958976K, used 604937K [0x00000002c0000000, 0x00000002fa880000, 0x0000000615580000)
  object space 958976K, 63% used [0x00000002c0000000,0x00000002e4ec26d0,0x00000002fa880000)
 Metaspace       used 25567K, capacity 27440K, committed 27648K, reserved 1073152K
  class space    used 3725K, capacity 4053K, committed 4096K, reserved 1048576K
Event: 141.779 GC heap after
Heap after GC invocations=42 (full 8):
 PSYoungGen      total 529408K, used 32K [0x0000000615580000, 0x0000000637780000, 0x00000007c0000000)
  eden space 514048K, 0% used [0x0000000615580000,0x0000000615580000,0x0000000634b80000)
  from space 15360K, 0% used [0x0000000636880000,0x0000000636888000,0x0000000637780000)
  to   space 22528K, 0% used [0x0000000634b80000,0x0000000634b80000,0x0000000636180000)
 ParOldGen       total 958976K, used 604937K [0x00000002c0000000, 0x00000002fa880000, 0x0000000615580000)
  object space 958976K, 63% used [0x00000002c0000000,0x00000002e4ec26d0,0x00000002fa880000)
 Metaspace       used 25567K, capacity 27440K, committed 27648K, reserved 1073152K
  class space    used 3725K, capacity 4053K, committed 4096K, reserved 1048576K
}
Event: 142.413 GC heap before
{Heap before GC invocations=43 (full 8):
 PSYoungGen      total 529408K, used 358394K [0x0000000615580000, 0x0000000637780000, 0x00000007c0000000)
  eden space 514048K, 69% used [0x0000000615580000,0x000000062b376a48,0x0000000634b80000)
  from space 15360K, 0% used [0x0000000636880000,0x0000000636888000,0x0000000637780000)
  to   space 22528K, 0% used [0x0000000634b80000,0x0000000634b80000,0x0000000636180000)
 ParOldGen       total 958976K, used 604937K [0x00000002c0000000, 0x00000002fa880000, 0x0000000615580000)
  object space 958976K, 63% used [0x00000002c0000000,0x00000002e4ec26d0,0x00000002fa880000)
 Metaspace       used 25567K, capacity 27440K, committed 27648K, reserved 1073152K
  class space    used 3725K, capacity 4053K, committed 4096K, reserved 1048576K
Event: 142.645 GC heap after
Heap after GC invocations=43 (full 8):
 PSYoungGen      total 536576K, used 32K [0x0000000615580000, 0x000000063d880000, 0x00000007c0000000)
  eden space 514048K, 0% used [0x0000000615580000,0x0000000615580000,0x0000000634b80000)
  from space 22528K, 0% used [0x0000000634b80000,0x0000000634b88000,0x0000000636180000)
  to   space 21504K, 0% used [0x000000063c380000,0x000000063c380000,0x000000063d880000)
 ParOldGen       total 958976K, used 932617K [0x00000002c0000000, 0x00000002fa880000, 0x0000000615580000)
  object space 958976K, 97% used [0x00000002c0000000,0x00000002f8ec26f0,0x00000002fa880000)
 Metaspace       used 25567K, capacity 27440K, committed 27648K, reserved 1073152K
  class space    used 3725K, capacity 4053K, committed 4096K, reserved 1048576K
}
Event: 142.645 GC heap before
{Heap before GC invocations=44 (full 9):
 PSYoungGen      total 536576K, used 32K [0x0000000615580000, 0x000000063d880000, 0x00000007c0000000)
  eden space 514048K, 0% used [0x0000000615580000,0x0000000615580000,0x0000000634b80000)
  from space 22528K, 0% used [0x0000000634b80000,0x0000000634b88000,0x0000000636180000)
  to   space 21504K, 0% used [0x000000063c380000,0x000000063c380000,0x000000063d880000)
 ParOldGen       total 958976K, used 932617K [0x00000002c0000000, 0x00000002fa880000, 0x0000000615580000)
  object space 958976K, 97% used [0x00000002c0000000,0x00000002f8ec26f0,0x00000002fa880000)
 Metaspace       used 25567K, capacity 27440K, committed 27648K, reserved 1073152K
  class space    used 3725K, capacity 4053K, committed 4096K, reserved 1048576K
Event: 143.014 GC heap after
Heap after GC invocations=44 (full 9):
 PSYoungGen      total 536576K, used 0K [0x0000000615580000, 0x000000063d880000, 0x00000007c0000000)
  eden space 514048K, 0% used [0x0000000615580000,0x0000000615580000,0x0000000634b80000)
  from space 22528K, 0% used [0x0000000634b80000,0x0000000634b80000,0x0000000636180000)
  to   space 21504K, 0% used [0x000000063c380000,0x000000063c380000,0x000000063d880000)
 ParOldGen       total 1205760K, used 768777K [0x00000002c0000000, 0x0000000309980000, 0x0000000615580000)
  object space 1205760K, 63% used [0x00000002c0000000,0x00000002eeec2700,0x0000000309980000)
 Metaspace       used 25567K, capacity 27440K, committed 27648K, reserved 1073152K
  class space    used 3725K, capacity 4053K, committed 4096K, reserved 1048576K
}

Deoptimization events (10 events):
Event: 19.815 Thread 0x000000004a193800 Uncommon trap: reason=bimorphic action=maybe_recompile pc=0x0000000002a2e4f4 method=java.util.Collections$UnmodifiableCollection$1.hasNext()Z @ 4
Event: 19.815 Thread 0x000000004a193800 Uncommon trap: reason=bimorphic action=maybe_recompile pc=0x0000000003660188 method=java.util.Collections$UnmodifiableCollection$1.next()Ljava/lang/Object; @ 4
Event: 19.877 Thread 0x0000000042dbe000 Uncommon trap: reason=unstable_if action=reinterpret pc=0x000000000332c8d0 method=com.sun.javafx.util.Utils.RGBtoHSB(DDD)[D @ 23
Event: 19.877 Thread 0x0000000042dbe000 Uncommon trap: reason=unstable_if action=reinterpret pc=0x000000000322ff40 method=com.sun.javafx.util.Utils.HSBtoRGB(DDD)[D @ 34
Event: 19.877 Thread 0x0000000042dbe000 Uncommon trap: reason=unstable_if action=reinterpret pc=0x0000000002f62a7c method=com.sun.javafx.util.Utils.HSBtoRGB(DDD)[D @ 34
Event: 19.877 Thread 0x0000000042dbe000 Uncommon trap: reason=unstable_if action=reinterpret pc=0x00000000032d4130 method=com.sun.javafx.util.Utils.RGBtoHSB(DDD)[D @ 23
Event: 20.241 Thread 0x0000000042dbe000 Uncommon trap: reason=unstable_if action=reinterpret pc=0x00000000033a8094 method=javafx.scene.Node.impl_layoutBoundsChanged()V @ 22
Event: 20.242 Thread 0x0000000042dbe000 Uncommon trap: reason=null_check action=make_not_entrant pc=0x00000000036153c4 method=javafx.scene.Node$MiscProperties.getClip()Ljavafx/scene/Node; @ 20
Event: 20.242 Thread 0x0000000042dbe000 Uncommon trap: reason=null_check action=make_not_entrant pc=0x000000000366db9c method=javafx.scene.Node$MiscProperties.getClip()Ljavafx/scene/Node; @ 20
Event: 20.255 Thread 0x0000000042dbe000 Uncommon trap: reason=null_check action=make_not_entrant pc=0x000000000343edc4 method=javafx.scene.Node$MiscProperties.getClip()Ljavafx/scene/Node; @ 20

Internal exceptions (10 events):
Event: 1.379 Thread 0x0000000042dbe000 Exception <a 'java/lang/NullPointerException'> (0x00000006168922d8) thrown at [C:\re\workspace\8-2-build-windows-amd64-cygwin\jdk8u60\4407\hotspot\src\share\vm\interpreter\linkResolver.cpp, line 1178]
Event: 1.379 Thread 0x0000000042dbe000 Exception <a 'java/lang/NullPointerException'> (0x00000006168922d8) thrown at [C:\re\workspace\8-2-build-windows-amd64-cygwin\jdk8u60\4407\hotspot\src\share\vm\prims\jvm.cpp, line 1390]
Event: 2.165 Thread 0x0000000042dbe000 Implicit null exception at 0x0000000002c80d34 to 0x0000000002c8106d
Event: 2.165 Thread 0x0000000042dbe000 Implicit null exception at 0x0000000002ca0cd8 to 0x0000000002ca0d66
Event: 3.703 Thread 0x0000000042dbe000 Exception <a 'java/io/FileNotFoundException'> (0x0000000615806538) thrown at [C:\re\workspace\8-2-build-windows-amd64-cygwin\jdk8u60\4407\hotspot\src\share\vm\prims\jni.cpp, line 709]
Event: 5.753 Thread 0x0000000042dbe000 Implicit null exception at 0x0000000002fe45b3 to 0x0000000002fe4c25
Event: 6.196 Thread 0x0000000042dbe000 Implicit null exception at 0x000000000306e947 to 0x000000000306fa55
Event: 20.242 Thread 0x0000000042dbe000 Implicit null exception at 0x000000000361231b to 0x00000000036153b5
Event: 20.242 Thread 0x0000000042dbe000 Implicit null exception at 0x000000000366bf36 to 0x000000000366db8d
Event: 20.255 Thread 0x0000000042dbe000 Implicit null exception at 0x000000000343ed57 to 0x000000000343edb5

Events (10 events):
Event: 113.428 Executing VM operation: ParallelGCFailedAllocation
Event: 113.433 Executing VM operation: ParallelGCFailedAllocation done
Event: 122.132 Executing VM operation: ParallelGCFailedAllocation
Event: 122.137 Executing VM operation: ParallelGCFailedAllocation done
Event: 132.047 Executing VM operation: ParallelGCFailedAllocation
Event: 132.053 Executing VM operation: ParallelGCFailedAllocation done
Event: 141.774 Executing VM operation: ParallelGCFailedAllocation
Event: 141.779 Executing VM operation: ParallelGCFailedAllocation done
Event: 142.413 Executing VM operation: ParallelGCFailedAllocation
Event: 143.014 Executing VM operation: ParallelGCFailedAllocation done


Dynamic libraries:
0x000000013f5f0000 - 0x000000013f627000 	C:\Program Files\Java\jdk1.8.0_60\jre\bin\java.exe
0x0000000077900000 - 0x0000000077aa9000 	C:\Windows\SYSTEM32\ntdll.dll
0x00000000777e0000 - 0x0000000077900000 	C:\Windows\system32\kernel32.dll
0x000007fefd830000 - 0x000007fefd89c000 	C:\Windows\system32\KERNELBASE.dll
0x000007fefdb10000 - 0x000007fefdbeb000 	C:\Windows\system32\ADVAPI32.dll
0x000007feff290000 - 0x000007feff32f000 	C:\Windows\system32\msvcrt.dll
0x000007feffbf0000 - 0x000007feffc0f000 	C:\Windows\SYSTEM32\sechost.dll
0x000007feff330000 - 0x000007feff45d000 	C:\Windows\system32\RPCRT4.dll
0x00000000776e0000 - 0x00000000777da000 	C:\Windows\system32\USER32.dll
0x000007feff460000 - 0x000007feff4c7000 	C:\Windows\system32\GDI32.dll
0x000007fefec90000 - 0x000007fefec9e000 	C:\Windows\system32\LPK.dll
0x000007fefeca0000 - 0x000007fefed69000 	C:\Windows\system32\USP10.dll
0x000007fefc280000 - 0x000007fefc474000 	C:\Windows\WinSxS\amd64_microsoft.windows.common-controls_6595b64144ccf1df_6.0.7601.18837_none_fa3b1e3d17594757\COMCTL32.dll
0x000007fefda90000 - 0x000007fefdb01000 	C:\Windows\system32\SHLWAPI.dll
0x000007fefda60000 - 0x000007fefda8e000 	C:\Windows\system32\IMM32.DLL
0x000007feff080000 - 0x000007feff189000 	C:\Windows\system32\MSCTF.dll
0x00000000615f0000 - 0x00000000616c2000 	C:\Program Files\Java\jdk1.8.0_60\jre\bin\msvcr100.dll
0x000000005a960000 - 0x000000005b1e9000 	C:\Program Files\Java\jdk1.8.0_60\jre\bin\server\jvm.dll
0x000007feef700000 - 0x000007feef709000 	C:\Windows\system32\WSOCK32.dll
0x000007fefdbf0000 - 0x000007fefdc3d000 	C:\Windows\system32\WS2_32.dll
0x000007feffb40000 - 0x000007feffb48000 	C:\Windows\system32\NSI.dll
0x000007fefa9f0000 - 0x000007fefaa2b000 	C:\Windows\system32\WINMM.dll
0x000007fefc770000 - 0x000007fefc77c000 	C:\Windows\system32\VERSION.dll
0x0000000077ad0000 - 0x0000000077ad7000 	C:\Windows\system32\PSAPI.DLL
0x000000006f320000 - 0x000000006f32f000 	C:\Program Files\Java\jdk1.8.0_60\jre\bin\verify.dll
0x0000000065ae0000 - 0x0000000065b09000 	C:\Program Files\Java\jdk1.8.0_60\jre\bin\java.dll
0x00000000528f0000 - 0x0000000052925000 	C:\Program Files\Java\jdk1.8.0_60\jre\bin\jdwp.dll
0x0000000068560000 - 0x0000000068568000 	C:\Program Files\Java\jdk1.8.0_60\jre\bin\npt.dll
0x000000006ee20000 - 0x000000006ee36000 	C:\Program Files\Java\jdk1.8.0_60\jre\bin\zip.dll
0x000007fefdc40000 - 0x000007fefe9c9000 	C:\Windows\system32\SHELL32.dll
0x000007feff4d0000 - 0x000007feff6d3000 	C:\Windows\system32\ole32.dll
0x000007fefd6b0000 - 0x000007fefd6bf000 	C:\Windows\system32\profapi.dll
0x00000000629a0000 - 0x00000000629a9000 	C:\Program Files\Java\jdk1.8.0_60\jre\bin\dt_socket.dll
0x000007fefce40000 - 0x000007fefce95000 	C:\Windows\system32\mswsock.dll
0x000007fefc840000 - 0x000007fefc847000 	C:\Windows\System32\wshtcpip.dll
0x000007feed540000 - 0x000007feed62f000 	C:\Program Files\Java\jdk1.8.0_60\jre\bin\msvcr120.dll
0x000007feebdf0000 - 0x000007feebe96000 	C:\Program Files\Java\jdk1.8.0_60\jre\bin\msvcp120.dll
0x0000000056980000 - 0x00000000569a3000 	C:\Program Files\Java\jdk1.8.0_60\jre\bin\prism_d3d.dll
0x000007feea870000 - 0x000007feeaa6f000 	C:\Windows\system32\d3d9.dll
0x000007fefb430000 - 0x000007fefb437000 	C:\Windows\system32\d3d8thk.dll
0x000007fefbf30000 - 0x000007fefbf48000 	C:\Windows\system32\dwmapi.dll
0x000007fefbed0000 - 0x000007fefbf26000 	C:\Windows\system32\uxtheme.dll
0x000007fee33e0000 - 0x000007fee42a7000 	C:\Windows\system32\nvd3dumx.dll
0x0000000180000000 - 0x00000001801a7000 	C:\Windows\system32\nvspcap64.dll
0x000007fefebb0000 - 0x000007fefec87000 	C:\Windows\system32\OLEAUT32.dll
0x000007fefe9d0000 - 0x000007fefeba7000 	C:\Windows\system32\SETUPAPI.dll
0x000007fefd6c0000 - 0x000007fefd6f6000 	C:\Windows\system32\CFGMGR32.dll
0x000007fefd7e0000 - 0x000007fefd7fa000 	C:\Windows\system32\DEVOBJ.dll
0x000007fef5dd0000 - 0x000007fef5e41000 	C:\Windows\system32\WINHTTP.dll
0x000007fef5d60000 - 0x000007fef5dc4000 	C:\Windows\system32\webio.dll
0x000007fefa4e0000 - 0x000007fefa868000 	C:\Windows\system32\nvapi64.dll
0x000007fefd4b0000 - 0x000007fefd4d5000 	C:\Windows\system32\SspiCli.dll
0x0000000052b90000 - 0x0000000052bd3000 	C:\Program Files\Java\jdk1.8.0_60\jre\bin\glass.dll
0x000007feff190000 - 0x000007feff227000 	C:\Windows\system32\COMDLG32.dll
0x000007fefd540000 - 0x000007fefd54f000 	C:\Windows\system32\CRYPTBASE.dll
0x000007fefb9c0000 - 0x000007fefb9ec000 	C:\Windows\system32\powrprof.dll
0x000007feea290000 - 0x000007feea3f1000 	C:\Program Files (x86)\NVIDIA Corporation\3D Vision\nvSCPAPI64.dll
0x0000000065b50000 - 0x0000000065b64000 	C:\Program Files\Java\jdk1.8.0_60\jre\bin\javafx_font.dll
0x000007fee8e10000 - 0x000007fee8fa7000 	C:\Windows\system32\dwrite.dll
0x0000000061450000 - 0x00000000615e8000 	C:\Program Files\Java\jdk1.8.0_60\jre\bin\awt.dll
0x000007feffb50000 - 0x000007feffbe9000 	C:\Windows\system32\CLBCatQ.DLL
0x000007fefb5d0000 - 0x000007fefb731000 	C:\Windows\system32\WindowsCodecs.dll
0x000007fefd4e0000 - 0x000007fefd537000 	C:\Windows\system32\apphelp.dll
0x0000000071a80000 - 0x0000000071b45000 	C:\Program Files\AVAST Software\Avast\ashShA64.dll
0x000007fefbcb0000 - 0x000007fefbec6000 	C:\Windows\WinSxS\amd64_microsoft.windows.gdiplus_6595b64144ccf1df_1.1.7601.19054_none_2b28591471e9a18f\gdiplus.dll
0x000007fef7a90000 - 0x000007fef7dae000 	C:\Windows\system32\msi.dll
0x000007fefae30000 - 0x000007fefae3f000 	C:\Windows\system32\AcSignIcon.dll
0x000007fee7a20000 - 0x000007fee7f85000 	C:\Windows\system32\mfc110u.dll
0x000007feec620000 - 0x000007feec6f4000 	C:\Windows\system32\MSVCR110.dll
0x000007fef7a50000 - 0x000007fef7a85000 	C:\Windows\system32\EhStorShell.dll
0x000007fefbf60000 - 0x000007fefc08c000 	C:\Windows\system32\PROPSYS.dll
0x000007fef7320000 - 0x000007fef7992000 	C:\PROGRA~1\MICROS~3\Office14\GROOVEEX.DLL
0x00000000718f0000 - 0x0000000071993000 	C:\Windows\WinSxS\amd64_microsoft.vc90.crt_1fc8b3b9a1e18e3b_9.0.30729.6161_none_08e61857a83bc251\MSVCR90.dll
0x0000000071800000 - 0x00000000718d3000 	C:\Windows\WinSxS\amd64_microsoft.vc90.crt_1fc8b3b9a1e18e3b_9.0.30729.6161_none_08e61857a83bc251\MSVCP90.dll
0x00000000714e0000 - 0x000000007150f000 	C:\Windows\WinSxS\amd64_microsoft.vc90.atl_1fc8b3b9a1e18e3b_9.0.30729.6161_none_0a1fd3a3a768b895\ATL90.DLL
0x000007fef8b00000 - 0x000007fef8f0f000 	C:\PROGRA~1\COMMON~1\MICROS~1\OFFICE14\Cultures\office.odf
0x000007fef8270000 - 0x000007fef8af8000 	C:\PROGRA~1\MICROS~3\Office14\1036\GrooveIntlResource.dll
0x000007fef81f0000 - 0x000007fef826e000 	C:\Windows\System32\cscui.dll
0x000007fef81e0000 - 0x000007fef81ec000 	C:\Windows\System32\CSCDLL.dll
0x000007fef81d0000 - 0x000007fef81df000 	C:\Windows\system32\CSCAPI.dll
0x000007fef8150000 - 0x000007fef81d0000 	C:\Windows\system32\ntshrui.dll
0x000007fefd240000 - 0x000007fefd263000 	C:\Windows\system32\srvcli.dll
0x000007fefaf90000 - 0x000007fefaf9b000 	C:\Windows\system32\slc.dll
0x000007fef2fe0000 - 0x000007fef300d000 	C:\Program Files\Common Files\Microsoft Shared\Ink\rtscom.dll
0x0000000057000000 - 0x0000000057011000 	C:\Program Files\Java\jdk1.8.0_60\jre\bin\prism_common.dll
0x000007fee8660000 - 0x000007fee8a24000 	C:\Windows\system32\d2d1.dll
0x000007fef9110000 - 0x000007fef92e5000 	C:\Windows\system32\d3d11.dll
0x000007fef92f0000 - 0x000007fef934d000 	C:\Windows\system32\dxgi.dll
0x000007fee6bc0000 - 0x000007fee6e39000 	C:\Windows\system32\D3D10Warp.dll
0x000007fef90e0000 - 0x000007fef9104000 	C:\Windows\system32\DXGIDebug.dll
0x000007fefd8a0000 - 0x000007fefd8db000 	C:\Windows\system32\WINTRUST.dll
0x000007fefd8e0000 - 0x000007fefda4d000 	C:\Windows\system32\CRYPT32.dll
0x000007fefd6a0000 - 0x000007fefd6af000 	C:\Windows\system32\MSASN1.dll
0x000007fefcea0000 - 0x000007fefceb8000 	C:\Windows\system32\CRYPTSP.dll
0x000007fefcba0000 - 0x000007fefcbe7000 	C:\Windows\system32\rsaenh.dll
0x000007fefd5f0000 - 0x000007fefd604000 	C:\Windows\system32\RpcRtRemote.dll
0x000007fefd720000 - 0x000007fefd73e000 	C:\Windows\system32\USERENV.dll
0x0000000064c80000 - 0x0000000064c9a000 	C:\Program Files\Java\jdk1.8.0_60\jre\bin\net.dll
0x000007fefce30000 - 0x000007fefce37000 	C:\Windows\System32\wship6.dll
0x000007fefa870000 - 0x000007fefa897000 	C:\Windows\system32\IPHLPAPI.DLL
0x000007fefa4d0000 - 0x000007fefa4db000 	C:\Windows\system32\WINNSI.DLL
0x000007fef9f40000 - 0x000007fef9f58000 	C:\Windows\system32\dhcpcsvc.DLL
0x000007fef9f00000 - 0x000007fef9f11000 	C:\Windows\system32\dhcpcsvc6.DLL
0x0000000062330000 - 0x0000000062341000 	C:\Program Files\Java\jdk1.8.0_60\jre\bin\nio.dll
0x000007feed720000 - 0x000007feed7df000 	C:\Users\Julien\AppData\Local\Temp\RivLibLibrary-7930703783116760379.tmp
0x000007fef57c0000 - 0x000007fef58e5000 	C:\Windows\system32\dbghelp.dll

VM Arguments:
jvm_args: -Xdebug -Xmx20g -Xrunjdwp:transport=dt_socket,server=n,address=14687 
java_command: C:\Users\Julien\Documents\AMAPVoxMaster\trunk\AMAPVox\AMAPVoxGUI\target/release/AMAPVoxGUI-1.0-r8eda236d.jar
java_class_path (initial): C:\Users\Julien\Documents\AMAPVoxMaster\trunk\AMAPVox\AMAPVoxGUI\target/release/AMAPVoxGUI-1.0-r8eda236d.jar
Launcher Type: SUN_STANDARD

Environment Variables:
JAVA_HOME=C:\Program Files\Java\jdk1.8.0_60
PATH=C:\ProgramData\Oracle\Java\javapath;C:\Windows\system32;C:\Windows;C:\Windows\System32\Wbem;C:\Windows\System32\WindowsPowerShell\v1.0\;C:\Program Files (x86)\NVIDIA Corporation\PhysX\Common;C:\Program Files (x86)\Windows Kits\8.1\Windows Performance Toolkit\;C:\Program Files\Microsoft SQL Server\110\Tools\Binn\;C:\Program Files (x86)\LAStools\bin;C:\Program Files\Git\cmd;C:\Program Files\Git\mingw64\bin;C:\Program Files\Git\usr\bin
USERNAME=Julien
OS=Windows_NT
PROCESSOR_IDENTIFIER=Intel64 Family 6 Model 23 Stepping 6, GenuineIntel



---------------  S Y S T E M  ---------------

OS: Windows 7 , 64 bit Build 7601 (6.1.7601.19045)

CPU:total 2 (2 cores per cpu, 1 threads per core) family 6 model 23 stepping 6, cmov, cx8, fxsr, mmx, sse, sse2, sse3, ssse3, sse4.1, tsc

Memory: 4k page, physical 7339128k(1027488k free), swap 14676420k(5023840k free)

vm_info: Java HotSpot(TM) 64-Bit Server VM (25.60-b23) for windows-amd64 JRE (1.8.0_60-b27), built on Aug  4 2015 11:06:27 by "java_re" with MS VC++ 10.0 (VS2010)

time: Sun Nov 22 17:52:08 2015
elapsed time: 143 seconds (0d 0h 2m 23s)

