#
# A fatal error has been detected by the Java Runtime Environment:
#
#  SIGSEGV (0xb) at pc=0x00007f758e3d24d4, pid=17443, tid=140143746692864
#
# JRE version: Java(TM) SE Runtime Environment (8.0_60-b27) (build 1.8.0_60-b27)
# Java VM: Java HotSpot(TM) 64-Bit Server VM (25.60-b23 mixed mode linux-amd64 compressed oops)
# Problematic frame:
# C  [RivLibLibrary-3356936067237419013.tmp+0x4b4d4]  Java_fr_amap_amapvox_io_tls_rxp_RxpExtraction_closeConnexion+0x4
#
# Failed to write core dump. Core dumps have been disabled. To enable core dumping, try "ulimit -c unlimited" before starting Java again
#
# If you would like to submit a bug report, please visit:
#   http://bugreport.java.com/bugreport/crash.jsp
# The crash happened outside the Java Virtual Machine in native code.
# See problematic frame for where to report the bug.
#

---------------  T H R E A D  ---------------

Current thread (0x00007f75bc00c800):  JavaThread "main" [_thread_in_native, id=17447, stack(0x00007f75c22d3000,0x00007f75c23d4000)]

siginfo: si_signo: 11 (SIGSEGV), si_code: 1 (SEGV_MAPERR), si_addr: 0x0000000000000000

Registers:
RAX=0x00007f758e3d24d0, RBX=0x00007f75a5798ca8, RCX=0x00007f75bc0083e0, RDX=0x00007f75bc15d760
RSP=0x00007f75c23d27e0, RBP=0x00007f75c23d2848, RSI=0x00007f75c23d2878, RDI=0x0000000000000000
R8 =0x0000000000000000, R9 =0x0000000000000004, R10=0x00007f75abc8ee58, R11=0x00007f75c11bff10
R12=0x0000000000000000, R13=0x00007f75a5798ca8, R14=0x00007f75c23d2878, R15=0x00007f75bc00c800
RIP=0x00007f758e3d24d4, EFLAGS=0x0000000000010287, CSGSFS=0x0000000000000033, ERR=0x0000000000000004
  TRAPNO=0x000000000000000e

Top of Stack: (sp=0x00007f75c23d27e0)
0x00007f75c23d27e0:   00007f75a5798ca8 00007f75abc8ee84
0x00007f75c23d27f0:   00007f75c23d2848 00007f75abc8e947
0x00007f75c23d2800:   00007f75abc8e902 00007f75c23d2808
0x00007f75c23d2810:   00007f75a5798ca8 00007f75c23d2878
0x00007f75c23d2820:   00007f75a57996e8 0000000000000000
0x00007f75c23d2830:   00007f75a5798ca8 0000000000000000
0x00007f75c23d2840:   00007f75c23d2868 00007f75c23d28c0
0x00007f75c23d2850:   00007f75abc79ccd 0000000000000000
0x00007f75c23d2860:   00007f75abc857d8 00007f75bc15d760
0x00007f75c23d2870:   0000000670bce300 0000000670bce300
0x00007f75c23d2880:   00007f75c23d2880 00007f75a579905d
0x00007f75c23d2890:   00007f75c23d28d0 00007f75a57996e8
0x00007f75c23d28a0:   0000000000000000 00007f75a5799080
0x00007f75c23d28b0:   00007f75c23d2868 00007f75c23d28d0
0x00007f75c23d28c0:   00007f75c23d2918 00007f75abc79ccd
0x00007f75c23d28d0:   0000000670bce300 00007f75c23d28d8
0x00007f75c23d28e0:   00007f75a57991a1 00007f75c23d2948
0x00007f75c23d28f0:   00007f75a57996e8 0000000000000000
0x00007f75c23d2900:   00007f75a5799230 00007f75c23d28d0
0x00007f75c23d2910:   00007f75c23d2948 00007f75c23d29b0
0x00007f75c23d2920:   00007f75abc727a7 0000000000000000
0x00007f75c23d2930:   0000000000000000 0000000670bce9c8
0x00007f75c23d2940:   0000000670bce300 0000000670bce2f0
0x00007f75c23d2950:   0000000000001fa0 0000000000000000
0x00007f75c23d2960:   00007f75bc00c800 00007f75c23d2a30
0x00007f75c23d2970:   00007f75c23d2bf0 00007f75c23d29f0
0x00007f75c23d2980:   00007f75c23d29f0 00007f75c23d2d38
0x00007f75c23d2990:   00007f750000000a 00007f75a5799230
0x00007f75c23d29a0:   00007f75abc87c40 00007f75c23d2b78
0x00007f75c23d29b0:   00007f75c23d2b20 00007f75c0e92be6
0x00007f75c23d29c0:   00007f7500000001 00007f75bc00c800
0x00007f75c23d29d0:   00007f75c23d2b70 00007f75c23d2d30 

Instructions: (pc=0x00007f758e3d24d4)
0x00007f758e3d24b4:   89 55 0c eb 85 8b 45 0c 8d 50 ff 89 55 0c eb ba
0x00007f758e3d24c4:   66 66 66 2e 0f 1f 84 00 00 00 00 00 53 48 8b 3a
0x00007f758e3d24d4:   48 8b 07 48 03 78 e8 48 8b 07 ff 50 08 5b c3 48
0x00007f758e3d24e4:   83 ea 01 48 89 c7 74 05 e8 7f f8 ff ff e8 5a f5 

Register to memory mapping:

RAX=0x00007f758e3d24d0: Java_fr_amap_amapvox_io_tls_rxp_RxpExtraction_closeConnexion+0 in /tmp/RivLibLibrary-3356936067237419013.tmp at 0x00007f758e387000
RBX={method} {0x00007f75a5798ca8} 'closeConnexion' '(J)V' in 'fr/amap/amapvox/io/tls/rxp/RxpExtraction'
RCX=0x00007f75bc0083e0 is an unknown value
RDX=0x00007f75bc15d760 is an unknown value
RSP=0x00007f75c23d27e0 is pointing into the stack for thread: 0x00007f75bc00c800
RBP=0x00007f75c23d2848 is pointing into the stack for thread: 0x00007f75bc00c800
RSI=0x00007f75c23d2878 is pointing into the stack for thread: 0x00007f75bc00c800
RDI=0x0000000000000000 is an unknown value
R8 =0x0000000000000000 is an unknown value
R9 =0x0000000000000004 is an unknown value
R10=0x00007f75abc8ee58 is at code_begin+1528 in an Interpreter codelet
method entry point (kind = native)  [0x00007f75abc8e860, 0x00007f75abc8f7a0]  3904 bytes
R11=0x00007f75c11bff10: <offset 0x9b8f10> in /usr/jdk1.8.0_60/jre/lib/amd64/server/libjvm.so at 0x00007f75c0807000
R12=0x0000000000000000 is an unknown value
R13={method} {0x00007f75a5798ca8} 'closeConnexion' '(J)V' in 'fr/amap/amapvox/io/tls/rxp/RxpExtraction'
R14=0x00007f75c23d2878 is pointing into the stack for thread: 0x00007f75bc00c800
R15=0x00007f75bc00c800 is a thread


Stack: [0x00007f75c22d3000,0x00007f75c23d4000],  sp=0x00007f75c23d27e0,  free space=1021k
Native frames: (J=compiled Java code, j=interpreted, Vv=VM code, C=native code)
C  [RivLibLibrary-3356936067237419013.tmp+0x4b4d4]  Java_fr_amap_amapvox_io_tls_rxp_RxpExtraction_closeConnexion+0x4
j  fr.amap.amapvox.io.tls.rxp.RxpExtraction.close()V+5
j  fr.amap.amapvox.io.tls.rxp.RxpExtraction.main([Ljava/lang/String;)V+153
v  ~StubRoutines::call_stub
V  [libjvm.so+0x68bbe6]  JavaCalls::call_helper(JavaValue*, methodHandle*, JavaCallArguments*, Thread*)+0x1056
V  [libjvm.so+0x6cd182]  jni_invoke_static(JNIEnv_*, JavaValue*, _jobject*, JNICallType, _jmethodID*, JNI_ArgumentPusher*, Thread*)+0x362
V  [libjvm.so+0x6e9b8a]  jni_CallStaticVoidMethod+0x17a
C  [libjli.so+0x7bcc]  JavaMain+0x80c
C  [libpthread.so.0+0x8182]  start_thread+0xc2

Java frames: (J=compiled Java code, j=interpreted, Vv=VM code)
j  fr.amap.amapvox.io.tls.rxp.RxpExtraction.closeConnexion(J)V+0
j  fr.amap.amapvox.io.tls.rxp.RxpExtraction.close()V+5
j  fr.amap.amapvox.io.tls.rxp.RxpExtraction.main([Ljava/lang/String;)V+153
v  ~StubRoutines::call_stub

---------------  P R O C E S S  ---------------

Java Threads: ( => current thread )
  0x00007f75bc0e7000 JavaThread "Service Thread" daemon [_thread_blocked, id=17470, stack(0x00007f758e7c5000,0x00007f758e8c6000)]
  0x00007f75bc0d9800 JavaThread "C1 CompilerThread3" daemon [_thread_blocked, id=17469, stack(0x00007f758e8c6000,0x00007f758e9c7000)]
  0x00007f75bc0d7800 JavaThread "C2 CompilerThread2" daemon [_thread_blocked, id=17468, stack(0x00007f758e9c7000,0x00007f758eac8000)]
  0x00007f75bc0d5800 JavaThread "C2 CompilerThread1" daemon [_thread_blocked, id=17467, stack(0x00007f758eac8000,0x00007f758ebc9000)]
  0x00007f75bc0d2800 JavaThread "C2 CompilerThread0" daemon [_thread_blocked, id=17466, stack(0x00007f758ebc9000,0x00007f758ecca000)]
  0x00007f7548001000 JavaThread "JDWP Command Reader" daemon [_thread_in_native, id=17464, stack(0x00007f758ecca000,0x00007f758edcb000)]
  0x00007f75bc0d0800 JavaThread "JDWP Event Helper Thread" daemon [_thread_blocked, id=17462, stack(0x00007f758edcb000,0x00007f758eecc000)]
  0x00007f75bc0cd000 JavaThread "JDWP Transport Listener: dt_socket" daemon [_thread_blocked, id=17460, stack(0x00007f758eecc000,0x00007f758efcd000)]
  0x00007f75bc0c0800 JavaThread "Signal Dispatcher" daemon [_thread_blocked, id=17459, stack(0x00007f758f1d1000,0x00007f758f2d2000)]
  0x00007f75bc089800 JavaThread "Finalizer" daemon [_thread_blocked, id=17458, stack(0x00007f758f2d2000,0x00007f758f3d3000)]
  0x00007f75bc087800 JavaThread "Reference Handler" daemon [_thread_blocked, id=17457, stack(0x00007f758f3d3000,0x00007f758f4d4000)]
=>0x00007f75bc00c800 JavaThread "main" [_thread_in_native, id=17447, stack(0x00007f75c22d3000,0x00007f75c23d4000)]

Other Threads:
  0x00007f75bc082800 VMThread [stack: 0x00007f758f4d4000,0x00007f758f5d5000] [id=17456]
  0x00007f75bc0ea000 WatcherThread [stack: 0x00007f758e6c4000,0x00007f758e7c5000] [id=17471]

VM state:not at safepoint (normal execution)

VM Mutex/Monitor currently owned by a thread: None

Heap:
 PSYoungGen      total 300544K, used 20644K [0x0000000670b00000, 0x0000000685a00000, 0x00000007c0000000)
  eden space 258048K, 8% used [0x0000000670b00000,0x0000000671f29030,0x0000000680700000)
  from space 42496K, 0% used [0x0000000683080000,0x0000000683080000,0x0000000685a00000)
  to   space 42496K, 0% used [0x0000000680700000,0x0000000680700000,0x0000000683080000)
 ParOldGen       total 687104K, used 0K [0x00000003d2000000, 0x00000003fbf00000, 0x0000000670b00000)
  object space 687104K, 0% used [0x00000003d2000000,0x00000003d2000000,0x00000003fbf00000)
 Metaspace       used 4323K, capacity 4678K, committed 4864K, reserved 1056768K
  class space    used 476K, capacity 494K, committed 512K, reserved 1048576K

Card table byte_map: [0x00007f75a9941000,0x00007f75ab8b2000] byte_map_base: 0x00007f75a7ab1000

Marking Bits: (ParMarkBitMap*) 0x00007f75c17b5de0
 Begin Bits: [0x00007f7558900000, 0x00007f7568480000)
 End Bits:   [0x00007f7568480000, 0x00007f7578000000)

Polling page: 0x00007f75c23fd000

CodeCache: size=245760Kb used=1271Kb max_used=1271Kb free=244488Kb
 bounds [0x00007f75abc72000, 0x00007f75abee2000, 0x00007f75bac72000]
 total_blobs=359 nmethods=98 adapters=183
 compilation: enabled

Compilation events (10 events):
Event: 0,360 Thread 0x00007f75bc0d9800   91       3       java.io.DataInputStream::readUTF (5 bytes)
Event: 0,360 Thread 0x00007f75bc0d9800 nmethod 91 0x00007f75abdae1d0 code [0x00007f75abdae340, 0x00007f75abdae4c8]
Event: 0,360 Thread 0x00007f75bc0d9800   92       3       java.io.DataInputStream::readUnsignedShort (39 bytes)
Event: 0,360 Thread 0x00007f75bc0d9800 nmethod 92 0x00007f75abdadad0 code [0x00007f75abdadc80, 0x00007f75abdae048]
Event: 0,360 Thread 0x00007f75bc0d9800   95  s    3       java.io.ByteArrayInputStream::read (36 bytes)
Event: 0,360 Thread 0x00007f75bc0d9800 nmethod 95 0x00007f75abdad510 code [0x00007f75abdad680, 0x00007f75abdad9d0]
Event: 0,361 Thread 0x00007f75bc0d9800   97       3       java.lang.String::lastIndexOf (13 bytes)
Event: 0,361 Thread 0x00007f75bc0d9800 nmethod 97 0x00007f75abdad0d0 code [0x00007f75abdad240, 0x00007f75abdad468]
Event: 0,361 Thread 0x00007f75bc0d9800   98       3       java.lang.StringBuilder::toString (17 bytes)
Event: 0,361 Thread 0x00007f75bc0d9800 nmethod 98 0x00007f75abdacc90 code [0x00007f75abdace00, 0x00007f75abdad008]

GC Heap History (0 events):
No events

Deoptimization events (0 events):
No events

Internal exceptions (6 events):
Event: 0,040 Thread 0x00007f75bc00c800 Exception <a 'java/lang/NoSuchMethodError': Method sun.misc.Unsafe.defineClass(Ljava/lang/String;[BII)Ljava/lang/Class; name or signature does not match> (0x0000000670b12b98) thrown at [/HUDSON/workspace/8-2-build-linux-amd64/jdk8u60/4407/hotspot/src/shar
Event: 0,040 Thread 0x00007f75bc00c800 Exception <a 'java/lang/NoSuchMethodError': Method sun.misc.Unsafe.prefetchRead(Ljava/lang/Object;J)V name or signature does not match> (0x0000000670b12e80) thrown at [/HUDSON/workspace/8-2-build-linux-amd64/jdk8u60/4407/hotspot/src/share/vm/prims/jni.cpp
Event: 0,281 Thread 0x00007f75bc00c800 Exception <a 'java/security/PrivilegedActionException'> (0x0000000670b87fd0) thrown at [/HUDSON/workspace/8-2-build-linux-amd64/jdk8u60/4407/hotspot/src/share/vm/prims/jvm.cpp, line 1386]
Event: 0,281 Thread 0x00007f75bc00c800 Exception <a 'java/security/PrivilegedActionException'> (0x0000000670b881e0) thrown at [/HUDSON/workspace/8-2-build-linux-amd64/jdk8u60/4407/hotspot/src/share/vm/prims/jvm.cpp, line 1386]
Event: 0,281 Thread 0x00007f75bc00c800 Exception <a 'java/security/PrivilegedActionException'> (0x0000000670b8a320) thrown at [/HUDSON/workspace/8-2-build-linux-amd64/jdk8u60/4407/hotspot/src/share/vm/prims/jvm.cpp, line 1386]
Event: 0,281 Thread 0x00007f75bc00c800 Exception <a 'java/security/PrivilegedActionException'> (0x0000000670b8a530) thrown at [/HUDSON/workspace/8-2-build-linux-amd64/jdk8u60/4407/hotspot/src/share/vm/prims/jvm.cpp, line 1386]

Events (10 events):
Event: 0,361 loading class sun/util/calendar/BaseCalendar$Date done
Event: 0,361 loading class sun/util/calendar/Gregorian$Date done
Event: 0,361 loading class sun/util/calendar/CalendarUtils
Event: 0,361 loading class sun/util/calendar/CalendarUtils done
Event: 0,362 loading class java/text/DateFormatSymbols
Event: 0,362 loading class java/text/DateFormatSymbols done
Event: 0,362 loading class sun/util/locale/provider/DateFormatSymbolsProviderImpl
Event: 0,362 loading class sun/util/locale/provider/DateFormatSymbolsProviderImpl done
Event: 0,363 loading class java/util/Formattable
Event: 0,363 loading class java/util/Formattable done


Dynamic libraries:
00400000-00401000 r-xp 00000000 08:01 5380511                            /usr/jdk1.8.0_60/bin/java
00600000-00601000 rw-p 00000000 08:01 5380511                            /usr/jdk1.8.0_60/bin/java
0212d000-0214e000 rw-p 00000000 00:00 0                                  [heap]
3d2000000-3fbf00000 rw-p 00000000 00:00 0 
3fbf00000-670b00000 ---p 00000000 00:00 0 
670b00000-685a00000 rw-p 00000000 00:00 0 
685a00000-7c0000000 ---p 00000000 00:00 0 
7c0000000-7c0080000 rw-p 00000000 00:00 0 
7c0080000-800000000 ---p 00000000 00:00 0 
7f7524000000-7f7524021000 rw-p 00000000 00:00 0 
7f7524021000-7f7528000000 ---p 00000000 00:00 0 
7f7528000000-7f7528021000 rw-p 00000000 00:00 0 
7f7528021000-7f752c000000 ---p 00000000 00:00 0 
7f752c000000-7f752c04a000 rw-p 00000000 00:00 0 
7f752c04a000-7f7530000000 ---p 00000000 00:00 0 
7f7530000000-7f7530066000 rw-p 00000000 00:00 0 
7f7530066000-7f7534000000 ---p 00000000 00:00 0 
7f7534000000-7f753404e000 rw-p 00000000 00:00 0 
7f753404e000-7f7538000000 ---p 00000000 00:00 0 
7f7538000000-7f7538022000 rw-p 00000000 00:00 0 
7f7538022000-7f753c000000 ---p 00000000 00:00 0 
7f753c000000-7f753c021000 rw-p 00000000 00:00 0 
7f753c021000-7f7540000000 ---p 00000000 00:00 0 
7f7540000000-7f7540021000 rw-p 00000000 00:00 0 
7f7540021000-7f7544000000 ---p 00000000 00:00 0 
7f7544000000-7f7544021000 rw-p 00000000 00:00 0 
7f7544021000-7f7548000000 ---p 00000000 00:00 0 
7f7548000000-7f7548021000 rw-p 00000000 00:00 0 
7f7548021000-7f754c000000 ---p 00000000 00:00 0 
7f754c000000-7f754c021000 rw-p 00000000 00:00 0 
7f754c021000-7f7550000000 ---p 00000000 00:00 0 
7f7550000000-7f7550021000 rw-p 00000000 00:00 0 
7f7550021000-7f7554000000 ---p 00000000 00:00 0 
7f7554000000-7f7554021000 rw-p 00000000 00:00 0 
7f7554021000-7f7558000000 ---p 00000000 00:00 0 
7f7558900000-7f7578000000 rw-p 00000000 00:00 0 
7f7578000000-7f7578021000 rw-p 00000000 00:00 0 
7f7578021000-7f757c000000 ---p 00000000 00:00 0 
7f7580000000-7f7580021000 rw-p 00000000 00:00 0 
7f7580021000-7f7584000000 ---p 00000000 00:00 0 
7f7588000000-7f7588021000 rw-p 00000000 00:00 0 
7f7588021000-7f758c000000 ---p 00000000 00:00 0 
7f758dbc2000-7f758de47000 rw-p 00000000 00:00 0 
7f758de47000-7f758de5d000 r-xp 00000000 08:01 5771309                    /lib/x86_64-linux-gnu/libgcc_s.so.1
7f758de5d000-7f758e05c000 ---p 00016000 08:01 5771309                    /lib/x86_64-linux-gnu/libgcc_s.so.1
7f758e05c000-7f758e05d000 rw-p 00015000 08:01 5771309                    /lib/x86_64-linux-gnu/libgcc_s.so.1
7f758e05d000-7f758e143000 r-xp 00000000 08:01 4456841                    /usr/lib/x86_64-linux-gnu/libstdc++.so.6.0.19
7f758e143000-7f758e342000 ---p 000e6000 08:01 4456841                    /usr/lib/x86_64-linux-gnu/libstdc++.so.6.0.19
7f758e342000-7f758e34a000 r--p 000e5000 08:01 4456841                    /usr/lib/x86_64-linux-gnu/libstdc++.so.6.0.19
7f758e34a000-7f758e34c000 rw-p 000ed000 08:01 4456841                    /usr/lib/x86_64-linux-gnu/libstdc++.so.6.0.19
7f758e34c000-7f758e361000 rw-p 00000000 00:00 0 
7f758e36b000-7f758e387000 r--s 00393000 08:01 5380447                    /usr/jdk1.8.0_60/jre/lib/ext/cldrdata.jar
7f758e387000-7f758e494000 r-xp 00000000 08:01 4325398                    /tmp/RivLibLibrary-3356936067237419013.tmp
7f758e494000-7f758e694000 ---p 0010d000 08:01 4325398                    /tmp/RivLibLibrary-3356936067237419013.tmp
7f758e694000-7f758e69d000 r--p 0010d000 08:01 4325398                    /tmp/RivLibLibrary-3356936067237419013.tmp
7f758e69d000-7f758e69f000 rw-p 00116000 08:01 4325398                    /tmp/RivLibLibrary-3356936067237419013.tmp
7f758e69f000-7f758e6a0000 rw-p 00000000 00:00 0 
7f758e6a0000-7f758e6c4000 r--s 001ce000 08:03 60162556                   /home/calcul/Documents/Julien/MavenRepo/org/apache/commons/commons-math3/3.5/commons-math3-3.5.jar
7f758e6c4000-7f758e6c5000 ---p 00000000 00:00 0 
7f758e6c5000-7f758e7c5000 rw-p 00000000 00:00 0                          [stack:17471]
7f758e7c5000-7f758e7c8000 ---p 00000000 00:00 0 
7f758e7c8000-7f758e8c6000 rw-p 00000000 00:00 0                          [stack:17470]
7f758e8c6000-7f758e8c9000 ---p 00000000 00:00 0 
7f758e8c9000-7f758e9c7000 rw-p 00000000 00:00 0                          [stack:17469]
7f758e9c7000-7f758e9ca000 ---p 00000000 00:00 0 
7f758e9ca000-7f758eac8000 rw-p 00000000 00:00 0                          [stack:17468]
7f758eac8000-7f758eacb000 ---p 00000000 00:00 0 
7f758eacb000-7f758ebc9000 rw-p 00000000 00:00 0                          [stack:17467]
7f758ebc9000-7f758ebcc000 ---p 00000000 00:00 0 
7f758ebcc000-7f758ecca000 rw-p 00000000 00:00 0                          [stack:17466]
7f758ecca000-7f758eccd000 ---p 00000000 00:00 0 
7f758eccd000-7f758edcb000 rw-p 00000000 00:00 0                          [stack:17464]
7f758edcb000-7f758edce000 ---p 00000000 00:00 0 
7f758edce000-7f758eecc000 rw-p 00000000 00:00 0                          [stack:17462]
7f758eecc000-7f758eecf000 ---p 00000000 00:00 0 
7f758eecf000-7f758efcd000 rw-p 00000000 00:00 0                          [stack:17460]
7f758efcd000-7f758efd1000 r-xp 00000000 08:01 5380365                    /usr/jdk1.8.0_60/jre/lib/amd64/libdt_socket.so
7f758efd1000-7f758f1d0000 ---p 00004000 08:01 5380365                    /usr/jdk1.8.0_60/jre/lib/amd64/libdt_socket.so
7f758f1d0000-7f758f1d1000 rw-p 00003000 08:01 5380365                    /usr/jdk1.8.0_60/jre/lib/amd64/libdt_socket.so
7f758f1d1000-7f758f1d4000 ---p 00000000 00:00 0 
7f758f1d4000-7f758f2d2000 rw-p 00000000 00:00 0                          [stack:17459]
7f758f2d2000-7f758f2d5000 ---p 00000000 00:00 0 
7f758f2d5000-7f758f3d3000 rw-p 00000000 00:00 0                          [stack:17458]
7f758f3d3000-7f758f3d6000 ---p 00000000 00:00 0 
7f758f3d6000-7f758f4d4000 rw-p 00000000 00:00 0                          [stack:17457]
7f758f4d4000-7f758f4d5000 ---p 00000000 00:00 0 
7f758f4d5000-7f7590000000 rw-p 00000000 00:00 0                          [stack:17456]
7f7590000000-7f7590021000 rw-p 00000000 00:00 0 
7f7590021000-7f7594000000 ---p 00000000 00:00 0 
7f7594000000-7f7594021000 rw-p 00000000 00:00 0 
7f7594021000-7f7598000000 ---p 00000000 00:00 0 
7f7598000000-7f7598021000 rw-p 00000000 00:00 0 
7f7598021000-7f759c000000 ---p 00000000 00:00 0 
7f759c000000-7f759c021000 rw-p 00000000 00:00 0 
7f759c021000-7f75a0000000 ---p 00000000 00:00 0 
7f75a0000000-7f75a0021000 rw-p 00000000 00:00 0 
7f75a0021000-7f75a4000000 ---p 00000000 00:00 0 
7f75a400a000-7f75a51c0000 rw-p 00000000 00:00 0 
7f75a51c0000-7f75a5398000 r--s 03d17000 08:01 4860192                    /usr/jdk1.8.0_60/jre/lib/rt.jar
7f75a5398000-7f75a57d8000 rw-p 00000000 00:00 0 
7f75a57d8000-7f75a5b98000 ---p 00000000 00:00 0 
7f75a5b98000-7f75a7c43000 rw-p 00000000 00:00 0 
7f75a7c43000-7f75a7c44000 ---p 00000000 00:00 0 
7f75a7c44000-7f75a7d44000 rw-p 00000000 00:00 0                          [stack:17455]
7f75a7d44000-7f75a7d45000 ---p 00000000 00:00 0 
7f75a7d45000-7f75a7e45000 rw-p 00000000 00:00 0                          [stack:17454]
7f75a7e45000-7f75a7e46000 ---p 00000000 00:00 0 
7f75a7e46000-7f75a7f46000 rw-p 00000000 00:00 0                          [stack:17453]
7f75a7f46000-7f75a7f47000 ---p 00000000 00:00 0 
7f75a7f47000-7f75a8047000 rw-p 00000000 00:00 0                          [stack:17452]
7f75a8047000-7f75a8048000 ---p 00000000 00:00 0 
7f75a8048000-7f75a8148000 rw-p 00000000 00:00 0                          [stack:17451]
7f75a8148000-7f75a8149000 ---p 00000000 00:00 0 
7f75a8149000-7f75a8249000 rw-p 00000000 00:00 0                          [stack:17450]
7f75a8249000-7f75a824a000 ---p 00000000 00:00 0 
7f75a824a000-7f75a834a000 rw-p 00000000 00:00 0                          [stack:17449]
7f75a834a000-7f75a834b000 ---p 00000000 00:00 0 
7f75a834b000-7f75a859b000 rw-p 00000000 00:00 0                          [stack:17448]
7f75a859b000-7f75a9941000 ---p 00000000 00:00 0 
7f75a9941000-7f75a9a91000 rw-p 00000000 00:00 0 
7f75a9a91000-7f75aae36000 ---p 00000000 00:00 0 
7f75aae36000-7f75aaede000 rw-p 00000000 00:00 0 
7f75aaede000-7f75ab8b1000 ---p 00000000 00:00 0 
7f75ab8b1000-7f75ab8bc000 rw-p 00000000 00:00 0 
7f75ab8bc000-7f75abc72000 ---p 00000000 00:00 0 
7f75abc72000-7f75abee2000 rwxp 00000000 00:00 0 
7f75abee2000-7f75bac72000 ---p 00000000 00:00 0 
7f75bac72000-7f75bac8c000 r-xp 00000000 08:01 5380393                    /usr/jdk1.8.0_60/jre/lib/amd64/libzip.so
7f75bac8c000-7f75bae8c000 ---p 0001a000 08:01 5380393                    /usr/jdk1.8.0_60/jre/lib/amd64/libzip.so
7f75bae8c000-7f75bae8d000 rw-p 0001a000 08:01 5380393                    /usr/jdk1.8.0_60/jre/lib/amd64/libzip.so
7f75bae8d000-7f75bae98000 r-xp 00000000 08:01 5768158                    /lib/x86_64-linux-gnu/libnss_files-2.19.so
7f75bae98000-7f75bb097000 ---p 0000b000 08:01 5768158                    /lib/x86_64-linux-gnu/libnss_files-2.19.so
7f75bb097000-7f75bb098000 r--p 0000a000 08:01 5768158                    /lib/x86_64-linux-gnu/libnss_files-2.19.so
7f75bb098000-7f75bb099000 rw-p 0000b000 08:01 5768158                    /lib/x86_64-linux-gnu/libnss_files-2.19.so
7f75bb099000-7f75bb0a4000 r-xp 00000000 08:01 5768222                    /lib/x86_64-linux-gnu/libnss_nis-2.19.so
7f75bb0a4000-7f75bb2a3000 ---p 0000b000 08:01 5768222                    /lib/x86_64-linux-gnu/libnss_nis-2.19.so
7f75bb2a3000-7f75bb2a4000 r--p 0000a000 08:01 5768222                    /lib/x86_64-linux-gnu/libnss_nis-2.19.so
7f75bb2a4000-7f75bb2a5000 rw-p 0000b000 08:01 5768222                    /lib/x86_64-linux-gnu/libnss_nis-2.19.so
7f75bb2a5000-7f75bb2bc000 r-xp 00000000 08:01 5768180                    /lib/x86_64-linux-gnu/libnsl-2.19.so
7f75bb2bc000-7f75bb4bb000 ---p 00017000 08:01 5768180                    /lib/x86_64-linux-gnu/libnsl-2.19.so
7f75bb4bb000-7f75bb4bc000 r--p 00016000 08:01 5768180                    /lib/x86_64-linux-gnu/libnsl-2.19.so
7f75bb4bc000-7f75bb4bd000 rw-p 00017000 08:01 5768180                    /lib/x86_64-linux-gnu/libnsl-2.19.so
7f75bb4bd000-7f75bb4bf000 rw-p 00000000 00:00 0 
7f75bb4bf000-7f75bb4c8000 r-xp 00000000 08:01 5768179                    /lib/x86_64-linux-gnu/libnss_compat-2.19.so
7f75bb4c8000-7f75bb6c7000 ---p 00009000 08:01 5768179                    /lib/x86_64-linux-gnu/libnss_compat-2.19.so
7f75bb6c7000-7f75bb6c8000 r--p 00008000 08:01 5768179                    /lib/x86_64-linux-gnu/libnss_compat-2.19.so
7f75bb6c8000-7f75bb6c9000 rw-p 00009000 08:01 5768179                    /lib/x86_64-linux-gnu/libnss_compat-2.19.so
7f75bb6c9000-7f75bb997000 r--p 00000000 08:01 4462609                    /usr/lib/locale/locale-archive
7f75bb997000-7f75bb999000 r-xp 00000000 08:01 5380375                    /usr/jdk1.8.0_60/jre/lib/amd64/libnpt.so
7f75bb999000-7f75bbb99000 ---p 00002000 08:01 5380375                    /usr/jdk1.8.0_60/jre/lib/amd64/libnpt.so
7f75bbb99000-7f75bbb9a000 rw-p 00002000 08:01 5380375                    /usr/jdk1.8.0_60/jre/lib/amd64/libnpt.so
7f75bbb9a000-7f75bbbd3000 r-xp 00000000 08:01 5380382                    /usr/jdk1.8.0_60/jre/lib/amd64/libjdwp.so
7f75bbbd3000-7f75bbdd2000 ---p 00039000 08:01 5380382                    /usr/jdk1.8.0_60/jre/lib/amd64/libjdwp.so
7f75bbdd2000-7f75bbdd4000 rw-p 00038000 08:01 5380382                    /usr/jdk1.8.0_60/jre/lib/amd64/libjdwp.so
7f75bbdd4000-7f75bbdfe000 r-xp 00000000 08:01 5380371                    /usr/jdk1.8.0_60/jre/lib/amd64/libjava.so
7f75bbdfe000-7f75bbffe000 ---p 0002a000 08:01 5380371                    /usr/jdk1.8.0_60/jre/lib/amd64/libjava.so
7f75bbffe000-7f75bc000000 rw-p 0002a000 08:01 5380371                    /usr/jdk1.8.0_60/jre/lib/amd64/libjava.so
7f75bc000000-7f75bc1ec000 rw-p 00000000 00:00 0 
7f75bc1ec000-7f75c0000000 ---p 00000000 00:00 0 
7f75c0000000-7f75c0002000 rw-p 00000000 00:00 0 
7f75c0002000-7f75c0008000 r--s 00045000 08:03 60032034                   /home/calcul/Documents/Julien/MavenRepo/org/jdom/jdom2/2.0.6/jdom2-2.0.6.jar
7f75c0008000-7f75c0011000 r--s 0006f000 08:03 60032035                   /home/calcul/Documents/Julien/MavenRepo/log4j/log4j/1.2.17/log4j-1.2.17.jar
7f75c0011000-7f75c00ea000 rw-p 00000000 00:00 0 
7f75c00ea000-7f75c00f7000 r-xp 00000000 08:01 5380387                    /usr/jdk1.8.0_60/jre/lib/amd64/libverify.so
7f75c00f7000-7f75c02f7000 ---p 0000d000 08:01 5380387                    /usr/jdk1.8.0_60/jre/lib/amd64/libverify.so
7f75c02f7000-7f75c02f9000 rw-p 0000d000 08:01 5380387                    /usr/jdk1.8.0_60/jre/lib/amd64/libverify.so
7f75c02f9000-7f75c0300000 r-xp 00000000 08:01 5768219                    /lib/x86_64-linux-gnu/librt-2.19.so
7f75c0300000-7f75c04ff000 ---p 00007000 08:01 5768219                    /lib/x86_64-linux-gnu/librt-2.19.so
7f75c04ff000-7f75c0500000 r--p 00006000 08:01 5768219                    /lib/x86_64-linux-gnu/librt-2.19.so
7f75c0500000-7f75c0501000 rw-p 00007000 08:01 5768219                    /lib/x86_64-linux-gnu/librt-2.19.so
7f75c0501000-7f75c0606000 r-xp 00000000 08:01 5768157                    /lib/x86_64-linux-gnu/libm-2.19.so
7f75c0606000-7f75c0805000 ---p 00105000 08:01 5768157                    /lib/x86_64-linux-gnu/libm-2.19.so
7f75c0805000-7f75c0806000 r--p 00104000 08:01 5768157                    /lib/x86_64-linux-gnu/libm-2.19.so
7f75c0806000-7f75c0807000 rw-p 00105000 08:01 5768157                    /lib/x86_64-linux-gnu/libm-2.19.so
7f75c0807000-7f75c14c5000 r-xp 00000000 08:01 5380409                    /usr/jdk1.8.0_60/jre/lib/amd64/server/libjvm.so
7f75c14c5000-7f75c16c4000 ---p 00cbe000 08:01 5380409                    /usr/jdk1.8.0_60/jre/lib/amd64/server/libjvm.so
7f75c16c4000-7f75c179c000 rw-p 00cbd000 08:01 5380409                    /usr/jdk1.8.0_60/jre/lib/amd64/server/libjvm.so
7f75c179c000-7f75c17e1000 rw-p 00000000 00:00 0 
7f75c17e1000-7f75c199c000 r-xp 00000000 08:01 5768208                    /lib/x86_64-linux-gnu/libc-2.19.so
7f75c199c000-7f75c1b9b000 ---p 001bb000 08:01 5768208                    /lib/x86_64-linux-gnu/libc-2.19.so
7f75c1b9b000-7f75c1b9f000 r--p 001ba000 08:01 5768208                    /lib/x86_64-linux-gnu/libc-2.19.so
7f75c1b9f000-7f75c1ba1000 rw-p 001be000 08:01 5768208                    /lib/x86_64-linux-gnu/libc-2.19.so
7f75c1ba1000-7f75c1ba6000 rw-p 00000000 00:00 0 
7f75c1ba6000-7f75c1ba9000 r-xp 00000000 08:01 5768161                    /lib/x86_64-linux-gnu/libdl-2.19.so
7f75c1ba9000-7f75c1da8000 ---p 00003000 08:01 5768161                    /lib/x86_64-linux-gnu/libdl-2.19.so
7f75c1da8000-7f75c1da9000 r--p 00002000 08:01 5768161                    /lib/x86_64-linux-gnu/libdl-2.19.so
7f75c1da9000-7f75c1daa000 rw-p 00003000 08:01 5768161                    /lib/x86_64-linux-gnu/libdl-2.19.so
7f75c1daa000-7f75c1dbf000 r-xp 00000000 08:01 4859449                    /usr/jdk1.8.0_60/lib/amd64/jli/libjli.so
7f75c1dbf000-7f75c1fbf000 ---p 00015000 08:01 4859449                    /usr/jdk1.8.0_60/lib/amd64/jli/libjli.so
7f75c1fbf000-7f75c1fc0000 rw-p 00015000 08:01 4859449                    /usr/jdk1.8.0_60/lib/amd64/jli/libjli.so
7f75c1fc0000-7f75c1fd9000 r-xp 00000000 08:01 5768209                    /lib/x86_64-linux-gnu/libpthread-2.19.so
7f75c1fd9000-7f75c21d8000 ---p 00019000 08:01 5768209                    /lib/x86_64-linux-gnu/libpthread-2.19.so
7f75c21d8000-7f75c21d9000 r--p 00018000 08:01 5768209                    /lib/x86_64-linux-gnu/libpthread-2.19.so
7f75c21d9000-7f75c21da000 rw-p 00019000 08:01 5768209                    /lib/x86_64-linux-gnu/libpthread-2.19.so
7f75c21da000-7f75c21de000 rw-p 00000000 00:00 0 
7f75c21de000-7f75c2201000 r-xp 00000000 08:01 5768184                    /lib/x86_64-linux-gnu/ld-2.19.so
7f75c2201000-7f75c22d3000 rw-p 00000000 00:00 0 
7f75c22d3000-7f75c22d6000 ---p 00000000 00:00 0 
7f75c22d6000-7f75c23d9000 rw-p 00000000 00:00 0                          [stack:17447]
7f75c23d9000-7f75c23dc000 r--s 00013000 08:03 60162557                   /home/calcul/Documents/Julien/MavenRepo/commons-io/commons-io/1.3.2/commons-io-1.3.2.jar
7f75c23dc000-7f75c23dd000 r--s 00006000 08:03 60032033                   /home/calcul/Documents/Julien/MavenRepo/sax/sax/2.0.1/sax-2.0.1.jar
7f75c23dd000-7f75c23e4000 r--s 00064000 08:03 60032031                   /home/calcul/Documents/Julien/MavenRepo/org/apache/commons/commons-lang3/3.4/commons-lang3-3.4.jar
7f75c23e4000-7f75c23ee000 r--s 00116000 08:01 5380440                    /usr/jdk1.8.0_60/jre/lib/ext/localedata.jar
7f75c23ee000-7f75c23f2000 r--s 00095000 08:01 4860195                    /usr/jdk1.8.0_60/jre/lib/jsse.jar
7f75c23f2000-7f75c23f4000 r--s 00028000 08:03 60425704                   /home/calcul/Documents/Julien/MavenRepo/javax/vecmath/vecmath/1.5.2/vecmath-1.5.2.jar
7f75c23f4000-7f75c23fc000 rw-s 00000000 08:01 5637369                    /tmp/hsperfdata_calcul/17443
7f75c23fc000-7f75c23fd000 rw-p 00000000 00:00 0 
7f75c23fd000-7f75c23fe000 r--p 00000000 00:00 0 
7f75c23fe000-7f75c2400000 rw-p 00000000 00:00 0 
7f75c2400000-7f75c2401000 r--p 00022000 08:01 5768184                    /lib/x86_64-linux-gnu/ld-2.19.so
7f75c2401000-7f75c2402000 rw-p 00023000 08:01 5768184                    /lib/x86_64-linux-gnu/ld-2.19.so
7f75c2402000-7f75c2403000 rw-p 00000000 00:00 0 
7fff21a9d000-7fff21abe000 rw-p 00000000 00:00 0                          [stack]
7fff21bfe000-7fff21c00000 r-xp 00000000 00:00 0                          [vdso]
ffffffffff600000-ffffffffff601000 r-xp 00000000 00:00 0                  [vsyscall]

VM Arguments:
jvm_args: -Xdebug -Xrunjdwp:transport=dt_socket,server=n,address=52388 
java_command: fr.amap.amapvox.io.tls.rxp.RxpExtraction
java_class_path (initial): /home/calcul/Documents/Julien/AMAPVox/trunk/AMAPVox/JRiegl/target/classes:/home/calcul/Documents/Julien/MavenRepo/org/apache/commons/commons-math3/3.5/commons-math3-3.5.jar:/home/calcul/Documents/Julien/MavenRepo/javax/vecmath/vecmath/1.5.2/vecmath-1.5.2.jar:/home/calcul/Documents/Julien/AMAPVox/trunk/AMAPVox/Commons/target/classes:/home/calcul/Documents/Julien/MavenRepo/org/apache/commons/commons-lang3/3.4/commons-lang3-3.4.jar:/home/calcul/Documents/Julien/MavenRepo/sax/sax/2.0.1/sax-2.0.1.jar:/home/calcul/Documents/Julien/MavenRepo/log4j/log4j/1.2.17/log4j-1.2.17.jar:/home/calcul/Documents/Julien/AMAPVox/trunk/AMAPVox/Math/target/classes:/home/calcul/Documents/Julien/MavenRepo/commons-io/commons-io/1.3.2/commons-io-1.3.2.jar:/home/calcul/Documents/Julien/MavenRepo/org/jdom/jdom2/2.0.6/jdom2-2.0.6.jar
Launcher Type: SUN_STANDARD

Environment Variables:
JAVA_HOME=/usr/jdk1.8.0_60
PATH=/usr/local/sbin:/usr/local/bin:/usr/sbin:/usr/bin:/sbin:/bin:/usr/games:/usr/local/games
USERNAME=calcul
LD_LIBRARY_PATH=/usr/jdk1.8.0_60/jre/lib/amd64:/usr/jdk1.8.0_60/jre/lib/i386:
SHELL=/bin/bash
DISPLAY=:0

Signal Handlers:
SIGSEGV: [libjvm.so+0xaba070], sa_mask[0]=11111111011111111101111111111110, sa_flags=SA_RESTART|SA_SIGINFO
SIGBUS: [libjvm.so+0xaba070], sa_mask[0]=11111111011111111101111111111110, sa_flags=SA_RESTART|SA_SIGINFO
SIGFPE: [libjvm.so+0x917630], sa_mask[0]=11111111011111111101111111111110, sa_flags=SA_RESTART|SA_SIGINFO
SIGPIPE: [libjvm.so+0x917630], sa_mask[0]=11111111011111111101111111111110, sa_flags=SA_RESTART|SA_SIGINFO
SIGXFSZ: [libjvm.so+0x917630], sa_mask[0]=11111111011111111101111111111110, sa_flags=SA_RESTART|SA_SIGINFO
SIGILL: [libjvm.so+0x917630], sa_mask[0]=11111111011111111101111111111110, sa_flags=SA_RESTART|SA_SIGINFO
SIGUSR1: SIG_DFL, sa_mask[0]=00000000000000000000000000000000, sa_flags=none
SIGUSR2: [libjvm.so+0x918c60], sa_mask[0]=00100000000000000000000000000000, sa_flags=SA_RESTART|SA_SIGINFO
SIGHUP: [libjvm.so+0x91a060], sa_mask[0]=11111111011111111101111111111110, sa_flags=SA_RESTART|SA_SIGINFO
SIGINT: SIG_IGN, sa_mask[0]=00000000000000000000000000000000, sa_flags=none
SIGTERM: [libjvm.so+0x91a060], sa_mask[0]=11111111011111111101111111111110, sa_flags=SA_RESTART|SA_SIGINFO
SIGQUIT: [libjvm.so+0x91a060], sa_mask[0]=11111111011111111101111111111110, sa_flags=SA_RESTART|SA_SIGINFO


---------------  S Y S T E M  ---------------

OS:DISTRIB_ID=LinuxMint
DISTRIB_RELEASE=17.1
DISTRIB_CODENAME=rebecca
DISTRIB_DESCRIPTION="Linux Mint 17.1 Rebecca"

uname:Linux 3.13.0-37-generic #64-Ubuntu SMP Mon Sep 22 21:28:38 UTC 2014 x86_64
libc:glibc 2.19 NPTL 2.19 
rlimit: STACK 8192k, CORE 0k, NPROC 514777, NOFILE 4096, AS infinity
load average:0,42 0,34 0,37

/proc/meminfo:
MemTotal:       65922248 kB
MemFree:        44193848 kB
Buffers:          374304 kB
Cached:         14049724 kB
SwapCached:            0 kB
Active:         14031996 kB
Inactive:        6613744 kB
Active(anon):    6222756 kB
Inactive(anon):   133224 kB
Active(file):    7809240 kB
Inactive(file):  6480520 kB
Unevictable:         180 kB
Mlocked:             180 kB
SwapTotal:      31250428 kB
SwapFree:       31250428 kB
Dirty:              2556 kB
Writeback:             0 kB
AnonPages:       6221864 kB
Mapped:           538348 kB
Shmem:            134428 kB
Slab:             444568 kB
SReclaimable:     382960 kB
SUnreclaim:        61608 kB
KernelStack:        6392 kB
PageTables:        56660 kB
NFS_Unstable:          0 kB
Bounce:                0 kB
WritebackTmp:          0 kB
CommitLimit:    64211552 kB
Committed_AS:   14598588 kB
VmallocTotal:   34359738367 kB
VmallocUsed:      428136 kB
VmallocChunk:   34325228412 kB
HardwareCorrupted:     0 kB
AnonHugePages:   4003840 kB
HugePages_Total:       0
HugePages_Free:        0
HugePages_Rsvd:        0
HugePages_Surp:        0
Hugepagesize:       2048 kB
DirectMap4k:      926324 kB
DirectMap2M:    34668544 kB
DirectMap1G:    31457280 kB


CPU:total 8 (4 cores per cpu, 1 threads per core) family 6 model 62 stepping 4, cmov, cx8, fxsr, mmx, sse, sse2, sse3, ssse3, sse4.1, sse4.2, popcnt, avx, aes, clmul, erms, tsc, tscinvbit

/proc/cpuinfo:
processor	: 0
vendor_id	: GenuineIntel
cpu family	: 6
model		: 62
model name	: Intel(R) Xeon(R) CPU E5-2609 v2 @ 2.50GHz
stepping	: 4
microcode	: 0x416
cpu MHz		: 1200.000
cache size	: 10240 KB
physical id	: 0
siblings	: 4
core id		: 0
cpu cores	: 4
apicid		: 0
initial apicid	: 0
fpu		: yes
fpu_exception	: yes
cpuid level	: 13
wp		: yes
flags		: fpu vme de pse tsc msr pae mce cx8 apic sep mtrr pge mca cmov pat pse36 clflush dts acpi mmx fxsr sse sse2 ss ht tm pbe syscall nx pdpe1gb rdtscp lm constant_tsc arch_perfmon pebs bts rep_good nopl xtopology nonstop_tsc aperfmperf eagerfpu pni pclmulqdq dtes64 monitor ds_cpl vmx smx est tm2 ssse3 cx16 xtpr pdcm pcid dca sse4_1 sse4_2 x2apic popcnt tsc_deadline_timer aes xsave avx f16c rdrand lahf_lm arat epb xsaveopt pln pts dtherm tpr_shadow vnmi flexpriority ept vpid fsgsbase smep erms
bogomips	: 4987.80
clflush size	: 64
cache_alignment	: 64
address sizes	: 46 bits physical, 48 bits virtual
power management:

processor	: 1
vendor_id	: GenuineIntel
cpu family	: 6
model		: 62
model name	: Intel(R) Xeon(R) CPU E5-2609 v2 @ 2.50GHz
stepping	: 4
microcode	: 0x416
cpu MHz		: 1300.000
cache size	: 10240 KB
physical id	: 0
siblings	: 4
core id		: 1
cpu cores	: 4
apicid		: 2
initial apicid	: 2
fpu		: yes
fpu_exception	: yes
cpuid level	: 13
wp		: yes
flags		: fpu vme de pse tsc msr pae mce cx8 apic sep mtrr pge mca cmov pat pse36 clflush dts acpi mmx fxsr sse sse2 ss ht tm pbe syscall nx pdpe1gb rdtscp lm constant_tsc arch_perfmon pebs bts rep_good nopl xtopology nonstop_tsc aperfmperf eagerfpu pni pclmulqdq dtes64 monitor ds_cpl vmx smx est tm2 ssse3 cx16 xtpr pdcm pcid dca sse4_1 sse4_2 x2apic popcnt tsc_deadline_timer aes xsave avx f16c rdrand lahf_lm arat epb xsaveopt pln pts dtherm tpr_shadow vnmi flexpriority ept vpid fsgsbase smep erms
bogomips	: 4987.80
clflush size	: 64
cache_alignment	: 64
address sizes	: 46 bits physical, 48 bits virtual
power management:

processor	: 2
vendor_id	: GenuineIntel
cpu family	: 6
model		: 62
model name	: Intel(R) Xeon(R) CPU E5-2609 v2 @ 2.50GHz
stepping	: 4
microcode	: 0x416
cpu MHz		: 1200.000
cache size	: 10240 KB
physical id	: 0
siblings	: 4
core id		: 2
cpu cores	: 4
apicid		: 4
initial apicid	: 4
fpu		: yes
fpu_exception	: yes
cpuid level	: 13
wp		: yes
flags		: fpu vme de pse tsc msr pae mce cx8 apic sep mtrr pge mca cmov pat pse36 clflush dts acpi mmx fxsr sse sse2 ss ht tm pbe syscall nx pdpe1gb rdtscp lm constant_tsc arch_perfmon pebs bts rep_good nopl xtopology nonstop_tsc aperfmperf eagerfpu pni pclmulqdq dtes64 monitor ds_cpl vmx smx est tm2 ssse3 cx16 xtpr pdcm pcid dca sse4_1 sse4_2 x2apic popcnt tsc_deadline_timer aes xsave avx f16c rdrand lahf_lm arat epb xsaveopt pln pts dtherm tpr_shadow vnmi flexpriority ept vpid fsgsbase smep erms
bogomips	: 4987.80
clflush size	: 64
cache_alignment	: 64
address sizes	: 46 bits physical, 48 bits virtual
power management:

processor	: 3
vendor_id	: GenuineIntel
cpu family	: 6
model		: 62
model name	: Intel(R) Xeon(R) CPU E5-2609 v2 @ 2.50GHz
stepping	: 4
microcode	: 0x416
cpu MHz		: 1500.000
cache size	: 10240 KB
physical id	: 0
siblings	: 4
core id		: 3
cpu cores	: 4
apicid		: 6
initial apicid	: 6
fpu		: yes
fpu_exception	: yes
cpuid level	: 13
wp		: yes
flags		: fpu vme de pse tsc msr pae mce cx8 apic sep mtrr pge mca cmov pat pse36 clflush dts acpi mmx fxsr sse sse2 ss ht tm pbe syscall nx pdpe1gb rdtscp lm constant_tsc arch_perfmon pebs bts rep_good nopl xtopology nonstop_tsc aperfmperf eagerfpu pni pclmulqdq dtes64 monitor ds_cpl vmx smx est tm2 ssse3 cx16 xtpr pdcm pcid dca sse4_1 sse4_2 x2apic popcnt tsc_deadline_timer aes xsave avx f16c rdrand lahf_lm arat epb xsaveopt pln pts dtherm tpr_shadow vnmi flexpriority ept vpid fsgsbase smep erms
bogomips	: 4987.80
clflush size	: 64
cache_alignment	: 64
address sizes	: 46 bits physical, 48 bits virtual
power management:

processor	: 4
vendor_id	: GenuineIntel
cpu family	: 6
model		: 62
model name	: Intel(R) Xeon(R) CPU E5-2609 v2 @ 2.50GHz
stepping	: 4
microcode	: 0x416
cpu MHz		: 1200.000
cache size	: 10240 KB
physical id	: 1
siblings	: 4
core id		: 0
cpu cores	: 4
apicid		: 32
initial apicid	: 32
fpu		: yes
fpu_exception	: yes
cpuid level	: 13
wp		: yes
flags		: fpu vme de pse tsc msr pae mce cx8 apic sep mtrr pge mca cmov pat pse36 clflush dts acpi mmx fxsr sse sse2 ss ht tm pbe syscall nx pdpe1gb rdtscp lm constant_tsc arch_perfmon pebs bts rep_good nopl xtopology nonstop_tsc aperfmperf eagerfpu pni pclmulqdq dtes64 monitor ds_cpl vmx smx est tm2 ssse3 cx16 xtpr pdcm pcid dca sse4_1 sse4_2 x2apic popcnt tsc_deadline_timer aes xsave avx f16c rdrand lahf_lm arat epb xsaveopt pln pts dtherm tpr_shadow vnmi flexpriority ept vpid fsgsbase smep erms
bogomips	: 4989.42
clflush size	: 64
cache_alignment	: 64
address sizes	: 46 bits physical, 48 bits virtual
power management:

processor	: 5
vendor_id	: GenuineIntel
cpu family	: 6
model		: 62
model name	: Intel(R) Xeon(R) CPU E5-2609 v2 @ 2.50GHz
stepping	: 4
microcode	: 0x416
cpu MHz		: 1200.000
cache size	: 10240 KB
physical id	: 1
siblings	: 4
core id		: 1
cpu cores	: 4
apicid		: 34
initial apicid	: 34
fpu		: yes
fpu_exception	: yes
cpuid level	: 13
wp		: yes
flags		: fpu vme de pse tsc msr pae mce cx8 apic sep mtrr pge mca cmov pat pse36 clflush dts acpi mmx fxsr sse sse2 ss ht tm pbe syscall nx pdpe1gb rdtscp lm constant_tsc arch_perfmon pebs bts rep_good nopl xtopology nonstop_tsc aperfmperf eagerfpu pni pclmulqdq dtes64 monitor ds_cpl vmx smx est tm2 ssse3 cx16 xtpr pdcm pcid dca sse4_1 sse4_2 x2apic popcnt tsc_deadline_timer aes xsave avx f16c rdrand lahf_lm arat epb xsaveopt pln pts dtherm tpr_shadow vnmi flexpriority ept vpid fsgsbase smep erms
bogomips	: 4989.42
clflush size	: 64
cache_alignment	: 64
address sizes	: 46 bits physical, 48 bits virtual
power management:

processor	: 6
vendor_id	: GenuineIntel
cpu family	: 6
model		: 62
model name	: Intel(R) Xeon(R) CPU E5-2609 v2 @ 2.50GHz
stepping	: 4
microcode	: 0x416
cpu MHz		: 1200.000
cache size	: 10240 KB
physical id	: 1
siblings	: 4
core id		: 2
cpu cores	: 4
apicid		: 36
initial apicid	: 36
fpu		: yes
fpu_exception	: yes
cpuid level	: 13
wp		: yes
flags		: fpu vme de pse tsc msr pae mce cx8 apic sep mtrr pge mca cmov pat pse36 clflush dts acpi mmx fxsr sse sse2 ss ht tm pbe syscall nx pdpe1gb rdtscp lm constant_tsc arch_perfmon pebs bts rep_good nopl xtopology nonstop_tsc aperfmperf eagerfpu pni pclmulqdq dtes64 monitor ds_cpl vmx smx est tm2 ssse3 cx16 xtpr pdcm pcid dca sse4_1 sse4_2 x2apic popcnt tsc_deadline_timer aes xsave avx f16c rdrand lahf_lm arat epb xsaveopt pln pts dtherm tpr_shadow vnmi flexpriority ept vpid fsgsbase smep erms
bogomips	: 4989.42
clflush size	: 64
cache_alignment	: 64
address sizes	: 46 bits physical, 48 bits virtual
power management:

processor	: 7
vendor_id	: GenuineIntel
cpu family	: 6
model		: 62
model name	: Intel(R) Xeon(R) CPU E5-2609 v2 @ 2.50GHz
stepping	: 4
microcode	: 0x416
cpu MHz		: 2500.000
cache size	: 10240 KB
physical id	: 1
siblings	: 4
core id		: 3
cpu cores	: 4
apicid		: 38
initial apicid	: 38
fpu		: yes
fpu_exception	: yes
cpuid level	: 13
wp		: yes
flags		: fpu vme de pse tsc msr pae mce cx8 apic sep mtrr pge mca cmov pat pse36 clflush dts acpi mmx fxsr sse sse2 ss ht tm pbe syscall nx pdpe1gb rdtscp lm constant_tsc arch_perfmon pebs bts rep_good nopl xtopology nonstop_tsc aperfmperf eagerfpu pni pclmulqdq dtes64 monitor ds_cpl vmx smx est tm2 ssse3 cx16 xtpr pdcm pcid dca sse4_1 sse4_2 x2apic popcnt tsc_deadline_timer aes xsave avx f16c rdrand lahf_lm arat epb xsaveopt pln pts dtherm tpr_shadow vnmi flexpriority ept vpid fsgsbase smep erms
bogomips	: 4989.42
clflush size	: 64
cache_alignment	: 64
address sizes	: 46 bits physical, 48 bits virtual
power management:



Memory: 4k page, physical 65922248k(44193848k free), swap 31250428k(31250428k free)

vm_info: Java HotSpot(TM) 64-Bit Server VM (25.60-b23) for linux-amd64 JRE (1.8.0_60-b27), built on Aug  4 2015 12:19:40 by "java_re" with gcc 4.3.0 20080428 (Red Hat 4.3.0-8)

time: Tue Dec  1 15:48:47 2015
elapsed time: 0 seconds (0d 0h 0m 0s)

