#
# A fatal error has been detected by the Java Runtime Environment:
#
#  EXCEPTION_UNCAUGHT_CXX_EXCEPTION (0xe06d7363) at pc=0x000007fefda7940d, pid=6596, tid=6564
#
# JRE version: Java(TM) SE Runtime Environment (7.0_67-b01) (build 1.7.0_67-b01)
# Java VM: Java HotSpot(TM) 64-Bit Server VM (24.65-b04 mixed mode windows-amd64 compressed oops)
# Problematic frame:
# C  [KERNELBASE.dll+0x940d]
#
# Failed to write core dump. Minidumps are not enabled by default on client versions of Windows
#
# If you would like to submit a bug report, please visit:
#   http://bugreport.sun.com/bugreport/crash.jsp
# The crash happened outside the Java Virtual Machine in native code.
# See problematic frame for where to report the bug.
#

---------------  T H R E A D  ---------------

Current thread (0x0000000036519800):  JavaThread "Thread-8" [_thread_in_native, id=6564, stack(0x00000000405f0000,0x00000000406f0000)]

siginfo: ExceptionCode=0xe06d7363, ExceptionInformation=0x0000000019930520 0x00000000406ee440 0x000007fee8fab8e8 0x000007fee8d70000 

Registers:
RAX=0x0000000035f247bc, RBX=0x00000000406edc90, RCX=0x00000000406eb950, RDX=0x0000000000002340
RSP=0x00000000406ebf60, RBP=0x00000000406ec600, RSI=0x00000000406ee2c0, RDI=0x00000000406ecd60
R8 =0x0000000000000000, R9 =0x0000000000000000, R10=0x000007fee8d70000, R11=0x00000000406ebfa0
R12=0x00000000406ec0a8, R13=0x0000000000000000, R14=0x00000000406ed388, R15=0x0000000000000000
RIP=0x000007fefda7940d, EFLAGS=0x0000000000000202

Top of Stack: (sp=0x00000000406ebf60)
0x00000000406ebf60:   00000000406edc90 00000000406ee2c0
0x00000000406ebf70:   00000000406ecd60 0000000000000004
0x00000000406ebf80:   00000001e06d7363 0000000000000000
0x00000000406ebf90:   000007fefda7940d 0000000000000004
0x00000000406ebfa0:   0000000019930520 00000000406ee440
0x00000000406ebfb0:   000007fee8fab8e8 000007fee8d70000
0x00000000406ebfc0:   00000000406ecd60 000007fee8ea92a4
0x00000000406ebfd0:   00000000406ec0a8 0000000000000000
0x00000000406ebfe0:   0000000000000000 00000000406ec600
0x00000000406ebff0:   00000000406ecd60 000007fee8ea9217
0x00000000406ec000:   00000000406edc90 00000000406ee3e0
0x00000000406ec010:   00000000406ee3e0 0000000000000000
0x00000000406ec020:   00000000406edc90 000007fee8ea2c65
0x00000000406ec030:   000007fee8f2f10c 00000000406ed388
0x00000000406ec040:   0000000000000100 0000000000000000
0x00000000406ec050:   0000000000000001 00000000406ebe90 

Instructions: (pc=0x000007fefda7940d)
0x000007fefda793ed:   54 24 24 48 89 4c 24 28 4d 85 c9 0f 85 aa 18 00
0x000007fefda793fd:   00 89 4c 24 38 48 8d 4c 24 20 ff 15 93 1e 04 00
0x000007fefda7940d:   48 81 c4 c8 00 00 00 c3 90 90 90 90 90 90 90 90
0x000007fefda7941d:   90 90 90 48 8b c4 48 83 ec 78 41 f7 c0 fe ff ff 


Register to memory mapping:

RAX=0x0000000035f247bc is an unknown value
RBX=0x00000000406edc90 is pointing into the stack for thread: 0x0000000036519800
RCX=0x00000000406eb950 is pointing into the stack for thread: 0x0000000036519800
RDX=0x0000000000002340 is an unknown value
RSP=0x00000000406ebf60 is pointing into the stack for thread: 0x0000000036519800
RBP=0x00000000406ec600 is pointing into the stack for thread: 0x0000000036519800
RSI=0x00000000406ee2c0 is pointing into the stack for thread: 0x0000000036519800
RDI=0x00000000406ecd60 is pointing into the stack for thread: 0x0000000036519800
R8 =0x0000000000000000 is an unknown value
R9 =0x0000000000000000 is an unknown value
R10=0x000007fee8d70000 is an unknown value
R11=0x00000000406ebfa0 is pointing into the stack for thread: 0x0000000036519800
R12=0x00000000406ec0a8 is pointing into the stack for thread: 0x0000000036519800
R13=0x0000000000000000 is an unknown value
R14=0x00000000406ed388 is pointing into the stack for thread: 0x0000000036519800
R15=0x0000000000000000 is an unknown value


Stack: [0x00000000405f0000,0x00000000406f0000],  sp=0x00000000406ebf60,  free space=1007k
Native frames: (J=compiled Java code, j=interpreted, Vv=VM code, C=native code)
C  [KERNELBASE.dll+0x940d]
C  0x00000000406ec6a8

Java frames: (J=compiled Java code, j=interpreted, Vv=VM code)
j  fr.ird.voxelidar.voxelisation.extraction.RxpExtraction.simpleExtraction(Ljava/lang/String;Lfr/ird/voxelidar/voxelisation/extraction/Shots;)Z+0
j  fr.ird.voxelidar.voxelisation.extraction.RxpExtraction.run()V+12
j  java.lang.Thread.run()V+11
v  ~StubRoutines::call_stub

---------------  P R O C E S S  ---------------

Java Threads: ( => current thread )
  0x0000000038dbd000 JavaThread "Thread-15" [_thread_blocked, id=6116, stack(0x00000000422e0000,0x00000000423e0000)]
  0x0000000038dbc000 JavaThread "Thread-16" [_thread_blocked, id=6696, stack(0x0000000042080000,0x0000000042180000)]
  0x0000000038f5a800 JavaThread "Thread-11" [_thread_blocked, id=7032, stack(0x00000000406f0000,0x00000000407f0000)]
  0x0000000038f59800 JavaThread "Thread-17" [_thread_blocked, id=6956, stack(0x00000000419c0000,0x0000000041ac0000)]
  0x0000000038f58800 JavaThread "Thread-12" [_thread_blocked, id=6776, stack(0x0000000041eb0000,0x0000000041fb0000)]
  0x0000000038f58000 JavaThread "Thread-13" [_thread_blocked, id=6236, stack(0x0000000041c80000,0x0000000041d80000)]
  0x0000000038f57000 JavaThread "Thread-14" [_thread_blocked, id=5760, stack(0x0000000041ad0000,0x0000000041bd0000)]
  0x0000000038f56800 JavaThread "Thread-18" [_thread_blocked, id=2576, stack(0x0000000041790000,0x0000000041890000)]
  0x0000000038f55800 JavaThread "Thread-10" [_thread_in_native, id=6232, stack(0x0000000041890000,0x0000000041990000)]
  0x0000000038f55000 JavaThread "Thread-6" [_thread_in_native, id=3948, stack(0x00000000415e0000,0x00000000416e0000)]
  0x0000000038f54000 JavaThread "Thread-4" [_thread_in_native, id=4156, stack(0x00000000414c0000,0x00000000415c0000)]
  0x0000000038f53800 JavaThread "Thread-5" [_thread_in_native, id=2348, stack(0x0000000040900000,0x0000000040a00000)]
=>0x0000000036519800 JavaThread "Thread-8" [_thread_in_native, id=6564, stack(0x00000000405f0000,0x00000000406f0000)]
  0x0000000036519000 JavaThread "Thread-7" [_thread_in_native, id=3652, stack(0x000000003ebb0000,0x000000003ecb0000)]
  0x0000000036518000 JavaThread "Thread-9" [_thread_in_native, id=6208, stack(0x000000003d370000,0x000000003d470000)]
  0x0000000036517800 JavaThread "Thread-3" [_thread_in_native, id=3512, stack(0x000000003d140000,0x000000003d240000)]
  0x0000000036516800 JavaThread "pool-3-thread-8" [_thread_blocked, id=1396, stack(0x000000003dd10000,0x000000003de10000)]
  0x0000000036516000 JavaThread "pool-3-thread-7" [_thread_blocked, id=6652, stack(0x000000003dbe0000,0x000000003dce0000)]
  0x0000000036515000 JavaThread "pool-3-thread-6" [_thread_blocked, id=5704, stack(0x000000003d490000,0x000000003d590000)]
  0x0000000036514800 JavaThread "pool-3-thread-5" [_thread_blocked, id=6356, stack(0x000000003d260000,0x000000003d360000)]
  0x0000000036513800 JavaThread "pool-3-thread-4" [_thread_blocked, id=5616, stack(0x000000003cc80000,0x000000003cd80000)]
  0x0000000036513000 JavaThread "pool-3-thread-3" [_thread_blocked, id=3772, stack(0x000000003cff0000,0x000000003d0f0000)]
  0x000000003659b000 JavaThread "pool-3-thread-2" [_thread_blocked, id=6772, stack(0x000000003cd90000,0x000000003ce90000)]
  0x0000000036596000 JavaThread "pool-3-thread-1" [_thread_blocked, id=6224, stack(0x000000003b250000,0x000000003b350000)]
  0x000000003889e000 JavaThread "SwingWorker-pool-2-thread-1" daemon [_thread_blocked, id=7028, stack(0x000000003cee0000,0x000000003cfe0000)]
  0x0000000038bb5000 JavaThread "TimerQueue" daemon [_thread_blocked, id=6600, stack(0x0000000040a10000,0x0000000040b10000)]
  0x000000003eea2000 JavaThread "D3D Screen Updater" daemon [_thread_in_native, id=5088, stack(0x0000000040420000,0x0000000040520000)]
  0x00000000022ca800 JavaThread "DestroyJavaVM" [_thread_blocked, id=6384, stack(0x00000000026d0000,0x00000000027d0000)]
  0x000000003885a000 JavaThread "org.netbeans.modules.debugger.jpda.visual AWT Access Loop" daemon [_thread_blocked, id=6272, stack(0x000000003dab0000,0x000000003dbb0000)]
  0x0000000038859800 JavaThread "Swing-Shell" daemon [_thread_blocked, id=6840, stack(0x000000003d8d0000,0x000000003d9d0000)]
  0x00000000388ec800 JavaThread "AWT-EventQueue-0" [_thread_blocked, id=2140, stack(0x000000003d640000,0x000000003d740000)]
  0x0000000036705000 JavaThread "AWT-Windows" daemon [_thread_blocked, id=6392, stack(0x0000000039220000,0x0000000039320000)]
  0x0000000036704800 JavaThread "AWT-Shutdown" [_thread_blocked, id=1448, stack(0x0000000039360000,0x0000000039460000)]
  0x0000000036703800 JavaThread "Java2D Disposer" daemon [_thread_blocked, id=1864, stack(0x0000000039110000,0x0000000039210000)]
  0x000000003644d800 JavaThread "Service Thread" daemon [_thread_blocked, id=5012, stack(0x0000000038570000,0x0000000038670000)]
  0x0000000036445000 JavaThread "C2 CompilerThread1" daemon [_thread_blocked, id=5708, stack(0x0000000038460000,0x0000000038560000)]
  0x0000000036438800 JavaThread "C2 CompilerThread0" daemon [_thread_blocked, id=5360, stack(0x0000000037e80000,0x0000000037f80000)]
  0x0000000036426800 JavaThread "JDWP Command Reader" daemon [_thread_blocked, id=3704, stack(0x0000000038350000,0x0000000038450000)]
  0x0000000036421800 JavaThread "JDWP Event Helper Thread" daemon [_thread_blocked, id=6708, stack(0x0000000038170000,0x0000000038270000)]
  0x000000003641b000 JavaThread "JDWP Transport Listener: dt_socket" daemon [_thread_blocked, id=6808, stack(0x0000000037f80000,0x0000000038080000)]
  0x0000000035269000 JavaThread "Attach Listener" daemon [_thread_blocked, id=6944, stack(0x00000000378f0000,0x00000000379f0000)]
  0x0000000035268000 JavaThread "Signal Dispatcher" daemon [_thread_blocked, id=6192, stack(0x0000000037720000,0x0000000037820000)]
  0x000000000235f000 JavaThread "Finalizer" daemon [_thread_blocked, id=6932, stack(0x00000000375d0000,0x00000000376d0000)]
  0x0000000035251800 JavaThread "Reference Handler" daemon [_thread_blocked, id=7132, stack(0x0000000037320000,0x0000000037420000)]

Other Threads:
  0x00000000363d3800 VMThread [stack: 0x0000000037490000,0x0000000037590000] [id=5556]
  0x0000000036458800 WatcherThread [stack: 0x0000000038740000,0x0000000038840000] [id=6468]

VM state:not at safepoint (normal execution)

VM Mutex/Monitor currently owned by a thread: None

Heap
 PSYoungGen      total 116224K, used 56567K [0x0000000655500000, 0x0000000663f80000, 0x0000000800000000)
  eden space 60416K, 1% used [0x0000000655500000,0x00000006555c2c28,0x0000000659000000)
  from space 55808K, 99% used [0x0000000659000000,0x000000065c67b030,0x000000065c680000)
  to   space 71680K, 0% used [0x000000065f980000,0x000000065f980000,0x0000000663f80000)
 ParOldGen       total 261632K, used 95525K [0x0000000300000000, 0x000000030ff80000, 0x0000000655500000)
  object space 261632K, 36% used [0x0000000300000000,0x0000000305d49748,0x000000030ff80000)
 PSPermGen       total 21504K, used 19701K [0x00000002fae00000, 0x00000002fc300000, 0x0000000300000000)
  object space 21504K, 91% used [0x00000002fae00000,0x00000002fc13d438,0x00000002fc300000)

Card table byte_map: [0x00000000057d0000,0x0000000008000000] byte_map_base: 0x0000000003ff9000

Polling page: 0x0000000000130000

Code Cache  [0x00000000027d0000, 0x0000000002a90000, 0x00000000057d0000)
 total_blobs=1322 nmethods=809 adapters=473 free_code_cache=46433Kb largest_free_block=47498176

Compilation events (10 events):
Event: 261.366 Thread 0x0000000036438800  824             java.lang.AbstractStringBuilder::append (48 bytes)
Event: 261.369 Thread 0x0000000036438800 nmethod 824 0x0000000002a7cf90 code [0x0000000002a7d0e0, 0x0000000002a7d408]
Event: 261.373 Thread 0x0000000036445000  825             sun.misc.MetaIndex::mayContain (51 bytes)
Event: 261.382 Thread 0x0000000036445000 nmethod 825 0x0000000002a7e6d0 code [0x0000000002a7e820, 0x0000000002a7ed38]
Event: 261.382 Thread 0x0000000036445000  826             fr.ird.voxelidar.voxelisation.raytracing.voxel.VoxelAnalysis::access$000 (5 bytes)
Event: 261.382 Thread 0x0000000036445000 nmethod 826 0x0000000002a7f410 code [0x0000000002a7f540, 0x0000000002a7f5b8]
Event: 261.385 Thread 0x0000000036445000  827             javax.vecmath.Point3d::<init> (9 bytes)
Event: 261.385 Thread 0x0000000036438800  828             fr.ird.voxelidar.voxelisation.raytracing.voxel.VoxelAnalysis::access$100 (5 bytes)
Event: 261.385 Thread 0x0000000036445000 nmethod 827 0x0000000002a7f190 code [0x0000000002a7f2c0, 0x0000000002a7f338]
Event: 261.385 Thread 0x0000000036438800 nmethod 828 0x0000000002a7b290 code [0x0000000002a7b3c0, 0x0000000002a7b438]

GC Heap History (10 events):
Event: 19.445 GC heap before
{Heap before GC invocations=3 (full 0):
 PSYoungGen      total 114688K, used 103064K [0x0000000655500000, 0x000000065d500000, 0x0000000800000000)
  eden space 98304K, 100% used [0x0000000655500000,0x000000065b500000,0x000000065b500000)
  from space 16384K, 29% used [0x000000065c500000,0x000000065c9a6010,0x000000065d500000)
  to   space 16384K, 0% used [0x000000065b500000,0x000000065b500000,0x000000065c500000)
 ParOldGen       total 261632K, used 16K [0x0000000300000000, 0x000000030ff80000, 0x0000000655500000)
  object space 261632K, 0% used [0x0000000300000000,0x0000000300004000,0x000000030ff80000)
 PSPermGen       total 21504K, used 15315K [0x00000002fae00000, 0x00000002fc300000, 0x0000000300000000)
  object space 21504K, 71% used [0x00000002fae00000,0x00000002fbcf4e38,0x00000002fc300000)
Event: 19.455 GC heap after
Heap after GC invocations=3 (full 0):
 PSYoungGen      total 114688K, used 4616K [0x0000000655500000, 0x000000065d500000, 0x0000000800000000)
  eden space 98304K, 0% used [0x0000000655500000,0x0000000655500000,0x000000065b500000)
  from space 16384K, 28% used [0x000000065b500000,0x000000065b982020,0x000000065c500000)
  to   space 16384K, 0% used [0x000000065c500000,0x000000065c500000,0x000000065d500000)
 ParOldGen       total 261632K, used 24K [0x0000000300000000, 0x000000030ff80000, 0x0000000655500000)
  object space 261632K, 0% used [0x0000000300000000,0x0000000300006000,0x000000030ff80000)
 PSPermGen       total 21504K, used 15315K [0x00000002fae00000, 0x00000002fc300000, 0x0000000300000000)
  object space 21504K, 71% used [0x00000002fae00000,0x00000002fbcf4e38,0x00000002fc300000)
}
Event: 49.259 GC heap before
{Heap before GC invocations=4 (full 0):
 PSYoungGen      total 114688K, used 102920K [0x0000000655500000, 0x000000065d500000, 0x0000000800000000)
  eden space 98304K, 100% used [0x0000000655500000,0x000000065b500000,0x000000065b500000)
  from space 16384K, 28% used [0x000000065b500000,0x000000065b982020,0x000000065c500000)
  to   space 16384K, 0% used [0x000000065c500000,0x000000065c500000,0x000000065d500000)
 ParOldGen       total 261632K, used 24K [0x0000000300000000, 0x000000030ff80000, 0x0000000655500000)
  object space 261632K, 0% used [0x0000000300000000,0x0000000300006000,0x000000030ff80000)
 PSPermGen       total 21504K, used 16931K [0x00000002fae00000, 0x00000002fc300000, 0x0000000300000000)
  object space 21504K, 78% used [0x00000002fae00000,0x00000002fbe88dc8,0x00000002fc300000)
Event: 49.267 GC heap after
Heap after GC invocations=4 (full 0):
 PSYoungGen      total 114688K, used 4728K [0x0000000655500000, 0x000000065d500000, 0x0000000800000000)
  eden space 98304K, 0% used [0x0000000655500000,0x0000000655500000,0x000000065b500000)
  from space 16384K, 28% used [0x000000065c500000,0x000000065c99e040,0x000000065d500000)
  to   space 16384K, 0% used [0x000000065b500000,0x000000065b500000,0x000000065c500000)
 ParOldGen       total 261632K, used 32K [0x0000000300000000, 0x000000030ff80000, 0x0000000655500000)
  object space 261632K, 0% used [0x0000000300000000,0x0000000300008000,0x000000030ff80000)
 PSPermGen       total 21504K, used 16931K [0x00000002fae00000, 0x00000002fc300000, 0x0000000300000000)
  object space 21504K, 78% used [0x00000002fae00000,0x00000002fbe88dc8,0x00000002fc300000)
}
Event: 97.533 GC heap before
{Heap before GC invocations=5 (full 0):
 PSYoungGen      total 114688K, used 103032K [0x0000000655500000, 0x000000065d500000, 0x0000000800000000)
  eden space 98304K, 100% used [0x0000000655500000,0x000000065b500000,0x000000065b500000)
  from space 16384K, 28% used [0x000000065c500000,0x000000065c99e040,0x000000065d500000)
  to   space 16384K, 0% used [0x000000065b500000,0x000000065b500000,0x000000065c500000)
 ParOldGen       total 261632K, used 32K [0x0000000300000000, 0x000000030ff80000, 0x0000000655500000)
  object space 261632K, 0% used [0x0000000300000000,0x0000000300008000,0x000000030ff80000)
 PSPermGen       total 21504K, used 17077K [0x00000002fae00000, 0x00000002fc300000, 0x0000000300000000)
  object space 21504K, 79% used [0x00000002fae00000,0x00000002fbead6f0,0x00000002fc300000)
Event: 97.542 GC heap after
Heap after GC invocations=5 (full 0):
 PSYoungGen      total 101376K, used 5048K [0x0000000655500000, 0x000000065c580000, 0x0000000800000000)
  eden space 96256K, 0% used [0x0000000655500000,0x0000000655500000,0x000000065b300000)
  from space 5120K, 98% used [0x000000065b500000,0x000000065b9ee040,0x000000065ba00000)
  to   space 5632K, 0% used [0x000000065c000000,0x000000065c000000,0x000000065c580000)
 ParOldGen       total 261632K, used 40K [0x0000000300000000, 0x000000030ff80000, 0x0000000655500000)
  object space 261632K, 0% used [0x0000000300000000,0x000000030000a000,0x000000030ff80000)
 PSPermGen       total 21504K, used 17077K [0x00000002fae00000, 0x00000002fc300000, 0x0000000300000000)
  object space 21504K, 79% used [0x00000002fae00000,0x00000002fbead6f0,0x00000002fc300000)
}
Event: 116.012 GC heap before
{Heap before GC invocations=6 (full 0):
 PSYoungGen      total 101376K, used 101304K [0x0000000655500000, 0x000000065c580000, 0x0000000800000000)
  eden space 96256K, 100% used [0x0000000655500000,0x000000065b300000,0x000000065b300000)
  from space 5120K, 98% used [0x000000065b500000,0x000000065b9ee040,0x000000065ba00000)
  to   space 5632K, 0% used [0x000000065c000000,0x000000065c000000,0x000000065c580000)
 ParOldGen       total 261632K, used 40K [0x0000000300000000, 0x000000030ff80000, 0x0000000655500000)
  object space 261632K, 0% used [0x0000000300000000,0x000000030000a000,0x000000030ff80000)
 PSPermGen       total 21504K, used 18151K [0x00000002fae00000, 0x00000002fc300000, 0x0000000300000000)
  object space 21504K, 84% used [0x00000002fae00000,0x00000002fbfb9f30,0x00000002fc300000)
Event: 116.047 GC heap after
Heap after GC invocations=6 (full 0):
 PSYoungGen      total 94720K, used 5616K [0x0000000655500000, 0x000000065d900000, 0x0000000800000000)
  eden space 89088K, 0% used [0x0000000655500000,0x0000000655500000,0x000000065ac00000)
  from space 5632K, 99% used [0x000000065c000000,0x000000065c57c020,0x000000065c580000)
  to   space 20480K, 0% used [0x000000065ac00000,0x000000065ac00000,0x000000065c000000)
 ParOldGen       total 261632K, used 25094K [0x0000000300000000, 0x000000030ff80000, 0x0000000655500000)
  object space 261632K, 9% used [0x0000000300000000,0x0000000301881850,0x000000030ff80000)
 PSPermGen       total 21504K, used 18151K [0x00000002fae00000, 0x00000002fc300000, 0x0000000300000000)
  object space 21504K, 84% used [0x00000002fae00000,0x00000002fbfb9f30,0x00000002fc300000)
}
Event: 261.025 GC heap before
{Heap before GC invocations=7 (full 0):
 PSYoungGen      total 94720K, used 94704K [0x0000000655500000, 0x000000065d900000, 0x0000000800000000)
  eden space 89088K, 100% used [0x0000000655500000,0x000000065ac00000,0x000000065ac00000)
  from space 5632K, 99% used [0x000000065c000000,0x000000065c57c020,0x000000065c580000)
  to   space 20480K, 0% used [0x000000065ac00000,0x000000065ac00000,0x000000065c000000)
 ParOldGen       total 261632K, used 25094K [0x0000000300000000, 0x000000030ff80000, 0x0000000655500000)
  object space 261632K, 9% used [0x0000000300000000,0x0000000301881850,0x000000030ff80000)
 PSPermGen       total 21504K, used 19246K [0x00000002fae00000, 0x00000002fc300000, 0x0000000300000000)
  object space 21504K, 89% used [0x00000002fae00000,0x00000002fc0cb968,0x00000002fc300000)
Event: 261.051 GC heap after
Heap after GC invocations=7 (full 0):
 PSYoungGen      total 107520K, used 20476K [0x0000000655500000, 0x000000065e300000, 0x0000000800000000)
  eden space 87040K, 0% used [0x0000000655500000,0x0000000655500000,0x000000065aa00000)
  from space 20480K, 99% used [0x000000065ac00000,0x000000065bfff040,0x000000065c000000)
  to   space 29184K, 0% used [0x000000065c680000,0x000000065c680000,0x000000065e300000)
 ParOldGen       total 261632K, used 34272K [0x0000000300000000, 0x000000030ff80000, 0x0000000655500000)
  object space 261632K, 13% used [0x0000000300000000,0x00000003021783f0,0x000000030ff80000)
 PSPermGen       total 21504K, used 19246K [0x00000002fae00000, 0x00000002fc300000, 0x0000000300000000)
  object space 21504K, 89% used [0x00000002fae00000,0x00000002fc0cb968,0x00000002fc300000)
}

Deoptimization events (10 events):
Event: 260.636 Thread 0x000000003889e000 Uncommon trap: reason=unreached action=reinterpret pc=0x000000000298e614 method=org.jdom2.DefaultJDOMFactory.addContent(Lorg/jdom2/Parent;Lorg/jdom2/Content;)V @ 4
Event: 260.636 Thread 0x000000003889e000 Uncommon trap: reason=bimorphic action=maybe_recompile pc=0x000000000299684c method=org.jdom2.ContentList.checkPreConditions(Lorg/jdom2/Content;IZ)V @ 21
Event: 260.636 Thread 0x000000003889e000 Uncommon trap: reason=class_check action=maybe_recompile pc=0x000000000288d6e8 method=com.sun.org.apache.xerces.internal.impl.XMLDocumentScannerImpl.next()I @ 4
Event: 260.636 Thread 0x000000003889e000 Uncommon trap: reason=class_check action=maybe_recompile pc=0x0000000002996afc method=org.jdom2.ContentList.checkPreConditions(Lorg/jdom2/Content;IZ)V @ 116
Event: 261.086 Thread 0x000000003889e000 Uncommon trap: reason=unreached action=reinterpret pc=0x00000000029ddaa0 method=org.jdom2.input.sax.SAXHandler.endElement(Ljava/lang/String;Ljava/lang/String;Ljava/lang/String;)V @ 33
Event: 261.086 Thread 0x000000003889e000 Uncommon trap: reason=class_check action=maybe_recompile pc=0x00000000029993c4 method=com.sun.org.apache.xerces.internal.impl.XMLDocumentScannerImpl.next()I @ 4
Event: 261.135 Thread 0x000000003659b000 Uncommon trap: reason=class_check action=maybe_recompile pc=0x00000000029558cc method=java.util.HashSet.add(Ljava/lang/Object;)Z @ 8
Event: 261.135 Thread 0x000000003659b000 Uncommon trap: reason=class_check action=maybe_recompile pc=0x00000000029558cc method=java.util.HashSet.add(Ljava/lang/Object;)Z @ 8
Event: 261.135 Thread 0x000000003659b000 Uncommon trap: reason=class_check action=maybe_recompile pc=0x00000000029558cc method=java.util.HashSet.add(Ljava/lang/Object;)Z @ 8
Event: 261.135 Thread 0x000000003659b000 Uncommon trap: reason=class_check action=maybe_recompile pc=0x00000000029558cc method=java.util.HashSet.add(Ljava/lang/Object;)Z @ 8

Internal exceptions (10 events):
Event: 261.123 Thread 0x000000003659b000 Threw 0x0000000655b92170 at C:\re\jdk7u67\1368\hotspot\src\share\vm\prims\jvm.cpp:1244
Event: 261.123 Thread 0x000000003659b000 Threw 0x0000000655b94098 at C:\re\jdk7u67\1368\hotspot\src\share\vm\prims\jvm.cpp:1244
Event: 261.364 Thread 0x000000003659b000 Threw 0x0000000655de42d8 at C:\re\jdk7u67\1368\hotspot\src\share\vm\prims\jvm.cpp:1244
Event: 261.365 Thread 0x0000000036515000 Threw 0x0000000655c87630 at C:\re\jdk7u67\1368\hotspot\src\share\vm\prims\jvm.cpp:1244
Event: 261.367 Thread 0x0000000036515000 Threw 0x0000000655c8a068 at C:\re\jdk7u67\1368\hotspot\src\share\vm\prims\jvm.cpp:1244
Event: 261.368 Thread 0x0000000036517800 Threw 0x0000000655dfbe40 at C:\re\jdk7u67\1368\hotspot\src\share\vm\prims\jvm.cpp:1244
Event: 261.370 Thread 0x0000000038f56800 Threw 0x0000000655ef4950 at C:\re\jdk7u67\1368\hotspot\src\share\vm\prims\jvm.cpp:1244
Event: 261.371 Thread 0x0000000038f59800 Threw 0x0000000655fed6b0 at C:\re\jdk7u67\1368\hotspot\src\share\vm\prims\jvm.cpp:1244
Event: 261.372 Thread 0x0000000038f59800 Threw 0x0000000655ff01b8 at C:\re\jdk7u67\1368\hotspot\src\share\vm\prims\jvm.cpp:1244
Event: 261.373 Thread 0x0000000038f57000 Threw 0x0000000655f33568 at C:\re\jdk7u67\1368\hotspot\src\share\vm\prims\jvm.cpp:1244

Events (10 events):
Event: 261.371 Executing VM operation: RevokeBias
Event: 261.371 Executing VM operation: RevokeBias done
Event: 261.371 loading class 0x0000000038fdf240
Event: 261.371 loading class 0x0000000038fdf240 done
Event: 261.372 loading class 0x000000003656cbd0
Event: 261.372 loading class 0x000000003656cbd0 done
Event: 261.373 Executing VM operation: RevokeBias
Event: 261.373 Executing VM operation: RevokeBias done
Event: 261.373 loading class 0x0000000038e5f720
Event: 261.373 loading class 0x0000000038e5f720 done


Dynamic libraries:
0x000000013f550000 - 0x000000013f583000 	C:\Program Files\Java\jdk1.7.0_67\bin\java.exe
0x0000000077a00000 - 0x0000000077ba9000 	C:\Windows\SYSTEM32\ntdll.dll
0x00000000778e0000 - 0x00000000779ff000 	C:\Windows\system32\kernel32.dll
0x000007fefda70000 - 0x000007fefdadc000 	C:\Windows\system32\KERNELBASE.dll
0x000007feff570000 - 0x000007feff64b000 	C:\Windows\system32\ADVAPI32.dll
0x000007fefe150000 - 0x000007fefe1ef000 	C:\Windows\system32\msvcrt.dll
0x000007feffa10000 - 0x000007feffa2f000 	C:\Windows\SYSTEM32\sechost.dll
0x000007feff6b0000 - 0x000007feff7dd000 	C:\Windows\system32\RPCRT4.dll
0x00000000777e0000 - 0x00000000778da000 	C:\Windows\system32\USER32.dll
0x000007fefde50000 - 0x000007fefdeb7000 	C:\Windows\system32\GDI32.dll
0x000007feffc60000 - 0x000007feffc6e000 	C:\Windows\system32\LPK.dll
0x000007feff4a0000 - 0x000007feff569000 	C:\Windows\system32\USP10.dll
0x000007fefbfd0000 - 0x000007fefc1c4000 	C:\Windows\WinSxS\amd64_microsoft.windows.common-controls_6595b64144ccf1df_6.0.7601.17514_none_fa396087175ac9ac\COMCTL32.dll
0x000007feff960000 - 0x000007feff9d1000 	C:\Windows\system32\SHLWAPI.dll
0x000007feff9e0000 - 0x000007feffa0e000 	C:\Windows\system32\IMM32.DLL
0x000007fefdc20000 - 0x000007fefdd29000 	C:\Windows\system32\MSCTF.dll
0x0000000056b10000 - 0x0000000056be2000 	C:\Program Files\Java\jdk1.7.0_67\jre\bin\msvcr100.dll
0x000000006e510000 - 0x000000006ece2000 	C:\Program Files\Java\jdk1.7.0_67\jre\bin\server\jvm.dll
0x000007fefac70000 - 0x000007fefac79000 	C:\Windows\system32\WSOCK32.dll
0x000007feff450000 - 0x000007feff49d000 	C:\Windows\system32\WS2_32.dll
0x000007feff950000 - 0x000007feff958000 	C:\Windows\system32\NSI.dll
0x000007fefa280000 - 0x000007fefa2bb000 	C:\Windows\system32\WINMM.dll
0x0000000077bd0000 - 0x0000000077bd7000 	C:\Windows\system32\PSAPI.DLL
0x0000000056cc0000 - 0x0000000056ccf000 	C:\Program Files\Java\jdk1.7.0_67\jre\bin\verify.dll
0x0000000056c90000 - 0x0000000056cb8000 	C:\Program Files\Java\jdk1.7.0_67\jre\bin\java.dll
0x0000000056ad0000 - 0x0000000056b05000 	C:\Program Files\Java\jdk1.7.0_67\jre\bin\jdwp.dll
0x0000000056ac0000 - 0x0000000056ac8000 	C:\Program Files\Java\jdk1.7.0_67\jre\bin\npt.dll
0x0000000056c70000 - 0x0000000056c85000 	C:\Program Files\Java\jdk1.7.0_67\jre\bin\zip.dll
0x0000000056ab0000 - 0x0000000056ab9000 	C:\Program Files\Java\jdk1.7.0_67\jre\bin\dt_socket.dll
0x000007fefcfc0000 - 0x000007fefd015000 	C:\Windows\system32\mswsock.dll
0x000007fefc9a0000 - 0x000007fefc9a7000 	C:\Windows\System32\wshtcpip.dll
0x0000000056910000 - 0x0000000056aa5000 	C:\Program Files\Java\jdk1.7.0_67\jre\bin\awt.dll
0x000007feff370000 - 0x000007feff447000 	C:\Windows\system32\OLEAUT32.dll
0x000007fefe3d0000 - 0x000007fefe5d3000 	C:\Windows\system32\ole32.dll
0x0000000056c50000 - 0x0000000056c69000 	C:\Program Files\Java\jdk1.7.0_67\jre\bin\net.dll
0x000007fefd240000 - 0x000007fefd247000 	C:\Windows\System32\wship6.dll
0x0000000056c30000 - 0x0000000056c41000 	C:\Program Files\Java\jdk1.7.0_67\jre\bin\nio.dll
0x000007fefbf50000 - 0x000007fefbf68000 	C:\Windows\system32\DWMAPI.DLL
0x000007fefbdb0000 - 0x000007fefbe06000 	C:\Windows\system32\uxtheme.dll
0x000007fefd6a0000 - 0x000007fefd6af000 	C:\Windows\system32\CRYPTBASE.dll
0x000007feead90000 - 0x000007feeaf8f000 	C:\Windows\system32\d3d9.dll
0x000007fefccb0000 - 0x000007fefccbc000 	C:\Windows\system32\VERSION.dll
0x000007fefac10000 - 0x000007fefac17000 	C:\Windows\system32\d3d8thk.dll
0x000007fee99e0000 - 0x000007feeaa95000 	C:\Windows\system32\nvd3dumx.dll
0x000007fefc370000 - 0x000007fefc39c000 	C:\Windows\system32\powrprof.dll
0x000007fefe1f0000 - 0x000007fefe3c7000 	C:\Windows\system32\SETUPAPI.dll
0x000007fefdae0000 - 0x000007fefdb16000 	C:\Windows\system32\CFGMGR32.dll
0x000007fefda00000 - 0x000007fefda1a000 	C:\Windows\system32\DEVOBJ.dll
0x000007fee9260000 - 0x000007fee93ca000 	C:\Program Files (x86)\NVIDIA Corporation\3D Vision\nvSCPAPI64.dll
0x000007fefe5e0000 - 0x000007feff368000 	C:\Windows\system32\SHELL32.dll
0x000007fef9d20000 - 0x000007fefa053000 	C:\Windows\system32\nvapi64.dll
0x000007fefda20000 - 0x000007fefda5a000 	C:\Windows\system32\WINTRUST.dll
0x000007fefd880000 - 0x000007fefd9ec000 	C:\Windows\system32\CRYPT32.dll
0x000007fefd840000 - 0x000007fefd84f000 	C:\Windows\system32\MSASN1.dll
0x00000000568c0000 - 0x0000000056907000 	C:\Program Files\Java\jdk1.7.0_67\jre\bin\fontmanager.dll
0x000007fefa0f0000 - 0x000007fefa190000 	C:\Windows\WinSxS\amd64_microsoft.windows.common-controls_6595b64144ccf1df_5.82.7601.18201_none_a4d3b9377117c3df\comctl32.dll
0x0000000056870000 - 0x00000000568b1000 	C:\Program Files\Java\jdk1.7.0_67\jre\bin\t2k.dll
0x000007feffc70000 - 0x000007feffd09000 	C:\Windows\system32\CLBCatQ.DLL
0x000007fefbe10000 - 0x000007fefbf3c000 	C:\Windows\system32\propsys.dll
0x000007fefbb60000 - 0x000007fefbb8d000 	C:\Windows\system32\ntmarta.dll
0x000007feff650000 - 0x000007feff6a2000 	C:\Windows\system32\WLDAP32.dll
0x000007fefd640000 - 0x000007fefd697000 	C:\Windows\system32\apphelp.dll
0x000007fef7510000 - 0x000007fef76ac000 	C:\Windows\system32\NetworkExplorer.dll
0x000007fef3db0000 - 0x000007fef3de4000 	C:\Windows\System32\shdocvw.dll
0x000007fefd850000 - 0x000007fefd85f000 	C:\Windows\system32\profapi.dll
0x000007fefb5c0000 - 0x000007fefb5cb000 	C:\Windows\system32\slc.dll
0x000007fefac80000 - 0x000007fefac98000 	C:\Windows\system32\MPR.dll
0x0000000070c80000 - 0x0000000070c92000 	C:\Windows\system32\snacnp.dll
0x000007fef99a0000 - 0x000007fef9a97000 	C:\Windows\system32\ncnetprovider.dll
0x000007fefaca0000 - 0x000007fefacbe000 	C:\Windows\system32\NCLangID.dll
0x000007fef9970000 - 0x000007fef999c000 	C:\Windows\system32\MAPBASE.dll
0x0000000050d20000 - 0x0000000050d67000 	C:\Windows\system32\CALWIN32.DLL
0x0000000009fd0000 - 0x0000000009ff1000 	C:\Windows\system32\CLNWIN32.DLL
0x0000000050df0000 - 0x0000000050e22000 	C:\Windows\system32\LOCWIN32.DLL
0x000000000a460000 - 0x000000000a4a5000 	C:\Windows\system32\NCPWIN32.dll
0x0000000050da0000 - 0x0000000050db3000 	C:\Windows\system32\CLXWIN32.DLL
0x0000000037420000 - 0x0000000037465000 	C:\Windows\system32\NETWIN32.DLL
0x000007fef9920000 - 0x000007fef9965000 	C:\Windows\system32\NWSHLXNT.dll
0x000007fefb020000 - 0x000007fefb036000 	C:\Windows\system32\NETAPI32.dll
0x000007fefaef0000 - 0x000007fefaefc000 	C:\Windows\system32\netutils.dll
0x000007fefd2c0000 - 0x000007fefd2e3000 	C:\Windows\system32\srvcli.dll
0x000007fefaed0000 - 0x000007fefaee5000 	C:\Windows\system32\wkscli.dll
0x000007fefaeb0000 - 0x000007fefaec4000 	C:\Windows\system32\SAMCLI.DLL
0x000007fef9900000 - 0x000007fef9912000 	C:\Windows\system32\BROWCLI.DLL
0x000007fefca80000 - 0x000007fefca91000 	C:\Windows\system32\WTSAPI32.dll
0x0000000075370000 - 0x0000000075375000 	C:\Windows\system32\nls\FRANCAIS\NCLangIDR.DLL
0x0000000074450000 - 0x0000000074467000 	C:\Windows\system32\nls\FRANCAIS\MAPBASER.DLL
0x0000000074430000 - 0x000000007444a000 	C:\Windows\system32\nls\FRANCAIS\NWSHLXNTR.DLL
0x00000000743b0000 - 0x000000007442c000 	C:\Windows\system32\nls\FRANCAIS\ncnetproviderR.DLL
0x000007fefd610000 - 0x000007fefd635000 	C:\Windows\system32\SspiCli.dll
0x000007fef6910000 - 0x000007fef691a000 	C:\Windows\System32\drprov.dll
0x000007fefd750000 - 0x000007fefd78d000 	C:\Windows\System32\WINSTA.dll
0x000007fef68e0000 - 0x000007fef6902000 	C:\Windows\System32\ntlanman.dll
0x000007fef68c0000 - 0x000007fef68dd000 	C:\Windows\System32\davclnt.dll
0x000007fef68b0000 - 0x000007fef68ba000 	C:\Windows\System32\DAVHLPR.dll
0x000007fef63e0000 - 0x000007fef63ef000 	C:\Windows\system32\cscapi.dll
0x000007fee8fe0000 - 0x000007fee9251000 	C:\Windows\system32\wpdshext.dll
0x000007fefbb90000 - 0x000007fefbda6000 	C:\Windows\WinSxS\amd64_microsoft.windows.gdiplus_6595b64144ccf1df_1.1.7601.18455_none_2b283fd671e9bf4d\gdiplus.dll
0x000007fef7920000 - 0x000007fef79dd000 	C:\Windows\system32\PortableDeviceApi.dll
0x000007fef4080000 - 0x000007fef40b5000 	C:\Windows\system32\EhStorShell.dll
0x000007fefa2e0000 - 0x000007fefa307000 	C:\Windows\system32\EhStorAPI.dll
0x000007fef3a70000 - 0x000007fef3b47000 	C:\Windows\system32\SearchFolder.dll
0x000007fef3da0000 - 0x000007fef3dac000 	C:\Windows\system32\LINKINFO.dll
0x000007fefbb20000 - 0x000007fefbb55000 	C:\Windows\system32\XmlLite.dll
0x000007fefd020000 - 0x000007fefd037000 	C:\Windows\system32\CRYPTSP.dll
0x000007fefcd30000 - 0x000007fefcd77000 	C:\Windows\system32\rsaenh.dll
0x000007fefd790000 - 0x000007fefd7a4000 	C:\Windows\system32\RpcRtRemote.dll
0x000007fefb3e0000 - 0x000007fefb541000 	C:\Windows\system32\WindowsCodecs.dll
0x0000000070c60000 - 0x0000000070c76000 	C:\Program Files\Common Files\TortoiseOverlays\TortoiseOverlays.dll
0x0000000070c40000 - 0x0000000070c57000 	C:\Program Files\TortoiseSVN\bin\TortoiseStub.dll
0x000000006d3e0000 - 0x000000006d45d000 	C:\Program Files\TortoiseSVN\bin\TortoiseSVN.dll
0x000007feffa30000 - 0x000007feffc5c000 	C:\Windows\system32\WININET.dll
0x000007fefdb40000 - 0x000007fefdb44000 	C:\Windows\system32\api-ms-win-downlevel-user32-l1-1-0.dll
0x000007fefdb50000 - 0x000007fefdb55000 	C:\Windows\system32\api-ms-win-downlevel-advapi32-l1-1-0.dll
0x000007fefda60000 - 0x000007fefda64000 	C:\Windows\system32\api-ms-win-downlevel-shlwapi-l1-1-0.dll
0x000007fefd9f0000 - 0x000007fefd9f4000 	C:\Windows\system32\api-ms-win-downlevel-version-l1-1-0.dll
0x000007fefd860000 - 0x000007fefd863000 	C:\Windows\system32\api-ms-win-downlevel-normaliz-l1-1-0.dll
0x0000000077bc0000 - 0x0000000077bc3000 	C:\Windows\system32\normaliz.DLL
0x000007fefdec0000 - 0x000007fefe14e000 	C:\Windows\system32\iertutil.dll
0x000007fefdb20000 - 0x000007fefdb3e000 	C:\Windows\system32\USERENV.dll
0x000007fef4740000 - 0x000007fef4bb6000 	C:\Program Files\TortoiseSVN\bin\libsvn_tsvn.dll
0x000000006d480000 - 0x000000006d4ae000 	C:\Program Files\TortoiseSVN\bin\libapr_tsvn.dll
0x000007fef4660000 - 0x000007fef4734000 	C:\Windows\system32\MSVCR110.dll
0x000000006d390000 - 0x000000006d3d5000 	C:\Program Files\TortoiseSVN\bin\libaprutil_tsvn.dll
0x000007fef6740000 - 0x000007fef6751000 	C:\Program Files\TortoiseSVN\bin\intl3_tsvn.dll
0x000007fef6720000 - 0x000007fef6739000 	C:\Program Files\TortoiseSVN\bin\libsasl.dll
0x000007fefd450000 - 0x000007fefd45b000 	C:\Windows\system32\Secur32.dll
0x000007fef45b0000 - 0x000007fef4657000 	C:\Windows\system32\MSVCP110.dll

VM Arguments:
jvm_args: -Xdebug -Xrunjdwp:transport=dt_socket,server=n,address=2487 -Xmx20G 
java_command: fr.ird.voxelidar.Principal
Launcher Type: SUN_STANDARD

Environment Variables:
JAVA_HOME=C:\Program Files\Java\jdk1.7.0_67
CLASSPATH=C:\Program Files\OpenNI\Bin64\org.OpenNI.jar
PATH=C:\Python27\Lib\site-packages\PyQt4;C:\ProgramData\Oracle\Java\javapath;C:\Program Files\Java\jdk1.7.0_67\bin;C:\Program Files (x86)\Common Files\Intergraph\Grid Analysis SDK\1.0\Program;C:\Windows\system32;C:\Windows;C:\Windows\System32\Wbem;C:\Windows\System32\WindowsPowerShell\v1.0\;C:\Windows\Program Files (x86)\Common Files\Roxio Shared\DLLShared\;C:\Program Files (x86)\Common Files\Roxio Shared\10.0\DLLShared\;C:\Windows\Program Files\Java\jdk1.7.0_67\bin;C:\Program Files\java\ssj\lib\;C:\Program Files\MATLAB\R2010a\bin;C:\Program Files\OpenNI\Bin64;C:\Program Files\PCL 1.6.0\bin;C:\Program Files\TortoiseSVN\bin;C:\Program Files\Microsoft SQL Server\110\Tools\Binn\;C:\MinGW3\bin;C:\Program Files\TortoiseGit\bin;C:\Program Files (x86)\Windows Kits\8.1\Windows Performance Toolkit\;C:\Program Files\NetBeans 8.0.1\java\maven\bin;C:\Python27;C:\Python27\DLLs;C:\Python27\Scripts;C:\Python27\Lib\site-packages\vtk;C:\Python27\gnuplot\binary;C:\Program Files (x86)\pythonxy\SciTE-3.5.1-4;C:\Program Files (x86)\pythonxy\console;c:\users\julien\appdata\local\enthought\canopy\user;c:\users\julien\appdata\local\enthought\canopy\user\scripts
USERNAME=Julien
OS=Windows_NT
PROCESSOR_IDENTIFIER=Intel64 Family 6 Model 44 Stepping 2, GenuineIntel



---------------  S Y S T E M  ---------------

OS: Windows 7 , 64 bit Build 7601 Service Pack 1

CPU:total 8 (4 cores per cpu, 2 threads per core) family 6 model 44 stepping 2, cmov, cx8, fxsr, mmx, sse, sse2, sse3, ssse3, sse4.1, sse4.2, popcnt, aes, ht, tsc, tscinvbit, tscinv

Memory: 4k page, physical 25148644k(18119660k free), swap 50295428k(41645720k free)

vm_info: Java HotSpot(TM) 64-Bit Server VM (24.65-b04) for windows-amd64 JRE (1.7.0_67-b01), built on Jul 25 2014 08:55:00 by "java_re" with unknown MS VC++:1600

time: Thu Mar 05 18:45:52 2015
elapsed time: 261 seconds

