#
# A fatal error has been detected by the Java Runtime Environment:
#
#  SIGSEGV (0xb) at pc=0x00007f3b03493a93, pid=15798, tid=139891382437632
#
# JRE version: Java(TM) SE Runtime Environment (8.0_77-b03) (build 1.8.0_77-b03)
# Java VM: Java HotSpot(TM) 64-Bit Server VM (25.77-b03 mixed mode linux-amd64 compressed oops)
# Problematic frame:
# V  [libjvm.so+0x984a93]  oopDesc* PSPromotionManager::copy_to_survivor_space<false>(oopDesc*)+0x143
#
# Failed to write core dump. Core dumps have been disabled. To enable core dumping, try "ulimit -c unlimited" before starting Java again
#
# If you would like to submit a bug report, please visit:
#   http://bugreport.java.com/bugreport/crash.jsp
#

---------------  T H R E A D  ---------------

Current thread (0x00007f3afc02c800):  GCTaskThread [stack: 0x00007f3b00184000,0x00007f3b00285000] [id=15809]

siginfo: si_signo: 11 (SIGSEGV), si_code: 1 (SEGV_MAPERR), si_addr: 0x0000000000000010

Registers:
RAX=0x00007f3b03a90830, RBX=0x00000005ca85e57c, RCX=0x0000000000000003, RDX=0x0000000000000001
RSP=0x00007f3b00283bf0, RBP=0x00007f3b00283c60, RSI=0x0000000720a565a0, RDI=0x0000000000000008
R8 =0x00000005ca85e570, R9 =0x00007f3b03ac4270, R10=0x00007f3b03ab4c19, R11=0x00007f3b00283c10
R12=0x0000000720a565a0, R13=0xbf849a2ba45bb010, R14=0x0000000000000000, R15=0x00007f3afc080128
RIP=0x00007f3b03493a93, EFLAGS=0x0000000000010202, CSGSFS=0x0000000000000033, ERR=0x0000000000000004
  TRAPNO=0x000000000000000e

Top of Stack: (sp=0x00007f3b00283bf0)
0x00007f3b00283bf0:   00007f3b00283c70 00007f3b03ab4c19
0x00007f3b00283c00:   00007f3afc0800e8 00007f3afc0800c0
0x00007f3b00283c10:   0000000729bc381d 0000000000000400
0x00007f3b00283c20:   0000000718ec7fb2 0000000000001000
0x00007f3b00283c30:   00007f3b00283c60 00000005ca85e57c
0x00007f3b00283c40:   00007f3afc0800c0 00007f3b03a90820
0x00007f3b00283c50:   0000000000000000 00007f3afc080128
0x00007f3b00283c60:   00007f3b00283d50 00007f3b03493318
0x00007f3b00283c70:   00007f3b00283cd0 00007f3b00283ce0
0x00007f3b00283c80:   00007f3b00283cf0 00007f3b00283cb0
0x00007f3b00283c90:   00007f3b00283cc0 00007f3b00283d10
0x00007f3b00283ca0:   01007f3afc02c800 00007f3afc080158
0x00007f3b00283cb0:   0000000718e10678 0000000000000001
0x00007f3b00283cc0:   0000000000000000 0000000000000003
0x00007f3b00283cd0:   00007f3b00283d50 00007f3b03493ebe
0x00007f3b00283ce0:   0000035f000000d2 00007f3afc02d950
0x00007f3b00283cf0:   0000041000000093 00007f3afc0800c0
0x00007f3b00283d00:   0000041100000093 00007f3afc021800
0x00007f3b00283d10:   00000005ca85e57d 00007f3b03ac00e0
0x00007f3b00283d20:   00007f3afc02c800 0000000728986c2c
0x00007f3b00283d30:   00007f3b03a90820 0000000000000006
0x00007f3b00283d40:   00007f3b00283d70 00007f3b00283d7c
0x00007f3b00283d50:   00007f3b00283db0 00007f3b0349711e
0x00007f3b00283d60:   00007f3a9405fd20 00007f3afc0800c0
0x00007f3b00283d70:   0000000728986c2d 75ca6d82030e28a7
0x00007f3b00283d80:   00007f3b00283db0 00007f3a9405fd20
0x00007f3b00283d90:   00007f3afc02c800 0000000000000001
0x00007f3b00283da0:   00007f3afc02cd60 00007f3b03653721
0x00007f3b00283db0:   00007f3b00283ec0 00007f3b030e359f
0x00007f3b00283dc0:   0000000000000000 00007f3b00283e00
0x00007f3b00283dd0:   00007f3b00283e80 0000000000000000
0x00007f3b00283de0:   00007f3afc02cda0 00007f3afc02cdb0 

Instructions: (pc=0x00007f3b03493a93)
0x00007f3b03493a73:   83 e0 07 48 83 f8 05 75 d3 31 db eb d6 48 8b 05
0x00007f3b03493a83:   c1 dd 5d 00 8b 7e 08 8b 48 08 48 d3 e7 48 03 38
0x00007f3b03493a93:   8b 77 08 83 fe 00 0f 8f 0a ff ff ff 0f 85 4b 02
0x00007f3b03493aa3:   00 00 0f 1f 00 48 8b 07 4c 89 e6 4c 89 55 98 ff 

Register to memory mapping:

RAX=0x00007f3b03a90830: <offset 0xf81830> in /usr/local/java/jdk1.8.0_77/jre/lib/amd64/server/libjvm.so at 0x00007f3b02b0f000
RBX=0x00000005ca85e57c is pointing into object: 0x00000005ca85e570
fr.amap.lidar.amapvox.shot.Shot 
 - klass: 'fr/amap/lidar/amapvox/shot/Shot'
RCX=0x0000000000000003 is an unknown value
RDX=0x0000000000000001 is an unknown value
RSP=0x00007f3b00283bf0 is an unknown value
RBP=0x00007f3b00283c60 is an unknown value
RSI=0x0000000720a565a0 is an oop

[error occurred during error reporting (printing register info), id 0xb]

Stack: [0x00007f3b00184000,0x00007f3b00285000],  sp=0x00007f3b00283bf0,  free space=1022k
Native frames: (J=compiled Java code, j=interpreted, Vv=VM code, C=native code)
V  [libjvm.so+0x984a93]  oopDesc* PSPromotionManager::copy_to_survivor_space<false>(oopDesc*)+0x143
V  [libjvm.so+0x984318]  PSPromotionManager::drain_stacks_depth(bool)+0x7e8
V  [libjvm.so+0x98811e]  StealTask::do_it(GCTaskManager*, unsigned int)+0x19e
V  [libjvm.so+0x5d459f]  GCTaskThread::run()+0x12f
V  [libjvm.so+0x91d9d8]  java_start(Thread*)+0x108


---------------  P R O C E S S  ---------------

Java Threads: ( => current thread )
  0x00007f3afc0e6000 JavaThread "Service Thread" daemon [_thread_blocked, id=15825, stack(0x00007f3acb0ef000,0x00007f3acb1f0000)]
  0x00007f3afc0da800 JavaThread "C1 CompilerThread3" daemon [_thread_blocked, id=15824, stack(0x00007f3acb1f0000,0x00007f3acb2f1000)]
  0x00007f3afc0d8000 JavaThread "C2 CompilerThread2" daemon [_thread_blocked, id=15823, stack(0x00007f3acb2f1000,0x00007f3acb3f2000)]
  0x00007f3afc0d6800 JavaThread "C2 CompilerThread1" daemon [_thread_blocked, id=15822, stack(0x00007f3acb3f2000,0x00007f3acb4f3000)]
  0x00007f3afc0d3800 JavaThread "C2 CompilerThread0" daemon [_thread_blocked, id=15821, stack(0x00007f3acb4f3000,0x00007f3acb5f4000)]
  0x00007f3aa4001000 JavaThread "JDWP Command Reader" daemon [_thread_in_native, id=15819, stack(0x00007f3acb5f4000,0x00007f3acb6f5000)]
  0x00007f3afc0d1800 JavaThread "JDWP Event Helper Thread" daemon [_thread_blocked, id=15817, stack(0x00007f3acb6f5000,0x00007f3acb7f6000)]
  0x00007f3afc0ce000 JavaThread "JDWP Transport Listener: dt_socket" daemon [_thread_blocked, id=15815, stack(0x00007f3acb7f6000,0x00007f3acb8f7000)]
  0x00007f3afc0c1000 JavaThread "Signal Dispatcher" daemon [_thread_blocked, id=15814, stack(0x00007f3acbafb000,0x00007f3acbbfc000)]
  0x00007f3afc08f000 JavaThread "Finalizer" daemon [_thread_blocked, id=15813, stack(0x00007f3acbbfc000,0x00007f3acbcfd000)]
  0x00007f3afc08a800 JavaThread "Reference Handler" daemon [_thread_blocked, id=15812, stack(0x00007f3acbcfd000,0x00007f3acbdfe000)]
  0x00007f3afc00c800 JavaThread "main" [_thread_blocked, id=15802, stack(0x00007f3b045dd000,0x00007f3b046de000)]

Other Threads:
  0x00007f3afc082800 VMThread [stack: 0x00007f3acbdfe000,0x00007f3acbeff000] [id=15811]
  0x00007f3afc0e9000 WatcherThread [stack: 0x00007f3acafee000,0x00007f3acb0ef000] [id=15826]

=>0x00007f3afc02c800 (exited) GCTaskThread [stack: 0x00007f3b00184000,0x00007f3b00285000] [id=15809]

VM state:at safepoint (normal execution)

VM Mutex/Monitor currently owned by a thread:  ([mutex/lock_event])
[0x00007f3afc008ef0] Threads_lock - owner thread: 0x00007f3afc082800
[0x00007f3afc0093f0] Heap_lock - owner thread: 0x00007f3afc00c800

Heap:
 PSYoungGen      total 279040K, used 277008K [0x0000000718d80000, 0x000000072b280000, 0x00000007c0000000)
  eden space 258048K, 100% used [0x0000000718d80000,0x0000000728980000,0x0000000728980000)
  from space 20992K, 90% used [0x0000000729e00000,0x000000072b084010,0x000000072b280000)
  to   space 20992K, 99% used [0x0000000728980000,0x0000000729df8020,0x0000000729e00000)
 ParOldGen       total 343040K, used 14868K [0x00000005ca800000, 0x00000005df700000, 0x0000000718d80000)
  object space 343040K, 4% used [0x00000005ca800000,0x00000005cb6852a0,0x00000005df700000)
 Metaspace       used 3392K, capacity 4664K, committed 4864K, reserved 1056768K
  class space    used 356K, capacity 424K, committed 512K, reserved 1048576K

Card table byte_map: [0x00007f3aec053000,0x00007f3aed000000] byte_map_base: 0x00007f3ae91ff000

Marking Bits: (ParMarkBitMap*) 0x00007f3b03ac4100
 Begin Bits: [0x00007f3ab4540000, 0x00007f3abc2a0000)
 End Bits:   [0x00007f3abc2a0000, 0x00007f3ac4000000)

Polling page: 0x00007f3b0470b000

CodeCache: size=245760Kb used=1856Kb max_used=1867Kb free=243903Kb
 bounds [0x00007f3aed000000, 0x00007f3aed270000, 0x00007f3afc000000]
 total_blobs=532 nmethods=278 adapters=176
 compilation: enabled

Compilation events (10 events):
Event: 1,267 Thread 0x00007f3afc0d6800  274       4       java.nio.ByteBuffer::array (35 bytes)
Event: 1,267 Thread 0x00007f3afc0d6800 nmethod 274 0x00007f3aed1c9610 code [0x00007f3aed1c9760, 0x00007f3aed1c97f8]
Event: 1,493 Thread 0x00007f3afc0d3800  275       4       java.nio.CharBuffer::array (35 bytes)
Event: 1,493 Thread 0x00007f3afc0d3800 nmethod 275 0x00007f3aed1c5610 code [0x00007f3aed1c5760, 0x00007f3aed1c57f8]
Event: 1,544 Thread 0x00007f3afc0d8000  276   !   4       java.nio.charset.CharsetEncoder::encode (285 bytes)
Event: 1,546 Thread 0x00007f3afc0d8000 nmethod 276 0x00007f3aed1d4b50 code [0x00007f3aed1d4ce0, 0x00007f3aed1d4fa8]
Event: 1,720 Thread 0x00007f3afc0d6800  277       4       sun.nio.cs.UTF_8::access$200 (8 bytes)
Event: 1,722 Thread 0x00007f3afc0d6800 nmethod 277 0x00007f3aed1d5490 code [0x00007f3aed1d5620, 0x00007f3aed1d5a18]
Event: 2,000 Thread 0x00007f3afc0da800  278       3       java.util.AbstractCollection::<init> (5 bytes)
Event: 2,000 Thread 0x00007f3afc0da800 nmethod 278 0x00007f3aed1b1650 code [0x00007f3aed1b17c0, 0x00007f3aed1b1970]

GC Heap History (5 events):
Event: 0,721 GC heap before
{Heap before GC invocations=1 (full 0):
 PSYoungGen      total 150016K, used 129024K [0x0000000718d80000, 0x0000000723480000, 0x00000007c0000000)
  eden space 129024K, 100% used [0x0000000718d80000,0x0000000720b80000,0x0000000720b80000)
  from space 20992K, 0% used [0x0000000722000000,0x0000000722000000,0x0000000723480000)
  to   space 20992K, 0% used [0x0000000720b80000,0x0000000720b80000,0x0000000722000000)
 ParOldGen       total 343040K, used 0K [0x00000005ca800000, 0x00000005df700000, 0x0000000718d80000)
  object space 343040K, 0% used [0x00000005ca800000,0x00000005ca800000,0x00000005df700000)
 Metaspace       used 3390K, capacity 4664K, committed 4864K, reserved 1056768K
  class space    used 356K, capacity 424K, committed 512K, reserved 1048576K
Event: 0,729 GC heap after
Heap after GC invocations=1 (full 0):
 PSYoungGen      total 150016K, used 10592K [0x0000000718d80000, 0x000000072b280000, 0x00000007c0000000)
  eden space 129024K, 0% used [0x0000000718d80000,0x0000000718d80000,0x0000000720b80000)
  from space 20992K, 50% used [0x0000000720b80000,0x00000007215d8000,0x0000000722000000)
  to   space 20992K, 0% used [0x0000000729e00000,0x0000000729e00000,0x000000072b280000)
 ParOldGen       total 343040K, used 8K [0x00000005ca800000, 0x00000005df700000, 0x0000000718d80000)
  object space 343040K, 0% used [0x00000005ca800000,0x00000005ca802000,0x00000005df700000)
 Metaspace       used 3390K, capacity 4664K, committed 4864K, reserved 1056768K
  class space    used 356K, capacity 424K, committed 512K, reserved 1048576K
}
Event: 1,196 GC heap before
{Heap before GC invocations=2 (full 0):
 PSYoungGen      total 150016K, used 139616K [0x0000000718d80000, 0x000000072b280000, 0x00000007c0000000)
  eden space 129024K, 100% used [0x0000000718d80000,0x0000000720b80000,0x0000000720b80000)
  from space 20992K, 50% used [0x0000000720b80000,0x00000007215d8000,0x0000000722000000)
  to   space 20992K, 0% used [0x0000000729e00000,0x0000000729e00000,0x000000072b280000)
 ParOldGen       total 343040K, used 8K [0x00000005ca800000, 0x00000005df700000, 0x0000000718d80000)
  object space 343040K, 0% used [0x00000005ca800000,0x00000005ca802000,0x00000005df700000)
 Metaspace       used 3391K, capacity 4664K, committed 4864K, reserved 1056768K
  class space    used 356K, capacity 424K, committed 512K, reserved 1048576K
Event: 1,210 GC heap after
Heap after GC invocations=2 (full 0):
 PSYoungGen      total 279040K, used 18960K [0x0000000718d80000, 0x000000072b280000, 0x00000007c0000000)
  eden space 258048K, 0% used [0x0000000718d80000,0x0000000718d80000,0x0000000728980000)
  from space 20992K, 90% used [0x0000000729e00000,0x000000072b084010,0x000000072b280000)
  to   space 20992K, 0% used [0x0000000728980000,0x0000000728980000,0x0000000729e00000)
 ParOldGen       total 343040K, used 16K [0x00000005ca800000, 0x00000005df700000, 0x0000000718d80000)
  object space 343040K, 0% used [0x00000005ca800000,0x00000005ca804000,0x00000005df700000)
 Metaspace       used 3391K, capacity 4664K, committed 4864K, reserved 1056768K
  class space    used 356K, capacity 424K, committed 512K, reserved 1048576K
}
Event: 2,135 GC heap before
{Heap before GC invocations=3 (full 0):
 PSYoungGen      total 279040K, used 277008K [0x0000000718d80000, 0x000000072b280000, 0x00000007c0000000)
  eden space 258048K, 100% used [0x0000000718d80000,0x0000000728980000,0x0000000728980000)
  from space 20992K, 90% used [0x0000000729e00000,0x000000072b084010,0x000000072b280000)
  to   space 20992K, 0% used [0x0000000728980000,0x0000000728980000,0x0000000729e00000)
 ParOldGen       total 343040K, used 16K [0x00000005ca800000, 0x00000005df700000, 0x0000000718d80000)
  object space 343040K, 0% used [0x00000005ca800000,0x00000005ca804000,0x00000005df700000)
 Metaspace       used 3392K, capacity 4664K, committed 4864K, reserved 1056768K
  class space    used 356K, capacity 424K, committed 512K, reserved 1048576K

Deoptimization events (1 events):
Event: 0,231 Thread 0x00007f3afc00c800 Uncommon trap: reason=unstable_if action=reinterpret pc=0x00007f3aed17422c method=sun.misc.FloatingDecimal$BinaryToASCIIBuffer.estimateDecExp(JI)I @ 78

Internal exceptions (6 events):
Event: 0,018 Thread 0x00007f3afc00c800 Exception <a 'java/lang/NoSuchMethodError': Method sun.misc.Unsafe.defineClass(Ljava/lang/String;[BII)Ljava/lang/Class; name or signature does not match> (0x0000000718d87cc0) thrown at [/HUDSON/workspace/8-2-build-linux-amd64/jdk8u77/6540/hotspot/src/shar
Event: 0,018 Thread 0x00007f3afc00c800 Exception <a 'java/lang/NoSuchMethodError': Method sun.misc.Unsafe.prefetchRead(Ljava/lang/Object;J)V name or signature does not match> (0x0000000718d87fa8) thrown at [/HUDSON/workspace/8-2-build-linux-amd64/jdk8u77/6540/hotspot/src/share/vm/prims/jni.cpp
Event: 0,071 Thread 0x00007f3afc00c800 Exception <a 'java/security/PrivilegedActionException'> (0x0000000718e20110) thrown at [/HUDSON/workspace/8-2-build-linux-amd64/jdk8u77/6540/hotspot/src/share/vm/prims/jvm.cpp, line 1386]
Event: 0,071 Thread 0x00007f3afc00c800 Exception <a 'java/security/PrivilegedActionException'> (0x0000000718e20320) thrown at [/HUDSON/workspace/8-2-build-linux-amd64/jdk8u77/6540/hotspot/src/share/vm/prims/jvm.cpp, line 1386]
Event: 0,071 Thread 0x00007f3afc00c800 Exception <a 'java/security/PrivilegedActionException'> (0x0000000718e227b8) thrown at [/HUDSON/workspace/8-2-build-linux-amd64/jdk8u77/6540/hotspot/src/share/vm/prims/jvm.cpp, line 1386]
Event: 0,071 Thread 0x00007f3afc00c800 Exception <a 'java/security/PrivilegedActionException'> (0x0000000718e229c8) thrown at [/HUDSON/workspace/8-2-build-linux-amd64/jdk8u77/6540/hotspot/src/share/vm/prims/jvm.cpp, line 1386]

Events (10 events):
Event: 0,240 Thread 0x00007f3afc00c800 DEOPT UNPACKING pc=0x00007f3aed047633 sp=0x00007f3b046dc138 mode 0
Event: 0,241 Thread 0x00007f3afc00c800 DEOPT PACKING pc=0x00007f3aed16da3e sp=0x00007f3b046dc300
Event: 0,241 Thread 0x00007f3afc00c800 DEOPT UNPACKING pc=0x00007f3aed047633 sp=0x00007f3b046dc138 mode 0
Event: 0,720 Executing VM operation: ParallelGCFailedAllocation
Event: 0,729 Executing VM operation: ParallelGCFailedAllocation done
Event: 0,808 Thread 0x00007f3afc00c800 DEOPT PACKING pc=0x00007f3aed1b98ab sp=0x00007f3b046dc740
Event: 0,808 Thread 0x00007f3afc00c800 DEOPT UNPACKING pc=0x00007f3aed047633 sp=0x00007f3b046dc610 mode 0
Event: 1,195 Executing VM operation: ParallelGCFailedAllocation
Event: 1,210 Executing VM operation: ParallelGCFailedAllocation done
Event: 2,135 Executing VM operation: ParallelGCFailedAllocation


Dynamic libraries:
00400000-00401000 r-xp 00000000 fc:00 2252148                            /usr/local/java/jdk1.8.0_77/bin/java
00600000-00601000 rw-p 00000000 fc:00 2252148                            /usr/local/java/jdk1.8.0_77/bin/java
00ae0000-00b01000 rw-p 00000000 00:00 0                                  [heap]
5ca800000-5df700000 rw-p 00000000 00:00 0 
5df700000-718d80000 ---p 00000000 00:00 0 
718d80000-72b280000 rw-p 00000000 00:00 0 
72b280000-7c0000000 ---p 00000000 00:00 0 
7c0000000-7c0080000 rw-p 00000000 00:00 0 
7c0080000-800000000 ---p 00000000 00:00 0 
7f3a80000000-7f3a80021000 rw-p 00000000 00:00 0 
7f3a80021000-7f3a84000000 ---p 00000000 00:00 0 
7f3a84000000-7f3a84021000 rw-p 00000000 00:00 0 
7f3a84021000-7f3a88000000 ---p 00000000 00:00 0 
7f3a88000000-7f3a88220000 rw-p 00000000 00:00 0 
7f3a88220000-7f3a8c000000 ---p 00000000 00:00 0 
7f3a8c000000-7f3a8c1e5000 rw-p 00000000 00:00 0 
7f3a8c1e5000-7f3a90000000 ---p 00000000 00:00 0 
7f3a90000000-7f3a90228000 rw-p 00000000 00:00 0 
7f3a90228000-7f3a94000000 ---p 00000000 00:00 0 
7f3a94000000-7f3a9431a000 rw-p 00000000 00:00 0 
7f3a9431a000-7f3a98000000 ---p 00000000 00:00 0 
7f3a98000000-7f3a98021000 rw-p 00000000 00:00 0 
7f3a98021000-7f3a9c000000 ---p 00000000 00:00 0 
7f3a9c000000-7f3a9c021000 rw-p 00000000 00:00 0 
7f3a9c021000-7f3aa0000000 ---p 00000000 00:00 0 
7f3aa0000000-7f3aa0021000 rw-p 00000000 00:00 0 
7f3aa0021000-7f3aa4000000 ---p 00000000 00:00 0 
7f3aa4000000-7f3aa4021000 rw-p 00000000 00:00 0 
7f3aa4021000-7f3aa8000000 ---p 00000000 00:00 0 
7f3aa8000000-7f3aa8021000 rw-p 00000000 00:00 0 
7f3aa8021000-7f3aac000000 ---p 00000000 00:00 0 
7f3aac000000-7f3aac021000 rw-p 00000000 00:00 0 
7f3aac021000-7f3ab0000000 ---p 00000000 00:00 0 
7f3ab0000000-7f3ab0021000 rw-p 00000000 00:00 0 
7f3ab0021000-7f3ab4000000 ---p 00000000 00:00 0 
7f3ab4540000-7f3ac4000000 rw-p 00000000 00:00 0 
7f3ac4000000-7f3ac4021000 rw-p 00000000 00:00 0 
7f3ac4021000-7f3ac8000000 ---p 00000000 00:00 0 
7f3aca527000-7f3aca7ac000 rw-p 00000000 00:00 0 
7f3aca7ac000-7f3aca7c2000 r-xp 00000000 fc:00 1310899                    /lib/x86_64-linux-gnu/libgcc_s.so.1
7f3aca7c2000-7f3aca9c1000 ---p 00016000 fc:00 1310899                    /lib/x86_64-linux-gnu/libgcc_s.so.1
7f3aca9c1000-7f3aca9c2000 r--p 00015000 fc:00 1310899                    /lib/x86_64-linux-gnu/libgcc_s.so.1
7f3aca9c2000-7f3aca9c3000 rw-p 00016000 fc:00 1310899                    /lib/x86_64-linux-gnu/libgcc_s.so.1
7f3aca9c3000-7f3acaac9000 r-xp 00000000 fc:00 2253105                    /usr/lib/x86_64-linux-gnu/libstdc++.so.6.0.22
7f3acaac9000-7f3acacc8000 ---p 00106000 fc:00 2253105                    /usr/lib/x86_64-linux-gnu/libstdc++.so.6.0.22
7f3acacc8000-7f3acacd0000 r--p 00105000 fc:00 2253105                    /usr/lib/x86_64-linux-gnu/libstdc++.so.6.0.22
7f3acacd0000-7f3acacd2000 rw-p 0010d000 fc:00 2253105                    /usr/lib/x86_64-linux-gnu/libstdc++.so.6.0.22
7f3acacd2000-7f3acacd5000 rw-p 00000000 00:00 0 
7f3acacd5000-7f3acade2000 r-xp 00000000 fc:00 2097214                    /tmp/RivLibLibrary-2376379213877179088.tmp
7f3acade2000-7f3acafe2000 ---p 0010d000 fc:00 2097214                    /tmp/RivLibLibrary-2376379213877179088.tmp
7f3acafe2000-7f3acafeb000 r--p 0010d000 fc:00 2097214                    /tmp/RivLibLibrary-2376379213877179088.tmp
7f3acafeb000-7f3acafed000 rw-p 00116000 fc:00 2097214                    /tmp/RivLibLibrary-2376379213877179088.tmp
7f3acafed000-7f3acafee000 rw-p 00000000 00:00 0 
7f3acafee000-7f3acafef000 ---p 00000000 00:00 0 
7f3acafef000-7f3acb0ef000 rw-p 00000000 00:00 0                          [stack:15826]
7f3acb0ef000-7f3acb0f2000 ---p 00000000 00:00 0 
7f3acb0f2000-7f3acb1f0000 rw-p 00000000 00:00 0                          [stack:15825]
7f3acb1f0000-7f3acb1f3000 ---p 00000000 00:00 0 
7f3acb1f3000-7f3acb2f1000 rw-p 00000000 00:00 0                          [stack:15824]
7f3acb2f1000-7f3acb2f4000 ---p 00000000 00:00 0 
7f3acb2f4000-7f3acb3f2000 rw-p 00000000 00:00 0                          [stack:15823]
7f3acb3f2000-7f3acb3f5000 ---p 00000000 00:00 0 
7f3acb3f5000-7f3acb4f3000 rw-p 00000000 00:00 0                          [stack:15822]
7f3acb4f3000-7f3acb4f6000 ---p 00000000 00:00 0 
7f3acb4f6000-7f3acb5f4000 rw-p 00000000 00:00 0                          [stack:15821]
7f3acb5f4000-7f3acb5f7000 ---p 00000000 00:00 0 
7f3acb5f7000-7f3acb6f5000 rw-p 00000000 00:00 0                          [stack:15819]
7f3acb6f5000-7f3acb6f8000 ---p 00000000 00:00 0 
7f3acb6f8000-7f3acb7f6000 rw-p 00000000 00:00 0                          [stack:15817]
7f3acb7f6000-7f3acb7f9000 ---p 00000000 00:00 0 
7f3acb7f9000-7f3acb8f7000 rw-p 00000000 00:00 0                          [stack:15815]
7f3acb8f7000-7f3acb8fb000 r-xp 00000000 fc:00 2894803                    /usr/local/java/jdk1.8.0_77/jre/lib/amd64/libdt_socket.so
7f3acb8fb000-7f3acbafa000 ---p 00004000 fc:00 2894803                    /usr/local/java/jdk1.8.0_77/jre/lib/amd64/libdt_socket.so
7f3acbafa000-7f3acbafb000 rw-p 00003000 fc:00 2894803                    /usr/local/java/jdk1.8.0_77/jre/lib/amd64/libdt_socket.so
7f3acbafb000-7f3acbafe000 ---p 00000000 00:00 0 
7f3acbafe000-7f3acbbfc000 rw-p 00000000 00:00 0                          [stack:15814]
7f3acbbfc000-7f3acbbff000 ---p 00000000 00:00 0 
7f3acbbff000-7f3acbcfd000 rw-p 00000000 00:00 0                          [stack:15813]
7f3acbcfd000-7f3acbd00000 ---p 00000000 00:00 0 
7f3acbd00000-7f3acbdfe000 rw-p 00000000 00:00 0                          [stack:15812]
7f3acbdfe000-7f3acbdff000 ---p 00000000 00:00 0 
7f3acbdff000-7f3acc000000 rw-p 00000000 00:00 0                          [stack:15811]
7f3acc000000-7f3acc021000 rw-p 00000000 00:00 0 
7f3acc021000-7f3ad0000000 ---p 00000000 00:00 0 
7f3ad0000000-7f3ad0021000 rw-p 00000000 00:00 0 
7f3ad0021000-7f3ad4000000 ---p 00000000 00:00 0 
7f3ad4000000-7f3ad4021000 rw-p 00000000 00:00 0 
7f3ad4021000-7f3ad8000000 ---p 00000000 00:00 0 
7f3ad8000000-7f3ad8021000 rw-p 00000000 00:00 0 
7f3ad8021000-7f3adc000000 ---p 00000000 00:00 0 
7f3adc000000-7f3adc021000 rw-p 00000000 00:00 0 
7f3adc021000-7f3ae0000000 ---p 00000000 00:00 0 
7f3ae0000000-7f3ae0021000 rw-p 00000000 00:00 0 
7f3ae0021000-7f3ae4000000 ---p 00000000 00:00 0 
7f3ae4000000-7f3ae4021000 rw-p 00000000 00:00 0 
7f3ae4021000-7f3ae8000000 ---p 00000000 00:00 0 
7f3ae8034000-7f3ae9be6000 rw-p 00000000 00:00 0 
7f3ae9be6000-7f3ae9dbe000 r--s 03d1e000 fc:00 2766699                    /usr/local/java/jdk1.8.0_77/jre/lib/rt.jar
7f3ae9dbe000-7f3aea274000 rw-p 00000000 00:00 0 
7f3aea274000-7f3aea634000 ---p 00000000 00:00 0 
7f3aea634000-7f3aeb688000 rw-p 00000000 00:00 0 
7f3aeb688000-7f3aec053000 ---p 00000000 00:00 0 
7f3aec053000-7f3aec0fb000 rw-p 00000000 00:00 0 
7f3aec0fb000-7f3aecac5000 ---p 00000000 00:00 0 
7f3aecac5000-7f3aecb59000 rw-p 00000000 00:00 0 
7f3aecb59000-7f3aecfff000 ---p 00000000 00:00 0 
7f3aecfff000-7f3aed000000 rw-p 00000000 00:00 0 
7f3aed000000-7f3aed270000 rwxp 00000000 00:00 0 
7f3aed270000-7f3afc000000 ---p 00000000 00:00 0 
7f3afc000000-7f3afc1ea000 rw-p 00000000 00:00 0 
7f3afc1ea000-7f3b00000000 ---p 00000000 00:00 0 
7f3b00007000-7f3b00083000 rw-p 00000000 00:00 0 
7f3b00083000-7f3b00084000 ---p 00000000 00:00 0 
7f3b00084000-7f3b00184000 rw-p 00000000 00:00 0                          [stack:15810]
7f3b00184000-7f3b00185000 ---p 00000000 00:00 0 
7f3b00185000-7f3b00285000 rw-p 00000000 00:00 0                          [stack:15809]
7f3b00285000-7f3b00286000 ---p 00000000 00:00 0 
7f3b00286000-7f3b00386000 rw-p 00000000 00:00 0                          [stack:15808]
7f3b00386000-7f3b00387000 ---p 00000000 00:00 0 
7f3b00387000-7f3b00487000 rw-p 00000000 00:00 0                          [stack:15807]
7f3b00487000-7f3b00488000 ---p 00000000 00:00 0 
7f3b00488000-7f3b00588000 rw-p 00000000 00:00 0                          [stack:15806]
7f3b00588000-7f3b00589000 ---p 00000000 00:00 0 
7f3b00589000-7f3b00689000 rw-p 00000000 00:00 0                          [stack:15805]
7f3b00689000-7f3b0068a000 ---p 00000000 00:00 0 
7f3b0068a000-7f3b0078a000 rw-p 00000000 00:00 0                          [stack:15804]
7f3b0078a000-7f3b0078b000 ---p 00000000 00:00 0 
7f3b0078b000-7f3b00895000 rw-p 00000000 00:00 0                          [stack:15803]
7f3b00895000-7f3b00c4b000 ---p 00000000 00:00 0 
7f3b00c4b000-7f3b00c65000 r-xp 00000000 fc:00 2894827                    /usr/local/java/jdk1.8.0_77/jre/lib/amd64/libzip.so
7f3b00c65000-7f3b00e65000 ---p 0001a000 fc:00 2894827                    /usr/local/java/jdk1.8.0_77/jre/lib/amd64/libzip.so
7f3b00e65000-7f3b00e66000 rw-p 0001a000 fc:00 2894827                    /usr/local/java/jdk1.8.0_77/jre/lib/amd64/libzip.so
7f3b00e66000-7f3b00e71000 r-xp 00000000 fc:00 1310926                    /lib/x86_64-linux-gnu/libnss_files-2.19.so
7f3b00e71000-7f3b01070000 ---p 0000b000 fc:00 1310926                    /lib/x86_64-linux-gnu/libnss_files-2.19.so
7f3b01070000-7f3b01071000 r--p 0000a000 fc:00 1310926                    /lib/x86_64-linux-gnu/libnss_files-2.19.so
7f3b01071000-7f3b01072000 rw-p 0000b000 fc:00 1310926                    /lib/x86_64-linux-gnu/libnss_files-2.19.so
7f3b01072000-7f3b0107d000 r-xp 00000000 fc:00 1310918                    /lib/x86_64-linux-gnu/libnss_nis-2.19.so
7f3b0107d000-7f3b0127c000 ---p 0000b000 fc:00 1310918                    /lib/x86_64-linux-gnu/libnss_nis-2.19.so
7f3b0127c000-7f3b0127d000 r--p 0000a000 fc:00 1310918                    /lib/x86_64-linux-gnu/libnss_nis-2.19.so
7f3b0127d000-7f3b0127e000 rw-p 0000b000 fc:00 1310918                    /lib/x86_64-linux-gnu/libnss_nis-2.19.so
7f3b0127e000-7f3b01295000 r-xp 00000000 fc:00 1310914                    /lib/x86_64-linux-gnu/libnsl-2.19.so
7f3b01295000-7f3b01494000 ---p 00017000 fc:00 1310914                    /lib/x86_64-linux-gnu/libnsl-2.19.so
7f3b01494000-7f3b01495000 r--p 00016000 fc:00 1310914                    /lib/x86_64-linux-gnu/libnsl-2.19.so
7f3b01495000-7f3b01496000 rw-p 00017000 fc:00 1310914                    /lib/x86_64-linux-gnu/libnsl-2.19.so
7f3b01496000-7f3b01498000 rw-p 00000000 00:00 0 
7f3b01498000-7f3b014a1000 r-xp 00000000 fc:00 1310913                    /lib/x86_64-linux-gnu/libnss_compat-2.19.so
7f3b014a1000-7f3b016a0000 ---p 00009000 fc:00 1310913                    /lib/x86_64-linux-gnu/libnss_compat-2.19.so
7f3b016a0000-7f3b016a1000 r--p 00008000 fc:00 1310913                    /lib/x86_64-linux-gnu/libnss_compat-2.19.so
7f3b016a1000-7f3b016a2000 rw-p 00009000 fc:00 1310913                    /lib/x86_64-linux-gnu/libnss_compat-2.19.so
7f3b016a2000-7f3b01d89000 r--p 00000000 fc:00 2236372                    /usr/lib/locale/locale-archive
7f3b01d89000-7f3b01d8b000 r-xp 00000000 fc:00 2894804                    /usr/local/java/jdk1.8.0_77/jre/lib/amd64/libnpt.so
7f3b01d8b000-7f3b01f8b000 ---p 00002000 fc:00 2894804                    /usr/local/java/jdk1.8.0_77/jre/lib/amd64/libnpt.so
7f3b01f8b000-7f3b01f8c000 rw-p 00002000 fc:00 2894804                    /usr/local/java/jdk1.8.0_77/jre/lib/amd64/libnpt.so
7f3b01f8c000-7f3b01fc5000 r-xp 00000000 fc:00 2894816                    /usr/local/java/jdk1.8.0_77/jre/lib/amd64/libjdwp.so
7f3b01fc5000-7f3b021c4000 ---p 00039000 fc:00 2894816                    /usr/local/java/jdk1.8.0_77/jre/lib/amd64/libjdwp.so
7f3b021c4000-7f3b021c6000 rw-p 00038000 fc:00 2894816                    /usr/local/java/jdk1.8.0_77/jre/lib/amd64/libjdwp.so
7f3b021c6000-7f3b021f0000 r-xp 00000000 fc:00 2894822                    /usr/local/java/jdk1.8.0_77/jre/lib/amd64/libjava.so
7f3b021f0000-7f3b023f0000 ---p 0002a000 fc:00 2894822                    /usr/local/java/jdk1.8.0_77/jre/lib/amd64/libjava.so
7f3b023f0000-7f3b023f2000 rw-p 0002a000 fc:00 2894822                    /usr/local/java/jdk1.8.0_77/jre/lib/amd64/libjava.so
7f3b023f2000-7f3b023ff000 r-xp 00000000 fc:00 2894826                    /usr/local/java/jdk1.8.0_77/jre/lib/amd64/libverify.so
7f3b023ff000-7f3b025ff000 ---p 0000d000 fc:00 2894826                    /usr/local/java/jdk1.8.0_77/jre/lib/amd64/libverify.so
7f3b025ff000-7f3b02601000 rw-p 0000d000 fc:00 2894826                    /usr/local/java/jdk1.8.0_77/jre/lib/amd64/libverify.so
7f3b02601000-7f3b02608000 r-xp 00000000 fc:00 1310922                    /lib/x86_64-linux-gnu/librt-2.19.so
7f3b02608000-7f3b02807000 ---p 00007000 fc:00 1310922                    /lib/x86_64-linux-gnu/librt-2.19.so
7f3b02807000-7f3b02808000 r--p 00006000 fc:00 1310922                    /lib/x86_64-linux-gnu/librt-2.19.so
7f3b02808000-7f3b02809000 rw-p 00007000 fc:00 1310922                    /lib/x86_64-linux-gnu/librt-2.19.so
7f3b02809000-7f3b0290e000 r-xp 00000000 fc:00 1310908                    /lib/x86_64-linux-gnu/libm-2.19.so
7f3b0290e000-7f3b02b0d000 ---p 00105000 fc:00 1310908                    /lib/x86_64-linux-gnu/libm-2.19.so
7f3b02b0d000-7f3b02b0e000 r--p 00104000 fc:00 1310908                    /lib/x86_64-linux-gnu/libm-2.19.so
7f3b02b0e000-7f3b02b0f000 rw-p 00105000 fc:00 1310908                    /lib/x86_64-linux-gnu/libm-2.19.so
7f3b02b0f000-7f3b037ce000 r-xp 00000000 fc:00 3035122                    /usr/local/java/jdk1.8.0_77/jre/lib/amd64/server/libjvm.so
7f3b037ce000-7f3b039cd000 ---p 00cbf000 fc:00 3035122                    /usr/local/java/jdk1.8.0_77/jre/lib/amd64/server/libjvm.so
7f3b039cd000-7f3b03aa6000 rw-p 00cbe000 fc:00 3035122                    /usr/local/java/jdk1.8.0_77/jre/lib/amd64/server/libjvm.so
7f3b03aa6000-7f3b03aef000 rw-p 00000000 00:00 0 
7f3b03aef000-7f3b03caa000 r-xp 00000000 fc:00 1310923                    /lib/x86_64-linux-gnu/libc-2.19.so
7f3b03caa000-7f3b03ea9000 ---p 001bb000 fc:00 1310923                    /lib/x86_64-linux-gnu/libc-2.19.so
7f3b03ea9000-7f3b03ead000 r--p 001ba000 fc:00 1310923                    /lib/x86_64-linux-gnu/libc-2.19.so
7f3b03ead000-7f3b03eaf000 rw-p 001be000 fc:00 1310923                    /lib/x86_64-linux-gnu/libc-2.19.so
7f3b03eaf000-7f3b03eb4000 rw-p 00000000 00:00 0 
7f3b03eb4000-7f3b03eb7000 r-xp 00000000 fc:00 1310910                    /lib/x86_64-linux-gnu/libdl-2.19.so
7f3b03eb7000-7f3b040b6000 ---p 00003000 fc:00 1310910                    /lib/x86_64-linux-gnu/libdl-2.19.so
7f3b040b6000-7f3b040b7000 r--p 00002000 fc:00 1310910                    /lib/x86_64-linux-gnu/libdl-2.19.so
7f3b040b7000-7f3b040b8000 rw-p 00003000 fc:00 1310910                    /lib/x86_64-linux-gnu/libdl-2.19.so
7f3b040b8000-7f3b040cd000 r-xp 00000000 fc:00 2252261                    /usr/local/java/jdk1.8.0_77/lib/amd64/jli/libjli.so
7f3b040cd000-7f3b042cd000 ---p 00015000 fc:00 2252261                    /usr/local/java/jdk1.8.0_77/lib/amd64/jli/libjli.so
7f3b042cd000-7f3b042ce000 rw-p 00015000 fc:00 2252261                    /usr/local/java/jdk1.8.0_77/lib/amd64/jli/libjli.so
7f3b042ce000-7f3b042e7000 r-xp 00000000 fc:00 1310915                    /lib/x86_64-linux-gnu/libpthread-2.19.so
7f3b042e7000-7f3b044e6000 ---p 00019000 fc:00 1310915                    /lib/x86_64-linux-gnu/libpthread-2.19.so
7f3b044e6000-7f3b044e7000 r--p 00018000 fc:00 1310915                    /lib/x86_64-linux-gnu/libpthread-2.19.so
7f3b044e7000-7f3b044e8000 rw-p 00019000 fc:00 1310915                    /lib/x86_64-linux-gnu/libpthread-2.19.so
7f3b044e8000-7f3b044ec000 rw-p 00000000 00:00 0 
7f3b044ec000-7f3b0450f000 r-xp 00000000 fc:00 1310916                    /lib/x86_64-linux-gnu/ld-2.19.so
7f3b04518000-7f3b045dd000 rw-p 00000000 00:00 0 
7f3b045dd000-7f3b045e0000 ---p 00000000 00:00 0 
7f3b045e0000-7f3b046e2000 rw-p 00000000 00:00 0                          [stack:15802]
7f3b046e9000-7f3b046ea000 rw-p 00000000 00:00 0 
7f3b046ea000-7f3b046ec000 r--s 00028000 fc:01 658187                     /home/claudia/.m2/repository/javax/vecmath/vecmath/1.5.2/vecmath-1.5.2.jar
7f3b046ec000-7f3b046f2000 r--s 00045000 fc:01 658189                     /home/claudia/.m2/repository/org/jdom/jdom2/2.0.6/jdom2-2.0.6.jar
7f3b046f2000-7f3b046f6000 r--s 00097000 fc:00 2766704                    /usr/local/java/jdk1.8.0_77/jre/lib/jsse.jar
7f3b046f6000-7f3b046f8000 r--s 00009000 fc:01 2492600                    /home/claudia/.m2/repository/fr/amap/commons/commons-util/1.0.0/commons-util-1.0.0.jar
7f3b046f8000-7f3b046fa000 r--s 000af000 fc:01 2492446                    /home/claudia/.m2/repository/fr/amap/lidar/format-riegl/1.0.0/format-riegl-1.0.0.jar
7f3b046fa000-7f3b04702000 r--s 0006e000 fc:01 2492588                    /home/claudia/.m2/repository/org/apache/commons/commons-lang3/3.5/commons-lang3-3.5.jar
7f3b04702000-7f3b0470a000 rw-s 00000000 fc:00 2097212                    /tmp/hsperfdata_claudia/15798
7f3b0470a000-7f3b0470b000 rw-p 00000000 00:00 0 
7f3b0470b000-7f3b0470c000 ---p 00000000 00:00 0 
7f3b0470c000-7f3b0470e000 rw-p 00000000 00:00 0 
7f3b0470e000-7f3b0470f000 r--p 00022000 fc:00 1310916                    /lib/x86_64-linux-gnu/ld-2.19.so
7f3b0470f000-7f3b04710000 rw-p 00023000 fc:00 1310916                    /lib/x86_64-linux-gnu/ld-2.19.so
7f3b04710000-7f3b04711000 rw-p 00000000 00:00 0 
7ffc6f01e000-7ffc6f03f000 rw-p 00000000 00:00 0                          [stack]
7ffc6f063000-7ffc6f065000 r--p 00000000 00:00 0                          [vvar]
7ffc6f065000-7ffc6f067000 r-xp 00000000 00:00 0                          [vdso]
ffffffffff600000-ffffffffff601000 r-xp 00000000 00:00 0                  [vsyscall]

VM Arguments:
jvm_args: -Xdebug -Xrunjdwp:transport=dt_socket,server=n,address=57031 
java_command: fr.amap.lidar.amapvox.shot.filters.ShotFilter2D
java_class_path (initial): /media/claudia/Donnees/Linux/AMAPVoxNew/AMAPVox/trunk/AMAPVox/AMAPVoxCore/target/classes:/home/claudia/.m2/repository/org/apache/commons/commons-lang3/3.5/commons-lang3-3.5.jar:/home/claudia/.m2/repository/fr/amap/lidar/format-riegl/1.0.0/format-riegl-1.0.0.jar:/home/claudia/.m2/repository/fr/amap/commons/commons-util/1.0.0/commons-util-1.0.0.jar:/home/claudia/.m2/repository/org/jdom/jdom2/2.0.6/jdom2-2.0.6.jar:/home/claudia/.m2/repository/javax/vecmath/vecmath/1.5.2/vecmath-1.5.2.jar:/home/claudia/.m2/repository/fr/amap/lidar/format-las/1.0.0/format-las-1.0.0.jar:/home/claudia/.m2/repository/fr/amap/lidar/format-gridded/1.0.0/format-gridded-1.0.0.jar:/home/claudia/.m2/repository/org/apache/commons/commons-math3/3.6.1/commons-math3-3.6.1.jar:/home/claudia/.m2/repository/fr/amap/lidar/format-shot/1.0.0/format-shot-1.0.0.jar:/home/claudia/.m2/repository/fr/amap/commons/commons-structure/1.0.0/commons-structure-1.0.0.jar:/home/claudia/.m2/repository/fr/amap/commons/commons-math/1.0.0/commons-math-1.0.0.jar:/home/claudia/.m2/repository/fr/amap/commons/commons-raster/1.0.0/commons-raster-1.0.0.jar:/home/claudia/.m2/repository/log4j/log4j/1.2.17/log4j-1.2.17.jar:/home/claudia/.m2/repository/org/jfree/jfreechart/1.0.19/jfreechart-1.0.19.jar:/home/claudia/.m2/repository/org/jfree/jcommon/1.0.23/jcommon-1.0.23.jar:/home/claudia/.m2/repository/net/sf/saxon/Saxon-HE/9.6.0-6/Saxon-HE-9.6.0-6.jar
Launcher Type: SUN_STANDARD

Environment Variables:
JAVA_HOME=/usr/local/java/jdk1.8.0_77
PATH=/home/claudia/bin:/usr/local/sbin:/usr/local/bin:/usr/sbin:/usr/bin:/sbin:/bin:/usr/games:/usr/local/games
LD_LIBRARY_PATH=/usr/local/java/jdk1.8.0_77//jre/lib/amd64:/usr/local/java/jdk1.8.0_77//jre/lib/i386:
SHELL=/bin/bash
DISPLAY=:0

Signal Handlers:
SIGSEGV: [libjvm.so+0xabb070], sa_mask[0]=11111111011111111101111111111110, sa_flags=SA_RESTART|SA_SIGINFO
SIGBUS: [libjvm.so+0xabb070], sa_mask[0]=11111111011111111101111111111110, sa_flags=SA_RESTART|SA_SIGINFO
SIGFPE: [libjvm.so+0x918480], sa_mask[0]=11111111011111111101111111111110, sa_flags=SA_RESTART|SA_SIGINFO
SIGPIPE: [libjvm.so+0x918480], sa_mask[0]=11111111011111111101111111111110, sa_flags=SA_RESTART|SA_SIGINFO
SIGXFSZ: [libjvm.so+0x918480], sa_mask[0]=11111111011111111101111111111110, sa_flags=SA_RESTART|SA_SIGINFO
SIGILL: [libjvm.so+0x918480], sa_mask[0]=11111111011111111101111111111110, sa_flags=SA_RESTART|SA_SIGINFO
SIGUSR1: SIG_DFL, sa_mask[0]=00000000000000000000000000000000, sa_flags=none
SIGUSR2: [libjvm.so+0x919ab0], sa_mask[0]=00100000000000000000000000000000, sa_flags=SA_RESTART|SA_SIGINFO
SIGHUP: [libjvm.so+0x91aeb0], sa_mask[0]=11111111011111111101111111111110, sa_flags=SA_RESTART|SA_SIGINFO
SIGINT: SIG_IGN, sa_mask[0]=00000000000000000000000000000000, sa_flags=none
SIGTERM: [libjvm.so+0x91aeb0], sa_mask[0]=11111111011111111101111111111110, sa_flags=SA_RESTART|SA_SIGINFO
SIGQUIT: [libjvm.so+0x91aeb0], sa_mask[0]=11111111011111111101111111111110, sa_flags=SA_RESTART|SA_SIGINFO


---------------  S Y S T E M  ---------------

OS:DISTRIB_ID=Ubuntu
DISTRIB_RELEASE=14.04
DISTRIB_CODENAME=trusty
DISTRIB_DESCRIPTION="Ubuntu 14.04.3 LTS"

uname:Linux 3.19.0-25-generic #26~14.04.1-Ubuntu SMP Fri Jul 24 21:16:20 UTC 2015 x86_64
libc:glibc 2.19 NPTL 2.19 
rlimit: STACK 8192k, CORE 0k, NPROC 128279, NOFILE 4096, AS infinity
load average:0,43 0,27 0,20

/proc/meminfo:
MemTotal:       32861612 kB
MemFree:         1995396 kB
MemAvailable:   28076848 kB
Buffers:         9079400 kB
Cached:         16890428 kB
SwapCached:            0 kB
Active:         15052048 kB
Inactive:       15021892 kB
Active(anon):    3377312 kB
Inactive(anon):   844144 kB
Active(file):   11674736 kB
Inactive(file): 14177748 kB
Unevictable:          48 kB
Mlocked:              48 kB
SwapTotal:      16449532 kB
SwapFree:       16449532 kB
Dirty:             61856 kB
Writeback:             0 kB
AnonPages:       4125412 kB
Mapped:           576836 kB
Shmem:            116576 kB
Slab:             532576 kB
SReclaimable:     482384 kB
SUnreclaim:        50192 kB
KernelStack:       12144 kB
PageTables:        40976 kB
NFS_Unstable:          0 kB
Bounce:                0 kB
WritebackTmp:          0 kB
CommitLimit:    32880336 kB
Committed_AS:    9966448 kB
VmallocTotal:   34359738367 kB
VmallocUsed:      362544 kB
VmallocChunk:   34359371772 kB
HardwareCorrupted:     0 kB
AnonHugePages:   2480128 kB
CmaTotal:              0 kB
CmaFree:               0 kB
HugePages_Total:       0
HugePages_Free:        0
HugePages_Rsvd:        0
HugePages_Surp:        0
Hugepagesize:       2048 kB
DirectMap4k:     6012416 kB
DirectMap2M:    27455488 kB
DirectMap1G:     1048576 kB


CPU:total 8 (4 cores per cpu, 2 threads per core) family 6 model 60 stepping 3, cmov, cx8, fxsr, mmx, sse, sse2, sse3, ssse3, sse4.1, sse4.2, popcnt, avx, avx2, aes, clmul, erms, lzcnt, ht, tsc, tscinvbit, bmi1, bmi2

/proc/cpuinfo:
processor	: 0
vendor_id	: GenuineIntel
cpu family	: 6
model		: 60
model name	: Intel(R) Core(TM) i7-4810MQ CPU @ 2.80GHz
stepping	: 3
microcode	: 0x1c
cpu MHz		: 3599.968
cache size	: 6144 KB
physical id	: 0
siblings	: 8
core id		: 0
cpu cores	: 4
apicid		: 0
initial apicid	: 0
fpu		: yes
fpu_exception	: yes
cpuid level	: 13
wp		: yes
flags		: fpu vme de pse tsc msr pae mce cx8 apic sep mtrr pge mca cmov pat pse36 clflush dts acpi mmx fxsr sse sse2 ss ht tm pbe syscall nx pdpe1gb rdtscp lm constant_tsc arch_perfmon pebs bts rep_good nopl xtopology nonstop_tsc aperfmperf eagerfpu pni pclmulqdq dtes64 monitor ds_cpl vmx smx est tm2 ssse3 fma cx16 xtpr pdcm pcid sse4_1 sse4_2 x2apic movbe popcnt tsc_deadline_timer aes xsave avx f16c rdrand lahf_lm abm ida arat epb pln pts dtherm tpr_shadow vnmi flexpriority ept vpid fsgsbase tsc_adjust bmi1 avx2 smep bmi2 erms invpcid xsaveopt
bugs		:
bogomips	: 5586.76
clflush size	: 64
cache_alignment	: 64
address sizes	: 39 bits physical, 48 bits virtual
power management:

processor	: 1
vendor_id	: GenuineIntel
cpu family	: 6
model		: 60
model name	: Intel(R) Core(TM) i7-4810MQ CPU @ 2.80GHz
stepping	: 3
microcode	: 0x1c
cpu MHz		: 3600.296
cache size	: 6144 KB
physical id	: 0
siblings	: 8
core id		: 0
cpu cores	: 4
apicid		: 1
initial apicid	: 1
fpu		: yes
fpu_exception	: yes
cpuid level	: 13
wp		: yes
flags		: fpu vme de pse tsc msr pae mce cx8 apic sep mtrr pge mca cmov pat pse36 clflush dts acpi mmx fxsr sse sse2 ss ht tm pbe syscall nx pdpe1gb rdtscp lm constant_tsc arch_perfmon pebs bts rep_good nopl xtopology nonstop_tsc aperfmperf eagerfpu pni pclmulqdq dtes64 monitor ds_cpl vmx smx est tm2 ssse3 fma cx16 xtpr pdcm pcid sse4_1 sse4_2 x2apic movbe popcnt tsc_deadline_timer aes xsave avx f16c rdrand lahf_lm abm ida arat epb pln pts dtherm tpr_shadow vnmi flexpriority ept vpid fsgsbase tsc_adjust bmi1 avx2 smep bmi2 erms invpcid xsaveopt
bugs		:
bogomips	: 5586.76
clflush size	: 64
cache_alignment	: 64
address sizes	: 39 bits physical, 48 bits virtual
power management:

processor	: 2
vendor_id	: GenuineIntel
cpu family	: 6
model		: 60
model name	: Intel(R) Core(TM) i7-4810MQ CPU @ 2.80GHz
stepping	: 3
microcode	: 0x1c
cpu MHz		: 3600.078
cache size	: 6144 KB
physical id	: 0
siblings	: 8
core id		: 1
cpu cores	: 4
apicid		: 2
initial apicid	: 2
fpu		: yes
fpu_exception	: yes
cpuid level	: 13
wp		: yes
flags		: fpu vme de pse tsc msr pae mce cx8 apic sep mtrr pge mca cmov pat pse36 clflush dts acpi mmx fxsr sse sse2 ss ht tm pbe syscall nx pdpe1gb rdtscp lm constant_tsc arch_perfmon pebs bts rep_good nopl xtopology nonstop_tsc aperfmperf eagerfpu pni pclmulqdq dtes64 monitor ds_cpl vmx smx est tm2 ssse3 fma cx16 xtpr pdcm pcid sse4_1 sse4_2 x2apic movbe popcnt tsc_deadline_timer aes xsave avx f16c rdrand lahf_lm abm ida arat epb pln pts dtherm tpr_shadow vnmi flexpriority ept vpid fsgsbase tsc_adjust bmi1 avx2 smep bmi2 erms invpcid xsaveopt
bugs		:
bogomips	: 5586.76
clflush size	: 64
cache_alignment	: 64
address sizes	: 39 bits physical, 48 bits virtual
power management:

processor	: 3
vendor_id	: GenuineIntel
cpu family	: 6
model		: 60
model name	: Intel(R) Core(TM) i7-4810MQ CPU @ 2.80GHz
stepping	: 3
microcode	: 0x1c
cpu MHz		: 3599.968
cache size	: 6144 KB
physical id	: 0
siblings	: 8
core id		: 1
cpu cores	: 4
apicid		: 3
initial apicid	: 3
fpu		: yes
fpu_exception	: yes
cpuid level	: 13
wp		: yes
flags		: fpu vme de pse tsc msr pae mce cx8 apic sep mtrr pge mca cmov pat pse36 clflush dts acpi mmx fxsr sse sse2 ss ht tm pbe syscall nx pdpe1gb rdtscp lm constant_tsc arch_perfmon pebs bts rep_good nopl xtopology nonstop_tsc aperfmperf eagerfpu pni pclmulqdq dtes64 monitor ds_cpl vmx smx est tm2 ssse3 fma cx16 xtpr pdcm pcid sse4_1 sse4_2 x2apic movbe popcnt tsc_deadline_timer aes xsave avx f16c rdrand lahf_lm abm ida arat epb pln pts dtherm tpr_shadow vnmi flexpriority ept vpid fsgsbase tsc_adjust bmi1 avx2 smep bmi2 erms invpcid xsaveopt
bugs		:
bogomips	: 5586.76
clflush size	: 64
cache_alignment	: 64
address sizes	: 39 bits physical, 48 bits virtual
power management:

processor	: 4
vendor_id	: GenuineIntel
cpu family	: 6
model		: 60
model name	: Intel(R) Core(TM) i7-4810MQ CPU @ 2.80GHz
stepping	: 3
microcode	: 0x1c
cpu MHz		: 3599.968
cache size	: 6144 KB
physical id	: 0
siblings	: 8
core id		: 2
cpu cores	: 4
apicid		: 4
initial apicid	: 4
fpu		: yes
fpu_exception	: yes
cpuid level	: 13
wp		: yes
flags		: fpu vme de pse tsc msr pae mce cx8 apic sep mtrr pge mca cmov pat pse36 clflush dts acpi mmx fxsr sse sse2 ss ht tm pbe syscall nx pdpe1gb rdtscp lm constant_tsc arch_perfmon pebs bts rep_good nopl xtopology nonstop_tsc aperfmperf eagerfpu pni pclmulqdq dtes64 monitor ds_cpl vmx smx est tm2 ssse3 fma cx16 xtpr pdcm pcid sse4_1 sse4_2 x2apic movbe popcnt tsc_deadline_timer aes xsave avx f16c rdrand lahf_lm abm ida arat epb pln pts dtherm tpr_shadow vnmi flexpriority ept vpid fsgsbase tsc_adjust bmi1 avx2 smep bmi2 erms invpcid xsaveopt
bugs		:
bogomips	: 5586.76
clflush size	: 64
cache_alignment	: 64
address sizes	: 39 bits physical, 48 bits virtual
power management:

processor	: 5
vendor_id	: GenuineIntel
cpu family	: 6
model		: 60
model name	: Intel(R) Core(TM) i7-4810MQ CPU @ 2.80GHz
stepping	: 3
microcode	: 0x1c
cpu MHz		: 3600.078
cache size	: 6144 KB
physical id	: 0
siblings	: 8
core id		: 2
cpu cores	: 4
apicid		: 5
initial apicid	: 5
fpu		: yes
fpu_exception	: yes
cpuid level	: 13
wp		: yes
flags		: fpu vme de pse tsc msr pae mce cx8 apic sep mtrr pge mca cmov pat pse36 clflush dts acpi mmx fxsr sse sse2 ss ht tm pbe syscall nx pdpe1gb rdtscp lm constant_tsc arch_perfmon pebs bts rep_good nopl xtopology nonstop_tsc aperfmperf eagerfpu pni pclmulqdq dtes64 monitor ds_cpl vmx smx est tm2 ssse3 fma cx16 xtpr pdcm pcid sse4_1 sse4_2 x2apic movbe popcnt tsc_deadline_timer aes xsave avx f16c rdrand lahf_lm abm ida arat epb pln pts dtherm tpr_shadow vnmi flexpriority ept vpid fsgsbase tsc_adjust bmi1 avx2 smep bmi2 erms invpcid xsaveopt
bugs		:
bogomips	: 5586.76
clflush size	: 64
cache_alignment	: 64
address sizes	: 39 bits physical, 48 bits virtual
power management:

processor	: 6
vendor_id	: GenuineIntel
cpu family	: 6
model		: 60
model name	: Intel(R) Core(TM) i7-4810MQ CPU @ 2.80GHz
stepping	: 3
microcode	: 0x1c
cpu MHz		: 3599.968
cache size	: 6144 KB
physical id	: 0
siblings	: 8
core id		: 3
cpu cores	: 4
apicid		: 6
initial apicid	: 6
fpu		: yes
fpu_exception	: yes
cpuid level	: 13
wp		: yes
flags		: fpu vme de pse tsc msr pae mce cx8 apic sep mtrr pge mca cmov pat pse36 clflush dts acpi mmx fxsr sse sse2 ss ht tm pbe syscall nx pdpe1gb rdtscp lm constant_tsc arch_perfmon pebs bts rep_good nopl xtopology nonstop_tsc aperfmperf eagerfpu pni pclmulqdq dtes64 monitor ds_cpl vmx smx est tm2 ssse3 fma cx16 xtpr pdcm pcid sse4_1 sse4_2 x2apic movbe popcnt tsc_deadline_timer aes xsave avx f16c rdrand lahf_lm abm ida arat epb pln pts dtherm tpr_shadow vnmi flexpriority ept vpid fsgsbase tsc_adjust bmi1 avx2 smep bmi2 erms invpcid xsaveopt
bugs		:
bogomips	: 5586.76
clflush size	: 64
cache_alignment	: 64
address sizes	: 39 bits physical, 48 bits virtual
power management:

processor	: 7
vendor_id	: GenuineIntel
cpu family	: 6
model		: 60
model name	: Intel(R) Core(TM) i7-4810MQ CPU @ 2.80GHz
stepping	: 3
microcode	: 0x1c
cpu MHz		: 3599.968
cache size	: 6144 KB
physical id	: 0
siblings	: 8
core id		: 3
cpu cores	: 4
apicid		: 7
initial apicid	: 7
fpu		: yes
fpu_exception	: yes
cpuid level	: 13
wp		: yes
flags		: fpu vme de pse tsc msr pae mce cx8 apic sep mtrr pge mca cmov pat pse36 clflush dts acpi mmx fxsr sse sse2 ss ht tm pbe syscall nx pdpe1gb rdtscp lm constant_tsc arch_perfmon pebs bts rep_good nopl xtopology nonstop_tsc aperfmperf eagerfpu pni pclmulqdq dtes64 monitor ds_cpl vmx smx est tm2 ssse3 fma cx16 xtpr pdcm pcid sse4_1 sse4_2 x2apic movbe popcnt tsc_deadline_timer aes xsave avx f16c rdrand lahf_lm abm ida arat epb pln pts dtherm tpr_shadow vnmi flexpriority ept vpid fsgsbase tsc_adjust bmi1 avx2 smep bmi2 erms invpcid xsaveopt
bugs		:
bogomips	: 5586.76
clflush size	: 64
cache_alignment	: 64
address sizes	: 39 bits physical, 48 bits virtual
power management:



Memory: 4k page, physical 32861612k(1995396k free), swap 16449532k(16449532k free)

vm_info: Java HotSpot(TM) 64-Bit Server VM (25.77-b03) for linux-amd64 JRE (1.8.0_77-b03), built on Mar 20 2016 22:00:46 by "java_re" with gcc 4.3.0 20080428 (Red Hat 4.3.0-8)

time: Thu Feb  2 17:19:28 2017
elapsed time: 2 seconds (0d 0h 0m 2s)

