#
# A fatal error has been detected by the Java Runtime Environment:
#
#  SIGSEGV (0xb) at pc=0x00007f5ea5ff2a93, pid=15681, tid=140044091021056
#
# JRE version: Java(TM) SE Runtime Environment (8.0_77-b03) (build 1.8.0_77-b03)
# Java VM: Java HotSpot(TM) 64-Bit Server VM (25.77-b03 mixed mode linux-amd64 compressed oops)
# Problematic frame:
# V  [libjvm.so+0x984a93]  oopDesc* PSPromotionManager::copy_to_survivor_space<false>(oopDesc*)+0x143
#
# Failed to write core dump. Core dumps have been disabled. To enable core dumping, try "ulimit -c unlimited" before starting Java again
#
# If you would like to submit a bug report, please visit:
#   http://bugreport.java.com/bugreport/crash.jsp
#

---------------  T H R E A D  ---------------

Current thread (0x00007f5ea0029000):  GCTaskThread [stack: 0x00007f5e8e3c5000,0x00007f5e8e4c6000] [id=15690]

siginfo: si_signo: 11 (SIGSEGV), si_code: 1 (SEGV_MAPERR), si_addr: 0x0000000000000008

Registers:
RAX=0x00007f5ea65ef830, RBX=0x00000007215b133c, RCX=0x0000000000000003, RDX=0x0000000000000001
RSP=0x00007f5e8e4c4970, RBP=0x00007f5e8e4c49e0, RSI=0x0000000720a56b70, RDI=0x0000000000000000
R8 =0x00000007215b1330, R9 =0x00007f5ea6623270, R10=0x00007f5ea6613c19, R11=0x00007f5e8e4c4990
R12=0x0000000720a56b70, R13=0xe414ad7ae414ad75, R14=0x0000000000000000, R15=0x00007f5ea007fda8
RIP=0x00007f5ea5ff2a93, EFLAGS=0x0000000000010246, CSGSFS=0x0000000000000033, ERR=0x0000000000000004
  TRAPNO=0x000000000000000e

Top of Stack: (sp=0x00007f5e8e4c4970)
0x00007f5e8e4c4970:   0000000000000000 00007f5ea6613c19
0x00007f5e8e4c4980:   0000000000000000 00007f5ea007fd40
0x00007f5e8e4c4990:   000000072140bd15 0000000000001000
0x00007f5e8e4c49a0:   0000000718ec84da 0000000000001000
0x00007f5e8e4c49b0:   00007f5ea007fd40 00000007215b133c
0x00007f5e8e4c49c0:   00007f5ea007fd40 00007f5ea65ef820
0x00007f5e8e4c49d0:   0000000000000000 00007f5ea007fda8
0x00007f5e8e4c49e0:   00007f5e8e4c4ad0 00007f5ea5ff2318
0x00007f5e8e4c49f0:   00007f5e8e4c4a50 00007f5e8e4c4a60
0x00007f5e8e4c4a00:   00007f5e8e4c4a70 00007f5e8e4c4a30
0x00007f5e8e4c4a10:   00007f5e8e4c4a40 00007f5e8e4c4a90
0x00007f5e8e4c4a20:   01007f5ea0029560 00007f5ea007fdd8
0x00007f5e8e4c4a30:   000000071dc44f58 0000000000000001
0x00007f5e8e4c4a40:   0000000000000000 0000000000000003
0x00007f5e8e4c4a50:   00007f5e8e4c4ad0 00007f5ea5ff6ce0
0x00007f5e8e4c4a60:   0000020400000091 00007f5ea6613c19
0x00007f5e8e4c4a70:   000003ca000000d0 00007f5e8e4c4a90
0x00007f5e8e4c4a80:   0000000720bc61b9 00007f5ea007fd40
0x00007f5e8e4c4a90:   00000007215b133d 00007f5e8e4c4af0
0x00007f5e8e4c4aa0:   00007f5ea0030ce0 000000071a77a400
0x00007f5e8e4c4ab0:   00007f5ea0080630 0000000000000004
0x00007f5e8e4c4ac0:   00007f5e8e4c4af0 00007f5e8e4c4afc
0x00007f5e8e4c4ad0:   00007f5e8e4c4b30 00007f5ea5ff611e
0x00007f5e8e4c4ae0:   00007f5e2c0fb220 00007f5ea007fd40
0x00007f5e8e4c4af0:   000000071a77a402 0a0bc0d6a5c418a7
0x00007f5e8e4c4b00:   00007f5e8e4c4b30 00007f5e2c0fb220
0x00007f5e8e4c4b10:   00007f5ea0029000 0000000000000001
0x00007f5e8e4c4b20:   00007f5ea0029560 00007f5ea61b2721
0x00007f5e8e4c4b30:   00007f5e8e4c4c40 00007f5ea5c4259f
0x00007f5e8e4c4b40:   0000000000000000 00007f5e8e4c4b80
0x00007f5e8e4c4b50:   00007f5e8e4c4c00 0000000000000000
0x00007f5e8e4c4b60:   00007f5ea00295a0 00007f5ea00295b0 

Instructions: (pc=0x00007f5ea5ff2a93)
0x00007f5ea5ff2a73:   83 e0 07 48 83 f8 05 75 d3 31 db eb d6 48 8b 05
0x00007f5ea5ff2a83:   c1 dd 5d 00 8b 7e 08 8b 48 08 48 d3 e7 48 03 38
0x00007f5ea5ff2a93:   8b 77 08 83 fe 00 0f 8f 0a ff ff ff 0f 85 4b 02
0x00007f5ea5ff2aa3:   00 00 0f 1f 00 48 8b 07 4c 89 e6 4c 89 55 98 ff 

Register to memory mapping:

RAX=0x00007f5ea65ef830: <offset 0xf81830> in /usr/local/java/jdk1.8.0_77/jre/lib/amd64/server/libjvm.so at 0x00007f5ea566e000
RBX=0x00000007215b133c is an unknown value
RCX=0x0000000000000003 is an unknown value
RDX=0x0000000000000001 is an unknown value
RSP=0x00007f5e8e4c4970 is an unknown value
RBP=0x00007f5e8e4c49e0 is an unknown value
RSI=0x0000000720a56b70 is an oop

[error occurred during error reporting (printing register info), id 0xb]

Stack: [0x00007f5e8e3c5000,0x00007f5e8e4c6000],  sp=0x00007f5e8e4c4970,  free space=1022k
Native frames: (J=compiled Java code, j=interpreted, Vv=VM code, C=native code)
V  [libjvm.so+0x984a93]  oopDesc* PSPromotionManager::copy_to_survivor_space<false>(oopDesc*)+0x143
V  [libjvm.so+0x984318]  PSPromotionManager::drain_stacks_depth(bool)+0x7e8
V  [libjvm.so+0x98811e]  StealTask::do_it(GCTaskManager*, unsigned int)+0x19e
V  [libjvm.so+0x5d459f]  GCTaskThread::run()+0x12f
V  [libjvm.so+0x91d9d8]  java_start(Thread*)+0x108


---------------  P R O C E S S  ---------------

Java Threads: ( => current thread )
  0x00007f5ea00dd800 JavaThread "Service Thread" daemon [_thread_blocked, id=15708, stack(0x00007f5e6dcba000,0x00007f5e6ddbb000)]
  0x00007f5ea00da800 JavaThread "C1 CompilerThread3" daemon [_thread_blocked, id=15707, stack(0x00007f5e6ddbb000,0x00007f5e6debc000)]
  0x00007f5ea00d8000 JavaThread "C2 CompilerThread2" daemon [_thread_blocked, id=15706, stack(0x00007f5e6debc000,0x00007f5e6dfbd000)]
  0x00007f5ea00d6800 JavaThread "C2 CompilerThread1" daemon [_thread_blocked, id=15705, stack(0x00007f5e6dfbd000,0x00007f5e6e0be000)]
  0x00007f5ea00d3800 JavaThread "C2 CompilerThread0" daemon [_thread_blocked, id=15704, stack(0x00007f5e6e0be000,0x00007f5e6e1bf000)]
  0x00007f5e48001000 JavaThread "JDWP Command Reader" daemon [_thread_in_native, id=15702, stack(0x00007f5e6e1bf000,0x00007f5e6e2c0000)]
  0x00007f5ea00d1800 JavaThread "JDWP Event Helper Thread" daemon [_thread_blocked, id=15700, stack(0x00007f5e6e2c0000,0x00007f5e6e3c1000)]
  0x00007f5ea00ce000 JavaThread "JDWP Transport Listener: dt_socket" daemon [_thread_blocked, id=15698, stack(0x00007f5e6e3c1000,0x00007f5e6e4c2000)]
  0x00007f5ea00c1000 JavaThread "Signal Dispatcher" daemon [_thread_blocked, id=15697, stack(0x00007f5e6e6c6000,0x00007f5e6e7c7000)]
  0x00007f5ea008f000 JavaThread "Finalizer" daemon [_thread_blocked, id=15696, stack(0x00007f5e6e7c7000,0x00007f5e6e8c8000)]
  0x00007f5ea008a800 JavaThread "Reference Handler" daemon [_thread_blocked, id=15695, stack(0x00007f5e6e8c8000,0x00007f5e6e9c9000)]
  0x00007f5ea000c800 JavaThread "main" [_thread_blocked, id=15685, stack(0x00007f5ea713c000,0x00007f5ea723d000)]

Other Threads:
  0x00007f5ea0082800 VMThread [stack: 0x00007f5e6e9c9000,0x00007f5e6eaca000] [id=15694]
  0x00007f5ea00e0800 WatcherThread [stack: 0x00007f5e6dbb9000,0x00007f5e6dcba000] [id=15709]

=>0x00007f5ea0029000 (exited) GCTaskThread [stack: 0x00007f5e8e3c5000,0x00007f5e8e4c6000] [id=15690]

VM state:at safepoint (normal execution)

VM Mutex/Monitor currently owned by a thread:  ([mutex/lock_event])
[0x00007f5ea0008ef0] Threads_lock - owner thread: 0x00007f5ea0082800
[0x00007f5ea00093f0] Heap_lock - owner thread: 0x00007f5ea000c800

Heap:
 PSYoungGen      total 150016K, used 147968K [0x0000000718d80000, 0x000000072b280000, 0x00000007c0000000)
  eden space 129024K, 100% used [0x0000000718d80000,0x0000000720b80000,0x0000000720b80000)
  from space 20992K, 90% used [0x0000000722000000,0x0000000723280000,0x0000000723480000)
  to   space 20992K, 100% used [0x0000000720b80000,0x0000000722000000,0x0000000722000000)
 ParOldGen       total 343040K, used 6256K [0x00000005ca800000, 0x00000005df700000, 0x0000000718d80000)
  object space 343040K, 1% used [0x00000005ca800000,0x00000005cae1c020,0x00000005df700000)
 Metaspace       used 3391K, capacity 4664K, committed 4864K, reserved 1056768K
  class space    used 356K, capacity 424K, committed 512K, reserved 1048576K

Card table byte_map: [0x00007f5e8f23c000,0x00007f5e901e9000] byte_map_base: 0x00007f5e8c3e8000

Marking Bits: (ParMarkBitMap*) 0x00007f5ea6623100
 Begin Bits: [0x00007f5e58540000, 0x00007f5e602a0000)
 End Bits:   [0x00007f5e602a0000, 0x00007f5e68000000)

Polling page: 0x00007f5ea726a000

CodeCache: size=245760Kb used=1864Kb max_used=1875Kb free=243896Kb
 bounds [0x00007f5e905a9000, 0x00007f5e90819000, 0x00007f5e9f5a9000]
 total_blobs=532 nmethods=278 adapters=176
 compilation: enabled

Compilation events (10 events):
Event: 1,015 Thread 0x00007f5ea00da800  274       3       sun.misc.FDBigInteger::leftShift (50 bytes)
Event: 1,016 Thread 0x00007f5ea00da800 nmethod 274 0x00007f5e9075dc10 code [0x00007f5e9075dd80, 0x00007f5e9075dff0]
Event: 1,238 Thread 0x00007f5ea00d3800  275       4       java.nio.ByteBuffer::array (35 bytes)
Event: 1,239 Thread 0x00007f5ea00d3800 nmethod 275 0x00007f5e90774410 code [0x00007f5e90774560, 0x00007f5e907745f8]
Event: 1,460 Thread 0x00007f5ea00d6800  276       4       java.nio.CharBuffer::array (35 bytes)
Event: 1,460 Thread 0x00007f5ea00d8000  277       4       sun.nio.cs.UTF_8::access$200 (8 bytes)
Event: 1,461 Thread 0x00007f5ea00d6800 nmethod 276 0x00007f5e90776610 code [0x00007f5e90776760, 0x00007f5e907767f8]
Event: 1,463 Thread 0x00007f5ea00d8000 nmethod 277 0x00007f5e9075d190 code [0x00007f5e9075d320, 0x00007f5e9075d718]
Event: 1,510 Thread 0x00007f5ea00d3800  278   !   4       java.nio.charset.CharsetEncoder::encode (285 bytes)
Event: 1,512 Thread 0x00007f5ea00d3800 nmethod 278 0x00007f5e9077fa10 code [0x00007f5e9077fba0, 0x00007f5e9077fe68]

GC Heap History (5 events):
Event: 0,693 GC heap before
{Heap before GC invocations=1 (full 0):
 PSYoungGen      total 150016K, used 129024K [0x0000000718d80000, 0x0000000723480000, 0x00000007c0000000)
  eden space 129024K, 100% used [0x0000000718d80000,0x0000000720b80000,0x0000000720b80000)
  from space 20992K, 0% used [0x0000000722000000,0x0000000722000000,0x0000000723480000)
  to   space 20992K, 0% used [0x0000000720b80000,0x0000000720b80000,0x0000000722000000)
 ParOldGen       total 343040K, used 0K [0x00000005ca800000, 0x00000005df700000, 0x0000000718d80000)
  object space 343040K, 0% used [0x00000005ca800000,0x00000005ca800000,0x00000005df700000)
 Metaspace       used 3389K, capacity 4664K, committed 4864K, reserved 1056768K
  class space    used 356K, capacity 424K, committed 512K, reserved 1048576K
Event: 0,700 GC heap after
Heap after GC invocations=1 (full 0):
 PSYoungGen      total 150016K, used 10544K [0x0000000718d80000, 0x0000000723480000, 0x00000007c0000000)
  eden space 129024K, 0% used [0x0000000718d80000,0x0000000718d80000,0x0000000720b80000)
  from space 20992K, 50% used [0x0000000720b80000,0x00000007215cc010,0x0000000722000000)
  to   space 20992K, 0% used [0x0000000722000000,0x0000000722000000,0x0000000723480000)
 ParOldGen       total 343040K, used 8K [0x00000005ca800000, 0x00000005df700000, 0x0000000718d80000)
  object space 343040K, 0% used [0x00000005ca800000,0x00000005ca802000,0x00000005df700000)
 Metaspace       used 3389K, capacity 4664K, committed 4864K, reserved 1056768K
  class space    used 356K, capacity 424K, committed 512K, reserved 1048576K
}
Event: 1,164 GC heap before
{Heap before GC invocations=2 (full 0):
 PSYoungGen      total 150016K, used 139568K [0x0000000718d80000, 0x0000000723480000, 0x00000007c0000000)
  eden space 129024K, 100% used [0x0000000718d80000,0x0000000720b80000,0x0000000720b80000)
  from space 20992K, 50% used [0x0000000720b80000,0x00000007215cc010,0x0000000722000000)
  to   space 20992K, 0% used [0x0000000722000000,0x0000000722000000,0x0000000723480000)
 ParOldGen       total 343040K, used 8K [0x00000005ca800000, 0x00000005df700000, 0x0000000718d80000)
  object space 343040K, 0% used [0x00000005ca800000,0x00000005ca802000,0x00000005df700000)
 Metaspace       used 3391K, capacity 4664K, committed 4864K, reserved 1056768K
  class space    used 356K, capacity 424K, committed 512K, reserved 1048576K
Event: 1,181 GC heap after
Heap after GC invocations=2 (full 0):
 PSYoungGen      total 150016K, used 18944K [0x0000000718d80000, 0x000000072b280000, 0x00000007c0000000)
  eden space 129024K, 0% used [0x0000000718d80000,0x0000000718d80000,0x0000000720b80000)
  from space 20992K, 90% used [0x0000000722000000,0x0000000723280000,0x0000000723480000)
  to   space 20992K, 0% used [0x0000000720b80000,0x0000000720b80000,0x0000000722000000)
 ParOldGen       total 343040K, used 16K [0x00000005ca800000, 0x00000005df700000, 0x0000000718d80000)
  object space 343040K, 0% used [0x00000005ca800000,0x00000005ca804000,0x00000005df700000)
 Metaspace       used 3391K, capacity 4664K, committed 4864K, reserved 1056768K
  class space    used 356K, capacity 424K, committed 512K, reserved 1048576K
}
Event: 1,634 GC heap before
{Heap before GC invocations=3 (full 0):
 PSYoungGen      total 150016K, used 147968K [0x0000000718d80000, 0x000000072b280000, 0x00000007c0000000)
  eden space 129024K, 100% used [0x0000000718d80000,0x0000000720b80000,0x0000000720b80000)
  from space 20992K, 90% used [0x0000000722000000,0x0000000723280000,0x0000000723480000)
  to   space 20992K, 0% used [0x0000000720b80000,0x0000000720b80000,0x0000000722000000)
 ParOldGen       total 343040K, used 16K [0x00000005ca800000, 0x00000005df700000, 0x0000000718d80000)
  object space 343040K, 0% used [0x00000005ca800000,0x00000005ca804000,0x00000005df700000)
 Metaspace       used 3391K, capacity 4664K, committed 4864K, reserved 1056768K
  class space    used 356K, capacity 424K, committed 512K, reserved 1048576K

Deoptimization events (1 events):
Event: 0,214 Thread 0x00007f5ea000c800 Uncommon trap: reason=unstable_if action=reinterpret pc=0x00007f5e9071fdc4 method=sun.misc.FloatingDecimal$BinaryToASCIIBuffer.dtoa(IJIZ)V @ 97

Internal exceptions (6 events):
Event: 0,018 Thread 0x00007f5ea000c800 Exception <a 'java/lang/NoSuchMethodError': Method sun.misc.Unsafe.defineClass(Ljava/lang/String;[BII)Ljava/lang/Class; name or signature does not match> (0x0000000718d87cc0) thrown at [/HUDSON/workspace/8-2-build-linux-amd64/jdk8u77/6540/hotspot/src/shar
Event: 0,018 Thread 0x00007f5ea000c800 Exception <a 'java/lang/NoSuchMethodError': Method sun.misc.Unsafe.prefetchRead(Ljava/lang/Object;J)V name or signature does not match> (0x0000000718d87fa8) thrown at [/HUDSON/workspace/8-2-build-linux-amd64/jdk8u77/6540/hotspot/src/share/vm/prims/jni.cpp
Event: 0,073 Thread 0x00007f5ea000c800 Exception <a 'java/security/PrivilegedActionException'> (0x0000000718e20158) thrown at [/HUDSON/workspace/8-2-build-linux-amd64/jdk8u77/6540/hotspot/src/share/vm/prims/jvm.cpp, line 1386]
Event: 0,073 Thread 0x00007f5ea000c800 Exception <a 'java/security/PrivilegedActionException'> (0x0000000718e20368) thrown at [/HUDSON/workspace/8-2-build-linux-amd64/jdk8u77/6540/hotspot/src/share/vm/prims/jvm.cpp, line 1386]
Event: 0,073 Thread 0x00007f5ea000c800 Exception <a 'java/security/PrivilegedActionException'> (0x0000000718e22800) thrown at [/HUDSON/workspace/8-2-build-linux-amd64/jdk8u77/6540/hotspot/src/share/vm/prims/jvm.cpp, line 1386]
Event: 0,073 Thread 0x00007f5ea000c800 Exception <a 'java/security/PrivilegedActionException'> (0x0000000718e22a10) thrown at [/HUDSON/workspace/8-2-build-linux-amd64/jdk8u77/6540/hotspot/src/share/vm/prims/jvm.cpp, line 1386]

Events (10 events):
Event: 0,237 Thread 0x00007f5ea000c800 DEOPT UNPACKING pc=0x00007f5e905f0633 sp=0x00007f5ea723b138 mode 0
Event: 0,238 Thread 0x00007f5ea000c800 DEOPT PACKING pc=0x00007f5e907168be sp=0x00007f5ea723b300
Event: 0,238 Thread 0x00007f5ea000c800 DEOPT UNPACKING pc=0x00007f5e905f0633 sp=0x00007f5ea723b138 mode 0
Event: 0,693 Executing VM operation: ParallelGCFailedAllocation
Event: 0,700 Executing VM operation: ParallelGCFailedAllocation done
Event: 0,779 Thread 0x00007f5ea000c800 DEOPT PACKING pc=0x00007f5e907654ab sp=0x00007f5ea723b740
Event: 0,779 Thread 0x00007f5ea000c800 DEOPT UNPACKING pc=0x00007f5e905f0633 sp=0x00007f5ea723b610 mode 0
Event: 1,164 Executing VM operation: ParallelGCFailedAllocation
Event: 1,181 Executing VM operation: ParallelGCFailedAllocation done
Event: 1,634 Executing VM operation: ParallelGCFailedAllocation


Dynamic libraries:
00400000-00401000 r-xp 00000000 fc:00 2252148                            /usr/local/java/jdk1.8.0_77/bin/java
00600000-00601000 rw-p 00000000 fc:00 2252148                            /usr/local/java/jdk1.8.0_77/bin/java
01936000-01957000 rw-p 00000000 00:00 0                                  [heap]
5ca800000-5df700000 rw-p 00000000 00:00 0 
5df700000-718d80000 ---p 00000000 00:00 0 
718d80000-72b280000 rw-p 00000000 00:00 0 
72b280000-7c0000000 ---p 00000000 00:00 0 
7c0000000-7c0080000 rw-p 00000000 00:00 0 
7c0080000-800000000 ---p 00000000 00:00 0 
7f5e24000000-7f5e24021000 rw-p 00000000 00:00 0 
7f5e24021000-7f5e28000000 ---p 00000000 00:00 0 
7f5e28000000-7f5e28021000 rw-p 00000000 00:00 0 
7f5e28021000-7f5e2c000000 ---p 00000000 00:00 0 
7f5e2c000000-7f5e2c205000 rw-p 00000000 00:00 0 
7f5e2c205000-7f5e30000000 ---p 00000000 00:00 0 
7f5e30000000-7f5e30246000 rw-p 00000000 00:00 0 
7f5e30246000-7f5e34000000 ---p 00000000 00:00 0 
7f5e34000000-7f5e34367000 rw-p 00000000 00:00 0 
7f5e34367000-7f5e38000000 ---p 00000000 00:00 0 
7f5e38000000-7f5e381e7000 rw-p 00000000 00:00 0 
7f5e381e7000-7f5e3c000000 ---p 00000000 00:00 0 
7f5e3c000000-7f5e3c021000 rw-p 00000000 00:00 0 
7f5e3c021000-7f5e40000000 ---p 00000000 00:00 0 
7f5e40000000-7f5e40021000 rw-p 00000000 00:00 0 
7f5e40021000-7f5e44000000 ---p 00000000 00:00 0 
7f5e44000000-7f5e44021000 rw-p 00000000 00:00 0 
7f5e44021000-7f5e48000000 ---p 00000000 00:00 0 
7f5e48000000-7f5e48021000 rw-p 00000000 00:00 0 
7f5e48021000-7f5e4c000000 ---p 00000000 00:00 0 
7f5e4c000000-7f5e4c021000 rw-p 00000000 00:00 0 
7f5e4c021000-7f5e50000000 ---p 00000000 00:00 0 
7f5e50000000-7f5e50021000 rw-p 00000000 00:00 0 
7f5e50021000-7f5e54000000 ---p 00000000 00:00 0 
7f5e54000000-7f5e54021000 rw-p 00000000 00:00 0 
7f5e54021000-7f5e58000000 ---p 00000000 00:00 0 
7f5e58540000-7f5e68000000 rw-p 00000000 00:00 0 
7f5e68000000-7f5e68021000 rw-p 00000000 00:00 0 
7f5e68021000-7f5e6c000000 ---p 00000000 00:00 0 
7f5e6d087000-7f5e6d34d000 rw-p 00000000 00:00 0 
7f5e6d34d000-7f5e6d363000 r-xp 00000000 fc:00 1310899                    /lib/x86_64-linux-gnu/libgcc_s.so.1
7f5e6d363000-7f5e6d562000 ---p 00016000 fc:00 1310899                    /lib/x86_64-linux-gnu/libgcc_s.so.1
7f5e6d562000-7f5e6d563000 r--p 00015000 fc:00 1310899                    /lib/x86_64-linux-gnu/libgcc_s.so.1
7f5e6d563000-7f5e6d564000 rw-p 00016000 fc:00 1310899                    /lib/x86_64-linux-gnu/libgcc_s.so.1
7f5e6d564000-7f5e6d66a000 r-xp 00000000 fc:00 2253105                    /usr/lib/x86_64-linux-gnu/libstdc++.so.6.0.22
7f5e6d66a000-7f5e6d869000 ---p 00106000 fc:00 2253105                    /usr/lib/x86_64-linux-gnu/libstdc++.so.6.0.22
7f5e6d869000-7f5e6d871000 r--p 00105000 fc:00 2253105                    /usr/lib/x86_64-linux-gnu/libstdc++.so.6.0.22
7f5e6d871000-7f5e6d873000 rw-p 0010d000 fc:00 2253105                    /usr/lib/x86_64-linux-gnu/libstdc++.so.6.0.22
7f5e6d873000-7f5e6d876000 rw-p 00000000 00:00 0 
7f5e6d8a0000-7f5e6d9ad000 r-xp 00000000 fc:00 2097213                    /tmp/RivLibLibrary-6729969590594650155.tmp
7f5e6d9ad000-7f5e6dbad000 ---p 0010d000 fc:00 2097213                    /tmp/RivLibLibrary-6729969590594650155.tmp
7f5e6dbad000-7f5e6dbb6000 r--p 0010d000 fc:00 2097213                    /tmp/RivLibLibrary-6729969590594650155.tmp
7f5e6dbb6000-7f5e6dbb8000 rw-p 00116000 fc:00 2097213                    /tmp/RivLibLibrary-6729969590594650155.tmp
7f5e6dbb8000-7f5e6dbb9000 rw-p 00000000 00:00 0 
7f5e6dbb9000-7f5e6dbba000 ---p 00000000 00:00 0 
7f5e6dbba000-7f5e6dcba000 rw-p 00000000 00:00 0                          [stack:15709]
7f5e6dcba000-7f5e6dcbd000 ---p 00000000 00:00 0 
7f5e6dcbd000-7f5e6ddbb000 rw-p 00000000 00:00 0                          [stack:15708]
7f5e6ddbb000-7f5e6ddbe000 ---p 00000000 00:00 0 
7f5e6ddbe000-7f5e6debc000 rw-p 00000000 00:00 0                          [stack:15707]
7f5e6debc000-7f5e6debf000 ---p 00000000 00:00 0 
7f5e6debf000-7f5e6dfbd000 rw-p 00000000 00:00 0                          [stack:15706]
7f5e6dfbd000-7f5e6dfc0000 ---p 00000000 00:00 0 
7f5e6dfc0000-7f5e6e0be000 rw-p 00000000 00:00 0                          [stack:15705]
7f5e6e0be000-7f5e6e0c1000 ---p 00000000 00:00 0 
7f5e6e0c1000-7f5e6e1bf000 rw-p 00000000 00:00 0                          [stack:15704]
7f5e6e1bf000-7f5e6e1c2000 ---p 00000000 00:00 0 
7f5e6e1c2000-7f5e6e2c0000 rw-p 00000000 00:00 0                          [stack:15702]
7f5e6e2c0000-7f5e6e2c3000 ---p 00000000 00:00 0 
7f5e6e2c3000-7f5e6e3c1000 rw-p 00000000 00:00 0                          [stack:15700]
7f5e6e3c1000-7f5e6e3c4000 ---p 00000000 00:00 0 
7f5e6e3c4000-7f5e6e4c2000 rw-p 00000000 00:00 0                          [stack:15698]
7f5e6e4c2000-7f5e6e4c6000 r-xp 00000000 fc:00 2894803                    /usr/local/java/jdk1.8.0_77/jre/lib/amd64/libdt_socket.so
7f5e6e4c6000-7f5e6e6c5000 ---p 00004000 fc:00 2894803                    /usr/local/java/jdk1.8.0_77/jre/lib/amd64/libdt_socket.so
7f5e6e6c5000-7f5e6e6c6000 rw-p 00003000 fc:00 2894803                    /usr/local/java/jdk1.8.0_77/jre/lib/amd64/libdt_socket.so
7f5e6e6c6000-7f5e6e6c9000 ---p 00000000 00:00 0 
7f5e6e6c9000-7f5e6e7c7000 rw-p 00000000 00:00 0                          [stack:15697]
7f5e6e7c7000-7f5e6e7ca000 ---p 00000000 00:00 0 
7f5e6e7ca000-7f5e6e8c8000 rw-p 00000000 00:00 0                          [stack:15696]
7f5e6e8c8000-7f5e6e8cb000 ---p 00000000 00:00 0 
7f5e6e8cb000-7f5e6e9c9000 rw-p 00000000 00:00 0                          [stack:15695]
7f5e6e9c9000-7f5e6e9ca000 ---p 00000000 00:00 0 
7f5e6e9ca000-7f5e70000000 rw-p 00000000 00:00 0                          [stack:15694]
7f5e70000000-7f5e70021000 rw-p 00000000 00:00 0 
7f5e70021000-7f5e74000000 ---p 00000000 00:00 0 
7f5e74000000-7f5e74021000 rw-p 00000000 00:00 0 
7f5e74021000-7f5e78000000 ---p 00000000 00:00 0 
7f5e78000000-7f5e78021000 rw-p 00000000 00:00 0 
7f5e78021000-7f5e7c000000 ---p 00000000 00:00 0 
7f5e7c000000-7f5e7c021000 rw-p 00000000 00:00 0 
7f5e7c021000-7f5e80000000 ---p 00000000 00:00 0 
7f5e80000000-7f5e80021000 rw-p 00000000 00:00 0 
7f5e80021000-7f5e84000000 ---p 00000000 00:00 0 
7f5e84000000-7f5e84021000 rw-p 00000000 00:00 0 
7f5e84021000-7f5e88000000 ---p 00000000 00:00 0 
7f5e88000000-7f5e88021000 rw-p 00000000 00:00 0 
7f5e88021000-7f5e8c000000 ---p 00000000 00:00 0 
7f5e8c002000-7f5e8c73e000 rw-p 00000000 00:00 0 
7f5e8c73e000-7f5e8c916000 r--s 03d1e000 fc:00 2766699                    /usr/local/java/jdk1.8.0_77/jre/lib/rt.jar
7f5e8c916000-7f5e8cd56000 rw-p 00000000 00:00 0 
7f5e8cd56000-7f5e8d116000 ---p 00000000 00:00 0 
7f5e8d116000-7f5e8e0c2000 rw-p 00000000 00:00 0 
7f5e8e0c2000-7f5e8e0c3000 ---p 00000000 00:00 0 
7f5e8e0c3000-7f5e8e1c3000 rw-p 00000000 00:00 0                          [stack:15693]
7f5e8e1c3000-7f5e8e1c4000 ---p 00000000 00:00 0 
7f5e8e1c4000-7f5e8e2c4000 rw-p 00000000 00:00 0                          [stack:15692]
7f5e8e2c4000-7f5e8e2c5000 ---p 00000000 00:00 0 
7f5e8e2c5000-7f5e8e3c5000 rw-p 00000000 00:00 0                          [stack:15691]
7f5e8e3c5000-7f5e8e3c6000 ---p 00000000 00:00 0 
7f5e8e3c6000-7f5e8e4c6000 rw-p 00000000 00:00 0                          [stack:15690]
7f5e8e4c6000-7f5e8e4c7000 ---p 00000000 00:00 0 
7f5e8e4c7000-7f5e8e5c7000 rw-p 00000000 00:00 0                          [stack:15689]
7f5e8e5c7000-7f5e8e5c8000 ---p 00000000 00:00 0 
7f5e8e5c8000-7f5e8e6c8000 rw-p 00000000 00:00 0                          [stack:15688]
7f5e8e6c8000-7f5e8e6c9000 ---p 00000000 00:00 0 
7f5e8e6c9000-7f5e8e871000 rw-p 00000000 00:00 0                          [stack:15687]
7f5e8e871000-7f5e8f23c000 ---p 00000000 00:00 0 
7f5e8f23c000-7f5e8f2e4000 rw-p 00000000 00:00 0 
7f5e8f2e4000-7f5e8fcae000 ---p 00000000 00:00 0 
7f5e8fcae000-7f5e8fd42000 rw-p 00000000 00:00 0 
7f5e8fd42000-7f5e901e8000 ---p 00000000 00:00 0 
7f5e901e8000-7f5e901f3000 rw-p 00000000 00:00 0 
7f5e901f3000-7f5e905a9000 ---p 00000000 00:00 0 
7f5e905a9000-7f5e90819000 rwxp 00000000 00:00 0 
7f5e90819000-7f5e9f5a9000 ---p 00000000 00:00 0 
7f5e9f5a9000-7f5e9f5c3000 r-xp 00000000 fc:00 2894827                    /usr/local/java/jdk1.8.0_77/jre/lib/amd64/libzip.so
7f5e9f5c3000-7f5e9f7c3000 ---p 0001a000 fc:00 2894827                    /usr/local/java/jdk1.8.0_77/jre/lib/amd64/libzip.so
7f5e9f7c3000-7f5e9f7c4000 rw-p 0001a000 fc:00 2894827                    /usr/local/java/jdk1.8.0_77/jre/lib/amd64/libzip.so
7f5e9f7c4000-7f5e9f7cf000 r-xp 00000000 fc:00 1310926                    /lib/x86_64-linux-gnu/libnss_files-2.19.so
7f5e9f7cf000-7f5e9f9ce000 ---p 0000b000 fc:00 1310926                    /lib/x86_64-linux-gnu/libnss_files-2.19.so
7f5e9f9ce000-7f5e9f9cf000 r--p 0000a000 fc:00 1310926                    /lib/x86_64-linux-gnu/libnss_files-2.19.so
7f5e9f9cf000-7f5e9f9d0000 rw-p 0000b000 fc:00 1310926                    /lib/x86_64-linux-gnu/libnss_files-2.19.so
7f5e9f9d0000-7f5e9f9db000 r-xp 00000000 fc:00 1310918                    /lib/x86_64-linux-gnu/libnss_nis-2.19.so
7f5e9f9db000-7f5e9fbda000 ---p 0000b000 fc:00 1310918                    /lib/x86_64-linux-gnu/libnss_nis-2.19.so
7f5e9fbda000-7f5e9fbdb000 r--p 0000a000 fc:00 1310918                    /lib/x86_64-linux-gnu/libnss_nis-2.19.so
7f5e9fbdb000-7f5e9fbdc000 rw-p 0000b000 fc:00 1310918                    /lib/x86_64-linux-gnu/libnss_nis-2.19.so
7f5e9fbdc000-7f5e9fbf3000 r-xp 00000000 fc:00 1310914                    /lib/x86_64-linux-gnu/libnsl-2.19.so
7f5e9fbf3000-7f5e9fdf2000 ---p 00017000 fc:00 1310914                    /lib/x86_64-linux-gnu/libnsl-2.19.so
7f5e9fdf2000-7f5e9fdf3000 r--p 00016000 fc:00 1310914                    /lib/x86_64-linux-gnu/libnsl-2.19.so
7f5e9fdf3000-7f5e9fdf4000 rw-p 00017000 fc:00 1310914                    /lib/x86_64-linux-gnu/libnsl-2.19.so
7f5e9fdf4000-7f5e9fdf6000 rw-p 00000000 00:00 0 
7f5e9fdf6000-7f5e9fdff000 r-xp 00000000 fc:00 1310913                    /lib/x86_64-linux-gnu/libnss_compat-2.19.so
7f5e9fdff000-7f5e9fffe000 ---p 00009000 fc:00 1310913                    /lib/x86_64-linux-gnu/libnss_compat-2.19.so
7f5e9fffe000-7f5e9ffff000 r--p 00008000 fc:00 1310913                    /lib/x86_64-linux-gnu/libnss_compat-2.19.so
7f5e9ffff000-7f5ea0000000 rw-p 00009000 fc:00 1310913                    /lib/x86_64-linux-gnu/libnss_compat-2.19.so
7f5ea0000000-7f5ea01f5000 rw-p 00000000 00:00 0 
7f5ea01f5000-7f5ea4000000 ---p 00000000 00:00 0 
7f5ea400e000-7f5ea4100000 rw-p 00000000 00:00 0 
7f5ea4100000-7f5ea4101000 ---p 00000000 00:00 0 
7f5ea4101000-7f5ea4201000 rw-p 00000000 00:00 0                          [stack:15686]
7f5ea4201000-7f5ea48e8000 r--p 00000000 fc:00 2236372                    /usr/lib/locale/locale-archive
7f5ea48e8000-7f5ea48ea000 r-xp 00000000 fc:00 2894804                    /usr/local/java/jdk1.8.0_77/jre/lib/amd64/libnpt.so
7f5ea48ea000-7f5ea4aea000 ---p 00002000 fc:00 2894804                    /usr/local/java/jdk1.8.0_77/jre/lib/amd64/libnpt.so
7f5ea4aea000-7f5ea4aeb000 rw-p 00002000 fc:00 2894804                    /usr/local/java/jdk1.8.0_77/jre/lib/amd64/libnpt.so
7f5ea4aeb000-7f5ea4b24000 r-xp 00000000 fc:00 2894816                    /usr/local/java/jdk1.8.0_77/jre/lib/amd64/libjdwp.so
7f5ea4b24000-7f5ea4d23000 ---p 00039000 fc:00 2894816                    /usr/local/java/jdk1.8.0_77/jre/lib/amd64/libjdwp.so
7f5ea4d23000-7f5ea4d25000 rw-p 00038000 fc:00 2894816                    /usr/local/java/jdk1.8.0_77/jre/lib/amd64/libjdwp.so
7f5ea4d25000-7f5ea4d4f000 r-xp 00000000 fc:00 2894822                    /usr/local/java/jdk1.8.0_77/jre/lib/amd64/libjava.so
7f5ea4d4f000-7f5ea4f4f000 ---p 0002a000 fc:00 2894822                    /usr/local/java/jdk1.8.0_77/jre/lib/amd64/libjava.so
7f5ea4f4f000-7f5ea4f51000 rw-p 0002a000 fc:00 2894822                    /usr/local/java/jdk1.8.0_77/jre/lib/amd64/libjava.so
7f5ea4f51000-7f5ea4f5e000 r-xp 00000000 fc:00 2894826                    /usr/local/java/jdk1.8.0_77/jre/lib/amd64/libverify.so
7f5ea4f5e000-7f5ea515e000 ---p 0000d000 fc:00 2894826                    /usr/local/java/jdk1.8.0_77/jre/lib/amd64/libverify.so
7f5ea515e000-7f5ea5160000 rw-p 0000d000 fc:00 2894826                    /usr/local/java/jdk1.8.0_77/jre/lib/amd64/libverify.so
7f5ea5160000-7f5ea5167000 r-xp 00000000 fc:00 1310922                    /lib/x86_64-linux-gnu/librt-2.19.so
7f5ea5167000-7f5ea5366000 ---p 00007000 fc:00 1310922                    /lib/x86_64-linux-gnu/librt-2.19.so
7f5ea5366000-7f5ea5367000 r--p 00006000 fc:00 1310922                    /lib/x86_64-linux-gnu/librt-2.19.so
7f5ea5367000-7f5ea5368000 rw-p 00007000 fc:00 1310922                    /lib/x86_64-linux-gnu/librt-2.19.so
7f5ea5368000-7f5ea546d000 r-xp 00000000 fc:00 1310908                    /lib/x86_64-linux-gnu/libm-2.19.so
7f5ea546d000-7f5ea566c000 ---p 00105000 fc:00 1310908                    /lib/x86_64-linux-gnu/libm-2.19.so
7f5ea566c000-7f5ea566d000 r--p 00104000 fc:00 1310908                    /lib/x86_64-linux-gnu/libm-2.19.so
7f5ea566d000-7f5ea566e000 rw-p 00105000 fc:00 1310908                    /lib/x86_64-linux-gnu/libm-2.19.so
7f5ea566e000-7f5ea632d000 r-xp 00000000 fc:00 3035122                    /usr/local/java/jdk1.8.0_77/jre/lib/amd64/server/libjvm.so
7f5ea632d000-7f5ea652c000 ---p 00cbf000 fc:00 3035122                    /usr/local/java/jdk1.8.0_77/jre/lib/amd64/server/libjvm.so
7f5ea652c000-7f5ea6605000 rw-p 00cbe000 fc:00 3035122                    /usr/local/java/jdk1.8.0_77/jre/lib/amd64/server/libjvm.so
7f5ea6605000-7f5ea664e000 rw-p 00000000 00:00 0 
7f5ea664e000-7f5ea6809000 r-xp 00000000 fc:00 1310923                    /lib/x86_64-linux-gnu/libc-2.19.so
7f5ea6809000-7f5ea6a08000 ---p 001bb000 fc:00 1310923                    /lib/x86_64-linux-gnu/libc-2.19.so
7f5ea6a08000-7f5ea6a0c000 r--p 001ba000 fc:00 1310923                    /lib/x86_64-linux-gnu/libc-2.19.so
7f5ea6a0c000-7f5ea6a0e000 rw-p 001be000 fc:00 1310923                    /lib/x86_64-linux-gnu/libc-2.19.so
7f5ea6a0e000-7f5ea6a13000 rw-p 00000000 00:00 0 
7f5ea6a13000-7f5ea6a16000 r-xp 00000000 fc:00 1310910                    /lib/x86_64-linux-gnu/libdl-2.19.so
7f5ea6a16000-7f5ea6c15000 ---p 00003000 fc:00 1310910                    /lib/x86_64-linux-gnu/libdl-2.19.so
7f5ea6c15000-7f5ea6c16000 r--p 00002000 fc:00 1310910                    /lib/x86_64-linux-gnu/libdl-2.19.so
7f5ea6c16000-7f5ea6c17000 rw-p 00003000 fc:00 1310910                    /lib/x86_64-linux-gnu/libdl-2.19.so
7f5ea6c17000-7f5ea6c2c000 r-xp 00000000 fc:00 2252261                    /usr/local/java/jdk1.8.0_77/lib/amd64/jli/libjli.so
7f5ea6c2c000-7f5ea6e2c000 ---p 00015000 fc:00 2252261                    /usr/local/java/jdk1.8.0_77/lib/amd64/jli/libjli.so
7f5ea6e2c000-7f5ea6e2d000 rw-p 00015000 fc:00 2252261                    /usr/local/java/jdk1.8.0_77/lib/amd64/jli/libjli.so
7f5ea6e2d000-7f5ea6e46000 r-xp 00000000 fc:00 1310915                    /lib/x86_64-linux-gnu/libpthread-2.19.so
7f5ea6e46000-7f5ea7045000 ---p 00019000 fc:00 1310915                    /lib/x86_64-linux-gnu/libpthread-2.19.so
7f5ea7045000-7f5ea7046000 r--p 00018000 fc:00 1310915                    /lib/x86_64-linux-gnu/libpthread-2.19.so
7f5ea7046000-7f5ea7047000 rw-p 00019000 fc:00 1310915                    /lib/x86_64-linux-gnu/libpthread-2.19.so
7f5ea7047000-7f5ea704b000 rw-p 00000000 00:00 0 
7f5ea704b000-7f5ea706e000 r-xp 00000000 fc:00 1310916                    /lib/x86_64-linux-gnu/ld-2.19.so
7f5ea7077000-7f5ea713c000 rw-p 00000000 00:00 0 
7f5ea713c000-7f5ea713f000 ---p 00000000 00:00 0 
7f5ea713f000-7f5ea7241000 rw-p 00000000 00:00 0                          [stack:15685]
7f5ea7248000-7f5ea7249000 rw-p 00000000 00:00 0 
7f5ea7249000-7f5ea724b000 r--s 00028000 fc:01 658187                     /home/claudia/.m2/repository/javax/vecmath/vecmath/1.5.2/vecmath-1.5.2.jar
7f5ea724b000-7f5ea7251000 r--s 00045000 fc:01 658189                     /home/claudia/.m2/repository/org/jdom/jdom2/2.0.6/jdom2-2.0.6.jar
7f5ea7251000-7f5ea7255000 r--s 00097000 fc:00 2766704                    /usr/local/java/jdk1.8.0_77/jre/lib/jsse.jar
7f5ea7255000-7f5ea7257000 r--s 00009000 fc:01 2492600                    /home/claudia/.m2/repository/fr/amap/commons/commons-util/1.0.0/commons-util-1.0.0.jar
7f5ea7257000-7f5ea7259000 r--s 000af000 fc:01 2492446                    /home/claudia/.m2/repository/fr/amap/lidar/format-riegl/1.0.0/format-riegl-1.0.0.jar
7f5ea7259000-7f5ea7261000 r--s 0006e000 fc:01 2492588                    /home/claudia/.m2/repository/org/apache/commons/commons-lang3/3.5/commons-lang3-3.5.jar
7f5ea7261000-7f5ea7269000 rw-s 00000000 fc:00 2097212                    /tmp/hsperfdata_claudia/15681
7f5ea7269000-7f5ea726a000 rw-p 00000000 00:00 0 
7f5ea726a000-7f5ea726b000 ---p 00000000 00:00 0 
7f5ea726b000-7f5ea726d000 rw-p 00000000 00:00 0 
7f5ea726d000-7f5ea726e000 r--p 00022000 fc:00 1310916                    /lib/x86_64-linux-gnu/ld-2.19.so
7f5ea726e000-7f5ea726f000 rw-p 00023000 fc:00 1310916                    /lib/x86_64-linux-gnu/ld-2.19.so
7f5ea726f000-7f5ea7270000 rw-p 00000000 00:00 0 
7ffeaebef000-7ffeaec10000 rw-p 00000000 00:00 0                          [stack]
7ffeaed51000-7ffeaed53000 r--p 00000000 00:00 0                          [vvar]
7ffeaed53000-7ffeaed55000 r-xp 00000000 00:00 0                          [vdso]
ffffffffff600000-ffffffffff601000 r-xp 00000000 00:00 0                  [vsyscall]

VM Arguments:
jvm_args: -Xdebug -Xrunjdwp:transport=dt_socket,server=n,address=50863 
java_command: fr.amap.lidar.amapvox.shot.filters.ShotFilter2D
java_class_path (initial): /media/claudia/Donnees/Linux/AMAPVoxNew/AMAPVox/trunk/AMAPVox/AMAPVoxCore/target/classes:/home/claudia/.m2/repository/org/apache/commons/commons-lang3/3.5/commons-lang3-3.5.jar:/home/claudia/.m2/repository/fr/amap/lidar/format-riegl/1.0.0/format-riegl-1.0.0.jar:/home/claudia/.m2/repository/fr/amap/commons/commons-util/1.0.0/commons-util-1.0.0.jar:/home/claudia/.m2/repository/org/jdom/jdom2/2.0.6/jdom2-2.0.6.jar:/home/claudia/.m2/repository/javax/vecmath/vecmath/1.5.2/vecmath-1.5.2.jar:/home/claudia/.m2/repository/fr/amap/lidar/format-las/1.0.0/format-las-1.0.0.jar:/home/claudia/.m2/repository/fr/amap/lidar/format-gridded/1.0.0/format-gridded-1.0.0.jar:/home/claudia/.m2/repository/org/apache/commons/commons-math3/3.6.1/commons-math3-3.6.1.jar:/home/claudia/.m2/repository/fr/amap/lidar/format-shot/1.0.0/format-shot-1.0.0.jar:/home/claudia/.m2/repository/fr/amap/commons/commons-structure/1.0.0/commons-structure-1.0.0.jar:/home/claudia/.m2/repository/fr/amap/commons/commons-math/1.0.0/commons-math-1.0.0.jar:/home/claudia/.m2/repository/fr/amap/commons/commons-raster/1.0.0/commons-raster-1.0.0.jar:/home/claudia/.m2/repository/log4j/log4j/1.2.17/log4j-1.2.17.jar:/home/claudia/.m2/repository/org/jfree/jfreechart/1.0.19/jfreechart-1.0.19.jar:/home/claudia/.m2/repository/org/jfree/jcommon/1.0.23/jcommon-1.0.23.jar:/home/claudia/.m2/repository/net/sf/saxon/Saxon-HE/9.6.0-6/Saxon-HE-9.6.0-6.jar
Launcher Type: SUN_STANDARD

Environment Variables:
JAVA_HOME=/usr/local/java/jdk1.8.0_77
PATH=/home/claudia/bin:/usr/local/sbin:/usr/local/bin:/usr/sbin:/usr/bin:/sbin:/bin:/usr/games:/usr/local/games
LD_LIBRARY_PATH=/usr/local/java/jdk1.8.0_77//jre/lib/amd64:/usr/local/java/jdk1.8.0_77//jre/lib/i386:
SHELL=/bin/bash
DISPLAY=:0

Signal Handlers:
SIGSEGV: [libjvm.so+0xabb070], sa_mask[0]=11111111011111111101111111111110, sa_flags=SA_RESTART|SA_SIGINFO
SIGBUS: [libjvm.so+0xabb070], sa_mask[0]=11111111011111111101111111111110, sa_flags=SA_RESTART|SA_SIGINFO
SIGFPE: [libjvm.so+0x918480], sa_mask[0]=11111111011111111101111111111110, sa_flags=SA_RESTART|SA_SIGINFO
SIGPIPE: [libjvm.so+0x918480], sa_mask[0]=11111111011111111101111111111110, sa_flags=SA_RESTART|SA_SIGINFO
SIGXFSZ: [libjvm.so+0x918480], sa_mask[0]=11111111011111111101111111111110, sa_flags=SA_RESTART|SA_SIGINFO
SIGILL: [libjvm.so+0x918480], sa_mask[0]=11111111011111111101111111111110, sa_flags=SA_RESTART|SA_SIGINFO
SIGUSR1: SIG_DFL, sa_mask[0]=00000000000000000000000000000000, sa_flags=none
SIGUSR2: [libjvm.so+0x919ab0], sa_mask[0]=00100000000000000000000000000000, sa_flags=SA_RESTART|SA_SIGINFO
SIGHUP: [libjvm.so+0x91aeb0], sa_mask[0]=11111111011111111101111111111110, sa_flags=SA_RESTART|SA_SIGINFO
SIGINT: SIG_IGN, sa_mask[0]=00000000000000000000000000000000, sa_flags=none
SIGTERM: [libjvm.so+0x91aeb0], sa_mask[0]=11111111011111111101111111111110, sa_flags=SA_RESTART|SA_SIGINFO
SIGQUIT: [libjvm.so+0x91aeb0], sa_mask[0]=11111111011111111101111111111110, sa_flags=SA_RESTART|SA_SIGINFO


---------------  S Y S T E M  ---------------

OS:DISTRIB_ID=Ubuntu
DISTRIB_RELEASE=14.04
DISTRIB_CODENAME=trusty
DISTRIB_DESCRIPTION="Ubuntu 14.04.3 LTS"

uname:Linux 3.19.0-25-generic #26~14.04.1-Ubuntu SMP Fri Jul 24 21:16:20 UTC 2015 x86_64
libc:glibc 2.19 NPTL 2.19 
rlimit: STACK 8192k, CORE 0k, NPROC 128279, NOFILE 4096, AS infinity
load average:0,50 0,28 0,20

/proc/meminfo:
MemTotal:       32861612 kB
MemFree:         2179960 kB
MemAvailable:   28222220 kB
Buffers:         9049704 kB
Cached:         16880856 kB
SwapCached:            0 kB
Active:         14906828 kB
Inactive:       14989092 kB
Active(anon):    3237936 kB
Inactive(anon):   844144 kB
Active(file):   11668892 kB
Inactive(file): 14144948 kB
Unevictable:          48 kB
Mlocked:              48 kB
SwapTotal:      16449532 kB
SwapFree:       16449532 kB
Dirty:             28028 kB
Writeback:             0 kB
AnonPages:       3981948 kB
Mapped:           576848 kB
Shmem:            116576 kB
Slab:             532028 kB
SReclaimable:     481836 kB
SUnreclaim:        50192 kB
KernelStack:       12128 kB
PageTables:        40796 kB
NFS_Unstable:          0 kB
Bounce:                0 kB
WritebackTmp:          0 kB
CommitLimit:    32880336 kB
Committed_AS:    9932536 kB
VmallocTotal:   34359738367 kB
VmallocUsed:      362544 kB
VmallocChunk:   34359371772 kB
HardwareCorrupted:     0 kB
AnonHugePages:   2451456 kB
CmaTotal:              0 kB
CmaFree:               0 kB
HugePages_Total:       0
HugePages_Free:        0
HugePages_Rsvd:        0
HugePages_Surp:        0
Hugepagesize:       2048 kB
DirectMap4k:     6012416 kB
DirectMap2M:    27455488 kB
DirectMap1G:     1048576 kB


CPU:total 8 (4 cores per cpu, 2 threads per core) family 6 model 60 stepping 3, cmov, cx8, fxsr, mmx, sse, sse2, sse3, ssse3, sse4.1, sse4.2, popcnt, avx, avx2, aes, clmul, erms, lzcnt, ht, tsc, tscinvbit, bmi1, bmi2

/proc/cpuinfo:
processor	: 0
vendor_id	: GenuineIntel
cpu family	: 6
model		: 60
model name	: Intel(R) Core(TM) i7-4810MQ CPU @ 2.80GHz
stepping	: 3
microcode	: 0x1c
cpu MHz		: 3599.968
cache size	: 6144 KB
physical id	: 0
siblings	: 8
core id		: 0
cpu cores	: 4
apicid		: 0
initial apicid	: 0
fpu		: yes
fpu_exception	: yes
cpuid level	: 13
wp		: yes
flags		: fpu vme de pse tsc msr pae mce cx8 apic sep mtrr pge mca cmov pat pse36 clflush dts acpi mmx fxsr sse sse2 ss ht tm pbe syscall nx pdpe1gb rdtscp lm constant_tsc arch_perfmon pebs bts rep_good nopl xtopology nonstop_tsc aperfmperf eagerfpu pni pclmulqdq dtes64 monitor ds_cpl vmx smx est tm2 ssse3 fma cx16 xtpr pdcm pcid sse4_1 sse4_2 x2apic movbe popcnt tsc_deadline_timer aes xsave avx f16c rdrand lahf_lm abm ida arat epb pln pts dtherm tpr_shadow vnmi flexpriority ept vpid fsgsbase tsc_adjust bmi1 avx2 smep bmi2 erms invpcid xsaveopt
bugs		:
bogomips	: 5586.76
clflush size	: 64
cache_alignment	: 64
address sizes	: 39 bits physical, 48 bits virtual
power management:

processor	: 1
vendor_id	: GenuineIntel
cpu family	: 6
model		: 60
model name	: Intel(R) Core(TM) i7-4810MQ CPU @ 2.80GHz
stepping	: 3
microcode	: 0x1c
cpu MHz		: 3600.078
cache size	: 6144 KB
physical id	: 0
siblings	: 8
core id		: 0
cpu cores	: 4
apicid		: 1
initial apicid	: 1
fpu		: yes
fpu_exception	: yes
cpuid level	: 13
wp		: yes
flags		: fpu vme de pse tsc msr pae mce cx8 apic sep mtrr pge mca cmov pat pse36 clflush dts acpi mmx fxsr sse sse2 ss ht tm pbe syscall nx pdpe1gb rdtscp lm constant_tsc arch_perfmon pebs bts rep_good nopl xtopology nonstop_tsc aperfmperf eagerfpu pni pclmulqdq dtes64 monitor ds_cpl vmx smx est tm2 ssse3 fma cx16 xtpr pdcm pcid sse4_1 sse4_2 x2apic movbe popcnt tsc_deadline_timer aes xsave avx f16c rdrand lahf_lm abm ida arat epb pln pts dtherm tpr_shadow vnmi flexpriority ept vpid fsgsbase tsc_adjust bmi1 avx2 smep bmi2 erms invpcid xsaveopt
bugs		:
bogomips	: 5586.76
clflush size	: 64
cache_alignment	: 64
address sizes	: 39 bits physical, 48 bits virtual
power management:

processor	: 2
vendor_id	: GenuineIntel
cpu family	: 6
model		: 60
model name	: Intel(R) Core(TM) i7-4810MQ CPU @ 2.80GHz
stepping	: 3
microcode	: 0x1c
cpu MHz		: 3646.453
cache size	: 6144 KB
physical id	: 0
siblings	: 8
core id		: 1
cpu cores	: 4
apicid		: 2
initial apicid	: 2
fpu		: yes
fpu_exception	: yes
cpuid level	: 13
wp		: yes
flags		: fpu vme de pse tsc msr pae mce cx8 apic sep mtrr pge mca cmov pat pse36 clflush dts acpi mmx fxsr sse sse2 ss ht tm pbe syscall nx pdpe1gb rdtscp lm constant_tsc arch_perfmon pebs bts rep_good nopl xtopology nonstop_tsc aperfmperf eagerfpu pni pclmulqdq dtes64 monitor ds_cpl vmx smx est tm2 ssse3 fma cx16 xtpr pdcm pcid sse4_1 sse4_2 x2apic movbe popcnt tsc_deadline_timer aes xsave avx f16c rdrand lahf_lm abm ida arat epb pln pts dtherm tpr_shadow vnmi flexpriority ept vpid fsgsbase tsc_adjust bmi1 avx2 smep bmi2 erms invpcid xsaveopt
bugs		:
bogomips	: 5586.76
clflush size	: 64
cache_alignment	: 64
address sizes	: 39 bits physical, 48 bits virtual
power management:

processor	: 3
vendor_id	: GenuineIntel
cpu family	: 6
model		: 60
model name	: Intel(R) Core(TM) i7-4810MQ CPU @ 2.80GHz
stepping	: 3
microcode	: 0x1c
cpu MHz		: 3609.046
cache size	: 6144 KB
physical id	: 0
siblings	: 8
core id		: 1
cpu cores	: 4
apicid		: 3
initial apicid	: 3
fpu		: yes
fpu_exception	: yes
cpuid level	: 13
wp		: yes
flags		: fpu vme de pse tsc msr pae mce cx8 apic sep mtrr pge mca cmov pat pse36 clflush dts acpi mmx fxsr sse sse2 ss ht tm pbe syscall nx pdpe1gb rdtscp lm constant_tsc arch_perfmon pebs bts rep_good nopl xtopology nonstop_tsc aperfmperf eagerfpu pni pclmulqdq dtes64 monitor ds_cpl vmx smx est tm2 ssse3 fma cx16 xtpr pdcm pcid sse4_1 sse4_2 x2apic movbe popcnt tsc_deadline_timer aes xsave avx f16c rdrand lahf_lm abm ida arat epb pln pts dtherm tpr_shadow vnmi flexpriority ept vpid fsgsbase tsc_adjust bmi1 avx2 smep bmi2 erms invpcid xsaveopt
bugs		:
bogomips	: 5586.76
clflush size	: 64
cache_alignment	: 64
address sizes	: 39 bits physical, 48 bits virtual
power management:

processor	: 4
vendor_id	: GenuineIntel
cpu family	: 6
model		: 60
model name	: Intel(R) Core(TM) i7-4810MQ CPU @ 2.80GHz
stepping	: 3
microcode	: 0x1c
cpu MHz		: 3622.609
cache size	: 6144 KB
physical id	: 0
siblings	: 8
core id		: 2
cpu cores	: 4
apicid		: 4
initial apicid	: 4
fpu		: yes
fpu_exception	: yes
cpuid level	: 13
wp		: yes
flags		: fpu vme de pse tsc msr pae mce cx8 apic sep mtrr pge mca cmov pat pse36 clflush dts acpi mmx fxsr sse sse2 ss ht tm pbe syscall nx pdpe1gb rdtscp lm constant_tsc arch_perfmon pebs bts rep_good nopl xtopology nonstop_tsc aperfmperf eagerfpu pni pclmulqdq dtes64 monitor ds_cpl vmx smx est tm2 ssse3 fma cx16 xtpr pdcm pcid sse4_1 sse4_2 x2apic movbe popcnt tsc_deadline_timer aes xsave avx f16c rdrand lahf_lm abm ida arat epb pln pts dtherm tpr_shadow vnmi flexpriority ept vpid fsgsbase tsc_adjust bmi1 avx2 smep bmi2 erms invpcid xsaveopt
bugs		:
bogomips	: 5586.76
clflush size	: 64
cache_alignment	: 64
address sizes	: 39 bits physical, 48 bits virtual
power management:

processor	: 5
vendor_id	: GenuineIntel
cpu family	: 6
model		: 60
model name	: Intel(R) Core(TM) i7-4810MQ CPU @ 2.80GHz
stepping	: 3
microcode	: 0x1c
cpu MHz		: 3629.062
cache size	: 6144 KB
physical id	: 0
siblings	: 8
core id		: 2
cpu cores	: 4
apicid		: 5
initial apicid	: 5
fpu		: yes
fpu_exception	: yes
cpuid level	: 13
wp		: yes
flags		: fpu vme de pse tsc msr pae mce cx8 apic sep mtrr pge mca cmov pat pse36 clflush dts acpi mmx fxsr sse sse2 ss ht tm pbe syscall nx pdpe1gb rdtscp lm constant_tsc arch_perfmon pebs bts rep_good nopl xtopology nonstop_tsc aperfmperf eagerfpu pni pclmulqdq dtes64 monitor ds_cpl vmx smx est tm2 ssse3 fma cx16 xtpr pdcm pcid sse4_1 sse4_2 x2apic movbe popcnt tsc_deadline_timer aes xsave avx f16c rdrand lahf_lm abm ida arat epb pln pts dtherm tpr_shadow vnmi flexpriority ept vpid fsgsbase tsc_adjust bmi1 avx2 smep bmi2 erms invpcid xsaveopt
bugs		:
bogomips	: 5586.76
clflush size	: 64
cache_alignment	: 64
address sizes	: 39 bits physical, 48 bits virtual
power management:

processor	: 6
vendor_id	: GenuineIntel
cpu family	: 6
model		: 60
model name	: Intel(R) Core(TM) i7-4810MQ CPU @ 2.80GHz
stepping	: 3
microcode	: 0x1c
cpu MHz		: 3600.078
cache size	: 6144 KB
physical id	: 0
siblings	: 8
core id		: 3
cpu cores	: 4
apicid		: 6
initial apicid	: 6
fpu		: yes
fpu_exception	: yes
cpuid level	: 13
wp		: yes
flags		: fpu vme de pse tsc msr pae mce cx8 apic sep mtrr pge mca cmov pat pse36 clflush dts acpi mmx fxsr sse sse2 ss ht tm pbe syscall nx pdpe1gb rdtscp lm constant_tsc arch_perfmon pebs bts rep_good nopl xtopology nonstop_tsc aperfmperf eagerfpu pni pclmulqdq dtes64 monitor ds_cpl vmx smx est tm2 ssse3 fma cx16 xtpr pdcm pcid sse4_1 sse4_2 x2apic movbe popcnt tsc_deadline_timer aes xsave avx f16c rdrand lahf_lm abm ida arat epb pln pts dtherm tpr_shadow vnmi flexpriority ept vpid fsgsbase tsc_adjust bmi1 avx2 smep bmi2 erms invpcid xsaveopt
bugs		:
bogomips	: 5586.76
clflush size	: 64
cache_alignment	: 64
address sizes	: 39 bits physical, 48 bits virtual
power management:

processor	: 7
vendor_id	: GenuineIntel
cpu family	: 6
model		: 60
model name	: Intel(R) Core(TM) i7-4810MQ CPU @ 2.80GHz
stepping	: 3
microcode	: 0x1c
cpu MHz		: 3599.968
cache size	: 6144 KB
physical id	: 0
siblings	: 8
core id		: 3
cpu cores	: 4
apicid		: 7
initial apicid	: 7
fpu		: yes
fpu_exception	: yes
cpuid level	: 13
wp		: yes
flags		: fpu vme de pse tsc msr pae mce cx8 apic sep mtrr pge mca cmov pat pse36 clflush dts acpi mmx fxsr sse sse2 ss ht tm pbe syscall nx pdpe1gb rdtscp lm constant_tsc arch_perfmon pebs bts rep_good nopl xtopology nonstop_tsc aperfmperf eagerfpu pni pclmulqdq dtes64 monitor ds_cpl vmx smx est tm2 ssse3 fma cx16 xtpr pdcm pcid sse4_1 sse4_2 x2apic movbe popcnt tsc_deadline_timer aes xsave avx f16c rdrand lahf_lm abm ida arat epb pln pts dtherm tpr_shadow vnmi flexpriority ept vpid fsgsbase tsc_adjust bmi1 avx2 smep bmi2 erms invpcid xsaveopt
bugs		:
bogomips	: 5586.76
clflush size	: 64
cache_alignment	: 64
address sizes	: 39 bits physical, 48 bits virtual
power management:



Memory: 4k page, physical 32861612k(2179960k free), swap 16449532k(16449532k free)

vm_info: Java HotSpot(TM) 64-Bit Server VM (25.77-b03) for linux-amd64 JRE (1.8.0_77-b03), built on Mar 20 2016 22:00:46 by "java_re" with gcc 4.3.0 20080428 (Red Hat 4.3.0-8)

time: Thu Feb  2 17:19:09 2017
elapsed time: 1 seconds (0d 0h 0m 1s)

